
🔔小鸽有礼-每日抽奖, 开始!

====================共4个京东账号Cookie=========

==================脚本执行- 北京时间(UTC+8)：6/26/2021, 4:24:05 PM=====================


*****开始【京东账号1】Ymh__Sirius*****

初始化
开始执行任务
每日签到，任务执行成功
每日分享好友，任务执行成功
浏览会场，任务执行成功
浏览会场，任务执行成功
开始领任务奖励
每日签到，领取任务奖励成功
每日分享好友，领取任务奖励成功
开始执行任务
每日分享好友，任务执行成功
浏览会场，任务执行成功
浏览会场，任务执行成功
开始领任务奖励
每日分享好友，领取任务奖励成功
浏览会场，领取任务奖励成功
浏览会场，领取任务奖励成功
开始执行任务
浏览会场，任务执行成功
浏览会场，任务执行成功
开始领任务奖励
开始执行任务
浏览会场，任务执行成功
浏览会场，任务执行成功
开始领任务奖励
浏览会场，领取任务奖励成功
浏览会场，领取任务奖励成功
开始执行任务
浏览会场，任务执行成功
浏览会场，任务执行成功
开始领任务奖励
开始执行任务
浏览会场，任务执行成功
浏览会场，任务执行成功
开始领任务奖励
浏览会场，领取任务奖励成功
浏览会场，领取任务奖励成功
开始执行任务
浏览会场，任务执行成功
浏览会场，任务执行成功
开始领任务奖励
开始执行任务
浏览会场，任务执行成功
浏览会场，任务执行成功
开始领任务奖励
浏览会场，领取任务奖励成功
浏览会场，领取任务奖励成功
开始执行任务
浏览会场，任务执行成功
浏览会场，任务执行成功
开始领任务奖励
开始执行任务
浏览会场，任务执行成功
浏览会场，任务执行成功
开始领任务奖励
浏览会场，领取任务奖励成功
浏览会场，领取任务奖励成功
开始执行任务
浏览会场，任务执行成功
浏览会场，任务执行成功
开始领任务奖励
开始执行任务
浏览会场，任务执行成功
浏览会场，任务执行成功
开始领任务奖励
浏览会场，领取任务奖励成功
浏览会场，领取任务奖励成功
开始执行任务
浏览会场，任务执行成功
开始领任务奖励
开始执行任务
浏览会场，任务执行成功
开始领任务奖励
浏览会场，领取任务奖励成功
开始执行任务
浏览会场，任务执行成功
开始领任务奖励
开始执行任务
浏览会场，任务执行成功
开始领任务奖励
开始执行任务
浏览会场，任务执行成功
开始领任务奖励
浏览会场，领取任务奖励成功
开始执行任务
开始领任务奖励
共有18次抽奖机会
小鸽有礼-每日抽奖第1次抽奖，获得：手机维修券
小鸽有礼-每日抽奖第2次抽奖，获得：京东快运券
小鸽有礼-每日抽奖第3次抽奖，获得：未中奖
小鸽有礼-每日抽奖第4次抽奖，获得：未中奖
小鸽有礼-每日抽奖第5次抽奖，获得：未中奖
小鸽有礼-每日抽奖第6次抽奖，获得：5个京豆
小鸽有礼-每日抽奖第7次抽奖，获得：未中奖
小鸽有礼-每日抽奖第8次抽奖，获得：未中奖
小鸽有礼-每日抽奖第9次抽奖，获得：未中奖
小鸽有礼-每日抽奖第10次抽奖，获得：未中奖
小鸽有礼-每日抽奖第11次抽奖，获得：未中奖
小鸽有礼-每日抽奖第12次抽奖，获得：未中奖
小鸽有礼-每日抽奖第13次抽奖，获得：未中奖
小鸽有礼-每日抽奖第14次抽奖，获得：未中奖
小鸽有礼-每日抽奖第15次抽奖，获得：未中奖
小鸽有礼-每日抽奖第16次抽奖，获得：未中奖
小鸽有礼-每日抽奖第17次抽奖，获得：未中奖
小鸽有礼-每日抽奖第18次抽奖，获得：未中奖

*****开始【京东账号2】Ycp_Dream*****

初始化
开始执行任务
每日签到，任务执行成功
每日分享好友，任务执行成功
浏览会场，任务执行成功
浏览会场，任务执行成功
开始领任务奖励
每日签到，领取任务奖励成功
每日分享好友，领取任务奖励成功
开始执行任务
每日分享好友，任务执行成功
浏览会场，任务执行成功
浏览会场，任务执行成功
开始领任务奖励
每日分享好友，领取任务奖励成功
浏览会场，领取任务奖励成功
浏览会场，领取任务奖励成功
开始执行任务
浏览会场，任务执行成功
浏览会场，任务执行成功
开始领任务奖励
开始执行任务
浏览会场，任务执行成功
浏览会场，任务执行成功
开始领任务奖励
浏览会场，领取任务奖励成功
浏览会场，领取任务奖励成功
开始执行任务
浏览会场，任务执行成功
浏览会场，任务执行成功
开始领任务奖励
开始执行任务
浏览会场，任务执行成功
浏览会场，任务执行成功
开始领任务奖励
浏览会场，领取任务奖励成功
浏览会场，领取任务奖励成功
开始执行任务
浏览会场，任务执行成功
浏览会场，任务执行成功
开始领任务奖励
开始执行任务
浏览会场，任务执行成功
浏览会场，任务执行成功
开始领任务奖励
浏览会场，领取任务奖励成功
浏览会场，领取任务奖励成功
开始执行任务
浏览会场，任务执行成功
浏览会场，任务执行成功
开始领任务奖励
开始执行任务
浏览会场，任务执行成功
浏览会场，任务执行成功
开始领任务奖励
浏览会场，领取任务奖励成功
浏览会场，领取任务奖励成功
开始执行任务
浏览会场，任务执行成功
浏览会场，任务执行成功
开始领任务奖励
开始执行任务
浏览会场，任务执行成功
浏览会场，任务执行成功
开始领任务奖励
浏览会场，领取任务奖励成功
浏览会场，领取任务奖励成功
开始执行任务
浏览会场，任务执行成功
开始领任务奖励
开始执行任务
浏览会场，任务执行成功
开始领任务奖励
浏览会场，领取任务奖励成功
开始执行任务
浏览会场，任务执行成功
开始领任务奖励
开始执行任务
浏览会场，任务执行成功
开始领任务奖励
开始执行任务
浏览会场，任务执行成功
开始领任务奖励
浏览会场，领取任务奖励成功
开始执行任务
开始领任务奖励
共有18次抽奖机会
小鸽有礼-每日抽奖第1次抽奖，获得：未中奖
小鸽有礼-每日抽奖第2次抽奖，获得：京东快运券
小鸽有礼-每日抽奖第3次抽奖，获得：未中奖
小鸽有礼-每日抽奖第4次抽奖，获得：京东快运券
小鸽有礼-每日抽奖第5次抽奖，获得：未中奖
小鸽有礼-每日抽奖第6次抽奖，获得：未中奖
小鸽有礼-每日抽奖第7次抽奖，获得：未中奖
小鸽有礼-每日抽奖第8次抽奖，获得：未中奖
小鸽有礼-每日抽奖第9次抽奖，获得：未中奖
小鸽有礼-每日抽奖第10次抽奖，获得：未中奖
小鸽有礼-每日抽奖第11次抽奖，获得：未中奖
小鸽有礼-每日抽奖第12次抽奖，获得：未中奖
小鸽有礼-每日抽奖第13次抽奖，获得：未中奖
小鸽有礼-每日抽奖第14次抽奖，获得：未中奖
小鸽有礼-每日抽奖第15次抽奖，获得：未中奖
小鸽有礼-每日抽奖第16次抽奖，获得：未中奖
小鸽有礼-每日抽奖第17次抽奖，获得：未中奖
小鸽有礼-每日抽奖第18次抽奖，获得：未中奖

*****开始【京东账号3】jd_585601a83bd48*****

初始化
开始执行任务
每日签到，任务执行成功
每日分享好友，任务执行成功
浏览会场，任务执行成功
浏览会场，任务执行成功
开始领任务奖励
每日签到，领取任务奖励成功
每日分享好友，领取任务奖励成功
开始执行任务
每日分享好友，任务执行成功
浏览会场，任务执行成功
浏览会场，任务执行成功
开始领任务奖励
每日分享好友，领取任务奖励成功
浏览会场，领取任务奖励成功
浏览会场，领取任务奖励成功
开始执行任务
浏览会场，任务执行成功
浏览会场，任务执行成功
开始领任务奖励
开始执行任务
浏览会场，任务执行成功
浏览会场，任务执行成功
开始领任务奖励
浏览会场，领取任务奖励成功
浏览会场，领取任务奖励成功
开始执行任务
浏览会场，任务执行成功
浏览会场，任务执行成功
开始领任务奖励
开始执行任务
浏览会场，任务执行成功
浏览会场，任务执行成功
开始领任务奖励
浏览会场，领取任务奖励成功
浏览会场，领取任务奖励成功
开始执行任务
浏览会场，任务执行成功
浏览会场，任务执行成功
开始领任务奖励
开始执行任务
浏览会场，任务执行成功
浏览会场，任务执行成功
开始领任务奖励
浏览会场，领取任务奖励成功
浏览会场，领取任务奖励成功
开始执行任务
浏览会场，任务执行成功
浏览会场，任务执行成功
开始领任务奖励
开始执行任务
浏览会场，任务执行成功
浏览会场，任务执行成功
开始领任务奖励
浏览会场，领取任务奖励成功
浏览会场，领取任务奖励成功
开始执行任务
浏览会场，任务执行成功
浏览会场，任务执行成功
开始领任务奖励
开始执行任务
浏览会场，任务执行成功
浏览会场，任务执行成功
开始领任务奖励
浏览会场，领取任务奖励成功
浏览会场，领取任务奖励成功
开始执行任务
浏览会场，任务执行成功
开始领任务奖励
开始执行任务
浏览会场，任务执行成功
开始领任务奖励
浏览会场，领取任务奖励成功
开始执行任务
浏览会场，任务执行成功
开始领任务奖励
开始执行任务
浏览会场，任务执行成功
开始领任务奖励
开始执行任务
浏览会场，任务执行成功
开始领任务奖励
浏览会场，领取任务奖励成功
开始执行任务
开始领任务奖励
共有18次抽奖机会
小鸽有礼-每日抽奖第1次抽奖，获得：未中奖
小鸽有礼-每日抽奖第2次抽奖，获得：手机维修券
小鸽有礼-每日抽奖第3次抽奖，获得：未中奖
小鸽有礼-每日抽奖第4次抽奖，获得：未中奖
小鸽有礼-每日抽奖第5次抽奖，获得：未中奖
小鸽有礼-每日抽奖第6次抽奖，获得：未中奖
小鸽有礼-每日抽奖第7次抽奖，获得：未中奖
小鸽有礼-每日抽奖第8次抽奖，获得：5个京豆
小鸽有礼-每日抽奖第9次抽奖，获得：手机维修券
小鸽有礼-每日抽奖第10次抽奖，获得：未中奖
小鸽有礼-每日抽奖第11次抽奖，获得：未中奖
小鸽有礼-每日抽奖第12次抽奖，获得：未中奖
小鸽有礼-每日抽奖第13次抽奖，获得：未中奖
小鸽有礼-每日抽奖第14次抽奖，获得：未中奖
小鸽有礼-每日抽奖第15次抽奖，获得：未中奖
小鸽有礼-每日抽奖第16次抽奖，获得：未中奖
小鸽有礼-每日抽奖第17次抽奖，获得：未中奖
小鸽有礼-每日抽奖第18次抽奖，获得：未中奖

*****开始【京东账号4】jd_157332ewky*****

初始化
开始执行任务
每日签到，任务执行成功
每日分享好友，任务执行成功
浏览会场，任务执行成功
浏览会场，任务执行成功
开始领任务奖励
每日签到，领取任务奖励成功
每日分享好友，领取任务奖励成功
开始执行任务
每日分享好友，任务执行成功
浏览会场，任务执行成功
浏览会场，任务执行成功
开始领任务奖励
每日分享好友，领取任务奖励成功
浏览会场，领取任务奖励成功
浏览会场，领取任务奖励成功
开始执行任务
浏览会场，任务执行成功
浏览会场，任务执行成功
开始领任务奖励
开始执行任务
浏览会场，任务执行成功
浏览会场，任务执行成功
开始领任务奖励
浏览会场，领取任务奖励成功
浏览会场，领取任务奖励成功
开始执行任务
浏览会场，任务执行成功
浏览会场，任务执行成功
开始领任务奖励
开始执行任务
浏览会场，任务执行成功
浏览会场，任务执行成功
开始领任务奖励
浏览会场，领取任务奖励成功
浏览会场，领取任务奖励成功
开始执行任务
浏览会场，任务执行成功
浏览会场，任务执行成功
开始领任务奖励
开始执行任务
浏览会场，任务执行成功
浏览会场，任务执行成功
开始领任务奖励
浏览会场，领取任务奖励成功
浏览会场，领取任务奖励成功
开始执行任务
浏览会场，任务执行成功
浏览会场，任务执行成功
开始领任务奖励
开始执行任务
浏览会场，任务执行成功
浏览会场，任务执行成功
开始领任务奖励
浏览会场，领取任务奖励成功
浏览会场，领取任务奖励成功
开始执行任务
浏览会场，任务执行成功
浏览会场，任务执行成功
开始领任务奖励
开始执行任务
浏览会场，任务执行成功
浏览会场，任务执行成功
开始领任务奖励
浏览会场，领取任务奖励成功
浏览会场，领取任务奖励成功
开始执行任务
浏览会场，任务执行成功
开始领任务奖励
开始执行任务
浏览会场，任务执行成功
开始领任务奖励
浏览会场，领取任务奖励成功
开始执行任务
浏览会场，任务执行成功
开始领任务奖励
开始执行任务
浏览会场，任务执行成功
开始领任务奖励
开始执行任务
浏览会场，任务执行成功
开始领任务奖励
浏览会场，领取任务奖励成功
开始执行任务
开始领任务奖励
共有18次抽奖机会
小鸽有礼-每日抽奖第1次抽奖，获得：未中奖
小鸽有礼-每日抽奖第2次抽奖，获得：手机维修券
小鸽有礼-每日抽奖第3次抽奖，获得：京东快运券
小鸽有礼-每日抽奖第4次抽奖，获得：未中奖
小鸽有礼-每日抽奖第5次抽奖，获得：未中奖
小鸽有礼-每日抽奖第6次抽奖，获得：未中奖
小鸽有礼-每日抽奖第7次抽奖，获得：手机维修券
小鸽有礼-每日抽奖第8次抽奖，获得：京东快运券
小鸽有礼-每日抽奖第9次抽奖，获得：5个京豆
小鸽有礼-每日抽奖第10次抽奖，获得：未中奖
小鸽有礼-每日抽奖第11次抽奖，获得：未中奖
小鸽有礼-每日抽奖第12次抽奖，获得：未中奖
小鸽有礼-每日抽奖第13次抽奖，获得：未中奖
小鸽有礼-每日抽奖第14次抽奖，获得：未中奖
小鸽有礼-每日抽奖第15次抽奖，获得：未中奖
小鸽有礼-每日抽奖第16次抽奖，获得：未中奖
小鸽有礼-每日抽奖第17次抽奖，获得：未中奖
小鸽有礼-每日抽奖第18次抽奖，获得：未中奖

🔔小鸽有礼-每日抽奖, 结束! 🕛 897.694 秒

