
🔔京东汽车, 开始!

====================共2个京东账号Cookie=========

==================脚本执行- 北京时间(UTC+8)：7/12/2021, 12:14:41 AM=====================


******开始【京东账号1】15631692383_p*********

兑换结果：{"status":true,"data":{"result":1,"reason":null}}
您今天已签到，请明天再来
当前赛点：2613/500，可以兑换京豆，请打开APP兑换

==============📣系统通知📣==============
京东汽车
【京东账号1】15631692383_p
签到失败，您今天已签到，请明天再来
当前赛点：2613/500，可以兑换京豆，请打开APP兑换


******开始【京东账号2】Ycp_Dream*********

兑换结果：{"status":true,"data":{"result":1,"reason":null}}
您今天已签到，请明天再来
当前赛点：610/500，可以兑换京豆，请打开APP兑换

==============📣系统通知📣==============
京东汽车
【京东账号2】Ycp_Dream
签到失败，您今天已签到，请明天再来
当前赛点：610/500，可以兑换京豆，请打开APP兑换


🔔京东汽车, 结束! 🕛 5.507 秒

