
🔔京东汽车, 开始!

====================共5个京东账号Cookie=========

==================脚本执行- 北京时间(UTC+8)：7/1/2021, 8:56:33 PM=====================


******开始【京东账号1】15631692383_p*********

兑换结果：{"status":true,"data":{"result":1,"reason":null}}
您今天已签到，请明天再来
当前赛点：2438/500，可以兑换京豆，请打开APP兑换

==============📣系统通知📣==============
京东汽车
【京东账号1】15631692383_p
签到失败，您今天已签到，请明天再来
当前赛点：2438/500，可以兑换京豆，请打开APP兑换


******开始【京东账号2】Ycp_Dream*********

兑换结果：{"status":true,"data":{"result":3,"reason":"可兑换京豆不足500"}}
签到成功，获得5，已签到2天
去做任务：参加京东汽车赛事
任务领取成功
任务完成成功
当前赛点：515/500，可以兑换京豆，请打开APP兑换

==============📣系统通知📣==============
京东汽车
【京东账号2】Ycp_Dream
签到成功，获得5，已签到2天
当前赛点：515/500，可以兑换京豆，请打开APP兑换


******开始【京东账号3】jd_585601a83bd48*********

兑换结果：{"status":true,"data":{"result":1,"reason":null}}
签到成功，获得5，已签到2天
去做任务：参加京东汽车赛事
任务领取成功
任务完成成功
当前赛点：582/500，可以兑换京豆，请打开APP兑换

==============📣系统通知📣==============
京东汽车
【京东账号3】jd_585601a83bd48
签到成功，获得5，已签到2天
当前赛点：582/500，可以兑换京豆，请打开APP兑换


******开始【京东账号4】jd_157332ewky*********

兑换结果：{"status":true,"data":{"result":1,"reason":null}}
签到成功，获得5，已签到2天
去做任务：参加京东汽车赛事
任务领取成功
任务完成成功
当前赛点：1280/500，可以兑换京豆，请打开APP兑换

==============📣系统通知📣==============
京东汽车
【京东账号4】jd_157332ewky
签到成功，获得5，已签到2天
当前赛点：1280/500，可以兑换京豆，请打开APP兑换


******开始【京东账号5】jd_157332zdf*********

兑换结果：{"status":true,"data":{"result":3,"reason":"可兑换京豆不足500"}}
签到成功，获得5，已签到1天
去做任务：参加京东汽车赛事
任务领取成功
任务完成成功
当前赛点：286/500无法兑换京豆

==============📣系统通知📣==============
京东汽车
【京东账号5】jd_157332zdf
签到成功，获得5，已签到1天
当前赛点：286/500，无法兑换京豆


🔔京东汽车, 结束! 🕛 19.86 秒

