
🔔京东汽车, 开始!

====================共4个京东账号Cookie=========

==================脚本执行- 北京时间(UTC+8)：7/9/2021, 8:28:48 PM=====================


******开始【京东账号1】15631692383_p*********

兑换结果：{"status":true,"data":{"result":1,"reason":null}}
您今天已签到，请明天再来
当前赛点：2573/500，可以兑换京豆，请打开APP兑换

==============📣系统通知📣==============
京东汽车
【京东账号1】15631692383_p
签到失败，您今天已签到，请明天再来
当前赛点：2573/500，可以兑换京豆，请打开APP兑换


******开始【京东账号2】Ycp_Dream*********

兑换结果：{"status":true,"data":{"result":1,"reason":null}}
您今天已签到，请明天再来
当前赛点：580/500，可以兑换京豆，请打开APP兑换

==============📣系统通知📣==============
京东汽车
【京东账号2】Ycp_Dream
签到失败，您今天已签到，请明天再来
当前赛点：580/500，可以兑换京豆，请打开APP兑换


******开始【京东账号3】jd_157332ewky*********

兑换结果：{"status":true,"data":{"result":1,"reason":null}}
您今天已签到，请明天再来
当前赛点：1345/500，可以兑换京豆，请打开APP兑换

==============📣系统通知📣==============
京东汽车
【京东账号3】jd_157332ewky
签到失败，您今天已签到，请明天再来
当前赛点：1345/500，可以兑换京豆，请打开APP兑换


******开始【京东账号4】jd_157332zdf*********

兑换结果：{"status":true,"data":{"result":3,"reason":"可兑换京豆不足500"}}
您今天已签到，请明天再来
当前赛点：346/500无法兑换京豆

==============📣系统通知📣==============
京东汽车
【京东账号4】jd_157332zdf
签到失败，您今天已签到，请明天再来
当前赛点：346/500，无法兑换京豆


🔔京东汽车, 结束! 🕛 13.635 秒

