
🔔京东汽车, 开始!

====================共4个京东账号Cookie=========

==================脚本执行- 北京时间(UTC+8)：6/30/2021, 2:07:12 PM=====================


******开始【京东账号1】15631692383_p*********

兑换结果：{"status":true,"data":{"result":2,"reason":"今日京豆已兑换完毕<br/>明天早点来哟~"}}
您今天已签到，请明天再来
当前赛点：2408/500，可以兑换京豆，请打开APP兑换

==============📣系统通知📣==============
京东汽车
【京东账号1】15631692383_p
签到失败，您今天已签到，请明天再来
当前赛点：2408/500，可以兑换京豆，请打开APP兑换


******开始【京东账号2】jd_74a8d71c978d9*********

兑换结果：{"status":true,"data":{"result":2,"reason":"今日京豆已兑换完毕<br/>明天早点来哟~"}}
签到成功，获得5，已签到1天
去做任务：参加京东汽车赛事
任务领取成功
任务完成成功
当前赛点：500/500，可以兑换京豆，请打开APP兑换

==============📣系统通知📣==============
京东汽车
【京东账号2】jd_74a8d71c978d9
签到成功，获得5，已签到1天
当前赛点：500/500，可以兑换京豆，请打开APP兑换


******开始【京东账号3】chao4596758*********

兑换结果：{"status":true,"data":{"result":2,"reason":"今日京豆已兑换完毕<br/>明天早点来哟~"}}
签到成功，获得5，已签到1天
去做任务：参加京东汽车赛事
任务领取成功
任务完成成功
当前赛点：567/500，可以兑换京豆，请打开APP兑换

==============📣系统通知📣==============
京东汽车
【京东账号3】chao4596758
签到成功，获得5，已签到1天
当前赛点：567/500，可以兑换京豆，请打开APP兑换


******开始【京东账号4】jd_46df9eaa780aa*********

兑换结果：{"status":true,"data":{"result":2,"reason":"今日京豆已兑换完毕<br/>明天早点来哟~"}}
签到成功，获得5，已签到1天
去做任务：参加京东汽车赛事
任务领取成功
任务完成成功
当前赛点：1265/500，可以兑换京豆，请打开APP兑换

==============📣系统通知📣==============
京东汽车
【京东账号4】jd_46df9eaa780aa
签到成功，获得5，已签到1天
当前赛点：1265/500，可以兑换京豆，请打开APP兑换


🔔京东汽车, 结束! 🕛 19.677 秒

