
🔔京东汽车, 开始!

====================共5个京东账号Cookie=========

==================脚本执行- 北京时间(UTC+8)：7/9/2021, 5:33:29 PM=====================


******开始【京东账号1】Ymh__Sirius*********

兑换结果：{"status":true,"data":{"result":1,"reason":null}}
您今天已签到，请明天再来
当前赛点：2573/500，可以兑换京豆，请打开APP兑换

==============📣系统通知📣==============
京东汽车
【京东账号1】Ymh__Sirius
签到失败，您今天已签到，请明天再来
当前赛点：2573/500，可以兑换京豆，请打开APP兑换


******开始【京东账号2】Ycp_Dream*********

兑换结果：{"status":true,"data":{"result":1,"reason":null}}
签到成功，获得5，已签到1天
去做任务：参加京东汽车赛事
任务领取成功
任务完成成功
当前赛点：580/500，可以兑换京豆，请打开APP兑换

==============📣系统通知📣==============
京东汽车
【京东账号2】Ycp_Dream
签到成功，获得5，已签到1天
当前赛点：580/500，可以兑换京豆，请打开APP兑换


******开始【京东账号3】chao4596758*********


==============📣系统通知📣==============
京东汽车
【提示】cookie已失效
京东账号3 chao4596758
请重新登录获取
https://bean.m.jd.com/bean/signIndex.action
您未提供push+推送所需的PUSH_PLUS_TOKEN，取消push+推送消息通知🚫

server酱发送通知消息成功🎉

您未提供Bark的APP推送BARK_PUSH，取消Bark推送消息通知🚫

您未提供telegram机器人推送所需的TG_BOT_TOKEN和TG_USER_ID，取消telegram推送消息通知🚫

您未提供钉钉机器人推送所需的DD_BOT_TOKEN或者DD_BOT_SECRET，取消钉钉推送消息通知🚫

您未提供企业微信机器人推送所需的QYWX_KEY，取消企业微信推送消息通知🚫

您未提供企业微信应用消息推送所需的QYWX_AM，取消企业微信应用消息推送消息通知🚫

您未提供iGot的推送IGOT_PUSH_KEY，取消iGot推送消息通知🚫


******开始【京东账号4】jd_157332ewky*********

兑换结果：{"status":true,"data":{"result":1,"reason":null}}
签到成功，获得5，已签到1天
去做任务：参加京东汽车赛事
任务领取成功
任务完成成功
当前赛点：1345/500，可以兑换京豆，请打开APP兑换

==============📣系统通知📣==============
京东汽车
【京东账号4】jd_157332ewky
签到成功，获得5，已签到1天
当前赛点：1345/500，可以兑换京豆，请打开APP兑换


******开始【京东账号5】jd_157332zdf*********

兑换结果：{"status":true,"data":{"result":3,"reason":"可兑换京豆不足500"}}
签到成功，获得5，已签到1天
去做任务：参加京东汽车赛事
任务领取成功
任务完成成功
当前赛点：346/500无法兑换京豆

==============📣系统通知📣==============
京东汽车
【京东账号5】jd_157332zdf
签到成功，获得5，已签到1天
当前赛点：346/500，无法兑换京豆


🔔京东汽车, 结束! 🕛 16.891 秒

