
🔔京东汽车, 开始!

====================共2个京东账号Cookie=========

==================脚本执行- 北京时间(UTC+8)：7/12/2021, 12:00:04 AM=====================


******开始【京东账号1】15631692383_p*********

兑换结果：{"status":true,"data":{"result":1,"reason":null}}
签到成功，获得5，已签到2天
去做任务：参加京东汽车赛事
任务领取成功
任务完成成功
当前赛点：2613/500，可以兑换京豆，请打开APP兑换

==============📣系统通知📣==============
京东汽车
【京东账号1】15631692383_p
签到成功，获得5，已签到2天
当前赛点：2613/500，可以兑换京豆，请打开APP兑换


******开始【京东账号2】Ycp_Dream*********

兑换结果：{"status":true,"data":{"result":1,"reason":null}}
签到成功，获得5，已签到2天
去做任务：参加京东汽车赛事
任务领取成功
任务完成成功
当前赛点：610/500，可以兑换京豆，请打开APP兑换

==============📣系统通知📣==============
京东汽车
【京东账号2】Ycp_Dream
签到成功，获得5，已签到2天
当前赛点：610/500，可以兑换京豆，请打开APP兑换


🔔京东汽车, 结束! 🕛 160.552 秒

