
🔔东东农场, 开始!
开始获取配置文件


====================共4个京东账号Cookie=========

==================脚本执行- 北京时间(UTC+8)：6/26/2021, 4:44:25 PM=====================

您的东东农场互助码选择的是用&隔开

共4个京东账号

您提供了0个账号的农场助力码


开始【京东账号1】Ymh__Sirius

由于您第1个京东账号未提供shareCode,将采纳本脚本自带的助力码

第1个京东账号将要助力的好友["0a74407df5df4fa99672a037eec61f7e","dbb21614667246fabcfd9685b6f448f3","6fbd26cc27ac44d6a7fed34092453f77","61ff5c624949454aa88561f2cd721bf6","56db8e7bc5874668ba7d5195230d067a","b9d287c974cc498d94112f1b064cf934","23b49f5a106b4d61b2ea505d5a4e1056","8107cad4b82847a698ca7d7de9115f36"]

【京东账号1（15631692383_p）的东东农场好友互助码】0ba8fc4f54f34f0f962c46fe4ac9ab45


【已成功兑换水果】3次

开始助力好友
格式化后的助力码::["0a74407df5df4fa99672a037eec61f7e","dbb21614667246fabcfd9685b6f448f3","6fbd26cc27ac44d6a7fed34092453f77","61ff5c624949454aa88561f2cd721bf6","56db8e7bc5874668ba7d5195230d067a","b9d287c974cc498d94112f1b064cf934","23b49f5a106b4d61b2ea505d5a4e1056","8107cad4b82847a698ca7d7de9115f36"]

开始助力京东账号1 - Ymh__Sirius的好友: 0a74407df5df4fa99672a037eec61f7e
【助力好友结果】: 好友【￼】已满五人助力
【今日助力次数还剩】0次

您当前助力次数已耗尽，跳出助力
助力好友结束，即将开始领取额外水滴奖励


132卷卷纸种植中...


初始化任务列表
"Timeout awaiting 'request' for 10000ms"
东东农场 API请求失败，请检查网路重试
开始签到
今天已签到,连续签到1,下次签到可得10g

被水滴砸中： 否
签到结束,开始广告浏览任务
今天已经做过浏览广告任务

当前不在定时领水时间断或者已经领过

给2个好友浇水任务已完成


今日已邀请好友0个 / 每日邀请上限4个
开始删除2个好友,可拿每天的邀请奖励

开始删除好友 [d3b437ad46424634b5f873bbade4b221]
删除好友 [d3b437ad46424634b5f873bbade4b221] 成功


开始删除好友 [77606dcb89154f8db4e79c1d20ddfff1]
删除好友 [77606dcb89154f8db4e79c1d20ddfff1] 成功

今日未邀请过好友
开始打卡领水活动（签到，关注，领券）
开始打卡领水活动（签到，关注，领券）结束

助力好友未达到5个

京东昵称【peixi999】 在 2021-6-26 6:32:32 给您助过力

领取额外奖励水滴结束

4小时候免费赠送的抽奖机会已领取
浏览天天抽奖的第1个逛会场任务已完成
浏览天天抽奖的第2个逛会场任务已完成
开始天天抽奖--好友助力--每人每天只有三次助力机会.
天天抽奖-助力￼失败,助力次数耗尽

---天天抽奖次数remainLotteryTimes----0次
天天抽奖--抽奖机会为0次

今日已完成10次浇水任务


初始化任务列表
首次浇水奖励已领取

finished 水果任务完成!

初始化任务列表
给好友浇水的25g水滴奖励已领取

小鸭子游戏达到上限
开始检查剩余水滴能否再次浇水再次浇水

剩余水滴5g

背包已有道具:
快速浇水卡:50张
水滴翻倍卡:2张
水滴换京豆卡:36张
加签卡:0张

目前剩余水滴：【5】g,不再继续浇水,保留部分水滴用于完成第二天【十次浇水得水滴】任务
开始预测水果成熟时间


初始化任务列表

==============📣系统通知📣==============
东东农场
【京东账号1】Ymh__Sirius
【水果名称】132卷卷纸
【已兑换水果】3次
【今日剩余助力👬】0次
【额外奖励】领取失败,原因：给您助力的人未达5个
【助力您的好友】peixi999
【今日共浇水】13次
【剩余 水滴】5g💧
【水果🍉进度】97.45%，已浇水2144次,还需56次
【预测】5天之后(2021-07-01日)可兑换水果🍉

开始【京东账号2】Ycp_Dream

由于您第2个京东账号未提供shareCode,将采纳本脚本自带的助力码

"Response code 530 (undefined)"
东东农场 API请求失败，请检查网路重试
第2个京东账号将要助力的好友["b1638a774d054a05a30a17d3b4d364b8","f92cb56c6a1349f5a35f0372aa041ea0","9c52670d52ad4e1a812f894563c746ea","8175509d82504e96828afc8b1bbb9cb3","2673c3777d4443829b2a635059953a28","d2d5d435675544679413cb9145577e0f"]

【京东账号2（jd_74a8d71c978d9）的东东农场好友互助码】b4feea51d143440695eb9ae7f21eaad5


【已成功兑换水果】7次

开始助力好友
格式化后的助力码::["b1638a774d054a05a30a17d3b4d364b8","f92cb56c6a1349f5a35f0372aa041ea0","9c52670d52ad4e1a812f894563c746ea","8175509d82504e96828afc8b1bbb9cb3","2673c3777d4443829b2a635059953a28","d2d5d435675544679413cb9145577e0f"]

开始助力京东账号2 - Ycp_Dream的好友: b1638a774d054a05a30a17d3b4d364b8
【助力好友结果】: 好友【zooooo58】已满五人助力
【今日助力次数还剩】3次

开始助力京东账号2 - Ycp_Dream的好友: f92cb56c6a1349f5a35f0372aa041ea0
【助力好友结果】: 好友【想去柏林的King】已满五人助力
【今日助力次数还剩】3次

开始助力京东账号2 - Ycp_Dream的好友: 9c52670d52ad4e1a812f894563c746ea
【助力好友结果】: 好友【YF302559954】已满五人助力
【今日助力次数还剩】3次

开始助力京东账号2 - Ycp_Dream的好友: 8175509d82504e96828afc8b1bbb9cb3
【助力好友结果】: 好友【W】已满五人助力
【今日助力次数还剩】3次

开始助力京东账号2 - Ycp_Dream的好友: 2673c3777d4443829b2a635059953a28
【助力好友结果】: 好友【幸运儿】已满五人助力
【今日助力次数还剩】3次

开始助力京东账号2 - Ycp_Dream的好友: d2d5d435675544679413cb9145577e0f
【助力好友结果】: 好友【Sliver Bullet】已满五人助力
【今日助力次数还剩】3次

助力好友结束，即将开始领取额外水滴奖励


女士吊带背心种植中...


初始化任务列表
开始签到
【签到成功】获得5g💧\n
被水滴砸中： 否
签到结束,开始广告浏览任务
正在进行广告浏览任务: 抢1888旧机回收加价券
抢1888旧机回收加价券浏览任务完成
领取浏览抢1888旧机回收加价券广告奖励成功,获得8g
正在进行广告浏览任务: 9.9元5斤黄金密瓜
9.9元5斤黄金密瓜浏览任务完成
领取浏览9.9元5斤黄金密瓜广告奖励成功,获得8g
签到领钢镚+ ' 已完成
宠物生活低至9.9元+ ' 已完成
抢超市大红包+ ' 已完成
【广告浏览】完成2个,获得16g💧

当前不在定时领水时间断或者已经领过

开始给好友浇水...

初始化任务列表
今日已给0个好友浇水
您的好友列表暂无好友,快去邀请您的好友吧!

今日已邀请好友0个 / 每日邀请上限4个
开始删除0个好友,可拿每天的邀请奖励
今日未邀请过好友
开始打卡领水活动（签到，关注，领券）
开始领取--惊喜礼包38g水滴
关注ID96
themeStep1--结果{"code":"11","todayGotWaterGoalTask":{"canPop":false},"statisticsTimes":null,"sysTime":1624697289447,"message":null}
关注ID249
themeStep1--结果{"followState":"0","code":"0","todayGotWaterGoalTask":{"canPop":false},"statisticsTimes":null,"sysTime":1624697291412,"message":null}
themeStep2--结果{"amount":2,"code":"0","todayGotWaterGoalTask":{"canPop":false},"statisticsTimes":null,"sysTime":1624697292647,"message":null}
关注美食馆，获得水滴2g
关注ID673
themeStep1--结果{"followState":"0","code":"0","todayGotWaterGoalTask":{"canPop":false},"statisticsTimes":null,"sysTime":1624697293848,"message":null}
themeStep2--结果{"amount":2,"code":"0","todayGotWaterGoalTask":{"canPop":false},"statisticsTimes":null,"sysTime":1624697296131,"message":null}
关注东东超市，获得水滴2g
开始打卡领水活动（签到，关注，领券）结束

水滴雨任务，每天两次，最多可得10g水滴
两次水滴雨任务是否全部完成：否
开始水滴雨任务,这是第1次，剩余1次
水滴雨waterRain
水滴雨任务执行成功，获得水滴：10g
【第1次水滴雨】获得10g水滴

助力好友未达到5个
领取额外奖励水滴结束

是否到了领取免费赠送的抽奖机会----false
免费赠送的抽奖机会未到时间
开始浏览天天抽奖的第1个逛会场任务
浏览爆品会场
第1个逛会场任务完成，开始领取水滴奖励

天天抽奖浏览任务领取水滴
第1个逛会场任务领取水滴奖励完成

开始浏览天天抽奖的第2个逛会场任务
浏览爆品会场
第2个逛会场任务完成，开始领取水滴奖励

天天抽奖浏览任务领取水滴
第2个逛会场任务领取水滴奖励完成

开始天天抽奖--好友助力--每人每天只有三次助力机会.
---天天抽奖次数remainLotteryTimes----3次
开始抽奖
等待了2秒
第1次抽奖结果{"code":"0","statisticsTimes":null,"sysTime":1624697323427,"message":null,"type":"thanks","remainLotteryTimes":2}
lotteryRes.typethanks
等待了2秒
第2次抽奖结果{"beanCount":2,"code":"0","statisticsTimes":null,"sysTime":1624697326710,"message":null,"type":"bean2","remainLotteryTimes":1}
lotteryRes.typebean2
等待了2秒
第3次抽奖结果{"beanCount":1,"code":"0","statisticsTimes":null,"sysTime":1624697330055,"message":null,"type":"bean1","remainLotteryTimes":0}
lotteryRes.typebean1
【天天抽奖】谢谢参与，京豆2个，京豆1个


准备浇水十次
第1次浇水
等待了1秒
本次浇水结果:   {"code":"0","totalEnergy":34,"statisticsTimes":null,"totalWaterTimes":8,"sysTime":1624697333622,"finished":false,"message":null,"waterStatus":0,"sendAmount":10,"treeEnergy":1910}
剩余水滴34g
第2次浇水
等待了1秒
本次浇水结果:   {"code":"0","totalEnergy":24,"statisticsTimes":null,"totalWaterTimes":9,"sysTime":1624697335855,"finished":false,"message":null,"waterStatus":0,"sendAmount":10,"treeEnergy":1920}
剩余水滴24g
第3次浇水
等待了1秒
本次浇水结果:   {"code":"0","totalEnergy":14,"statisticsTimes":null,"totalWaterTimes":10,"sysTime":1624697338130,"finished":false,"message":null,"waterStatus":0,"sendAmount":10,"treeEnergy":1930}
剩余水滴14g

初始化任务列表
首次浇水奖励已领取

【十次浇水奖励】获得10g💧

finished 水果任务完成!

初始化任务列表
暂未给2个好友浇水

小鸭子游戏:小鸭子为你带回快速浇水卡
小鸭子游戏:小鸭子为你带回了水滴
小鸭子游戏:小鸭子和好友玩耍去啦
小鸭子游戏:小鸭子和好友玩耍去啦
小鸭子游戏:小鸭子还在努力乘风破浪
小鸭子开心喝奶茶中
开始检查剩余水滴能否再次浇水再次浇水

剩余水滴29g

背包已有道具:
快速浇水卡:20张
水滴翻倍卡:0张
水滴换京豆卡:0张
加签卡:0张

目前剩余水滴：【29】g,不再继续浇水,保留部分水滴用于完成第二天【十次浇水得水滴】任务
开始预测水果成熟时间


初始化任务列表

==============📣系统通知📣==============
东东农场
【京东账号2】Ycp_Dream
【水果名称】女士吊带背心
【已兑换水果】7次
【今日剩余助力👬】3次
【额外奖励】领取失败,原因：给您助力的人未达5个
【今日共浇水】10次
【剩余 水滴】29g💧
【水果🍉进度】32.17%，已浇水193次,还需407次
【预测】41天之后(2021-08-06日)可兑换水果🍉

开始【京东账号3】jd_585601a83bd48

由于您第3个京东账号未提供shareCode,将采纳本脚本自带的助力码

第3个京东账号将要助力的好友["b1638a774d054a05a30a17d3b4d364b8","f92cb56c6a1349f5a35f0372aa041ea0","9c52670d52ad4e1a812f894563c746ea","8175509d82504e96828afc8b1bbb9cb3","2673c3777d4443829b2a635059953a28","d2d5d435675544679413cb9145577e0f"]

【京东账号3（chao4596758）的东东农场好友互助码】684562df9749431d877d6329b7664552


【已成功兑换水果】2次

开始助力好友
格式化后的助力码::["b1638a774d054a05a30a17d3b4d364b8","f92cb56c6a1349f5a35f0372aa041ea0","9c52670d52ad4e1a812f894563c746ea","8175509d82504e96828afc8b1bbb9cb3","2673c3777d4443829b2a635059953a28","d2d5d435675544679413cb9145577e0f"]

开始助力京东账号3 - jd_585601a83bd48的好友: b1638a774d054a05a30a17d3b4d364b8
【助力好友结果】: 好友【zooooo58】已满五人助力
【今日助力次数还剩】3次

开始助力京东账号3 - jd_585601a83bd48的好友: f92cb56c6a1349f5a35f0372aa041ea0
【助力好友结果】: 好友【想去柏林的King】已满五人助力
【今日助力次数还剩】3次

开始助力京东账号3 - jd_585601a83bd48的好友: 9c52670d52ad4e1a812f894563c746ea
【助力好友结果】: 好友【YF302559954】已满五人助力
【今日助力次数还剩】3次

开始助力京东账号3 - jd_585601a83bd48的好友: 8175509d82504e96828afc8b1bbb9cb3
【助力好友结果】: 好友【W】已满五人助力
【今日助力次数还剩】3次

开始助力京东账号3 - jd_585601a83bd48的好友: 2673c3777d4443829b2a635059953a28
【助力好友结果】: 好友【幸运儿】已满五人助力
【今日助力次数还剩】3次

开始助力京东账号3 - jd_585601a83bd48的好友: d2d5d435675544679413cb9145577e0f
【助力好友结果】: 好友【Sliver Bullet】已满五人助力
【今日助力次数还剩】3次

助力好友结束，即将开始领取额外水滴奖励


8册十万个为什么种植中...


初始化任务列表
开始签到
【签到成功】获得5g💧\n
被水滴砸中： 否
签到结束,开始广告浏览任务
正在进行广告浏览任务: 签到领钢镚
签到领钢镚浏览任务完成
领取浏览签到领钢镚广告奖励成功,获得8g
正在进行广告浏览任务: 宠物生活低至9.9元
宠物生活低至9.9元浏览任务完成
领取浏览宠物生活低至9.9元广告奖励成功,获得8g
正在进行广告浏览任务: 抢超市大红包
抢超市大红包浏览任务完成
领取浏览抢超市大红包广告奖励成功,获得8g
正在进行广告浏览任务: 抢1888旧机回收加价券
抢1888旧机回收加价券浏览任务完成
领取浏览抢1888旧机回收加价券广告奖励成功,获得8g
正在进行广告浏览任务: 9.9元5斤黄金密瓜
9.9元5斤黄金密瓜浏览任务完成
"Timeout awaiting 'request' for 10000ms"
东东农场 API请求失败，请检查网路重试
领取浏览9.9元5斤黄金密瓜广告奖励成功,获得8g
【广告浏览】完成5个,获得40g💧

当前不在定时领水时间断或者已经领过

开始给好友浇水...

初始化任务列表
今日已给0个好友浇水
您的好友列表暂无好友,快去邀请您的好友吧!

今日已邀请好友0个 / 每日邀请上限4个
开始删除0个好友,可拿每天的邀请奖励
今日未邀请过好友
开始打卡领水活动（签到，关注，领券）
开始今日签到
打卡结果{"amount":10,"code":"0","todayGotWaterGoalTask":{"canPop":false},"statisticsTimes":null,"signDay":1,"sysTime":1624697400607,"message":null}
【第1天签到】获得10g💧

关注ID96
themeStep1--结果{"followState":"0","code":"0","todayGotWaterGoalTask":{"canPop":false},"statisticsTimes":null,"sysTime":1624697401821,"message":null}
themeStep2--结果{"amount":2,"code":"0","todayGotWaterGoalTask":{"canPop":false},"statisticsTimes":null,"sysTime":1624697403308,"message":null}
关注美妆馆，获得水滴2g
关注ID249
themeStep1--结果{"followState":"0","code":"0","todayGotWaterGoalTask":{"canPop":false},"statisticsTimes":null,"sysTime":1624697404598,"message":null}
themeStep2--结果{"amount":2,"code":"0","todayGotWaterGoalTask":{"canPop":false},"statisticsTimes":null,"sysTime":1624697406157,"message":null}
关注美食馆，获得水滴2g
关注ID673
themeStep1--结果{"followState":"0","code":"0","todayGotWaterGoalTask":{"canPop":false},"statisticsTimes":null,"sysTime":1624697407538,"message":null}
themeStep2--结果{"amount":2,"code":"0","todayGotWaterGoalTask":{"canPop":false},"statisticsTimes":null,"sysTime":1624697408748,"message":null}
关注东东超市，获得水滴2g
开始打卡领水活动（签到，关注，领券）结束

水滴雨任务，每天两次，最多可得10g水滴
两次水滴雨任务是否全部完成：否
开始水滴雨任务,这是第1次，剩余1次
水滴雨waterRain
水滴雨任务执行成功，获得水滴：10g
【第1次水滴雨】获得10g水滴

助力好友未达到5个
领取额外奖励水滴结束

是否到了领取免费赠送的抽奖机会----false
免费赠送的抽奖机会未到时间
开始浏览天天抽奖的第1个逛会场任务
浏览爆品会场
开始浏览天天抽奖的第2个逛会场任务
浏览爆品会场
第2个逛会场任务完成，开始领取水滴奖励

天天抽奖浏览任务领取水滴
第2个逛会场任务领取水滴奖励完成

开始天天抽奖--好友助力--每人每天只有三次助力机会.
---天天抽奖次数remainLotteryTimes----2次
开始抽奖
等待了2秒
第1次抽奖结果{"beanCount":1,"code":"0","statisticsTimes":null,"sysTime":1624697446300,"message":null,"type":"bean1","remainLotteryTimes":1}
lotteryRes.typebean1
等待了2秒
第2次抽奖结果{"beanCount":1,"code":"0","statisticsTimes":null,"sysTime":1624697449559,"message":null,"type":"bean1","remainLotteryTimes":0}
lotteryRes.typebean1
【天天抽奖】京豆1个，京豆1个


准备浇水十次
第1次浇水
等待了1秒
本次浇水结果:   {"code":"0","totalEnergy":201,"statisticsTimes":null,"totalWaterTimes":1,"sysTime":1624697454114,"finished":false,"message":null,"waterStatus":0,"sendAmount":10,"treeEnergy":470}
剩余水滴201g
第2次浇水
等待了1秒
本次浇水结果:   {"code":"0","totalEnergy":191,"statisticsTimes":null,"totalWaterTimes":2,"sysTime":1624697457417,"finished":false,"message":null,"waterStatus":0,"sendAmount":10,"treeEnergy":480}
剩余水滴191g
第3次浇水
等待了1秒
本次浇水结果:   {"code":"0","totalEnergy":181,"statisticsTimes":null,"totalWaterTimes":3,"sysTime":1624697461318,"finished":false,"message":null,"waterStatus":0,"sendAmount":10,"treeEnergy":490}
剩余水滴181g
第4次浇水
等待了1秒
本次浇水结果:   {"code":"0","totalEnergy":171,"statisticsTimes":null,"totalWaterTimes":4,"sysTime":1624697463555,"finished":false,"message":null,"waterStatus":0,"sendAmount":10,"treeEnergy":500}
剩余水滴171g
第5次浇水
等待了1秒
本次浇水结果:   {"code":"0","totalEnergy":161,"statisticsTimes":null,"totalWaterTimes":5,"sysTime":1624697467164,"finished":false,"message":null,"waterStatus":0,"sendAmount":10,"treeEnergy":510}
剩余水滴161g
第6次浇水
等待了1秒
本次浇水结果:   {"code":"0","totalEnergy":151,"statisticsTimes":null,"totalWaterTimes":6,"sysTime":1624697470700,"finished":false,"message":null,"waterStatus":0,"sendAmount":10,"treeEnergy":520}
剩余水滴151g
第7次浇水
等待了1秒
本次浇水结果:   {"code":"0","totalEnergy":141,"statisticsTimes":null,"totalWaterTimes":7,"sysTime":1624697472937,"finished":false,"message":null,"waterStatus":0,"sendAmount":10,"treeEnergy":530}
剩余水滴141g
第8次浇水
等待了1秒
本次浇水结果:   {"code":"0","totalEnergy":131,"statisticsTimes":null,"totalWaterTimes":8,"sysTime":1624697479196,"finished":false,"message":null,"waterStatus":0,"sendAmount":10,"treeEnergy":540}
剩余水滴131g
第9次浇水
等待了1秒
本次浇水结果:   {"code":"0","totalEnergy":121,"statisticsTimes":null,"totalWaterTimes":9,"sysTime":1624697481406,"finished":false,"message":null,"waterStatus":0,"sendAmount":10,"treeEnergy":550}
剩余水滴121g
第10次浇水
等待了1秒
本次浇水结果:   {"code":"0","totalEnergy":111,"statisticsTimes":null,"totalWaterTimes":10,"sysTime":1624697483679,"finished":false,"message":null,"waterStatus":0,"sendAmount":10,"treeEnergy":560}
剩余水滴111g

初始化任务列表
【首次浇水奖励】获得10g💧

【十次浇水奖励】获得10g💧

finished 水果任务完成!

初始化任务列表
暂未给2个好友浇水

小鸭子游戏:小鸭祝你新年新气象
小鸭子游戏:小鸭子为你带回了水滴
小鸭子游戏:小鸭子和好友玩耍去啦
小鸭子游戏:小鸭子和好友玩耍去啦
小鸭子游戏:小鸭子和好友玩耍去啦
小鸭子还在努力乘风破浪
开始检查剩余水滴能否再次浇水再次浇水

剩余水滴136g

背包已有道具:
快速浇水卡:12张
水滴翻倍卡:未解锁
水滴换京豆卡:0张
加签卡:未解锁

目前剩余水滴：【136】g，可继续浇水
等待了1秒
本次浇水结果:   {"code":"0","totalEnergy":126,"statisticsTimes":null,"totalWaterTimes":11,"sysTime":1624697498054,"finished":false,"message":null,"waterStatus":0,"sendAmount":10,"treeEnergy":570}

浇水10g成功,剩余126

等待了1秒
本次浇水结果:   {"code":"0","totalEnergy":116,"statisticsTimes":null,"totalWaterTimes":12,"sysTime":1624697500497,"finished":false,"message":null,"waterStatus":0,"sendAmount":10,"treeEnergy":580}

浇水10g成功,剩余116

等待了1秒
本次浇水结果:   {"code":"0","totalEnergy":106,"statisticsTimes":null,"totalWaterTimes":13,"sysTime":1624697503754,"finished":false,"message":null,"waterStatus":2,"sendAmount":10,"treeEnergy":590}

浇水10g成功,剩余106

果树长出小果子啦, 奖励50g水滴
浇水阶段奖励3领取结果 {"code":"0","todayGotWaterGoalTask":{"getTodayGotWaterGoalTask":{"icon":"https://m.360buyimg.com/babel/jfs/t1/186081/16/10612/181675/60d2d993Eb70d6aab/910ee4b284c3d051.png","goalWater":120,"sendWater":5,"upMainTitle":"继续去逛逛农场","upSecondTitle":"为你送上5g水滴","link":"https://h5.m.jd.com/babelDiy/Zeus/CvMVbdFGXPiWFFPCc934RiJfMPu/index.html?babelChannel=ttt11","vendorid":"1","linkType":"H5"},"canPop":true},"statisticsTimes":null,"addEnergy":50,"sysTime":1624697505487,"message":null,"isNewUser":false}
【果树结果了】奖励50g💧

开始预测水果成熟时间


初始化任务列表

==============📣系统通知📣==============
东东农场
【京东账号3】jd_585601a83bd48
【水果名称】8册十万个为什么
【已兑换水果】2次
【今日剩余助力👬】3次
【额外奖励】领取失败,原因：给您助力的人未达5个
【今日共浇水】13次
【剩余 水滴】156g💧
【水果🍉进度】9.83%，已浇水59次,还需541次
【预测】41天之后(2021-08-06日)可兑换水果🍉

开始【京东账号4】jd_157332ewky

由于您第4个京东账号未提供shareCode,将采纳本脚本自带的助力码

第4个京东账号将要助力的好友["b1638a774d054a05a30a17d3b4d364b8","f92cb56c6a1349f5a35f0372aa041ea0","9c52670d52ad4e1a812f894563c746ea","8175509d82504e96828afc8b1bbb9cb3","2673c3777d4443829b2a635059953a28","d2d5d435675544679413cb9145577e0f"]

【京东账号4（jd_46df9eaa780aa）的东东农场好友互助码】39a336ab171a45208c0163482fdfdd5d


【已成功兑换水果】1次

开始助力好友
格式化后的助力码::["b1638a774d054a05a30a17d3b4d364b8","f92cb56c6a1349f5a35f0372aa041ea0","9c52670d52ad4e1a812f894563c746ea","8175509d82504e96828afc8b1bbb9cb3","2673c3777d4443829b2a635059953a28","d2d5d435675544679413cb9145577e0f"]

开始助力京东账号4 - jd_157332ewky的好友: b1638a774d054a05a30a17d3b4d364b8
【助力好友结果】: 好友【zooooo58】已满五人助力
【今日助力次数还剩】3次

开始助力京东账号4 - jd_157332ewky的好友: f92cb56c6a1349f5a35f0372aa041ea0
【助力好友结果】: 好友【想去柏林的King】已满五人助力
【今日助力次数还剩】3次

开始助力京东账号4 - jd_157332ewky的好友: 9c52670d52ad4e1a812f894563c746ea
【助力好友结果】: 好友【YF302559954】已满五人助力
【今日助力次数还剩】3次

开始助力京东账号4 - jd_157332ewky的好友: 8175509d82504e96828afc8b1bbb9cb3
【助力好友结果】: 好友【W】已满五人助力
【今日助力次数还剩】3次

开始助力京东账号4 - jd_157332ewky的好友: 2673c3777d4443829b2a635059953a28
【助力好友结果】: 好友【幸运儿】已满五人助力
【今日助力次数还剩】3次

开始助力京东账号4 - jd_157332ewky的好友: d2d5d435675544679413cb9145577e0f
【助力好友结果】: 好友【Sliver Bullet】已满五人助力
【今日助力次数还剩】3次

助力好友结束，即将开始领取额外水滴奖励


8册十万个为什么种植中...


初始化任务列表
开始签到
【签到成功】获得5g💧\n
被水滴砸中： 否
签到结束,开始广告浏览任务
正在进行广告浏览任务: 签到领钢镚
签到领钢镚浏览任务完成
领取浏览签到领钢镚广告奖励成功,获得8g
正在进行广告浏览任务: 宠物生活低至9.9元
宠物生活低至9.9元浏览任务完成
领取浏览宠物生活低至9.9元广告奖励成功,获得8g
正在进行广告浏览任务: 大牌小样1分购
大牌小样1分购浏览任务完成
领取浏览大牌小样1分购广告奖励成功,获得8g
正在进行广告浏览任务: 抢超市大红包
"Timeout awaiting 'request' for 10000ms"
东东农场 API请求失败，请检查网路重试
抢超市大红包浏览任务完成
领取浏览抢超市大红包广告奖励成功,获得8g
正在进行广告浏览任务: 抢1888旧机回收加价券
抢1888旧机回收加价券浏览任务完成
领取浏览抢1888旧机回收加价券广告奖励成功,获得8g
正在进行广告浏览任务: 9.9元5斤黄金密瓜
9.9元5斤黄金密瓜浏览任务完成
领取浏览9.9元5斤黄金密瓜广告奖励成功,获得8g
【广告浏览】完成6个,获得48g💧

当前不在定时领水时间断或者已经领过

开始给好友浇水...

初始化任务列表
今日已给0个好友浇水
您的好友列表暂无好友,快去邀请您的好友吧!

今日已邀请好友0个 / 每日邀请上限4个
开始删除0个好友,可拿每天的邀请奖励
今日未邀请过好友
开始打卡领水活动（签到，关注，领券）
开始今日签到
打卡结果{"amount":10,"code":"0","todayGotWaterGoalTask":{"canPop":false},"statisticsTimes":null,"signDay":1,"sysTime":1624697582382,"message":null}
【第1天签到】获得10g💧

关注ID96
themeStep1--结果{"followState":"0","code":"0","todayGotWaterGoalTask":{"canPop":false},"statisticsTimes":null,"sysTime":1624697584791,"message":null}
themeStep2--结果{"amount":2,"code":"0","todayGotWaterGoalTask":{"canPop":false},"statisticsTimes":null,"sysTime":1624697586210,"message":null}
关注美妆馆，获得水滴2g
关注ID249
themeStep1--结果{"followState":"0","code":"0","todayGotWaterGoalTask":{"canPop":false},"statisticsTimes":null,"sysTime":1624697592485,"message":null}
themeStep2--结果{"amount":2,"code":"0","todayGotWaterGoalTask":{"canPop":false},"statisticsTimes":null,"sysTime":1624697594000,"message":null}
关注美食馆，获得水滴2g
关注ID673
themeStep1--结果{"followState":"0","code":"0","todayGotWaterGoalTask":{"canPop":false},"statisticsTimes":null,"sysTime":1624697596271,"message":null}
themeStep2--结果{"amount":2,"code":"0","todayGotWaterGoalTask":{"canPop":false},"statisticsTimes":null,"sysTime":1624697597470,"message":null}
关注东东超市，获得水滴2g
开始打卡领水活动（签到，关注，领券）结束

水滴雨任务，每天两次，最多可得10g水滴
两次水滴雨任务是否全部完成：否
开始水滴雨任务,这是第1次，剩余1次
水滴雨waterRain
水滴雨任务执行成功，获得水滴：10g
【第1次水滴雨】获得10g水滴

助力好友未达到5个
领取额外奖励水滴结束

是否到了领取免费赠送的抽奖机会----false
免费赠送的抽奖机会未到时间
开始浏览天天抽奖的第1个逛会场任务
浏览爆品会场
第1个逛会场任务完成，开始领取水滴奖励

天天抽奖浏览任务领取水滴
第1个逛会场任务领取水滴奖励完成

开始浏览天天抽奖的第2个逛会场任务
浏览爆品会场
第2个逛会场任务完成，开始领取水滴奖励

天天抽奖浏览任务领取水滴
第2个逛会场任务领取水滴奖励完成

开始天天抽奖--好友助力--每人每天只有三次助力机会.
---天天抽奖次数remainLotteryTimes----3次
开始抽奖
等待了2秒
第1次抽奖结果{"beanCount":1,"code":"0","statisticsTimes":null,"sysTime":1624697632314,"message":null,"type":"bean1","remainLotteryTimes":2}
lotteryRes.typebean1
等待了2秒
第2次抽奖结果{"beanCount":2,"code":"0","statisticsTimes":null,"sysTime":1624697637624,"message":null,"type":"bean2","remainLotteryTimes":1}
lotteryRes.typebean2
等待了2秒
第3次抽奖结果{"beanCount":1,"code":"0","statisticsTimes":null,"sysTime":1624697641361,"message":null,"type":"bean1","remainLotteryTimes":0}
lotteryRes.typebean1
【天天抽奖】京豆1个，京豆2个，京豆1个


准备浇水十次
第1次浇水
等待了1秒
本次浇水结果:   {"code":"0","totalEnergy":222,"statisticsTimes":null,"totalWaterTimes":1,"sysTime":1624697646889,"finished":false,"message":null,"waterStatus":0,"sendAmount":10,"treeEnergy":1400}
剩余水滴222g
第2次浇水
等待了1秒
本次浇水结果:   {"code":"0","totalEnergy":212,"statisticsTimes":null,"totalWaterTimes":2,"sysTime":1624697651030,"finished":false,"message":null,"waterStatus":0,"sendAmount":10,"treeEnergy":1410}
剩余水滴212g
第3次浇水
等待了1秒
本次浇水结果:   {"code":"0","totalEnergy":202,"statisticsTimes":null,"totalWaterTimes":3,"sysTime":1624697654287,"finished":false,"message":null,"waterStatus":0,"sendAmount":10,"treeEnergy":1420}
剩余水滴202g
第4次浇水
等待了1秒
本次浇水结果:   {"code":"0","totalEnergy":192,"statisticsTimes":null,"totalWaterTimes":4,"sysTime":1624697656760,"finished":false,"message":null,"waterStatus":0,"sendAmount":10,"treeEnergy":1430}
剩余水滴192g
第5次浇水
等待了1秒
本次浇水结果:   {"code":"0","totalEnergy":182,"statisticsTimes":null,"totalWaterTimes":5,"sysTime":1624697660564,"finished":false,"message":null,"waterStatus":0,"sendAmount":10,"treeEnergy":1440}
剩余水滴182g
第6次浇水
等待了1秒
本次浇水结果:   {"code":"0","totalEnergy":172,"statisticsTimes":null,"totalWaterTimes":6,"sysTime":1624697663884,"finished":false,"message":null,"waterStatus":0,"sendAmount":10,"treeEnergy":1450}
剩余水滴172g
第7次浇水
等待了1秒
本次浇水结果:   {"code":"0","totalEnergy":162,"statisticsTimes":null,"totalWaterTimes":7,"sysTime":1624697666127,"finished":false,"message":null,"waterStatus":0,"sendAmount":10,"treeEnergy":1460}
剩余水滴162g
第8次浇水
等待了1秒
本次浇水结果:   {"code":"0","totalEnergy":152,"statisticsTimes":null,"totalWaterTimes":8,"sysTime":1624697670163,"finished":false,"message":null,"waterStatus":0,"sendAmount":10,"treeEnergy":1470}
剩余水滴152g
第9次浇水
等待了1秒
本次浇水结果:   {"code":"0","totalEnergy":142,"statisticsTimes":null,"totalWaterTimes":9,"sysTime":1624697672416,"finished":false,"message":null,"waterStatus":0,"sendAmount":10,"treeEnergy":1480}
剩余水滴142g
第10次浇水
等待了1秒
本次浇水结果:   {"code":"0","totalEnergy":132,"statisticsTimes":null,"totalWaterTimes":10,"sysTime":1624697678718,"finished":false,"message":null,"waterStatus":0,"sendAmount":10,"treeEnergy":1490}
剩余水滴132g

初始化任务列表
【首次浇水奖励】获得10g💧

【十次浇水奖励】获得10g💧

finished 水果任务完成!

初始化任务列表
暂未给2个好友浇水

小鸭子游戏:小鸭子为你带回快速浇水卡
小鸭子游戏:贪玩鸭滑雪去啦
小鸭子游戏:小鸭子和好友玩耍去啦
小鸭子游戏:小鸭子和好友玩耍去啦
小鸭子游戏:贪吃鸭溜去采水果啦
小鸭子和好友玩耍去啦
开始检查剩余水滴能否再次浇水再次浇水

剩余水滴152g

背包已有道具:
快速浇水卡:10张
水滴翻倍卡:未解锁
水滴换京豆卡:3张
加签卡:0张

目前剩余水滴：【152】g，可继续浇水
等待了1秒
本次浇水结果:   {"code":"0","totalEnergy":142,"statisticsTimes":null,"totalWaterTimes":11,"sysTime":1624697728205,"finished":false,"message":null,"waterStatus":0,"sendAmount":10,"treeEnergy":1500}

浇水10g成功,剩余142

等待了1秒
本次浇水结果:   {"code":"0","totalEnergy":132,"statisticsTimes":null,"totalWaterTimes":12,"sysTime":1624697730880,"finished":false,"message":null,"waterStatus":0,"sendAmount":10,"treeEnergy":1510}

浇水10g成功,剩余132

等待了1秒
本次浇水结果:   {"code":"0","totalEnergy":122,"statisticsTimes":null,"totalWaterTimes":13,"sysTime":1624697733647,"finished":false,"message":null,"waterStatus":0,"sendAmount":10,"treeEnergy":1520}

浇水10g成功,剩余122

等待了1秒
本次浇水结果:   {"code":"0","totalEnergy":112,"statisticsTimes":null,"totalWaterTimes":14,"sysTime":1624697742847,"finished":false,"message":null,"waterStatus":0,"sendAmount":10,"treeEnergy":1530}

浇水10g成功,剩余112

等待了1秒
本次浇水结果:   {"code":"0","totalEnergy":102,"statisticsTimes":null,"totalWaterTimes":15,"sysTime":1624697745807,"finished":false,"message":null,"waterStatus":0,"sendAmount":10,"treeEnergy":1540}

浇水10g成功,剩余102

开始预测水果成熟时间


初始化任务列表

==============📣系统通知📣==============
东东农场
【京东账号4】jd_157332ewky
【水果名称】8册十万个为什么
【已兑换水果】1次
【今日剩余助力👬】3次
【额外奖励】领取失败,原因：给您助力的人未达5个
【今日共浇水】15次
【剩余 水滴】102g💧
【水果🍉进度】38.50%，已浇水154次,还需246次
【预测】16天之后(2021-07-12日)可兑换水果🍉
您未提供push+推送所需的PUSH_PLUS_TOKEN，取消push+推送消息通知🚫

server酱发送通知消息成功🎉

您未提供Bark的APP推送BARK_PUSH，取消Bark推送消息通知🚫

您未提供telegram机器人推送所需的TG_BOT_TOKEN和TG_USER_ID，取消telegram推送消息通知🚫

您未提供钉钉机器人推送所需的DD_BOT_TOKEN或者DD_BOT_SECRET，取消钉钉推送消息通知🚫

您未提供企业微信机器人推送所需的QYWX_KEY，取消企业微信推送消息通知🚫

您未提供企业微信应用消息推送所需的QYWX_AM，取消企业微信应用消息推送消息通知🚫

您未提供iGot的推送IGOT_PUSH_KEY，取消iGot推送消息通知🚫


🔔东东农场, 结束! 🕛 692.984 秒

