
🔔东东农场, 开始!
开始获取配置文件


====================共2个京东账号Cookie=========

==================脚本执行- 北京时间(UTC+8)：7/9/2021, 8:52:28 PM=====================

您的东东农场互助码选择的是用&隔开

共2个京东账号

您提供了0个账号的农场助力码


开始【京东账号1】Ymh__Sirius

由于您第1个京东账号未提供shareCode,将采纳本脚本自带的助力码

"Response code 530 (undefined)"
东东农场 API请求失败，请检查网路重试
第1个京东账号将要助力的好友["0a74407df5df4fa99672a037eec61f7e","dbb21614667246fabcfd9685b6f448f3","6fbd26cc27ac44d6a7fed34092453f77","61ff5c624949454aa88561f2cd721bf6","56db8e7bc5874668ba7d5195230d067a","b9d287c974cc498d94112f1b064cf934","23b49f5a106b4d61b2ea505d5a4e1056","8107cad4b82847a698ca7d7de9115f36"]

【京东账号1（15631692383_p）的东东农场好友互助码】0ba8fc4f54f34f0f962c46fe4ac9ab45


【已成功兑换水果】4次

开始助力好友
格式化后的助力码::["0a74407df5df4fa99672a037eec61f7e","dbb21614667246fabcfd9685b6f448f3","6fbd26cc27ac44d6a7fed34092453f77","61ff5c624949454aa88561f2cd721bf6","56db8e7bc5874668ba7d5195230d067a","b9d287c974cc498d94112f1b064cf934","23b49f5a106b4d61b2ea505d5a4e1056","8107cad4b82847a698ca7d7de9115f36"]

开始助力京东账号1 - Ymh__Sirius的好友: 0a74407df5df4fa99672a037eec61f7e
【助力好友结果】: 好友【￼】已满五人助力
【今日助力次数还剩】0次

您当前助力次数已耗尽，跳出助力
助力好友结束，即将开始领取额外水滴奖励


96卷卷纸种植中...


初始化任务列表
开始签到
今天已签到,连续签到4,下次签到可得25g

被水滴砸中： 否
签到结束,开始广告浏览任务
今天已经做过浏览广告任务

当前不在定时领水时间断或者已经领过

给2个好友浇水任务已完成


今日已邀请好友0个 / 每日邀请上限4个
开始删除4个好友,可拿每天的邀请奖励

开始删除好友 [b44222b3e2ab488a817cb7fd1b11ae5d]
删除好友 [b44222b3e2ab488a817cb7fd1b11ae5d] 成功


开始删除好友 [966a8c23bd144b16b765ebebeee1c960]
删除好友 [966a8c23bd144b16b765ebebeee1c960] 成功


开始删除好友 [d3b437ad46424634b5f873bbade4b221]
删除好友 [d3b437ad46424634b5f873bbade4b221] 成功


开始删除好友 [77606dcb89154f8db4e79c1d20ddfff1]
删除好友 [77606dcb89154f8db4e79c1d20ddfff1] 成功

今日未邀请过好友
开始打卡领水活动（签到，关注，领券）
开始打卡领水活动（签到，关注，领券）结束

助力好友未达到5个

京东昵称【YYJJXiyang】 在 2021-7-9 6:29:29 给您助过力


京东昵称【peixi999】 在 2021-7-9 6:32:32 给您助过力


京东昵称【jd_yGimUOvoPrgy】 在 2021-7-9 6:32:32 给您助过力


京东昵称【黑白灰_nice】 在 2021-7-9 6:34:34 给您助过力

领取额外奖励水滴结束

4小时候免费赠送的抽奖机会已领取
浏览天天抽奖的第1个逛会场任务已完成
浏览天天抽奖的第2个逛会场任务已完成
开始天天抽奖--好友助力--每人每天只有三次助力机会.
天天抽奖-助力￼失败,助力次数耗尽

---天天抽奖次数remainLotteryTimes----0次
天天抽奖--抽奖机会为0次

今日已完成10次浇水任务


初始化任务列表
首次浇水奖励已领取

finished 水果任务完成!

初始化任务列表
给好友浇水的25g水滴奖励已领取

小鸭子游戏达到上限
开始检查剩余水滴能否再次浇水再次浇水

剩余水滴37g

背包已有道具:
快速浇水卡:43张
水滴翻倍卡:0张
水滴换京豆卡:42张
加签卡:0张

目前剩余水滴：【37】g,不再继续浇水,保留部分水滴用于完成第二天【十次浇水得水滴】任务
开始预测水果成熟时间


初始化任务列表

==============📣系统通知📣==============
东东农场
【京东账号1】Ymh__Sirius
【水果名称】96卷卷纸
【已兑换水果】4次
【今日剩余助力👬】0次
【额外奖励】领取失败,原因：给您助力的人未达5个
【助力您的好友】YYJJXiyang,peixi999,jd_yGimUOvoPrgy,黑白灰_nice
【今日共浇水】10次
【剩余 水滴】37g💧
【水果🍉进度】11.77%，已浇水259次,还需1941次
【预测】194天之后(2022-01-19日)可兑换水果🍉

开始【京东账号2】Ycp_Dream

由于您第2个京东账号未提供shareCode,将采纳本脚本自带的助力码

"connect ENETUNREACH 2606:4700:3032::ac43:b0f8:80 - Local (:::0)"
东东农场 API请求失败，请检查网路重试
第2个京东账号将要助力的好友["b1638a774d054a05a30a17d3b4d364b8","f92cb56c6a1349f5a35f0372aa041ea0","9c52670d52ad4e1a812f894563c746ea","8175509d82504e96828afc8b1bbb9cb3","2673c3777d4443829b2a635059953a28","d2d5d435675544679413cb9145577e0f"]

【京东账号2（jd_74a8d71c978d9）的东东农场好友互助码】b4feea51d143440695eb9ae7f21eaad5


【已成功兑换水果】7次

开始助力好友
格式化后的助力码::["b1638a774d054a05a30a17d3b4d364b8","f92cb56c6a1349f5a35f0372aa041ea0","9c52670d52ad4e1a812f894563c746ea","8175509d82504e96828afc8b1bbb9cb3","2673c3777d4443829b2a635059953a28","d2d5d435675544679413cb9145577e0f"]

开始助力京东账号2 - Ycp_Dream的好友: b1638a774d054a05a30a17d3b4d364b8
【助力好友结果】: 好友【zooooo58】已满五人助力
【今日助力次数还剩】3次

开始助力京东账号2 - Ycp_Dream的好友: f92cb56c6a1349f5a35f0372aa041ea0
【助力好友结果】: 好友【想去柏林的King】已满五人助力
【今日助力次数还剩】3次

开始助力京东账号2 - Ycp_Dream的好友: 9c52670d52ad4e1a812f894563c746ea
【助力好友结果】: 好友【YF302559954】已满五人助力
【今日助力次数还剩】3次

开始助力京东账号2 - Ycp_Dream的好友: 8175509d82504e96828afc8b1bbb9cb3
【助力好友结果】: 好友【W】已满五人助力
【今日助力次数还剩】3次

开始助力京东账号2 - Ycp_Dream的好友: 2673c3777d4443829b2a635059953a28
【助力好友结果】: 好友【幸运儿】已满五人助力
【今日助力次数还剩】3次

开始助力京东账号2 - Ycp_Dream的好友: d2d5d435675544679413cb9145577e0f
【助力好友结果】: 好友【Sliver Bullet】已满五人助力
【今日助力次数还剩】3次

助力好友结束，即将开始领取额外水滴奖励


女士吊带背心种植中...


初始化任务列表
开始签到
【签到成功】获得5g💧\n
被水滴砸中： 否
签到结束,开始广告浏览任务
正在进行广告浏览任务: 签到领钢镚
签到领钢镚浏览任务完成
领取浏览签到领钢镚广告奖励成功,获得10g
正在进行广告浏览任务: 9.9元抢品牌运动裤
9.9元抢品牌运动裤浏览任务完成
领取浏览9.9元抢品牌运动裤广告奖励成功,获得10g
正在进行广告浏览任务: 12.9元5斤民勤蜜瓜
12.9元5斤民勤蜜瓜浏览任务完成
领取浏览12.9元5斤民勤蜜瓜广告奖励成功,获得10g
【广告浏览】完成3个,获得30g💧

【定时领水】获得9g💧

开始给好友浇水...

初始化任务列表
今日已给0个好友浇水
您的好友列表暂无好友,快去邀请您的好友吧!

今日已邀请好友0个 / 每日邀请上限4个
开始删除0个好友,可拿每天的邀请奖励
今日未邀请过好友
开始打卡领水活动（签到，关注，领券）
开始今日签到
打卡结果{"amount":10,"code":"0","todayGotWaterGoalTask":{"canPop":false},"statisticsTimes":null,"signDay":2,"sysTime":1625835253022,"message":null}
【第2天签到】获得10g💧

关注ID96
themeStep1--结果{"followState":"0","code":"0","todayGotWaterGoalTask":{"canPop":false},"statisticsTimes":null,"sysTime":1625835254628,"message":null}
themeStep2--结果{"amount":2,"code":"0","todayGotWaterGoalTask":{"canPop":false},"statisticsTimes":null,"sysTime":1625835255919,"message":null}
关注美妆馆，获得水滴2g
关注ID545
themeStep1--结果{"followState":"0","code":"0","todayGotWaterGoalTask":{"canPop":false},"statisticsTimes":null,"sysTime":1625835257053,"message":null}
themeStep2--结果{"amount":2,"code":"0","todayGotWaterGoalTask":{"canPop":false},"statisticsTimes":null,"sysTime":1625835258310,"message":null}
关注抢888元红包，获得水滴2g
关注ID673
themeStep1--结果{"followState":"0","code":"0","todayGotWaterGoalTask":{"canPop":false},"statisticsTimes":null,"sysTime":1625835259507,"message":null}
themeStep2--结果{"amount":2,"code":"0","todayGotWaterGoalTask":{"canPop":false},"statisticsTimes":null,"sysTime":1625835260659,"message":null}
关注东东超市，获得水滴2g
开始打卡领水活动（签到，关注，领券）结束

水滴雨任务，每天两次，最多可得10g水滴
两次水滴雨任务是否全部完成：否
开始水滴雨任务,这是第1次，剩余1次
水滴雨waterRain
水滴雨任务执行成功，获得水滴：10g
【第1次水滴雨】获得10g水滴

助力好友未达到5个
领取额外奖励水滴结束

是否到了领取免费赠送的抽奖机会----false
免费赠送的抽奖机会未到时间
开始浏览天天抽奖的第1个逛会场任务
浏览爆品会场
第1个逛会场任务完成，开始领取水滴奖励

天天抽奖浏览任务领取水滴
第1个逛会场任务领取水滴奖励完成

开始浏览天天抽奖的第2个逛会场任务
浏览爆品会场
第2个逛会场任务完成，开始领取水滴奖励

天天抽奖浏览任务领取水滴
第2个逛会场任务领取水滴奖励完成

开始天天抽奖--好友助力--每人每天只有三次助力机会.
---天天抽奖次数remainLotteryTimes----3次
开始抽奖
等待了2秒
第1次抽奖结果{"beanCount":1,"code":"0","statisticsTimes":null,"sysTime":1625835281987,"message":null,"type":"bean1","remainLotteryTimes":2}
lotteryRes.typebean1
等待了2秒
第2次抽奖结果{"beanCount":1,"code":"0","statisticsTimes":null,"sysTime":1625835285276,"message":null,"type":"bean1","remainLotteryTimes":1}
lotteryRes.typebean1
等待了2秒
第3次抽奖结果{"beanCount":1,"code":"0","statisticsTimes":null,"sysTime":1625835288544,"message":null,"type":"bean1","remainLotteryTimes":0}
lotteryRes.typebean1
【天天抽奖】京豆1个，京豆1个，京豆1个


准备浇水十次
第1次浇水
等待了1秒
本次浇水结果:   {"code":"0","totalEnergy":62,"statisticsTimes":null,"totalWaterTimes":1,"sysTime":1625835291966,"finished":false,"message":null,"waterStatus":0,"sendAmount":10,"treeEnergy":2590}
剩余水滴62g
第2次浇水
等待了1秒
本次浇水结果:   {"code":"0","totalEnergy":52,"statisticsTimes":null,"totalWaterTimes":2,"sysTime":1625835294236,"finished":false,"message":null,"waterStatus":0,"sendAmount":10,"treeEnergy":2600}
剩余水滴52g
第3次浇水
等待了1秒
本次浇水结果:   {"code":"0","totalEnergy":42,"statisticsTimes":null,"totalWaterTimes":3,"sysTime":1625835296454,"finished":false,"message":null,"waterStatus":0,"sendAmount":10,"treeEnergy":2610}
剩余水滴42g
第4次浇水
等待了1秒
本次浇水结果:   {"code":"0","totalEnergy":32,"statisticsTimes":null,"totalWaterTimes":4,"sysTime":1625835298675,"finished":false,"message":null,"waterStatus":0,"sendAmount":10,"treeEnergy":2620}
剩余水滴32g
第5次浇水
等待了1秒
本次浇水结果:   {"code":"0","totalEnergy":22,"statisticsTimes":null,"totalWaterTimes":5,"sysTime":1625835300865,"finished":false,"message":null,"waterStatus":0,"sendAmount":10,"treeEnergy":2630}
剩余水滴22g
第6次浇水
等待了1秒
本次浇水结果:   {"code":"0","totalEnergy":12,"statisticsTimes":null,"totalWaterTimes":6,"sysTime":1625835303040,"finished":false,"message":null,"waterStatus":0,"sendAmount":10,"treeEnergy":2640}
剩余水滴12g
第7次浇水
等待了1秒
本次浇水结果:   {"code":"0","totalEnergy":2,"statisticsTimes":null,"totalWaterTimes":7,"sysTime":1625835305232,"finished":false,"message":null,"waterStatus":0,"sendAmount":10,"treeEnergy":2650}
剩余水滴2g
水滴不够，结束浇水

初始化任务列表
【首次浇水奖励】获得10g💧

【十次浇水奖励】任务未完成，今日浇水7次

finished 水果任务完成!

初始化任务列表
暂未给2个好友浇水

小鸭子游戏:小鸭子为你带回了水滴
小鸭子游戏:小鸭子和好友玩耍去啦
小鸭子游戏:小鸭子为你带回快速浇水卡
小鸭子游戏:小鸭子和好友玩耍去啦
小鸭子游戏:小鸭子和好友玩耍去啦
小鸭祝你新年新气象
开始检查剩余水滴能否再次浇水再次浇水

剩余水滴17g

背包已有道具:
快速浇水卡:20张
水滴翻倍卡:0张
水滴换京豆卡:0张
加签卡:0张

目前剩余水滴：【17】g,不再继续浇水,保留部分水滴用于完成第二天【十次浇水得水滴】任务
开始预测水果成熟时间


初始化任务列表

==============📣系统通知📣==============
东东农场
【京东账号2】Ycp_Dream
【水果名称】女士吊带背心
【已兑换水果】7次
【今日剩余助力👬】3次
【额外奖励】领取失败,原因：给您助力的人未达5个
【今日共浇水】7次
【剩余 水滴】17g💧
【水果🍉进度】44.17%，已浇水265次,还需335次
【预测】48天之后(2021-08-26日)可兑换水果🍉
您未提供push+推送所需的PUSH_PLUS_TOKEN，取消push+推送消息通知🚫

server酱发送通知消息成功🎉

您未提供Bark的APP推送BARK_PUSH，取消Bark推送消息通知🚫

您未提供telegram机器人推送所需的TG_BOT_TOKEN和TG_USER_ID，取消telegram推送消息通知🚫

您未提供钉钉机器人推送所需的DD_BOT_TOKEN或者DD_BOT_SECRET，取消钉钉推送消息通知🚫

您未提供企业微信机器人推送所需的QYWX_KEY，取消企业微信推送消息通知🚫

您未提供企业微信应用消息推送所需的QYWX_AM，取消企业微信应用消息推送消息通知🚫

您未提供iGot的推送IGOT_PUSH_KEY，取消iGot推送消息通知🚫


🔔东东农场, 结束! 🕛 166.387 秒

