
🔔东东农场, 开始!
开始获取配置文件


====================共4个京东账号Cookie=========

==================脚本执行- 北京时间(UTC+8)：6/30/2021, 12:18:17 PM=====================

您的东东农场互助码选择的是用&隔开

共4个京东账号

您提供了0个账号的农场助力码


开始【京东账号1】Ymh__Sirius

由于您第1个京东账号未提供shareCode,将采纳本脚本自带的助力码

第1个京东账号将要助力的好友["0a74407df5df4fa99672a037eec61f7e","dbb21614667246fabcfd9685b6f448f3","6fbd26cc27ac44d6a7fed34092453f77","61ff5c624949454aa88561f2cd721bf6","56db8e7bc5874668ba7d5195230d067a","b9d287c974cc498d94112f1b064cf934","23b49f5a106b4d61b2ea505d5a4e1056","8107cad4b82847a698ca7d7de9115f36"]

【京东账号1（15631692383_p）的东东农场好友互助码】0ba8fc4f54f34f0f962c46fe4ac9ab45


【已成功兑换水果】4次

开始助力好友
格式化后的助力码::["0a74407df5df4fa99672a037eec61f7e","dbb21614667246fabcfd9685b6f448f3","6fbd26cc27ac44d6a7fed34092453f77","61ff5c624949454aa88561f2cd721bf6","56db8e7bc5874668ba7d5195230d067a","b9d287c974cc498d94112f1b064cf934","23b49f5a106b4d61b2ea505d5a4e1056","8107cad4b82847a698ca7d7de9115f36"]

开始助力京东账号1 - Ymh__Sirius的好友: 0a74407df5df4fa99672a037eec61f7e
【助力好友结果】: 好友【￼】已满五人助力
【今日助力次数还剩】0次

您当前助力次数已耗尽，跳出助力
助力好友结束，即将开始领取额外水滴奖励


96卷卷纸种植中...


初始化任务列表
"Timeout awaiting 'request' for 10000ms"
东东农场 API请求失败，请检查网路重试
开始签到
今天已签到,连续签到5,下次签到可得25g

被水滴砸中： 否
签到结束,开始广告浏览任务
今天已经做过浏览广告任务

当前不在定时领水时间断或者已经领过

给2个好友浇水任务已完成


今日已邀请好友0个 / 每日邀请上限4个
开始删除4个好友,可拿每天的邀请奖励

开始删除好友 [a53059c401054f63a2847e244dd16464]
删除好友 [a53059c401054f63a2847e244dd16464] 成功


开始删除好友 [090623056cbc48fa9ad96c9f82673987]
删除好友 [090623056cbc48fa9ad96c9f82673987] 成功


开始删除好友 [d3b437ad46424634b5f873bbade4b221]
删除好友 [d3b437ad46424634b5f873bbade4b221] 成功


开始删除好友 [77606dcb89154f8db4e79c1d20ddfff1]
删除好友 [77606dcb89154f8db4e79c1d20ddfff1] 成功

今日未邀请过好友
开始打卡领水活动（签到，关注，领券）
开始领取--惊喜礼包38g水滴
开始打卡领水活动（签到，关注，领券）结束

水滴雨任务，每天两次，最多可得10g水滴
两次水滴雨任务是否全部完成：否
开始水滴雨任务,这是第2次，剩余0次
水滴雨waterRain
水滴雨任务执行成功，获得水滴：10g
【第2次水滴雨】获得10g水滴

助力好友未达到5个

京东昵称【peixi999】 在 2021-6-30 6:33:33 给您助过力

领取额外奖励水滴结束

是否到了领取免费赠送的抽奖机会----true
领取定时奖励结果{"code":"0","addTimes":1,"statisticsTimes":null,"sysTime":1625026790622,"message":null,"remainLotteryTimes":1}
浏览天天抽奖的第1个逛会场任务已完成
开始天天抽奖--好友助力--每人每天只有三次助力机会.
天天抽奖-助力￼失败,助力次数耗尽

---天天抽奖次数remainLotteryTimes----1次
开始抽奖
等待了2秒
第1次抽奖结果{"beanCount":1,"code":"0","statisticsTimes":null,"sysTime":1625026796434,"message":null,"type":"bean1","remainLotteryTimes":0}
lotteryRes.typebean1
【天天抽奖】京豆1个


今日已完成10次浇水任务


初始化任务列表
首次浇水奖励已领取

finished 水果任务完成!

初始化任务列表
给好友浇水的25g水滴奖励已领取

小鸭子游戏达到上限
开始检查剩余水滴能否再次浇水再次浇水

剩余水滴19g

背包已有道具:
快速浇水卡:48张
水滴翻倍卡:0张
水滴换京豆卡:37张
加签卡:0张

目前剩余水滴：【19】g,不再继续浇水,保留部分水滴用于完成第二天【十次浇水得水滴】任务
开始预测水果成熟时间


初始化任务列表

==============📣系统通知📣==============
东东农场
【京东账号1】Ymh__Sirius
【水果名称】96卷卷纸
【已兑换水果】4次
【今日剩余助力👬】0次
【额外奖励】领取失败,原因：给您助力的人未达5个
【助力您的好友】peixi999
【今日共浇水】16次
【剩余 水滴】19g💧
【水果🍉进度】3.09%，已浇水68次,还需2132次
【预测】134天之后(2021-11-11日)可兑换水果🍉

开始【京东账号2】Ycp_Dream

由于您第2个京东账号未提供shareCode,将采纳本脚本自带的助力码

第2个京东账号将要助力的好友["b1638a774d054a05a30a17d3b4d364b8","f92cb56c6a1349f5a35f0372aa041ea0","9c52670d52ad4e1a812f894563c746ea","8175509d82504e96828afc8b1bbb9cb3","2673c3777d4443829b2a635059953a28","d2d5d435675544679413cb9145577e0f"]

【京东账号2（jd_74a8d71c978d9）的东东农场好友互助码】b4feea51d143440695eb9ae7f21eaad5


【已成功兑换水果】7次

开始助力好友
格式化后的助力码::["b1638a774d054a05a30a17d3b4d364b8","f92cb56c6a1349f5a35f0372aa041ea0","9c52670d52ad4e1a812f894563c746ea","8175509d82504e96828afc8b1bbb9cb3","2673c3777d4443829b2a635059953a28","d2d5d435675544679413cb9145577e0f"]

开始助力京东账号2 - Ycp_Dream的好友: b1638a774d054a05a30a17d3b4d364b8
【助力好友结果】: 好友【zooooo58】已满五人助力
【今日助力次数还剩】3次

开始助力京东账号2 - Ycp_Dream的好友: f92cb56c6a1349f5a35f0372aa041ea0
【助力好友结果】: 好友【想去柏林的King】已满五人助力
【今日助力次数还剩】3次

开始助力京东账号2 - Ycp_Dream的好友: 9c52670d52ad4e1a812f894563c746ea
【助力好友结果】: 好友【YF302559954】已满五人助力
【今日助力次数还剩】3次

开始助力京东账号2 - Ycp_Dream的好友: 8175509d82504e96828afc8b1bbb9cb3
【助力好友结果】: 好友【W】已满五人助力
【今日助力次数还剩】3次

开始助力京东账号2 - Ycp_Dream的好友: 2673c3777d4443829b2a635059953a28
【助力好友结果】: 好友【幸运儿】已满五人助力
【今日助力次数还剩】3次

开始助力京东账号2 - Ycp_Dream的好友: d2d5d435675544679413cb9145577e0f
【助力好友结果】: 好友【Sliver Bullet】已满五人助力
【今日助力次数还剩】3次

助力好友结束，即将开始领取额外水滴奖励


女士吊带背心种植中...


初始化任务列表
开始签到
【签到成功】获得5g💧\n
被水滴砸中： 否
签到结束,开始广告浏览任务
正在进行广告浏览任务: 签到领钢镚
签到领钢镚浏览任务完成
领取浏览签到领钢镚广告奖励成功,获得10g
正在进行广告浏览任务: 9.9元5斤虾稻米
9.9元5斤虾稻米浏览任务完成
领取浏览9.9元5斤虾稻米广告奖励成功,获得10g
正在进行广告浏览任务: 一元抢萌宠好物
一元抢萌宠好物浏览任务完成
领取浏览一元抢萌宠好物广告奖励成功,获得8g
正在进行广告浏览任务: 大牌小样1分购
大牌小样1分购浏览任务完成
领取浏览大牌小样1分购广告奖励成功,获得8g
正在进行广告浏览任务: 抽奖领88个京豆
抽奖领88个京豆浏览任务完成
"Timeout awaiting 'request' for 10000ms"
东东农场 API请求失败，请检查网路重试
领取浏览抽奖领88个京豆广告奖励成功,获得10g
正在进行广告浏览任务: 浏览特价爆品
浏览特价爆品浏览任务完成
领取浏览浏览特价爆品广告奖励成功,获得10g
【广告浏览】完成6个,获得56g💧

【定时领水】获得5g💧

开始给好友浇水...

初始化任务列表
今日已给0个好友浇水
您的好友列表暂无好友,快去邀请您的好友吧!

今日已邀请好友0个 / 每日邀请上限4个
开始删除0个好友,可拿每天的邀请奖励
今日未邀请过好友
开始打卡领水活动（签到，关注，领券）
关注ID96
themeStep1--结果{"followState":"0","code":"0","todayGotWaterGoalTask":{"canPop":false},"statisticsTimes":null,"sysTime":1625026871122,"message":null}
themeStep2--结果{"amount":2,"code":"0","todayGotWaterGoalTask":{"canPop":false},"statisticsTimes":null,"sysTime":1625026872270,"message":null}
关注美妆馆，获得水滴2g
关注ID249
themeStep1--结果{"followState":"0","code":"0","todayGotWaterGoalTask":{"canPop":false},"statisticsTimes":null,"sysTime":1625026873425,"message":null}
themeStep2--结果{"amount":2,"code":"0","todayGotWaterGoalTask":{"canPop":false},"statisticsTimes":null,"sysTime":1625026874853,"message":null}
关注美食馆，获得水滴2g
关注ID673
themeStep1--结果{"followState":"0","code":"0","todayGotWaterGoalTask":{"canPop":false},"statisticsTimes":null,"sysTime":1625026876008,"message":null}
themeStep2--结果{"amount":2,"code":"0","todayGotWaterGoalTask":{"canPop":false},"statisticsTimes":null,"sysTime":1625026877181,"message":null}
关注东东超市，获得水滴2g
开始打卡领水活动（签到，关注，领券）结束

水滴雨任务，每天两次，最多可得10g水滴
两次水滴雨任务是否全部完成：否
开始水滴雨任务,这是第1次，剩余1次
水滴雨waterRain
水滴雨任务执行成功，获得水滴：10g
【第1次水滴雨】获得10g水滴

助力好友未达到5个
领取额外奖励水滴结束

是否到了领取免费赠送的抽奖机会----false
免费赠送的抽奖机会未到时间
开始浏览天天抽奖的第1个逛会场任务
浏览爆品会场
第1个逛会场任务完成，开始领取水滴奖励

天天抽奖浏览任务领取水滴
第1个逛会场任务领取水滴奖励完成

开始天天抽奖--好友助力--每人每天只有三次助力机会.
---天天抽奖次数remainLotteryTimes----2次
开始抽奖
等待了2秒
第1次抽奖结果{"code":"0","statisticsTimes":null,"sysTime":1625026899926,"addWater":10,"message":null,"type":"water1","remainLotteryTimes":1}
lotteryRes.typewater1
等待了2秒
第2次抽奖结果{"code":"0","statisticsTimes":null,"sysTime":1625026903095,"addWater":10,"message":null,"type":"water1","remainLotteryTimes":0}
lotteryRes.typewater1
【天天抽奖】水滴10g，水滴10g


准备浇水十次
第1次浇水
等待了1秒
本次浇水结果:   {"code":"0","totalEnergy":92,"statisticsTimes":null,"totalWaterTimes":4,"sysTime":1625026906418,"finished":false,"message":null,"waterStatus":0,"sendAmount":10,"treeEnergy":2150}
剩余水滴92g
第2次浇水
等待了1秒
本次浇水结果:   {"code":"0","totalEnergy":82,"statisticsTimes":null,"totalWaterTimes":5,"sysTime":1625026908576,"finished":false,"message":null,"waterStatus":0,"sendAmount":10,"treeEnergy":2160}
剩余水滴82g
第3次浇水
等待了1秒
本次浇水结果:   {"code":"0","totalEnergy":72,"statisticsTimes":null,"totalWaterTimes":6,"sysTime":1625026910767,"finished":false,"message":null,"waterStatus":0,"sendAmount":10,"treeEnergy":2170}
剩余水滴72g
第4次浇水
等待了1秒
本次浇水结果:   {"code":"0","totalEnergy":62,"statisticsTimes":null,"totalWaterTimes":7,"sysTime":1625026912942,"finished":false,"message":null,"waterStatus":0,"sendAmount":10,"treeEnergy":2180}
剩余水滴62g
第5次浇水
等待了1秒
本次浇水结果:   {"code":"0","totalEnergy":52,"statisticsTimes":null,"totalWaterTimes":8,"sysTime":1625026915083,"finished":false,"message":null,"waterStatus":0,"sendAmount":10,"treeEnergy":2190}
剩余水滴52g
第6次浇水
等待了1秒
本次浇水结果:   {"code":"0","totalEnergy":42,"statisticsTimes":null,"totalWaterTimes":9,"sysTime":1625026917236,"finished":false,"message":null,"waterStatus":0,"sendAmount":10,"treeEnergy":2200}
剩余水滴42g
第7次浇水
等待了1秒
本次浇水结果:   {"code":"0","totalEnergy":32,"statisticsTimes":null,"totalWaterTimes":10,"sysTime":1625026919400,"finished":false,"message":null,"waterStatus":0,"sendAmount":10,"treeEnergy":2210}
剩余水滴32g

初始化任务列表
首次浇水奖励已领取

【十次浇水奖励】获得10g💧

finished 水果任务完成!

初始化任务列表
暂未给2个好友浇水

小鸭子游戏:小鸭子为你带回了水滴
小鸭子游戏:小鸭子为你带回了水滴
小鸭子游戏:小鸭子和好友玩耍去啦
小鸭子游戏:小鸭子和好友玩耍去啦
小鸭子游戏:小鸭祝你新年新气象
小鸭子和好友玩耍去啦
开始检查剩余水滴能否再次浇水再次浇水

剩余水滴58g

背包已有道具:
快速浇水卡:20张
水滴翻倍卡:0张
水滴换京豆卡:0张
加签卡:0张

目前剩余水滴：【58】g,不再继续浇水,保留部分水滴用于完成第二天【十次浇水得水滴】任务
开始预测水果成熟时间


初始化任务列表

==============📣系统通知📣==============
东东农场
【京东账号2】Ycp_Dream
【水果名称】女士吊带背心
【已兑换水果】7次
【今日剩余助力👬】3次
【额外奖励】领取失败,原因：给您助力的人未达5个
【今日共浇水】10次
【剩余 水滴】58g💧
【水果🍉进度】36.83%，已浇水221次,还需379次
【预测】38天之后(2021-08-07日)可兑换水果🍉

开始【京东账号3】jd_585601a83bd48

由于您第3个京东账号未提供shareCode,将采纳本脚本自带的助力码

第3个京东账号将要助力的好友["b1638a774d054a05a30a17d3b4d364b8","f92cb56c6a1349f5a35f0372aa041ea0","9c52670d52ad4e1a812f894563c746ea","8175509d82504e96828afc8b1bbb9cb3","2673c3777d4443829b2a635059953a28","d2d5d435675544679413cb9145577e0f"]

【京东账号3（chao4596758）的东东农场好友互助码】684562df9749431d877d6329b7664552


【已成功兑换水果】2次

开始助力好友
格式化后的助力码::["b1638a774d054a05a30a17d3b4d364b8","f92cb56c6a1349f5a35f0372aa041ea0","9c52670d52ad4e1a812f894563c746ea","8175509d82504e96828afc8b1bbb9cb3","2673c3777d4443829b2a635059953a28","d2d5d435675544679413cb9145577e0f"]

开始助力京东账号3 - jd_585601a83bd48的好友: b1638a774d054a05a30a17d3b4d364b8
【助力好友结果】: 好友【zooooo58】已满五人助力
【今日助力次数还剩】3次

开始助力京东账号3 - jd_585601a83bd48的好友: f92cb56c6a1349f5a35f0372aa041ea0
【助力好友结果】: 好友【想去柏林的King】已满五人助力
【今日助力次数还剩】3次

开始助力京东账号3 - jd_585601a83bd48的好友: 9c52670d52ad4e1a812f894563c746ea
【助力好友结果】: 好友【YF302559954】已满五人助力
【今日助力次数还剩】3次

开始助力京东账号3 - jd_585601a83bd48的好友: 8175509d82504e96828afc8b1bbb9cb3
【助力好友结果】: 好友【W】已满五人助力
【今日助力次数还剩】3次

开始助力京东账号3 - jd_585601a83bd48的好友: 2673c3777d4443829b2a635059953a28
【助力好友结果】: 好友【幸运儿】已满五人助力
【今日助力次数还剩】3次

开始助力京东账号3 - jd_585601a83bd48的好友: d2d5d435675544679413cb9145577e0f
【助力好友结果】: 好友【Sliver Bullet】已满五人助力
【今日助力次数还剩】3次

助力好友结束，即将开始领取额外水滴奖励


8册十万个为什么种植中...


初始化任务列表
开始签到
【签到成功】获得5g💧\n
被水滴砸中： 否
签到结束,开始广告浏览任务
正在进行广告浏览任务: 签到领钢镚
签到领钢镚浏览任务完成
领取浏览签到领钢镚广告奖励成功,获得10g
正在进行广告浏览任务: 9.9元5斤虾稻米
9.9元5斤虾稻米浏览任务完成
领取浏览9.9元5斤虾稻米广告奖励成功,获得10g
正在进行广告浏览任务: 一元抢萌宠好物
一元抢萌宠好物浏览任务完成
领取浏览一元抢萌宠好物广告奖励成功,获得8g
正在进行广告浏览任务: 大牌小样1分购
大牌小样1分购浏览任务完成
领取浏览大牌小样1分购广告奖励成功,获得8g
正在进行广告浏览任务: 抽奖领88个京豆
抽奖领88个京豆浏览任务完成
领取浏览抽奖领88个京豆广告奖励成功,获得10g
正在进行广告浏览任务: 浏览特价爆品
"Timeout awaiting 'request' for 10000ms"
东东农场 API请求失败，请检查网路重试
浏览特价爆品浏览任务完成
领取浏览浏览特价爆品广告奖励成功,获得10g
【广告浏览】完成6个,获得56g💧

【定时领水】获得9g💧

开始给好友浇水...

初始化任务列表
今日已给0个好友浇水
您的好友列表暂无好友,快去邀请您的好友吧!

今日已邀请好友0个 / 每日邀请上限4个
开始删除0个好友,可拿每天的邀请奖励
今日未邀请过好友
开始打卡领水活动（签到，关注，领券）
开始今日签到
打卡结果{"amount":10,"code":"0","todayGotWaterGoalTask":{"canPop":false},"statisticsTimes":null,"signDay":1,"sysTime":1625026992013,"message":null}
【第1天签到】获得10g💧

关注ID96
themeStep1--结果{"followState":"0","code":"0","todayGotWaterGoalTask":{"canPop":false},"statisticsTimes":null,"sysTime":1625026993172,"message":null}
themeStep2--结果{"amount":2,"code":"0","todayGotWaterGoalTask":{"canPop":false},"statisticsTimes":null,"sysTime":1625026994339,"message":null}
关注美妆馆，获得水滴2g
关注ID249
themeStep1--结果{"followState":"0","code":"0","todayGotWaterGoalTask":{"canPop":false},"statisticsTimes":null,"sysTime":1625026995542,"message":null}
themeStep2--结果{"amount":2,"code":"0","todayGotWaterGoalTask":{"canPop":false},"statisticsTimes":null,"sysTime":1625026996709,"message":null}
关注美食馆，获得水滴2g
关注ID673
themeStep1--结果{"followState":"0","code":"0","todayGotWaterGoalTask":{"canPop":false},"statisticsTimes":null,"sysTime":1625026997848,"message":null}
themeStep2--结果{"amount":2,"code":"0","todayGotWaterGoalTask":{"canPop":false},"statisticsTimes":null,"sysTime":1625026998999,"message":null}
关注东东超市，获得水滴2g
开始打卡领水活动（签到，关注，领券）结束

水滴雨任务，每天两次，最多可得10g水滴
两次水滴雨任务是否全部完成：否
开始水滴雨任务,这是第1次，剩余1次
水滴雨waterRain
水滴雨任务执行成功，获得水滴：10g
【第1次水滴雨】获得10g水滴

助力好友未达到5个
领取额外奖励水滴结束

是否到了领取免费赠送的抽奖机会----false
免费赠送的抽奖机会未到时间
开始浏览天天抽奖的第1个逛会场任务
浏览爆品会场
第1个逛会场任务完成，开始领取水滴奖励

天天抽奖浏览任务领取水滴
第1个逛会场任务领取水滴奖励完成

开始天天抽奖--好友助力--每人每天只有三次助力机会.
---天天抽奖次数remainLotteryTimes----2次
开始抽奖
等待了2秒
第1次抽奖结果{"beanCount":2,"code":"0","statisticsTimes":null,"sysTime":1625027021051,"message":null,"type":"bean2","remainLotteryTimes":1}
lotteryRes.typebean2
等待了2秒
第2次抽奖结果{"beanCount":2,"code":"0","statisticsTimes":null,"sysTime":1625027024254,"message":null,"type":"bean2","remainLotteryTimes":0}
lotteryRes.typebean2
【天天抽奖】京豆2个，京豆2个


准备浇水十次
第1次浇水
等待了1秒
本次浇水结果:   {"code":"0","totalEnergy":242,"statisticsTimes":null,"totalWaterTimes":1,"sysTime":1625027032602,"finished":false,"message":null,"waterStatus":0,"sendAmount":10,"treeEnergy":600}
剩余水滴242g
第2次浇水
等待了1秒
本次浇水结果:   {"code":"0","totalEnergy":232,"statisticsTimes":null,"totalWaterTimes":2,"sysTime":1625027034865,"finished":false,"message":null,"waterStatus":0,"sendAmount":10,"treeEnergy":610}
剩余水滴232g
第3次浇水
等待了1秒
本次浇水结果:   {"code":"0","totalEnergy":222,"statisticsTimes":null,"totalWaterTimes":3,"sysTime":1625027042043,"finished":false,"message":null,"waterStatus":0,"sendAmount":10,"treeEnergy":620}
剩余水滴222g
第4次浇水
等待了1秒
本次浇水结果:   {"code":"0","totalEnergy":212,"statisticsTimes":null,"totalWaterTimes":4,"sysTime":1625027044227,"finished":false,"message":null,"waterStatus":0,"sendAmount":10,"treeEnergy":630}
剩余水滴212g
第5次浇水
等待了1秒
本次浇水结果:   {"code":"0","totalEnergy":202,"statisticsTimes":null,"totalWaterTimes":5,"sysTime":1625027046364,"finished":false,"message":null,"waterStatus":0,"sendAmount":10,"treeEnergy":640}
剩余水滴202g
第6次浇水
等待了1秒
本次浇水结果:   {"code":"0","totalEnergy":192,"statisticsTimes":null,"totalWaterTimes":6,"sysTime":1625027053518,"finished":false,"message":null,"waterStatus":0,"sendAmount":10,"treeEnergy":650}
剩余水滴192g
第7次浇水
等待了1秒
本次浇水结果:   {"code":"0","totalEnergy":182,"statisticsTimes":null,"totalWaterTimes":7,"sysTime":1625027055745,"finished":false,"message":null,"waterStatus":0,"sendAmount":10,"treeEnergy":660}
剩余水滴182g
第8次浇水
等待了1秒
本次浇水结果:   {"code":"0","totalEnergy":172,"statisticsTimes":null,"totalWaterTimes":8,"sysTime":1625027057909,"finished":false,"message":null,"waterStatus":0,"sendAmount":10,"treeEnergy":670}
剩余水滴172g
第9次浇水
等待了1秒
本次浇水结果:   {"code":"0","totalEnergy":162,"statisticsTimes":null,"totalWaterTimes":9,"sysTime":1625027065112,"finished":false,"message":null,"waterStatus":0,"sendAmount":10,"treeEnergy":680}
剩余水滴162g
第10次浇水
等待了1秒
本次浇水结果:   {"code":"0","totalEnergy":152,"statisticsTimes":null,"totalWaterTimes":10,"sysTime":1625027067271,"finished":false,"message":null,"waterStatus":0,"sendAmount":10,"treeEnergy":690}
剩余水滴152g

初始化任务列表
【首次浇水奖励】获得10g💧

【十次浇水奖励】获得10g💧

finished 水果任务完成!

初始化任务列表
暂未给2个好友浇水

小鸭子游戏:小鸭祝你新年新气象
小鸭子游戏:贪玩鸭滑雪去啦
小鸭子游戏:小鸭子为你带回了水滴
小鸭子游戏:小鸭子花下躲雨去啦
小鸭子游戏:小鸭子为你带回快速浇水卡
小鸭子和好友玩耍去啦
开始检查剩余水滴能否再次浇水再次浇水

剩余水滴180g

背包已有道具:
快速浇水卡:13张
水滴翻倍卡:未解锁
水滴换京豆卡:0张
加签卡:未解锁

目前剩余水滴：【180】g，可继续浇水
等待了1秒
本次浇水结果:   {"code":"0","totalEnergy":170,"statisticsTimes":null,"totalWaterTimes":11,"sysTime":1625027084323,"finished":false,"message":null,"waterStatus":0,"sendAmount":10,"treeEnergy":700}

浇水10g成功,剩余170

等待了1秒
本次浇水结果:   {"code":"0","totalEnergy":160,"statisticsTimes":null,"totalWaterTimes":12,"sysTime":1625027086497,"finished":false,"message":null,"waterStatus":0,"sendAmount":10,"treeEnergy":710}

浇水10g成功,剩余160

等待了1秒
本次浇水结果:   {"code":"0","totalEnergy":150,"statisticsTimes":null,"totalWaterTimes":13,"sysTime":1625027088654,"finished":false,"message":null,"waterStatus":0,"sendAmount":10,"treeEnergy":720}

浇水10g成功,剩余150

等待了1秒
本次浇水结果:   {"code":"0","totalEnergy":140,"statisticsTimes":null,"totalWaterTimes":14,"sysTime":1625027091026,"finished":false,"message":null,"waterStatus":0,"sendAmount":10,"treeEnergy":730}

浇水10g成功,剩余140

等待了1秒
本次浇水结果:   {"code":"0","totalEnergy":130,"statisticsTimes":null,"totalWaterTimes":15,"sysTime":1625027093185,"finished":false,"message":null,"waterStatus":0,"sendAmount":10,"treeEnergy":740}

浇水10g成功,剩余130

等待了1秒
本次浇水结果:   {"code":"0","totalEnergy":120,"statisticsTimes":null,"totalWaterTimes":16,"sysTime":1625027095340,"finished":false,"message":null,"waterStatus":0,"sendAmount":10,"treeEnergy":750}

浇水10g成功,剩余120

等待了1秒
本次浇水结果:   {"code":"0","totalEnergy":110,"statisticsTimes":null,"totalWaterTimes":17,"sysTime":1625027097867,"finished":false,"message":null,"waterStatus":0,"sendAmount":10,"treeEnergy":760}

浇水10g成功,剩余110

等待了1秒
本次浇水结果:   {"code":"0","totalEnergy":100,"statisticsTimes":null,"totalWaterTimes":18,"sysTime":1625027100033,"finished":false,"message":null,"waterStatus":0,"sendAmount":10,"treeEnergy":770}

浇水10g成功,剩余100

开始预测水果成熟时间


初始化任务列表

==============📣系统通知📣==============
东东农场
【京东账号3】jd_585601a83bd48
【水果名称】8册十万个为什么
【已兑换水果】2次
【今日剩余助力👬】3次
【额外奖励】领取失败,原因：给您助力的人未达5个
【今日共浇水】18次
【剩余 水滴】100g💧
【水果🍉进度】12.83%，已浇水77次,还需523次
【预测】29天之后(2021-07-29日)可兑换水果🍉

开始【京东账号4】jd_157332ewky

由于您第4个京东账号未提供shareCode,将采纳本脚本自带的助力码

第4个京东账号将要助力的好友["b1638a774d054a05a30a17d3b4d364b8","f92cb56c6a1349f5a35f0372aa041ea0","9c52670d52ad4e1a812f894563c746ea","8175509d82504e96828afc8b1bbb9cb3","2673c3777d4443829b2a635059953a28","d2d5d435675544679413cb9145577e0f"]

【京东账号4（jd_46df9eaa780aa）的东东农场好友互助码】39a336ab171a45208c0163482fdfdd5d


【已成功兑换水果】1次

开始助力好友
格式化后的助力码::["b1638a774d054a05a30a17d3b4d364b8","f92cb56c6a1349f5a35f0372aa041ea0","9c52670d52ad4e1a812f894563c746ea","8175509d82504e96828afc8b1bbb9cb3","2673c3777d4443829b2a635059953a28","d2d5d435675544679413cb9145577e0f"]

开始助力京东账号4 - jd_157332ewky的好友: b1638a774d054a05a30a17d3b4d364b8
【助力好友结果】: 好友【zooooo58】已满五人助力
【今日助力次数还剩】3次

开始助力京东账号4 - jd_157332ewky的好友: f92cb56c6a1349f5a35f0372aa041ea0
【助力好友结果】: 好友【想去柏林的King】已满五人助力
【今日助力次数还剩】3次

开始助力京东账号4 - jd_157332ewky的好友: 9c52670d52ad4e1a812f894563c746ea
【助力好友结果】: 好友【YF302559954】已满五人助力
【今日助力次数还剩】3次

开始助力京东账号4 - jd_157332ewky的好友: 8175509d82504e96828afc8b1bbb9cb3
【助力好友结果】: 好友【W】已满五人助力
【今日助力次数还剩】3次

开始助力京东账号4 - jd_157332ewky的好友: 2673c3777d4443829b2a635059953a28
【助力好友结果】: 好友【幸运儿】已满五人助力
【今日助力次数还剩】3次

开始助力京东账号4 - jd_157332ewky的好友: d2d5d435675544679413cb9145577e0f
【助力好友结果】: 好友【Sliver Bullet】已满五人助力
【今日助力次数还剩】3次

助力好友结束，即将开始领取额外水滴奖励


8册十万个为什么种植中...


初始化任务列表
开始签到
【签到成功】获得5g💧\n
被水滴砸中： 否
签到结束,开始广告浏览任务
正在进行广告浏览任务: 签到领钢镚
"Timeout awaiting 'request' for 10000ms"
东东农场 API请求失败，请检查网路重试
签到领钢镚浏览任务完成
领取浏览签到领钢镚广告奖励成功,获得10g
正在进行广告浏览任务: 9.9元5斤虾稻米
9.9元5斤虾稻米浏览任务完成
领取浏览9.9元5斤虾稻米广告奖励成功,获得10g
正在进行广告浏览任务: 一元抢萌宠好物
一元抢萌宠好物浏览任务完成
领取浏览一元抢萌宠好物广告奖励成功,获得8g
正在进行广告浏览任务: 大牌小样1分购
大牌小样1分购浏览任务完成
领取浏览大牌小样1分购广告奖励成功,获得8g
正在进行广告浏览任务: 抽奖领88个京豆
抽奖领88个京豆浏览任务完成
领取浏览抽奖领88个京豆广告奖励成功,获得10g
正在进行广告浏览任务: 浏览特价爆品
浏览特价爆品浏览任务完成
领取浏览浏览特价爆品广告奖励成功,获得10g
【广告浏览】完成6个,获得56g💧

【定时领水】获得9g💧

开始给好友浇水...

初始化任务列表
今日已给0个好友浇水
您的好友列表暂无好友,快去邀请您的好友吧!

今日已邀请好友0个 / 每日邀请上限4个
开始删除0个好友,可拿每天的邀请奖励
今日未邀请过好友
开始打卡领水活动（签到，关注，领券）
开始今日签到
打卡结果{"amount":10,"code":"0","todayGotWaterGoalTask":{"canPop":false},"statisticsTimes":null,"signDay":1,"sysTime":1625027169660,"message":null}
【第1天签到】获得10g💧

关注ID96
themeStep1--结果{"followState":"0","code":"0","todayGotWaterGoalTask":{"canPop":false},"statisticsTimes":null,"sysTime":1625027170811,"message":null}
themeStep2--结果{"amount":2,"code":"0","todayGotWaterGoalTask":{"canPop":false},"statisticsTimes":null,"sysTime":1625027172978,"message":null}
关注美妆馆，获得水滴2g
关注ID249
themeStep1--结果{"followState":"0","code":"0","todayGotWaterGoalTask":{"canPop":false},"statisticsTimes":null,"sysTime":1625027174134,"message":null}
themeStep2--结果{"amount":2,"code":"0","todayGotWaterGoalTask":{"canPop":false},"statisticsTimes":null,"sysTime":1625027175282,"message":null}
关注美食馆，获得水滴2g
关注ID673
themeStep1--结果{"followState":"0","code":"0","todayGotWaterGoalTask":{"canPop":false},"statisticsTimes":null,"sysTime":1625027176440,"message":null}
themeStep2--结果{"amount":2,"code":"0","todayGotWaterGoalTask":{"canPop":false},"statisticsTimes":null,"sysTime":1625027177615,"message":null}
关注东东超市，获得水滴2g
开始打卡领水活动（签到，关注，领券）结束

水滴雨任务，每天两次，最多可得10g水滴
两次水滴雨任务是否全部完成：否
开始水滴雨任务,这是第1次，剩余1次
水滴雨waterRain
水滴雨任务执行成功，获得水滴：10g
【第1次水滴雨】获得10g水滴

助力好友未达到5个
领取额外奖励水滴结束

是否到了领取免费赠送的抽奖机会----false
免费赠送的抽奖机会未到时间
开始浏览天天抽奖的第1个逛会场任务
浏览爆品会场
第1个逛会场任务完成，开始领取水滴奖励

天天抽奖浏览任务领取水滴
第1个逛会场任务领取水滴奖励完成

开始天天抽奖--好友助力--每人每天只有三次助力机会.
---天天抽奖次数remainLotteryTimes----2次
开始抽奖
等待了2秒
第1次抽奖结果{"beanCount":10,"code":"0","statisticsTimes":null,"sysTime":1625027205834,"message":null,"type":"bean4","remainLotteryTimes":1}
lotteryRes.typebean4
等待了2秒
第2次抽奖结果{"beanCount":2,"code":"0","statisticsTimes":null,"sysTime":1625027209015,"message":null,"type":"bean2","remainLotteryTimes":0}
lotteryRes.typebean2
【天天抽奖】京豆4个，京豆2个


准备浇水十次
第1次浇水
等待了1秒
本次浇水结果:   {"code":"0","totalEnergy":88,"statisticsTimes":null,"totalWaterTimes":1,"sysTime":1625027212590,"finished":false,"message":null,"waterStatus":0,"sendAmount":10,"treeEnergy":1650}
剩余水滴88g
第2次浇水
等待了1秒
本次浇水结果:   {"code":"0","totalEnergy":78,"statisticsTimes":null,"totalWaterTimes":2,"sysTime":1625027214749,"finished":false,"message":null,"waterStatus":0,"sendAmount":10,"treeEnergy":1660}
剩余水滴78g
第3次浇水
等待了1秒
本次浇水结果:   {"code":"0","totalEnergy":68,"statisticsTimes":null,"totalWaterTimes":3,"sysTime":1625027216916,"finished":false,"message":null,"waterStatus":0,"sendAmount":10,"treeEnergy":1670}
剩余水滴68g
第4次浇水
等待了1秒
本次浇水结果:   {"code":"0","totalEnergy":58,"statisticsTimes":null,"totalWaterTimes":4,"sysTime":1625027223998,"finished":false,"message":null,"waterStatus":0,"sendAmount":10,"treeEnergy":1680}
剩余水滴58g
第5次浇水
等待了1秒
本次浇水结果:   {"code":"0","totalEnergy":48,"statisticsTimes":null,"totalWaterTimes":5,"sysTime":1625027226162,"finished":false,"message":null,"waterStatus":0,"sendAmount":10,"treeEnergy":1690}
剩余水滴48g
第6次浇水
等待了1秒
本次浇水结果:   {"code":"0","totalEnergy":38,"statisticsTimes":null,"totalWaterTimes":6,"sysTime":1625027228321,"finished":false,"message":null,"waterStatus":0,"sendAmount":10,"treeEnergy":1700}
剩余水滴38g
第7次浇水
等待了1秒
本次浇水结果:   {"code":"0","totalEnergy":28,"statisticsTimes":null,"totalWaterTimes":7,"sysTime":1625027230484,"finished":false,"message":null,"waterStatus":0,"sendAmount":10,"treeEnergy":1710}
剩余水滴28g
第8次浇水
等待了1秒
本次浇水结果:   {"code":"0","totalEnergy":18,"statisticsTimes":null,"totalWaterTimes":8,"sysTime":1625027232640,"finished":false,"message":null,"waterStatus":0,"sendAmount":10,"treeEnergy":1720}
剩余水滴18g
第9次浇水
等待了1秒
本次浇水结果:   {"code":"0","totalEnergy":8,"statisticsTimes":null,"totalWaterTimes":9,"sysTime":1625027239729,"finished":false,"message":null,"waterStatus":0,"sendAmount":10,"treeEnergy":1730}
剩余水滴8g
水滴不够，结束浇水

初始化任务列表
【首次浇水奖励】获得10g💧

【十次浇水奖励】任务未完成，今日浇水9次

finished 水果任务完成!

初始化任务列表
暂未给2个好友浇水

小鸭子游戏:假日懒洋洋，小鸭晒太阳
小鸭子游戏:小鸭子为你带回了水滴
小鸭子游戏:小鸭子和好友玩耍去啦
小鸭子游戏:小鸭子开心喝奶茶中
小鸭子游戏:小鸭子为你带回了水滴
小鸭子花下躲雨去啦
开始检查剩余水滴能否再次浇水再次浇水

剩余水滴34g

背包已有道具:
快速浇水卡:9张
水滴翻倍卡:未解锁
水滴换京豆卡:3张
加签卡:0张

目前剩余水滴：【34】g,不再继续浇水,保留部分水滴用于完成第二天【十次浇水得水滴】任务
开始预测水果成熟时间


初始化任务列表

==============📣系统通知📣==============
东东农场
【京东账号4】jd_157332ewky
【水果名称】8册十万个为什么
【已兑换水果】1次
【今日剩余助力👬】3次
【额外奖励】领取失败,原因：给您助力的人未达5个
【今日共浇水】9次
【剩余 水滴】34g💧
【水果🍉进度】43.25%，已浇水173次,还需227次
【预测】25天之后(2021-07-25日)可兑换水果🍉
您未提供push+推送所需的PUSH_PLUS_TOKEN，取消push+推送消息通知🚫

server酱发送通知消息成功🎉

您未提供Bark的APP推送BARK_PUSH，取消Bark推送消息通知🚫

您未提供telegram机器人推送所需的TG_BOT_TOKEN和TG_USER_ID，取消telegram推送消息通知🚫

您未提供钉钉机器人推送所需的DD_BOT_TOKEN或者DD_BOT_SECRET，取消钉钉推送消息通知🚫

您未提供企业微信机器人推送所需的QYWX_KEY，取消企业微信推送消息通知🚫

您未提供企业微信应用消息推送所需的QYWX_AM，取消企业微信应用消息推送消息通知🚫

您未提供iGot的推送IGOT_PUSH_KEY，取消iGot推送消息通知🚫


🔔东东农场, 结束! 🕛 551.382 秒

