
🔔东东农场, 开始!
开始获取配置文件


====================共5个京东账号Cookie=========

==================脚本执行- 北京时间(UTC+8)：7/2/2021, 9:25:02 AM=====================

您的东东农场互助码选择的是用&隔开

共5个京东账号

您提供了0个账号的农场助力码


开始【京东账号1】Ymh__Sirius

由于您第1个京东账号未提供shareCode,将采纳本脚本自带的助力码

第1个京东账号将要助力的好友["0a74407df5df4fa99672a037eec61f7e","dbb21614667246fabcfd9685b6f448f3","6fbd26cc27ac44d6a7fed34092453f77","61ff5c624949454aa88561f2cd721bf6","56db8e7bc5874668ba7d5195230d067a","b9d287c974cc498d94112f1b064cf934","23b49f5a106b4d61b2ea505d5a4e1056","8107cad4b82847a698ca7d7de9115f36"]

【京东账号1（15631692383_p）的东东农场好友互助码】0ba8fc4f54f34f0f962c46fe4ac9ab45


【已成功兑换水果】4次

开始助力好友
格式化后的助力码::["0a74407df5df4fa99672a037eec61f7e","dbb21614667246fabcfd9685b6f448f3","6fbd26cc27ac44d6a7fed34092453f77","61ff5c624949454aa88561f2cd721bf6","56db8e7bc5874668ba7d5195230d067a","b9d287c974cc498d94112f1b064cf934","23b49f5a106b4d61b2ea505d5a4e1056","8107cad4b82847a698ca7d7de9115f36"]

开始助力京东账号1 - Ymh__Sirius的好友: 0a74407df5df4fa99672a037eec61f7e
【助力好友结果】: 好友【￼】已满五人助力
【今日助力次数还剩】0次

您当前助力次数已耗尽，跳出助力
助力好友结束，即将开始领取额外水滴奖励


96卷卷纸种植中...


初始化任务列表
开始签到
今天已签到,连续签到2,下次签到可得15g

被水滴砸中： 否
签到结束,开始广告浏览任务
今天已经做过浏览广告任务

当前不在定时领水时间断或者已经领过

给2个好友浇水任务已完成


今日已邀请好友0个 / 每日邀请上限4个
开始删除2个好友,可拿每天的邀请奖励

开始删除好友 [d3b437ad46424634b5f873bbade4b221]
删除好友 [d3b437ad46424634b5f873bbade4b221] 成功


开始删除好友 [77606dcb89154f8db4e79c1d20ddfff1]
删除好友 [77606dcb89154f8db4e79c1d20ddfff1] 成功

"Timeout awaiting 'request' for 10000ms"
东东农场 API请求失败，请检查网路重试
今日未邀请过好友
开始打卡领水活动（签到，关注，领券）
开始打卡领水活动（签到，关注，领券）结束

水滴雨任务，每天两次，最多可得10g水滴
两次水滴雨任务是否全部完成：否
`【第2次水滴雨】未到时间，请9:28:15 AM再试

助力好友未达到5个

京东昵称【peixi999】 在 2021-7-2 6:30:30 给您助过力

领取额外奖励水滴结束

是否到了领取免费赠送的抽奖机会----false
免费赠送的抽奖机会未到时间
浏览天天抽奖的第1个逛会场任务已完成
浏览天天抽奖的第2个逛会场任务已完成
开始天天抽奖--好友助力--每人每天只有三次助力机会.
天天抽奖-助力￼失败,助力次数耗尽

---天天抽奖次数remainLotteryTimes----0次
天天抽奖--抽奖机会为0次

准备浇水十次
第1次浇水
等待了1秒
本次浇水结果:   {"code":"0","totalEnergy":50,"statisticsTimes":null,"totalWaterTimes":9,"sysTime":1625189148021,"finished":false,"message":null,"waterStatus":0,"sendAmount":10,"treeEnergy":960}
剩余水滴50g
第2次浇水
等待了1秒
本次浇水结果:   {"code":"0","totalEnergy":40,"statisticsTimes":null,"totalWaterTimes":10,"sysTime":1625189150186,"finished":false,"message":null,"waterStatus":0,"sendAmount":10,"treeEnergy":970}
剩余水滴40g

初始化任务列表
首次浇水奖励已领取

【十次浇水奖励】获得10g💧

finished 水果任务完成!

初始化任务列表
给好友浇水的25g水滴奖励已领取

小鸭子游戏达到上限
开始检查剩余水滴能否再次浇水再次浇水

剩余水滴50g

背包已有道具:
快速浇水卡:47张
水滴翻倍卡:0张
水滴换京豆卡:37张
加签卡:0张

目前剩余水滴：【50】g,不再继续浇水,保留部分水滴用于完成第二天【十次浇水得水滴】任务
开始预测水果成熟时间


初始化任务列表

==============📣系统通知📣==============
东东农场
【京东账号1】Ymh__Sirius
【水果名称】96卷卷纸
【已兑换水果】4次
【今日剩余助力👬】0次
【额外奖励】领取失败,原因：给您助力的人未达5个
【助力您的好友】peixi999
【今日共浇水】10次
【剩余 水滴】50g💧
【水果🍉进度】4.41%，已浇水97次,还需2103次
【预测】210天之后(2022-01-28日)可兑换水果🍉

开始【京东账号2】Ycp_Dream

由于您第2个京东账号未提供shareCode,将采纳本脚本自带的助力码

第2个京东账号将要助力的好友["b1638a774d054a05a30a17d3b4d364b8","f92cb56c6a1349f5a35f0372aa041ea0","9c52670d52ad4e1a812f894563c746ea","8175509d82504e96828afc8b1bbb9cb3","2673c3777d4443829b2a635059953a28","d2d5d435675544679413cb9145577e0f"]

【京东账号2（jd_74a8d71c978d9）的东东农场好友互助码】b4feea51d143440695eb9ae7f21eaad5


【已成功兑换水果】7次

开始助力好友
格式化后的助力码::["b1638a774d054a05a30a17d3b4d364b8","f92cb56c6a1349f5a35f0372aa041ea0","9c52670d52ad4e1a812f894563c746ea","8175509d82504e96828afc8b1bbb9cb3","2673c3777d4443829b2a635059953a28","d2d5d435675544679413cb9145577e0f"]

开始助力京东账号2 - Ycp_Dream的好友: b1638a774d054a05a30a17d3b4d364b8
【助力好友结果】: 好友【zooooo58】已满五人助力
【今日助力次数还剩】3次

开始助力京东账号2 - Ycp_Dream的好友: f92cb56c6a1349f5a35f0372aa041ea0
【助力好友结果】: 好友【想去柏林的King】已满五人助力
【今日助力次数还剩】3次

开始助力京东账号2 - Ycp_Dream的好友: 9c52670d52ad4e1a812f894563c746ea
【助力好友结果】: 好友【YF302559954】已满五人助力
【今日助力次数还剩】3次

开始助力京东账号2 - Ycp_Dream的好友: 8175509d82504e96828afc8b1bbb9cb3
【助力好友结果】: 好友【W】已满五人助力
【今日助力次数还剩】3次

开始助力京东账号2 - Ycp_Dream的好友: 2673c3777d4443829b2a635059953a28
【助力好友结果】: 好友【幸运儿】已满五人助力
【今日助力次数还剩】3次

开始助力京东账号2 - Ycp_Dream的好友: d2d5d435675544679413cb9145577e0f
【助力好友结果】: 好友【Sliver Bullet】已满五人助力
【今日助力次数还剩】3次

助力好友结束，即将开始领取额外水滴奖励


女士吊带背心种植中...


初始化任务列表
开始签到
【签到成功】获得5g💧\n
被水滴砸中： 否
签到结束,开始广告浏览任务
正在进行广告浏览任务: 签到领钢镚
签到领钢镚浏览任务完成
领取浏览签到领钢镚广告奖励成功,获得10g
正在进行广告浏览任务: 1元抢好书
1元抢好书浏览任务完成
"Timeout awaiting 'request' for 10000ms"
东东农场 API请求失败，请检查网路重试
领取浏览1元抢好书广告奖励成功,获得10g
正在进行广告浏览任务: 9.9元4斤广西芒果
9.9元4斤广西芒果浏览任务完成
领取浏览9.9元4斤广西芒果广告奖励成功,获得10g
【广告浏览】完成3个,获得30g💧

当前不在定时领水时间断或者已经领过

开始给好友浇水...

初始化任务列表
今日已给0个好友浇水
您的好友列表暂无好友,快去邀请您的好友吧!

今日已邀请好友0个 / 每日邀请上限4个
开始删除0个好友,可拿每天的邀请奖励
今日未邀请过好友
开始打卡领水活动（签到，关注，领券）
关注ID96
themeStep1--结果{"followState":"0","code":"0","todayGotWaterGoalTask":{"canPop":false},"statisticsTimes":null,"sysTime":1625189225438,"message":null}
themeStep2--结果{"amount":2,"code":"0","todayGotWaterGoalTask":{"canPop":false},"statisticsTimes":null,"sysTime":1625189226609,"message":null}
关注美妆馆，获得水滴2g
关注ID249
themeStep1--结果{"followState":"0","code":"0","todayGotWaterGoalTask":{"canPop":false},"statisticsTimes":null,"sysTime":1625189227779,"message":null}
themeStep2--结果{"amount":2,"code":"0","todayGotWaterGoalTask":{"canPop":false},"statisticsTimes":null,"sysTime":1625189228913,"message":null}
关注美食馆，获得水滴2g
关注ID673
themeStep1--结果{"followState":"0","code":"0","todayGotWaterGoalTask":{"canPop":false},"statisticsTimes":null,"sysTime":1625189230077,"message":null}
themeStep2--结果{"amount":2,"code":"0","todayGotWaterGoalTask":{"canPop":false},"statisticsTimes":null,"sysTime":1625189231252,"message":null}
关注东东超市，获得水滴2g
开始打卡领水活动（签到，关注，领券）结束

水滴雨任务，每天两次，最多可得10g水滴
两次水滴雨任务是否全部完成：否
开始水滴雨任务,这是第1次，剩余1次
水滴雨waterRain
水滴雨任务执行成功，获得水滴：10g
【第1次水滴雨】获得10g水滴

助力好友未达到5个
领取额外奖励水滴结束

是否到了领取免费赠送的抽奖机会----false
免费赠送的抽奖机会未到时间
开始浏览天天抽奖的第1个逛会场任务
浏览爆品会场
第1个逛会场任务完成，开始领取水滴奖励

天天抽奖浏览任务领取水滴
第1个逛会场任务领取水滴奖励完成

开始浏览天天抽奖的第2个逛会场任务
浏览爆品会场
第2个逛会场任务完成，开始领取水滴奖励

天天抽奖浏览任务领取水滴
第2个逛会场任务领取水滴奖励完成

开始天天抽奖--好友助力--每人每天只有三次助力机会.
---天天抽奖次数remainLotteryTimes----3次
开始抽奖
等待了2秒
第1次抽奖结果{"beanCount":1,"code":"0","statisticsTimes":null,"sysTime":1625189257308,"message":null,"type":"bean1","remainLotteryTimes":2}
lotteryRes.typebean1
等待了2秒
第2次抽奖结果{"beanCount":1,"code":"0","statisticsTimes":null,"sysTime":1625189260495,"message":null,"type":"bean1","remainLotteryTimes":1}
lotteryRes.typebean1
等待了2秒
第3次抽奖结果{"beanCount":2,"code":"0","statisticsTimes":null,"sysTime":1625189263880,"message":null,"type":"bean2","remainLotteryTimes":0}
lotteryRes.typebean2
【天天抽奖】京豆1个，京豆1个，京豆2个


准备浇水十次
第1次浇水
等待了1秒
本次浇水结果:   {"code":"0","totalEnergy":41,"statisticsTimes":null,"totalWaterTimes":4,"sysTime":1625189267199,"finished":false,"message":null,"waterStatus":0,"sendAmount":10,"treeEnergy":2370}
剩余水滴41g
第2次浇水
等待了1秒
本次浇水结果:   {"code":"0","totalEnergy":31,"statisticsTimes":null,"totalWaterTimes":5,"sysTime":1625189269370,"finished":false,"message":null,"waterStatus":0,"sendAmount":10,"treeEnergy":2380}
剩余水滴31g
第3次浇水
等待了1秒
本次浇水结果:   {"code":"0","totalEnergy":21,"statisticsTimes":null,"totalWaterTimes":6,"sysTime":1625189271514,"finished":false,"message":null,"waterStatus":0,"sendAmount":10,"treeEnergy":2390}
剩余水滴21g
第4次浇水
等待了1秒
本次浇水结果:   {"code":"0","totalEnergy":11,"statisticsTimes":null,"totalWaterTimes":7,"sysTime":1625189273688,"finished":false,"message":null,"waterStatus":0,"sendAmount":10,"treeEnergy":2400}
剩余水滴11g
第5次浇水
等待了1秒
本次浇水结果:   {"code":"0","totalEnergy":1,"statisticsTimes":null,"totalWaterTimes":8,"sysTime":1625189275865,"finished":false,"message":null,"waterStatus":0,"sendAmount":10,"treeEnergy":2410}
剩余水滴1g
水滴不够，结束浇水

初始化任务列表
首次浇水奖励已领取

【十次浇水奖励】任务未完成，今日浇水8次

finished 水果任务完成!

初始化任务列表
暂未给2个好友浇水

小鸭子游戏:贪玩鸭滑雪去啦
小鸭子游戏:小鸭子为你带回快速浇水卡
小鸭子游戏:假日懒洋洋，小鸭晒太阳
小鸭子游戏:小鸭子为你带回了水滴
小鸭子游戏:贪吃鸭溜去采水果啦
贪吃鸭沉浸在美食之中
开始检查剩余水滴能否再次浇水再次浇水

剩余水滴6g

背包已有道具:
快速浇水卡:20张
水滴翻倍卡:0张
水滴换京豆卡:0张
加签卡:0张

目前剩余水滴：【6】g,不再继续浇水,保留部分水滴用于完成第二天【十次浇水得水滴】任务
开始预测水果成熟时间


初始化任务列表

==============📣系统通知📣==============
东东农场
【京东账号2】Ycp_Dream
【水果名称】女士吊带背心
【已兑换水果】7次
【今日剩余助力👬】3次
【额外奖励】领取失败,原因：给您助力的人未达5个
【今日共浇水】8次
【剩余 水滴】6g💧
【水果🍉进度】40.17%，已浇水241次,还需359次
【预测】45天之后(2021-08-16日)可兑换水果🍉

开始【京东账号3】jd_585601a83bd48

由于您第3个京东账号未提供shareCode,将采纳本脚本自带的助力码

第3个京东账号将要助力的好友["b1638a774d054a05a30a17d3b4d364b8","f92cb56c6a1349f5a35f0372aa041ea0","9c52670d52ad4e1a812f894563c746ea","8175509d82504e96828afc8b1bbb9cb3","2673c3777d4443829b2a635059953a28","d2d5d435675544679413cb9145577e0f"]

【京东账号3（chao4596758）的东东农场好友互助码】684562df9749431d877d6329b7664552


【已成功兑换水果】2次

开始助力好友
格式化后的助力码::["b1638a774d054a05a30a17d3b4d364b8","f92cb56c6a1349f5a35f0372aa041ea0","9c52670d52ad4e1a812f894563c746ea","8175509d82504e96828afc8b1bbb9cb3","2673c3777d4443829b2a635059953a28","d2d5d435675544679413cb9145577e0f"]

开始助力京东账号3 - jd_585601a83bd48的好友: b1638a774d054a05a30a17d3b4d364b8
【助力好友结果】: 好友【zooooo58】已满五人助力
【今日助力次数还剩】3次

开始助力京东账号3 - jd_585601a83bd48的好友: f92cb56c6a1349f5a35f0372aa041ea0
【助力好友结果】: 好友【想去柏林的King】已满五人助力
【今日助力次数还剩】3次

开始助力京东账号3 - jd_585601a83bd48的好友: 9c52670d52ad4e1a812f894563c746ea
【助力好友结果】: 好友【YF302559954】已满五人助力
【今日助力次数还剩】3次

开始助力京东账号3 - jd_585601a83bd48的好友: 8175509d82504e96828afc8b1bbb9cb3
【助力好友结果】: 好友【W】已满五人助力
【今日助力次数还剩】3次

开始助力京东账号3 - jd_585601a83bd48的好友: 2673c3777d4443829b2a635059953a28
【助力好友结果】: 好友【幸运儿】已满五人助力
【今日助力次数还剩】3次

开始助力京东账号3 - jd_585601a83bd48的好友: d2d5d435675544679413cb9145577e0f
【助力好友结果】: 好友【Sliver Bullet】已满五人助力
【今日助力次数还剩】3次

助力好友结束，即将开始领取额外水滴奖励


8册十万个为什么种植中...


初始化任务列表
"Timeout awaiting 'request' for 10000ms"
东东农场 API请求失败，请检查网路重试
开始签到
【签到成功】获得5g💧\n
被水滴砸中： 否
签到结束,开始广告浏览任务
正在进行广告浏览任务: 签到领钢镚
签到领钢镚浏览任务完成
领取浏览签到领钢镚广告奖励成功,获得10g
正在进行广告浏览任务: 1元抢好书
1元抢好书浏览任务完成
领取浏览1元抢好书广告奖励成功,获得10g
正在进行广告浏览任务: 9.9元4斤广西芒果
9.9元4斤广西芒果浏览任务完成
领取浏览9.9元4斤广西芒果广告奖励成功,获得10g
【广告浏览】完成3个,获得30g💧

当前不在定时领水时间断或者已经领过

开始给好友浇水...

初始化任务列表
今日已给0个好友浇水
您的好友列表暂无好友,快去邀请您的好友吧!

今日已邀请好友0个 / 每日邀请上限4个
开始删除0个好友,可拿每天的邀请奖励
今日未邀请过好友
开始打卡领水活动（签到，关注，领券）
开始今日签到
打卡结果{"amount":10,"code":"0","todayGotWaterGoalTask":{"canPop":false},"statisticsTimes":null,"signDay":1,"sysTime":1625189363949,"message":null}
【第1天签到】获得10g💧

关注ID96
themeStep1--结果{"followState":"0","code":"0","todayGotWaterGoalTask":{"canPop":false},"statisticsTimes":null,"sysTime":1625189365118,"message":null}
themeStep2--结果{"amount":2,"code":"0","todayGotWaterGoalTask":{"canPop":false},"statisticsTimes":null,"sysTime":1625189366281,"message":null}
关注美妆馆，获得水滴2g
关注ID249
themeStep1--结果{"followState":"0","code":"0","todayGotWaterGoalTask":{"canPop":false},"statisticsTimes":null,"sysTime":1625189367437,"message":null}
themeStep2--结果{"amount":2,"code":"0","todayGotWaterGoalTask":{"canPop":false},"statisticsTimes":null,"sysTime":1625189368601,"message":null}
关注美食馆，获得水滴2g
关注ID673
themeStep1--结果{"followState":"0","code":"0","todayGotWaterGoalTask":{"canPop":false},"statisticsTimes":null,"sysTime":1625189369758,"message":null}
themeStep2--结果{"amount":2,"code":"0","todayGotWaterGoalTask":{"canPop":false},"statisticsTimes":null,"sysTime":1625189370929,"message":null}
关注东东超市，获得水滴2g
开始打卡领水活动（签到，关注，领券）结束

水滴雨任务，每天两次，最多可得10g水滴
两次水滴雨任务是否全部完成：否
开始水滴雨任务,这是第1次，剩余1次
水滴雨waterRain
水滴雨任务执行成功，获得水滴：10g
【第1次水滴雨】获得10g水滴

助力好友未达到5个
领取额外奖励水滴结束

是否到了领取免费赠送的抽奖机会----false
免费赠送的抽奖机会未到时间
开始浏览天天抽奖的第1个逛会场任务
浏览爆品会场
第1个逛会场任务完成，开始领取水滴奖励

天天抽奖浏览任务领取水滴
第1个逛会场任务领取水滴奖励完成

开始浏览天天抽奖的第2个逛会场任务
浏览爆品会场
第2个逛会场任务完成，开始领取水滴奖励

天天抽奖浏览任务领取水滴
第2个逛会场任务领取水滴奖励完成

开始天天抽奖--好友助力--每人每天只有三次助力机会.
---天天抽奖次数remainLotteryTimes----3次
开始抽奖
等待了2秒
第1次抽奖结果{"beanCount":2,"code":"0","statisticsTimes":null,"sysTime":1625189397413,"message":null,"type":"bean2","remainLotteryTimes":2}
lotteryRes.typebean2
等待了2秒
第2次抽奖结果{"beanCount":1,"code":"0","statisticsTimes":null,"sysTime":1625189401127,"message":null,"type":"bean1","remainLotteryTimes":1}
lotteryRes.typebean1
等待了2秒
第3次抽奖结果{"beanCount":1,"code":"0","statisticsTimes":null,"sysTime":1625189404351,"message":null,"type":"bean1","remainLotteryTimes":0}
lotteryRes.typebean1
【天天抽奖】京豆2个，京豆1个，京豆1个


准备浇水十次
第1次浇水
等待了1秒
本次浇水结果:   {"code":"0","totalEnergy":156,"statisticsTimes":null,"totalWaterTimes":1,"sysTime":1625189408117,"finished":false,"message":null,"waterStatus":0,"sendAmount":10,"treeEnergy":780}
剩余水滴156g
第2次浇水
等待了1秒
本次浇水结果:   {"code":"0","totalEnergy":146,"statisticsTimes":null,"totalWaterTimes":2,"sysTime":1625189410672,"finished":false,"message":null,"waterStatus":0,"sendAmount":10,"treeEnergy":790}
剩余水滴146g
第3次浇水
等待了1秒
本次浇水结果:   {"code":"0","totalEnergy":136,"statisticsTimes":null,"totalWaterTimes":3,"sysTime":1625189414093,"finished":false,"message":null,"waterStatus":0,"sendAmount":10,"treeEnergy":800}
剩余水滴136g
第4次浇水
等待了1秒
本次浇水结果:   {"code":"0","totalEnergy":126,"statisticsTimes":null,"totalWaterTimes":4,"sysTime":1625189416266,"finished":false,"message":null,"waterStatus":0,"sendAmount":10,"treeEnergy":810}
剩余水滴126g
第5次浇水
等待了1秒
本次浇水结果:   {"code":"0","totalEnergy":116,"statisticsTimes":null,"totalWaterTimes":5,"sysTime":1625189418745,"finished":false,"message":null,"waterStatus":0,"sendAmount":10,"treeEnergy":820}
剩余水滴116g
第6次浇水
等待了1秒
本次浇水结果:   {"code":"0","totalEnergy":106,"statisticsTimes":null,"totalWaterTimes":6,"sysTime":1625189420922,"finished":false,"message":null,"waterStatus":0,"sendAmount":10,"treeEnergy":830}
剩余水滴106g
第7次浇水
等待了1秒
本次浇水结果:   {"code":"0","totalEnergy":96,"statisticsTimes":null,"totalWaterTimes":7,"sysTime":1625189423129,"finished":false,"message":null,"waterStatus":0,"sendAmount":10,"treeEnergy":840}
剩余水滴96g
第8次浇水
等待了1秒
本次浇水结果:   {"code":"0","totalEnergy":86,"statisticsTimes":null,"totalWaterTimes":8,"sysTime":1625189425456,"finished":false,"message":null,"waterStatus":0,"sendAmount":10,"treeEnergy":850}
剩余水滴86g
第9次浇水
等待了1秒
本次浇水结果:   {"code":"0","totalEnergy":76,"statisticsTimes":null,"totalWaterTimes":9,"sysTime":1625189427632,"finished":false,"message":null,"waterStatus":0,"sendAmount":10,"treeEnergy":860}
剩余水滴76g
第10次浇水
等待了1秒
本次浇水结果:   {"code":"0","totalEnergy":66,"statisticsTimes":null,"totalWaterTimes":10,"sysTime":1625189435018,"finished":false,"message":null,"waterStatus":0,"sendAmount":10,"treeEnergy":870}
剩余水滴66g

初始化任务列表
【首次浇水奖励】获得10g💧

【十次浇水奖励】获得10g💧

finished 水果任务完成!

初始化任务列表
暂未给2个好友浇水

小鸭子游戏:假日懒洋洋，小鸭晒太阳
小鸭子游戏:贪玩鸭滑雪去啦
小鸭子游戏:小鸭子为你带回快速浇水卡
小鸭子游戏:小鸭祝你新年新气象
小鸭子游戏:小鸭子为你带回了水滴
小鸭子还在努力乘风破浪
开始检查剩余水滴能否再次浇水再次浇水

剩余水滴91g

背包已有道具:
快速浇水卡:14张
水滴翻倍卡:未解锁
水滴换京豆卡:0张
加签卡:未解锁

目前剩余水滴：【91】g,不再继续浇水,保留部分水滴用于完成第二天【十次浇水得水滴】任务
开始预测水果成熟时间


初始化任务列表

==============📣系统通知📣==============
东东农场
【京东账号3】jd_585601a83bd48
【水果名称】8册十万个为什么
【已兑换水果】2次
【今日剩余助力👬】3次
【额外奖励】领取失败,原因：给您助力的人未达5个
【今日共浇水】10次
【剩余 水滴】91g💧
【水果🍉进度】14.50%，已浇水87次,还需513次
【预测】51天之后(2021-08-22日)可兑换水果🍉

开始【京东账号4】jd_157332ewky

由于您第4个京东账号未提供shareCode,将采纳本脚本自带的助力码

第4个京东账号将要助力的好友["b1638a774d054a05a30a17d3b4d364b8","f92cb56c6a1349f5a35f0372aa041ea0","9c52670d52ad4e1a812f894563c746ea","8175509d82504e96828afc8b1bbb9cb3","2673c3777d4443829b2a635059953a28","d2d5d435675544679413cb9145577e0f"]

【京东账号4（jd_46df9eaa780aa）的东东农场好友互助码】39a336ab171a45208c0163482fdfdd5d


【已成功兑换水果】1次

开始助力好友
格式化后的助力码::["b1638a774d054a05a30a17d3b4d364b8","f92cb56c6a1349f5a35f0372aa041ea0","9c52670d52ad4e1a812f894563c746ea","8175509d82504e96828afc8b1bbb9cb3","2673c3777d4443829b2a635059953a28","d2d5d435675544679413cb9145577e0f"]

开始助力京东账号4 - jd_157332ewky的好友: b1638a774d054a05a30a17d3b4d364b8
【助力好友结果】: 好友【zooooo58】已满五人助力
【今日助力次数还剩】3次

开始助力京东账号4 - jd_157332ewky的好友: f92cb56c6a1349f5a35f0372aa041ea0
【助力好友结果】: 好友【想去柏林的King】已满五人助力
【今日助力次数还剩】3次

开始助力京东账号4 - jd_157332ewky的好友: 9c52670d52ad4e1a812f894563c746ea
【助力好友结果】: 好友【YF302559954】已满五人助力
【今日助力次数还剩】3次

开始助力京东账号4 - jd_157332ewky的好友: 8175509d82504e96828afc8b1bbb9cb3
【助力好友结果】: 好友【W】已满五人助力
【今日助力次数还剩】3次

开始助力京东账号4 - jd_157332ewky的好友: 2673c3777d4443829b2a635059953a28
【助力好友结果】: 好友【幸运儿】已满五人助力
【今日助力次数还剩】3次

开始助力京东账号4 - jd_157332ewky的好友: d2d5d435675544679413cb9145577e0f
【助力好友结果】: 好友【Sliver Bullet】已满五人助力
【今日助力次数还剩】3次

助力好友结束，即将开始领取额外水滴奖励


8册十万个为什么种植中...


初始化任务列表
开始签到
【签到成功】获得5g💧\n
被水滴砸中： 否
签到结束,开始广告浏览任务
正在进行广告浏览任务: 签到领钢镚
签到领钢镚浏览任务完成
领取浏览签到领钢镚广告奖励成功,获得10g
正在进行广告浏览任务: 大牌小样1分购
"Timeout awaiting 'request' for 10000ms"
东东农场 API请求失败，请检查网路重试
大牌小样1分购浏览任务完成
领取浏览大牌小样1分购广告奖励成功,获得8g
正在进行广告浏览任务: 1元抢好书
1元抢好书浏览任务完成
领取浏览1元抢好书广告奖励成功,获得10g
正在进行广告浏览任务: 9.9元4斤广西芒果
9.9元4斤广西芒果浏览任务完成
领取浏览9.9元4斤广西芒果广告奖励成功,获得10g
【广告浏览】完成4个,获得38g💧

当前不在定时领水时间断或者已经领过

开始给好友浇水...

初始化任务列表
今日已给0个好友浇水
您的好友列表暂无好友,快去邀请您的好友吧!

今日已邀请好友0个 / 每日邀请上限4个
开始删除0个好友,可拿每天的邀请奖励
今日未邀请过好友
开始打卡领水活动（签到，关注，领券）
开始今日签到
打卡结果{"amount":10,"code":"0","todayGotWaterGoalTask":{"canPop":false},"statisticsTimes":null,"signDay":1,"sysTime":1625189545129,"message":null}
【第1天签到】获得10g💧

关注ID96
themeStep1--结果{"followState":"0","code":"0","todayGotWaterGoalTask":{"canPop":false},"statisticsTimes":null,"sysTime":1625189546488,"message":null}
themeStep2--结果{"amount":2,"code":"0","todayGotWaterGoalTask":{"canPop":false},"statisticsTimes":null,"sysTime":1625189549354,"message":null}
关注美妆馆，获得水滴2g
关注ID249
themeStep1--结果{"followState":"0","code":"0","todayGotWaterGoalTask":{"canPop":false},"statisticsTimes":null,"sysTime":1625189551832,"message":null}
themeStep2--结果{"amount":2,"code":"0","todayGotWaterGoalTask":{"canPop":false},"statisticsTimes":null,"sysTime":1625189553214,"message":null}
关注美食馆，获得水滴2g
关注ID673
themeStep1--结果{"followState":"0","code":"0","todayGotWaterGoalTask":{"canPop":false},"statisticsTimes":null,"sysTime":1625189559648,"message":null}
themeStep2--结果{"amount":2,"code":"0","todayGotWaterGoalTask":{"canPop":false},"statisticsTimes":null,"sysTime":1625189560834,"message":null}
关注东东超市，获得水滴2g
开始打卡领水活动（签到，关注，领券）结束

水滴雨任务，每天两次，最多可得10g水滴
两次水滴雨任务是否全部完成：否
开始水滴雨任务,这是第1次，剩余1次
水滴雨waterRain
水滴雨任务执行成功，获得水滴：10g
【第1次水滴雨】获得10g水滴

助力好友未达到5个
领取额外奖励水滴结束

是否到了领取免费赠送的抽奖机会----false
免费赠送的抽奖机会未到时间
开始浏览天天抽奖的第1个逛会场任务
浏览爆品会场
第1个逛会场任务完成，开始领取水滴奖励

天天抽奖浏览任务领取水滴
第1个逛会场任务领取水滴奖励完成

开始浏览天天抽奖的第2个逛会场任务
浏览爆品会场
第2个逛会场任务完成，开始领取水滴奖励

天天抽奖浏览任务领取水滴
第2个逛会场任务领取水滴奖励完成

开始天天抽奖--好友助力--每人每天只有三次助力机会.
---天天抽奖次数remainLotteryTimes----3次
开始抽奖
等待了2秒
第1次抽奖结果{"beanCount":1,"code":"0","statisticsTimes":null,"sysTime":1625189592838,"message":null,"type":"bean1","remainLotteryTimes":2}
lotteryRes.typebean1
等待了2秒
第2次抽奖结果{"code":"0","statisticsTimes":null,"sysTime":1625189596013,"message":null,"type":"thanks","remainLotteryTimes":1}
lotteryRes.typethanks
等待了2秒
第3次抽奖结果{"beanCount":1,"code":"0","statisticsTimes":null,"sysTime":1625189599205,"message":null,"type":"bean1","remainLotteryTimes":0}
lotteryRes.typebean1
【天天抽奖】京豆1个，谢谢参与，京豆1个


准备浇水十次
第1次浇水
等待了1秒
本次浇水结果:   {"code":"0","totalEnergy":98,"statisticsTimes":null,"totalWaterTimes":1,"sysTime":1625189602554,"finished":false,"message":null,"waterStatus":0,"sendAmount":10,"treeEnergy":1750}
剩余水滴98g
第2次浇水
等待了1秒
本次浇水结果:   {"code":"0","totalEnergy":88,"statisticsTimes":null,"totalWaterTimes":2,"sysTime":1625189604724,"finished":false,"message":null,"waterStatus":0,"sendAmount":10,"treeEnergy":1760}
剩余水滴88g
第3次浇水
等待了1秒
本次浇水结果:   {"code":"0","totalEnergy":78,"statisticsTimes":null,"totalWaterTimes":3,"sysTime":1625189606887,"finished":false,"message":null,"waterStatus":0,"sendAmount":10,"treeEnergy":1770}
剩余水滴78g
第4次浇水
等待了1秒
本次浇水结果:   {"code":"0","totalEnergy":68,"statisticsTimes":null,"totalWaterTimes":4,"sysTime":1625189611336,"finished":false,"message":null,"waterStatus":0,"sendAmount":10,"treeEnergy":1780}
剩余水滴68g
第5次浇水
等待了1秒
本次浇水结果:   {"code":"0","totalEnergy":58,"statisticsTimes":null,"totalWaterTimes":5,"sysTime":1625189629543,"finished":false,"message":null,"waterStatus":0,"sendAmount":10,"treeEnergy":1790}
剩余水滴58g
第6次浇水
等待了1秒
本次浇水结果:   {"code":"0","totalEnergy":48,"statisticsTimes":null,"totalWaterTimes":6,"sysTime":1625189631727,"finished":false,"message":null,"waterStatus":0,"sendAmount":10,"treeEnergy":1800}
剩余水滴48g
第7次浇水
等待了1秒
本次浇水结果:   {"code":"0","totalEnergy":38,"statisticsTimes":null,"totalWaterTimes":7,"sysTime":1625189633909,"finished":false,"message":null,"waterStatus":0,"sendAmount":10,"treeEnergy":1810}
剩余水滴38g
第8次浇水
等待了1秒
本次浇水结果:   {"code":"0","totalEnergy":28,"statisticsTimes":null,"totalWaterTimes":8,"sysTime":1625189636060,"finished":false,"message":null,"waterStatus":0,"sendAmount":10,"treeEnergy":1820}
剩余水滴28g
第9次浇水
等待了1秒
本次浇水结果:   {"code":"0","totalEnergy":18,"statisticsTimes":null,"totalWaterTimes":9,"sysTime":1625189638226,"finished":false,"message":null,"waterStatus":0,"sendAmount":10,"treeEnergy":1830}
剩余水滴18g
第10次浇水
等待了1秒
本次浇水结果:   {"code":"0","totalEnergy":8,"statisticsTimes":null,"totalWaterTimes":10,"sysTime":1625189640402,"finished":false,"message":null,"waterStatus":0,"sendAmount":10,"treeEnergy":1840}
剩余水滴8g
水滴不够，结束浇水

初始化任务列表
【首次浇水奖励】获得10g💧

【十次浇水奖励】获得10g💧

finished 水果任务完成!

初始化任务列表
暂未给2个好友浇水

小鸭子游戏:小鸭子为你带回了水滴
小鸭子游戏:小鸭子为你带回快速浇水卡
小鸭子游戏:小鸭子开心喝奶茶中
小鸭子游戏:小鸭子和好友玩耍去啦
小鸭子游戏:小鸭子和好友玩耍去啦
小鸭子和好友玩耍去啦
开始检查剩余水滴能否再次浇水再次浇水

剩余水滴33g

背包已有道具:
快速浇水卡:10张
水滴翻倍卡:未解锁
水滴换京豆卡:3张
加签卡:0张

目前剩余水滴：【33】g,不再继续浇水,保留部分水滴用于完成第二天【十次浇水得水滴】任务
开始预测水果成熟时间


初始化任务列表

==============📣系统通知📣==============
东东农场
【京东账号4】jd_157332ewky
【水果名称】8册十万个为什么
【已兑换水果】1次
【今日剩余助力👬】3次
【额外奖励】领取失败,原因：给您助力的人未达5个
【今日共浇水】10次
【剩余 水滴】33g💧
【水果🍉进度】46.00%，已浇水184次,还需216次
【预测】22天之后(2021-07-24日)可兑换水果🍉

开始【京东账号5】jd_157332zdf

由于您第5个京东账号未提供shareCode,将采纳本脚本自带的助力码

第5个京东账号将要助力的好友["b1638a774d054a05a30a17d3b4d364b8","f92cb56c6a1349f5a35f0372aa041ea0","9c52670d52ad4e1a812f894563c746ea","8175509d82504e96828afc8b1bbb9cb3","2673c3777d4443829b2a635059953a28","d2d5d435675544679413cb9145577e0f"]

【京东账号5（jd_67f63c904d8c6）的东东农场好友互助码】29a0c0768310431ca365807df27dcf7e


【已成功兑换水果】1次

开始助力好友
格式化后的助力码::["b1638a774d054a05a30a17d3b4d364b8","f92cb56c6a1349f5a35f0372aa041ea0","9c52670d52ad4e1a812f894563c746ea","8175509d82504e96828afc8b1bbb9cb3","2673c3777d4443829b2a635059953a28","d2d5d435675544679413cb9145577e0f"]

开始助力京东账号5 - jd_157332zdf的好友: b1638a774d054a05a30a17d3b4d364b8
【助力好友结果】: 好友【zooooo58】已满五人助力
【今日助力次数还剩】3次

开始助力京东账号5 - jd_157332zdf的好友: f92cb56c6a1349f5a35f0372aa041ea0
【助力好友结果】: 好友【想去柏林的King】已满五人助力
【今日助力次数还剩】3次

开始助力京东账号5 - jd_157332zdf的好友: 9c52670d52ad4e1a812f894563c746ea
【助力好友结果】: 好友【YF302559954】已满五人助力
【今日助力次数还剩】3次

开始助力京东账号5 - jd_157332zdf的好友: 8175509d82504e96828afc8b1bbb9cb3
【助力好友结果】: 好友【W】已满五人助力
【今日助力次数还剩】3次

开始助力京东账号5 - jd_157332zdf的好友: 2673c3777d4443829b2a635059953a28
【助力好友结果】: 好友【幸运儿】已满五人助力
【今日助力次数还剩】3次

开始助力京东账号5 - jd_157332zdf的好友: d2d5d435675544679413cb9145577e0f
【助力好友结果】: 好友【Sliver Bullet】已满五人助力
【今日助力次数还剩】3次

助力好友结束，即将开始领取额外水滴奖励


10双短袜种植中...


初始化任务列表
开始签到
【签到成功】获得5g💧\n
被水滴砸中： 否
签到结束,开始广告浏览任务
正在进行广告浏览任务: 签到领钢镚
签到领钢镚浏览任务完成
领取浏览签到领钢镚广告奖励成功,获得10g
正在进行广告浏览任务: 大牌小样1分购
大牌小样1分购浏览任务完成
领取浏览大牌小样1分购广告奖励成功,获得8g
正在进行广告浏览任务: 1元抢好书
1元抢好书浏览任务完成
领取浏览1元抢好书广告奖励成功,获得10g
正在进行广告浏览任务: 9.9元4斤广西芒果
9.9元4斤广西芒果浏览任务完成
领取浏览9.9元4斤广西芒果广告奖励成功,获得10g
【广告浏览】完成4个,获得38g💧

当前不在定时领水时间断或者已经领过

开始给好友浇水...

初始化任务列表
今日已给0个好友浇水
您的好友列表暂无好友,快去邀请您的好友吧!
"Timeout awaiting 'request' for 10000ms"
东东农场 API请求失败，请检查网路重试

今日已邀请好友0个 / 每日邀请上限4个
开始删除0个好友,可拿每天的邀请奖励
今日未邀请过好友
开始打卡领水活动（签到，关注，领券）
开始今日签到
打卡结果{"amount":10,"code":"0","todayGotWaterGoalTask":{"canPop":false},"statisticsTimes":null,"signDay":1,"sysTime":1625189713874,"message":null}
【第1天签到】获得10g💧

关注ID96
themeStep1--结果{"followState":"0","code":"0","todayGotWaterGoalTask":{"canPop":false},"statisticsTimes":null,"sysTime":1625189715028,"message":null}
themeStep2--结果{"amount":2,"code":"0","todayGotWaterGoalTask":{"canPop":false},"statisticsTimes":null,"sysTime":1625189716203,"message":null}
关注美妆馆，获得水滴2g
关注ID249
themeStep1--结果{"followState":"0","code":"0","todayGotWaterGoalTask":{"canPop":false},"statisticsTimes":null,"sysTime":1625189717366,"message":null}
themeStep2--结果{"amount":2,"code":"0","todayGotWaterGoalTask":{"canPop":false},"statisticsTimes":null,"sysTime":1625189718520,"message":null}
关注美食馆，获得水滴2g
关注ID673
themeStep1--结果{"followState":"0","code":"0","todayGotWaterGoalTask":{"canPop":false},"statisticsTimes":null,"sysTime":1625189724612,"message":null}
themeStep2--结果{"amount":2,"code":"0","todayGotWaterGoalTask":{"canPop":false},"statisticsTimes":null,"sysTime":1625189725769,"message":null}
关注东东超市，获得水滴2g
开始打卡领水活动（签到，关注，领券）结束

水滴雨任务，每天两次，最多可得10g水滴
两次水滴雨任务是否全部完成：否
开始水滴雨任务,这是第1次，剩余1次
水滴雨waterRain
水滴雨任务执行成功，获得水滴：10g
【第1次水滴雨】获得10g水滴

助力好友未达到5个
领取额外奖励水滴结束

是否到了领取免费赠送的抽奖机会----false
免费赠送的抽奖机会未到时间
开始浏览天天抽奖的第1个逛会场任务
浏览爆品会场
第1个逛会场任务完成，开始领取水滴奖励

天天抽奖浏览任务领取水滴
第1个逛会场任务领取水滴奖励完成

开始浏览天天抽奖的第2个逛会场任务
浏览爆品会场
第2个逛会场任务完成，开始领取水滴奖励

天天抽奖浏览任务领取水滴
第2个逛会场任务领取水滴奖励完成

开始天天抽奖--好友助力--每人每天只有三次助力机会.
---天天抽奖次数remainLotteryTimes----3次
开始抽奖
等待了2秒
第1次抽奖结果{"beanCount":1,"code":"0","statisticsTimes":null,"sysTime":1625189756650,"message":null,"type":"bean1","remainLotteryTimes":2}
lotteryRes.typebean1
等待了2秒
第2次抽奖结果{"beanCount":1,"code":"0","statisticsTimes":null,"sysTime":1625189759830,"message":null,"type":"bean1","remainLotteryTimes":1}
lotteryRes.typebean1
等待了2秒
第3次抽奖结果{"beanCount":1,"code":"0","statisticsTimes":null,"sysTime":1625189763007,"message":null,"type":"bean1","remainLotteryTimes":0}
lotteryRes.typebean1
【天天抽奖】京豆1个，京豆1个，京豆1个


准备浇水十次
第1次浇水
等待了1秒
本次浇水结果:   {"code":"0","totalEnergy":171,"statisticsTimes":null,"totalWaterTimes":1,"sysTime":1625189766371,"finished":false,"message":null,"waterStatus":0,"sendAmount":10,"treeEnergy":250}
剩余水滴171g
第2次浇水
等待了1秒
本次浇水结果:   {"code":"0","totalEnergy":161,"statisticsTimes":null,"totalWaterTimes":2,"sysTime":1625189768552,"finished":false,"message":null,"waterStatus":0,"sendAmount":10,"treeEnergy":260}
剩余水滴161g
第3次浇水
等待了1秒
本次浇水结果:   {"code":"0","totalEnergy":151,"statisticsTimes":null,"totalWaterTimes":3,"sysTime":1625189770711,"finished":false,"message":null,"waterStatus":0,"sendAmount":10,"treeEnergy":270}
剩余水滴151g
第4次浇水
等待了1秒
本次浇水结果:   {"code":"0","totalEnergy":141,"statisticsTimes":null,"totalWaterTimes":4,"sysTime":1625189772879,"finished":false,"message":null,"waterStatus":0,"sendAmount":10,"treeEnergy":280}
剩余水滴141g
第5次浇水
等待了1秒
本次浇水结果:   {"code":"0","totalEnergy":131,"statisticsTimes":null,"totalWaterTimes":5,"sysTime":1625189775041,"finished":false,"message":null,"waterStatus":0,"sendAmount":10,"treeEnergy":290}
剩余水滴131g
第6次浇水
等待了1秒
本次浇水结果:   {"code":"0","totalEnergy":121,"statisticsTimes":null,"totalWaterTimes":6,"sysTime":1625189777206,"finished":false,"message":null,"waterStatus":0,"sendAmount":10,"treeEnergy":300}
剩余水滴121g
第7次浇水
等待了1秒
本次浇水结果:   {"code":"0","totalEnergy":111,"statisticsTimes":null,"totalWaterTimes":7,"sysTime":1625189779360,"finished":false,"message":null,"waterStatus":0,"sendAmount":10,"treeEnergy":310}
剩余水滴111g
第8次浇水
等待了1秒
本次浇水结果:   {"code":"0","totalEnergy":101,"statisticsTimes":null,"totalWaterTimes":8,"sysTime":1625189781562,"finished":false,"message":null,"waterStatus":0,"sendAmount":10,"treeEnergy":320}
剩余水滴101g
第9次浇水
等待了1秒
本次浇水结果:   {"code":"0","totalEnergy":91,"statisticsTimes":null,"totalWaterTimes":9,"sysTime":1625189783732,"finished":false,"message":null,"waterStatus":0,"sendAmount":10,"treeEnergy":330}
剩余水滴91g
第10次浇水
等待了1秒
本次浇水结果:   {"code":"0","totalEnergy":81,"statisticsTimes":null,"totalWaterTimes":10,"sysTime":1625189785904,"finished":false,"message":null,"waterStatus":0,"sendAmount":10,"treeEnergy":340}
剩余水滴81g

初始化任务列表
【首次浇水奖励】获得10g💧

【十次浇水奖励】获得10g💧

finished 水果任务完成!

初始化任务列表
暂未给2个好友浇水

小鸭子游戏:假日懒洋洋，小鸭晒太阳
小鸭子游戏:小鸭子花下躲雨去啦
小鸭子游戏:小鸭子为你带回快速浇水卡
小鸭子游戏:小鸭子为你带回了水滴
小鸭子游戏:小鸭祝你新年新气象
小鸭子和好友玩耍去啦
开始检查剩余水滴能否再次浇水再次浇水

剩余水滴106g

背包已有道具:
快速浇水卡:7张
水滴翻倍卡:未解锁
水滴换京豆卡:未解锁
加签卡:未解锁

目前剩余水滴：【106】g,不再继续浇水,保留部分水滴用于完成第二天【十次浇水得水滴】任务
开始预测水果成熟时间


初始化任务列表

==============📣系统通知📣==============
东东农场
【京东账号5】jd_157332zdf
【水果名称】10双短袜
【已兑换水果】1次
【今日剩余助力👬】3次
【额外奖励】领取失败,原因：给您助力的人未达5个
【今日共浇水】10次
【剩余 水滴】106g💧
【水果🍉进度】8.50%，已浇水34次,还需366次
【结果进度】再浇水25次结果
【预测】36天之后(2021-08-07日)可兑换水果🍉
您未提供push+推送所需的PUSH_PLUS_TOKEN，取消push+推送消息通知🚫

server酱发送通知消息成功🎉

您未提供Bark的APP推送BARK_PUSH，取消Bark推送消息通知🚫

您未提供telegram机器人推送所需的TG_BOT_TOKEN和TG_USER_ID，取消telegram推送消息通知🚫

您未提供钉钉机器人推送所需的DD_BOT_TOKEN或者DD_BOT_SECRET，取消钉钉推送消息通知🚫

您未提供企业微信机器人推送所需的QYWX_KEY，取消企业微信推送消息通知🚫

您未提供企业微信应用消息推送所需的QYWX_AM，取消企业微信应用消息推送消息通知🚫

您未提供iGot的推送IGOT_PUSH_KEY，取消iGot推送消息通知🚫


🔔东东农场, 结束! 🕛 703.714 秒

