
🔔东东农场, 开始!
开始获取配置文件


====================共2个京东账号Cookie=========

==================脚本执行- 北京时间(UTC+8)：7/12/2021, 12:07:08 AM=====================

您的东东农场互助码选择的是用&隔开

共2个京东账号

您提供了0个账号的农场助力码


开始【京东账号1】Ymh__Sirius

由于您第1个京东账号未提供shareCode,将采纳本脚本自带的助力码

"Response code 530 (undefined)"
东东农场 API请求失败，请检查网路重试
第1个京东账号将要助力的好友["0a74407df5df4fa99672a037eec61f7e","dbb21614667246fabcfd9685b6f448f3","6fbd26cc27ac44d6a7fed34092453f77","61ff5c624949454aa88561f2cd721bf6","56db8e7bc5874668ba7d5195230d067a","b9d287c974cc498d94112f1b064cf934","23b49f5a106b4d61b2ea505d5a4e1056","8107cad4b82847a698ca7d7de9115f36"]

【京东账号1（15631692383_p）的东东农场好友互助码】0ba8fc4f54f34f0f962c46fe4ac9ab45


【已成功兑换水果】4次

开始助力好友
格式化后的助力码::["0a74407df5df4fa99672a037eec61f7e","dbb21614667246fabcfd9685b6f448f3","6fbd26cc27ac44d6a7fed34092453f77","61ff5c624949454aa88561f2cd721bf6","56db8e7bc5874668ba7d5195230d067a","b9d287c974cc498d94112f1b064cf934","23b49f5a106b4d61b2ea505d5a4e1056","8107cad4b82847a698ca7d7de9115f36"]

开始助力京东账号1 - Ymh__Sirius的好友: 0a74407df5df4fa99672a037eec61f7e
【助力好友结果】: 好友【￼】已满五人助力
【今日助力次数还剩】3次

开始助力京东账号1 - Ymh__Sirius的好友: dbb21614667246fabcfd9685b6f448f3
【助力好友结果】: 好友【可爱的? ?】已满五人助力
【今日助力次数还剩】3次

开始助力京东账号1 - Ymh__Sirius的好友: 6fbd26cc27ac44d6a7fed34092453f77
【助力好友结果】: 好友【未来可期。】已满五人助力
【今日助力次数还剩】3次

开始助力京东账号1 - Ymh__Sirius的好友: 61ff5c624949454aa88561f2cd721bf6
【助力好友结果】: 好友【jd_159928uwd】已满五人助力
【今日助力次数还剩】3次

开始助力京东账号1 - Ymh__Sirius的好友: 56db8e7bc5874668ba7d5195230d067a
【助力好友结果】: 好友【柒仟万】已满五人助力
【今日助力次数还剩】3次

开始助力京东账号1 - Ymh__Sirius的好友: b9d287c974cc498d94112f1b064cf934
【助力好友结果】: 好友【jd_173798fjh】已满五人助力
【今日助力次数还剩】3次

开始助力京东账号1 - Ymh__Sirius的好友: 23b49f5a106b4d61b2ea505d5a4e1056
【助力好友结果】: 好友【jd_mCbhXxmqzYJC】已满五人助力
【今日助力次数还剩】3次

开始助力京东账号1 - Ymh__Sirius的好友: 8107cad4b82847a698ca7d7de9115f36
【助力好友结果】: 好友【jd_6423ed8a93620】已满五人助力
【今日助力次数还剩】3次

助力好友结束，即将开始领取额外水滴奖励


96卷卷纸种植中...


初始化任务列表
开始签到
【签到成功】获得10g💧\n
被水滴砸中： 否
签到结束,开始广告浏览任务
正在进行广告浏览任务: 签到领钢镚
签到领钢镚浏览任务完成
领取浏览签到领钢镚广告奖励成功,获得10g
正在进行广告浏览任务: 9.9元抢奶锅
9.9元抢奶锅浏览任务完成
领取浏览9.9元抢奶锅广告奖励成功,获得10g
正在进行广告浏览任务: 好物低至1元
好物低至1元浏览任务完成
领取浏览好物低至1元广告奖励成功,获得10g
【广告浏览】完成3个,获得30g💧

【定时领水】获得5g💧

开始给好友浇水...

初始化任务列表
今日已给0个好友浇水
需要浇水的好友列表shareCodes:["b44222b3e2ab488a817cb7fd1b11ae5d","966a8c23bd144b16b765ebebeee1c960"]
为第1个好友浇水结果:{"code":"0","cardInfo":{"type":"doubleCard","beanAward":-1,"useTimesInDay":-1,"version":1,"rule":"可将水壶内水滴翻倍，最多增加100g","way":"添加好友、帮好友浇水","cardSubTitle":"壶中水滴翻倍，上限100g"},"remainTimeSeconds":85946,"firstWater":false,"statisticsTimes":null,"sysTime":1626019654327,"sendCard":"doubleCard","message":null}

为好友浇水获得道具了
获取道具卡:可将水壶内水滴翻倍，最多增加100g
为第2个好友浇水结果:{"code":"0","cardInfo":{"type":"beanCard","beanAward":20,"useTimesInDay":-1,"version":1,"rule":"兑换后的京豆有效期为90天","way":"添加好友、帮好友浇水","cardSubTitle":"限时翻倍，100g水滴换20京豆"},"remainTimeSeconds":85945,"firstWater":false,"statisticsTimes":null,"sysTime":1626019655517,"sendCard":"beanCard","message":null}

为好友浇水获得道具了
获取道具卡:兑换后的京豆有效期为90天
【好友浇水】已给2个好友浇水,消耗20g水

【好友浇水奖励】水滴翻倍卡,水滴换豆卡


今日已邀请好友0个 / 每日邀请上限4个
开始删除4个好友,可拿每天的邀请奖励

开始删除好友 [b44222b3e2ab488a817cb7fd1b11ae5d]
删除好友 [b44222b3e2ab488a817cb7fd1b11ae5d] 成功


开始删除好友 [966a8c23bd144b16b765ebebeee1c960]
删除好友 [966a8c23bd144b16b765ebebeee1c960] 成功


开始删除好友 [d3b437ad46424634b5f873bbade4b221]
删除好友 [d3b437ad46424634b5f873bbade4b221] 成功


开始删除好友 [77606dcb89154f8db4e79c1d20ddfff1]
