
🔔东东健康社区, 开始!

====================共2个京东账号Cookie=========

==================脚本执行- 北京时间(UTC+8)：7/9/2021, 8:55:44 PM=====================

如果出现提示 ?.data. 错误，请升级nodejs版本(进入容器后，apk add nodejs-current)
开始获取东东健康社区配置文件

共2个京东账号

您提供了0个账号的东东健康社区助力码


******开始【京东账号1】15631692383_p*********

由于您第1个京东账号未提供shareCode,将采纳本脚本自带的助力码

开始
"connect ENETUNREACH 2606:4700:3032::ac43:b0f8:80 - Local (:::0)"
东东健康社区 health/read API请求失败，请检查网路重试
第1个京东账号将要助力的好友["T019-aknAFRllhyoQlyI46gCjVfnoaW5kRrbA","T0225KkcRhcbp1CBJhv0wfZedQCjVfnoaW5kRrbA","T010_aU6SR8Q_QCjVfnoaW5kRrbA","T0225KkcREtN9lOGJUinl_dfcwCjVfnoaW5kRrbA","T0225KkcRBYdoFaGIxOnnPMJdACjVfnoaW5kRrbA","T027Zm_olqSxIOtH97BATGmKoWraLawCjVfnoaW5kRrbA","T0225KkcRk1N_FeCJhv3xvdfcQCjVfnoaW5kRrbA"]
签到领健康能量任务，完成次数：1/1

【京东账号1（15631692383_p）的东东健康社区好友互助码】T018v_h1Qx8f_FbUKBmb1ACjVfnoaW5kRrbA

香丹清京东自营旗舰店任务，完成次数：0/5
去完成香丹清京东自营旗舰店任务
去完成香丹清京东自营旗舰店任务
去完成香丹清京东自营旗舰店任务
去完成香丹清京东自营旗舰店任务
去完成香丹清京东自营旗舰店任务
金玛神大药店旗舰店任务，完成次数：0/5
去完成金玛神大药店旗舰店任务
去完成金玛神大药店旗舰店任务
去完成金玛神大药店旗舰店任务
去完成金玛神大药店旗舰店任务
去完成金玛神大药店旗舰店任务
中医健康体质测评任务，完成次数：0/3
去完成中医健康体质测评任务
去完成中医健康体质测评任务
去完成中医健康体质测评任务
健康品牌首购低至1元任务，完成次数：5/5
加入母婴社群1元得退热贴任务，完成次数：1/1
早起打卡(06:00-09:00)任务，完成次数：1/1
任务完成成功，获得：0能量
去助力好友T019-aknAFRllhyoQlyI46gCjVfnoaW5kRrbA
任务完成失败：助力失败丨助力已满员！谢谢你哦~
去助力好友T0225KkcRhcbp1CBJhv0wfZedQCjVfnoaW5kRrbA
任务完成失败：助力失败丨助力已满员！谢谢你哦~
去助力好友T010_aU6SR8Q_QCjVfnoaW5kRrbA
任务完成失败：助力失败丨助力已满员！谢谢你哦~
去助力好友T0225KkcREtN9lOGJUinl_dfcwCjVfnoaW5kRrbA
任务完成失败：助力失败丨助力已满员！谢谢你哦~
去助力好友T0225KkcRBYdoFaGIxOnnPMJdACjVfnoaW5kRrbA
任务完成失败：助力失败丨助力已满员！谢谢你哦~
去助力好友T027Zm_olqSxIOtH97BATGmKoWraLawCjVfnoaW5kRrbA
任务完成失败：助力失败丨助力已满员！谢谢你哦~
去助力好友T0225KkcRk1N_FeCJhv3xvdfcQCjVfnoaW5kRrbA
任务完成失败：助力失败丨助力已满员！谢谢你哦~
健康一下任务，完成次数：1/1

==============📣系统通知📣==============
东东健康社区
京东账号1 15631692383_p
本次获得0健康值，累计1692970健康值


******开始【京东账号2】jd_74a8d71c978d9*********

由于您第2个京东账号未提供shareCode,将采纳本脚本自带的助力码

开始
"Response code 530 (undefined)"
东东健康社区 health/read API请求失败，请检查网路重试
第2个京东账号将要助力的好友["T019-aknAFRllhyoQlyI46gCjVfnoaW5kRrbA","T0225KkcRhcbp1CBJhv0wfZedQCjVfnoaW5kRrbA","T010_aU6SR8Q_QCjVfnoaW5kRrbA","T0225KkcREtN9lOGJUinl_dfcwCjVfnoaW5kRrbA","T0225KkcRBYdoFaGIxOnnPMJdACjVfnoaW5kRrbA","T027Zm_olqSxIOtH97BATGmKoWraLawCjVfnoaW5kRrbA","T0225KkcRk1N_FeCJhv3xvdfcQCjVfnoaW5kRrbA"]
签到领健康能量任务，完成次数：0/1
去完成签到领健康能量任务
任务完成成功，获得：100能量

【京东账号2（jd_74a8d71c978d9）的东东健康社区好友互助码】T0225KkcRxpI_QDQIUn9k_9efQCjVfnoaW5kRrbA

健康品牌首购低至1元任务，完成次数：0/5
去完成健康品牌首购低至1元任务
任务领取结果：任务领取成功
任务完成成功，获得：300能量
去完成健康品牌首购低至1元任务
任务领取结果：任务领取成功
任务完成失败：这个任务做完啦！
去完成健康品牌首购低至1元任务
任务领取结果：任务领取成功
任务完成失败：这个任务做完啦！
去完成健康品牌首购低至1元任务
任务领取结果：任务领取成功
任务完成失败：这个任务做完啦！
去完成健康品牌首购低至1元任务
任务领取结果：任务领取成功
任务完成失败：这个任务做完啦！
加入母婴社群1元得退热贴任务，完成次数：0/1
去完成加入母婴社群1元得退热贴任务
任务完成成功，获得：300能量
早起打卡(06:00-09:00)任务，完成次数：0/1
去完成早起打卡(06:00-09:00)任务
任务完成失败：不在打卡时间哦!
窝者家居精选好物任务，完成次数：0/5
去完成窝者家居精选好物任务
任务领取结果：任务领取成功
任务完成成功，获得：300能量
去完成窝者家居精选好物任务
任务领取结果：任务领取成功
任务完成失败：这个任务做完啦！
去完成窝者家居精选好物任务
任务领取结果：任务领取成功
任务完成失败：这个任务做完啦！
去完成窝者家居精选好物任务
任务领取结果：任务领取成功
任务完成失败：这个任务做完啦！
去完成窝者家居精选好物任务
任务领取结果：任务领取成功
任务完成失败：这个任务做完啦！
济民可信官方旗舰店任务，完成次数：0/5
去完成济民可信官方旗舰店任务
去完成济民可信官方旗舰店任务
去完成济民可信官方旗舰店任务
去完成济民可信官方旗舰店任务
去完成济民可信官方旗舰店任务
浏览京东大药房会场任务，完成次数：0/1
去完成浏览京东大药房会场任务
任务领取结果：任务领取成功
任务完成成功，获得：300能量
每日签到领金贴任务，完成次数：1/5
去完成每日签到领金贴任务
任务领取结果：任务领取成功
任务完成成功，获得：300能量
去完成每日签到领金贴任务
任务领取结果：任务领取成功
任务完成失败：这个任务做完啦！
去完成每日签到领金贴任务
任务领取结果：任务领取成功
任务完成失败：这个任务做完啦！
去完成每日签到领金贴任务
任务领取结果：任务领取成功
任务完成失败：这个任务做完啦！
早起打卡(06:00-09:00)任务，完成次数：0/1
去完成早起打卡(06:00-09:00)任务
任务完成失败：不在打卡时间哦!
一分钱造爆款电器任务，完成次数：1/5
去完成一分钱造爆款电器任务
任务领取结果：任务领取成功
任务完成成功，获得：300能量
去完成一分钱造爆款电器任务
任务领取结果：任务领取成功
任务完成失败：这个任务做完啦！
去完成一分钱造爆款电器任务
任务领取结果：任务领取成功
任务完成失败：这个任务做完啦！
去完成一分钱造爆款电器任务
任务领取结果：任务领取成功
任务完成失败：这个任务做完啦！
雅培（Abbott）营养科学京东自营旗舰店任务，完成次数：0/5
去完成雅培（Abbott）营养科学京东自营旗舰店任务
去完成雅培（Abbott）营养科学京东自营旗舰店任务
去完成雅培（Abbott）营养科学京东自营旗舰店任务
去完成雅培（Abbott）营养科学京东自营旗舰店任务
去完成雅培（Abbott）营养科学京东自营旗舰店任务
葵花官方旗舰店任务，完成次数：0/5
去完成葵花官方旗舰店任务
去完成葵花官方旗舰店任务
去完成葵花官方旗舰店任务
去完成葵花官方旗舰店任务
去完成葵花官方旗舰店任务
中医健康体质测评任务，完成次数：0/3
去完成中医健康体质测评任务
去完成中医健康体质测评任务
去完成中医健康体质测评任务
领取免费体验口内扫描仪机会任务，完成次数：2/5
去完成领取免费体验口内扫描仪机会任务
任务领取结果：任务领取成功
任务完成成功，获得：300能量
去完成领取免费体验口内扫描仪机会任务
任务领取结果：任务领取成功
任务完成失败：这个任务做完啦！
去完成领取免费体验口内扫描仪机会任务
任务领取结果：任务领取成功
任务完成失败：这个任务做完啦！
早起打卡(06:00-09:00)任务，完成次数：0/1
去完成早起打卡(06:00-09:00)任务
任务完成失败：不在打卡时间哦!
参与瓜分千万京豆任务，完成次数：2/5
去完成参与瓜分千万京豆任务
任务领取结果：任务领取成功
任务完成成功，获得：300能量
去完成参与瓜分千万京豆任务
任务领取结果：任务领取成功
任务完成失败：这个任务做完啦！
去完成参与瓜分千万京豆任务
任务领取结果：任务领取成功
任务完成失败：这个任务做完啦！
济民可信官方旗舰店任务，完成次数：0/5
去完成济民可信官方旗舰店任务
去完成济民可信官方旗舰店任务
去完成济民可信官方旗舰店任务
去完成济民可信官方旗舰店任务
去完成济民可信官方旗舰店任务
京东大药房任务，完成次数：0/5
去完成京东大药房任务
去完成京东大药房任务
去完成京东大药房任务
去完成京东大药房任务
去完成京东大药房任务
中医健康体质测评任务，完成次数：0/3
去完成中医健康体质测评任务
去完成中医健康体质测评任务
去完成中医健康体质测评任务
健康好物低至0.1元任务，完成次数：3/5
去完成健康好物低至0.1元任务
任务领取结果：任务领取成功
任务完成成功，获得：300能量
去完成健康好物低至0.1元任务
任务领取结果：任务领取成功
任务完成失败：这个任务做完啦！
早起打卡(06:00-09:00)任务，完成次数：0/1
去完成早起打卡(06:00-09:00)任务
任务完成失败：不在打卡时间哦!
点击抢超市大红包任务，完成次数：3/5
去完成点击抢超市大红包任务
任务领取结果：任务领取成功
任务完成成功，获得：300能量
去完成点击抢超市大红包任务
任务领取结果：任务领取成功
任务完成失败：这个任务做完啦！
燕小厨官方旗舰店任务，完成次数：0/5
去完成燕小厨官方旗舰店任务
去完成燕小厨官方旗舰店任务
去完成燕小厨官方旗舰店任务
去完成燕小厨官方旗舰店任务
去完成燕小厨官方旗舰店任务
葵花官方旗舰店任务，完成次数：0/5
去完成葵花官方旗舰店任务
去完成葵花官方旗舰店任务
去完成葵花官方旗舰店任务
去完成葵花官方旗舰店任务
去完成葵花官方旗舰店任务
中医健康体质测评任务，完成次数：0/3
去完成中医健康体质测评任务
去完成中医健康体质测评任务
去完成中医健康体质测评任务
浏览健康频道签到领京豆任务，完成次数：4/5
去完成浏览健康频道签到领京豆任务
任务领取结果：任务领取成功
任务完成成功，获得：300能量
早起打卡(06:00-09:00)任务，完成次数：0/1
去完成早起打卡(06:00-09:00)任务
任务完成失败：不在打卡时间哦!
玩小窝换居家好物任务，完成次数：4/5
去完成玩小窝换居家好物任务
任务领取结果：任务领取成功
任务完成成功，获得：300能量
云南白药官方旗舰店任务，完成次数：0/5
去完成云南白药官方旗舰店任务
去完成云南白药官方旗舰店任务
去完成云南白药官方旗舰店任务
去完成云南白药官方旗舰店任务
去完成云南白药官方旗舰店任务
济川药业京东自营旗舰店任务，完成次数：0/5
去完成济川药业京东自营旗舰店任务
去完成济川药业京东自营旗舰店任务
去完成济川药业京东自营旗舰店任务
去完成济川药业京东自营旗舰店任务
去完成济川药业京东自营旗舰店任务
中医健康体质测评任务，完成次数：0/3
去完成中医健康体质测评任务
去完成中医健康体质测评任务
去完成中医健康体质测评任务
任务完成成功，获得：146能量
去助力好友T019-aknAFRllhyoQlyI46gCjVfnoaW5kRrbA
任务完成失败：助力失败丨助力已满员！谢谢你哦~
去助力好友T0225KkcRhcbp1CBJhv0wfZedQCjVfnoaW5kRrbA
任务完成失败：助力失败丨助力已满员！谢谢你哦~
去助力好友T010_aU6SR8Q_QCjVfnoaW5kRrbA
任务完成失败：助力失败丨助力已满员！谢谢你哦~
去助力好友T0225KkcREtN9lOGJUinl_dfcwCjVfnoaW5kRrbA
任务完成失败：助力失败丨助力已满员！谢谢你哦~
去助力好友T0225KkcRBYdoFaGIxOnnPMJdACjVfnoaW5kRrbA
任务完成失败：助力失败丨助力已满员！谢谢你哦~
去助力好友T027Zm_olqSxIOtH97BATGmKoWraLawCjVfnoaW5kRrbA
任务完成失败：助力失败丨助力已满员！谢谢你哦~
去助力好友T0225KkcRk1N_FeCJhv3xvdfcQCjVfnoaW5kRrbA
任务完成失败：助力失败丨助力已满员！谢谢你哦~
健康一下任务，完成次数：0/1
任务领取结果：任务领取成功
任务完成成功，获得：300能量

==============📣系统通知📣==============
东东健康社区
京东账号2 jd_74a8d71c978d9
本次获得4146健康值，累计203534健康值


🔔东东健康社区, 结束! 🕛 380.205 秒

