
🔔东东健康社区, 开始!

====================共2个京东账号Cookie=========

==================脚本执行- 北京时间(UTC+8)：7/12/2021, 6:14:23 AM=====================

如果出现提示 ?.data. 错误，请升级nodejs版本(进入容器后，apk add nodejs-current)
开始获取东东健康社区配置文件

共2个京东账号

您提供了0个账号的东东健康社区助力码


******开始【京东账号1】15631692383_p*********

由于您第1个京东账号未提供shareCode,将采纳本脚本自带的助力码

开始
"Response code 530 (undefined)"
东东健康社区 health/read API请求失败，请检查网路重试
第1个京东账号将要助力的好友["T019-aknAFRllhyoQlyI46gCjVfnoaW5kRrbA","T0225KkcRhcbp1CBJhv0wfZedQCjVfnoaW5kRrbA","T010_aU6SR8Q_QCjVfnoaW5kRrbA","T0225KkcREtN9lOGJUinl_dfcwCjVfnoaW5kRrbA","T0225KkcRBYdoFaGIxOnnPMJdACjVfnoaW5kRrbA","T027Zm_olqSxIOtH97BATGmKoWraLawCjVfnoaW5kRrbA","T0225KkcRk1N_FeCJhv3xvdfcQCjVfnoaW5kRrbA"]
签到领健康能量任务，完成次数：1/1

【京东账号1（15631692383_p）的东东健康社区好友互助码】T018v_h1Qx8f_FbUKBmb1ACjVfnoaW5kRrbA

早起打卡(06:00-09:00)任务，完成次数：0/1
去完成早起打卡(06:00-09:00)任务
任务完成成功，获得：500能量
京东健康国际自营药房任务，完成次数：0/5
去完成京东健康国际自营药房任务
去完成京东健康国际自营药房任务
去完成京东健康国际自营药房任务
去完成京东健康国际自营药房任务
去完成京东健康国际自营药房任务
江中药品官方旗舰店任务，完成次数：0/5
去完成江中药品官方旗舰店任务
去完成江中药品官方旗舰店任务
去完成江中药品官方旗舰店任务
去完成江中药品官方旗舰店任务
去完成江中药品官方旗舰店任务
中医健康体质测评任务，完成次数：0/3
去完成中医健康体质测评任务
去完成中医健康体质测评任务
去完成中医健康体质测评任务
健康品牌首购低至1元任务，完成次数：5/5
加入母婴社群1元得退热贴任务，完成次数：1/1
Swisse海外京东自营旗舰店任务，完成次数：0/5
去完成Swisse海外京东自营旗舰店任务
去完成Swisse海外京东自营旗舰店任务
去完成Swisse海外京东自营旗舰店任务
去完成Swisse海外京东自营旗舰店任务
去完成Swisse海外京东自营旗舰店任务
京东健康国际自营药房任务，完成次数：0/5
去完成京东健康国际自营药房任务
去完成京东健康国际自营药房任务
去完成京东健康国际自营药房任务
去完成京东健康国际自营药房任务
去完成京东健康国际自营药房任务
中医健康体质测评任务，完成次数：0/3
去完成中医健康体质测评任务
去完成中医健康体质测评任务
去完成中医健康体质测评任务
健康品牌首购低至1元任务，完成次数：5/5
加入母婴社群1元得退热贴任务，完成次数：1/1
早起打卡(06:00-09:00)任务，完成次数：1/1
任务完成成功，获得：0能量
去助力好友T019-aknAFRllhyoQlyI46gCjVfnoaW5kRrbA
任务完成失败：助力失败丨助力已满员！谢谢你哦~
去助力好友T0225KkcRhcbp1CBJhv0wfZedQCjVfnoaW5kRrbA
任务完成失败：助力失败丨助力已满员！谢谢你哦~
去助力好友T010_aU6SR8Q_QCjVfnoaW5kRrbA
任务完成失败：助力失败丨助力已满员！谢谢你哦~
去助力好友T0225KkcREtN9lOGJUinl_dfcwCjVfnoaW5kRrbA
任务完成失败：助力失败丨助力已满员！谢谢你哦~
去助力好友T0225KkcRBYdoFaGIxOnnPMJdACjVfnoaW5kRrbA
任务完成失败：助力失败丨助力已满员！谢谢你哦~
去助力好友T027Zm_olqSxIOtH97BATGmKoWraLawCjVfnoaW5kRrbA
任务完成失败：助力失败丨助力已满员！谢谢你哦~
去助力好友T0225KkcRk1N_FeCJhv3xvdfcQCjVfnoaW5kRrbA
任务完成失败：助力失败丨助力已满员！谢谢你哦~
健康一下任务，完成次数：1/1

==============📣系统通知📣==============
东东健康社区
京东账号1 15631692383_p
本次获得500健康值，累计1734958健康值


******开始【京东账号2】jd_74a8d71c978d9*********

由于您第2个京东账号未提供shareCode,将采纳本脚本自带的助力码

开始
"Response code 530 (undefined)"
东东健康社区 health/read API请求失败，请检查网路重试
第2个京东账号将要助力的好友["T019-aknAFRllhyoQlyI46gCjVfnoaW5kRrbA","T0225KkcRhcbp1CBJhv0wfZedQCjVfnoaW5kRrbA","T010_aU6SR8Q_QCjVfnoaW5kRrbA","T0225KkcREtN9lOGJUinl_dfcwCjVfnoaW5kRrbA","T0225KkcRBYdoFaGIxOnnPMJdACjVfnoaW5kRrbA","T027Zm_olqSxIOtH97BATGmKoWraLawCjVfnoaW5kRrbA","T0225KkcRk1N_FeCJhv3xvdfcQCjVfnoaW5kRrbA"]
签到领健康能量任务，完成次数：1/1

【京东账号2（jd_74a8d71c978d9）的东东健康社区好友互助码】T0225KkcRxpI_QDQIUn9k_9efQCjVfnoaW5kRrbA

早起打卡(06:00-09:00)任务，完成次数：0/1
去完成早起打卡(06:00-09:00)任务
任务完成成功，获得：500能量
海氏海诺京东自营旗舰店任务，完成次数：0/5
去完成海氏海诺京东自营旗舰店任务
去完成海氏海诺京东自营旗舰店任务
去完成海氏海诺京东自营旗舰店任务
去完成海氏海诺京东自营旗舰店任务
去完成海氏海诺京东自营旗舰店任务
京东健康国际自营药房任务，完成次数：0/5
去完成京东健康国际自营药房任务
去完成京东健康国际自营药房任务
去完成京东健康国际自营药房任务
去完成京东健康国际自营药房任务
去完成京东健康国际自营药房任务
中医健康体质测评任务，完成次数：0/3
去完成中医健康体质测评任务
去完成中医健康体质测评任务
去完成中医健康体质测评任务
健康品牌首购低至1元任务，完成次数：5/5
加入母婴社群1元得退热贴任务，完成次数：1/1
Swisse海外京东自营旗舰店任务，完成次数：0/5
去完成Swisse海外京东自营旗舰店任务
去完成Swisse海外京东自营旗舰店任务
去完成Swisse海外京东自营旗舰店任务
去完成Swisse海外京东自营旗舰店任务
去完成Swisse海外京东自营旗舰店任务
广药白云山京东官方旗舰店任务，完成次数：0/5
去完成广药白云山京东官方旗舰店任务
去完成广药白云山京东官方旗舰店任务
去完成广药白云山京东官方旗舰店任务
去完成广药白云山京东官方旗舰店任务
去完成广药白云山京东官方旗舰店任务
中医健康体质测评任务，完成次数：0/3
去完成中医健康体质测评任务
去完成中医健康体质测评任务
去完成中医健康体质测评任务
健康品牌首购低至1元任务，完成次数：5/5
加入母婴社群1元得退热贴任务，完成次数：1/1
早起打卡(06:00-09:00)任务，完成次数：1/1
任务完成成功，获得：0能量
去助力好友T019-aknAFRllhyoQlyI46gCjVfnoaW5kRrbA
任务完成失败：助力失败丨助力已满员！谢谢你哦~
去助力好友T0225KkcRhcbp1CBJhv0wfZedQCjVfnoaW5kRrbA
任务完成失败：助力失败丨助力已满员！谢谢你哦~
去助力好友T010_aU6SR8Q_QCjVfnoaW5kRrbA
任务完成失败：助力失败丨助力已满员！谢谢你哦~
去助力好友T0225KkcREtN9lOGJUinl_dfcwCjVfnoaW5kRrbA
任务完成失败：助力失败丨助力已满员！谢谢你哦~
去助力好友T0225KkcRBYdoFaGIxOnnPMJdACjVfnoaW5kRrbA
任务完成失败：助力失败丨助力已满员！谢谢你哦~
去助力好友T027Zm_olqSxIOtH97BATGmKoWraLawCjVfnoaW5kRrbA
任务完成失败：助力失败丨助力已满员！谢谢你哦~
去助力好友T0225KkcRk1N_FeCJhv3xvdfcQCjVfnoaW5kRrbA
任务完成失败：助力失败丨助力已满员！谢谢你哦~
健康一下任务，完成次数：1/1

==============📣系统通知📣==============
东东健康社区
京东账号2 jd_74a8d71c978d9
本次获得500健康值，累计221252健康值


🔔东东健康社区, 结束! 🕛 21.929 秒

