
🔔家电星推官, 开始!

====================共2个京东账号Cookie=========

==================脚本执行- 北京时间(UTC+8)：7/12/2021, 1:45:51 AM=====================

"Response code 503 (Service Unavailable)"
家电星推官 API请求失败，请检查网路重试

===============开始【京东账号1】Ymh__Sirius==================

一共2个家电星推官任务，耗时会很久，京豆先到先得！！！！！！！！！！！
请提前知晓
开始 【flp-songqian】 星推官，加入店铺会员任务不做

"Response code 503 (Service Unavailable)"
家电星推官 API请求失败，请检查网路重试
京东服务器返回无数据！
"Response code 503 (Service Unavailable)"
家电星推官 API请求失败，请检查网路重试
开始 【ykd-liutao】 星推官，加入店铺会员任务不做

"Response code 503 (Service Unavailable)"
家电星推官 API请求失败，请检查网路重试
京东服务器返回无数据！
"Response code 503 (Service Unavailable)"
家电星推官 API请求失败，请检查网路重试

==============📣系统通知📣==============
家电星推官
xtg
请删除或禁用此脚本
咱江湖再见
您未提供push+推送所需的PUSH_PLUS_TOKEN，取消push+推送消息通知🚫

server酱发送通知消息成功🎉

您未提供Bark的APP推送BARK_PUSH，取消Bark推送消息通知🚫

您未提供telegram机器人推送所需的TG_BOT_TOKEN和TG_USER_ID，取消telegram推送消息通知🚫

您未提供钉钉机器人推送所需的DD_BOT_TOKEN或者DD_BOT_SECRET，取消钉钉推送消息通知🚫

您未提供企业微信机器人推送所需的QYWX_KEY，取消企业微信推送消息通知🚫

您未提供企业微信应用消息推送所需的QYWX_AM，取消企业微信应用消息推送消息通知🚫

您未提供iGot的推送IGOT_PUSH_KEY，取消iGot推送消息通知🚫


===============开始【京东账号2】Ycp_Dream==================

一共2个家电星推官任务，耗时会很久，京豆先到先得！！！！！！！！！！！
请提前知晓
开始 【flp-songqian】 星推官，加入店铺会员任务不做

"Response code 503 (Service Unavailable)"
家电星推官 API请求失败，请检查网路重试
京东服务器返回无数据！
"Response code 503 (Service Unavailable)"
家电星推官 API请求失败，请检查网路重试
开始 【ykd-liutao】 星推官，加入店铺会员任务不做

"Response code 503 (Service Unavailable)"
家电星推官 API请求失败，请检查网路重试
京东服务器返回无数据！
"Response code 503 (Service Unavailable)"
家电星推官 API请求失败，请检查网路重试

==============📣系统通知📣==============
家电星推官
xtg
请删除或禁用此脚本
咱江湖再见
您未提供push+推送所需的PUSH_PLUS_TOKEN，取消push+推送消息通知🚫

您未提供Bark的APP推送BARK_PUSH，取消Bark推送消息通知🚫

您未提供telegram机器人推送所需的TG_BOT_TOKEN和TG_USER_ID，取消telegram推送消息通知🚫

您未提供钉钉机器人推送所需的DD_BOT_TOKEN或者DD_BOT_SECRET，取消钉钉推送消息通知🚫

您未提供企业微信机器人推送所需的QYWX_KEY，取消企业微信推送消息通知🚫

您未提供企业微信应用消息推送所需的QYWX_AM，取消企业微信应用消息推送消息通知🚫

您未提供iGot的推送IGOT_PUSH_KEY，取消iGot推送消息通知🚫


获取星推官【flp-songqian】下的邀请码

"Response code 503 (Service Unavailable)"
家电星推官 API请求失败，请检查网路重试
"Response code 503 (Service Unavailable)"
家电星推官 API请求失败，请检查网路重试

获取星推官【ykd-liutao】下的邀请码

"Response code 503 (Service Unavailable)"
家电星推官 API请求失败，请检查网路重试
"Response code 503 (Service Unavailable)"
家电星推官 API请求失败，请检查网路重试
自己账号内部互助


自己账号内部互助



🔔家电星推官, 结束! 🕛 6.213 秒

