
🔔家电星推官, 开始!

====================共5个京东账号Cookie=========

==================脚本执行- 北京时间(UTC+8)：7/2/2021, 2:16:31 PM=====================

frontConfig失败:

===============开始【京东账号1】15631692383_p==================

一共2个家电星推官任务，耗时会很久，京豆先到先得！！！！！！！！！！！
请提前知晓
开始 【flp-songqian】 星推官，加入店铺会员任务不做

getList异常
京东服务器返回无数据！
开始 【ykd-liutao】 星推官，加入店铺会员任务不做

getList异常
京东服务器返回无数据！

==============📣系统通知📣==============
家电星推官
xtg
请删除或禁用此脚本
咱江湖再见
您未提供push+推送所需的PUSH_PLUS_TOKEN，取消push+推送消息通知🚫

server酱发送通知消息成功🎉

您未提供Bark的APP推送BARK_PUSH，取消Bark推送消息通知🚫

您未提供telegram机器人推送所需的TG_BOT_TOKEN和TG_USER_ID，取消telegram推送消息通知🚫

您未提供钉钉机器人推送所需的DD_BOT_TOKEN或者DD_BOT_SECRET，取消钉钉推送消息通知🚫

您未提供企业微信机器人推送所需的QYWX_KEY，取消企业微信推送消息通知🚫

您未提供企业微信应用消息推送所需的QYWX_AM，取消企业微信应用消息推送消息通知🚫

您未提供iGot的推送IGOT_PUSH_KEY，取消iGot推送消息通知🚫


===============开始【京东账号2】jd_74a8d71c978d9==================

一共2个家电星推官任务，耗时会很久，京豆先到先得！！！！！！！！！！！
请提前知晓
开始 【flp-songqian】 星推官，加入店铺会员任务不做

getList异常
京东服务器返回无数据！
开始 【ykd-liutao】 星推官，加入店铺会员任务不做

getList异常
京东服务器返回无数据！

==============📣系统通知📣==============
家电星推官
xtg
请删除或禁用此脚本
咱江湖再见
您未提供push+推送所需的PUSH_PLUS_TOKEN，取消push+推送消息通知🚫

您未提供Bark的APP推送BARK_PUSH，取消Bark推送消息通知🚫

您未提供telegram机器人推送所需的TG_BOT_TOKEN和TG_USER_ID，取消telegram推送消息通知🚫

您未提供钉钉机器人推送所需的DD_BOT_TOKEN或者DD_BOT_SECRET，取消钉钉推送消息通知🚫

您未提供企业微信机器人推送所需的QYWX_KEY，取消企业微信推送消息通知🚫

您未提供企业微信应用消息推送所需的QYWX_AM，取消企业微信应用消息推送消息通知🚫

您未提供iGot的推送IGOT_PUSH_KEY，取消iGot推送消息通知🚫


===============开始【京东账号3】chao4596758==================

一共2个家电星推官任务，耗时会很久，京豆先到先得！！！！！！！！！！！
请提前知晓
开始 【flp-songqian】 星推官，加入店铺会员任务不做

getList异常
京东服务器返回无数据！
开始 【ykd-liutao】 星推官，加入店铺会员任务不做

getList异常
京东服务器返回无数据！

==============📣系统通知📣==============
家电星推官
xtg
请删除或禁用此脚本
咱江湖再见
您未提供push+推送所需的PUSH_PLUS_TOKEN，取消push+推送消息通知🚫

您未提供Bark的APP推送BARK_PUSH，取消Bark推送消息通知🚫

您未提供telegram机器人推送所需的TG_BOT_TOKEN和TG_USER_ID，取消telegram推送消息通知🚫

您未提供钉钉机器人推送所需的DD_BOT_TOKEN或者DD_BOT_SECRET，取消钉钉推送消息通知🚫

您未提供企业微信机器人推送所需的QYWX_KEY，取消企业微信推送消息通知🚫

您未提供企业微信应用消息推送所需的QYWX_AM，取消企业微信应用消息推送消息通知🚫

您未提供iGot的推送IGOT_PUSH_KEY，取消iGot推送消息通知🚫


===============开始【京东账号4】jd_46df9eaa780aa==================

一共2个家电星推官任务，耗时会很久，京豆先到先得！！！！！！！！！！！
请提前知晓
开始 【flp-songqian】 星推官，加入店铺会员任务不做

getList异常
京东服务器返回无数据！
开始 【ykd-liutao】 星推官，加入店铺会员任务不做

getList异常
京东服务器返回无数据！

==============📣系统通知📣==============
家电星推官
xtg
请删除或禁用此脚本
咱江湖再见
您未提供push+推送所需的PUSH_PLUS_TOKEN，取消push+推送消息通知🚫

您未提供Bark的APP推送BARK_PUSH，取消Bark推送消息通知🚫

您未提供telegram机器人推送所需的TG_BOT_TOKEN和TG_USER_ID，取消telegram推送消息通知🚫

您未提供钉钉机器人推送所需的DD_BOT_TOKEN或者DD_BOT_SECRET，取消钉钉推送消息通知🚫

您未提供企业微信机器人推送所需的QYWX_KEY，取消企业微信推送消息通知🚫

您未提供企业微信应用消息推送所需的QYWX_AM，取消企业微信应用消息推送消息通知🚫

您未提供iGot的推送IGOT_PUSH_KEY，取消iGot推送消息通知🚫


===============开始【京东账号5】jd_67f63c904d8c6==================

一共2个家电星推官任务，耗时会很久，京豆先到先得！！！！！！！！！！！
请提前知晓
开始 【flp-songqian】 星推官，加入店铺会员任务不做

getList异常
京东服务器返回无数据！
开始 【ykd-liutao】 星推官，加入店铺会员任务不做

getList异常
京东服务器返回无数据！

==============📣系统通知📣==============
家电星推官
xtg
请删除或禁用此脚本
咱江湖再见
您未提供push+推送所需的PUSH_PLUS_TOKEN，取消push+推送消息通知🚫

您未提供Bark的APP推送BARK_PUSH，取消Bark推送消息通知🚫

您未提供telegram机器人推送所需的TG_BOT_TOKEN和TG_USER_ID，取消telegram推送消息通知🚫

您未提供钉钉机器人推送所需的DD_BOT_TOKEN或者DD_BOT_SECRET，取消钉钉推送消息通知🚫

您未提供企业微信机器人推送所需的QYWX_KEY，取消企业微信推送消息通知🚫

您未提供企业微信应用消息推送所需的QYWX_AM，取消企业微信应用消息推送消息通知🚫

您未提供iGot的推送IGOT_PUSH_KEY，取消iGot推送消息通知🚫


获取星推官【flp-songqian】下的邀请码

邀请码获取失败:
邀请码获取失败:
邀请码获取失败:
邀请码获取失败:
邀请码获取失败:

获取星推官【ykd-liutao】下的邀请码

邀请码获取失败:
邀请码获取失败:
邀请码获取失败:
邀请码获取失败:
邀请码获取失败:
自己账号内部互助


自己账号内部互助


自己账号内部互助


自己账号内部互助


自己账号内部互助



🔔家电星推官, 结束! 🕛 21.188 秒

