
🔔京东家庭号, 开始!

====================共2个京东账号Cookie=========

==================脚本执行- 北京时间(UTC+8)：7/12/2021, 7:52:50 AM=====================


******开始【京东账号1】15631692383_p*********

当前幸福值：0
去做任务5fed97ce5da81a8c069810df
任务完成失败，原因未知
去做任务600e29f6986178004811bdb0
任务完成失败，原因未知
去做任务5fed97ce5da81a8c069810de
任务完成失败，原因未知
去做任务5fed97ce5da81a8c069810dd
任务完成失败，原因未知
去做任务5fedbb7b5da81a8c06981156
任务完成失败，原因未知
去做任务5fedbb7b5da81a8c06981155
任务完成失败，原因未知
去做任务5fedbb7b5da81a8c06981154
任务完成失败，原因未知
去做任务60136fd7c73fea004a4036ff
任务完成失败，原因未知
去做任务60136fd7c73fea004a4036fe
任务完成失败，原因未知
去做任务5fed97ce5da81a8c069810da
任务完成失败，原因未知
去做任务5fed97ce5da81a8c069810d9
任务完成失败，原因未知
去做任务5fed97ce5da81a8c069810d8
任务完成失败，原因未知
去做任务5fed97ce5da81a8c069810d7
任务完成失败，原因未知
去做任务5fed97ce5da81a8c069810d6
任务完成失败，原因未知
去做任务5fed97ce5da81a8c069810d5
任务完成失败，原因未知
去做任务5fed97ce5da81a8c069810d4
任务完成失败，原因未知
当前幸福值：0
京东家庭号

京东账号115631692383_p
当前幸福值：0

******开始【京东账号2】jd_74a8d71c978d9*********

当前幸福值：0
去做任务5fed97ce5da81a8c069810df
任务完成失败，原因未知
去做任务600e29f6986178004811bdb0
任务完成失败，原因未知
去做任务5fed97ce5da81a8c069810de
任务完成失败，原因未知
去做任务5fed97ce5da81a8c069810dd
任务完成失败，原因未知
去做任务5fedbb7b5da81a8c06981156
任务完成失败，原因未知
去做任务5fedbb7b5da81a8c06981155
任务完成失败，原因未知
去做任务5fedbb7b5da81a8c06981154
任务完成失败，原因未知
去做任务60136fd7c73fea004a4036ff
任务完成失败，原因未知
去做任务60136fd7c73fea004a4036fe
任务完成失败，原因未知
去做任务5fed97ce5da81a8c069810da
任务完成失败，原因未知
去做任务5fed97ce5da81a8c069810d9
任务完成失败，原因未知
去做任务5fed97ce5da81a8c069810d8
任务完成失败，原因未知
去做任务5fed97ce5da81a8c069810d7
任务完成失败，原因未知
去做任务5fed97ce5da81a8c069810d6
任务完成失败，原因未知
去做任务5fed97ce5da81a8c069810d5
任务完成失败，原因未知
去做任务5fed97ce5da81a8c069810d4
任务完成失败，原因未知
当前幸福值：0
京东家庭号

京东账号2jd_74a8d71c978d9
当前幸福值：0

🔔京东家庭号, 结束! 🕛 38.517 秒

