
🔔新潮品牌狂欢, 开始!

====================共5个京东账号Cookie=========

==================脚本执行- 北京时间(UTC+8)：7/1/2021, 9:20:08 PM=====================


******开始【京东账号1】15631692383_p*********

抽奖失败
游戏开始失败 {"retCode":"931","retMessage":"活动已结束，试试其他活动吧~"}

==============📣系统通知📣==============
新潮品牌狂欢
【京东账号1】15631692383_p
本次运行获得0京豆

******开始【京东账号2】Ycp_Dream*********

抽奖失败
游戏开始失败 {"retCode":"931","retMessage":"活动已结束，试试其他活动吧~"}

==============📣系统通知📣==============
新潮品牌狂欢
【京东账号2】Ycp_Dream
本次运行获得0京豆

******开始【京东账号3】jd_585601a83bd48*********

抽奖失败
游戏开始失败 {"retCode":"931","retMessage":"活动已结束，试试其他活动吧~"}

==============📣系统通知📣==============
新潮品牌狂欢
【京东账号3】jd_585601a83bd48
本次运行获得0京豆

******开始【京东账号4】jd_157332ewky*********

抽奖失败
游戏开始失败 {"retCode":"931","retMessage":"活动已结束，试试其他活动吧~"}

==============📣系统通知📣==============
新潮品牌狂欢
【京东账号4】jd_157332ewky
本次运行获得0京豆

******开始【京东账号5】jd_157332zdf*********

抽奖失败
游戏开始失败 {"retCode":"931","retMessage":"活动已结束，试试其他活动吧~"}

==============📣系统通知📣==============
新潮品牌狂欢
【京东账号5】jd_157332zdf
本次运行获得0京豆

开始自己京东内部相互助力


🔔新潮品牌狂欢, 结束! 🕛 2.061 秒

