
🔔新潮品牌狂欢, 开始!

====================共5个京东账号Cookie=========

==================脚本执行- 北京时间(UTC+8)：7/2/2021, 10:34:58 AM=====================


******开始【京东账号1】15631692383_p*********

抽奖失败
游戏开始失败 {"retCode":"931","retMessage":"活动已结束，试试其他活动吧~"}

==============📣系统通知📣==============
新潮品牌狂欢
【京东账号1】15631692383_p
本次运行获得0京豆

******开始【京东账号2】Ycp_Dream*********

抽奖失败
游戏开始失败 {"retCode":"931","retMessage":"活动已结束，试试其他活动吧~"}

==============📣系统通知📣==============
新潮品牌狂欢
【京东账号2】Ycp_Dream
本次运行获得0京豆

******开始【京东账号3】chao4596758*********

抽奖失败
游戏开始失败 {"retCode":"931","retMessage":"活动已结束，试试其他活动吧~"}

==============📣系统通知📣==============
新潮品牌狂欢
【京东账号3】chao4596758
本次运行获得0京豆

******开始【京东账号4】jd_46df9eaa780aa*********

抽奖失败
游戏开始失败 {"retCode":"931","retMessage":"活动已结束，试试其他活动吧~"}

==============📣系统通知📣==============
新潮品牌狂欢
【京东账号4】jd_46df9eaa780aa
本次运行获得0京豆

******开始【京东账号5】jd_157332zdf*********

抽奖失败
游戏开始失败 {"retCode":"931","retMessage":"活动已结束，试试其他活动吧~"}

==============📣系统通知📣==============
新潮品牌狂欢
【京东账号5】jd_157332zdf
本次运行获得0京豆

开始自己京东内部相互助力


🔔新潮品牌狂欢, 结束! 🕛 11.009 秒

