
🔔宠汪汪偷好友积分与狗粮, 开始!

====================共5个京东账号Cookie=========

==================脚本执行- 北京时间(UTC+8)：7/2/2021, 10:13:00 AM=====================


开始【京东账号1】15631692383_p


京东返回宠汪汪好友列表数据为空


==============📣系统通知📣==============
宠汪汪偷好友积分与狗粮
【京东账号1】15631692383_p
【领取好友积分】获得0个
【偷好友狗粮】获取0g狗粮
【给好友喂食】消耗0g狗粮,获得积分0个


开始【京东账号2】Ycp_Dream


京东返回宠汪汪好友列表数据为空


==============📣系统通知📣==============
宠汪汪偷好友积分与狗粮
【京东账号2】Ycp_Dream
【领取好友积分】获得0个
【偷好友狗粮】获取0g狗粮
【给好友喂食】消耗0g狗粮,获得积分0个


开始【京东账号3】jd_585601a83bd48


京东返回宠汪汪好友列表数据为空


==============📣系统通知📣==============
宠汪汪偷好友积分与狗粮
【京东账号3】jd_585601a83bd48
【领取好友积分】获得0个
【偷好友狗粮】获取0g狗粮
【给好友喂食】消耗0g狗粮,获得积分0个


开始【京东账号4】jd_157332ewky


京东返回宠汪汪好友列表数据为空


==============📣系统通知📣==============
宠汪汪偷好友积分与狗粮
【京东账号4】jd_157332ewky
【领取好友积分】获得0个
【偷好友狗粮】获取0g狗粮
【给好友喂食】消耗0g狗粮,获得积分0个


开始【京东账号5】jd_157332zdf


京东返回宠汪汪好友列表数据为空


==============📣系统通知📣==============
宠汪汪偷好友积分与狗粮
【京东账号5】jd_157332zdf
【领取好友积分】获得0个
【偷好友狗粮】获取0g狗粮
【给好友喂食】消耗0g狗粮,获得积分0个


🔔宠汪汪偷好友积分与狗粮, 结束! 🕛 3.435 秒

