
🔔宠汪汪偷好友积分与狗粮, 开始!

====================共4个京东账号Cookie=========

==================脚本执行- 北京时间(UTC+8)：6/30/2021, 3:31:49 PM=====================


开始【京东账号1】15631692383_p


京东返回宠汪汪好友列表数据为空


==============📣系统通知📣==============
宠汪汪偷好友积分与狗粮
【京东账号1】15631692383_p
【领取好友积分】获得0个
【偷好友狗粮】获取0g狗粮
【给好友喂食】消耗0g狗粮,获得积分0个


开始【京东账号2】jd_74a8d71c978d9


京东返回宠汪汪好友列表数据为空


==============📣系统通知📣==============
宠汪汪偷好友积分与狗粮
【京东账号2】jd_74a8d71c978d9
【领取好友积分】获得0个
【偷好友狗粮】获取0g狗粮
【给好友喂食】消耗0g狗粮,获得积分0个


开始【京东账号3】chao4596758


京东返回宠汪汪好友列表数据为空


==============📣系统通知📣==============
宠汪汪偷好友积分与狗粮
【京东账号3】chao4596758
【领取好友积分】获得0个
【偷好友狗粮】获取0g狗粮
【给好友喂食】消耗0g狗粮,获得积分0个


开始【京东账号4】jd_46df9eaa780aa


京东返回宠汪汪好友列表数据为空


==============📣系统通知📣==============
宠汪汪偷好友积分与狗粮
【京东账号4】jd_46df9eaa780aa
【领取好友积分】获得0个
【偷好友狗粮】获取0g狗粮
【给好友喂食】消耗0g狗粮,获得积分0个


🔔宠汪汪偷好友积分与狗粮, 结束! 🕛 1.617 秒

