
🔔宠汪汪偷好友积分与狗粮, 开始!

====================共2个京东账号Cookie=========

==================脚本执行- 北京时间(UTC+8)：7/12/2021, 1:02:40 AM=====================


开始【京东账号1】15631692383_p


京东返回宠汪汪好友列表数据为空


==============📣系统通知📣==============
宠汪汪偷好友积分与狗粮
【京东账号1】15631692383_p
【领取好友积分】获得0个
【偷好友狗粮】获取0g狗粮
【给好友喂食】消耗0g狗粮,获得积分0个


开始【京东账号2】jd_74a8d71c978d9


京东返回宠汪汪好友列表数据为空


==============📣系统通知📣==============
宠汪汪偷好友积分与狗粮
【京东账号2】jd_74a8d71c978d9
【领取好友积分】获得0个
【偷好友狗粮】获取0g狗粮
【给好友喂食】消耗0g狗粮,获得积分0个


🔔宠汪汪偷好友积分与狗粮, 结束! 🕛 0.806 秒

