
🔔天天提鹅, 开始!

====================共5个京东账号Cookie=========

==================脚本执行- 北京时间(UTC+8)：7/2/2021, 1:28:28 PM=====================


***********开始【京东账号1】15631692383_p********

收取鹅蛋:9个成功
当前总鹅蛋数量:9203
兑换金币失败:剩余数量不足

***********开始【京东账号2】Ycp_Dream********

收取鹅蛋:30个成功
当前总鹅蛋数量:540
兑换金币:3
当前总金币:204

***********开始【京东账号3】jd_585601a83bd48********

收取鹅蛋:30个成功
当前总鹅蛋数量:490
兑换金币:3
当前总金币:227

***********开始【京东账号4】jd_157332ewky********

收取鹅蛋:33个成功
当前总鹅蛋数量:5168
兑换金币:3
当前总金币:2087

***********开始【京东账号5】jd_157332zdf********

收取鹅蛋:38个成功
当前总鹅蛋数量:208
兑换金币:3
当前总金币:20

🔔天天提鹅, 结束! 🕛 4.992 秒

