
🔔天天提鹅, 开始!

====================共5个京东账号Cookie=========

==================脚本执行- 北京时间(UTC+8)：7/2/2021, 8:28:04 AM=====================


***********开始【京东账号1】15631692383_p********

收取鹅蛋:17个成功
当前总鹅蛋数量:9161
兑换金币:1
当前总金币:4583

***********开始【京东账号2】Ycp_Dream********

收取鹅蛋:30个成功
当前总鹅蛋数量:360
兑换金币:3
当前总金币:186

***********开始【京东账号3】jd_585601a83bd48********

收取鹅蛋:30个成功
当前总鹅蛋数量:310
兑换金币:3
当前总金币:209

***********开始【京东账号4】jd_157332ewky********

收取鹅蛋:33个成功
当前总鹅蛋数量:4988
兑换金币:3
当前总金币:2069

***********开始【京东账号5】jd_157332zdf********

收取鹅蛋:28个成功
当前总鹅蛋数量:28
兑换金币:2
当前总金币:2

🔔天天提鹅, 结束! 🕛 5.026 秒

