
🔔天天提鹅, 开始!

====================共4个京东账号Cookie=========

==================脚本执行- 北京时间(UTC+8)：6/30/2021, 2:59:59 PM=====================


***********开始【京东账号1】15631692383_p********

收取鹅蛋:9个成功
当前总鹅蛋数量:8513
兑换金币失败:剩余数量不足

***********开始【京东账号2】jd_74a8d71c978d9********

收取鹅蛋:32个成功
当前总鹅蛋数量:262
兑换金币:3
当前总金币:176

***********开始【京东账号3】chao4596758********

收取鹅蛋:34个成功
当前总鹅蛋数量:214
兑换金币:3
当前总金币:199

***********开始【京东账号4】jd_46df9eaa780aa********

收取鹅蛋:37个成功
当前总鹅蛋数量:4892
兑换金币:3
当前总金币:2059

🔔天天提鹅, 结束! 🕛 13.827 秒

