
🔔天天提鹅, 开始!

====================共2个京东账号Cookie=========

==================脚本执行- 北京时间(UTC+8)：7/10/2021, 9:30:19 AM=====================

"socket hang up"
天天提鹅 API请求失败，请检查网路重试

***********开始【京东账号1】15631692383_p********

"getaddrinfo ENOTFOUND ms.jr.jd.com"
天天提鹅 API请求失败，请检查网路重试
"read ECONNRESET"
天天提鹅 API请求失败，请检查网路重试
"socket hang up"
天天提鹅 API请求失败，请检查网路重试
"getaddrinfo ENOTFOUND wq.jd.com"
天天提鹅 API请求失败，请检查网路重试

***********开始【京东账号2】jd_74a8d71c978d9********

"socket hang up"
天天提鹅 API请求失败，请检查网路重试
收取鹅蛋:32个成功
当前总鹅蛋数量:822
"read ECONNRESET"
天天提鹅 API请求失败，请检查网路重试

🔔天天提鹅, 结束! 🕛 324.286 秒

