
🔔天天提鹅, 开始!

====================共5个京东账号Cookie=========

==================脚本执行- 北京时间(UTC+8)：7/2/2021, 9:31:38 AM=====================


***********开始【京东账号1】15631692383_p********

收取鹅蛋:6个成功
当前总鹅蛋数量:9170
兑换金币失败:剩余数量不足

***********开始【京东账号2】Ycp_Dream********

收取鹅蛋:30个成功
当前总鹅蛋数量:420
兑换金币:3
当前总金币:192

***********开始【京东账号3】jd_585601a83bd48********

收取鹅蛋:30个成功
当前总鹅蛋数量:370
兑换金币:3
当前总金币:215

***********开始【京东账号4】jd_157332ewky********

收取鹅蛋:33个成功
当前总鹅蛋数量:5048
兑换金币:3
当前总金币:2075

***********开始【京东账号5】jd_157332zdf********

收取鹅蛋:38个成功
当前总鹅蛋数量:88
兑换金币:3
当前总金币:8

🔔天天提鹅, 结束! 🕛 10.491 秒

