
🔔天天提鹅, 开始!

====================共5个京东账号Cookie=========

==================脚本执行- 北京时间(UTC+8)：7/2/2021, 12:28:11 PM=====================


***********开始【京东账号1】Ymh__Sirius********

收取鹅蛋:11个成功
当前总鹅蛋数量:9195
兑换金币失败:剩余数量不足

***********开始【京东账号2】Ycp_Dream********

收取鹅蛋:30个成功
当前总鹅蛋数量:510
兑换金币:3
当前总金币:201

***********开始【京东账号3】jd_585601a83bd48********

收取鹅蛋:30个成功
当前总鹅蛋数量:460
兑换金币:3
当前总金币:224

***********开始【京东账号4】jd_157332ewky********

收取鹅蛋:33个成功
当前总鹅蛋数量:5138
兑换金币:3
当前总金币:2084

***********开始【京东账号5】jd_157332zdf********

收取鹅蛋:38个成功
当前总鹅蛋数量:178
兑换金币:3
当前总金币:17

🔔天天提鹅, 结束! 🕛 37.926 秒

