
🔔天天提鹅, 开始!

====================共5个京东账号Cookie=========

==================脚本执行- 北京时间(UTC+8)：7/2/2021, 2:29:48 PM=====================


***********开始【京东账号1】15631692383_p********

收取鹅蛋失败:不可收取
兑换金币失败:剩余数量不足

***********开始【京东账号2】jd_74a8d71c978d9********

收取鹅蛋:30个成功
当前总鹅蛋数量:570
兑换金币:3
当前总金币:207

***********开始【京东账号3】chao4596758********

收取鹅蛋:30个成功
当前总鹅蛋数量:520
兑换金币:3
当前总金币:230

***********开始【京东账号4】jd_46df9eaa780aa********

收取鹅蛋:33个成功
当前总鹅蛋数量:5198
兑换金币:3
当前总金币:2090

***********开始【京东账号5】jd_67f63c904d8c6********

收取鹅蛋:38个成功
当前总鹅蛋数量:238
兑换金币:3
当前总金币:23

🔔天天提鹅, 结束! 🕛 12.413 秒

