
🔔天天提鹅, 开始!

====================共5个京东账号Cookie=========

==================脚本执行- 北京时间(UTC+8)：7/2/2021, 9:19:37 AM=====================


***********开始【京东账号1】15631692383_p********

收取鹅蛋:14个成功
当前总鹅蛋数量:9168
兑换金币:1
当前总金币:4584

***********开始【京东账号2】Ycp_Dream********

收取鹅蛋:30个成功
当前总鹅蛋数量:390
兑换金币:3
当前总金币:189

***********开始【京东账号3】jd_585601a83bd48********

收取鹅蛋:30个成功
当前总鹅蛋数量:340
兑换金币:3
当前总金币:212

***********开始【京东账号4】jd_157332ewky********

收取鹅蛋:33个成功
当前总鹅蛋数量:5018
兑换金币:3
当前总金币:2072

***********开始【京东账号5】jd_157332zdf********

收取鹅蛋:38个成功
当前总鹅蛋数量:58
兑换金币:3
当前总金币:5

🔔天天提鹅, 结束! 🕛 5.928 秒

