
🔔天天提鹅, 开始!

====================共5个京东账号Cookie=========

==================脚本执行- 北京时间(UTC+8)：7/5/2021, 10:30:57 AM=====================


***********开始【京东账号1】15631692383_p********

收取鹅蛋失败:不可收取
兑换金币失败:剩余数量不足

***********开始【京东账号2】Ycp_Dream********

收取鹅蛋:36个成功
当前总鹅蛋数量:616
兑换金币:3
当前总金币:211

***********开始【京东账号3】jd_585601a83bd48********

收取鹅蛋:36个成功
当前总鹅蛋数量:566
兑换金币:3
当前总金币:874

***********开始【京东账号4】jd_157332ewky********

收取鹅蛋:29个成功
当前总鹅蛋数量:5244
兑换金币:2
当前总金币:2094

***********开始【京东账号5】jd_157332zdf********

收取鹅蛋:34个成功
当前总鹅蛋数量:294
兑换金币:3
当前总金币:29

🔔天天提鹅, 结束! 🕛 6.701 秒

