
🔔天天提鹅, 开始!

====================共5个京东账号Cookie=========

==================脚本执行- 北京时间(UTC+8)：7/2/2021, 4:28:45 PM=====================


***********开始【京东账号1】15631692383_p********

收取鹅蛋失败:不可收取
兑换金币失败:剩余数量不足

***********开始【京东账号2】jd_74a8d71c978d9********

收取鹅蛋:18个成功
当前总鹅蛋数量:588
兑换金币:1
当前总金币:208

***********开始【京东账号3】chao4596758********

收取鹅蛋:18个成功
当前总鹅蛋数量:538
兑换金币:1
当前总金币:231

***********开始【京东账号4】jd_46df9eaa780aa********

收取鹅蛋:11个成功
当前总鹅蛋数量:5216
兑换金币:1
当前总金币:2092

***********开始【京东账号5】jd_67f63c904d8c6********

收取鹅蛋:16个成功
当前总鹅蛋数量:256
兑换金币:1
当前总金币:25

🔔天天提鹅, 结束! 🕛 5.803 秒

