
🔔天天提鹅, 开始!

====================共5个京东账号Cookie=========

==================脚本执行- 北京时间(UTC+8)：7/2/2021, 5:30:18 PM=====================

"getaddrinfo ENOTFOUND wq.jd.com"
天天提鹅 API请求失败，请检查网路重试

***********开始【京东账号1】15631692383_p********

"getaddrinfo ENOTFOUND ms.jr.jd.com"
天天提鹅 API请求失败，请检查网路重试
"getaddrinfo ENOTFOUND ms.jr.jd.com"
天天提鹅 API请求失败，请检查网路重试
"getaddrinfo ENOTFOUND ms.jr.jd.com"
天天提鹅 API请求失败，请检查网路重试
"getaddrinfo ENOTFOUND wq.jd.com"
天天提鹅 API请求失败，请检查网路重试

***********开始【京东账号2】jd_74a8d71c978d9********

"getaddrinfo ENOTFOUND ms.jr.jd.com"
天天提鹅 API请求失败，请检查网路重试
"getaddrinfo ENOTFOUND ms.jr.jd.com"
天天提鹅 API请求失败，请检查网路重试
"getaddrinfo ENOTFOUND ms.jr.jd.com"
天天提鹅 API请求失败，请检查网路重试
"getaddrinfo ENOTFOUND wq.jd.com"
天天提鹅 API请求失败，请检查网路重试

***********开始【京东账号3】chao4596758********

"getaddrinfo ENOTFOUND ms.jr.jd.com"
天天提鹅 API请求失败，请检查网路重试
"getaddrinfo ENOTFOUND ms.jr.jd.com"
天天提鹅 API请求失败，请检查网路重试
"getaddrinfo ENOTFOUND ms.jr.jd.com"
天天提鹅 API请求失败，请检查网路重试
"getaddrinfo ENOTFOUND wq.jd.com"
天天提鹅 API请求失败，请检查网路重试

***********开始【京东账号4】jd_46df9eaa780aa********

"getaddrinfo ENOTFOUND ms.jr.jd.com"
天天提鹅 API请求失败，请检查网路重试
"getaddrinfo ENOTFOUND ms.jr.jd.com"
天天提鹅 API请求失败，请检查网路重试
"getaddrinfo ENOTFOUND ms.jr.jd.com"
天天提鹅 API请求失败，请检查网路重试
"getaddrinfo ENOTFOUND wq.jd.com"
天天提鹅 API请求失败，请检查网路重试

***********开始【京东账号5】jd_67f63c904d8c6********

收取鹅蛋:15个成功
当前总鹅蛋数量:265
兑换金币:1
当前总金币:26

🔔天天提鹅, 结束! 🕛 192.457 秒

