
🔔天天提鹅, 开始!

====================共5个京东账号Cookie=========

==================脚本执行- 北京时间(UTC+8)：7/7/2021, 9:31:13 PM=====================


***********开始【京东账号1】15631692383_p********

收取鹅蛋:4个成功
当前总鹅蛋数量:1108
兑换金币失败:剩余数量不足

***********开始【京东账号2】Ycp_Dream********

收取鹅蛋:34个成功
当前总鹅蛋数量:644
兑换金币:3
当前总金币:214

***********开始【京东账号3】jd_585601a83bd48********

收取鹅蛋:34个成功
当前总鹅蛋数量:594
兑换金币:3
当前总金币:877

***********开始【京东账号4】jd_157332ewky********

收取鹅蛋:37个成功
当前总鹅蛋数量:5272
兑换金币:3
当前总金币:2097

***********开始【京东账号5】jd_157332zdf********

收取鹅蛋:33个成功
当前总鹅蛋数量:323
兑换金币:3
当前总金币:32

🔔天天提鹅, 结束! 🕛 32.014 秒

