
🔔天天提鹅, 开始!

====================共5个京东账号Cookie=========

==================脚本执行- 北京时间(UTC+8)：7/2/2021, 10:30:10 AM=====================


***********开始【京东账号1】15631692383_p********

收取鹅蛋失败:不可收取
兑换金币失败:剩余数量不足

***********开始【京东账号2】Ycp_Dream********

收取鹅蛋:30个成功
当前总鹅蛋数量:450
兑换金币:3
当前总金币:195

***********开始【京东账号3】chao4596758********

收取鹅蛋:30个成功
当前总鹅蛋数量:400
兑换金币:3
当前总金币:218

***********开始【京东账号4】jd_46df9eaa780aa********

收取鹅蛋:33个成功
当前总鹅蛋数量:5078
兑换金币:3
当前总金币:2078

***********开始【京东账号5】jd_157332zdf********

收取鹅蛋:38个成功
当前总鹅蛋数量:118
兑换金币:3
当前总金币:11

🔔天天提鹅, 结束! 🕛 5.004 秒

