
🔔京东快递签到, 开始!

====================共5个京东账号Cookie=========

==================脚本执行- 北京时间(UTC+8)：7/2/2021, 10:18:39 AM=====================


******开始【京东账号1】15631692383_p*********

今日签到成功，获得签到得积分

******开始【京东账号2】Ycp_Dream*********

异常：{"code":-101,"content":[],"data":[],"errorMsg":"签到成功","msg":"签到成功","success":false}

******开始【京东账号3】jd_585601a83bd48*********

今日签到成功，获得签到得积分

******开始【京东账号4】jd_157332ewky*********

今日签到成功，获得签到得积分

******开始【京东账号5】jd_157332zdf*********

今日签到成功，获得签到得积分

==============📣系统通知📣==============
京东快递签到
京东账号115631692383_p
今日签到成功，获得签到得积分 🐶
京东账号3jd_585601a83bd48
今日签到成功，获得签到得积分 🐶
京东账号4jd_157332ewky
今日签到成功，获得签到得积分 🐶
京东账号5jd_157332zdf
今日签到成功，获得签到得积分 🐶


🔔京东快递签到, 结束! 🕛 2.255 秒

