
🔔京东极速版红包, 开始!

====================共2个京东账号Cookie=========

==================脚本执行- 北京时间(UTC+8)：7/9/2021, 11:49:49 PM=====================


如提示活动火爆,可再执行一次尝试


❗️京东极速版红包, 错误!


******开始【京东账号1】15631692383_p*********

"getaddrinfo ENOTFOUND api.m.jd.com"
京东极速版红包 API请求失败，请检查网路重试
"getaddrinfo ENOTFOUND api.m.jd.com"
京东极速版红包 API请求失败，请检查网路重试
"getaddrinfo ENOTFOUND api.m.jd.com"
京东极速版红包 API请求失败，请检查网路重试
"getaddrinfo ENOTFOUND api.m.jd.com"
京东极速版红包 API请求失败，请检查网路重试
"getaddrinfo ENOTFOUND api.m.jd.com"
京东极速版红包 API请求失败，请检查网路重试
"getaddrinfo ENOTFOUND api.m.jd.com"
京东极速版红包 API请求失败，请检查网路重试
"getaddrinfo ENOTFOUND api.m.jd.com"
京东极速版红包 API请求失败，请检查网路重试

如提示活动火爆,可再执行一次尝试


❗️京东极速版红包, 错误!


******开始【京东账号2】jd_74a8d71c978d9*********

"getaddrinfo ENOTFOUND api.m.jd.com"
京东极速版红包 API请求失败，请检查网路重试
"getaddrinfo ENOTFOUND api.m.jd.com"
京东极速版红包 API请求失败，请检查网路重试
"getaddrinfo ENOTFOUND api.m.jd.com"
京东极速版红包 API请求失败，请检查网路重试
"getaddrinfo ENOTFOUND api.m.jd.com"
京东极速版红包 API请求失败，请检查网路重试
"getaddrinfo ENOTFOUND api.m.jd.com"
京东极速版红包 API请求失败，请检查网路重试
"getaddrinfo ENOTFOUND api.m.jd.com"
京东极速版红包 API请求失败，请检查网路重试
"getaddrinfo ENOTFOUND api.m.jd.com"
京东极速版红包 API请求失败，请检查网路重试

🔔京东极速版红包, 结束! 🕛 461.202 秒

