
🔔京东极速版红包, 开始!

====================共4个京东账号Cookie=========

==================脚本执行- 北京时间(UTC+8)：6/30/2021, 3:55:54 PM=====================


如提示活动火爆,可再执行一次尝试


******开始【京东账号1】Ymh__Sirius*********

极速版签到提现：签到失败:当天已经签到

获得极速版大促红包
获得极速版大促红包
活动太火爆了，请稍后重试

==============📣系统通知📣==============
京东极速版红包
京东账号1Ymh__Sirius
获得极速版大促红包
获得极速版大促红包


如提示活动火爆,可再执行一次尝试


******开始【京东账号2】Ycp_Dream*********

极速版签到提现：签到成功

获得0.3元微信夏香节节红包-活动新（良民）
活动太火爆了，请稍后重试
获得极速版大促红包
去提现0.30微信现金
提现零钱结果：{"success":true,"code":0,"errMsg":"success","data":{"status":"310","message":"提现中"}}
提现成功！

==============📣系统通知📣==============
京东极速版红包
京东账号2Ycp_Dream
极速版签到提现：签到成功
获得0.3元微信夏香节节红包-活动新（良民）
获得极速版大促红包
提现0.30微信现金，提现成功！


如提示活动火爆,可再执行一次尝试


******开始【京东账号3】jd_585601a83bd48*********

极速版签到提现：签到成功

获得极速版大促红包
获得极速版大促红包
获得优惠券

==============📣系统通知📣==============
京东极速版红包
京东账号3jd_585601a83bd48
极速版签到提现：签到成功
获得极速版大促红包
获得极速版大促红包


如提示活动火爆,可再执行一次尝试


******开始【京东账号4】jd_157332ewky*********

极速版签到提现：签到成功

获得极速版大促红包
获得极速版大促红包
活动太火爆了，请稍后重试

==============📣系统通知📣==============
京东极速版红包
京东账号4jd_157332ewky
极速版签到提现：签到成功
获得极速版大促红包
获得极速版大促红包


🔔京东极速版红包, 结束! 🕛 26.141 秒

