
🔔京东极速版红包, 开始!

====================共2个京东账号Cookie=========

==================脚本执行- 北京时间(UTC+8)：7/12/2021, 1:23:39 AM=====================


如提示活动火爆,可再执行一次尝试


******开始【京东账号1】Ymh__Sirius*********

极速版签到提现：签到失败:当天已经签到

今日已领完
今日已领完
今日已领完

如提示活动火爆,可再执行一次尝试


******开始【京东账号2】Ycp_Dream*********

极速版签到提现：签到失败:当天已经签到

获得极速版大促红包
获得0.03微信活动老-京东老（良民）
今日已领完
去提现0.03微信现金
提现零钱结果：{"success":true,"code":0,"errMsg":"success","data":{"status":"310","message":"提现中"}}
提现成功！

==============📣系统通知📣==============
京东极速版红包
京东账号2Ycp_Dream
获得极速版大促红包
获得0.03微信活动老-京东老（良民）
提现0.03微信现金，提现成功！


🔔京东极速版红包, 结束! 🕛 5.23 秒

