
🔔东东超市, 开始!

====================共4个京东账号Cookie=========

==================脚本执行- 北京时间(UTC+8)：6/30/2021, 5:31:01 PM=====================

共4个京东账号


开始【京东账号1】Ymh__Sirius

当前无金币可领

{"code":0,"data":{"bizCode":231,"bizMsg":"战队PK功能暂被关闭","success":false}}

收取蓝币失败：今日小费已达上限

日常赚钱任务       完成状态
 加购任务         未完成 0/4
 入小游戏         已完成 1/1
 关注商品         已完成 4/4
 逛会场          已完成 7/7
 关注店铺         已完成 4/4
 去购物          未完成 0/1
 卖货能手         已完成 1/1

注意⚠:东东超市抽奖已改版,花费500蓝币抽奖一次,现在脚本默认已关闭抽奖功能

设置的为不抽奖

[普通货架] 已解锁，当前等级：40级
[冰柜] 已解锁，当前等级：40级
[水果摊] 已解锁，当前等级：31级
[酒柜] 未解锁

限时商品0624已上架

收取营业额：获得 36687

【京东账号1】Ymh__Sirius
【收取小费】今日小费已达上限
【第3日签到】当日已签到
【店铺等级】153
【总蓝币】2039900个


开始【京东账号2】Ycp_Dream

当前无金币可领

{"code":0,"data":{"bizCode":231,"bizMsg":"战队PK功能暂被关闭","success":false}}

收取蓝币失败：今日小费已达上限

日常赚钱任务       完成状态
 加购任务         未完成 0/4
 入小游戏         已完成 1/1
 关注商品         未完成 3/4
 逛会场          未完成 3/7
 关注店铺         未完成 3/4
 去购物          未完成 0/1
 卖货能手         已完成 1/1
关注商品
关注商品领蓝币结果{"code":0,"data":{"bizCode":0,"bizMsg":"","result":{"finishNum":4,"targetNum":4,"taskId":"vCDk54JPhtHZB2RAoEj5HYgDN4c","taskStatus":1},"success":true}}
开始逛会场
浏览会场得蓝币结果{"code":0,"data":{"bizCode":0,"bizMsg":"","result":{"finishNum":4,"targetNum":7,"taskId":"3SDrgPcRVeSRagnazCV1o1BKcUBr","taskStatus":0},"success":true}}
开始关注店铺
关注店铺得蓝币结果{"code":0,"data":{"bizCode":0,"bizMsg":"","result":{"finishNum":4,"targetNum":4,"taskId":"6CNXXEBFPBtBAMST5vhqgLjaNXx","taskStatus":1},"success":true}}

注意⚠:东东超市抽奖已改版,花费500蓝币抽奖一次,现在脚本默认已关闭抽奖功能

设置的为不抽奖

[普通货架] 已解锁，当前等级：31级
[冰柜] 未解锁
[水果摊] 未解锁
[酒柜] 未解锁

限时商品0624已上架

收取营业额：获得 11721

【京东账号2】Ycp_Dream
【收取小费】今日小费已达上限
【第3日签到】当日已签到
【店铺等级】53
【总蓝币】405300个


开始【京东账号3】jd_585601a83bd48

当前无金币可领

{"code":0,"data":{"bizCode":231,"bizMsg":"战队PK功能暂被关闭","success":false}}

收取蓝币失败：今日小费已达上限

日常赚钱任务       完成状态
 加购任务         未完成 0/4
 入小游戏         已完成 1/1
 关注商品         未完成 3/4
 逛会场          未完成 3/7
 关注店铺         未完成 3/4
 去购物          未完成 0/1
 卖货能手         已完成 1/1
关注商品
关注商品领蓝币结果{"code":0,"data":{"bizCode":0,"bizMsg":"","result":{"finishNum":4,"targetNum":4,"taskId":"vCDk54JPhtHZB2RAoEj5HYgDN4c","taskStatus":1},"success":true}}
开始逛会场
浏览会场得蓝币结果{"code":0,"data":{"bizCode":0,"bizMsg":"","result":{"finishNum":4,"targetNum":7,"taskId":"3SDrgPcRVeSRagnazCV1o1BKcUBr","taskStatus":0},"success":true}}
开始关注店铺
关注店铺得蓝币结果{"code":0,"data":{"bizCode":0,"bizMsg":"","result":{"finishNum":4,"targetNum":4,"taskId":"6CNXXEBFPBtBAMST5vhqgLjaNXx","taskStatus":1},"success":true}}

注意⚠:东东超市抽奖已改版,花费500蓝币抽奖一次,现在脚本默认已关闭抽奖功能

设置的为不抽奖

[普通货架] 已解锁，当前等级：23级
[冰柜] 未解锁
[水果摊] 未解锁
[酒柜] 未解锁

限时商品0624已上架

收取营业额：获得 10577

【京东账号3】jd_585601a83bd48
【收取小费】今日小费已达上限
【第3日签到】当日已签到
【店铺等级】39
【总蓝币】316000个


开始【京东账号4】jd_157332ewky

当前无金币可领

{"code":0,"data":{"bizCode":231,"bizMsg":"战队PK功能暂被关闭","success":false}}

收取蓝币失败：今日小费已达上限

日常赚钱任务       完成状态
 加购任务         未完成 0/4
 入小游戏         已完成 1/1
 关注商品         未完成 3/4
 逛会场          未完成 3/7
 关注店铺         未完成 3/4
 去购物          未完成 0/1
 卖货能手         已完成 1/1
关注商品
关注商品领蓝币结果{"code":0,"data":{"bizCode":0,"bizMsg":"","result":{"finishNum":4,"targetNum":4,"taskId":"vCDk54JPhtHZB2RAoEj5HYgDN4c","taskStatus":1},"success":true}}
开始逛会场
浏览会场得蓝币结果{"code":0,"data":{"bizCode":0,"bizMsg":"","result":{"finishNum":4,"targetNum":7,"taskId":"3SDrgPcRVeSRagnazCV1o1BKcUBr","taskStatus":0},"success":true}}
开始关注店铺
关注店铺得蓝币结果{"code":0,"data":{"bizCode":0,"bizMsg":"","result":{"finishNum":4,"targetNum":4,"taskId":"6CNXXEBFPBtBAMST5vhqgLjaNXx","taskStatus":1},"success":true}}

注意⚠:东东超市抽奖已改版,花费500蓝币抽奖一次,现在脚本默认已关闭抽奖功能

设置的为不抽奖

[普通货架] 已解锁，当前等级：40级
[冰柜] 已解锁，当前等级：38级
[水果摊] 未解锁
[酒柜] 未解锁

限时商品0624已上架

收取营业额：获得 25835

【京东账号4】jd_157332ewky
【收取小费】今日小费已达上限
【第3日签到】当日已签到
【店铺等级】109
【总蓝币】1027100个


🔔东东超市, 结束! 🕛 200.669 秒

