
🔔东东超市, 开始!

====================共5个京东账号Cookie=========

==================脚本执行- 北京时间(UTC+8)：7/7/2021, 9:31:02 PM=====================

共5个京东账号


开始【京东账号1】Ymh__Sirius

当前无金币可领

{"code":0,"data":{"bizCode":231,"bizMsg":"战队PK功能暂被关闭","success":false}}

收取蓝币失败：今日小费已达上限

日常赚钱任务       完成状态
 加购任务         未完成 0/4
 入小游戏         已完成 1/1
 关注商品         已完成 4/4
 开会员卡         已完成 1/1
 逛会场          已完成 7/7
 关注店铺         已完成 4/4
 去购物          已完成 1/1
 卖货能手         已完成 1/1

注意⚠:东东超市抽奖已改版,花费500蓝币抽奖一次,现在脚本默认已关闭抽奖功能

设置的为不抽奖

[普通货架] 已解锁，当前等级：40级
[冰柜] 已解锁，当前等级：40级
[水果摊] 已解锁，当前等级：34级
[酒柜] 未解锁

限时商品0601已上架

收取营业额：获得 37216

【京东账号1】Ymh__Sirius
【收取小费】今日小费已达上限
【第3日签到】当日已签到
【店铺等级】157
【总蓝币】2146300个


开始【京东账号2】Ycp_Dream

当前无金币可领

{"code":0,"data":{"bizCode":231,"bizMsg":"战队PK功能暂被关闭","success":false}}

【京东账号2】Ycp_Dream 第1次领蓝币成功，获得10个

【京东账号2】Ycp_Dream 第2次领蓝币成功，获得20个

【京东账号2】Ycp_Dream 第3次领蓝币成功，获得10个

【京东账号2】Ycp_Dream 第4次领蓝币成功，获得20个

【京东账号2】Ycp_Dream 第5次领蓝币成功，获得10个

【京东账号2】Ycp_Dream 第6次领蓝币成功，获得10个

【京东账号2】Ycp_Dream 第7次领蓝币成功，获得20个


日常赚钱任务       完成状态
 加购任务         未完成 0/4
 入小游戏         已完成 1/1
 关注商品         未完成 0/4
 开会员卡         未完成 0/1
 逛会场          未完成 0/7
 关注店铺         未完成 0/4
 去购物          未完成 0/1
 卖货能手         未完成 0/1

领取做完任务的奖励{"code":0,"data":{"bizCode":0,"bizMsg":"success","result":{"blueCoin":2000,"taskId":"31S9ZZREmUhK5C9MVSS3NnrbKXkt","totalBlueCoin":423200,"type":11},"success":true}}

关注商品
关注商品领蓝币结果{"code":0,"data":{"bizCode":0,"bizMsg":"","result":{"finishNum":1,"targetNum":4,"taskId":"vCDk54JPhtHZB2RAoEj5HYgDN4c","taskStatus":0},"success":true}}
开始开卡领蓝币任务
开卡领蓝币结果{"code":0,"data":{"bizCode":0,"bizMsg":"","result":{"finishNum":1,"targetNum":1,"taskId":"4EXGsLijuUTZqEM633VZvhHdeoKD","taskStatus":1},"success":true}}
开始逛会场
浏览会场得蓝币结果{"code":0,"data":{"bizCode":0,"bizMsg":"","result":{"finishNum":1,"targetNum":7,"taskId":"3SDrgPcRVeSRagnazCV1o1BKcUBr","taskStatus":0},"success":true}}
开始关注店铺
关注店铺得蓝币结果{"code":0,"data":{"bizCode":0,"bizMsg":"","result":{"finishNum":1,"targetNum":4,"taskId":"6CNXXEBFPBtBAMST5vhqgLjaNXx","taskStatus":0},"success":true}}

注意⚠:东东超市抽奖已改版,花费500蓝币抽奖一次,现在脚本默认已关闭抽奖功能

设置的为不抽奖

普通货架可升级

店铺升级结果:{"code":0,"data":{"bizCode":0,"bizMsg":"success","result":{"category":1,"id":"shelf-1","level":34,"name":"普通货架","status":0,"turnoverSpeed":16.8},"success":true},"msg":"调用成功"}

[冰柜] 未解锁
[水果摊] 未解锁
[酒柜] 未解锁
发现限时商品0601

限时商品售卖结果:{"code":0,"data":{"bizCode":0,"bizMsg":"success","result":{"reward":1000,"totalBlueCoins":424200},"success":true},"msg":"调用成功"}


收取营业额：获得 72145

【京东账号2】Ycp_Dream
【收取小费】100个
【第3日签到】当日已签到
【店铺等级】56
【总蓝币】424200个


开始【京东账号3】jd_585601a83bd48

当前无金币可领

{"code":0,"data":{"bizCode":231,"bizMsg":"战队PK功能暂被关闭","success":false}}

【京东账号3】jd_585601a83bd48 第1次领蓝币成功，获得20个

【京东账号3】jd_585601a83bd48 第2次领蓝币成功，获得20个

【京东账号3】jd_585601a83bd48 第3次领蓝币成功，获得10个

【京东账号3】jd_585601a83bd48 第4次领蓝币成功，获得20个

【京东账号3】jd_585601a83bd48 第5次领蓝币成功，获得10个

【京东账号3】jd_585601a83bd48 第6次领蓝币成功，获得20个


日常赚钱任务       完成状态
 加购任务         未完成 0/4
 入小游戏         已完成 1/1
 关注商品         未完成 0/4
 开会员卡         未完成 0/1
 逛会场          未完成 0/7
 关注店铺         未完成 0/4
 去购物          未完成 0/1
 卖货能手         未完成 0/1

领取做完任务的奖励{"code":0,"data":{"bizCode":0,"bizMsg":"success","result":{"blueCoin":2000,"taskId":"31S9ZZREmUhK5C9MVSS3NnrbKXkt","totalBlueCoin":331800,"type":11},"success":true}}

关注商品
关注商品领蓝币结果{"code":0,"data":{"bizCode":0,"bizMsg":"","result":{"finishNum":1,"targetNum":4,"taskId":"vCDk54JPhtHZB2RAoEj5HYgDN4c","taskStatus":0},"success":true}}
开始开卡领蓝币任务
开卡领蓝币结果{"code":0,"data":{"bizCode":0,"bizMsg":"","result":{"finishNum":1,"targetNum":1,"taskId":"4EXGsLijuUTZqEM633VZvhHdeoKD","taskStatus":1},"success":true}}
开始逛会场
浏览会场得蓝币结果{"code":0,"data":{"bizCode":0,"bizMsg":"","result":{"finishNum":1,"targetNum":7,"taskId":"3SDrgPcRVeSRagnazCV1o1BKcUBr","taskStatus":0},"success":true}}
开始关注店铺
关注店铺得蓝币结果{"code":0,"data":{"bizCode":0,"bizMsg":"","result":{"finishNum":1,"targetNum":4,"taskId":"6CNXXEBFPBtBAMST5vhqgLjaNXx","taskStatus":0},"success":true}}

注意⚠:东东超市抽奖已改版,花费500蓝币抽奖一次,现在脚本默认已关闭抽奖功能

设置的为不抽奖

普通货架可升级

店铺升级结果:{"code":0,"data":{"bizCode":0,"bizMsg":"success","result":{"category":1,"id":"shelf-1","level":25,"name":"普通货架","status":0,"turnoverSpeed":15.0},"success":true},"msg":"调用成功"}

[冰柜] 未解锁
[水果摊] 未解锁
[酒柜] 未解锁
发现限时商品0601

限时商品售卖结果:{"code":0,"data":{"bizCode":0,"bizMsg":"success","result":{"reward":1000,"totalBlueCoins":332800},"success":true},"msg":"调用成功"}


收取营业额：获得 64368

【京东账号3】jd_585601a83bd48
【收取小费】100个
【第3日签到】当日已签到
【店铺等级】41
【总蓝币】332800个


开始【京东账号4】jd_157332ewky

当前无金币可领

{"code":0,"data":{"bizCode":231,"bizMsg":"战队PK功能暂被关闭","success":false}}

【京东账号4】jd_157332ewky 第1次领蓝币成功，获得20个

【京东账号4】jd_157332ewky 第2次领蓝币成功，获得10个

【京东账号4】jd_157332ewky 第3次领蓝币成功，获得10个

【京东账号4】jd_157332ewky 第4次领蓝币成功，获得20个

【京东账号4】jd_157332ewky 第5次领蓝币成功，获得10个

【京东账号4】jd_157332ewky 第6次领蓝币成功，获得10个

【京东账号4】jd_157332ewky 第7次领蓝币成功，获得10个

【京东账号4】jd_157332ewky 第8次领蓝币成功，获得10个


日常赚钱任务       完成状态
 加购任务         未完成 0/4
 入小游戏         已完成 1/1
 关注商品         未完成 0/4
 开会员卡         未完成 0/1
 逛会场          未完成 0/7
 关注店铺         未完成 0/4
 去购物          未完成 0/1
 卖货能手         未完成 0/1

领取做完任务的奖励{"code":0,"data":{"bizCode":0,"bizMsg":"success","result":{"blueCoin":2000,"taskId":"31S9ZZREmUhK5C9MVSS3NnrbKXkt","totalBlueCoin":1040400,"type":11},"success":true}}

关注商品
关注商品领蓝币结果{"code":0,"data":{"bizCode":0,"bizMsg":"","result":{"finishNum":1,"targetNum":4,"taskId":"vCDk54JPhtHZB2RAoEj5HYgDN4c","taskStatus":0},"success":true}}
开始开卡领蓝币任务
开卡领蓝币结果{"code":0,"data":{"bizCode":0,"bizMsg":"","result":{"finishNum":1,"targetNum":1,"taskId":"4EXGsLijuUTZqEM633VZvhHdeoKD","taskStatus":1},"success":true}}
开始逛会场
浏览会场得蓝币结果{"code":0,"data":{"bizCode":0,"bizMsg":"","result":{"finishNum":1,"targetNum":7,"taskId":"3SDrgPcRVeSRagnazCV1o1BKcUBr","taskStatus":0},"success":true}}
开始关注店铺
关注店铺得蓝币结果{"code":0,"data":{"bizCode":0,"bizMsg":"","result":{"finishNum":1,"targetNum":4,"taskId":"6CNXXEBFPBtBAMST5vhqgLjaNXx","taskStatus":0},"success":true}}

注意⚠:东东超市抽奖已改版,花费500蓝币抽奖一次,现在脚本默认已关闭抽奖功能

设置的为不抽奖

[普通货架] 已解锁，当前等级：40级
冰柜可升级

店铺升级结果:{"code":0,"data":{"bizCode":0,"bizMsg":"success","result":{"category":2,"id":"shelf-2","level":40,"name":"冰柜","status":0,"turnoverSpeed":18.0},"success":true},"msg":"调用成功"}

[水果摊] 未解锁
[酒柜] 未解锁
发现限时商品0601

限时商品售卖结果:{"code":0,"data":{"bizCode":0,"bizMsg":"success","result":{"reward":1000,"totalBlueCoins":1041400},"success":true},"msg":"调用成功"}


收取营业额：获得 155088

【京东账号4】jd_157332ewky
【收取小费】100个
【第3日签到】当日已签到
【店铺等级】110
【总蓝币】1041400个


开始【京东账号5】jd_157332zdf

当前无金币可领

{"code":0,"data":{"bizCode":231,"bizMsg":"战队PK功能暂被关闭","success":false}}

【京东账号5】jd_157332zdf 第1次领蓝币成功，获得10个

【京东账号5】jd_157332zdf 第2次领蓝币成功，获得10个

【京东账号5】jd_157332zdf 第3次领蓝币成功，获得20个

【京东账号5】jd_157332zdf 第4次领蓝币成功，获得10个

【京东账号5】jd_157332zdf 第5次领蓝币成功，获得10个

【京东账号5】jd_157332zdf 第6次领蓝币成功，获得10个

【京东账号5】jd_157332zdf 第7次领蓝币成功，获得10个

【京东账号5】jd_157332zdf 第8次领蓝币成功，获得10个

【京东账号5】jd_157332zdf 第9次领蓝币成功，获得10个


日常赚钱任务       完成状态
 加购任务         未完成 0/4
 入小游戏         已完成 1/1
 关注商品         未完成 0/4
 开会员卡         未完成 0/1
 逛会场          未完成 0/7
 关注店铺         未完成 0/4
 去购物          未完成 0/1
 卖货能手         未完成 0/1

领取做完任务的奖励{"code":0,"data":{"bizCode":0,"bizMsg":"success","result":{"blueCoin":2000,"taskId":"31S9ZZREmUhK5C9MVSS3NnrbKXkt","totalBlueCoin":174500,"type":11},"success":true}}

关注商品
关注商品领蓝币结果{"code":0,"data":{"bizCode":0,"bizMsg":"","result":{"finishNum":1,"targetNum":4,"taskId":"vCDk54JPhtHZB2RAoEj5HYgDN4c","taskStatus":0},"success":true}}
开始开卡领蓝币任务
开卡领蓝币结果{"code":0,"data":{"bizCode":0,"bizMsg":"","result":{"finishNum":1,"targetNum":1,"taskId":"4EXGsLijuUTZqEM633VZvhHdeoKD","taskStatus":1},"success":true}}
开始逛会场
浏览会场得蓝币结果{"code":0,"data":{"bizCode":0,"bizMsg":"","result":{"finishNum":1,"targetNum":7,"taskId":"3SDrgPcRVeSRagnazCV1o1BKcUBr","taskStatus":0},"success":true}}
开始关注店铺
关注店铺得蓝币结果{"code":0,"data":{"bizCode":0,"bizMsg":"","result":{"finishNum":1,"targetNum":4,"taskId":"6CNXXEBFPBtBAMST5vhqgLjaNXx","taskStatus":0},"success":true}}

注意⚠:东东超市抽奖已改版,花费500蓝币抽奖一次,现在脚本默认已关闭抽奖功能

设置的为不抽奖

普通货架可升级

店铺升级结果:{"code":0,"data":{"bizCode":0,"bizMsg":"success","result":{"category":1,"id":"shelf-1","level":13,"name":"普通货架","status":0,"turnoverSpeed":12.6},"success":true},"msg":"调用成功"}

[冰柜] 未解锁
[水果摊] 未解锁
[酒柜] 未解锁
发现限时商品0601

限时商品售卖结果:{"code":0,"data":{"bizCode":0,"bizMsg":"success","result":{"reward":1000,"totalBlueCoins":175500},"success":true},"msg":"调用成功"}


收取营业额：获得 54000

【京东账号5】jd_157332zdf
【收取小费】100个
【第3日签到】当日已签到
【店铺等级】21
【总蓝币】175500个


🔔东东超市, 结束! 🕛 390.087 秒

