
🔔东东超市, 开始!

====================共5个京东账号Cookie=========

==================脚本执行- 北京时间(UTC+8)：7/2/2021, 3:31:02 PM=====================

共5个京东账号


开始【京东账号1】Ymh__Sirius

当前无金币可领

{"code":0,"data":{"bizCode":231,"bizMsg":"战队PK功能暂被关闭","success":false}}

收取蓝币失败：今日小费已达上限

日常赚钱任务       完成状态
 加购任务         未完成 0/4
 入小游戏         已完成 1/1
 关注商品         已完成 4/4
 逛会场          已完成 7/7
 关注店铺         已完成 4/4
 去购物          未完成 0/1
 卖货能手         已完成 1/1

注意⚠:东东超市抽奖已改版,花费500蓝币抽奖一次,现在脚本默认已关闭抽奖功能

设置的为不抽奖

[普通货架] 已解锁，当前等级：40级
[冰柜] 已解锁，当前等级：40级
[水果摊] 已解锁，当前等级：32级
[酒柜] 未解锁

限时商品0624已上架

收取营业额：获得 36493

【京东账号1】Ymh__Sirius
【收取小费】今日小费已达上限
【第5日签到】当日已签到
【店铺等级】154
【总蓝币】2068300个


开始【京东账号2】Ycp_Dream

当前无金币可领

{"code":0,"data":{"bizCode":231,"bizMsg":"战队PK功能暂被关闭","success":false}}

收取蓝币失败：今日小费已达上限

日常赚钱任务       完成状态
 加购任务         未完成 0/4
 入小游戏         已完成 1/1
 关注商品         已完成 4/4
 逛会场          未完成 4/7
 关注店铺         已完成 4/4
 去购物          未完成 0/1
 卖货能手         已完成 1/1

领取做完任务的奖励{"code":0,"data":{"bizCode":0,"bizMsg":"success","result":{"blueCoin":2000,"taskId":"vCDk54JPhtHZB2RAoEj5HYgDN4c","totalBlueCoin":415600,"type":10},"success":true}}

开始逛会场
浏览会场得蓝币结果{"code":0,"data":{"bizCode":0,"bizMsg":"","result":{"finishNum":5,"targetNum":7,"taskId":"3SDrgPcRVeSRagnazCV1o1BKcUBr","taskStatus":0},"success":true}}

领取做完任务的奖励{"code":0,"data":{"bizCode":0,"bizMsg":"success","result":{"blueCoin":2000,"taskId":"6CNXXEBFPBtBAMST5vhqgLjaNXx","totalBlueCoin":417600,"type":8},"success":true}}


注意⚠:东东超市抽奖已改版,花费500蓝币抽奖一次,现在脚本默认已关闭抽奖功能

设置的为不抽奖

[普通货架] 已解锁，当前等级：33级
[冰柜] 未解锁
[水果摊] 未解锁
[酒柜] 未解锁

限时商品0624已上架

收取营业额：获得 11579

【京东账号2】Ycp_Dream
【收取小费】今日小费已达上限
【第5日签到】当日已签到
【店铺等级】55
【总蓝币】417600个


开始【京东账号3】jd_585601a83bd48

当前无金币可领

{"code":0,"data":{"bizCode":231,"bizMsg":"战队PK功能暂被关闭","success":false}}

收取蓝币失败：今日小费已达上限

日常赚钱任务       完成状态
 加购任务         未完成 0/4
 入小游戏         已完成 1/1
 关注商品         已完成 4/4
 逛会场          未完成 4/7
 关注店铺         已完成 4/4
 去购物          未完成 0/1
 卖货能手         已完成 1/1

领取做完任务的奖励{"code":0,"data":{"bizCode":0,"bizMsg":"success","result":{"blueCoin":2000,"taskId":"vCDk54JPhtHZB2RAoEj5HYgDN4c","totalBlueCoin":324200,"type":10},"success":true}}

开始逛会场
浏览会场得蓝币结果{"code":0,"data":{"bizCode":0,"bizMsg":"","result":{"finishNum":5,"targetNum":7,"taskId":"3SDrgPcRVeSRagnazCV1o1BKcUBr","taskStatus":0},"success":true}}

领取做完任务的奖励{"code":0,"data":{"bizCode":0,"bizMsg":"success","result":{"blueCoin":2000,"taskId":"6CNXXEBFPBtBAMST5vhqgLjaNXx","totalBlueCoin":326200,"type":8},"success":true}}


注意⚠:东东超市抽奖已改版,花费500蓝币抽奖一次,现在脚本默认已关闭抽奖功能

设置的为不抽奖

[普通货架] 已解锁，当前等级：24级
[冰柜] 未解锁
[水果摊] 未解锁
[酒柜] 未解锁

限时商品0624已上架

收取营业额：获得 10328

【京东账号3】jd_585601a83bd48
【收取小费】今日小费已达上限
【第5日签到】当日已签到
【店铺等级】40
【总蓝币】326200个


开始【京东账号4】jd_157332ewky

当前无金币可领

{"code":0,"data":{"bizCode":231,"bizMsg":"战队PK功能暂被关闭","success":false}}

收取蓝币失败：今日小费已达上限

日常赚钱任务       完成状态
 加购任务         未完成 0/4
 入小游戏         已完成 1/1
 关注商品         已完成 4/4
 逛会场          未完成 4/7
 关注店铺         已完成 4/4
 去购物          未完成 0/1
 卖货能手         已完成 1/1

领取做完任务的奖励{"code":0,"data":{"bizCode":0,"bizMsg":"success","result":{"blueCoin":2000,"taskId":"vCDk54JPhtHZB2RAoEj5HYgDN4c","totalBlueCoin":1035300,"type":10},"success":true}}

开始逛会场
浏览会场得蓝币结果{"code":0,"data":{"bizCode":0,"bizMsg":"","result":{"finishNum":5,"targetNum":7,"taskId":"3SDrgPcRVeSRagnazCV1o1BKcUBr","taskStatus":0},"success":true}}

领取做完任务的奖励{"code":0,"data":{"bizCode":0,"bizMsg":"success","result":{"blueCoin":2000,"taskId":"6CNXXEBFPBtBAMST5vhqgLjaNXx","totalBlueCoin":1037300,"type":8},"success":true}}


注意⚠:东东超市抽奖已改版,花费500蓝币抽奖一次,现在脚本默认已关闭抽奖功能

设置的为不抽奖

[普通货架] 已解锁，当前等级：40级
[冰柜] 已解锁，当前等级：39级
[水果摊] 未解锁
[酒柜] 未解锁

限时商品0624已上架

收取营业额：获得 25035

【京东账号4】jd_157332ewky
【收取小费】今日小费已达上限
【第5日签到】当日已签到
【店铺等级】110
【总蓝币】1037300个


开始【京东账号5】jd_157332zdf

当前无金币可领

{"code":0,"data":{"bizCode":231,"bizMsg":"战队PK功能暂被关闭","success":false}}

收取蓝币失败：今日小费已达上限

日常赚钱任务       完成状态
 加购任务         未完成 0/4
 入小游戏         已完成 1/1
 关注商品         已完成 4/4
 逛会场          未完成 4/7
 关注店铺         已完成 4/4
 去购物          未完成 0/1
 卖货能手         已完成 1/1

领取做完任务的奖励{"code":0,"data":{"bizCode":0,"bizMsg":"success","result":{"blueCoin":2000,"taskId":"vCDk54JPhtHZB2RAoEj5HYgDN4c","totalBlueCoin":169400,"type":10},"success":true}}

开始逛会场
浏览会场得蓝币结果{"code":0,"data":{"bizCode":0,"bizMsg":"","result":{"finishNum":5,"targetNum":7,"taskId":"3SDrgPcRVeSRagnazCV1o1BKcUBr","taskStatus":0},"success":true}}

领取做完任务的奖励{"code":0,"data":{"bizCode":0,"bizMsg":"success","result":{"blueCoin":2000,"taskId":"6CNXXEBFPBtBAMST5vhqgLjaNXx","totalBlueCoin":171400,"type":8},"success":true}}


注意⚠:东东超市抽奖已改版,花费500蓝币抽奖一次,现在脚本默认已关闭抽奖功能

设置的为不抽奖

[普通货架] 已解锁，当前等级：12级
[冰柜] 未解锁
[水果摊] 未解锁
[酒柜] 未解锁

限时商品0624已上架

收取营业额：获得 8669

【京东账号5】jd_157332zdf
【收取小费】今日小费已达上限
【第5日签到】当日已签到
【店铺等级】21
【总蓝币】171400个


🔔东东超市, 结束! 🕛 221.112 秒

