
🔔东东超市, 开始!

====================共5个京东账号Cookie=========

==================脚本执行- 北京时间(UTC+8)：7/2/2021, 5:31:02 PM=====================

共5个京东账号


❗️东东超市, 错误!


开始【京东账号1】15631692383_p


东东超市: API查询请求失败 ‼️‼️
"getaddrinfo ENOTFOUND api.m.jd.com"

❗️东东超市, 错误!
TypeError: Cannot read property 'data' of undefined
    at receiveGoldCoin (/opt/jd/scripts/jd_superMarket.js:208:7622)
    at processTicksAndRejections (internal/process/task_queues.js:93:5)
    at async jdSuperMarket (/opt/jd/scripts/jd_superMarket.js:81:5)
    at async /opt/jd/scripts/jd_superMarket.js:67:7
【京东账号1】


❗️东东超市, 错误!


开始【京东账号2】jd_74a8d71c978d9

当前无金币可领

{"code":0,"data":{"bizCode":231,"bizMsg":"战队PK功能暂被关闭","success":false}}

收取蓝币失败：今日小费已达上限

日常赚钱任务       完成状态
 加购任务         未完成 0/4
 入小游戏         已完成 1/1
 关注商品         已完成 4/4
 逛会场          未完成 5/7
 关注店铺         已完成 4/4
 去购物          未完成 0/1
 卖货能手         已完成 1/1
开始逛会场
浏览会场得蓝币结果{"code":0,"data":{"bizCode":0,"bizMsg":"","result":{"finishNum":6,"targetNum":7,"taskId":"3SDrgPcRVeSRagnazCV1o1BKcUBr","taskStatus":0},"success":true}}

注意⚠:东东超市抽奖已改版,花费500蓝币抽奖一次,现在脚本默认已关闭抽奖功能

设置的为不抽奖

[普通货架] 已解锁，当前等级：33级
[冰柜] 未解锁
[水果摊] 未解锁
[酒柜] 未解锁

限时商品0624已上架
店铺升级奖励获取:2500蓝币


收取营业额：获得 12105

【京东账号2】
【收取小费】今日小费已达上限
【第5日签到】当日已签到
【店铺等级】56
【总蓝币】420100个


开始【京东账号3】jd_585601a83bd48

当前无金币可领

{"code":0,"data":{"bizCode":231,"bizMsg":"战队PK功能暂被关闭","success":false}}

收取蓝币失败：今日小费已达上限

日常赚钱任务       完成状态
 加购任务         未完成 0/4
 入小游戏         已完成 1/1
 关注商品         已完成 4/4
 逛会场          未完成 5/7
 关注店铺         已完成 4/4
 去购物          未完成 0/1
 卖货能手         已完成 1/1
开始逛会场
浏览会场得蓝币结果{"code":0,"data":{"bizCode":0,"bizMsg":"","result":{"finishNum":6,"targetNum":7,"taskId":"3SDrgPcRVeSRagnazCV1o1BKcUBr","taskStatus":0},"success":true}}

注意⚠:东东超市抽奖已改版,花费500蓝币抽奖一次,现在脚本默认已关闭抽奖功能

设置的为不抽奖

[普通货架] 已解锁，当前等级：24级
[冰柜] 未解锁
[水果摊] 未解锁
[酒柜] 未解锁

限时商品0624已上架
店铺升级奖励获取:2500蓝币


收取营业额：获得 10771

【京东账号3】jd_585601a83bd48
【收取小费】今日小费已达上限
【第5日签到】当日已签到
【店铺等级】41
【总蓝币】328700个


开始【京东账号4】jd_157332ewky

当前无金币可领

{"code":0,"data":{"bizCode":231,"bizMsg":"战队PK功能暂被关闭","success":false}}

收取蓝币失败：今日小费已达上限

日常赚钱任务       完成状态
 加购任务         未完成 0/4
 入小游戏         已完成 1/1
 关注商品         已完成 4/4
 逛会场          未完成 5/7
 关注店铺         已完成 4/4
 去购物          未完成 0/1
 卖货能手         已完成 1/1
开始逛会场
浏览会场得蓝币结果{"code":0,"data":{"bizCode":0,"bizMsg":"","result":{"finishNum":6,"targetNum":7,"taskId":"3SDrgPcRVeSRagnazCV1o1BKcUBr","taskStatus":0},"success":true}}

注意⚠:东东超市抽奖已改版,花费500蓝币抽奖一次,现在脚本默认已关闭抽奖功能

设置的为不抽奖

[普通货架] 已解锁，当前等级：40级
[冰柜] 已解锁，当前等级：39级
[水果摊] 未解锁
[酒柜] 未解锁

限时商品0624已上架

收取营业额：获得 26001

【京东账号4】jd_157332ewky
【收取小费】今日小费已达上限
【第5日签到】当日已签到
【店铺等级】110
【总蓝币】1037300个


开始【京东账号5】jd_157332zdf

当前无金币可领

{"code":0,"data":{"bizCode":231,"bizMsg":"战队PK功能暂被关闭","success":false}}

收取蓝币失败：今日小费已达上限

日常赚钱任务       完成状态
 加购任务         未完成 0/4
 入小游戏         已完成 1/1
 关注商品         已完成 4/4
 逛会场          未完成 5/7
 关注店铺         已完成 4/4
 去购物          未完成 0/1
 卖货能手         已完成 1/1
开始逛会场
浏览会场得蓝币结果{"code":0,"data":{"bizCode":0,"bizMsg":"","result":{"finishNum":6,"targetNum":7,"taskId":"3SDrgPcRVeSRagnazCV1o1BKcUBr","taskStatus":0},"success":true}}

注意⚠:东东超市抽奖已改版,花费500蓝币抽奖一次,现在脚本默认已关闭抽奖功能

设置的为不抽奖

[普通货架] 已解锁，当前等级：12级
[冰柜] 未解锁
[水果摊] 未解锁
[酒柜] 未解锁

限时商品0624已上架

收取营业额：获得 8985

【京东账号5】jd_157332zdf
【收取小费】今日小费已达上限
【第5日签到】当日已签到
【店铺等级】21
【总蓝币】171400个


🔔东东超市, 结束! 🕛 283.247 秒

