
🔔东东超市, 开始!

====================共5个京东账号Cookie=========

==================脚本执行- 北京时间(UTC+8)：7/2/2021, 9:31:02 AM=====================

共5个京东账号


开始【京东账号1】Ymh__Sirius

当前无金币可领

{"code":0,"data":{"bizCode":231,"bizMsg":"战队PK功能暂被关闭","success":false}}

收取蓝币失败：今日小费已达上限

日常赚钱任务       完成状态
 加购任务         未完成 0/4
 入小游戏         已完成 1/1
 关注商品         已完成 4/4
 逛会场          未完成 5/7
 关注店铺         已完成 4/4
 去购物          未完成 0/1
 卖货能手         已完成 1/1
开始逛会场
浏览会场得蓝币结果{"code":0,"data":{"bizCode":0,"bizMsg":"","result":{"finishNum":6,"targetNum":7,"taskId":"3SDrgPcRVeSRagnazCV1o1BKcUBr","taskStatus":0},"success":true}}

注意⚠:东东超市抽奖已改版,花费500蓝币抽奖一次,现在脚本默认已关闭抽奖功能

设置的为不抽奖

[普通货架] 已解锁，当前等级：40级
[冰柜] 已解锁，当前等级：40级
[水果摊] 已解锁，当前等级：32级
[酒柜] 未解锁

限时商品0624已上架

收取营业额：获得 36593

【京东账号1】Ymh__Sirius
【收取小费】今日小费已达上限
【第5日签到】当日已签到
【店铺等级】154
【总蓝币】2065300个


开始【京东账号2】Ycp_Dream

当前无金币可领

{"code":0,"data":{"bizCode":231,"bizMsg":"战队PK功能暂被关闭","success":false}}

【京东账号2】Ycp_Dream 第1次领蓝币成功，获得10个

【京东账号2】Ycp_Dream 第2次领蓝币成功，获得10个

【京东账号2】Ycp_Dream 第3次领蓝币成功，获得10个

【京东账号2】Ycp_Dream 第4次领蓝币成功，获得20个

【京东账号2】Ycp_Dream 第5次领蓝币成功，获得10个

【京东账号2】Ycp_Dream 第6次领蓝币成功，获得20个

【京东账号2】Ycp_Dream 第7次领蓝币成功，获得20个


日常赚钱任务       完成状态
 加购任务         未完成 0/4
 入小游戏         已完成 1/1
 关注商品         未完成 0/4
 逛会场          未完成 0/7
 关注店铺         未完成 0/4
 去购物          未完成 0/1
 卖货能手         未完成 0/1

领取做完任务的奖励{"code":0,"data":{"bizCode":0,"bizMsg":"success","result":{"blueCoin":2000,"taskId":"31S9ZZREmUhK5C9MVSS3NnrbKXkt","totalBlueCoin":410000,"type":11},"success":true}}

关注商品
关注商品领蓝币结果{"code":0,"data":{"bizCode":0,"bizMsg":"","result":{"finishNum":1,"targetNum":4,"taskId":"vCDk54JPhtHZB2RAoEj5HYgDN4c","taskStatus":0},"success":true}}
开始逛会场
浏览会场得蓝币结果{"code":0,"data":{"bizCode":0,"bizMsg":"","result":{"finishNum":1,"targetNum":7,"taskId":"3SDrgPcRVeSRagnazCV1o1BKcUBr","taskStatus":0},"success":true}}
开始关注店铺
关注店铺得蓝币结果{"code":0,"data":{"bizCode":0,"bizMsg":"","result":{"finishNum":1,"targetNum":4,"taskId":"6CNXXEBFPBtBAMST5vhqgLjaNXx","taskStatus":0},"success":true}}

注意⚠:东东超市抽奖已改版,花费500蓝币抽奖一次,现在脚本默认已关闭抽奖功能

设置的为不抽奖

普通货架可升级

店铺升级结果:{"code":0,"data":{"bizCode":0,"bizMsg":"success","result":{"category":1,"id":"shelf-1","level":33,"name":"普通货架","status":0,"turnoverSpeed":16.6},"success":true},"msg":"调用成功"}

[冰柜] 未解锁
[水果摊] 未解锁
[酒柜] 未解锁
发现限时商品0624

限时商品售卖结果:{"code":0,"data":{"bizCode":0,"bizMsg":"success","result":{"reward":1000,"totalBlueCoins":411000},"success":true},"msg":"调用成功"}


收取营业额：获得 71280

【京东账号2】Ycp_Dream
【收取小费】100个
【第5日签到】当日已签到
【店铺等级】54
【总蓝币】411000个


开始【京东账号3】jd_585601a83bd48

当前无金币可领

{"code":0,"data":{"bizCode":231,"bizMsg":"战队PK功能暂被关闭","success":false}}

【京东账号3】jd_585601a83bd48 第1次领蓝币成功，获得20个

【京东账号3】jd_585601a83bd48 第2次领蓝币成功，获得10个

【京东账号3】jd_585601a83bd48 第3次领蓝币成功，获得20个

【京东账号3】jd_585601a83bd48 第4次领蓝币成功，获得10个

【京东账号3】jd_585601a83bd48 第5次领蓝币成功，获得10个

【京东账号3】jd_585601a83bd48 第6次领蓝币成功，获得10个

【京东账号3】jd_585601a83bd48 第7次领蓝币成功，获得10个

【京东账号3】jd_585601a83bd48 第8次领蓝币成功，获得10个


日常赚钱任务       完成状态
 加购任务         未完成 0/4
 入小游戏         已完成 1/1
 关注商品         未完成 0/4
 逛会场          未完成 0/7
 关注店铺         未完成 0/4
 去购物          未完成 0/1
 卖货能手         未完成 0/1

领取做完任务的奖励{"code":0,"data":{"bizCode":0,"bizMsg":"success","result":{"blueCoin":2000,"taskId":"31S9ZZREmUhK5C9MVSS3NnrbKXkt","totalBlueCoin":318600,"type":11},"success":true}}

关注商品
关注商品领蓝币结果{"code":0,"data":{"bizCode":0,"bizMsg":"","result":{"finishNum":1,"targetNum":4,"taskId":"vCDk54JPhtHZB2RAoEj5HYgDN4c","taskStatus":0},"success":true}}
开始逛会场
浏览会场得蓝币结果{"code":0,"data":{"bizCode":0,"bizMsg":"","result":{"finishNum":1,"targetNum":7,"taskId":"3SDrgPcRVeSRagnazCV1o1BKcUBr","taskStatus":0},"success":true}}
开始关注店铺
关注店铺得蓝币结果{"code":0,"data":{"bizCode":0,"bizMsg":"","result":{"finishNum":1,"targetNum":4,"taskId":"6CNXXEBFPBtBAMST5vhqgLjaNXx","taskStatus":0},"success":true}}

注意⚠:东东超市抽奖已改版,花费500蓝币抽奖一次,现在脚本默认已关闭抽奖功能

设置的为不抽奖

普通货架可升级

店铺升级结果:{"code":0,"data":{"bizCode":0,"bizMsg":"success","result":{"category":1,"id":"shelf-1","level":24,"name":"普通货架","status":0,"turnoverSpeed":14.8},"success":true},"msg":"调用成功"}

[冰柜] 未解锁
[水果摊] 未解锁
[酒柜] 未解锁
发现限时商品0624

限时商品售卖结果:{"code":0,"data":{"bizCode":0,"bizMsg":"success","result":{"reward":1000,"totalBlueCoins":319600},"success":true},"msg":"调用成功"}


收取营业额：获得 63504

【京东账号3】jd_585601a83bd48
【收取小费】100个
【第5日签到】当日已签到
【店铺等级】39
【总蓝币】319600个


开始【京东账号4】jd_157332ewky

当前无金币可领

{"code":0,"data":{"bizCode":231,"bizMsg":"战队PK功能暂被关闭","success":false}}

【京东账号4】jd_157332ewky 第1次领蓝币成功，获得20个

【京东账号4】jd_157332ewky 第2次领蓝币成功，获得10个

【京东账号4】jd_157332ewky 第3次领蓝币成功，获得20个

【京东账号4】jd_157332ewky 第4次领蓝币成功，获得10个

【京东账号4】jd_157332ewky 第5次领蓝币成功，获得20个

【京东账号4】jd_157332ewky 第6次领蓝币成功，获得20个


日常赚钱任务       完成状态
 加购任务         未完成 0/4
 入小游戏         已完成 1/1
 关注商品         未完成 0/4
 逛会场          未完成 0/7
 关注店铺         未完成 0/4
 去购物          未完成 0/1
 卖货能手         未完成 0/1

领取做完任务的奖励{"code":0,"data":{"bizCode":0,"bizMsg":"success","result":{"blueCoin":2000,"taskId":"31S9ZZREmUhK5C9MVSS3NnrbKXkt","totalBlueCoin":1029700,"type":11},"success":true}}

关注商品
关注商品领蓝币结果{"code":0,"data":{"bizCode":0,"bizMsg":"","result":{"finishNum":1,"targetNum":4,"taskId":"vCDk54JPhtHZB2RAoEj5HYgDN4c","taskStatus":0},"success":true}}
开始逛会场
浏览会场得蓝币结果{"code":0,"data":{"bizCode":0,"bizMsg":"","result":{"finishNum":1,"targetNum":7,"taskId":"3SDrgPcRVeSRagnazCV1o1BKcUBr","taskStatus":0},"success":true}}
开始关注店铺
关注店铺得蓝币结果{"code":0,"data":{"bizCode":0,"bizMsg":"","result":{"finishNum":1,"targetNum":4,"taskId":"6CNXXEBFPBtBAMST5vhqgLjaNXx","taskStatus":0},"success":true}}

注意⚠:东东超市抽奖已改版,花费500蓝币抽奖一次,现在脚本默认已关闭抽奖功能

设置的为不抽奖

[普通货架] 已解锁，当前等级：40级
冰柜可升级

店铺升级结果:{"code":0,"data":{"bizCode":0,"bizMsg":"success","result":{"category":2,"id":"shelf-2","level":39,"name":"冰柜","status":0,"turnoverSpeed":17.8},"success":true},"msg":"调用成功"}

[水果摊] 未解锁
[酒柜] 未解锁
发现限时商品0624

限时商品售卖结果:{"code":0,"data":{"bizCode":0,"bizMsg":"success","result":{"reward":1000,"totalBlueCoins":1030700},"success":true},"msg":"调用成功"}


收取营业额：获得 154224

【京东账号4】jd_157332ewky
【收取小费】100个
【第5日签到】当日已签到
【店铺等级】109
【总蓝币】1030700个


开始【京东账号5】jd_157332zdf

当前无金币可领

{"code":0,"data":{"bizCode":231,"bizMsg":"战队PK功能暂被关闭","success":false}}

【京东账号5】jd_157332zdf 第1次领蓝币成功，获得10个

【京东账号5】jd_157332zdf 第2次领蓝币成功，获得20个

【京东账号5】jd_157332zdf 第3次领蓝币成功，获得10个

【京东账号5】jd_157332zdf 第4次领蓝币成功，获得10个

【京东账号5】jd_157332zdf 第5次领蓝币成功，获得20个

【京东账号5】jd_157332zdf 第6次领蓝币成功，获得20个

【京东账号5】jd_157332zdf 第7次领蓝币成功，获得10个


日常赚钱任务       完成状态
 加购任务         未完成 0/4
 入小游戏         已完成 1/1
 关注商品         未完成 0/4
 逛会场          未完成 0/7
 关注店铺         未完成 0/4
 去购物          未完成 0/1
 卖货能手         未完成 0/1

领取做完任务的奖励{"code":0,"data":{"bizCode":0,"bizMsg":"success","result":{"blueCoin":2000,"taskId":"31S9ZZREmUhK5C9MVSS3NnrbKXkt","totalBlueCoin":161300,"type":11},"success":true}}

关注商品
关注商品领蓝币结果{"code":0,"data":{"bizCode":0,"bizMsg":"","result":{"finishNum":1,"targetNum":4,"taskId":"vCDk54JPhtHZB2RAoEj5HYgDN4c","taskStatus":0},"success":true}}
开始逛会场
浏览会场得蓝币结果{"code":0,"data":{"bizCode":0,"bizMsg":"","result":{"finishNum":1,"targetNum":7,"taskId":"3SDrgPcRVeSRagnazCV1o1BKcUBr","taskStatus":0},"success":true}}
开始关注店铺
关注店铺得蓝币结果{"code":0,"data":{"bizCode":0,"bizMsg":"","result":{"finishNum":1,"targetNum":4,"taskId":"6CNXXEBFPBtBAMST5vhqgLjaNXx","taskStatus":0},"success":true}}

注意⚠:东东超市抽奖已改版,花费500蓝币抽奖一次,现在脚本默认已关闭抽奖功能

设置的为不抽奖

普通货架可升级

店铺升级结果:{"code":0,"data":{"bizCode":0,"bizMsg":"success","result":{"category":1,"id":"shelf-1","level":12,"name":"普通货架","status":0,"turnoverSpeed":12.4},"success":true},"msg":"调用成功"}

[冰柜] 未解锁
[水果摊] 未解锁
[酒柜] 未解锁
发现限时商品0624

限时商品售卖结果:{"code":0,"data":{"bizCode":0,"bizMsg":"success","result":{"reward":1000,"totalBlueCoins":162300},"success":true},"msg":"调用成功"}


收取营业额：获得 53136

【京东账号5】jd_157332zdf
【收取小费】100个
【第5日签到】当日已签到
【店铺等级】19
【总蓝币】162300个


🔔东东超市, 结束! 🕛 337.982 秒

