
🔔东东超市, 开始!

====================共5个京东账号Cookie=========

==================脚本执行- 北京时间(UTC+8)：7/9/2021, 7:31:01 PM=====================

共5个京东账号


开始【京东账号1】Ymh__Sirius

当前无金币可领

{"code":0,"data":{"bizCode":231,"bizMsg":"战队PK功能暂被关闭","success":false}}

收取蓝币失败：今日小费已达上限

日常赚钱任务       完成状态
 加购任务         未完成 0/4
 入小游戏         已完成 1/1
 关注商品         已完成 4/4
 开会员卡         未完成 0/1
 逛会场          已完成 7/7
 关注店铺         已完成 4/4
 去购物          未完成 0/1
 卖货能手         已完成 1/1
开始开卡领蓝币任务
开卡领蓝币结果{"code":0,"data":{"bizCode":304,"bizMsg":"未完成CRM开卡操作","success":false}}

注意⚠:东东超市抽奖已改版,花费500蓝币抽奖一次,现在脚本默认已关闭抽奖功能

设置的为不抽奖

[普通货架] 已解锁，当前等级：40级
[冰柜] 已解锁，当前等级：40级
[水果摊] 已解锁，当前等级：35级
[酒柜] 未解锁

限时商品0601已上架

收取营业额：获得 37369

【京东账号1】Ymh__Sirius
【收取小费】今日小费已达上限
【第5日签到】当日已签到
【店铺等级】159
【总蓝币】2174700个


开始【京东账号2】Ycp_Dream

当前无金币可领

{"code":0,"data":{"bizCode":231,"bizMsg":"战队PK功能暂被关闭","success":false}}

收取蓝币失败：今日小费已达上限

日常赚钱任务       完成状态
 加购任务         未完成 0/4
 入小游戏         已完成 1/1
 关注商品         未完成 1/4
 开会员卡         未完成 0/1
 逛会场          未完成 1/7
 关注店铺         未完成 1/4
 去购物          未完成 0/1
 卖货能手         已完成 1/1
关注商品
关注商品领蓝币结果{"code":0,"data":{"bizCode":0,"bizMsg":"","result":{"finishNum":2,"targetNum":4,"taskId":"vCDk54JPhtHZB2RAoEj5HYgDN4c","taskStatus":0},"success":true}}
开始开卡领蓝币任务
开卡领蓝币结果{"code":0,"data":{"bizCode":304,"bizMsg":"未完成CRM开卡操作","success":false}}
开始逛会场
浏览会场得蓝币结果{"code":0,"data":{"bizCode":0,"bizMsg":"","result":{"finishNum":2,"targetNum":7,"taskId":"3SDrgPcRVeSRagnazCV1o1BKcUBr","taskStatus":0},"success":true}}
开始关注店铺
关注店铺得蓝币结果{"code":0,"data":{"bizCode":0,"bizMsg":"","result":{"finishNum":2,"targetNum":4,"taskId":"6CNXXEBFPBtBAMST5vhqgLjaNXx","taskStatus":0},"success":true}}

领取做完任务的奖励{"code":0,"data":{"bizCode":0,"bizMsg":"success","result":{"blueCoin":100,"taskId":"2jmAaTCXsosGpVciirxweXgRaZ2M","totalBlueCoin":427900,"type":5},"success":true}}


注意⚠:东东超市抽奖已改版,花费500蓝币抽奖一次,现在脚本默认已关闭抽奖功能

设置的为不抽奖

[普通货架] 已解锁，当前等级：35级
[冰柜] 未解锁
[水果摊] 未解锁
[酒柜] 未解锁

限时商品0601已上架
店铺升级奖励获取:2500蓝币


收取营业额：获得 12269

【京东账号2】Ycp_Dream
【收取小费】今日小费已达上限
【第5日签到】当日已签到
【店铺等级】58
【总蓝币】430400个


开始【京东账号3】chao4596758


==============📣系统通知📣==============
东东超市
【提示】cookie已失效
京东账号3 chao4596758
请重新登录获取
https://bean.m.jd.com/bean/signIndex.action
您未提供push+推送所需的PUSH_PLUS_TOKEN，取消push+推送消息通知🚫

server酱发送通知消息成功🎉

您未提供Bark的APP推送BARK_PUSH，取消Bark推送消息通知🚫

您未提供telegram机器人推送所需的TG_BOT_TOKEN和TG_USER_ID，取消telegram推送消息通知🚫

您未提供钉钉机器人推送所需的DD_BOT_TOKEN或者DD_BOT_SECRET，取消钉钉推送消息通知🚫

您未提供企业微信机器人推送所需的QYWX_KEY，取消企业微信推送消息通知🚫

您未提供企业微信应用消息推送所需的QYWX_AM，取消企业微信应用消息推送消息通知🚫

您未提供iGot的推送IGOT_PUSH_KEY，取消iGot推送消息通知🚫


开始【京东账号4】jd_157332ewky

当前无金币可领

{"code":0,"data":{"bizCode":231,"bizMsg":"战队PK功能暂被关闭","success":false}}

收取蓝币失败：今日小费已达上限

日常赚钱任务       完成状态
 加购任务         未完成 0/4
 入小游戏         已完成 1/1
 关注商品         未完成 1/4
 开会员卡         未完成 0/1
 逛会场          未完成 1/7
 关注店铺         未完成 1/4
 去购物          未完成 0/1
 卖货能手         已完成 1/1
关注商品
关注商品领蓝币结果{"code":0,"data":{"bizCode":0,"bizMsg":"","result":{"finishNum":2,"targetNum":4,"taskId":"vCDk54JPhtHZB2RAoEj5HYgDN4c","taskStatus":0},"success":true}}
开始开卡领蓝币任务
开卡领蓝币结果{"code":0,"data":{"bizCode":304,"bizMsg":"未完成CRM开卡操作","success":false}}
开始逛会场
浏览会场得蓝币结果{"code":0,"data":{"bizCode":0,"bizMsg":"","result":{"finishNum":2,"targetNum":7,"taskId":"3SDrgPcRVeSRagnazCV1o1BKcUBr","taskStatus":0},"success":true}}
开始关注店铺
关注店铺得蓝币结果{"code":0,"data":{"bizCode":0,"bizMsg":"","result":{"finishNum":2,"targetNum":4,"taskId":"6CNXXEBFPBtBAMST5vhqgLjaNXx","taskStatus":0},"success":true}}

领取做完任务的奖励{"code":0,"data":{"bizCode":0,"bizMsg":"success","result":{"blueCoin":100,"taskId":"2jmAaTCXsosGpVciirxweXgRaZ2M","totalBlueCoin":1045100,"type":5},"success":true}}


注意⚠:东东超市抽奖已改版,花费500蓝币抽奖一次,现在脚本默认已关闭抽奖功能

设置的为不抽奖

[普通货架] 已解锁，当前等级：40级
[冰柜] 已解锁，当前等级：40级
[水果摊] 已解锁，当前等级：1级
[酒柜] 未解锁

限时商品0601已上架

收取营业额：获得 33217

【京东账号4】jd_157332ewky
【收取小费】今日小费已达上限
【第5日签到】当日已签到
【店铺等级】111
【总蓝币】1045100个


开始【京东账号5】jd_157332zdf

当前无金币可领

{"code":0,"data":{"bizCode":231,"bizMsg":"战队PK功能暂被关闭","success":false}}

收取蓝币失败：今日小费已达上限

日常赚钱任务       完成状态
 加购任务         未完成 0/4
 入小游戏         已完成 1/1
 关注商品         未完成 1/4
 开会员卡         未完成 0/1
 逛会场          未完成 1/7
 关注店铺         未完成 1/4
 去购物          未完成 0/1
 卖货能手         已完成 1/1
关注商品
关注商品领蓝币结果{"code":0,"data":{"bizCode":0,"bizMsg":"","result":{"finishNum":2,"targetNum":4,"taskId":"vCDk54JPhtHZB2RAoEj5HYgDN4c","taskStatus":0},"success":true}}
开始开卡领蓝币任务
开卡领蓝币结果{"code":0,"data":{"bizCode":304,"bizMsg":"未完成CRM开卡操作","success":false}}
开始逛会场
浏览会场得蓝币结果{"code":0,"data":{"bizCode":0,"bizMsg":"","result":{"finishNum":2,"targetNum":7,"taskId":"3SDrgPcRVeSRagnazCV1o1BKcUBr","taskStatus":0},"success":true}}
开始关注店铺
关注店铺得蓝币结果{"code":0,"data":{"bizCode":0,"bizMsg":"","result":{"finishNum":2,"targetNum":4,"taskId":"6CNXXEBFPBtBAMST5vhqgLjaNXx","taskStatus":0},"success":true}}

领取做完任务的奖励{"code":0,"data":{"bizCode":0,"bizMsg":"success","result":{"blueCoin":100,"taskId":"2jmAaTCXsosGpVciirxweXgRaZ2M","totalBlueCoin":179200,"type":5},"success":true}}


注意⚠:东东超市抽奖已改版,花费500蓝币抽奖一次,现在脚本默认已关闭抽奖功能

设置的为不抽奖

[普通货架] 已解锁，当前等级：14级
[冰柜] 未解锁
[水果摊] 未解锁
[酒柜] 未解锁

限时商品0601已上架
店铺升级奖励获取:2500蓝币


收取营业额：获得 9170

【京东账号5】jd_157332zdf
【收取小费】今日小费已达上限
【第5日签到】当日已签到
【店铺等级】23
【总蓝币】181700个


🔔东东超市, 结束! 🕛 190.077 秒

