
🔔东东超市, 开始!

====================共2个京东账号Cookie=========

==================脚本执行- 北京时间(UTC+8)：7/12/2021, 7:53:25 AM=====================

共2个京东账号


开始【京东账号1】Ymh__Sirius

当前无金币可领

{"code":0,"data":{"bizCode":231,"bizMsg":"战队PK功能暂被关闭","success":false}}

收取蓝币失败：今日小费已达上限

日常赚钱任务       完成状态
 加购任务         未完成 0/4
 入小游戏         已完成 1/1
 关注商品         已完成 4/4
 开会员卡         未完成 0/1
 逛会场          已完成 7/7
 关注店铺         已完成 4/4
 去购物          未完成 0/1
 卖货能手         已完成 1/1
开始开卡领蓝币任务
开卡领蓝币结果{"code":0,"data":{"bizCode":304,"bizMsg":"未完成CRM开卡操作","success":false}}

注意⚠:东东超市抽奖已改版,花费500蓝币抽奖一次,现在脚本默认已关闭抽奖功能

设置的为不抽奖

[普通货架] 已解锁，当前等级：40级
[冰柜] 已解锁，当前等级：40级
[水果摊] 已解锁，当前等级：37级
[酒柜] 未解锁

限时商品0601已上架

收取营业额：获得 6197

【京东账号1】Ymh__Sirius
【收取小费】今日小费已达上限
【第1日签到】当日已签到
【店铺等级】160
【总蓝币】2211300个


开始【京东账号2】Ycp_Dream

当前无金币可领

{"code":0,"data":{"bizCode":231,"bizMsg":"战队PK功能暂被关闭","success":false}}

收取蓝币失败：今日小费已达上限

日常赚钱任务       完成状态
 加购任务         未完成 0/4
 入小游戏         已完成 1/1
 关注商品         已完成 4/4
 开会员卡         未完成 0/1
 逛会场          未完成 5/7
 关注店铺         已完成 4/4
 去购物          未完成 0/1
 卖货能手         已完成 1/1
开始开卡领蓝币任务
开卡领蓝币结果{"code":0,"data":{"bizCode":304,"bizMsg":"未完成CRM开卡操作","success":false}}
开始逛会场
浏览会场得蓝币结果{"code":0,"data":{"bizCode":0,"bizMsg":"","result":{"finishNum":6,"targetNum":7,"taskId":"3SDrgPcRVeSRagnazCV1o1BKcUBr","taskStatus":0},"success":true}}

注意⚠:东东超市抽奖已改版,花费500蓝币抽奖一次,现在脚本默认已关闭抽奖功能

设置的为不抽奖

[普通货架] 已解锁，当前等级：38级
[冰柜] 未解锁
[水果摊] 未解锁
[酒柜] 未解锁

限时商品0601已上架
店铺升级奖励获取:2500蓝币


收取营业额：获得 15064

【京东账号2】Ycp_Dream
【收取小费】今日小费已达上限
【第1日签到】当日已签到
【店铺等级】61
【总蓝币】450300个


🔔东东超市, 结束! 🕛 86.688 秒

