
🔔京东种豆得豆, 开始!
开始获取种豆得豆配置文件


====================共2个京东账号Cookie=========

==================脚本执行- 北京时间(UTC+8)：7/10/2021, 8:10:45 AM=====================

您的种豆互助码选择的是用&隔开

共2个京东账号

您提供了0个账号的种豆得豆助力码


开始【京东账号1】Ymh__Sirius

由于您第1个京东账号未提供shareCode,将采纳本脚本自带的助力码

"connect ENETUNREACH 2606:4700:3030::6815:2b54:80 - Local (:::0)"
京东种豆得豆 API请求失败，请检查网路重试
第1个京东账号将要助力的好友["66j4yt3ebl5ierjljoszp7e4izzbzaqhi5k2unz2afwlyqsgnasq","olmijoxgmjutyrsovl2xalt2tbtfmg6sqldcb3q","e7lhibzb3zek27amgsvywffxx7hxgtzstrk2lba","e7lhibzb3zek32e72n4xesxmgc2m76eju62zk3y","l4ex6vx6yynovp6l5zmgzx4nssii54ewecu36gi","l4ex6vx6yynovp6l5zmgzx4nssii54ewecu36gi"]
获取任务及基本信息

【京东账号1（15631692383_p）的京东种豆得豆好友互助码】ufsn6bw5pdcrfa2arhesao45743h7wlwy7o5jii

开始助力京东账号1 - Ymh__Sirius的好友: 66j4yt3ebl5ierjljoszp7e4izzbzaqhi5k2unz2afwlyqsgnasq

开始助力好友: 66j4yt3ebl5ierjljoszp7e4izzbzaqhi5k2unz2afwlyqsgnasq
助力结果的code:0
您今日助力的机会已耗尽，已不能再帮助好友助力了


【评价商品】任务未完成,需自行手动去京东APP完成，评价商品可得6瓶营养液


【好友助力】任务未完成,邀请好友助力最多可得20瓶营养液

逛逛会场 任务已完成

浏览店铺 任务已完成

关注频道 任务已完成

挑选商品 任务已完成

每日签到 任务已完成

金融双签 任务已完成

免费水果 任务已完成

去赢千元 任务已完成

领现金 任务已完成

查询天天扭蛋的机会失败{"code":"1","echo":"no access"}
【上轮京豆】已领取
     任务   进度
[评价商品]  0/6   0
[好友助力]  0/20   0
[逛逛会场]  1/1   1
[浏览店铺]  4/4   1
[关注频道]  3/3   1
[挑选商品]  6/6   1
[每日签到]  1/1   1
[金融双签]  1/1   1
[免费水果]  1/1   1
[去赢千元]  1/1   1
[领现金]  1/1   1

【上期时间】6月28日-7月4日
【上期成长值】264
【上期兑换京豆】100个
【本期时间】7月5日-7月11日
【本期成长值】199
【助力您的好友】共0人


开始【京东账号2】Ycp_Dream

由于您第2个京东账号未提供shareCode,将采纳本脚本自带的助力码

第2个京东账号将要助力的好友["olmijoxgmjutyx55upqaqxrblt7f3h26dgj2riy","mlrdw3aw26j3wgzjipsxgonaoyr2evrdsifsziyvnsb2r54jq34s64sc4it3jlfnejwmtmsuadax2i","eeexxudqtlampbpvmceutaaht5tcftvr6kohuny","e7lhibzb3zek27gfeceqb6wwm45gshcaroxg5ka","e7lhibzb3zek3xxnrskw4mpzstihpk3f7fqziiy","olmijoxgmjutzhazczrfgf75qrbqseqdmb5ey5a"]
获取任务及基本信息
"Timeout awaiting 'request' for 10000ms"
京东种豆得豆 API请求失败，请检查网路重试

种豆得豆: API查询请求失败 ‼️‼️
function_id:plantBeanIndex

❗️京东种豆得豆, 错误!

种豆得豆-初始失败:  undefined




🔔京东种豆得豆, 结束! 🕛 77.415 秒

