
🔔获取互助码, 开始!

====================共5个京东账号Cookie=========

==================脚本执行- 北京时间(UTC+8)：7/2/2021, 9:36:47 AM=====================


注：临时活动的互助码不添加到此处，如有需要请手动运行对应临时活动脚本

======账号1开始======
【京东账号1（15631692383_p）京东农场】0ba8fc4f54f34f0f962c46fe4ac9ab45
【京东账号1（15631692383_p）京东萌宠】MTAxODc2NTEzMDAwMDAwMDAzMDA5MTU0Mw==
【京东账号1（15631692383_p）种豆得豆】ufsn6bw5pdcrfa2arhesao45743h7wlwy7o5jii
【京东账号1（15631692383_p）东东工厂】T018v_h1Qx8f_FbUKBmb1ACjVWnYaS5kRrbA
【京东账号1（15631692383_p）京喜工厂】jLuj5y4OynbjOLDt2boGNg==
注意：京喜农场 种植种子发生变化的时候，互助码也会变！！
【京东账号1（15631692383_p）京喜农场】{"smp":"449abf5c4e21a8bec1e15dd5fa621578","active":"jdnc_1_3yuanguifeimang210616_2","joinnum":1}
【京东账号1（15631692383_p）crazyJoy】_m36Aop55akDdjmGXuDKdQ==
【京东账号1（15631692383_p）闪购盲盒】T018v_h1Qx8f_FbUKBmb1ACjVQmoaT5kRrbA
【京东账号1（15631692383_p）财富岛】undefined
【京东账号1（15631692383_p）签到领现金】Ih4xb-20b_4l-W26iw
======账号1结束======

======账号2开始======
【京东账号2（jd_74a8d71c978d9）京东农场】b4feea51d143440695eb9ae7f21eaad5
【京东账号2（jd_74a8d71c978d9）京东萌宠】MTAxODc2NTEzMzAwMDAwMDAwMTE0MjQ2Mw==
【京东账号2（jd_74a8d71c978d9）种豆得豆】4npkonnsy7xi2nsu2iaki3jrigyht3aii7valii
【京东账号2（jd_74a8d71c978d9）东东工厂】T0225KkcRxpI_QDQIUn9k_9efQCjVWnYaS5kRrbA
【京东账号2（jd_74a8d71c978d9）京喜工厂】hVdButlHZykF-_RZaC6F1w==
【京东账号2（jd_74a8d71c978d9）京喜农场】未选择种子，请先去京喜农场选择种子
【京东账号2（jd_74a8d71c978d9）crazyJoy】i94vlQ5wy4A14BSuKSpuaKt9zd5YaBeE
【京东账号2（jd_74a8d71c978d9）闪购盲盒】T0225KkcRxpI_QDQIUn9k_9efQCjVQmoaT5kRrbA
【京东账号2（jd_74a8d71c978d9）财富岛】undefined
【京东账号2（jd_74a8d71c978d9）签到领现金】eU9Ya-jjbqgh8D3czHtH3w
======账号2结束======

======账号3开始======
【京东账号3（chao4596758）京东农场】684562df9749431d877d6329b7664552
【京东账号3（chao4596758）种豆得豆】5objfxeugjw4c4xhjwmll5ivqi
【京东账号3（chao4596758）东东工厂】T0157aUiHxoc_FLQJRICjVWnYaS5kRrbA
【京东账号3（chao4596758）京喜农场】未选择种子，请先去京喜农场选择种子
【京东账号3（chao4596758）crazyJoy】CtBk-UuZRZwIallI2uFA0Q==
【京东账号3（chao4596758）闪购盲盒】T0157aUiHxoc_FLQJRICjVQmoaT5kRrbA
【京东账号3（chao4596758）财富岛】undefined
【京东账号3（chao4596758）签到领现金】cENmM-i3b_oh9GY
======账号3结束======

======账号4开始======
【京东账号4（jd_46df9eaa780aa）京东农场】39a336ab171a45208c0163482fdfdd5d
【京东账号4（jd_46df9eaa780aa）种豆得豆】e7lhibzb3zek3kquntrgm75pltg47gk375kfn2q
【京东账号4（jd_46df9eaa780aa）东东工厂】T0225KkcRBhNo12CcUvznPdbJQCjVWnYaS5kRrbA
【京东账号4（jd_46df9eaa780aa）京喜农场】未选择种子，请先去京喜农场选择种子
【京东账号4（jd_46df9eaa780aa）闪购盲盒】T0225KkcRBhNo12CcUvznPdbJQCjVQmoaT5kRrbA
【京东账号4（jd_46df9eaa780aa）财富岛】undefined
【京东账号4（jd_46df9eaa780aa）签到领现金】eU9YaOrmMPVzoD_Sw3NChw
======账号4结束======

======账号5开始======
【京东账号5（jd_67f63c904d8c6）京东农场】29a0c0768310431ca365807df27dcf7e
【京东账号5（jd_67f63c904d8c6）种豆得豆】olmijoxgmjutzw5lqgllm2fnc3spa7mjogupouq
【京东账号5（jd_67f63c904d8c6）东东工厂】T0225KkcRhlP81eEKRrwwP9ZcgCjVWnYaS5kRrbA
【京东账号5（jd_67f63c904d8c6）京喜农场】未选择种子，请先去京喜农场选择种子
【京东账号5（jd_67f63c904d8c6）闪购盲盒】T0225KkcRhlP81eEKRrwwP9ZcgCjVQmoaT5kRrbA
【京东账号5（jd_67f63c904d8c6）财富岛】undefined
【京东账号5（jd_67f63c904d8c6）签到领现金】eU9YauvkYP91-G7Rn3tA0A
======账号5结束======


🔔获取互助码, 结束! 🕛 27.785 秒

