
🔔签到领现金, 开始!

====================共5个京东账号Cookie=========

==================脚本执行- 北京时间(UTC+8)：7/1/2021, 8:56:56 PM=====================

开始获取签到领现金配置文件

共5个京东账号

您提供了0个账号的签到领现金助力码


******开始【京东账号1】15631692383_p*********


【京东账号1（15631692383_p）的签到领现金好友互助码】Ih4xb-20b_4l-W26iw

由于您第1个京东账号未提供shareCode,将采纳本脚本自带的助力码

开始
随机取5个码放到您固定的互助码后面(不影响已有固定互助)
第1个京东账号将要助力的好友[{"inviteCode":"eU9Yar_mb_9z92_WmXNG0w","shareDate":"IRs1bey1Zv0"},{"inviteCode":"-4msulYas0O2JsRhE-2TA5XZmBQ","shareDate":"IRs1bey1Zv0"},{"inviteCode":"eU9YL5XqGLxSmRSAkwxR","shareDate":"IRs1bey1Zv0"},{"inviteCode":"eU9YauiwZaly-T_cyHUR1g","shareDate":"IRs1bey1Zv0"},{"inviteCode":"eU9YaurkY69zoj3UniVAgg","shareDate":"IRs1bey1Zv0"},{"inviteCode":"eU9YaOnjYK4j-GvWmXIWhA","shareDate":"IRs1bey1Zv0"},{"inviteCode":"eU9YMZ_gPpRurC-foglg","shareDate":"IRs1bey1Zv0"},{"inviteCode":"ZE9yH7nWM7t_mzy3ric","shareDate":"IRs1bey1Zv0"},{"inviteCode":"IhgwbeWzYv8h8m66iw","shareDate":"IRs1bey1Zv0"},{"inviteCode":"eU9YaO2xYvl39zjczSJC0w","shareDate":"IRs1bey1Zv0"},{"inviteCode":"eU9YLbTxFL5niRq1nA1J","shareDate":"IRs1bey1Zv0"},{"inviteCode":"eU9YaeS3Z6ol8zrRmnMb1Q","shareDate":"IRs1bey1Zv0"},{"inviteCode":"eU9YaO7jMvwh-W_VzyUX0Q","shareDate":"IRs1bey1Zv0"},{"inviteCode":"eU9Ya77gZK5z-TqHn3UWhQ","shareDate":"IRs1bey1Zv0"},{"inviteCode":"eU9Yaui2ZP4gpG-Gz3EThA","shareDate":"IRs1bey1Zv0"},{"inviteCode":"eU9YaeizbvQnpG_SznIS0w","shareDate":"IRs1bey1Zv0"},{"inviteCode":"eU9Ya7_kZKggp2ncmnZH0g","shareDate":"IRs1bey1Zv0"},{"inviteCode":"eU9YGJDRAY57uAqNmRt3","shareDate":"IRs1bey1Zv0"},{"inviteCode":"eU9YPZbSAIl8qjmujChM","shareDate":"IRs1bey1Zv0"},{"inviteCode":"eU9YaunmMPl3-GbQynBHgg","shareDate":"IRs1bey1Zv0"},{"inviteCode":"9r2yuWwNsnCwJeJDH_-F.","shareDate":"IRs1bey1Zv0"}]
去帮助好友eU9Yar_mb_9z92_WmXNG0w
啊哦~今日助力次数用完啦


当前现金：9.85元

******开始【京东账号2】Ycp_Dream*********


【京东账号2（jd_74a8d71c978d9）的签到领现金好友互助码】eU9Ya-jjbqgh8D3czHtH3w

去做逛商品任务 1/1
任务完成成功
由于您第2个京东账号未提供shareCode,将采纳本脚本自带的助力码

开始
随机取5个码放到您固定的互助码后面(不影响已有固定互助)
第2个京东账号将要助力的好友[{"inviteCode":"eU9Yar_mb_9z92_WmXNG0w","shareDate":"IRs1bey1Zv0"},{"inviteCode":"-4msulYas0O2JsRhE-2TA5XZmBQ","shareDate":"IRs1bey1Zv0"},{"inviteCode":"eU9YL5XqGLxSmRSAkwxR","shareDate":"IRs1bey1Zv0"},{"inviteCode":"eU9YauiwZaly-T_cyHUR1g","shareDate":"IRs1bey1Zv0"},{"inviteCode":"eU9YaurkY69zoj3UniVAgg","shareDate":"IRs1bey1Zv0"},{"inviteCode":"eU9YaOnjYK4j-GvWmXIWhA","shareDate":"IRs1bey1Zv0"},{"inviteCode":"eU9YMZ_gPpRurC-foglg","shareDate":"IRs1bey1Zv0"},{"inviteCode":"ZE9yH7nWM7t_mzy3ric","shareDate":"IRs1bey1Zv0"},{"inviteCode":"IhgwbeWzYv8h8m66iw","shareDate":"IRs1bey1Zv0"},{"inviteCode":"eU9YaO2xYvl39zjczSJC0w","shareDate":"IRs1bey1Zv0"},{"inviteCode":"eU9YLbTxFL5niRq1nA1J","shareDate":"IRs1bey1Zv0"},{"inviteCode":"eU9YaeS3Z6ol8zrRmnMb1Q","shareDate":"IRs1bey1Zv0"},{"inviteCode":"eU9YaO7jMvwh-W_VzyUX0Q","shareDate":"IRs1bey1Zv0"},{"inviteCode":"eU9YaO23bvtyozuGyHsR1A","shareDate":"IRs1bey1Zv0"},{"inviteCode":"eU9YauvhNfog8GrRn3NChQ","shareDate":"IRs1bey1Zv0"},{"inviteCode":"eU9YKKvIJpRXsyyRkABN","shareDate":"IRs1bey1Zv0"},{"inviteCode":"Ykp9ae2xb_8g8G3S","shareDate":"IRs1bey1Zv0"},{"inviteCode":"a1FjJO2xZfsk823SwnIS","shareDate":"IRs1bey1Zv0"},{"inviteCode":"eU9Yae7mN_8n8m_VznQa1g","shareDate":"IRs1bey1Zv0"}]
去帮助好友eU9Yar_mb_9z92_WmXNG0w
您来晚啦，您的好友已经领到全部奖励了
去帮助好友-4msulYas0O2JsRhE-2TA5XZmBQ
您来晚啦，您的好友已经领到全部奖励了
去帮助好友eU9YL5XqGLxSmRSAkwxR
您来晚啦，您的好友已经领到全部奖励了
去帮助好友eU9YauiwZaly-T_cyHUR1g
您来晚啦，您的好友已经领到全部奖励了
去帮助好友eU9YaurkY69zoj3UniVAgg
您来晚啦，您的好友已经领到全部奖励了
去帮助好友eU9YaOnjYK4j-GvWmXIWhA
您来晚啦，您的好友已经领到全部奖励了
去帮助好友eU9YMZ_gPpRurC-foglg
您来晚啦，您的好友已经领到全部奖励了
去帮助好友ZE9yH7nWM7t_mzy3ric
您来晚啦，您的好友已经领到全部奖励了
去帮助好友IhgwbeWzYv8h8m66iw
您来晚啦，您的好友已经领到全部奖励了
去帮助好友eU9YaO2xYvl39zjczSJC0w
您来晚啦，您的好友已经领到全部奖励了
去帮助好友eU9YLbTxFL5niRq1nA1J
您来晚啦，您的好友已经领到全部奖励了
去帮助好友eU9YaeS3Z6ol8zrRmnMb1Q
您来晚啦，您的好友已经领到全部奖励了
去帮助好友eU9YaO7jMvwh-W_VzyUX0Q
您来晚啦，您的好友已经领到全部奖励了
去帮助好友eU9YaO23bvtyozuGyHsR1A
您来晚啦，您的好友已经领到全部奖励了
去帮助好友eU9YauvhNfog8GrRn3NChQ
您来晚啦，您的好友已经领到全部奖励了
去帮助好友eU9YKKvIJpRXsyyRkABN
您来晚啦，您的好友已经领到全部奖励了
去帮助好友Ykp9ae2xb_8g8G3S
您来晚啦，您的好友已经领到全部奖励了
去帮助好友a1FjJO2xZfsk823SwnIS
您来晚啦，您的好友已经领到全部奖励了
去帮助好友eU9Yae7mN_8n8m_VznQa1g
助力成功，获得0.01


当前现金：2.79元

******开始【京东账号3】jd_585601a83bd48*********


【京东账号3（chao4596758）的签到领现金好友互助码】cENmM-i3b_oh9GY

去做逛商品任务 1/1
任务完成成功
由于您第3个京东账号未提供shareCode,将采纳本脚本自带的助力码

开始
随机取5个码放到您固定的互助码后面(不影响已有固定互助)
第3个京东账号将要助力的好友[{"inviteCode":"eU9Yar_mb_9z92_WmXNG0w","shareDate":"IRs1bey1Zv0"},{"inviteCode":"-4msulYas0O2JsRhE-2TA5XZmBQ","shareDate":"IRs1bey1Zv0"},{"inviteCode":"eU9YL5XqGLxSmRSAkwxR","shareDate":"IRs1bey1Zv0"},{"inviteCode":"eU9YauiwZaly-T_cyHUR1g","shareDate":"IRs1bey1Zv0"},{"inviteCode":"eU9YaurkY69zoj3UniVAgg","shareDate":"IRs1bey1Zv0"},{"inviteCode":"eU9YaOnjYK4j-GvWmXIWhA","shareDate":"IRs1bey1Zv0"},{"inviteCode":"eU9YMZ_gPpRurC-foglg","shareDate":"IRs1bey1Zv0"},{"inviteCode":"ZE9yH7nWM7t_mzy3ric","shareDate":"IRs1bey1Zv0"},{"inviteCode":"IhgwbeWzYv8h8m66iw","shareDate":"IRs1bey1Zv0"},{"inviteCode":"eU9YaO2xYvl39zjczSJC0w","shareDate":"IRs1bey1Zv0"},{"inviteCode":"eU9YLbTxFL5niRq1nA1J","shareDate":"IRs1bey1Zv0"},{"inviteCode":"eU9YaeS3Z6ol8zrRmnMb1Q","shareDate":"IRs1bey1Zv0"},{"inviteCode":"eU9YaO7jMvwh-W_VzyUX0Q","shareDate":"IRs1bey1Zv0"},{"inviteCode":"eU9YaO23bvtyozuGyHsR1A","shareDate":"IRs1bey1Zv0"},{"inviteCode":"ZE92F6XkBL1_rQaMngU","shareDate":"IRs1bey1Zv0"},{"inviteCode":"WW9YZO-xZg","shareDate":"IRs1bey1Zv0"},{"inviteCode":"9bevuXESOqlz92rW","shareDate":"IRs1bey1Zv0"},{"inviteCode":"Z0k2aO-zY_Qn-Wg","shareDate":"IRs1bey1Zv0"},{"inviteCode":"fFNrbeW6Yg","shareDate":"IRs1bey1Zv0"}]
去帮助好友eU9Yar_mb_9z92_WmXNG0w
您来晚啦，您的好友已经领到全部奖励了
去帮助好友-4msulYas0O2JsRhE-2TA5XZmBQ
您来晚啦，您的好友已经领到全部奖励了
去帮助好友eU9YL5XqGLxSmRSAkwxR
您来晚啦，您的好友已经领到全部奖励了
去帮助好友eU9YauiwZaly-T_cyHUR1g
您来晚啦，您的好友已经领到全部奖励了
去帮助好友eU9YaurkY69zoj3UniVAgg
您来晚啦，您的好友已经领到全部奖励了
去帮助好友eU9YaOnjYK4j-GvWmXIWhA
您来晚啦，您的好友已经领到全部奖励了
去帮助好友eU9YMZ_gPpRurC-foglg
您来晚啦，您的好友已经领到全部奖励了
去帮助好友ZE9yH7nWM7t_mzy3ric
您来晚啦，您的好友已经领到全部奖励了
去帮助好友IhgwbeWzYv8h8m66iw
您来晚啦，您的好友已经领到全部奖励了
去帮助好友eU9YaO2xYvl39zjczSJC0w
您来晚啦，您的好友已经领到全部奖励了
去帮助好友eU9YLbTxFL5niRq1nA1J
您来晚啦，您的好友已经领到全部奖励了
去帮助好友eU9YaeS3Z6ol8zrRmnMb1Q
您来晚啦，您的好友已经领到全部奖励了
去帮助好友eU9YaO7jMvwh-W_VzyUX0Q
您来晚啦，您的好友已经领到全部奖励了
去帮助好友eU9YaO23bvtyozuGyHsR1A
您来晚啦，您的好友已经领到全部奖励了
去帮助好友ZE92F6XkBL1_rQaMngU
您来晚啦，您的好友已经领到全部奖励了
去帮助好友WW9YZO-xZg
您来晚啦，您的好友已经领到全部奖励了
去帮助好友9bevuXESOqlz92rW
您来晚啦，您的好友已经领到全部奖励了
去帮助好友Z0k2aO-zY_Qn-Wg
您来晚啦，您的好友已经领到全部奖励了
去帮助好友fFNrbeW6Yg
您来晚啦，您的好友已经领到全部奖励了


当前现金：2.27元

******开始【京东账号4】jd_157332ewky*********


【京东账号4（jd_46df9eaa780aa）的签到领现金好友互助码】eU9YaOrmMPVzoD_Sw3NChw

去做逛商品任务 1/1
任务完成成功
由于您第4个京东账号未提供shareCode,将采纳本脚本自带的助力码

开始
随机取5个码放到您固定的互助码后面(不影响已有固定互助)
第4个京东账号将要助力的好友[{"inviteCode":"eU9Yar_mb_9z92_WmXNG0w","shareDate":"IRs1bey1Zv0"},{"inviteCode":"-4msulYas0O2JsRhE-2TA5XZmBQ","shareDate":"IRs1bey1Zv0"},{"inviteCode":"eU9YL5XqGLxSmRSAkwxR","shareDate":"IRs1bey1Zv0"},{"inviteCode":"eU9YauiwZaly-T_cyHUR1g","shareDate":"IRs1bey1Zv0"},{"inviteCode":"eU9YaurkY69zoj3UniVAgg","shareDate":"IRs1bey1Zv0"},{"inviteCode":"eU9YaOnjYK4j-GvWmXIWhA","shareDate":"IRs1bey1Zv0"},{"inviteCode":"eU9YMZ_gPpRurC-foglg","shareDate":"IRs1bey1Zv0"},{"inviteCode":"ZE9yH7nWM7t_mzy3ric","shareDate":"IRs1bey1Zv0"},{"inviteCode":"IhgwbeWzYv8h8m66iw","shareDate":"IRs1bey1Zv0"},{"inviteCode":"eU9YaO2xYvl39zjczSJC0w","shareDate":"IRs1bey1Zv0"},{"inviteCode":"eU9YLbTxFL5niRq1nA1J","shareDate":"IRs1bey1Zv0"},{"inviteCode":"eU9YaeS3Z6ol8zrRmnMb1Q","shareDate":"IRs1bey1Zv0"},{"inviteCode":"eU9YaO7jMvwh-W_VzyUX0Q","shareDate":"IRs1bey1Zv0"},{"inviteCode":"eU9YaO23bvtyozuGyHsR1A","shareDate":"IRs1bey1Zv0"},{"inviteCode":"eU9Yaui7Za8npGmBmHQS1w","shareDate":"IRs1bey1Zv0"},{"inviteCode":"eU9YaOWxYP4lpWzdyyYW0A","shareDate":"IRs1bey1Zv0"},{"inviteCode":"eU9YBovSDo15pTujtQhQ","shareDate":"IRs1bey1Zv0"},{"inviteCode":"9bKzu3U4snSdJsRhHPeIDvVdHxzK3Q","shareDate":"IRs1bey1Zv0"},{"inviteCode":"eU9YaOrgMvpz9TjVz3QX1Q","shareDate":"IRs1bey1Zv0"}]
去帮助好友eU9Yar_mb_9z92_WmXNG0w
您来晚啦，您的好友已经领到全部奖励了
去帮助好友-4msulYas0O2JsRhE-2TA5XZmBQ
您来晚啦，您的好友已经领到全部奖励了
去帮助好友eU9YL5XqGLxSmRSAkwxR
您来晚啦，您的好友已经领到全部奖励了
去帮助好友eU9YauiwZaly-T_cyHUR1g
您来晚啦，您的好友已经领到全部奖励了
去帮助好友eU9YaurkY69zoj3UniVAgg
您来晚啦，您的好友已经领到全部奖励了
去帮助好友eU9YaOnjYK4j-GvWmXIWhA
您来晚啦，您的好友已经领到全部奖励了
去帮助好友eU9YMZ_gPpRurC-foglg
您来晚啦，您的好友已经领到全部奖励了
去帮助好友ZE9yH7nWM7t_mzy3ric
您来晚啦，您的好友已经领到全部奖励了
去帮助好友IhgwbeWzYv8h8m66iw
您来晚啦，您的好友已经领到全部奖励了
去帮助好友eU9YaO2xYvl39zjczSJC0w
您来晚啦，您的好友已经领到全部奖励了
去帮助好友eU9YLbTxFL5niRq1nA1J
您来晚啦，您的好友已经领到全部奖励了
去帮助好友eU9YaeS3Z6ol8zrRmnMb1Q
您来晚啦，您的好友已经领到全部奖励了
去帮助好友eU9YaO7jMvwh-W_VzyUX0Q
您来晚啦，您的好友已经领到全部奖励了
去帮助好友eU9YaO23bvtyozuGyHsR1A
您来晚啦，您的好友已经领到全部奖励了
去帮助好友eU9Yaui7Za8npGmBmHQS1w
您来晚啦，您的好友已经领到全部奖励了
去帮助好友eU9YaOWxYP4lpWzdyyYW0A
您来晚啦，您的好友已经领到全部奖励了
去帮助好友eU9YBovSDo15pTujtQhQ
您来晚啦，您的好友已经领到全部奖励了
去帮助好友9bKzu3U4snSdJsRhHPeIDvVdHxzK3Q
您来晚啦，您的好友已经领到全部奖励了
去帮助好友eU9YaOrgMvpz9TjVz3QX1Q
您来晚啦，您的好友已经领到全部奖励了


当前现金：1.77元

******开始【京东账号5】jd_157332zdf*********


【京东账号5（jd_67f63c904d8c6）的签到领现金好友互助码】eU9YauvkYP91-G7Rn3tA0A

去做逛商品任务 1/1
任务完成成功
由于您第5个京东账号未提供shareCode,将采纳本脚本自带的助力码

开始
随机取5个码放到您固定的互助码后面(不影响已有固定互助)
第5个京东账号将要助力的好友[{"inviteCode":"eU9Yar_mb_9z92_WmXNG0w","shareDate":"IRs1bey1Zv0"},{"inviteCode":"-4msulYas0O2JsRhE-2TA5XZmBQ","shareDate":"IRs1bey1Zv0"},{"inviteCode":"eU9YL5XqGLxSmRSAkwxR","shareDate":"IRs1bey1Zv0"},{"inviteCode":"eU9YauiwZaly-T_cyHUR1g","shareDate":"IRs1bey1Zv0"},{"inviteCode":"eU9YaurkY69zoj3UniVAgg","shareDate":"IRs1bey1Zv0"},{"inviteCode":"eU9YaOnjYK4j-GvWmXIWhA","shareDate":"IRs1bey1Zv0"},{"inviteCode":"eU9YMZ_gPpRurC-foglg","shareDate":"IRs1bey1Zv0"},{"inviteCode":"ZE9yH7nWM7t_mzy3ric","shareDate":"IRs1bey1Zv0"},{"inviteCode":"IhgwbeWzYv8h8m66iw","shareDate":"IRs1bey1Zv0"},{"inviteCode":"eU9YaO2xYvl39zjczSJC0w","shareDate":"IRs1bey1Zv0"},{"inviteCode":"eU9YLbTxFL5niRq1nA1J","shareDate":"IRs1bey1Zv0"},{"inviteCode":"eU9YaeS3Z6ol8zrRmnMb1Q","shareDate":"IRs1bey1Zv0"},{"inviteCode":"eU9YaO7jMvwh-W_VzyUX0Q","shareDate":"IRs1bey1Zv0"},{"inviteCode":"eU9YaO23bvtyozuGyHsR1A","shareDate":"IRs1bey1Zv0"},{"inviteCode":"eU9YaO-7Mq0v9GvXzCARhA","shareDate":"IRs1bey1Zv0"},{"inviteCode":"eU9YaOq7Ya8g8G_SzSUbgg","shareDate":"IRs1bey1Zv0"},{"inviteCode":"eU9Ya73hNfpyo2aGzXEVhQ","shareDate":"IRs1bey1Zv0"},{"inviteCode":"dl9vOa6wZA","shareDate":"IRs1bey1Zv0"},{"inviteCode":"eU9Yaezhbq9woGiBzHcR1g","shareDate":"IRs1bey1Zv0"}]
去帮助好友eU9Yar_mb_9z92_WmXNG0w
您来晚啦，您的好友已经领到全部奖励了
去帮助好友-4msulYas0O2JsRhE-2TA5XZmBQ
您来晚啦，您的好友已经领到全部奖励了
去帮助好友eU9YL5XqGLxSmRSAkwxR
您来晚啦，您的好友已经领到全部奖励了
去帮助好友eU9YauiwZaly-T_cyHUR1g
您来晚啦，您的好友已经领到全部奖励了
去帮助好友eU9YaurkY69zoj3UniVAgg
您来晚啦，您的好友已经领到全部奖励了
去帮助好友eU9YaOnjYK4j-GvWmXIWhA
您来晚啦，您的好友已经领到全部奖励了
去帮助好友eU9YMZ_gPpRurC-foglg
您来晚啦，您的好友已经领到全部奖励了
去帮助好友ZE9yH7nWM7t_mzy3ric
您来晚啦，您的好友已经领到全部奖励了
去帮助好友IhgwbeWzYv8h8m66iw
您来晚啦，您的好友已经领到全部奖励了
去帮助好友eU9YaO2xYvl39zjczSJC0w
您来晚啦，您的好友已经领到全部奖励了
去帮助好友eU9YLbTxFL5niRq1nA1J
您来晚啦，您的好友已经领到全部奖励了
去帮助好友eU9YaeS3Z6ol8zrRmnMb1Q
您来晚啦，您的好友已经领到全部奖励了
去帮助好友eU9YaO7jMvwh-W_VzyUX0Q
您来晚啦，您的好友已经领到全部奖励了
去帮助好友eU9YaO23bvtyozuGyHsR1A
您来晚啦，您的好友已经领到全部奖励了
去帮助好友eU9YaO-7Mq0v9GvXzCARhA
您来晚啦，您的好友已经领到全部奖励了
去帮助好友eU9YaOq7Ya8g8G_SzSUbgg
助力成功，获得0.01
去帮助好友eU9Ya73hNfpyo2aGzXEVhQ
您来晚啦，您的好友已经领到全部奖励了
去帮助好友dl9vOa6wZA
助力成功，获得0.01
去帮助好友eU9Yaezhbq9woGiBzHcR1g
助力成功，获得0.01


当前现金：0.79元

🔔签到领现金, 结束! 🕛 271.483 秒

