
🔔签到领现金, 开始!

====================共5个京东账号Cookie=========

==================脚本执行- 北京时间(UTC+8)：7/5/2021, 10:08:40 AM=====================

开始获取签到领现金配置文件

共5个京东账号

您提供了0个账号的签到领现金助力码


******开始【京东账号1】15631692383_p*********


【京东账号1（15631692383_p）的签到领现金好友互助码】Ih4xb-20b_4l-W26iw

由于您第1个京东账号未提供shareCode,将采纳本脚本自带的助力码

开始
随机取5个码放到您固定的互助码后面(不影响已有固定互助)
第1个京东账号将要助力的好友[{"inviteCode":"eU9Yar_mb_9z92_WmXNG0w","shareDate":"IRs1bey1Zvk"},{"inviteCode":"-4msulYas0O2JsRhE-2TA5XZmBQ","shareDate":"IRs1bey1Zvk"},{"inviteCode":"eU9YL5XqGLxSmRSAkwxR","shareDate":"IRs1bey1Zvk"},{"inviteCode":"eU9YauiwZaly-T_cyHUR1g","shareDate":"IRs1bey1Zvk"},{"inviteCode":"eU9YaurkY69zoj3UniVAgg","shareDate":"IRs1bey1Zvk"},{"inviteCode":"eU9YaOnjYK4j-GvWmXIWhA","shareDate":"IRs1bey1Zvk"},{"inviteCode":"eU9YMZ_gPpRurC-foglg","shareDate":"IRs1bey1Zvk"},{"inviteCode":"ZE9yH7nWM7t_mzy3ric","shareDate":"IRs1bey1Zvk"},{"inviteCode":"IhgwbeWzYv8h8m66iw","shareDate":"IRs1bey1Zvk"},{"inviteCode":"eU9YaO2xYvl39zjczSJC0w","shareDate":"IRs1bey1Zvk"},{"inviteCode":"eU9YLbTxFL5niRq1nA1J","shareDate":"IRs1bey1Zvk"},{"inviteCode":"eU9YaeS3Z6ol8zrRmnMb1Q","shareDate":"IRs1bey1Zvk"},{"inviteCode":"eU9YaO7jMvwh-W_VzyUX0Q","shareDate":"IRs1bey1Zvk"},{"inviteCode":"eU9Ya77gZK5z-TqHn3UWhQ","shareDate":"IRs1bey1Zvk"},{"inviteCode":"eU9Yaui2ZP4gpG-Gz3EThA","shareDate":"IRs1bey1Zvk"},{"inviteCode":"eU9YaeizbvQnpG_SznIS0w","shareDate":"IRs1bey1Zvk"},{"inviteCode":"YkJmMq3rN6Ik8WzV","shareDate":"IRs1bey1Zvk"},{"inviteCode":"eU9YG7bTMb1-jh2Wtg9s","shareDate":"IRs1bey1Zvk"},{"inviteCode":"eU9Yaui2M_538DyDyXJF3w","shareDate":"IRs1bey1Zvk"},{"inviteCode":"f05jKbj3","shareDate":"IRs1bey1Zvk"},{"inviteCode":"eU9YabjkZf4kpWeDzHUQgg","shareDate":"IRs1bey1Zvk"}]
去帮助好友eU9Yar_mb_9z92_WmXNG0w
啊哦~今日助力次数用完啦


当前现金：10.11元

******开始【京东账号2】Ycp_Dream*********


【京东账号2（jd_74a8d71c978d9）的签到领现金好友互助码】eU9Ya-jjbqgh8D3czHtH3w

去做逛商品任务 1/1
任务完成成功
由于您第2个京东账号未提供shareCode,将采纳本脚本自带的助力码

开始
随机取5个码放到您固定的互助码后面(不影响已有固定互助)
第2个京东账号将要助力的好友[{"inviteCode":"eU9Yar_mb_9z92_WmXNG0w","shareDate":"IRs1bey1Zvk"},{"inviteCode":"-4msulYas0O2JsRhE-2TA5XZmBQ","shareDate":"IRs1bey1Zvk"},{"inviteCode":"eU9YL5XqGLxSmRSAkwxR","shareDate":"IRs1bey1Zvk"},{"inviteCode":"eU9YauiwZaly-T_cyHUR1g","shareDate":"IRs1bey1Zvk"},{"inviteCode":"eU9YaurkY69zoj3UniVAgg","shareDate":"IRs1bey1Zvk"},{"inviteCode":"eU9YaOnjYK4j-GvWmXIWhA","shareDate":"IRs1bey1Zvk"},{"inviteCode":"eU9YMZ_gPpRurC-foglg","shareDate":"IRs1bey1Zvk"},{"inviteCode":"ZE9yH7nWM7t_mzy3ric","shareDate":"IRs1bey1Zvk"},{"inviteCode":"IhgwbeWzYv8h8m66iw","shareDate":"IRs1bey1Zvk"},{"inviteCode":"eU9YaO2xYvl39zjczSJC0w","shareDate":"IRs1bey1Zvk"},{"inviteCode":"eU9YLbTxFL5niRq1nA1J","shareDate":"IRs1bey1Zvk"},{"inviteCode":"eU9YaeS3Z6ol8zrRmnMb1Q","shareDate":"IRs1bey1Zvk"},{"inviteCode":"eU9YaO7jMvwh-W_VzyUX0Q","shareDate":"IRs1bey1Zvk"},{"inviteCode":"eU9YaO23bvtyozuGyHsR1A","shareDate":"IRs1bey1Zvk"},{"inviteCode":"eU9YaO3mNPsm8T2BzSUX1g","shareDate":"IRs1bey1Zvk"},{"inviteCode":"JBI0a-6wZfoknjM","shareDate":"IRs1bey1Zvk"},{"inviteCode":"eU9YDbDwPodRpTmLiwly","shareDate":"IRs1bey1Zvk"},{"inviteCode":"QHs0beu1Zv4u-W8","shareDate":"IRs1bey1Zvk"},{"inviteCode":"e15uO7nmN6tzpT8","shareDate":"IRs1bey1Zvk"}]
去帮助好友eU9Yar_mb_9z92_WmXNG0w
您来晚啦，您的好友已经领到全部奖励了
去帮助好友-4msulYas0O2JsRhE-2TA5XZmBQ
您来晚啦，您的好友已经领到全部奖励了
去帮助好友eU9YL5XqGLxSmRSAkwxR
您来晚啦，您的好友已经领到全部奖励了
去帮助好友eU9YauiwZaly-T_cyHUR1g
您来晚啦，您的好友已经领到全部奖励了
去帮助好友eU9YaurkY69zoj3UniVAgg
您来晚啦，您的好友已经领到全部奖励了
去帮助好友eU9YaOnjYK4j-GvWmXIWhA
您来晚啦，您的好友已经领到全部奖励了
去帮助好友eU9YMZ_gPpRurC-foglg
您来晚啦，您的好友已经领到全部奖励了
去帮助好友ZE9yH7nWM7t_mzy3ric
您来晚啦，您的好友已经领到全部奖励了
去帮助好友IhgwbeWzYv8h8m66iw
您来晚啦，您的好友已经领到全部奖励了
去帮助好友eU9YaO2xYvl39zjczSJC0w
您来晚啦，您的好友已经领到全部奖励了
去帮助好友eU9YLbTxFL5niRq1nA1J
您来晚啦，您的好友已经领到全部奖励了
去帮助好友eU9YaeS3Z6ol8zrRmnMb1Q
您来晚啦，您的好友已经领到全部奖励了
去帮助好友eU9YaO7jMvwh-W_VzyUX0Q
您来晚啦，您的好友已经领到全部奖励了
去帮助好友eU9YaO23bvtyozuGyHsR1A
您来晚啦，您的好友已经领到全部奖励了
去帮助好友eU9YaO3mNPsm8T2BzSUX1g
助力成功，获得0.01
去帮助好友JBI0a-6wZfoknjM
助力成功，获得0.01
去帮助好友eU9YDbDwPodRpTmLiwly
助力成功，获得0.01
去帮助好友QHs0beu1Zv4u-W8
啊哦~今日助力次数用完啦


当前现金：2.92元

******开始【京东账号3】jd_585601a83bd48*********


【京东账号3（chao4596758）的签到领现金好友互助码】cENmM-i3b_oh9GY

去做逛商品任务 1/1
任务完成成功
由于您第3个京东账号未提供shareCode,将采纳本脚本自带的助力码

开始
随机取5个码放到您固定的互助码后面(不影响已有固定互助)
第3个京东账号将要助力的好友[{"inviteCode":"eU9Yar_mb_9z92_WmXNG0w","shareDate":"IRs1bey1Zvk"},{"inviteCode":"-4msulYas0O2JsRhE-2TA5XZmBQ","shareDate":"IRs1bey1Zvk"},{"inviteCode":"eU9YL5XqGLxSmRSAkwxR","shareDate":"IRs1bey1Zvk"},{"inviteCode":"eU9YauiwZaly-T_cyHUR1g","shareDate":"IRs1bey1Zvk"},{"inviteCode":"eU9YaurkY69zoj3UniVAgg","shareDate":"IRs1bey1Zvk"},{"inviteCode":"eU9YaOnjYK4j-GvWmXIWhA","shareDate":"IRs1bey1Zvk"},{"inviteCode":"eU9YMZ_gPpRurC-foglg","shareDate":"IRs1bey1Zvk"},{"inviteCode":"ZE9yH7nWM7t_mzy3ric","shareDate":"IRs1bey1Zvk"},{"inviteCode":"IhgwbeWzYv8h8m66iw","shareDate":"IRs1bey1Zvk"},{"inviteCode":"eU9YaO2xYvl39zjczSJC0w","shareDate":"IRs1bey1Zvk"},{"inviteCode":"eU9YLbTxFL5niRq1nA1J","shareDate":"IRs1bey1Zvk"},{"inviteCode":"eU9YaeS3Z6ol8zrRmnMb1Q","shareDate":"IRs1bey1Zvk"},{"inviteCode":"eU9YaO7jMvwh-W_VzyUX0Q","shareDate":"IRs1bey1Zvk"},{"inviteCode":"eU9YaO23bvtyozuGyHsR1A","shareDate":"IRs1bey1Zvk"},{"inviteCode":"9raXulcns0CBJeZvHvqc","shareDate":"IRs1bey1Zvk"},{"inviteCode":"eU9YauS2Z61y-DrVnSUTgA","shareDate":"IRs1bey1Zvk"},{"inviteCode":"eU9Yab3kZ_Uh8mnTn3YTgg","shareDate":"IRs1bey1Zvk"},{"inviteCode":"eU9YaLrnb_918WrSziBF0Q","shareDate":"IRs1bey1Zvk"},{"inviteCode":"cERpMrPwCbZ-uA","shareDate":"IRs1bey1Zvk"}]
去帮助好友eU9Yar_mb_9z92_WmXNG0w
您来晚啦，您的好友已经领到全部奖励了
去帮助好友-4msulYas0O2JsRhE-2TA5XZmBQ
您来晚啦，您的好友已经领到全部奖励了
去帮助好友eU9YL5XqGLxSmRSAkwxR
您来晚啦，您的好友已经领到全部奖励了
去帮助好友eU9YauiwZaly-T_cyHUR1g
您来晚啦，您的好友已经领到全部奖励了
去帮助好友eU9YaurkY69zoj3UniVAgg
您来晚啦，您的好友已经领到全部奖励了
去帮助好友eU9YaOnjYK4j-GvWmXIWhA
您来晚啦，您的好友已经领到全部奖励了
去帮助好友eU9YMZ_gPpRurC-foglg
您来晚啦，您的好友已经领到全部奖励了
去帮助好友ZE9yH7nWM7t_mzy3ric
您来晚啦，您的好友已经领到全部奖励了
去帮助好友IhgwbeWzYv8h8m66iw
您来晚啦，您的好友已经领到全部奖励了
去帮助好友eU9YaO2xYvl39zjczSJC0w
您来晚啦，您的好友已经领到全部奖励了
去帮助好友eU9YLbTxFL5niRq1nA1J
您来晚啦，您的好友已经领到全部奖励了
去帮助好友eU9YaeS3Z6ol8zrRmnMb1Q
您来晚啦，您的好友已经领到全部奖励了
去帮助好友eU9YaO7jMvwh-W_VzyUX0Q
您来晚啦，您的好友已经领到全部奖励了
去帮助好友eU9YaO23bvtyozuGyHsR1A
您来晚啦，您的好友已经领到全部奖励了
去帮助好友9raXulcns0CBJeZvHvqc
您来晚啦，您的好友已经领到全部奖励了
去帮助好友eU9YauS2Z61y-DrVnSUTgA
助力成功，获得0.01
去帮助好友eU9Yab3kZ_Uh8mnTn3YTgg
助力成功，获得0.01
去帮助好友eU9YaLrnb_918WrSziBF0Q
助力成功，获得0.01
去帮助好友cERpMrPwCbZ-uA
啊哦~今日助力次数用完啦


当前现金：2.38元

******开始【京东账号4】jd_157332ewky*********


【京东账号4（jd_46df9eaa780aa）的签到领现金好友互助码】eU9YaOrmMPVzoD_Sw3NChw

去做逛商品任务 1/1
任务完成成功
由于您第4个京东账号未提供shareCode,将采纳本脚本自带的助力码

开始
随机取5个码放到您固定的互助码后面(不影响已有固定互助)
第4个京东账号将要助力的好友[{"inviteCode":"eU9Yar_mb_9z92_WmXNG0w","shareDate":"IRs1bey1Zvk"},{"inviteCode":"-4msulYas0O2JsRhE-2TA5XZmBQ","shareDate":"IRs1bey1Zvk"},{"inviteCode":"eU9YL5XqGLxSmRSAkwxR","shareDate":"IRs1bey1Zvk"},{"inviteCode":"eU9YauiwZaly-T_cyHUR1g","shareDate":"IRs1bey1Zvk"},{"inviteCode":"eU9YaurkY69zoj3UniVAgg","shareDate":"IRs1bey1Zvk"},{"inviteCode":"eU9YaOnjYK4j-GvWmXIWhA","shareDate":"IRs1bey1Zvk"},{"inviteCode":"eU9YMZ_gPpRurC-foglg","shareDate":"IRs1bey1Zvk"},{"inviteCode":"ZE9yH7nWM7t_mzy3ric","shareDate":"IRs1bey1Zvk"},{"inviteCode":"IhgwbeWzYv8h8m66iw","shareDate":"IRs1bey1Zvk"},{"inviteCode":"eU9YaO2xYvl39zjczSJC0w","shareDate":"IRs1bey1Zvk"},{"inviteCode":"eU9YLbTxFL5niRq1nA1J","shareDate":"IRs1bey1Zvk"},{"inviteCode":"eU9YaeS3Z6ol8zrRmnMb1Q","shareDate":"IRs1bey1Zvk"},{"inviteCode":"eU9YaO7jMvwh-W_VzyUX0Q","shareDate":"IRs1bey1Zvk"},{"inviteCode":"eU9YaO23bvtyozuGyHsR1A","shareDate":"IRs1bey1Zvk"},{"inviteCode":"eU9Yae-yM65w-GmGzyYUhw","shareDate":"IRs1bey1Zvk"},{"inviteCode":"Yh8wZe26YeEk-G_Vz3A","shareDate":"IRs1bey1Zvk"},{"inviteCode":"IBgyae63YuEg8WbWwnA","shareDate":"IRs1bey1Zvk"},{"inviteCode":"dUppbe2zZQ","shareDate":"IRs1bey1Zvk"},{"inviteCode":"IRIwaO-zYfoj-Q","shareDate":"IRs1bey1Zvk"}]
去帮助好友eU9Yar_mb_9z92_WmXNG0w
您来晚啦，您的好友已经领到全部奖励了
去帮助好友-4msulYas0O2JsRhE-2TA5XZmBQ
您来晚啦，您的好友已经领到全部奖励了
去帮助好友eU9YL5XqGLxSmRSAkwxR
您来晚啦，您的好友已经领到全部奖励了
去帮助好友eU9YauiwZaly-T_cyHUR1g
您来晚啦，您的好友已经领到全部奖励了
去帮助好友eU9YaurkY69zoj3UniVAgg
您来晚啦，您的好友已经领到全部奖励了
去帮助好友eU9YaOnjYK4j-GvWmXIWhA
您来晚啦，您的好友已经领到全部奖励了
去帮助好友eU9YMZ_gPpRurC-foglg
您来晚啦，您的好友已经领到全部奖励了
去帮助好友ZE9yH7nWM7t_mzy3ric
您来晚啦，您的好友已经领到全部奖励了
去帮助好友IhgwbeWzYv8h8m66iw
您来晚啦，您的好友已经领到全部奖励了
去帮助好友eU9YaO2xYvl39zjczSJC0w
您来晚啦，您的好友已经领到全部奖励了
去帮助好友eU9YLbTxFL5niRq1nA1J
您来晚啦，您的好友已经领到全部奖励了
去帮助好友eU9YaeS3Z6ol8zrRmnMb1Q
您来晚啦，您的好友已经领到全部奖励了
去帮助好友eU9YaO7jMvwh-W_VzyUX0Q
您来晚啦，您的好友已经领到全部奖励了
去帮助好友eU9YaO23bvtyozuGyHsR1A
您来晚啦，您的好友已经领到全部奖励了
去帮助好友eU9Yae-yM65w-GmGzyYUhw
助力成功，获得0.01
去帮助好友Yh8wZe26YeEk-G_Vz3A
您来晚啦，您的好友已经领到全部奖励了
去帮助好友IBgyae63YuEg8WbWwnA
助力成功，获得0.01
去帮助好友dUppbe2zZQ
您来晚啦，您的好友已经领到全部奖励了
去帮助好友IRIwaO-zYfoj-Q
助力成功，获得0.01


当前现金：1.88元

******开始【京东账号5】jd_157332zdf*********


【京东账号5（jd_67f63c904d8c6）的签到领现金好友互助码】eU9YauvkYP91-G7Rn3tA0A

去做逛商品任务 1/1
任务完成成功
由于您第5个京东账号未提供shareCode,将采纳本脚本自带的助力码

开始
随机取5个码放到您固定的互助码后面(不影响已有固定互助)
第5个京东账号将要助力的好友[{"inviteCode":"eU9Yar_mb_9z92_WmXNG0w","shareDate":"IRs1bey1Zvk"},{"inviteCode":"-4msulYas0O2JsRhE-2TA5XZmBQ","shareDate":"IRs1bey1Zvk"},{"inviteCode":"eU9YL5XqGLxSmRSAkwxR","shareDate":"IRs1bey1Zvk"},{"inviteCode":"eU9YauiwZaly-T_cyHUR1g","shareDate":"IRs1bey1Zvk"},{"inviteCode":"eU9YaurkY69zoj3UniVAgg","shareDate":"IRs1bey1Zvk"},{"inviteCode":"eU9YaOnjYK4j-GvWmXIWhA","shareDate":"IRs1bey1Zvk"},{"inviteCode":"eU9YMZ_gPpRurC-foglg","shareDate":"IRs1bey1Zvk"},{"inviteCode":"ZE9yH7nWM7t_mzy3ric","shareDate":"IRs1bey1Zvk"},{"inviteCode":"IhgwbeWzYv8h8m66iw","shareDate":"IRs1bey1Zvk"},{"inviteCode":"eU9YaO2xYvl39zjczSJC0w","shareDate":"IRs1bey1Zvk"},{"inviteCode":"eU9YLbTxFL5niRq1nA1J","shareDate":"IRs1bey1Zvk"},{"inviteCode":"eU9YaeS3Z6ol8zrRmnMb1Q","shareDate":"IRs1bey1Zvk"},{"inviteCode":"eU9YaO7jMvwh-W_VzyUX0Q","shareDate":"IRs1bey1Zvk"},{"inviteCode":"eU9YaO23bvtyozuGyHsR1A","shareDate":"IRs1bey1Zvk"},{"inviteCode":"eU9Yau-3bv1z-WjcmXUVhA","shareDate":"IRs1bey1Zvk"},{"inviteCode":"eU9YabmxYPwmomfXmHZH3g","shareDate":"IRs1bey1Zvk"},{"inviteCode":"YFpyPa7nJA","shareDate":"IRs1bey1Zvk"},{"inviteCode":"ZE9dD6_6AZRzoBmDrjU","shareDate":"IRs1bey1Zvk"},{"inviteCode":"flnj4UBm7lbzUcU","shareDate":"IRs1bey1Zvk"}]
去帮助好友eU9Yar_mb_9z92_WmXNG0w
您来晚啦，您的好友已经领到全部奖励了
去帮助好友-4msulYas0O2JsRhE-2TA5XZmBQ
您来晚啦，您的好友已经领到全部奖励了
去帮助好友eU9YL5XqGLxSmRSAkwxR
您来晚啦，您的好友已经领到全部奖励了
去帮助好友eU9YauiwZaly-T_cyHUR1g
您来晚啦，您的好友已经领到全部奖励了
去帮助好友eU9YaurkY69zoj3UniVAgg
您来晚啦，您的好友已经领到全部奖励了
去帮助好友eU9YaOnjYK4j-GvWmXIWhA
您来晚啦，您的好友已经领到全部奖励了
去帮助好友eU9YMZ_gPpRurC-foglg
您来晚啦，您的好友已经领到全部奖励了
去帮助好友ZE9yH7nWM7t_mzy3ric
您来晚啦，您的好友已经领到全部奖励了
去帮助好友IhgwbeWzYv8h8m66iw
您来晚啦，您的好友已经领到全部奖励了
去帮助好友eU9YaO2xYvl39zjczSJC0w
您来晚啦，您的好友已经领到全部奖励了
去帮助好友eU9YLbTxFL5niRq1nA1J
您来晚啦，您的好友已经领到全部奖励了
去帮助好友eU9YaeS3Z6ol8zrRmnMb1Q
您来晚啦，您的好友已经领到全部奖励了
去帮助好友eU9YaO7jMvwh-W_VzyUX0Q
您来晚啦，您的好友已经领到全部奖励了
去帮助好友eU9YaO23bvtyozuGyHsR1A
您来晚啦，您的好友已经领到全部奖励了
去帮助好友eU9Yau-3bv1z-WjcmXUVhA
助力成功，获得0.01
去帮助好友eU9YabmxYPwmomfXmHZH3g
助力成功，获得0.01
去帮助好友YFpyPa7nJA
您来晚啦，您的好友已经领到全部奖励了
去帮助好友ZE9dD6_6AZRzoBmDrjU
助力成功，获得0.01
去帮助好友flnj4UBm7lbzUcU
啊哦~今日助力次数用完啦


当前现金：0.92元

🔔签到领现金, 结束! 🕛 279.985 秒

