
🔔签到领现金, 开始!

====================共5个京东账号Cookie=========

==================脚本执行- 北京时间(UTC+8)：7/9/2021, 5:33:48 PM=====================

开始获取签到领现金配置文件

共5个京东账号

您提供了0个账号的签到领现金助力码


******开始【京东账号1】Ymh__Sirius*********


【京东账号1（15631692383_p）的签到领现金好友互助码】Ih4xb-20b_4l-W26iw

由于您第1个京东账号未提供shareCode,将采纳本脚本自带的助力码

开始
随机取5个码放到您固定的互助码后面(不影响已有固定互助)
第1个京东账号将要助力的好友[{"inviteCode":"eU9Yar_mb_9z92_WmXNG0w","shareDate":"IRs1bey1ZvU"},{"inviteCode":"-4msulYas0O2JsRhE-2TA5XZmBQ","shareDate":"IRs1bey1ZvU"},{"inviteCode":"eU9YL5XqGLxSmRSAkwxR","shareDate":"IRs1bey1ZvU"},{"inviteCode":"eU9YauiwZaly-T_cyHUR1g","shareDate":"IRs1bey1ZvU"},{"inviteCode":"eU9YaurkY69zoj3UniVAgg","shareDate":"IRs1bey1ZvU"},{"inviteCode":"eU9YaOnjYK4j-GvWmXIWhA","shareDate":"IRs1bey1ZvU"},{"inviteCode":"eU9YMZ_gPpRurC-foglg","shareDate":"IRs1bey1ZvU"},{"inviteCode":"ZE9yH7nWM7t_mzy3ric","shareDate":"IRs1bey1ZvU"},{"inviteCode":"IhgwbeWzYv8h8m66iw","shareDate":"IRs1bey1ZvU"},{"inviteCode":"eU9YaO2xYvl39zjczSJC0w","shareDate":"IRs1bey1ZvU"},{"inviteCode":"eU9YLbTxFL5niRq1nA1J","shareDate":"IRs1bey1ZvU"},{"inviteCode":"eU9YaeS3Z6ol8zrRmnMb1Q","shareDate":"IRs1bey1ZvU"},{"inviteCode":"eU9YaO7jMvwh-W_VzyUX0Q","shareDate":"IRs1bey1ZvU"},{"inviteCode":"eU9Ya77gZK5z-TqHn3UWhQ","shareDate":"IRs1bey1ZvU"},{"inviteCode":"eU9Yaui2ZP4gpG-Gz3EThA","shareDate":"IRs1bey1ZvU"},{"inviteCode":"eU9YaeizbvQnpG_SznIS0w","shareDate":"IRs1bey1ZvU"},{"inviteCode":"eU5hOqTobvwm","shareDate":"IRs1bey1ZvU"},{"inviteCode":"e1NhuGQPs2KaJ8tRHNmnAEkXPr3M","shareDate":"IRs1bey1ZvU"},{"inviteCode":"ZE99Oor1FJZEuQyBqjU","shareDate":"IRs1bey1ZvU"},{"inviteCode":"eU9YGr31L6t3ti2Skxlh","shareDate":"IRs1bey1ZvU"},{"inviteCode":"cENiMoP7P6RjoAGI","shareDate":"IRs1bey1ZvU"}]
去帮助好友eU9Yar_mb_9z92_WmXNG0w
啊哦~今日助力次数用完啦


当前现金：10.49元

******开始【京东账号2】Ycp_Dream*********


【京东账号2（jd_74a8d71c978d9）的签到领现金好友互助码】eU9Ya-jjbqgh8D3czHtH3w

去做逛商品任务 1/3
任务完成成功
去做逛商品任务 2/3
任务完成成功
去做逛商品任务 3/3
任务完成成功
去做逛会场任务 1/1
任务完成成功
由于您第2个京东账号未提供shareCode,将采纳本脚本自带的助力码

开始
随机取5个码放到您固定的互助码后面(不影响已有固定互助)
第2个京东账号将要助力的好友[{"inviteCode":"eU9Yar_mb_9z92_WmXNG0w","shareDate":"IRs1bey1ZvU"},{"inviteCode":"-4msulYas0O2JsRhE-2TA5XZmBQ","shareDate":"IRs1bey1ZvU"},{"inviteCode":"eU9YL5XqGLxSmRSAkwxR","shareDate":"IRs1bey1ZvU"},{"inviteCode":"eU9YauiwZaly-T_cyHUR1g","shareDate":"IRs1bey1ZvU"},{"inviteCode":"eU9YaurkY69zoj3UniVAgg","shareDate":"IRs1bey1ZvU"},{"inviteCode":"eU9YaOnjYK4j-GvWmXIWhA","shareDate":"IRs1bey1ZvU"},{"inviteCode":"eU9YMZ_gPpRurC-foglg","shareDate":"IRs1bey1ZvU"},{"inviteCode":"ZE9yH7nWM7t_mzy3ric","shareDate":"IRs1bey1ZvU"},{"inviteCode":"IhgwbeWzYv8h8m66iw","shareDate":"IRs1bey1ZvU"},{"inviteCode":"eU9YaO2xYvl39zjczSJC0w","shareDate":"IRs1bey1ZvU"},{"inviteCode":"eU9YLbTxFL5niRq1nA1J","shareDate":"IRs1bey1ZvU"},{"inviteCode":"eU9YaeS3Z6ol8zrRmnMb1Q","shareDate":"IRs1bey1ZvU"},{"inviteCode":"eU9YaO7jMvwh-W_VzyUX0Q","shareDate":"IRs1bey1ZvU"},{"inviteCode":"eU9YaO23bvtyozuGyHsR1A","shareDate":"IRs1bey1ZvU"},{"inviteCode":"eU9Ya73nZ_ok9TzQwnQa3g","shareDate":"IRs1bey1ZvU"},{"inviteCode":"eU9YPpbYLrp1ji-Bqw1F","shareDate":"IRs1bey1ZvU"},{"inviteCode":"cF5uL7ruObtzsw","shareDate":"IRs1bey1ZvU"},{"inviteCode":"fl5hObLlPLl482jV","shareDate":"IRs1bey1ZvU"},{"inviteCode":"eU9YGqntLrhltzmJsyF6","shareDate":"IRs1bey1ZvU"}]
去帮助好友eU9Yar_mb_9z92_WmXNG0w
您来晚啦，您的好友已经领到全部奖励了
去帮助好友-4msulYas0O2JsRhE-2TA5XZmBQ
您来晚啦，您的好友已经领到全部奖励了
去帮助好友eU9YL5XqGLxSmRSAkwxR
您来晚啦，您的好友已经领到全部奖励了
去帮助好友eU9YauiwZaly-T_cyHUR1g
您来晚啦，您的好友已经领到全部奖励了
去帮助好友eU9YaurkY69zoj3UniVAgg
您来晚啦，您的好友已经领到全部奖励了
去帮助好友eU9YaOnjYK4j-GvWmXIWhA
您来晚啦，您的好友已经领到全部奖励了
去帮助好友eU9YMZ_gPpRurC-foglg
您来晚啦，您的好友已经领到全部奖励了
去帮助好友ZE9yH7nWM7t_mzy3ric
您来晚啦，您的好友已经领到全部奖励了
去帮助好友IhgwbeWzYv8h8m66iw
您来晚啦，您的好友已经领到全部奖励了
去帮助好友eU9YaO2xYvl39zjczSJC0w
您来晚啦，您的好友已经领到全部奖励了
去帮助好友eU9YLbTxFL5niRq1nA1J
您来晚啦，您的好友已经领到全部奖励了
去帮助好友eU9YaeS3Z6ol8zrRmnMb1Q
您来晚啦，您的好友已经领到全部奖励了
去帮助好友eU9YaO7jMvwh-W_VzyUX0Q
您来晚啦，您的好友已经领到全部奖励了
去帮助好友eU9YaO23bvtyozuGyHsR1A
您来晚啦，您的好友已经领到全部奖励了
去帮助好友eU9Ya73nZ_ok9TzQwnQa3g
您来晚啦，您的好友已经领到全部奖励了
去帮助好友eU9YPpbYLrp1ji-Bqw1F
助力成功，获得0.01
去帮助好友cF5uL7ruObtzsw
助力成功，获得0.01
去帮助好友fl5hObLlPLl482jV
助力成功，获得0.01
去帮助好友eU9YGqntLrhltzmJsyF6
啊哦~今日助力次数用完啦


当前现金：3.07元

******开始【京东账号3】chao4596758*********


==============📣系统通知📣==============
签到领现金
【提示】cookie已失效
京东账号3 chao4596758
请重新登录获取
https://bean.m.jd.com/bean/signIndex.action
您未提供push+推送所需的PUSH_PLUS_TOKEN，取消push+推送消息通知🚫

server酱发送通知消息成功🎉

您未提供Bark的APP推送BARK_PUSH，取消Bark推送消息通知🚫

您未提供telegram机器人推送所需的TG_BOT_TOKEN和TG_USER_ID，取消telegram推送消息通知🚫

您未提供钉钉机器人推送所需的DD_BOT_TOKEN或者DD_BOT_SECRET，取消钉钉推送消息通知🚫

您未提供企业微信机器人推送所需的QYWX_KEY，取消企业微信推送消息通知🚫

您未提供企业微信应用消息推送所需的QYWX_AM，取消企业微信应用消息推送消息通知🚫

您未提供iGot的推送IGOT_PUSH_KEY，取消iGot推送消息通知🚫


******开始【京东账号4】jd_157332ewky*********


【京东账号4（jd_46df9eaa780aa）的签到领现金好友互助码】eU9YaOrmMPVzoD_Sw3NChw

去做逛商品任务 1/3
任务完成成功
去做逛商品任务 2/3
任务完成成功
去做逛商品任务 3/3
任务完成成功
去做逛会场任务 1/1
任务完成成功
由于您第4个京东账号未提供shareCode,将采纳本脚本自带的助力码

开始
随机取5个码放到您固定的互助码后面(不影响已有固定互助)
第4个京东账号将要助力的好友[{"inviteCode":"eU9Yar_mb_9z92_WmXNG0w","shareDate":"IRs1bey1ZvU"},{"inviteCode":"-4msulYas0O2JsRhE-2TA5XZmBQ","shareDate":"IRs1bey1ZvU"},{"inviteCode":"eU9YL5XqGLxSmRSAkwxR","shareDate":"IRs1bey1ZvU"},{"inviteCode":"eU9YauiwZaly-T_cyHUR1g","shareDate":"IRs1bey1ZvU"},{"inviteCode":"eU9YaurkY69zoj3UniVAgg","shareDate":"IRs1bey1ZvU"},{"inviteCode":"eU9YaOnjYK4j-GvWmXIWhA","shareDate":"IRs1bey1ZvU"},{"inviteCode":"eU9YMZ_gPpRurC-foglg","shareDate":"IRs1bey1ZvU"},{"inviteCode":"ZE9yH7nWM7t_mzy3ric","shareDate":"IRs1bey1ZvU"},{"inviteCode":"IhgwbeWzYv8h8m66iw","shareDate":"IRs1bey1ZvU"},{"inviteCode":"eU9YaO2xYvl39zjczSJC0w","shareDate":"IRs1bey1ZvU"},{"inviteCode":"eU9YLbTxFL5niRq1nA1J","shareDate":"IRs1bey1ZvU"},{"inviteCode":"eU9YaeS3Z6ol8zrRmnMb1Q","shareDate":"IRs1bey1ZvU"},{"inviteCode":"eU9YaO7jMvwh-W_VzyUX0Q","shareDate":"IRs1bey1ZvU"},{"inviteCode":"eU9YaO23bvtyozuGyHsR1A","shareDate":"IRs1bey1ZvU"},{"inviteCode":"eU9YNpTnLpRitzqnkgFh","shareDate":"IRs1bey1ZvU"},{"inviteCode":"eU9Yar61MP4u8W3QzncbhA","shareDate":"IRs1bey1ZvU"},{"inviteCode":"eU9YaO20b6kn82fSyiUWgg","shareDate":"IRs1bey1ZvU"},{"inviteCode":"eU9YJLr4B55XtRC8nCJk","shareDate":"IRs1bey1ZvU"},{"inviteCode":"ZEp-MrnqObk","shareDate":"IRs1bey1ZvU"}]
去帮助好友eU9Yar_mb_9z92_WmXNG0w
您来晚啦，您的好友已经领到全部奖励了
去帮助好友-4msulYas0O2JsRhE-2TA5XZmBQ
您来晚啦，您的好友已经领到全部奖励了
去帮助好友eU9YL5XqGLxSmRSAkwxR
您来晚啦，您的好友已经领到全部奖励了
去帮助好友eU9YauiwZaly-T_cyHUR1g
您来晚啦，您的好友已经领到全部奖励了
去帮助好友eU9YaurkY69zoj3UniVAgg
您来晚啦，您的好友已经领到全部奖励了
去帮助好友eU9YaOnjYK4j-GvWmXIWhA
您来晚啦，您的好友已经领到全部奖励了
去帮助好友eU9YMZ_gPpRurC-foglg
您来晚啦，您的好友已经领到全部奖励了
去帮助好友ZE9yH7nWM7t_mzy3ric
您来晚啦，您的好友已经领到全部奖励了
去帮助好友IhgwbeWzYv8h8m66iw
您来晚啦，您的好友已经领到全部奖励了
去帮助好友eU9YaO2xYvl39zjczSJC0w
您来晚啦，您的好友已经领到全部奖励了
去帮助好友eU9YLbTxFL5niRq1nA1J
您来晚啦，您的好友已经领到全部奖励了
去帮助好友eU9YaeS3Z6ol8zrRmnMb1Q
您来晚啦，您的好友已经领到全部奖励了
去帮助好友eU9YaO7jMvwh-W_VzyUX0Q
您来晚啦，您的好友已经领到全部奖励了
去帮助好友eU9YaO23bvtyozuGyHsR1A
您来晚啦，您的好友已经领到全部奖励了
去帮助好友eU9YNpTnLpRitzqnkgFh
您来晚啦，您的好友已经领到全部奖励了
去帮助好友eU9Yar61MP4u8W3QzncbhA
您来晚啦，您的好友已经领到全部奖励了
去帮助好友eU9YaO20b6kn82fSyiUWgg
您来晚啦，您的好友已经领到全部奖励了
去帮助好友eU9YJLr4B55XtRC8nCJk
助力成功，获得0.01
去帮助好友ZEp-MrnqObk
助力成功，获得0.01


当前现金：2.02元

******开始【京东账号5】jd_157332zdf*********


【京东账号5（jd_67f63c904d8c6）的签到领现金好友互助码】eU9YauvkYP91-G7Rn3tA0A

去做逛商品任务 1/3
任务完成成功
去做逛商品任务 2/3
任务完成成功
去做逛商品任务 3/3
任务完成成功
去做逛会场任务 1/1
任务完成成功
由于您第5个京东账号未提供shareCode,将采纳本脚本自带的助力码

开始
随机取5个码放到您固定的互助码后面(不影响已有固定互助)
第5个京东账号将要助力的好友[{"inviteCode":"eU9Yar_mb_9z92_WmXNG0w","shareDate":"IRs1bey1ZvU"},{"inviteCode":"-4msulYas0O2JsRhE-2TA5XZmBQ","shareDate":"IRs1bey1ZvU"},{"inviteCode":"eU9YL5XqGLxSmRSAkwxR","shareDate":"IRs1bey1ZvU"},{"inviteCode":"eU9YauiwZaly-T_cyHUR1g","shareDate":"IRs1bey1ZvU"},{"inviteCode":"eU9YaurkY69zoj3UniVAgg","shareDate":"IRs1bey1ZvU"},{"inviteCode":"eU9YaOnjYK4j-GvWmXIWhA","shareDate":"IRs1bey1ZvU"},{"inviteCode":"eU9YMZ_gPpRurC-foglg","shareDate":"IRs1bey1ZvU"},{"inviteCode":"ZE9yH7nWM7t_mzy3ric","shareDate":"IRs1bey1ZvU"},{"inviteCode":"IhgwbeWzYv8h8m66iw","shareDate":"IRs1bey1ZvU"},{"inviteCode":"eU9YaO2xYvl39zjczSJC0w","shareDate":"IRs1bey1ZvU"},{"inviteCode":"eU9YLbTxFL5niRq1nA1J","shareDate":"IRs1bey1ZvU"},{"inviteCode":"eU9YaeS3Z6ol8zrRmnMb1Q","shareDate":"IRs1bey1ZvU"},{"inviteCode":"eU9YaO7jMvwh-W_VzyUX0Q","shareDate":"IRs1bey1ZvU"},{"inviteCode":"eU9YaO23bvtyozuGyHsR1A","shareDate":"IRs1bey1ZvU"},{"inviteCode":"eU9Yari0Z_sh9mfRn3ZFhA","shareDate":"IRs1bey1ZvU"},{"inviteCode":"eU9YC4TmEp55tDmfrRJQ","shareDate":"IRs1bey1ZvU"},{"inviteCode":"eU9YL4r1PYdvqS6Oniti","shareDate":"IRs1bey1ZvU"},{"inviteCode":"eU9Yab_hZqlw8G7Sz3BBhA","shareDate":"IRs1bey1ZvU"},{"inviteCode":"f05jKbj3","shareDate":"IRs1bey1ZvU"}]
去帮助好友eU9Yar_mb_9z92_WmXNG0w
您来晚啦，您的好友已经领到全部奖励了
去帮助好友-4msulYas0O2JsRhE-2TA5XZmBQ
您来晚啦，您的好友已经领到全部奖励了
去帮助好友eU9YL5XqGLxSmRSAkwxR
您来晚啦，您的好友已经领到全部奖励了
去帮助好友eU9YauiwZaly-T_cyHUR1g
您来晚啦，您的好友已经领到全部奖励了
去帮助好友eU9YaurkY69zoj3UniVAgg
您来晚啦，您的好友已经领到全部奖励了
去帮助好友eU9YaOnjYK4j-GvWmXIWhA
您来晚啦，您的好友已经领到全部奖励了
去帮助好友eU9YMZ_gPpRurC-foglg
您来晚啦，您的好友已经领到全部奖励了
去帮助好友ZE9yH7nWM7t_mzy3ric
您来晚啦，您的好友已经领到全部奖励了
去帮助好友IhgwbeWzYv8h8m66iw
您来晚啦，您的好友已经领到全部奖励了
去帮助好友eU9YaO2xYvl39zjczSJC0w
您来晚啦，您的好友已经领到全部奖励了
去帮助好友eU9YLbTxFL5niRq1nA1J
您来晚啦，您的好友已经领到全部奖励了
去帮助好友eU9YaeS3Z6ol8zrRmnMb1Q
您来晚啦，您的好友已经领到全部奖励了
去帮助好友eU9YaO7jMvwh-W_VzyUX0Q
您来晚啦，您的好友已经领到全部奖励了
去帮助好友eU9YaO23bvtyozuGyHsR1A
您来晚啦，您的好友已经领到全部奖励了
去帮助好友eU9Yari0Z_sh9mfRn3ZFhA
助力成功，获得0.01
去帮助好友eU9YC4TmEp55tDmfrRJQ
您来晚啦，您的好友已经领到全部奖励了
去帮助好友eU9YL4r1PYdvqS6Oniti
您来晚啦，您的好友已经领到全部奖励了
去帮助好友eU9Yab_hZqlw8G7Sz3BBhA
您来晚啦，您的好友已经领到全部奖励了
去帮助好友f05jKbj3
助力成功，获得0.01


当前现金：1.07元

🔔签到领现金, 结束! 🕛 238.068 秒

