
🔔签到领现金, 开始!

====================共5个京东账号Cookie=========

==================脚本执行- 北京时间(UTC+8)：7/7/2021, 9:02:21 PM=====================

开始获取签到领现金配置文件

共5个京东账号

您提供了0个账号的签到领现金助力码


******开始【京东账号1】15631692383_p*********


【京东账号1（15631692383_p）的签到领现金好友互助码】Ih4xb-20b_4l-W26iw

由于您第1个京东账号未提供shareCode,将采纳本脚本自带的助力码

开始
随机取5个码放到您固定的互助码后面(不影响已有固定互助)
第1个京东账号将要助力的好友[{"inviteCode":"eU9Yar_mb_9z92_WmXNG0w","shareDate":"IRs1bey1Zvs"},{"inviteCode":"-4msulYas0O2JsRhE-2TA5XZmBQ","shareDate":"IRs1bey1Zvs"},{"inviteCode":"eU9YL5XqGLxSmRSAkwxR","shareDate":"IRs1bey1Zvs"},{"inviteCode":"eU9YauiwZaly-T_cyHUR1g","shareDate":"IRs1bey1Zvs"},{"inviteCode":"eU9YaurkY69zoj3UniVAgg","shareDate":"IRs1bey1Zvs"},{"inviteCode":"eU9YaOnjYK4j-GvWmXIWhA","shareDate":"IRs1bey1Zvs"},{"inviteCode":"eU9YMZ_gPpRurC-foglg","shareDate":"IRs1bey1Zvs"},{"inviteCode":"ZE9yH7nWM7t_mzy3ric","shareDate":"IRs1bey1Zvs"},{"inviteCode":"IhgwbeWzYv8h8m66iw","shareDate":"IRs1bey1Zvs"},{"inviteCode":"eU9YaO2xYvl39zjczSJC0w","shareDate":"IRs1bey1Zvs"},{"inviteCode":"eU9YLbTxFL5niRq1nA1J","shareDate":"IRs1bey1Zvs"},{"inviteCode":"eU9YaeS3Z6ol8zrRmnMb1Q","shareDate":"IRs1bey1Zvs"},{"inviteCode":"eU9YaO7jMvwh-W_VzyUX0Q","shareDate":"IRs1bey1Zvs"},{"inviteCode":"eU9Ya77gZK5z-TqHn3UWhQ","shareDate":"IRs1bey1Zvs"},{"inviteCode":"eU9Yaui2ZP4gpG-Gz3EThA","shareDate":"IRs1bey1Zvs"},{"inviteCode":"eU9YaeizbvQnpG_SznIS0w","shareDate":"IRs1bey1Zvs"},{"inviteCode":"fU10Le2z","shareDate":"IRs1bey1Zvs"},{"inviteCode":"eU9Yae_nY6py9zjQyXoX1g","shareDate":"IRs1bey1Zvs"},{"inviteCode":"ak5-NqXrLrl4","shareDate":"IRs1bey1Zvs"},{"inviteCode":"eU9Ya-rjb68lp2mGzSUS3g","shareDate":"IRs1bey1Zvs"},{"inviteCode":"-.oaTuXIfs2KL8G4","shareDate":"IRs1bey1Zvs"}]
去帮助好友eU9Yar_mb_9z92_WmXNG0w
啊哦~今日助力次数用完啦


当前现金：10.32元

******开始【京东账号2】Ycp_Dream*********


【京东账号2（jd_74a8d71c978d9）的签到领现金好友互助码】eU9Ya-jjbqgh8D3czHtH3w

去做逛商品任务 1/2
任务完成成功
去做逛商品任务 2/2
任务完成成功
去做逛店铺任务 1/1
任务完成成功
由于您第2个京东账号未提供shareCode,将采纳本脚本自带的助力码

开始
随机取5个码放到您固定的互助码后面(不影响已有固定互助)
第2个京东账号将要助力的好友[{"inviteCode":"eU9Yar_mb_9z92_WmXNG0w","shareDate":"IRs1bey1Zvs"},{"inviteCode":"-4msulYas0O2JsRhE-2TA5XZmBQ","shareDate":"IRs1bey1Zvs"},{"inviteCode":"eU9YL5XqGLxSmRSAkwxR","shareDate":"IRs1bey1Zvs"},{"inviteCode":"eU9YauiwZaly-T_cyHUR1g","shareDate":"IRs1bey1Zvs"},{"inviteCode":"eU9YaurkY69zoj3UniVAgg","shareDate":"IRs1bey1Zvs"},{"inviteCode":"eU9YaOnjYK4j-GvWmXIWhA","shareDate":"IRs1bey1Zvs"},{"inviteCode":"eU9YMZ_gPpRurC-foglg","shareDate":"IRs1bey1Zvs"},{"inviteCode":"ZE9yH7nWM7t_mzy3ric","shareDate":"IRs1bey1Zvs"},{"inviteCode":"IhgwbeWzYv8h8m66iw","shareDate":"IRs1bey1Zvs"},{"inviteCode":"eU9YaO2xYvl39zjczSJC0w","shareDate":"IRs1bey1Zvs"},{"inviteCode":"eU9YLbTxFL5niRq1nA1J","shareDate":"IRs1bey1Zvs"},{"inviteCode":"eU9YaeS3Z6ol8zrRmnMb1Q","shareDate":"IRs1bey1Zvs"},{"inviteCode":"eU9YaO7jMvwh-W_VzyUX0Q","shareDate":"IRs1bey1Zvs"},{"inviteCode":"eU9YaO23bvtyozuGyHsR1A","shareDate":"IRs1bey1Zvs"},{"inviteCode":"eU9Ya7ngZqhz92qAmXEWhw","shareDate":"IRs1bey1Zvs"},{"inviteCode":"flx1bu-7ZPU","shareDate":"IRs1bey1Zvs"},{"inviteCode":"ZE9JLLjUE6Bftxejrwxb","shareDate":"IRs1bey1Zvs"},{"inviteCode":"eU9Yae61Yakk-TiBmSUV0g","shareDate":"IRs1bey1Zvs"},{"inviteCode":"eU9YLKnsI6pYqzOkuhZ3","shareDate":"IRs1bey1Zvs"}]
去帮助好友eU9Yar_mb_9z92_WmXNG0w
您来晚啦，您的好友已经领到全部奖励了
去帮助好友-4msulYas0O2JsRhE-2TA5XZmBQ
您来晚啦，您的好友已经领到全部奖励了
去帮助好友eU9YL5XqGLxSmRSAkwxR
您来晚啦，您的好友已经领到全部奖励了
去帮助好友eU9YauiwZaly-T_cyHUR1g
您来晚啦，您的好友已经领到全部奖励了
去帮助好友eU9YaurkY69zoj3UniVAgg
您来晚啦，您的好友已经领到全部奖励了
去帮助好友eU9YaOnjYK4j-GvWmXIWhA
您来晚啦，您的好友已经领到全部奖励了
去帮助好友eU9YMZ_gPpRurC-foglg
您来晚啦，您的好友已经领到全部奖励了
去帮助好友ZE9yH7nWM7t_mzy3ric
您来晚啦，您的好友已经领到全部奖励了
去帮助好友IhgwbeWzYv8h8m66iw
您来晚啦，您的好友已经领到全部奖励了
去帮助好友eU9YaO2xYvl39zjczSJC0w
您来晚啦，您的好友已经领到全部奖励了
去帮助好友eU9YLbTxFL5niRq1nA1J
您来晚啦，您的好友已经领到全部奖励了
去帮助好友eU9YaeS3Z6ol8zrRmnMb1Q
您来晚啦，您的好友已经领到全部奖励了
去帮助好友eU9YaO7jMvwh-W_VzyUX0Q
您来晚啦，您的好友已经领到全部奖励了
去帮助好友eU9YaO23bvtyozuGyHsR1A
您来晚啦，您的好友已经领到全部奖励了
去帮助好友eU9Ya7ngZqhz92qAmXEWhw
助力成功，获得0.01
去帮助好友flx1bu-7ZPU
助力成功，获得0.01
去帮助好友ZE9JLLjUE6Bftxejrwxb
助力成功，获得0.01
去帮助好友eU9Yae61Yakk-TiBmSUV0g
啊哦~今日助力次数用完啦


当前现金：2.99元

******开始【京东账号3】jd_585601a83bd48*********


【京东账号3（chao4596758）的签到领现金好友互助码】cENmM-i3b_oh9GY

去做逛商品任务 1/2
任务完成成功
去做逛商品任务 2/2
任务完成成功
去做逛店铺任务 1/1
任务完成成功
由于您第3个京东账号未提供shareCode,将采纳本脚本自带的助力码

开始
随机取5个码放到您固定的互助码后面(不影响已有固定互助)
第3个京东账号将要助力的好友[{"inviteCode":"eU9Yar_mb_9z92_WmXNG0w","shareDate":"IRs1bey1Zvs"},{"inviteCode":"-4msulYas0O2JsRhE-2TA5XZmBQ","shareDate":"IRs1bey1Zvs"},{"inviteCode":"eU9YL5XqGLxSmRSAkwxR","shareDate":"IRs1bey1Zvs"},{"inviteCode":"eU9YauiwZaly-T_cyHUR1g","shareDate":"IRs1bey1Zvs"},{"inviteCode":"eU9YaurkY69zoj3UniVAgg","shareDate":"IRs1bey1Zvs"},{"inviteCode":"eU9YaOnjYK4j-GvWmXIWhA","shareDate":"IRs1bey1Zvs"},{"inviteCode":"eU9YMZ_gPpRurC-foglg","shareDate":"IRs1bey1Zvs"},{"inviteCode":"ZE9yH7nWM7t_mzy3ric","shareDate":"IRs1bey1Zvs"},{"inviteCode":"IhgwbeWzYv8h8m66iw","shareDate":"IRs1bey1Zvs"},{"inviteCode":"eU9YaO2xYvl39zjczSJC0w","shareDate":"IRs1bey1Zvs"},{"inviteCode":"eU9YLbTxFL5niRq1nA1J","shareDate":"IRs1bey1Zvs"},{"inviteCode":"eU9YaeS3Z6ol8zrRmnMb1Q","shareDate":"IRs1bey1Zvs"},{"inviteCode":"eU9YaO7jMvwh-W_VzyUX0Q","shareDate":"IRs1bey1Zvs"},{"inviteCode":"eU9YaO23bvtyozuGyHsR1A","shareDate":"IRs1bey1Zvs"},{"inviteCode":"95CJuGQPvni7JtdME8Om","shareDate":"IRs1bey1Zvs"},{"inviteCode":"eU9YaOi0ZPsh8D3UzCYTgw","shareDate":"IRs1bey1Zvs"},{"inviteCode":"eU9YaLqybvQu827UzHYUhw","shareDate":"IRs1bey1Zvs"},{"inviteCode":"eU9YarnhZ_4noGvXmntC1g","shareDate":"IRs1bey1Zvs"},{"inviteCode":"eUJyNrX3PKVz7G8&","shareDate":"IRs1bey1Zvs"}]
去帮助好友eU9Yar_mb_9z92_WmXNG0w
您来晚啦，您的好友已经领到全部奖励了
去帮助好友-4msulYas0O2JsRhE-2TA5XZmBQ
您来晚啦，您的好友已经领到全部奖励了
去帮助好友eU9YL5XqGLxSmRSAkwxR
您来晚啦，您的好友已经领到全部奖励了
去帮助好友eU9YauiwZaly-T_cyHUR1g
您来晚啦，您的好友已经领到全部奖励了
去帮助好友eU9YaurkY69zoj3UniVAgg
您来晚啦，您的好友已经领到全部奖励了
去帮助好友eU9YaOnjYK4j-GvWmXIWhA
您来晚啦，您的好友已经领到全部奖励了
去帮助好友eU9YMZ_gPpRurC-foglg
您来晚啦，您的好友已经领到全部奖励了
去帮助好友ZE9yH7nWM7t_mzy3ric
您来晚啦，您的好友已经领到全部奖励了
去帮助好友IhgwbeWzYv8h8m66iw
您来晚啦，您的好友已经领到全部奖励了
去帮助好友eU9YaO2xYvl39zjczSJC0w
您来晚啦，您的好友已经领到全部奖励了
去帮助好友eU9YLbTxFL5niRq1nA1J
您来晚啦，您的好友已经领到全部奖励了
去帮助好友eU9YaeS3Z6ol8zrRmnMb1Q
您来晚啦，您的好友已经领到全部奖励了
去帮助好友eU9YaO7jMvwh-W_VzyUX0Q
您来晚啦，您的好友已经领到全部奖励了
去帮助好友eU9YaO23bvtyozuGyHsR1A
您来晚啦，您的好友已经领到全部奖励了
去帮助好友95CJuGQPvni7JtdME8Om
您来晚啦，您的好友已经领到全部奖励了
去帮助好友eU9YaOi0ZPsh8D3UzCYTgw
您来晚啦，您的好友已经领到全部奖励了
去帮助好友eU9YaLqybvQu827UzHYUhw
助力成功，获得0.01
去帮助好友eU9YarnhZ_4noGvXmntC1g
助力成功，获得0.01
去帮助好友eUJyNrX3PKVz7G8&
助力成功，获得0.01


当前现金：2.44元

******开始【京东账号4】jd_157332ewky*********


【京东账号4（jd_46df9eaa780aa）的签到领现金好友互助码】eU9YaOrmMPVzoD_Sw3NChw

去做逛商品任务 1/2
任务完成成功
去做逛商品任务 2/2
任务完成成功
去做逛店铺任务 1/1
任务完成成功
由于您第4个京东账号未提供shareCode,将采纳本脚本自带的助力码

开始
随机取5个码放到您固定的互助码后面(不影响已有固定互助)
第4个京东账号将要助力的好友[{"inviteCode":"eU9Yar_mb_9z92_WmXNG0w","shareDate":"IRs1bey1Zvs"},{"inviteCode":"-4msulYas0O2JsRhE-2TA5XZmBQ","shareDate":"IRs1bey1Zvs"},{"inviteCode":"eU9YL5XqGLxSmRSAkwxR","shareDate":"IRs1bey1Zvs"},{"inviteCode":"eU9YauiwZaly-T_cyHUR1g","shareDate":"IRs1bey1Zvs"},{"inviteCode":"eU9YaurkY69zoj3UniVAgg","shareDate":"IRs1bey1Zvs"},{"inviteCode":"eU9YaOnjYK4j-GvWmXIWhA","shareDate":"IRs1bey1Zvs"},{"inviteCode":"eU9YMZ_gPpRurC-foglg","shareDate":"IRs1bey1Zvs"},{"inviteCode":"ZE9yH7nWM7t_mzy3ric","shareDate":"IRs1bey1Zvs"},{"inviteCode":"IhgwbeWzYv8h8m66iw","shareDate":"IRs1bey1Zvs"},{"inviteCode":"eU9YaO2xYvl39zjczSJC0w","shareDate":"IRs1bey1Zvs"},{"inviteCode":"eU9YLbTxFL5niRq1nA1J","shareDate":"IRs1bey1Zvs"},{"inviteCode":"eU9YaeS3Z6ol8zrRmnMb1Q","shareDate":"IRs1bey1Zvs"},{"inviteCode":"eU9YaO7jMvwh-W_VzyUX0Q","shareDate":"IRs1bey1Zvs"},{"inviteCode":"eU9YaO23bvtyozuGyHsR1A","shareDate":"IRs1bey1Zvs"},{"inviteCode":"eU9YNIrQMb9OqR2AqBpI","shareDate":"IRs1bey1Zvs"},{"inviteCode":"eU9Yab23Yft19zrRynJB1w","shareDate":"IRs1bey1Zvs"},{"inviteCode":"eU9YNZT3PKdwkCSEsg5S","shareDate":"IRs1bey1Zvs"},{"inviteCode":"eU9YaOi6Zq4koD2Hy3sXgg","shareDate":"IRs1bey1Zvs"},{"inviteCode":"eEJpO7ruL_4m8Wc","shareDate":"IRs1bey1Zvs"}]
去帮助好友eU9Yar_mb_9z92_WmXNG0w
您来晚啦，您的好友已经领到全部奖励了
去帮助好友-4msulYas0O2JsRhE-2TA5XZmBQ
您来晚啦，您的好友已经领到全部奖励了
去帮助好友eU9YL5XqGLxSmRSAkwxR
您来晚啦，您的好友已经领到全部奖励了
去帮助好友eU9YauiwZaly-T_cyHUR1g
您来晚啦，您的好友已经领到全部奖励了
去帮助好友eU9YaurkY69zoj3UniVAgg
您来晚啦，您的好友已经领到全部奖励了
去帮助好友eU9YaOnjYK4j-GvWmXIWhA
您来晚啦，您的好友已经领到全部奖励了
去帮助好友eU9YMZ_gPpRurC-foglg
您来晚啦，您的好友已经领到全部奖励了
去帮助好友ZE9yH7nWM7t_mzy3ric
您来晚啦，您的好友已经领到全部奖励了
去帮助好友IhgwbeWzYv8h8m66iw
您来晚啦，您的好友已经领到全部奖励了
去帮助好友eU9YaO2xYvl39zjczSJC0w
您来晚啦，您的好友已经领到全部奖励了
去帮助好友eU9YLbTxFL5niRq1nA1J
您来晚啦，您的好友已经领到全部奖励了
去帮助好友eU9YaeS3Z6ol8zrRmnMb1Q
您来晚啦，您的好友已经领到全部奖励了
去帮助好友eU9YaO7jMvwh-W_VzyUX0Q
您来晚啦，您的好友已经领到全部奖励了
去帮助好友eU9YaO23bvtyozuGyHsR1A
您来晚啦，您的好友已经领到全部奖励了
去帮助好友eU9YNIrQMb9OqR2AqBpI
您来晚啦，您的好友已经领到全部奖励了
去帮助好友eU9Yab23Yft19zrRynJB1w
您来晚啦，您的好友已经领到全部奖励了
去帮助好友eU9YNZT3PKdwkCSEsg5S
您来晚啦，您的好友已经领到全部奖励了
去帮助好友eU9YaOi6Zq4koD2Hy3sXgg
助力成功，获得0.01
去帮助好友eEJpO7ruL_4m8Wc
您来晚啦，您的好友已经领到全部奖励了


当前现金：1.95元

******开始【京东账号5】jd_157332zdf*********


【京东账号5（jd_67f63c904d8c6）的签到领现金好友互助码】eU9YauvkYP91-G7Rn3tA0A

去做逛商品任务 1/2
任务完成成功
去做逛商品任务 2/2
任务完成成功
去做逛店铺任务 1/1
任务完成成功
由于您第5个京东账号未提供shareCode,将采纳本脚本自带的助力码

开始
随机取5个码放到您固定的互助码后面(不影响已有固定互助)
第5个京东账号将要助力的好友[{"inviteCode":"eU9Yar_mb_9z92_WmXNG0w","shareDate":"IRs1bey1Zvs"},{"inviteCode":"-4msulYas0O2JsRhE-2TA5XZmBQ","shareDate":"IRs1bey1Zvs"},{"inviteCode":"eU9YL5XqGLxSmRSAkwxR","shareDate":"IRs1bey1Zvs"},{"inviteCode":"eU9YauiwZaly-T_cyHUR1g","shareDate":"IRs1bey1Zvs"},{"inviteCode":"eU9YaurkY69zoj3UniVAgg","shareDate":"IRs1bey1Zvs"},{"inviteCode":"eU9YaOnjYK4j-GvWmXIWhA","shareDate":"IRs1bey1Zvs"},{"inviteCode":"eU9YMZ_gPpRurC-foglg","shareDate":"IRs1bey1Zvs"},{"inviteCode":"ZE9yH7nWM7t_mzy3ric","shareDate":"IRs1bey1Zvs"},{"inviteCode":"IhgwbeWzYv8h8m66iw","shareDate":"IRs1bey1Zvs"},{"inviteCode":"eU9YaO2xYvl39zjczSJC0w","shareDate":"IRs1bey1Zvs"},{"inviteCode":"eU9YLbTxFL5niRq1nA1J","shareDate":"IRs1bey1Zvs"},{"inviteCode":"eU9YaeS3Z6ol8zrRmnMb1Q","shareDate":"IRs1bey1Zvs"},{"inviteCode":"eU9YaO7jMvwh-W_VzyUX0Q","shareDate":"IRs1bey1Zvs"},{"inviteCode":"eU9YaO23bvtyozuGyHsR1A","shareDate":"IRs1bey1Zvs"},{"inviteCode":"eU9Ya76zZf509WrXyCZA1A","shareDate":"IRs1bey1Zvs"},{"inviteCode":"eU9YLpnDO7RBmxeRlQJt","shareDate":"IRs1bey1Zvs"},{"inviteCode":"eU9YauS2Z61y-DrVnSUTgA","shareDate":"IRs1bey1Zvs"},{"inviteCode":"eU9Ya72wbvhyp2vXmSAV1Q","shareDate":"IRs1bey1Zvs"},{"inviteCode":"eU9YF4noOr96uDSBiSpN","shareDate":"IRs1bey1Zvs"}]
去帮助好友eU9Yar_mb_9z92_WmXNG0w
您来晚啦，您的好友已经领到全部奖励了
去帮助好友-4msulYas0O2JsRhE-2TA5XZmBQ
您来晚啦，您的好友已经领到全部奖励了
去帮助好友eU9YL5XqGLxSmRSAkwxR
您来晚啦，您的好友已经领到全部奖励了
去帮助好友eU9YauiwZaly-T_cyHUR1g
您来晚啦，您的好友已经领到全部奖励了
去帮助好友eU9YaurkY69zoj3UniVAgg
您来晚啦，您的好友已经领到全部奖励了
去帮助好友eU9YaOnjYK4j-GvWmXIWhA
您来晚啦，您的好友已经领到全部奖励了
去帮助好友eU9YMZ_gPpRurC-foglg
您来晚啦，您的好友已经领到全部奖励了
去帮助好友ZE9yH7nWM7t_mzy3ric
您来晚啦，您的好友已经领到全部奖励了
去帮助好友IhgwbeWzYv8h8m66iw
您来晚啦，您的好友已经领到全部奖励了
去帮助好友eU9YaO2xYvl39zjczSJC0w
您来晚啦，您的好友已经领到全部奖励了
去帮助好友eU9YLbTxFL5niRq1nA1J
您来晚啦，您的好友已经领到全部奖励了
去帮助好友eU9YaeS3Z6ol8zrRmnMb1Q
您来晚啦，您的好友已经领到全部奖励了
去帮助好友eU9YaO7jMvwh-W_VzyUX0Q
您来晚啦，您的好友已经领到全部奖励了
去帮助好友eU9YaO23bvtyozuGyHsR1A
您来晚啦，您的好友已经领到全部奖励了
去帮助好友eU9Ya76zZf509WrXyCZA1A
助力成功，获得0.01
去帮助好友eU9YLpnDO7RBmxeRlQJt
助力成功，获得0.01
去帮助好友eU9YauS2Z61y-DrVnSUTgA
您来晚啦，您的好友已经领到全部奖励了
去帮助好友eU9Ya72wbvhyp2vXmSAV1Q
助力成功，获得0.01
去帮助好友eU9YF4noOr96uDSBiSpN
啊哦~今日助力次数用完啦


当前现金：1.00元

🔔签到领现金, 结束! 🕛 572.409 秒

