
🔔签到领现金, 开始!

====================共2个京东账号Cookie=========

==================脚本执行- 北京时间(UTC+8)：7/12/2021, 12:11:18 AM=====================

开始获取签到领现金配置文件

共2个京东账号

您提供了0个账号的签到领现金助力码


******开始【京东账号1】15631692383_p*********


【京东账号1（15631692383_p）的签到领现金好友互助码】Ih4xb-20b_4l-W26iw

去做逛商品任务 1/3
任务完成成功
去做逛商品任务 2/3
任务完成成功
去做逛商品任务 3/3
任务完成成功
去做逛会场任务 1/1
任务完成成功
由于您第1个京东账号未提供shareCode,将采纳本脚本自带的助力码

开始
第1个京东账号将要助力的好友[{"inviteCode":"eU9Yar_mb_9z92_WmXNG0w","shareDate":"IRs1bey1Z_4"},{"inviteCode":"-4msulYas0O2JsRhE-2TA5XZmBQ","shareDate":"IRs1bey1Z_4"},{"inviteCode":"eU9YL5XqGLxSmRSAkwxR","shareDate":"IRs1bey1Z_4"},{"inviteCode":"eU9YauiwZaly-T_cyHUR1g","shareDate":"IRs1bey1Z_4"},{"inviteCode":"eU9YaurkY69zoj3UniVAgg","shareDate":"IRs1bey1Z_4"},{"inviteCode":"eU9YaOnjYK4j-GvWmXIWhA","shareDate":"IRs1bey1Z_4"},{"inviteCode":"eU9YMZ_gPpRurC-foglg","shareDate":"IRs1bey1Z_4"},{"inviteCode":"ZE9yH7nWM7t_mzy3ric","shareDate":"IRs1bey1Z_4"},{"inviteCode":"IhgwbeWzYv8h8m66iw","shareDate":"IRs1bey1Z_4"},{"inviteCode":"eU9YaO2xYvl39zjczSJC0w","shareDate":"IRs1bey1Z_4"},{"inviteCode":"eU9YLbTxFL5niRq1nA1J","shareDate":"IRs1bey1Z_4"},{"inviteCode":"eU9YaeS3Z6ol8zrRmnMb1Q","shareDate":"IRs1bey1Z_4"},{"inviteCode":"eU9YaLi6N_oh8mbcmSUW1A","shareDate":"IRs1bey1Z_4"},{"inviteCode":"eU9YL5XqGLxSmRSAkwxR","shareDate":"IRs1bey1Z_4"},{"inviteCode":"eU9YaO7jMvwh-W_VzyUX0Q","shareDate":"IRs1bey1Z_4"},{"inviteCode":"eU9YaurkY69zoj3UniVAgg","shareDate":"IRs1bey1Z_4"},{"inviteCode":"eU9YaOnjYK4j-GvWmXIWhA","shareDate":"IRs1bey1Z_4"},{"inviteCode":"eU9YMZ_gPpRurC-foglg","shareDate":"IRs1bey1Z_4"},{"inviteCode":"eU9Ya77gZK5z-TqHn3UWhQ","shareDate":"IRs1bey1Z_4"},{"inviteCode":"eU9Yaui2ZP4gpG-Gz3EThA","shareDate":"IRs1bey1Z_4"},{"inviteCode":"eU9YaeizbvQnpG_SznIS0w","shareDate":"IRs1bey1Z_4"}]
去帮助好友eU9Yar_mb_9z92_WmXNG0w
您来晚啦，您的好友已经领到全部奖励了
去帮助好友-4msulYas0O2JsRhE-2TA5XZmBQ
您来晚啦，您的好友已经领到全部奖励了
去帮助好友eU9YL5XqGLxSmRSAkwxR
您来晚啦，您的好友已经领到全部奖励了
去帮助好友eU9YauiwZaly-T_cyHUR1g
您来晚啦，您的好友已经领到全部奖励了
去帮助好友eU9YaurkY69zoj3UniVAgg
您来晚啦，您的好友已经领到全部奖励了
去帮助好友eU9YaOnjYK4j-GvWmXIWhA
您来晚啦，您的好友已经领到全部奖励了
去帮助好友eU9YMZ_gPpRurC-foglg
您来晚啦，您的好友已经领到全部奖励了
去帮助好友ZE9yH7nWM7t_mzy3ric
你点击的太快啦
请稍后尝试~
去帮助好友IhgwbeWzYv8h8m66iw
您来晚啦，您的好友已经领到全部奖励了
去帮助好友eU9YaO2xYvl39zjczSJC0w
您来晚啦，您的好友已经领到全部奖励了
去帮助好友eU9YLbTxFL5niRq1nA1J
您来晚啦，您的好友已经领到全部奖励了
去帮助好友eU9YaeS3Z6ol8zrRmnMb1Q
您来晚啦，您的好友已经领到全部奖励了
去帮助好友eU9YaLi6N_oh8mbcmSUW1A
您来晚啦，您的好友已经领到全部奖励了
去帮助好友eU9YL5XqGLxSmRSAkwxR
您来晚啦，您的好友已经领到全部奖励了
去帮助好友eU9YaO7jMvwh-W_VzyUX0Q
您来晚啦，您的好友已经领到全部奖励了
去帮助好友eU9YaurkY69zoj3UniVAgg
您来晚啦，您的好友已经领到全部奖励了
去帮助好友eU9YaOnjYK4j-GvWmXIWhA
您来晚啦，您的好友已经领到全部奖励了
去帮助好友eU9YMZ_gPpRurC-foglg
您来晚啦，您的好友已经领到全部奖励了
去帮助好友eU9Ya77gZK5z-TqHn3UWhQ
您来晚啦，您的好友已经领到全部奖励了
去帮助好友eU9Yaui2ZP4gpG-Gz3EThA
您来晚啦，您的好友已经领到全部奖励了
去帮助好友eU9YaeizbvQnpG_SznIS0w
您来晚啦，您的好友已经领到全部奖励了
"Timeout awaiting 'request' for 10000ms"
签到领现金 API请求失败，请检查网路重试


当前现金：10.73元

******开始【京东账号2】Ycp_Dream*********


【京东账号2（jd_74a8d71c978d9）的签到领现金好友互助码】eU9Ya-jjbqgh8D3czHtH3w

去做逛商品任务 1/3
任务完成成功
去做逛商品任务 2/3
任务完成成功
去做逛商品任务 3/3
任务完成成功
去做逛会场任务 1/1
任务完成成功
由于您第2个京东账号未提供shareCode,将采纳本脚本自带的助力码

开始
第2个京东账号将要助力的好友[{"inviteCode":"eU9Yar_mb_9z92_WmXNG0w","shareDate":"IRs1bey1Z_4"},{"inviteCode":"-4msulYas0O2JsRhE-2TA5XZmBQ","shareDate":"IRs1bey1Z_4"},{"inviteCode":"eU9YL5XqGLxSmRSAkwxR","shareDate":"IRs1bey1Z_4"},{"inviteCode":"eU9YauiwZaly-T_cyHUR1g","shareDate":"IRs1bey1Z_4"},{"inviteCode":"eU9YaurkY69zoj3UniVAgg","shareDate":"IRs1bey1Z_4"},{"inviteCode":"eU9YaOnjYK4j-GvWmXIWhA","shareDate":"IRs1bey1Z_4"},{"inviteCode":"eU9YMZ_gPpRurC-foglg","shareDate":"IRs1bey1Z_4"},{"inviteCode":"ZE9yH7nWM7t_mzy3ric","shareDate":"IRs1bey1Z_4"},{"inviteCode":"IhgwbeWzYv8h8m66iw","shareDate":"IRs1bey1Z_4"},{"inviteCode":"eU9YaO2xYvl39zjczSJC0w","shareDate":"IRs1bey1Z_4"},{"inviteCode":"eU9YLbTxFL5niRq1nA1J","shareDate":"IRs1bey1Z_4"},{"inviteCode":"eU9YaeS3Z6ol8zrRmnMb1Q","shareDate":"IRs1bey1Z_4"},{"inviteCode":"eU9YaLi6N_oh8mbcmSUW1A","shareDate":"IRs1bey1Z_4"},{"inviteCode":"-4msulYas0O2JsRhE-2TA5XZmBQ","shareDate":"IRs1bey1Z_4"},{"inviteCode":"eU9Yar_mb_9z92_WmXNG0w","shareDate":"IRs1bey1Z_4"},{"inviteCode":"eU9YaO7jMvwh-W_VzyUX0Q","shareDate":"IRs1bey1Z_4"},{"inviteCode":"eU9YaurkY69zoj3UniVAgg","shareDate":"IRs1bey1Z_4"},{"inviteCode":"eU9YaOnjYK4j-GvWmXIWhA","shareDate":"IRs1bey1Z_4"},{"inviteCode":"eU9YaO23bvtyozuGyHsR1A","shareDate":"IRs1bey1Z_4"}]
去帮助好友eU9Yar_mb_9z92_WmXNG0w
您来晚啦，您的好友已经领到全部奖励了
去帮助好友-4msulYas0O2JsRhE-2TA5XZmBQ
您来晚啦，您的好友已经领到全部奖励了
去帮助好友eU9YL5XqGLxSmRSAkwxR
您来晚啦，您的好友已经领到全部奖励了
去帮助好友eU9YauiwZaly-T_cyHUR1g
您来晚啦，您的好友已经领到全部奖励了
去帮助好友eU9YaurkY69zoj3UniVAgg
您来晚啦，您的好友已经领到全部奖励了
去帮助好友eU9YaOnjYK4j-GvWmXIWhA
您来晚啦，您的好友已经领到全部奖励了
去帮助好友eU9YMZ_gPpRurC-foglg
您来晚啦，您的好友已经领到全部奖励了
去帮助好友ZE9yH7nWM7t_mzy3ric
您来晚啦，您的好友已经领到全部奖励了
去帮助好友IhgwbeWzYv8h8m66iw
您来晚啦，您的好友已经领到全部奖励了
去帮助好友eU9YaO2xYvl39zjczSJC0w
您来晚啦，您的好友已经领到全部奖励了
去帮助好友eU9YLbTxFL5niRq1nA1J
您来晚啦，您的好友已经领到全部奖励了
去帮助好友eU9YaeS3Z6ol8zrRmnMb1Q
您来晚啦，您的好友已经领到全部奖励了
去帮助好友eU9YaLi6N_oh8mbcmSUW1A
您来晚啦，您的好友已经领到全部奖励了
去帮助好友-4msulYas0O2JsRhE-2TA5XZmBQ
您来晚啦，您的好友已经领到全部奖励了
去帮助好友eU9Yar_mb_9z92_WmXNG0w
你点击的太快啦
请稍后尝试~
去帮助好友eU9YaO7jMvwh-W_VzyUX0Q
您来晚啦，您的好友已经领到全部奖励了
去帮助好友eU9YaurkY69zoj3UniVAgg
您来晚啦，您的好友已经领到全部奖励了
去帮助好友eU9YaOnjYK4j-GvWmXIWhA
您来晚啦，您的好友已经领到全部奖励了
去帮助好友eU9YaO23bvtyozuGyHsR1A
您来晚啦，您的好友已经领到全部奖励了


当前现金：3.26元

🔔签到领现金, 结束! 🕛 208.302 秒

"Timeout awaiting 'request' for 10000ms"
签到领现金 API请求失败，请检查网路重试
