
🔔签到领现金, 开始!

====================共2个京东账号Cookie=========

==================脚本执行- 北京时间(UTC+8)：7/10/2021, 12:11:00 AM=====================

开始获取签到领现金配置文件

共2个京东账号

您提供了0个账号的签到领现金助力码

"getaddrinfo ENOTFOUND wq.jd.com"
签到领现金 API请求失败，请检查网路重试

******开始【京东账号1】15631692383_p*********

"getaddrinfo ENOTFOUND api.m.jd.com"
签到领现金 API请求失败，请检查网路重试
由于您第1个京东账号未提供shareCode,将采纳本脚本自带的助力码

开始
第1个京东账号将要助力的好友[{"inviteCode":"eU9YL5XqGLxSmRSAkwxR"},{"inviteCode":"eU9YaO7jMvwh-W_VzyUX0Q"},{"inviteCode":"eU9YaurkY69zoj3UniVAgg"},{"inviteCode":"eU9YaOnjYK4j-GvWmXIWhA"},{"inviteCode":"eU9YMZ_gPpRurC-foglg"},{"inviteCode":"eU9Ya77gZK5z-TqHn3UWhQ"},{"inviteCode":"eU9Yaui2ZP4gpG-Gz3EThA"},{"inviteCode":"eU9YaeizbvQnpG_SznIS0w"}]
去帮助好友eU9YL5XqGLxSmRSAkwxR
"Timeout awaiting 'request' for 10000ms"
签到领现金 API请求失败，请检查网路重试
"getaddrinfo ENOTFOUND api.m.jd.com"
签到领现金 API请求失败，请检查网路重试
去帮助好友eU9YaO7jMvwh-W_VzyUX0Q
"getaddrinfo ENOTFOUND api.m.jd.com"
签到领现金 API请求失败，请检查网路重试
去帮助好友eU9YaurkY69zoj3UniVAgg
"getaddrinfo ENOTFOUND api.m.jd.com"
签到领现金 API请求失败，请检查网路重试
去帮助好友eU9YaOnjYK4j-GvWmXIWhA
"getaddrinfo ENOTFOUND api.m.jd.com"
签到领现金 API请求失败，请检查网路重试
去帮助好友eU9YMZ_gPpRurC-foglg
"getaddrinfo ENOTFOUND api.m.jd.com"
签到领现金 API请求失败，请检查网路重试
去帮助好友eU9Ya77gZK5z-TqHn3UWhQ
"getaddrinfo ENOTFOUND api.m.jd.com"
签到领现金 API请求失败，请检查网路重试
去帮助好友eU9Yaui2ZP4gpG-Gz3EThA
"getaddrinfo ENOTFOUND api.m.jd.com"
签到领现金 API请求失败，请检查网路重试
去帮助好友eU9YaeizbvQnpG_SznIS0w
"getaddrinfo ENOTFOUND api.m.jd.com"
签到领现金 API请求失败，请检查网路重试
"getaddrinfo ENOTFOUND api.m.jd.com"
签到领现金 API请求失败，请检查网路重试
"getaddrinfo ENOTFOUND api.m.jd.com"
签到领现金 API请求失败，请检查网路重试
"getaddrinfo ENOTFOUND api.m.jd.com"
签到领现金 API请求失败，请检查网路重试
"getaddrinfo ENOTFOUND wq.jd.com"
签到领现金 API请求失败，请检查网路重试

******开始【京东账号2】jd_74a8d71c978d9*********

"getaddrinfo ENOTFOUND api.m.jd.com"
签到领现金 API请求失败，请检查网路重试
由于您第2个京东账号未提供shareCode,将采纳本脚本自带的助力码

开始
第2个京东账号将要助力的好友[{"inviteCode":"-4msulYas0O2JsRhE-2TA5XZmBQ"},{"inviteCode":"eU9Yar_mb_9z92_WmXNG0w"},{"inviteCode":"eU9YaO7jMvwh-W_VzyUX0Q"},{"inviteCode":"eU9YaurkY69zoj3UniVAgg"},{"inviteCode":"eU9YaOnjYK4j-GvWmXIWhA"},{"inviteCode":"eU9YaO23bvtyozuGyHsR1A"}]
去帮助好友-4msulYas0O2JsRhE-2TA5XZmBQ
"Timeout awaiting 'request' for 10000ms"
签到领现金 API请求失败，请检查网路重试
"getaddrinfo ENOTFOUND api.m.jd.com"
签到领现金 API请求失败，请检查网路重试
去帮助好友eU9Yar_mb_9z92_WmXNG0w
"getaddrinfo ENOTFOUND api.m.jd.com"
签到领现金 API请求失败，请检查网路重试
去帮助好友eU9YaO7jMvwh-W_VzyUX0Q
"getaddrinfo ENOTFOUND api.m.jd.com"
签到领现金 API请求失败，请检查网路重试
去帮助好友eU9YaurkY69zoj3UniVAgg
"getaddrinfo ENOTFOUND api.m.jd.com"
签到领现金 API请求失败，请检查网路重试
去帮助好友eU9YaOnjYK4j-GvWmXIWhA
"getaddrinfo ENOTFOUND api.m.jd.com"
签到领现金 API请求失败，请检查网路重试
去帮助好友eU9YaO23bvtyozuGyHsR1A
"getaddrinfo ENOTFOUND api.m.jd.com"
签到领现金 API请求失败，请检查网路重试
"getaddrinfo ENOTFOUND api.m.jd.com"
签到领现金 API请求失败，请检查网路重试
"getaddrinfo ENOTFOUND api.m.jd.com"
签到领现金 API请求失败，请检查网路重试


当前现金：3.09元

🔔签到领现金, 结束! 🕛 26787.809 秒

