
🔔闪购盲盒, 开始!

====================共5个京东账号Cookie=========

==================脚本执行- 北京时间(UTC+8)：7/2/2021, 10:58:18 AM=====================

开始获取闪购盲盒配置文件

共5个京东账号

您提供了0个账号的闪购盲盒助力码

由于您第1个京东账号未提供shareCode,将采纳本脚本自带的助力码

开始
第1个京东账号将要助力的好友["T019-aknAFRllhyoQlyI46gCjVQmoaT5kRrbA","T010_aU6SR8Q_QCjVQmoaT5kRrbA","T0225KkcRhcbp1CBJhv0wfZedQCjVQmoaT5kRrbA","T027Zm_olqSxIOtH97BATGmKoWraLawCjVQmoaT5kRrbA"]

******开始【京东账号1】15631692383_p*********


14-邀请好友助力-已完成4-未完成10

【京东账号1（15631692383_p）的闪购盲盒好友互助码】T018v_h1Qx8f_FbUKBmb1ACjVQmoaT5kRrbA

助力已满员！谢谢你哦~
助力已满员！谢谢你哦~
助力已满员！谢谢你哦~
助力已满员！谢谢你哦~

8-浏览商品任务-全部已完成

7-浏览并关注店铺-全部已完成

26-浏览并关注频道-全部已完成

9-浏览会场任务-全部已完成

开始抽奖

开始抽奖

开始抽奖

开始抽奖
京豆:1

==============📣系统通知📣==============
闪购盲盒
【京东账号1】15631692383_p
任务已完成，本次运行获得京豆1
【京东账号1】15631692383_p
任务已完成，本次运行获得京豆1
由于您第2个京东账号未提供shareCode,将采纳本脚本自带的助力码

开始
第2个京东账号将要助力的好友["T019-aknAFRllhyoQlyI46gCjVQmoaT5kRrbA","T010_aU6SR8Q_QCjVQmoaT5kRrbA","T027Zm_olqSxIOtH97BATGmKoWraLawCjVQmoaT5kRrbA","T0225KkcRk1N_FeCJhv3xvdfcQCjVQmoaT5kRrbA"]

******开始【京东账号2】jd_74a8d71c978d9*********


14-邀请好友助力-已完成0-未完成10

【京东账号2（jd_74a8d71c978d9）的闪购盲盒好友互助码】T0225KkcRxpI_QDQIUn9k_9efQCjVQmoaT5kRrbA

"Timeout awaiting 'request' for 10000ms"
闪购盲盒 API请求失败，请检查网路重试
助力已满员！谢谢你哦~
助力已满员！谢谢你哦~
助力已满员！谢谢你哦~
助力已满员！谢谢你哦~
"Timeout awaiting 'request' for 10000ms"
闪购盲盒 API请求失败，请检查网路重试

8-浏览商品任务-全部已完成

7-浏览并关注店铺-全部已完成

26-浏览并关注频道-全部已完成

9-浏览会场任务-全部已完成

开始抽奖
【京东账号2】jd_74a8d71c978d9
任务已完成，本次运行获得京豆0
由于您第3个京东账号未提供shareCode,将采纳本脚本自带的助力码

开始
第3个京东账号将要助力的好友["T019-aknAFRllhyoQlyI46gCjVQmoaT5kRrbA","T010_aU6SR8Q_QCjVQmoaT5kRrbA","T027Zm_olqSxIOtH97BATGmKoWraLawCjVQmoaT5kRrbA","T0225KkcRk1N_FeCJhv3xvdfcQCjVQmoaT5kRrbA"]

******开始【京东账号3】chao4596758*********


14-邀请好友助力-已完成0-未完成10

【京东账号3（chao4596758）的闪购盲盒好友互助码】T0157aUiHxoc_FLQJRICjVQmoaT5kRrbA

助力已满员！谢谢你哦~
助力已满员！谢谢你哦~
助力已满员！谢谢你哦~
助力已满员！谢谢你哦~

8-浏览商品任务-全部已完成

7-浏览并关注店铺-全部已完成

26-浏览并关注频道-全部已完成

9-浏览会场任务-全部已完成

开始抽奖
【京东账号3】chao4596758
任务已完成，本次运行获得京豆0
由于您第4个京东账号未提供shareCode,将采纳本脚本自带的助力码

开始
第4个京东账号将要助力的好友["T019-aknAFRllhyoQlyI46gCjVQmoaT5kRrbA","T010_aU6SR8Q_QCjVQmoaT5kRrbA","T027Zm_olqSxIOtH97BATGmKoWraLawCjVQmoaT5kRrbA","T0225KkcRk1N_FeCJhv3xvdfcQCjVQmoaT5kRrbA"]

******开始【京东账号4】jd_46df9eaa780aa*********


14-邀请好友助力-已完成0-未完成10

【京东账号4（jd_46df9eaa780aa）的闪购盲盒好友互助码】T0225KkcRBhNo12CcUvznPdbJQCjVQmoaT5kRrbA

助力已满员！谢谢你哦~
助力已满员！谢谢你哦~
"Timeout awaiting 'request' for 10000ms"
闪购盲盒 API请求失败，请检查网路重试
助力已满员！谢谢你哦~
助力已满员！谢谢你哦~

8-浏览商品任务-全部已完成

7-浏览并关注店铺-全部已完成

26-浏览并关注频道-全部已完成

9-浏览会场任务-全部已完成

开始抽奖
【京东账号4】jd_46df9eaa780aa
任务已完成，本次运行获得京豆0
由于您第5个京东账号未提供shareCode,将采纳本脚本自带的助力码

开始
第5个京东账号将要助力的好友["T019-aknAFRllhyoQlyI46gCjVQmoaT5kRrbA","T010_aU6SR8Q_QCjVQmoaT5kRrbA","T027Zm_olqSxIOtH97BATGmKoWraLawCjVQmoaT5kRrbA","T0225KkcRk1N_FeCJhv3xvdfcQCjVQmoaT5kRrbA"]

******开始【京东账号5】jd_157332zdf*********

"Timeout awaiting 'request' for 10000ms"
闪购盲盒 API请求失败，请检查网路重试

14-邀请好友助力-已完成0-未完成10

【京东账号5（jd_67f63c904d8c6）的闪购盲盒好友互助码】T0225KkcRhlP81eEKRrwwP9ZcgCjVQmoaT5kRrbA

助力已满员！谢谢你哦~
助力已满员！谢谢你哦~
助力已满员！谢谢你哦~
助力已满员！谢谢你哦~

8-浏览商品任务-全部已完成

7-浏览并关注店铺-全部已完成

26-浏览并关注频道-全部已完成

9-浏览会场任务-全部已完成

开始抽奖
【京东账号5】jd_157332zdf
任务已完成，本次运行获得京豆0

🔔闪购盲盒, 结束! 🕛 111.126 秒

"Timeout awaiting 'request' for 10000ms"
闪购盲盒 API请求失败，请检查网路重试
