
🔔闪购盲盒, 开始!

====================共5个京东账号Cookie=========

==================脚本执行- 北京时间(UTC+8)：7/2/2021, 8:51:16 AM=====================

开始获取闪购盲盒配置文件

共5个京东账号

您提供了0个账号的闪购盲盒助力码

由于您第1个京东账号未提供shareCode,将采纳本脚本自带的助力码

开始
第1个京东账号将要助力的好友["T019-aknAFRllhyoQlyI46gCjVQmoaT5kRrbA","T010_aU6SR8Q_QCjVQmoaT5kRrbA","T0225KkcRhcbp1CBJhv0wfZedQCjVQmoaT5kRrbA","T027Zm_olqSxIOtH97BATGmKoWraLawCjVQmoaT5kRrbA"]

******开始【京东账号1】15631692383_p*********


14-邀请好友助力-已完成0-未完成10

【京东账号1（15631692383_p）的闪购盲盒好友互助码】T018v_h1Qx8f_FbUKBmb1ACjVQmoaT5kRrbA

助力已满员！谢谢你哦~
助力已满员！谢谢你哦~
助力已满员！谢谢你哦~
助力已满员！谢谢你哦~

8-浏览商品任务-全部已完成

7-浏览并关注店铺-全部已完成

26-浏览并关注频道-全部已完成

9-浏览会场任务-全部已完成

开始抽奖
【京东账号1】15631692383_p
任务已完成，本次运行获得京豆0
由于您第2个京东账号未提供shareCode,将采纳本脚本自带的助力码

开始
第2个京东账号将要助力的好友["T019-aknAFRllhyoQlyI46gCjVQmoaT5kRrbA","T010_aU6SR8Q_QCjVQmoaT5kRrbA","T027Zm_olqSxIOtH97BATGmKoWraLawCjVQmoaT5kRrbA","T0225KkcRk1N_FeCJhv3xvdfcQCjVQmoaT5kRrbA"]

******开始【京东账号2】Ycp_Dream*********


14-邀请好友助力-已完成0-未完成10

【京东账号2（jd_74a8d71c978d9）的闪购盲盒好友互助码】T0225KkcRxpI_QDQIUn9k_9efQCjVQmoaT5kRrbA

助力已满员！谢谢你哦~
"Timeout awaiting 'request' for 10000ms"
闪购盲盒 API请求失败，请检查网路重试
助力已满员！谢谢你哦~
助力已满员！谢谢你哦~
助力已满员！谢谢你哦~

8-浏览商品任务-已完成0-未完成2

美乐（JoanMiro）拼图儿童男孩女孩早教益智开放进阶宝宝玩具纸质拼板拼图108片儿童礼物 【组合】超大块启蒙拼图60片恐龙+海底(2-3岁）
"Timeout awaiting 'request' for 10000ms"
闪购盲盒 API请求失败，请检查网路重试
success

优思顿适用于airpods保护套airpodspro耳机套挂件airpods2软苹果二代通用耳机盒k airpods pro【炫酷黑】挂钩支持无线
success

开始抽奖

开始抽奖

7-浏览并关注店铺-已完成0-未完成2

AXEL ARIGATO京东自营官方旗舰店
success

Benks京东自营旗舰店
success

开始抽奖

开始抽奖

26-浏览并关注频道-已完成0-未完成3

浏览并关注闪购频道
success

浏览并关注优惠日历
success

浏览并关注秒杀频道
success

开始抽奖

开始抽奖

开始抽奖

9-浏览会场任务-已完成0-未完成2

寻找你感兴趣的部落
success

浏览锦鲤红包
success

开始抽奖

开始抽奖
京豆:1

开始抽奖

==============📣系统通知📣==============
闪购盲盒
【京东账号2】Ycp_Dream
任务已完成，本次运行获得京豆1
【京东账号2】Ycp_Dream
任务已完成，本次运行获得京豆1
由于您第3个京东账号未提供shareCode,将采纳本脚本自带的助力码

开始
第3个京东账号将要助力的好友["T019-aknAFRllhyoQlyI46gCjVQmoaT5kRrbA","T010_aU6SR8Q_QCjVQmoaT5kRrbA","T027Zm_olqSxIOtH97BATGmKoWraLawCjVQmoaT5kRrbA","T0225KkcRk1N_FeCJhv3xvdfcQCjVQmoaT5kRrbA"]

******开始【京东账号3】jd_585601a83bd48*********


14-邀请好友助力-已完成0-未完成10

【京东账号3（chao4596758）的闪购盲盒好友互助码】T0157aUiHxoc_FLQJRICjVQmoaT5kRrbA

助力已满员！谢谢你哦~
助力已满员！谢谢你哦~
助力已满员！谢谢你哦~
助力已满员！谢谢你哦~

8-浏览商品任务-已完成0-未完成2

迪士尼 Disney 童装儿童男童短袖套装翻领棉质T恤polo衫上衣中短裤两件套2021夏 DB121UE23 炫目蓝 120
success

雀巢（Nestle）咖啡 1+2原味100条盒装三合一速溶咖啡粉特浓蓝山风味袋装1500g 冲调饮品 【惊喜价】【配5条随机咖啡】原味100条礼盒装
success

开始抽奖
京豆:1

开始抽奖

7-浏览并关注店铺-已完成0-未完成2

雅培血糖仪京东自营旗舰店
success

乐橙京东自营旗舰店
"Timeout awaiting 'request' for 10000ms"
闪购盲盒 API请求失败，请检查网路重试
success

开始抽奖

开始抽奖

26-浏览并关注频道-已完成0-未完成3

浏览并关注秒杀频道
success

浏览并关注闪购频道
success

浏览并关注优惠日历
success

开始抽奖

开始抽奖

开始抽奖
京豆:1

9-浏览会场任务-已完成0-未完成2

浏览锦鲤红包
success

寻找你感兴趣的部落
success

开始抽奖

开始抽奖

开始抽奖

==============📣系统通知📣==============
闪购盲盒
【京东账号3】jd_585601a83bd48
任务已完成，本次运行获得京豆2
【京东账号3】jd_585601a83bd48
任务已完成，本次运行获得京豆2
由于您第4个京东账号未提供shareCode,将采纳本脚本自带的助力码

开始
第4个京东账号将要助力的好友["T019-aknAFRllhyoQlyI46gCjVQmoaT5kRrbA","T010_aU6SR8Q_QCjVQmoaT5kRrbA","T027Zm_olqSxIOtH97BATGmKoWraLawCjVQmoaT5kRrbA","T0225KkcRk1N_FeCJhv3xvdfcQCjVQmoaT5kRrbA"]

******开始【京东账号4】jd_157332ewky*********


14-邀请好友助力-已完成0-未完成10

【京东账号4（jd_46df9eaa780aa）的闪购盲盒好友互助码】T0225KkcRBhNo12CcUvznPdbJQCjVQmoaT5kRrbA

助力已满员！谢谢你哦~
助力已满员！谢谢你哦~
助力已满员！谢谢你哦~
助力已满员！谢谢你哦~

8-浏览商品任务-已完成0-未完成2

李宁童装儿童运动短裤2021年夏款男童透气速干简约时尚运动短裤YKSR133-3深空蓝170
success

Tata他她春商场同款牛皮革商务正装德比鞋男单鞋QBI01AM0 黑色 40
success

开始抽奖

开始抽奖

7-浏览并关注店铺-已完成0-未完成2

褚小二（CHUXIAOER）京东自营旗舰店
success

森森京东自营旗舰店
"Timeout awaiting 'request' for 10000ms"
闪购盲盒 API请求失败，请检查网路重试
success

开始抽奖

开始抽奖

26-浏览并关注频道-已完成0-未完成3

浏览并关注闪购频道
success

浏览并关注优惠日历
success

浏览并关注秒杀频道
success

开始抽奖

开始抽奖

开始抽奖

9-浏览会场任务-已完成0-未完成2

寻找你感兴趣的部落
success

浏览锦鲤红包
success

开始抽奖

开始抽奖

开始抽奖
【京东账号4】jd_157332ewky
任务已完成，本次运行获得京豆0
由于您第5个京东账号未提供shareCode,将采纳本脚本自带的助力码

开始
第5个京东账号将要助力的好友["T019-aknAFRllhyoQlyI46gCjVQmoaT5kRrbA","T010_aU6SR8Q_QCjVQmoaT5kRrbA","T027Zm_olqSxIOtH97BATGmKoWraLawCjVQmoaT5kRrbA","T0225KkcRk1N_FeCJhv3xvdfcQCjVQmoaT5kRrbA"]

******开始【京东账号5】jd_157332zdf*********


14-邀请好友助力-已完成0-未完成10

【京东账号5（jd_67f63c904d8c6）的闪购盲盒好友互助码】T0225KkcRhlP81eEKRrwwP9ZcgCjVQmoaT5kRrbA

助力已满员！谢谢你哦~
助力已满员！谢谢你哦~
助力已满员！谢谢你哦~
助力已满员！谢谢你哦~

8-浏览商品任务-已完成0-未完成2

博典 芯三层实木复合地板家用 E0地热地暖实木复合木地板 工厂批发 工程定制 来样定制 BD678
success

希捷（Seagate） 睿翼/睿品/铭 2.5英寸USB移动硬盘 （数据救援）新睿翼 黑色 2T
success

开始抽奖
京豆:1

开始抽奖
京豆:1

7-浏览并关注店铺-已完成0-未完成2

呀啦嗦京东自营旗舰店
success

坚果投影京东自营官方旗舰店
"Timeout awaiting 'request' for 10000ms"
闪购盲盒 API请求失败，请检查网路重试
success

开始抽奖

开始抽奖

26-浏览并关注频道-已完成0-未完成3

浏览并关注秒杀频道
success

浏览并关注闪购频道
success

浏览并关注优惠日历
success

开始抽奖

开始抽奖

开始抽奖

9-浏览会场任务-已完成0-未完成2

寻找你感兴趣的部落
success

浏览锦鲤红包
success

开始抽奖

开始抽奖

开始抽奖

==============📣系统通知📣==============
闪购盲盒
【京东账号5】jd_157332zdf
任务已完成，本次运行获得京豆2
【京东账号5】jd_157332zdf
任务已完成，本次运行获得京豆2

🔔闪购盲盒, 结束! 🕛 262.983 秒

