
🔔宠汪汪积分兑换奖品, 开始!

====================共4个京东账号Cookie=========

==================脚本执行- 北京时间(UTC+8)：7/1/2021, 8:00:02 AM=====================

"getaddrinfo ENOTFOUND wq.jd.com"
宠汪汪积分兑换奖品 API请求失败，请检查网路重试

*****开始【京东账号1】15631692383_p****

脚本开始请求时间 2021-07-01 08:00:18 | 10
"getaddrinfo ENOTFOUND jdjoy.jd.com"
宠汪汪积分兑换奖品 API请求失败，请检查网路重试
宠汪汪积分兑换奖品getExchangeRewards异常,undefined
"getaddrinfo ENOTFOUND wq.jd.com"
宠汪汪积分兑换奖品 API请求失败，请检查网路重试

*****开始【京东账号2】jd_74a8d71c978d9****

脚本开始请求时间 2021-07-01 08:00:46 | 308
"getaddrinfo ENOTFOUND jdjoy.jd.com"
宠汪汪积分兑换奖品 API请求失败，请检查网路重试
宠汪汪积分兑换奖品getExchangeRewards异常,undefined
"getaddrinfo ENOTFOUND wq.jd.com"
宠汪汪积分兑换奖品 API请求失败，请检查网路重试

*****开始【京东账号3】chao4596758****

脚本开始请求时间 2021-07-01 08:01:39 | 521
"getaddrinfo ENOTFOUND jdjoy.jd.com"
宠汪汪积分兑换奖品 API请求失败，请检查网路重试
宠汪汪积分兑换奖品getExchangeRewards异常,undefined
"getaddrinfo ENOTFOUND wq.jd.com"
宠汪汪积分兑换奖品 API请求失败，请检查网路重试

*****开始【京东账号4】jd_46df9eaa780aa****

脚本开始请求时间 2021-07-01 08:02:22 | 690
"getaddrinfo ENOTFOUND jdjoy.jd.com"
宠汪汪积分兑换奖品 API请求失败，请检查网路重试
宠汪汪积分兑换奖品getExchangeRewards异常,undefined

🔔宠汪汪积分兑换奖品, 结束! 🕛 173.169 秒

