   æ´»åŠ¨è„šæœ¬ç›®å½•ï¼š/opt/jd/scripts

   å½“å‰ç³»ç»Ÿæ—¶é—´ï¼š2021-06-17 12:58

+-----------------------------------------------------------+

æ›´æ–° JD-FreeFuck é¡¹ç›®è„šæœ¬ï¼š

Fetching origin
fatal: could not read Username for 'https://gitee.com': No such device or address
error: Could not fetch origin
HEAD is now at 0755315 Update auth.html

æ›´æ–° lxk0301 æ´»åŠ¨è„šæœ¬ï¼š

Fetching origin
Access deined: [31mDeployKey not enabled[0m
fatal: Could not read from remote repository.

Please make sure you have the correct access rights
and the repository exists.
error: Could not fetch origin
HEAD is now at 98d0f38 å»¶è¿Ÿ10ç§’,å°è¯•ä¿®æ”¹å‚å›¢é—®é¢˜

+----------------------- éƒ‘ é‡ æ é†’ -----------------------+

  æœ¬é¡¹ç›®å¼€æºå…è´¹ä½¿ç”¨ï¼Œå¹¶ä¸”ä¸å¯åˆ†äº«åœ¨å›½å†…çš„ä»»ä½•åª’ä½“ä¸ç½‘ç«™ä¸Šï¼

  å¦‚æœåœ¨å…¶å®ƒåœ°æ–¹å‘ç°ä»¥ä»˜è´¹çš„å½¢å¼ä¼ æ’­ä¸ä½¿ç”¨è¯·ä¸¾æŠ¥å¹¶å‘æˆ‘åé¦ˆï¼

  è¿‘æœŸå‘ç°æœ‰äººé€šè¿‡æœ¬é¡¹ç›®å’Œæ´»åŠ¨è„šæœ¬éæ³•ç‰Ÿåˆ©ï¼Œå·²æ”¶é›†ç›¸å…³è¯æ®ï¼

  è¯·åœæ­¢ä½ çš„è¿æ³•è¡Œä¸ºï¼Œç«‹å³ä»å’¸é±¼ç­‰å›½å†…å¹³å°ä¸Šä¸‹æ¶ï¼Œå¥½è‡ªä¸ºä¹‹ï¼

+-----------------------------------------------------------+

[31mæ´»åŠ¨è„šæœ¬æ›´æ–°å¤±è´¥ï¼Œè¯·æ£€æŸ¥åŸå› æˆ–å†æ¬¡è¿è¡Œ git_pull.sh ......[0m

+----------------- å¼€ å§‹ æ‰§ è¡Œ æ›´ æ–° è„š æœ¬ -----------------+

   æ´»åŠ¨è„šæœ¬ç›®å½•ï¼š/opt/jd/scripts

   å½“å‰ç³»ç»Ÿæ—¶é—´ï¼š2021-06-18 12:58

+-----------------------------------------------------------+

æ›´æ–° JD-FreeFuck é¡¹ç›®è„šæœ¬ï¼š

Fetching origin
fatal: could not read Username for 'https://gitee.com': No such device or address
error: Could not fetch origin
HEAD is now at 0755315 Update auth.html

æ›´æ–° lxk0301 æ´»åŠ¨è„šæœ¬ï¼š

Fetching origin
Access deined: [31mDeployKey not enabled[0m
fatal: Could not read from remote repository.

Please make sure you have the correct access rights
and the repository exists.
error: Could not fetch origin
HEAD is now at 98d0f38 å»¶è¿Ÿ10ç§’,å°è¯•ä¿®æ”¹å‚å›¢é—®é¢˜

+----------------------- éƒ‘ é‡ æ é†’ -----------------------+

  æœ¬é¡¹ç›®å¼€æºå…è´¹ä½¿ç”¨ï¼Œå¹¶ä¸”ä¸å¯åˆ†äº«åœ¨å›½å†…çš„ä»»ä½•åª’ä½“ä¸ç½‘ç«™ä¸Šï¼

  å¦‚æœåœ¨å…¶å®ƒåœ°æ–¹å‘ç°ä»¥ä»˜è´¹çš„å½¢å¼ä¼ æ’­ä¸ä½¿ç”¨è¯·ä¸¾æŠ¥å¹¶å‘æˆ‘åé¦ˆï¼

  è¿‘æœŸå‘ç°æœ‰äººé€šè¿‡æœ¬é¡¹ç›®å’Œæ´»åŠ¨è„šæœ¬éæ³•ç‰Ÿåˆ©ï¼Œå·²æ”¶é›†ç›¸å…³è¯æ®ï¼

  è¯·åœæ­¢ä½ çš„è¿æ³•è¡Œä¸ºï¼Œç«‹å³ä»å’¸é±¼ç­‰å›½å†…å¹³å°ä¸Šä¸‹æ¶ï¼Œå¥½è‡ªä¸ºä¹‹ï¼

+-----------------------------------------------------------+

[31mæ´»åŠ¨è„šæœ¬æ›´æ–°å¤±è´¥ï¼Œè¯·æ£€æŸ¥åŸå› æˆ–å†æ¬¡è¿è¡Œ git_pull.sh ......[0m

+----------------- å¼€ å§‹ æ‰§ è¡Œ æ›´ æ–° è„š æœ¬ -----------------+

   æ´»åŠ¨è„šæœ¬ç›®å½•ï¼š/opt/jd/scripts

   å½“å‰ç³»ç»Ÿæ—¶é—´ï¼š2021-06-24 12:58

+-----------------------------------------------------------+

æ›´æ–° JD-FreeFuck é¡¹ç›®è„šæœ¬ï¼š

Fetching origin
fatal: could not read Username for 'https://gitee.com': No such device or address
error: Could not fetch origin
HEAD is now at 0755315 Update auth.html

æ›´æ–° lxk0301 æ´»åŠ¨è„šæœ¬ï¼š

Fetching origin
Access deined: [31mDeployKey not enabled[0m
fatal: Could not read from remote repository.

Please make sure you have the correct access rights
and the repository exists.
error: Could not fetch origin
HEAD is now at 98d0f38 å»¶è¿Ÿ10ç§’,å°è¯•ä¿®æ”¹å‚å›¢é—®é¢˜

+----------------------- éƒ‘ é‡ æ é†’ -----------------------+

  æœ¬é¡¹ç›®å¼€æºå…è´¹ä½¿ç”¨ï¼Œå¹¶ä¸”ä¸å¯åˆ†äº«åœ¨å›½å†…çš„ä»»ä½•åª’ä½“ä¸ç½‘ç«™ä¸Šï¼

  å¦‚æœåœ¨å…¶å®ƒåœ°æ–¹å‘ç°ä»¥ä»˜è´¹çš„å½¢å¼ä¼ æ’­ä¸ä½¿ç”¨è¯·ä¸¾æŠ¥å¹¶å‘æˆ‘åé¦ˆï¼

  è¿‘æœŸå‘ç°æœ‰äººé€šè¿‡æœ¬é¡¹ç›®å’Œæ´»åŠ¨è„šæœ¬éæ³•ç‰Ÿåˆ©ï¼Œå·²æ”¶é›†ç›¸å…³è¯æ®ï¼

  è¯·åœæ­¢ä½ çš„è¿æ³•è¡Œä¸ºï¼Œç«‹å³ä»å’¸é±¼ç­‰å›½å†…å¹³å°ä¸Šä¸‹æ¶ï¼Œå¥½è‡ªä¸ºä¹‹ï¼

+-----------------------------------------------------------+

[31mæ´»åŠ¨è„šæœ¬æ›´æ–°å¤±è´¥ï¼Œè¯·æ£€æŸ¥åŸå› æˆ–å†æ¬¡è¿è¡Œ git_pull.sh ......[0m

+----------------- å¼€ å§‹ æ‰§ è¡Œ æ›´ æ–° è„š æœ¬ -----------------+

   æ´»åŠ¨è„šæœ¬ç›®å½•ï¼š/opt/jd/scripts

   å½“å‰ç³»ç»Ÿæ—¶é—´ï¼š2021-06-26 14:58

+-----------------------------------------------------------+

æ›´æ–° JD-FreeFuck é¡¹ç›®è„šæœ¬ï¼š

Fetching origin
fatal: could not read Username for 'https://gitee.com': No such device or address
error: Could not fetch origin
HEAD is now at 0755315 Update auth.html

æ›´æ–° lxk0301 æ´»åŠ¨è„šæœ¬ï¼š

Fetching origin
Access deined: [31mDeployKey not enabled[0m
fatal: Could not read from remote repository.

Please make sure you have the correct access rights
and the repository exists.
error: Could not fetch origin
HEAD is now at 98d0f38 å»¶è¿Ÿ10ç§’,å°è¯•ä¿®æ”¹å‚å›¢é—®é¢˜

+----------------------- éƒ‘ é‡ æ é†’ -----------------------+

  æœ¬é¡¹ç›®å¼€æºå…è´¹ä½¿ç”¨ï¼Œå¹¶ä¸”ä¸å¯åˆ†äº«åœ¨å›½å†…çš„ä»»ä½•åª’ä½“ä¸ç½‘ç«™ä¸Šï¼

  å¦‚æœåœ¨å…¶å®ƒåœ°æ–¹å‘ç°ä»¥ä»˜è´¹çš„å½¢å¼ä¼ æ’­ä¸ä½¿ç”¨è¯·ä¸¾æŠ¥å¹¶å‘æˆ‘åé¦ˆï¼

  è¿‘æœŸå‘ç°æœ‰äººé€šè¿‡æœ¬é¡¹ç›®å’Œæ´»åŠ¨è„šæœ¬éæ³•ç‰Ÿåˆ©ï¼Œå·²æ”¶é›†ç›¸å…³è¯æ®ï¼

  è¯·åœæ­¢ä½ çš„è¿æ³•è¡Œä¸ºï¼Œç«‹å³ä»å’¸é±¼ç­‰å›½å†…å¹³å°ä¸Šä¸‹æ¶ï¼Œå¥½è‡ªä¸ºä¹‹ï¼

+-----------------------------------------------------------+

[31mæ´»åŠ¨è„šæœ¬æ›´æ–°å¤±è´¥ï¼Œè¯·æ£€æŸ¥åŸå› æˆ–å†æ¬¡è¿è¡Œ git_pull.sh ......[0m

+----------------- å¼€ å§‹ æ‰§ è¡Œ æ›´ æ–° è„š æœ¬ -----------------+

   æ´»åŠ¨è„šæœ¬ç›®å½•ï¼š/opt/jd/scripts

   å½“å‰ç³»ç»Ÿæ—¶é—´ï¼š2021-06-30 10:58

+-----------------------------------------------------------+

æ›´æ–° JD-FreeFuck é¡¹ç›®è„šæœ¬ï¼š

Fetching origin
fatal: could not read Username for 'https://gitee.com': No such device or address
error: Could not fetch origin
HEAD is now at 0755315 Update auth.html

æ›´æ–° lxk0301 æ´»åŠ¨è„šæœ¬ï¼š

Fetching origin
Access deined: [31mDeployKey not found from project or not enabled[0m
fatal: Could not read from remote repository.

Please make sure you have the correct access rights
and the repository exists.
error: Could not fetch origin
HEAD is now at 98d0f38 å»¶è¿Ÿ10ç§’,å°è¯•ä¿®æ”¹å‚å›¢é—®é¢˜

+----------------------- éƒ‘ é‡ æ é†’ -----------------------+

  æœ¬é¡¹ç›®å¼€æºå…è´¹ä½¿ç”¨ï¼Œå¹¶ä¸”ä¸å¯åˆ†äº«åœ¨å›½å†…çš„ä»»ä½•åª’ä½“ä¸ç½‘ç«™ä¸Šï¼

  å¦‚æœåœ¨å…¶å®ƒåœ°æ–¹å‘ç°ä»¥ä»˜è´¹çš„å½¢å¼ä¼ æ’­ä¸ä½¿ç”¨è¯·ä¸¾æŠ¥å¹¶å‘æˆ‘åé¦ˆï¼

  è¿‘æœŸå‘ç°æœ‰äººé€šè¿‡æœ¬é¡¹ç›®å’Œæ´»åŠ¨è„šæœ¬éæ³•ç‰Ÿåˆ©ï¼Œå·²æ”¶é›†ç›¸å…³è¯æ®ï¼

  è¯·åœæ­¢ä½ çš„è¿æ³•è¡Œä¸ºï¼Œç«‹å³ä»å’¸é±¼ç­‰å›½å†…å¹³å°ä¸Šä¸‹æ¶ï¼Œå¥½è‡ªä¸ºä¹‹ï¼

+-----------------------------------------------------------+

[31mæ´»åŠ¨è„šæœ¬æ›´æ–°å¤±è´¥ï¼Œè¯·æ£€æŸ¥åŸå› æˆ–å†æ¬¡è¿è¡Œ git_pull.sh ......[0m

+----------------- å¼€ å§‹ æ‰§ è¡Œ æ›´ æ–° è„š æœ¬ -----------------+

   æ´»åŠ¨è„šæœ¬ç›®å½•ï¼š/opt/jd/scripts

   å½“å‰ç³»ç»Ÿæ—¶é—´ï¼š2021-06-30 12:58

+-----------------------------------------------------------+

æ›´æ–° JD-FreeFuck é¡¹ç›®è„šæœ¬ï¼š

Fetching origin
fatal: could not read Username for 'https://gitee.com': No such device or address
error: Could not fetch origin
HEAD is now at 0755315 Update auth.html

æ›´æ–° lxk0301 æ´»åŠ¨è„šæœ¬ï¼š

Fetching origin
Access deined: [31mDeployKey not found from project or not enabled[0m
fatal: Could not read from remote repository.

Please make sure you have the correct access rights
and the repository exists.
error: Could not fetch origin
HEAD is now at 98d0f38 å»¶è¿Ÿ10ç§’,å°è¯•ä¿®æ”¹å‚å›¢é—®é¢˜

+----------------------- éƒ‘ é‡ æ é†’ -----------------------+

  æœ¬é¡¹ç›®å¼€æºå…è´¹ä½¿ç”¨ï¼Œå¹¶ä¸”ä¸å¯åˆ†äº«åœ¨å›½å†…çš„ä»»ä½•åª’ä½“ä¸ç½‘ç«™ä¸Šï¼

  å¦‚æœåœ¨å…¶å®ƒåœ°æ–¹å‘ç°ä»¥ä»˜è´¹çš„å½¢å¼ä¼ æ’­ä¸ä½¿ç”¨è¯·ä¸¾æŠ¥å¹¶å‘æˆ‘åé¦ˆï¼

  è¿‘æœŸå‘ç°æœ‰äººé€šè¿‡æœ¬é¡¹ç›®å’Œæ´»åŠ¨è„šæœ¬éæ³•ç‰Ÿåˆ©ï¼Œå·²æ”¶é›†ç›¸å…³è¯æ®ï¼

  è¯·åœæ­¢ä½ çš„è¿æ³•è¡Œä¸ºï¼Œç«‹å³ä»å’¸é±¼ç­‰å›½å†…å¹³å°ä¸Šä¸‹æ¶ï¼Œå¥½è‡ªä¸ºä¹‹ï¼

+-----------------------------------------------------------+

[31mæ´»åŠ¨è„šæœ¬æ›´æ–°å¤±è´¥ï¼Œè¯·æ£€æŸ¥åŸå› æˆ–å†æ¬¡è¿è¡Œ git_pull.sh ......[0m

+----------------- å¼€ å§‹ æ‰§ è¡Œ æ›´ æ–° è„š æœ¬ -----------------+

   æ´»åŠ¨è„šæœ¬ç›®å½•ï¼š/opt/jd/scripts

   å½“å‰ç³»ç»Ÿæ—¶é—´ï¼š2021-06-30 14:58

+-----------------------------------------------------------+

æ›´æ–° JD-FreeFuck é¡¹ç›®è„šæœ¬ï¼š

Fetching origin
fatal: could not read Username for 'https://gitee.com': No such device or address
error: Could not fetch origin
HEAD is now at 0755315 Update auth.html

æ›´æ–° lxk0301 æ´»åŠ¨è„šæœ¬ï¼š

Fetching origin
Access deined: [31mDeployKey not found from project or not enabled[0m
fatal: Could not read from remote repository.

Please make sure you have the correct access rights
and the repository exists.
error: Could not fetch origin
HEAD is now at 98d0f38 å»¶è¿Ÿ10ç§’,å°è¯•ä¿®æ”¹å‚å›¢é—®é¢˜

+----------------------- éƒ‘ é‡ æ é†’ -----------------------+

  æœ¬é¡¹ç›®å¼€æºå…è´¹ä½¿ç”¨ï¼Œå¹¶ä¸”ä¸å¯åˆ†äº«åœ¨å›½å†…çš„ä»»ä½•åª’ä½“ä¸ç½‘ç«™ä¸Šï¼

  å¦‚æœåœ¨å…¶å®ƒåœ°æ–¹å‘ç°ä»¥ä»˜è´¹çš„å½¢å¼ä¼ æ’­ä¸ä½¿ç”¨è¯·ä¸¾æŠ¥å¹¶å‘æˆ‘åé¦ˆï¼

  è¿‘æœŸå‘ç°æœ‰äººé€šè¿‡æœ¬é¡¹ç›®å’Œæ´»åŠ¨è„šæœ¬éæ³•ç‰Ÿåˆ©ï¼Œå·²æ”¶é›†ç›¸å…³è¯æ®ï¼

  è¯·åœæ­¢ä½ çš„è¿æ³•è¡Œä¸ºï¼Œç«‹å³ä»å’¸é±¼ç­‰å›½å†…å¹³å°ä¸Šä¸‹æ¶ï¼Œå¥½è‡ªä¸ºä¹‹ï¼

+-----------------------------------------------------------+

[31mæ´»åŠ¨è„šæœ¬æ›´æ–°å¤±è´¥ï¼Œè¯·æ£€æŸ¥åŸå› æˆ–å†æ¬¡è¿è¡Œ git_pull.sh ......[0m

+----------------- å¼€ å§‹ æ‰§ è¡Œ æ›´ æ–° è„š æœ¬ -----------------+

   æ´»åŠ¨è„šæœ¬ç›®å½•ï¼š/opt/jd/scripts

   å½“å‰ç³»ç»Ÿæ—¶é—´ï¼š2021-07-01 03:15

+-----------------------------------------------------------+

æ›´æ–° JD-FreeFuck é¡¹ç›®è„šæœ¬ï¼š

Fetching origin
fatal: unable to access 'https://gitee.com/SuperManito/JD-FreeFuck.git/': Could not resolve host: gitee.com; Unknown error
error: Could not fetch origin
HEAD is now at 0755315 Update auth.html

æ›´æ–° lxk0301 æ´»åŠ¨è„šæœ¬ï¼š

Fetching origin
ssh: Could not resolve hostname gitee.com: Name or service not known
fatal: Could not read from remote repository.

Please make sure you have the correct access rights
and the repository exists.
error: Could not fetch origin
HEAD is now at 98d0f38 å»¶è¿Ÿ10ç§’,å°è¯•ä¿®æ”¹å‚å›¢é—®é¢˜

+----------------------- éƒ‘ é‡ æ é†’ -----------------------+

  æœ¬é¡¹ç›®å¼€æºå…è´¹ä½¿ç”¨ï¼Œå¹¶ä¸”ä¸å¯åˆ†äº«åœ¨å›½å†…çš„ä»»ä½•åª’ä½“ä¸ç½‘ç«™ä¸Šï¼

  å¦‚æœåœ¨å…¶å®ƒåœ°æ–¹å‘ç°ä»¥ä»˜è´¹çš„å½¢å¼ä¼ æ’­ä¸ä½¿ç”¨è¯·ä¸¾æŠ¥å¹¶å‘æˆ‘åé¦ˆï¼

  è¿‘æœŸå‘ç°æœ‰äººé€šè¿‡æœ¬é¡¹ç›®å’Œæ´»åŠ¨è„šæœ¬éæ³•ç‰Ÿåˆ©ï¼Œå·²æ”¶é›†ç›¸å…³è¯æ®ï¼

  è¯·åœæ­¢ä½ çš„è¿æ³•è¡Œä¸ºï¼Œç«‹å³ä»å’¸é±¼ç­‰å›½å†…å¹³å°ä¸Šä¸‹æ¶ï¼Œå¥½è‡ªä¸ºä¹‹ï¼

+-----------------------------------------------------------+

[31mæ´»åŠ¨è„šæœ¬æ›´æ–°å¤±è´¥ï¼Œè¯·æ£€æŸ¥åŸå› æˆ–å†æ¬¡è¿è¡Œ git_pull.sh ......[0m

+----------------- å¼€ å§‹ æ‰§ è¡Œ æ›´ æ–° è„š æœ¬ -----------------+

   æ´»åŠ¨è„šæœ¬ç›®å½•ï¼š/opt/jd/scripts

   å½“å‰ç³»ç»Ÿæ—¶é—´ï¼š2021-07-02 10:58

+-----------------------------------------------------------+

æ›´æ–° JD-FreeFuck é¡¹ç›®è„šæœ¬ï¼š

Fetching origin
fatal: could not read Username for 'https://gitee.com': No such device or address
error: Could not fetch origin
HEAD is now at 0755315 Update auth.html

æ›´æ–° lxk0301 æ´»åŠ¨è„šæœ¬ï¼š

Fetching origin
Access deined: [31mDeployKey not found from project or not enabled[0m
fatal: Could not read from remote repository.

Please make sure you have the correct access rights
and the repository exists.
error: Could not fetch origin
HEAD is now at 98d0f38 å»¶è¿Ÿ10ç§’,å°è¯•ä¿®æ”¹å‚å›¢é—®é¢˜

+----------------------- éƒ‘ é‡ æ é†’ -----------------------+

  æœ¬é¡¹ç›®å¼€æºå…è´¹ä½¿ç”¨ï¼Œå¹¶ä¸”ä¸å¯åˆ†äº«åœ¨å›½å†…çš„ä»»ä½•åª’ä½“ä¸ç½‘ç«™ä¸Šï¼

  å¦‚æœåœ¨å…¶å®ƒåœ°æ–¹å‘ç°ä»¥ä»˜è´¹çš„å½¢å¼ä¼ æ’­ä¸ä½¿ç”¨è¯·ä¸¾æŠ¥å¹¶å‘æˆ‘åé¦ˆï¼

  è¿‘æœŸå‘ç°æœ‰äººé€šè¿‡æœ¬é¡¹ç›®å’Œæ´»åŠ¨è„šæœ¬éæ³•ç‰Ÿåˆ©ï¼Œå·²æ”¶é›†ç›¸å…³è¯æ®ï¼

  è¯·åœæ­¢ä½ çš„è¿æ³•è¡Œä¸ºï¼Œç«‹å³ä»å’¸é±¼ç­‰å›½å†…å¹³å°ä¸Šä¸‹æ¶ï¼Œå¥½è‡ªä¸ºä¹‹ï¼

+-----------------------------------------------------------+

[31mæ´»åŠ¨è„šæœ¬æ›´æ–°å¤±è´¥ï¼Œè¯·æ£€æŸ¥åŸå› æˆ–å†æ¬¡è¿è¡Œ git_pull.sh ......[0m

+----------------- å¼€ å§‹ æ‰§ è¡Œ æ›´ æ–° è„š æœ¬ -----------------+

   æ´»åŠ¨è„šæœ¬ç›®å½•ï¼š/opt/jd/scripts

   å½“å‰ç³»ç»Ÿæ—¶é—´ï¼š2021-07-02 12:58

+-----------------------------------------------------------+

æ›´æ–° JD-FreeFuck é¡¹ç›®è„šæœ¬ï¼š

Fetching origin
fatal: could not read Username for 'https://gitee.com': No such device or address
error: Could not fetch origin
HEAD is now at 0755315 Update auth.html

æ›´æ–° lxk0301 æ´»åŠ¨è„šæœ¬ï¼š

Fetching origin
Access deined: [31mDeployKey not found from project or not enabled[0m
fatal: Could not read from remote repository.

Please make sure you have the correct access rights
and the repository exists.
error: Could not fetch origin
HEAD is now at 98d0f38 å»¶è¿Ÿ10ç§’,å°è¯•ä¿®æ”¹å‚å›¢é—®é¢˜

+----------------------- éƒ‘ é‡ æ é†’ -----------------------+

  æœ¬é¡¹ç›®å¼€æºå…è´¹ä½¿ç”¨ï¼Œå¹¶ä¸”ä¸å¯åˆ†äº«åœ¨å›½å†…çš„ä»»ä½•åª’ä½“ä¸ç½‘ç«™ä¸Šï¼

  å¦‚æœåœ¨å…¶å®ƒåœ°æ–¹å‘ç°ä»¥ä»˜è´¹çš„å½¢å¼ä¼ æ’­ä¸ä½¿ç”¨è¯·ä¸¾æŠ¥å¹¶å‘æˆ‘åé¦ˆï¼

  è¿‘æœŸå‘ç°æœ‰äººé€šè¿‡æœ¬é¡¹ç›®å’Œæ´»åŠ¨è„šæœ¬éæ³•ç‰Ÿåˆ©ï¼Œå·²æ”¶é›†ç›¸å…³è¯æ®ï¼

  è¯·åœæ­¢ä½ çš„è¿æ³•è¡Œä¸ºï¼Œç«‹å³ä»å’¸é±¼ç­‰å›½å†…å¹³å°ä¸Šä¸‹æ¶ï¼Œå¥½è‡ªä¸ºä¹‹ï¼

+-----------------------------------------------------------+

[31mæ´»åŠ¨è„šæœ¬æ›´æ–°å¤±è´¥ï¼Œè¯·æ£€æŸ¥åŸå› æˆ–å†æ¬¡è¿è¡Œ git_pull.sh ......[0m

+----------------- å¼€ å§‹ æ‰§ è¡Œ æ›´ æ–° è„š æœ¬ -----------------+

   æ´»åŠ¨è„šæœ¬ç›®å½•ï¼š/opt/jd/scripts

   å½“å‰ç³»ç»Ÿæ—¶é—´ï¼š2021-07-02 14:58

+-----------------------------------------------------------+

æ›´æ–° JD-FreeFuck é¡¹ç›®è„šæœ¬ï¼š

Fetching origin
fatal: could not read Username for 'https://gitee.com': No such device or address
error: Could not fetch origin
HEAD is now at 0755315 Update auth.html

æ›´æ–° lxk0301 æ´»åŠ¨è„šæœ¬ï¼š

Fetching origin
Access deined: [31mDeployKey not found from project or not enabled[0m
fatal: Could not read from remote repository.

Please make sure you have the correct access rights
and the repository exists.
error: Could not fetch origin
HEAD is now at 98d0f38 å»¶è¿Ÿ10ç§’,å°è¯•ä¿®æ”¹å‚å›¢é—®é¢˜

+----------------------- éƒ‘ é‡ æ é†’ -----------------------+

  æœ¬é¡¹ç›®å¼€æºå…è´¹ä½¿ç”¨ï¼Œå¹¶ä¸”ä¸å¯åˆ†äº«åœ¨å›½å†…çš„ä»»ä½•åª’ä½“ä¸ç½‘ç«™ä¸Šï¼

  å¦‚æœåœ¨å…¶å®ƒåœ°æ–¹å‘ç°ä»¥ä»˜è´¹çš„å½¢å¼ä¼ æ’­ä¸ä½¿ç”¨è¯·ä¸¾æŠ¥å¹¶å‘æˆ‘åé¦ˆï¼

  è¿‘æœŸå‘ç°æœ‰äººé€šè¿‡æœ¬é¡¹ç›®å’Œæ´»åŠ¨è„šæœ¬éæ³•ç‰Ÿåˆ©ï¼Œå·²æ”¶é›†ç›¸å…³è¯æ®ï¼

  è¯·åœæ­¢ä½ çš„è¿æ³•è¡Œä¸ºï¼Œç«‹å³ä»å’¸é±¼ç­‰å›½å†…å¹³å°ä¸Šä¸‹æ¶ï¼Œå¥½è‡ªä¸ºä¹‹ï¼

+-----------------------------------------------------------+

[31mæ´»åŠ¨è„šæœ¬æ›´æ–°å¤±è´¥ï¼Œè¯·æ£€æŸ¥åŸå› æˆ–å†æ¬¡è¿è¡Œ git_pull.sh ......[0m

+----------------- å¼€ å§‹ æ‰§ è¡Œ æ›´ æ–° è„š æœ¬ -----------------+

   æ´»åŠ¨è„šæœ¬ç›®å½•ï¼š/opt/jd/scripts

   å½“å‰ç³»ç»Ÿæ—¶é—´ï¼š2021-07-02 19:29

+-----------------------------------------------------------+

æ›´æ–° JD-FreeFuck é¡¹ç›®è„šæœ¬ï¼š

Fetching origin
fatal: unable to access 'https://gitee.com/SuperManito/JD-FreeFuck.git/': Could not resolve host: gitee.com; Unknown error
error: Could not fetch origin
HEAD is now at 0755315 Update auth.html

æ›´æ–° lxk0301 æ´»åŠ¨è„šæœ¬ï¼š

Fetching origin
ssh: Could not resolve hostname gitee.com: Name or service not known
fatal: Could not read from remote repository.

Please make sure you have the correct access rights
and the repository exists.
error: Could not fetch origin
HEAD is now at 98d0f38 å»¶è¿Ÿ10ç§’,å°è¯•ä¿®æ”¹å‚å›¢é—®é¢˜

+----------------------- éƒ‘ é‡ æ é†’ -----------------------+

  æœ¬é¡¹ç›®å¼€æºå…è´¹ä½¿ç”¨ï¼Œå¹¶ä¸”ä¸å¯åˆ†äº«åœ¨å›½å†…çš„ä»»ä½•åª’ä½“ä¸ç½‘ç«™ä¸Šï¼

  å¦‚æœåœ¨å…¶å®ƒåœ°æ–¹å‘ç°ä»¥ä»˜è´¹çš„å½¢å¼ä¼ æ’­ä¸ä½¿ç”¨è¯·ä¸¾æŠ¥å¹¶å‘æˆ‘åé¦ˆï¼

  è¿‘æœŸå‘ç°æœ‰äººé€šè¿‡æœ¬é¡¹ç›®å’Œæ´»åŠ¨è„šæœ¬éæ³•ç‰Ÿåˆ©ï¼Œå·²æ”¶é›†ç›¸å…³è¯æ®ï¼

  è¯·åœæ­¢ä½ çš„è¿æ³•è¡Œä¸ºï¼Œç«‹å³ä»å’¸é±¼ç­‰å›½å†…å¹³å°ä¸Šä¸‹æ¶ï¼Œå¥½è‡ªä¸ºä¹‹ï¼

+-----------------------------------------------------------+

[31mæ´»åŠ¨è„šæœ¬æ›´æ–°å¤±è´¥ï¼Œè¯·æ£€æŸ¥åŸå› æˆ–å†æ¬¡è¿è¡Œ git_pull.sh ......[0m

+----------------- å¼€ å§‹ æ‰§ è¡Œ æ›´ æ–° è„š æœ¬ -----------------+

   æ´»åŠ¨è„šæœ¬ç›®å½•ï¼š/opt/jd/scripts

   å½“å‰ç³»ç»Ÿæ—¶é—´ï¼š2021-07-07 21:58

+-----------------------------------------------------------+

æ›´æ–° JD-FreeFuck é¡¹ç›®è„šæœ¬ï¼š

Fetching origin
fatal: could not read Username for 'https://gitee.com': No such device or address
error: Could not fetch origin
HEAD is now at 0755315 Update auth.html

æ›´æ–° lxk0301 æ´»åŠ¨è„šæœ¬ï¼š

Fetching origin
Permission denied (publickey).
fatal: Could not read from remote repository.

Please make sure you have the correct access rights
and the repository exists.
error: Could not fetch origin
HEAD is now at 98d0f38 å»¶è¿Ÿ10ç§’,å°è¯•ä¿®æ”¹å‚å›¢é—®é¢˜

+----------------------- éƒ‘ é‡ æ é†’ -----------------------+

  æœ¬é¡¹ç›®å¼€æºå…è´¹ä½¿ç”¨ï¼Œå¹¶ä¸”ä¸å¯åˆ†äº«åœ¨å›½å†…çš„ä»»ä½•åª’ä½“ä¸ç½‘ç«™ä¸Šï¼

  å¦‚æœåœ¨å…¶å®ƒåœ°æ–¹å‘ç°ä»¥ä»˜è´¹çš„å½¢å¼ä¼ æ’­ä¸ä½¿ç”¨è¯·ä¸¾æŠ¥å¹¶å‘æˆ‘åé¦ˆï¼

  è¿‘æœŸå‘ç°æœ‰äººé€šè¿‡æœ¬é¡¹ç›®å’Œæ´»åŠ¨è„šæœ¬éæ³•ç‰Ÿåˆ©ï¼Œå·²æ”¶é›†ç›¸å…³è¯æ®ï¼

  è¯·åœæ­¢ä½ çš„è¿æ³•è¡Œä¸ºï¼Œç«‹å³ä»å’¸é±¼ç­‰å›½å†…å¹³å°ä¸Šä¸‹æ¶ï¼Œå¥½è‡ªä¸ºä¹‹ï¼

+-----------------------------------------------------------+

[31mæ´»åŠ¨è„šæœ¬æ›´æ–°å¤±è´¥ï¼Œè¯·æ£€æŸ¥åŸå› æˆ–å†æ¬¡è¿è¡Œ git_pull.sh ......[0m

+----------------- å¼€ å§‹ æ‰§ è¡Œ æ›´ æ–° è„š æœ¬ -----------------+

   æ´»åŠ¨è„šæœ¬ç›®å½•ï¼š/opt/jd/scripts

   å½“å‰ç³»ç»Ÿæ—¶é—´ï¼š2021-07-09 21:58

+-----------------------------------------------------------+

æ›´æ–° JD-FreeFuck é¡¹ç›®è„šæœ¬ï¼š

Fetching origin
fatal: could not read Username for 'https://gitee.com': No such device or address
error: Could not fetch origin
HEAD is now at 0755315 Update auth.html

æ›´æ–° lxk0301 æ´»åŠ¨è„šæœ¬ï¼š

Fetching origin
Permission denied (publickey).
fatal: Could not read from remote repository.

Please make sure you have the correct access rights
and the repository exists.
error: Could not fetch origin
HEAD is now at 98d0f38 å»¶è¿Ÿ10ç§’,å°è¯•ä¿®æ”¹å‚å›¢é—®é¢˜

+----------------------- éƒ‘ é‡ æ é†’ -----------------------+

  æœ¬é¡¹ç›®å¼€æºå…è´¹ä½¿ç”¨ï¼Œå¹¶ä¸”ä¸å¯åˆ†äº«åœ¨å›½å†…çš„ä»»ä½•åª’ä½“ä¸ç½‘ç«™ä¸Šï¼

  å¦‚æœåœ¨å…¶å®ƒåœ°æ–¹å‘ç°ä»¥ä»˜è´¹çš„å½¢å¼ä¼ æ’­ä¸ä½¿ç”¨è¯·ä¸¾æŠ¥å¹¶å‘æˆ‘åé¦ˆï¼

  è¿‘æœŸå‘ç°æœ‰äººé€šè¿‡æœ¬é¡¹ç›®å’Œæ´»åŠ¨è„šæœ¬éæ³•ç‰Ÿåˆ©ï¼Œå·²æ”¶é›†ç›¸å…³è¯æ®ï¼

  è¯·åœæ­¢ä½ çš„è¿æ³•è¡Œä¸ºï¼Œç«‹å³ä»å’¸é±¼ç­‰å›½å†…å¹³å°ä¸Šä¸‹æ¶ï¼Œå¥½è‡ªä¸ºä¹‹ï¼

+-----------------------------------------------------------+

[31mæ´»åŠ¨è„šæœ¬æ›´æ–°å¤±è´¥ï¼Œè¯·æ£€æŸ¥åŸå› æˆ–å†æ¬¡è¿è¡Œ git_pull.sh ......[0m

+----------------- å¼€ å§‹ æ‰§ è¡Œ æ›´ æ–° è„š æœ¬ -----------------+

   æ´»åŠ¨è„šæœ¬ç›®å½•ï¼š/opt/jd/scripts

   å½“å‰ç³»ç»Ÿæ—¶é—´ï¼š2021-07-12 00:58

+-----------------------------------------------------------+

æ›´æ–° JD-FreeFuck é¡¹ç›®è„šæœ¬ï¼š

Fetching origin
fatal: could not read Username for 'https://gitee.com': No such device or address
error: Could not fetch origin
HEAD is now at 0755315 Update auth.html

æ›´æ–° lxk0301 æ´»åŠ¨è„šæœ¬ï¼š

Fetching origin
Permission denied (publickey).
fatal: Could not read from remote repository.

Please make sure you have the correct access rights
and the repository exists.
error: Could not fetch origin
HEAD is now at 98d0f38 å»¶è¿Ÿ10ç§’,å°è¯•ä¿®æ”¹å‚å›¢é—®é¢˜

+----------------------- éƒ‘ é‡ æ é†’ -----------------------+

  æœ¬é¡¹ç›®å¼€æºå…è´¹ä½¿ç”¨ï¼Œå¹¶ä¸”ä¸å¯åˆ†äº«åœ¨å›½å†…çš„ä»»ä½•åª’ä½“ä¸ç½‘ç«™ä¸Šï¼

  å¦‚æœåœ¨å…¶å®ƒåœ°æ–¹å‘ç°ä»¥ä»˜è´¹çš„å½¢å¼ä¼ æ’­ä¸ä½¿ç”¨è¯·ä¸¾æŠ¥å¹¶å‘æˆ‘åé¦ˆï¼

  è¿‘æœŸå‘ç°æœ‰äººé€šè¿‡æœ¬é¡¹ç›®å’Œæ´»åŠ¨è„šæœ¬éæ³•ç‰Ÿåˆ©ï¼Œå·²æ”¶é›†ç›¸å…³è¯æ®ï¼

  è¯·åœæ­¢ä½ çš„è¿æ³•è¡Œä¸ºï¼Œç«‹å³ä»å’¸é±¼ç­‰å›½å†…å¹³å°ä¸Šä¸‹æ¶ï¼Œå¥½è‡ªä¸ºä¹‹ï¼

+-----------------------------------------------------------+

[31mæ´»åŠ¨è„šæœ¬æ›´æ–°å¤±è´¥ï¼Œè¯·æ£€æŸ¥åŸå› æˆ–å†æ¬¡è¿è¡Œ git_pull.sh ......[0m

+----------------- å¼€ å§‹ æ‰§ è¡Œ æ›´ æ–° è„š æœ¬ -----------------+

   æ´»åŠ¨è„šæœ¬ç›®å½•ï¼š/opt/jd/scripts

   å½“å‰ç³»ç»Ÿæ—¶é—´ï¼š2021-07-12 02:14

+-----------------------------------------------------------+

æ›´æ–° JD-FreeFuck é¡¹ç›®è„šæœ¬ï¼š

Fetching origin
fatal: could not read Username for 'https://gitee.com': No such device or address
error: Could not fetch origin
HEAD is now at 0755315 Update auth.html

æ›´æ–° lxk0301 æ´»åŠ¨è„šæœ¬ï¼š

Fetching origin
Permission denied (publickey).
fatal: Could not read from remote repository.

Please make sure you have the correct access rights
and the repository exists.
error: Could not fetch origin
HEAD is now at 98d0f38 å»¶è¿Ÿ10ç§’,å°è¯•ä¿®æ”¹å‚å›¢é—®é¢˜

+----------------------- éƒ‘ é‡ æ é†’ -----------------------+

  æœ¬é¡¹ç›®å¼€æºå…è´¹ä½¿ç”¨ï¼Œå¹¶ä¸”ä¸å¯åˆ†äº«åœ¨å›½å†…çš„ä»»ä½•åª’ä½“ä¸ç½‘ç«™ä¸Šï¼

  å¦‚æœåœ¨å…¶å®ƒåœ°æ–¹å‘ç°ä»¥ä»˜è´¹çš„å½¢å¼ä¼ æ’­ä¸ä½¿ç”¨è¯·ä¸¾æŠ¥å¹¶å‘æˆ‘åé¦ˆï¼

  è¿‘æœŸå‘ç°æœ‰äººé€šè¿‡æœ¬é¡¹ç›®å’Œæ´»åŠ¨è„šæœ¬éæ³•ç‰Ÿåˆ©ï¼Œå·²æ”¶é›†ç›¸å…³è¯æ®ï¼

  è¯·åœæ­¢ä½ çš„è¿æ³•è¡Œä¸ºï¼Œç«‹å³ä»å’¸é±¼ç­‰å›½å†…å¹³å°ä¸Šä¸‹æ¶ï¼Œå¥½è‡ªä¸ºä¹‹ï¼

+-----------------------------------------------------------+

[31mæ´»åŠ¨è„šæœ¬æ›´æ–°å¤±è´¥ï¼Œè¯·æ£€æŸ¥åŸå› æˆ–å†æ¬¡è¿è¡Œ git_pull.sh ......[0m

+----------------- å¼€ å§‹ æ‰§ è¡Œ æ›´ æ–° è„š æœ¬ -----------------+

   æ´»åŠ¨è„šæœ¬ç›®å½•ï¼š/opt/jd/scripts

   å½“å‰ç³»ç»Ÿæ—¶é—´ï¼š2021-07-12 02:15

+-----------------------------------------------------------+

æ›´æ–° JD-FreeFuck é¡¹ç›®è„šæœ¬ï¼š

Fetching origin
fatal: could not read Username for 'https://gitee.com': No such device or address
error: Could not fetch origin
HEAD is now at 0755315 Update auth.html

æ›´æ–° lxk0301 æ´»åŠ¨è„šæœ¬ï¼š

Fetching origin
Permission denied (publickey).
fatal: Could not read from remote repository.

Please make sure you have the correct access rights
and the repository exists.
error: Could not fetch origin
HEAD is now at 98d0f38 å»¶è¿Ÿ10ç§’,å°è¯•ä¿®æ”¹å‚å›¢é—®é¢˜

+----------------------- éƒ‘ é‡ æ é†’ -----------------------+

  æœ¬é¡¹ç›®å¼€æºå…è´¹ä½¿ç”¨ï¼Œå¹¶ä¸”ä¸å¯åˆ†äº«åœ¨å›½å†…çš„ä»»ä½•åª’ä½“ä¸ç½‘ç«™ä¸Šï¼

  å¦‚æœåœ¨å…¶å®ƒåœ°æ–¹å‘ç°ä»¥ä»˜è´¹çš„å½¢å¼ä¼ æ’­ä¸ä½¿ç”¨è¯·ä¸¾æŠ¥å¹¶å‘æˆ‘åé¦ˆï¼

  è¿‘æœŸå‘ç°æœ‰äººé€šè¿‡æœ¬é¡¹ç›®å’Œæ´»åŠ¨è„šæœ¬éæ³•ç‰Ÿåˆ©ï¼Œå·²æ”¶é›†ç›¸å…³è¯æ®ï¼

  è¯·åœæ­¢ä½ çš„è¿æ³•è¡Œä¸ºï¼Œç«‹å³ä»å’¸é±¼ç­‰å›½å†…å¹³å°ä¸Šä¸‹æ¶ï¼Œå¥½è‡ªä¸ºä¹‹ï¼

+-----------------------------------------------------------+

[31mæ´»åŠ¨è„šæœ¬æ›´æ–°å¤±è´¥ï¼Œè¯·æ£€æŸ¥åŸå› æˆ–å†æ¬¡è¿è¡Œ git_pull.sh ......[0m

+----------------- å¼€ å§‹ æ‰§ è¡Œ æ›´ æ–° è„š æœ¬ -----------------+

   æ´»åŠ¨è„šæœ¬ç›®å½•ï¼š/opt/jd/scripts

   å½“å‰ç³»ç»Ÿæ—¶é—´ï¼š2021-07-12 04:56

+-----------------------------------------------------------+

æ›´æ–° JD-FreeFuck é¡¹ç›®è„šæœ¬ï¼š

Fetching origin
fatal: could not read Username for 'https://gitee.com': No such device or address
error: Could not fetch origin
HEAD is now at 0755315 Update auth.html

æ›´æ–° lxk0301 æ´»åŠ¨è„šæœ¬ï¼š

Fetching origin
Permission denied (publickey).
fatal: Could not read from remote repository.

Please make sure you have the correct access rights
and the repository exists.
error: Could not fetch origin
HEAD is now at 98d0f38 å»¶è¿Ÿ10ç§’,å°è¯•ä¿®æ”¹å‚å›¢é—®é¢˜

+----------------------- éƒ‘ é‡ æ é†’ -----------------------+

  æœ¬é¡¹ç›®å¼€æºå…è´¹ä½¿ç”¨ï¼Œå¹¶ä¸”ä¸å¯åˆ†äº«åœ¨å›½å†…çš„ä»»ä½•åª’ä½“ä¸ç½‘ç«™ä¸Šï¼

  å¦‚æœåœ¨å…¶å®ƒåœ°æ–¹å‘ç°ä»¥ä»˜è´¹çš„å½¢å¼ä¼ æ’­ä¸ä½¿ç”¨è¯·ä¸¾æŠ¥å¹¶å‘æˆ‘åé¦ˆï¼

  è¿‘æœŸå‘ç°æœ‰äººé€šè¿‡æœ¬é¡¹ç›®å’Œæ´»åŠ¨è„šæœ¬éæ³•ç‰Ÿåˆ©ï¼Œå·²æ”¶é›†ç›¸å…³è¯æ®ï¼

  è¯·åœæ­¢ä½ çš„è¿æ³•è¡Œä¸ºï¼Œç«‹å³ä»å’¸é±¼ç­‰å›½å†…å¹³å°ä¸Šä¸‹æ¶ï¼Œå¥½è‡ªä¸ºä¹‹ï¼

+-----------------------------------------------------------+

[31mæ´»åŠ¨è„šæœ¬æ›´æ–°å¤±è´¥ï¼Œè¯·æ£€æŸ¥åŸå› æˆ–å†æ¬¡è¿è¡Œ git_pull.sh ......[0m

+----------------- å¼€ å§‹ æ‰§ è¡Œ æ›´ æ–° è„š æœ¬ -----------------+

   æ´»åŠ¨è„šæœ¬ç›®å½•ï¼š/opt/jd/scripts

   å½“å‰ç³»ç»Ÿæ—¶é—´ï¼š2021-07-12 06:56

+-----------------------------------------------------------+

æ›´æ–° JD-FreeFuck é¡¹ç›®è„šæœ¬ï¼š

Fetching origin
fatal: could not read Username for 'https://gitee.com': No such device or address
error: Could not fetch origin
HEAD is now at 0755315 Update auth.html

æ›´æ–° lxk0301 æ´»åŠ¨è„šæœ¬ï¼š

Fetching origin
Permission denied (publickey).
fatal: Could not read from remote repository.

Please make sure you have the correct access rights
and the repository exists.
error: Could not fetch origin
HEAD is now at 98d0f38 å»¶è¿Ÿ10ç§’,å°è¯•ä¿®æ”¹å‚å›¢é—®é¢˜

+----------------------- éƒ‘ é‡ æ é†’ -----------------------+

  æœ¬é¡¹ç›®å¼€æºå…è´¹ä½¿ç”¨ï¼Œå¹¶ä¸”ä¸å¯åˆ†äº«åœ¨å›½å†…çš„ä»»ä½•åª’ä½“ä¸ç½‘ç«™ä¸Šï¼

  å¦‚æœåœ¨å…¶å®ƒåœ°æ–¹å‘ç°ä»¥ä»˜è´¹çš„å½¢å¼ä¼ æ’­ä¸ä½¿ç”¨è¯·ä¸¾æŠ¥å¹¶å‘æˆ‘åé¦ˆï¼

  è¿‘æœŸå‘ç°æœ‰äººé€šè¿‡æœ¬é¡¹ç›®å’Œæ´»åŠ¨è„šæœ¬éæ³•ç‰Ÿåˆ©ï¼Œå·²æ”¶é›†ç›¸å…³è¯æ®ï¼

  è¯·åœæ­¢ä½ çš„è¿æ³•è¡Œä¸ºï¼Œç«‹å³ä»å’¸é±¼ç­‰å›½å†…å¹³å°ä¸Šä¸‹æ¶ï¼Œå¥½è‡ªä¸ºä¹‹ï¼

+-----------------------------------------------------------+

[31mæ´»åŠ¨è„šæœ¬æ›´æ–°å¤±è´¥ï¼Œè¯·æ£€æŸ¥åŸå› æˆ–å†æ¬¡è¿è¡Œ git_pull.sh ......[0m
