
从最后一个日志提取互助码，受日志内容影响，仅供参考。

东东农场：
MyFruit1='0ba8fc4f54f34f0f962c46fe4ac9ab45'
MyFruit2='b4feea51d143440695eb9ae7f21eaad5'

ForOtherFruit1="${MyFruit2}"
ForOtherFruit2="${MyFruit1}"


东东萌宠：
MyPet1='MTAxODc2NTEzMDAwMDAwMDAzMDA5MTU0Mw=='
MyPet2='MTAxODc2NTEzMzAwMDAwMDAwMTE0MjQ2Mw=='

ForOtherPet1="${MyPet2}"
ForOtherPet2="${MyPet1}"


种豆得豆：
MyBean1='ufsn6bw5pdcrfa2arhesao45743h7wlwy7o5jii'
MyBean2='4npkonnsy7xi2nsu2iaki3jrigyht3aii7valii'

ForOtherBean1="${MyBean2}"
ForOtherBean2="${MyBean1}"


京喜工厂：
MyDreamFactory1='jLuj5y4OynbjOLDt2boGNg=='
MyDreamFactory2='hVdButlHZykF-_RZaC6F1w=='

ForOtherDreamFactory1="${MyDreamFactory2}"
ForOtherDreamFactory2="${MyDreamFactory1}"


东东工厂：
MyJdFactory1='T018v_h1Qx8f_FbUKBmb1ACjVWnYaS5kRrbA'
MyJdFactory2='T0225KkcRxpI_QDQIUn9k_9efQCjVWnYaS5kRrbA'

ForOtherJdFactory1="${MyJdFactory2}"
ForOtherJdFactory2="${MyJdFactory1}"


疯狂的JOY：
MyJoy1='_m36Aop55akDdjmGXuDKdQ=='
MyJoy2='i94vlQ5wy4A14BSuKSpuaKt9zd5YaBeE'
MyJoy3='CtBk-UuZRZwIallI2uFA0Q=='
MyJoy5='NKxQow1602p5rVEukMS3j6t9zd5YaBeE'

ForOtherJoy1="${MyJoy2}"
ForOtherJoy2="${MyJoy1}"


京东赚赚：
MyJdzz1=''
MyJdzz2=''

ForOtherJdzz1=""
ForOtherJdzz2=""


京喜农场：
MyJxnc1='{"smp":"449abf5c4e21a8bec1e15dd5fa621578","active":"jdnc_1_3yuanyoutao210616_2","joinnum":1}'
MyJxnc2=''

ForOtherJxnc1=""
ForOtherJxnc2="${MyJxnc1}"


口袋书店：
MyBookShop1=''
MyBookShop2=''

ForOtherBookShop1=""
ForOtherBookShop2=""


签到领现金：
MyCash1='Ih4xb-20b_4l-W26iw'
MyCash2='eU9Ya-jjbqgh8D3czHtH3w'

ForOtherCash1="${MyCash2}"
ForOtherCash2="${MyCash1}"


闪购盲盒：
MySgmh1='T018v_h1Qx8f_FbUKBmb1ACjVQmoaT5kRrbA'
MySgmh2='T0225KkcRxpI_QDQIUn9k_9efQCjVQmoaT5kRrbA'

ForOtherSgmh1="${MySgmh2}"
ForOtherSgmh2="${MySgmh1}"


京喜财富岛：
MyCfd1='C28A126BC325426BDEBE8D8BBC469EFD1107C481E2EC8BFD59DC681084B1149A'
MyCfd2='8B214CC66D6AD674E5BF2B0D678AE968CFB4B0F69E82F59C27CFB79C5B00DD6D'

ForOtherCfd1="${MyCfd2}"
ForOtherCfd2="${MyCfd1}"


环球挑战赛：
未运行过 jd_global 脚本，未产生日志
