
🔔京东多合一签到, 开始!

====================共4个京东账号Cookie=========

==================脚本执行- 北京时间(UTC+8)：6/30/2021, 10:26:56 AM=====================

检测到您当前网络环境不能访问外网,将使用jsdelivr CDN下载JD_DailyBonus.js文件
JD_DailyBonus.js文件  CDN刷新成功
JD_DailyBonus.js文件下载完毕


*****************开始京东账号1 Ymh__Sirius京豆签到*******************

开始替换变量
替换变量完毕

开始执行 京东多合一签到 签到，请稍等...



*****************2021/6/30 14:03:36 京东账号1 Ymh__Sirius 京东多合一签到完成*******************


*****************开始京东账号2 jd_74a8d71c978d9京豆签到*******************

开始替换变量
替换变量完毕

开始执行 京东多合一签到 签到，请稍等...



*****************2021/6/30 14:03:54 京东账号2 jd_74a8d71c978d9 京东多合一签到完成*******************


*****************开始京东账号3 chao4596758京豆签到*******************

开始替换变量
替换变量完毕

开始执行 京东多合一签到 签到，请稍等...



*****************2021/6/30 14:04:17 京东账号3 chao4596758 京东多合一签到完成*******************


*****************开始京东账号4 jd_46df9eaa780aa京豆签到*******************

开始替换变量
替换变量完毕

开始执行 京东多合一签到 签到，请稍等...



*****************2021/6/30 14:04:45 京东账号4 jd_46df9eaa780aa 京东多合一签到完成*******************



==============📣系统通知📣==============
京东多合一签到
【京东号 1】: Ymh__Sirius
【签到时间】:  2021/6/30 14:03:36
【签到概览】:  失败24个, 错误3个
【账号总计】:  1008京豆, 0.47钢镚
【其他总计】:  0.43金贴, 9.75现金, 51.71红包

【京东号 2】: jd_74a8d71c978d9
【签到时间】:  2021/6/30 14:03:54
【签到概览】:  成功20个, 失败6个
【签到奖励】:  11京豆, 0.01钢镚
【其他奖励】:  0.05红包, 0.04金贴, 0.02现金
【账号总计】:  10784京豆, 0.34钢镚
【其他总计】:  0.40金贴, 2.7现金, 0.4红包

【京东号 3】: chao4596758
【签到时间】:  2021/6/30 14:04:17
【签到概览】:  成功25个, 失败4个
【签到奖励】:  16京豆, 0.01钢镚
【其他奖励】:  0.06红包, 0.04金贴, 0.01现金
【账号总计】:  411京豆, 0.74钢镚
【其他总计】:  0.11金贴, 2.19现金, 0.46红包

【京东号 4】: jd_46df9eaa780aa
【签到时间】:  2021/6/30 14:04:45
【签到概览】:  成功22个, 失败5个
【签到奖励】:  12京豆, 0.01钢镚
【其他奖励】:  0.05红包, 0.04金贴, 0.02现金
【账号总计】:  7250京豆, 0.85钢镚
【其他总计】:  0.12金贴, 1.7现金, 0.15红包
您未提供push+推送所需的PUSH_PLUS_TOKEN，取消push+推送消息通知🚫

server酱发送通知消息成功🎉

您未提供Bark的APP推送BARK_PUSH，取消Bark推送消息通知🚫

您未提供telegram机器人推送所需的TG_BOT_TOKEN和TG_USER_ID，取消telegram推送消息通知🚫

您未提供钉钉机器人推送所需的DD_BOT_TOKEN或者DD_BOT_SECRET，取消钉钉推送消息通知🚫

您未提供企业微信机器人推送所需的QYWX_KEY，取消企业微信推送消息通知🚫

您未提供企业微信应用消息推送所需的QYWX_AM，取消企业微信应用消息推送消息通知🚫

您未提供iGot的推送IGOT_PUSH_KEY，取消iGot推送消息通知🚫


🔔京东多合一签到, 结束! 🕛 13071.814 秒

