
🔔京东多合一签到, 开始!

====================共5个京东账号Cookie=========

==================脚本执行- 北京时间(UTC+8)：7/7/2021, 9:58:04 AM=====================

JD_DailyBonus.js文件下载完毕


*****************开始京东账号1 15631692383_p京豆签到*******************

开始替换变量
替换变量完毕

开始执行 京东多合一签到 签到，请稍等...



*****************2021/7/7 09:58:16 京东账号1 15631692383_p 京东多合一签到完成*******************


*****************开始京东账号2 Ycp_Dream京豆签到*******************

开始替换变量
替换变量完毕

开始执行 京东多合一签到 签到，请稍等...



*****************2021/7/7 09:58:25 京东账号2 Ycp_Dream 京东多合一签到完成*******************


*****************开始京东账号3 jd_585601a83bd48京豆签到*******************

开始替换变量
替换变量完毕

开始执行 京东多合一签到 签到，请稍等...



*****************2021/7/7 09:58:36 京东账号3 jd_585601a83bd48 京东多合一签到完成*******************


*****************开始京东账号4 jd_157332ewky京豆签到*******************

开始替换变量
替换变量完毕

开始执行 京东多合一签到 签到，请稍等...



*****************2021/7/7 09:58:46 京东账号4 jd_157332ewky 京东多合一签到完成*******************


*****************开始京东账号5 jd_157332zdf京豆签到*******************

开始替换变量
替换变量完毕

开始执行 京东多合一签到 签到，请稍等...



*****************2021/7/7 09:58:57 京东账号5 jd_157332zdf 京东多合一签到完成*******************



==============📣系统通知📣==============
京东多合一签到
【京东号 1】: 15631692383_p
【签到时间】:  2021/7/7 09:58:16
【签到概览】:  成功1个, 失败25个
【签到奖励】:  4京豆
【账号总计】:  394京豆, 0.55钢镚
【其他总计】:  0.00金贴, 10.32现金, 0.77红包

【京东号 2】: Ycp_Dream
【签到时间】:  2021/7/7 09:58:25
【签到概览】:  成功23个, 失败3个
【签到奖励】:  15京豆, 0.01钢镚
【其他奖励】:  0.05红包, 0.04金贴, 0.02现金
【账号总计】:  10987京豆, 0.38钢镚
【其他总计】:  0.42金贴, 2.94现金, 0.06红包

【京东号 3】: jd_585601a83bd48
【签到时间】:  2021/7/7 09:58:36
【签到概览】:  成功27个, 失败2个
【签到奖励】:  15京豆, 0.01钢镚
【其他奖励】:  0.08红包, 0.04金贴, 0.01现金
【账号总计】:  813京豆, 0.78钢镚
【其他总计】:  0.42金贴, 2.39现金, 0.17红包

【京东号 4】: jd_157332ewky
【签到时间】:  2021/7/7 09:58:46
【签到概览】:  成功23个, 失败4个
【签到奖励】:  13京豆, 0.01钢镚
【其他奖励】:  0.05红包, 0.04金贴, 0.04现金
【账号总计】:  706京豆, 0.89钢镚
【其他总计】:  0.21金贴, 1.92现金, 0.06红包

【京东号 5】: jd_157332zdf
【签到时间】:  2021/7/7 09:58:57
【签到概览】:  成功25个, 失败2个
【签到奖励】:  17京豆, 0.01钢镚
【其他奖励】:  0.06红包, 0.04金贴, 0.03现金
【账号总计】:  631京豆, 0.17钢镚
【其他总计】:  0.08金贴, 0.95现金, 0.06红包
您未提供push+推送所需的PUSH_PLUS_TOKEN，取消push+推送消息通知🚫

server酱发送通知消息成功🎉

您未提供Bark的APP推送BARK_PUSH，取消Bark推送消息通知🚫

您未提供telegram机器人推送所需的TG_BOT_TOKEN和TG_USER_ID，取消telegram推送消息通知🚫

您未提供钉钉机器人推送所需的DD_BOT_TOKEN或者DD_BOT_SECRET，取消钉钉推送消息通知🚫

您未提供企业微信机器人推送所需的QYWX_KEY，取消企业微信推送消息通知🚫

您未提供企业微信应用消息推送所需的QYWX_AM，取消企业微信应用消息推送消息通知🚫

您未提供iGot的推送IGOT_PUSH_KEY，取消iGot推送消息通知🚫


🔔京东多合一签到, 结束! 🕛 54.835 秒

