
🔔京东多合一签到, 开始!

====================共2个京东账号Cookie=========

==================脚本执行- 北京时间(UTC+8)：7/11/2021, 11:33:08 PM=====================

检测到您当前网络环境不能访问外网,将使用jsdelivr CDN下载JD_DailyBonus.js文件
JD_DailyBonus.js文件  CDN刷新成功
JD_DailyBonus.js文件下载完毕


*****************开始京东账号1 15631692383_p京豆签到*******************

开始替换变量
替换变量完毕

开始执行 京东多合一签到 签到，请稍等...



*****************2021/7/11 23:34:02 京东账号1 15631692383_p 京东多合一签到完成*******************


*****************开始京东账号2 Ycp_Dream京豆签到*******************

开始替换变量
替换变量完毕

开始执行 京东多合一签到 签到，请稍等...



*****************2021/7/11 23:34:31 京东账号2 Ycp_Dream 京东多合一签到完成*******************



==============📣系统通知📣==============
京东多合一签到
【京东号 1】: 15631692383_p
【签到时间】:  2021/7/11 23:34:02
【签到概览】:  失败26个
【账号总计】:  902京豆, 0.6钢镚
【其他总计】:  0.25金贴, 10.67现金, 10.55红包

【京东号 2】: Ycp_Dream
【签到时间】:  2021/7/11 23:34:31
【签到概览】:  成功20个, 失败6个
【签到奖励】:  6京豆, 0.01钢镚
【其他奖励】:  0.05红包, 0.05金贴, 0.02现金
【账号总计】:  11056京豆, 0.42钢镚
【其他总计】:  0.69金贴, 3.18现金, 2.12红包
您未提供push+推送所需的PUSH_PLUS_TOKEN，取消push+推送消息通知🚫

server酱发送通知消息成功🎉

您未提供Bark的APP推送BARK_PUSH，取消Bark推送消息通知🚫

您未提供telegram机器人推送所需的TG_BOT_TOKEN和TG_USER_ID，取消telegram推送消息通知🚫

您未提供钉钉机器人推送所需的DD_BOT_TOKEN或者DD_BOT_SECRET，取消钉钉推送消息通知🚫

您未提供企业微信机器人推送所需的QYWX_KEY，取消企业微信推送消息通知🚫

您未提供企业微信应用消息推送所需的QYWX_AM，取消企业微信应用消息推送消息通知🚫

您未提供iGot的推送IGOT_PUSH_KEY，取消iGot推送消息通知🚫


🔔京东多合一签到, 结束! 🕛 85.592 秒

