
🔔京东多合一签到, 开始!

====================共5个京东账号Cookie=========

==================脚本执行- 北京时间(UTC+8)：7/5/2021, 10:02:16 AM=====================

JD_DailyBonus.js文件下载完毕


*****************开始京东账号1 15631692383_p京豆签到*******************

开始替换变量
替换变量完毕

开始执行 京东多合一签到 签到，请稍等...



*****************2021/7/5 10:02:31 京东账号1 15631692383_p 京东多合一签到完成*******************


*****************开始京东账号2 Ycp_Dream京豆签到*******************

开始替换变量
替换变量完毕

开始执行 京东多合一签到 签到，请稍等...



*****************2021/7/5 10:02:44 京东账号2 Ycp_Dream 京东多合一签到完成*******************


*****************开始京东账号3 jd_585601a83bd48京豆签到*******************

开始替换变量
替换变量完毕

开始执行 京东多合一签到 签到，请稍等...



*****************2021/7/5 10:02:56 京东账号3 jd_585601a83bd48 京东多合一签到完成*******************


*****************开始京东账号4 jd_157332ewky京豆签到*******************

开始替换变量
替换变量完毕

开始执行 京东多合一签到 签到，请稍等...



*****************2021/7/5 10:03:05 京东账号4 jd_157332ewky 京东多合一签到完成*******************


*****************开始京东账号5 jd_157332zdf京豆签到*******************

开始替换变量
替换变量完毕

开始执行 京东多合一签到 签到，请稍等...



*****************2021/7/5 10:03:37 京东账号5 jd_157332zdf 京东多合一签到完成*******************



==============📣系统通知📣==============
京东多合一签到
【京东号 1】: 15631692383_p
【签到时间】:  2021/7/5 10:02:31
【签到概览】:  失败26个
【账号总计】:  2095京豆, 0.53钢镚
【其他总计】:  0.34金贴, 10.11现金, 1.52红包

【京东号 2】: Ycp_Dream
【签到时间】:  2021/7/5 10:02:44
【签到概览】:  成功22个, 失败4个
【签到奖励】:  17京豆, 0.01钢镚
【其他奖励】:  0.05红包, 0.04金贴, 0.01现金
【账号总计】:  10937京豆, 0.37钢镚
【其他总计】:  0.31金贴, 2.88现金, 0.05红包

【京东号 3】: jd_585601a83bd48
【签到时间】:  2021/7/5 10:02:56
【签到概览】:  成功26个, 失败3个
【签到奖励】:  16京豆, 0.01钢镚
【其他奖励】:  0.06红包, 0.04金贴, 0.02现金
【账号总计】:  763京豆, 0.77钢镚
【其他总计】:  0.31金贴, 2.34现金, 0.06红包

【京东号 4】: jd_157332ewky
【签到时间】:  2021/7/5 10:03:05
【签到概览】:  成功23个, 失败4个
【签到奖励】:  14京豆, 0.01钢镚
【其他奖励】:  0.08红包, 0.04金贴, 0.02现金
【账号总计】:  647京豆, 0.88钢镚
【其他总计】:  0.17金贴, 1.84现金, 0.08红包

【京东号 5】: jd_157332zdf
【签到时间】:  2021/7/5 10:03:37
【签到概览】:  成功24个, 失败3个
【签到奖励】:  14京豆, 0.01钢镚
【其他奖励】:  0.05红包, 0.04金贴, 0.03现金
【账号总计】:  554京豆, 0.16钢镚
【其他总计】:  0.04金贴, 0.88现金, 0.05红包
您未提供push+推送所需的PUSH_PLUS_TOKEN，取消push+推送消息通知🚫

server酱发送通知消息成功🎉

您未提供Bark的APP推送BARK_PUSH，取消Bark推送消息通知🚫

您未提供telegram机器人推送所需的TG_BOT_TOKEN和TG_USER_ID，取消telegram推送消息通知🚫

您未提供钉钉机器人推送所需的DD_BOT_TOKEN或者DD_BOT_SECRET，取消钉钉推送消息通知🚫

您未提供企业微信机器人推送所需的QYWX_KEY，取消企业微信推送消息通知🚫

您未提供企业微信应用消息推送所需的QYWX_AM，取消企业微信应用消息推送消息通知🚫

您未提供iGot的推送IGOT_PUSH_KEY，取消iGot推送消息通知🚫


🔔京东多合一签到, 结束! 🕛 83.609 秒

