
🔔京东多合一签到, 开始!

====================共5个京东账号Cookie=========

==================脚本执行- 北京时间(UTC+8)：7/9/2021, 5:27:58 PM=====================

JD_DailyBonus.js文件下载完毕


*****************开始京东账号1 Ymh__Sirius京豆签到*******************

开始替换变量
替换变量完毕

开始执行 京东多合一签到 签到，请稍等...



*****************2021/7/9 17:28:32 京东账号1 Ymh__Sirius 京东多合一签到完成*******************


*****************开始京东账号2 Ycp_Dream京豆签到*******************

开始替换变量
替换变量完毕

开始执行 京东多合一签到 签到，请稍等...



*****************2021/7/9 17:28:46 京东账号2 Ycp_Dream 京东多合一签到完成*******************


*****************开始京东账号3 chao4596758京豆签到*******************

开始替换变量
替换变量完毕

开始执行 京东多合一签到 签到，请稍等...



*****************2021/7/9 17:28:53 京东账号3 chao4596758 京东多合一签到完成*******************


*****************开始京东账号4 jd_157332ewky京豆签到*******************

开始替换变量
替换变量完毕

开始执行 京东多合一签到 签到，请稍等...



*****************2021/7/9 17:29:03 京东账号4 jd_157332ewky 京东多合一签到完成*******************


*****************开始京东账号5 jd_157332zdf京豆签到*******************

开始替换变量
替换变量完毕

开始执行 京东多合一签到 签到，请稍等...



*****************2021/7/9 17:29:12 京东账号5 jd_157332zdf 京东多合一签到完成*******************



==============📣系统通知📣==============
京东多合一签到
【京东号 1】: Ymh__Sirius
【签到时间】:  2021/7/9 17:28:32
【签到概览】:  失败26个
【账号总计】:  625京豆, 0.57钢镚
【其他总计】:  0.09金贴, 10.49现金, 10.72红包

【京东号 2】: Ycp_Dream
【签到时间】:  2021/7/9 17:28:46
【签到概览】:  成功21个, 失败5个
【签到奖励】:  6京豆, 0.01钢镚
【其他奖励】:  0.06红包, 0.04金贴, 0.03现金
【账号总计】:  11013京豆, 0.39钢镚
【其他总计】:  0.46金贴, 3.02现金, 0.52红包

【京东号 3】: chao4596758
【签到时间】:  2021/7/9 17:28:53
【签到概览】:  失败33个
【账号总计】:  获取失败
【其他总计】:  获取失败

【京东号 4】: jd_157332ewky
【签到时间】:  2021/7/9 17:29:03
【签到概览】:  成功23个, 失败4个
【签到奖励】:  8京豆, 0.01钢镚
【其他奖励】:  0.06红包, 0.04金贴, 0.03现金
【账号总计】:  732京豆, 0.9钢镚
【其他总计】:  0.04金贴, 1.98现金, 0.07红包

【京东号 5】: jd_157332zdf
【签到时间】:  2021/7/9 17:29:12
【签到概览】:  成功24个, 失败3个
【签到奖励】:  10京豆, 0.01钢镚
【其他奖励】:  0.05红包, 0.04金贴, 0.03现金
【账号总计】:  657京豆, 0.18钢镚
【其他总计】:  0.12金贴, 1.03现金, 0.05红包
您未提供push+推送所需的PUSH_PLUS_TOKEN，取消push+推送消息通知🚫

server酱发送通知消息成功🎉

您未提供Bark的APP推送BARK_PUSH，取消Bark推送消息通知🚫

您未提供telegram机器人推送所需的TG_BOT_TOKEN和TG_USER_ID，取消telegram推送消息通知🚫

您未提供钉钉机器人推送所需的DD_BOT_TOKEN或者DD_BOT_SECRET，取消钉钉推送消息通知🚫

您未提供企业微信机器人推送所需的QYWX_KEY，取消企业微信推送消息通知🚫

您未提供企业微信应用消息推送所需的QYWX_AM，取消企业微信应用消息推送消息通知🚫

您未提供iGot的推送IGOT_PUSH_KEY，取消iGot推送消息通知🚫


🔔京东多合一签到, 结束! 🕛 76.763 秒

