
🔔京东多合一签到, 开始!

====================共2个京东账号Cookie=========

==================脚本执行- 北京时间(UTC+8)：7/12/2021, 8:19:36 AM=====================

检测到您当前网络环境不能访问外网,将使用jsdelivr CDN下载JD_DailyBonus.js文件
JD_DailyBonus.js文件  CDN刷新成功
JD_DailyBonus.js文件下载完毕


*****************开始京东账号1 15631692383_p京豆签到*******************

开始替换变量
替换变量完毕

开始执行 京东多合一签到 签到，请稍等...



*****************2021/7/12 08:20:20 京东账号1 15631692383_p 京东多合一签到完成*******************


*****************开始京东账号2 jd_74a8d71c978d9京豆签到*******************

开始替换变量
替换变量完毕

开始执行 京东多合一签到 签到，请稍等...



*****************2021/7/12 08:20:29 京东账号2 jd_74a8d71c978d9 京东多合一签到完成*******************



==============📣系统通知📣==============
京东多合一签到
【京东号 1】: 15631692383_p
【签到时间】:  2021/7/12 08:20:20
【签到概览】:  失败26个
【账号总计】:  1013京豆, 0.61钢镚
【其他总计】:  0.37金贴, 10.77现金, 10.1红包

【京东号 2】: jd_74a8d71c978d9
【签到时间】:  2021/7/12 08:20:29
【签到概览】:  失败26个
【账号总计】:  11127京豆, 0.43钢镚
【其他总计】:  0.53金贴, 3.27现金, 1.93红包
您未提供push+推送所需的PUSH_PLUS_TOKEN，取消push+推送消息通知🚫

server酱发送通知消息成功🎉

您未提供Bark的APP推送BARK_PUSH，取消Bark推送消息通知🚫

您未提供telegram机器人推送所需的TG_BOT_TOKEN和TG_USER_ID，取消telegram推送消息通知🚫

您未提供钉钉机器人推送所需的DD_BOT_TOKEN或者DD_BOT_SECRET，取消钉钉推送消息通知🚫

您未提供企业微信机器人推送所需的QYWX_KEY，取消企业微信推送消息通知🚫

您未提供企业微信应用消息推送所需的QYWX_AM，取消企业微信应用消息推送消息通知🚫

您未提供iGot的推送IGOT_PUSH_KEY，取消iGot推送消息通知🚫


🔔京东多合一签到, 结束! 🕛 55.403 秒

