
🔔京东多合一签到, 开始!

====================共5个京东账号Cookie=========

==================脚本执行- 北京时间(UTC+8)：7/2/2021, 8:01:34 AM=====================

检测到您当前网络环境不能访问外网,将使用jsdelivr CDN下载JD_DailyBonus.js文件
JD_DailyBonus.js文件  CDN刷新成功
JD_DailyBonus.js文件下载完毕


*****************开始京东账号1 15631692383_p京豆签到*******************

开始替换变量
替换变量完毕

开始执行 京东多合一签到 签到，请稍等...



*****************2021/7/2 08:03:56 京东账号1 15631692383_p 京东多合一签到完成*******************


*****************开始京东账号2 Ycp_Dream京豆签到*******************

开始替换变量
替换变量完毕

开始执行 京东多合一签到 签到，请稍等...



*****************2021/7/2 08:04:06 京东账号2 Ycp_Dream 京东多合一签到完成*******************


*****************开始京东账号3 jd_585601a83bd48京豆签到*******************

开始替换变量
替换变量完毕

开始执行 京东多合一签到 签到，请稍等...



*****************2021/7/2 08:04:20 京东账号3 jd_585601a83bd48 京东多合一签到完成*******************


*****************开始京东账号4 jd_157332ewky京豆签到*******************

开始替换变量
替换变量完毕

开始执行 京东多合一签到 签到，请稍等...



*****************2021/7/2 08:04:30 京东账号4 jd_157332ewky 京东多合一签到完成*******************


*****************开始京东账号5 jd_157332zdf京豆签到*******************

开始替换变量
替换变量完毕

开始执行 京东多合一签到 签到，请稍等...



*****************2021/7/2 08:04:41 京东账号5 jd_157332zdf 京东多合一签到完成*******************



==============📣系统通知📣==============
京东多合一签到
【京东号 1】: 15631692383_p
【签到时间】:  2021/7/2 08:03:56
【签到概览】:  失败26个
【账号总计】:  510京豆, 0.49钢镚
【其他总计】:  0.19金贴, 9.93现金, 0.49红包

【京东号 2】: Ycp_Dream
【签到时间】:  2021/7/2 08:04:06
【签到概览】:  成功22个, 失败4个
【签到奖励】:  13京豆, 0.01钢镚
【其他奖励】:  0.05红包, 0.05金贴, 0.04现金
【账号总计】:  10865京豆, 0.36钢镚
【其他总计】:  0.49金贴, 2.83现金, 0.43红包

【京东号 3】: jd_585601a83bd48
【签到时间】:  2021/7/2 08:04:20
【签到概览】:  成功26个, 失败3个
【签到奖励】:  19京豆, 0.01钢镚
【其他奖励】:  0.06红包, 0.05金贴, 0.01现金
【账号总计】:  459京豆, 0.76钢镚
【其他总计】:  0.20金贴, 2.28现金, 0.49红包

【京东号 4】: jd_157332ewky
【签到时间】:  2021/7/2 08:04:30
【签到概览】:  成功23个, 失败4个
【签到奖励】:  18京豆, 0.01钢镚
【其他奖励】:  0.05红包, 0.05金贴, 0.01现金
【账号总计】:  7490京豆, 0.87钢镚
【其他总计】:  0.21金贴, 1.78现金, 0.19红包

【京东号 5】: jd_157332zdf
【签到时间】:  2021/7/2 08:04:41
【签到概览】:  成功24个, 失败3个
【签到奖励】:  15京豆, 0.01钢镚
【其他奖励】:  0.06红包, 0.04金贴, 0.02现金
【账号总计】:  454京豆, 0.15钢镚
【其他总计】:  0.08金贴, 0.81现金, 0.12红包
您未提供push+推送所需的PUSH_PLUS_TOKEN，取消push+推送消息通知🚫

server酱发送通知消息成功🎉

您未提供Bark的APP推送BARK_PUSH，取消Bark推送消息通知🚫

您未提供telegram机器人推送所需的TG_BOT_TOKEN和TG_USER_ID，取消telegram推送消息通知🚫

您未提供钉钉机器人推送所需的DD_BOT_TOKEN或者DD_BOT_SECRET，取消钉钉推送消息通知🚫

您未提供企业微信机器人推送所需的QYWX_KEY，取消企业微信推送消息通知🚫

您未提供企业微信应用消息推送所需的QYWX_AM，取消企业微信应用消息推送消息通知🚫

您未提供iGot的推送IGOT_PUSH_KEY，取消iGot推送消息通知🚫


🔔京东多合一签到, 结束! 🕛 189.107 秒

