
🔔京东多合一签到, 开始!

====================共4个京东账号Cookie=========

==================脚本执行- 北京时间(UTC+8)：6/26/2021, 2:57:27 PM=====================

检测到您当前网络环境不能访问外网,将使用jsdelivr CDN下载JD_DailyBonus.js文件
JD_DailyBonus.js文件  CDN刷新成功
JD_DailyBonus.js文件下载完毕


*****************开始京东账号1 15631692383_p京豆签到*******************

开始替换变量
替换变量完毕

开始执行 京东多合一签到 签到，请稍等...



*****************2021/6/26 14:59:03 京东账号1 15631692383_p 京东多合一签到完成*******************


*****************开始京东账号2 Ycp_Dream京豆签到*******************

开始替换变量
替换变量完毕

开始执行 京东多合一签到 签到，请稍等...



*****************2021/6/26 15:00:46 京东账号2 Ycp_Dream 京东多合一签到完成*******************


*****************开始京东账号3 jd_585601a83bd48京豆签到*******************

开始替换变量
替换变量完毕

开始执行 京东多合一签到 签到，请稍等...



*****************2021/6/26 15:02:42 京东账号3 jd_585601a83bd48 京东多合一签到完成*******************


*****************开始京东账号4 jd_157332ewky京豆签到*******************

开始替换变量
替换变量完毕

开始执行 京东多合一签到 签到，请稍等...



*****************2021/6/26 15:04:31 京东账号4 jd_157332ewky 京东多合一签到完成*******************



==============📣系统通知📣==============
京东多合一签到
【京东号 1】: 15631692383_p
【签到时间】:  2021/6/26 14:59:03
【签到概览】:  失败26个
【账号总计】:  312京豆, 0.43钢镚
【其他总计】:  0.00金贴, 9.53现金, 0.18红包

【京东号 2】: Ycp_Dream
【签到时间】:  2021/6/26 15:00:46
【签到概览】:  成功21个, 失败5个
【签到奖励】:  10京豆, 0.01钢镚
【其他奖励】:  0.05红包, 0.04金贴, 0.01现金
【账号总计】:  10621京豆, 0.33钢镚
【其他总计】:  0.71金贴, 2.65现金, 0.54红包

【京东号 3】: jd_585601a83bd48
【签到时间】:  2021/6/26 15:02:42
【签到概览】:  成功27个, 失败2个
【签到奖励】:  19京豆, 0.01钢镚
【其他奖励】:  0.06红包, 0.04金贴, 0.03现金
【账号总计】:  296京豆, 0.73钢镚
【其他总计】:  0.15金贴, 2.14现金, 0.33红包

【京东号 4】: jd_157332ewky
【签到时间】:  2021/6/26 15:04:31
【签到概览】:  成功24个, 失败3个
【签到奖励】:  16京豆, 0.01钢镚
【其他奖励】:  0.06红包, 0.04金贴, 0.02现金
【账号总计】:  7191京豆, 0.84钢镚
【其他总计】:  0.24金贴, 1.64现金, 0.16红包
您未提供push+推送所需的PUSH_PLUS_TOKEN，取消push+推送消息通知🚫

server酱发送通知消息成功🎉

您未提供Bark的APP推送BARK_PUSH，取消Bark推送消息通知🚫

您未提供telegram机器人推送所需的TG_BOT_TOKEN和TG_USER_ID，取消telegram推送消息通知🚫

您未提供钉钉机器人推送所需的DD_BOT_TOKEN或者DD_BOT_SECRET，取消钉钉推送消息通知🚫

您未提供企业微信机器人推送所需的QYWX_KEY，取消企业微信推送消息通知🚫

您未提供企业微信应用消息推送所需的QYWX_AM，取消企业微信应用消息推送消息通知🚫

您未提供iGot的推送IGOT_PUSH_KEY，取消iGot推送消息通知🚫


🔔京东多合一签到, 结束! 🕛 426.078 秒

