
🔔京东赚赚, 开始!

====================共4个京东账号Cookie=========

==================脚本执行- 北京时间(UTC+8)：6/26/2021, 5:03:47 PM=====================

开始获取京东赚赚配置文件

共4个京东账号

您提供了0个账号的京东赚赚助力码


******开始【京东账号1】Ymh__Sirius*********

由于您第1个京东账号未提供shareCode,将采纳本脚本自带的助力码

开始
随机取20个码放到您固定的互助码后面(不影响已有固定互助)
第1个京东账号将要助力的好友["ATGEC3-fsrn13aiaEqiM","AUWE5maSSnzFeDmH4iH0elA","AUWE5m6WUmDdZC2mr1XhJlQ","AUWE5m_jEzjJZDTKr3nwfkg","A06fNSRc4GIqY38pMBeLKQE2InZA","AUWE5mf7ExDZdDmH7j3wfkA","AUWE5m6jBy2cNAWX7j31Pxw","AUWE5mK2UnDddDTX61S1Mkw","AUWE5mavGyGZdWzP5iCoZwQ","S5KkcRBZL_QeCJB-llvIKJQ","S5KkcCUNAiCqXd3-KzrdP","S5KkcRUhM8QfUJR78kPYCcw","S5KkcREwR_VXRIB78kvRYcg","S5KkcGHh7ohe_eGmh955R","S5KkcR0tMoFaBKE6mkqVedQ","S-awtF0lcrBaIfk30lQ","S5KkcFmZugTeXYU-BwohR","S5KkcRx8YpwWBIhP2lvRYdw","Svf53Qhcd913WPRv8kvEIcw","S5KkcRh0a8wHRcUn1k6Zecw","S3qgxFktKsTuUeEWz","S5KkcR0pN8VLTKRr9kPAIcw","S5KkcREhN9lGBJBPykPBfcg","Sv_51Qx8f90nfIx78lvMCdA","S5KkcGmxRkT6OaHuA3bFz","SvP1yRsuQcYJUuM9CKA","S5KkcBEVAkhCIemyK3p53","Sv_VxQhcQ91TfIhyb1A","S3KQnFXF-rAqD"]
助力失败～~
助力失败～~
助力失败～~
助力失败～~
助力失败～~
助力失败～~
助力失败～~
助力失败～~
助力失败～~
助力失败～~
助力失败～~
助力失败～~
助力失败～~
助力失败～~
助力失败～~
助力失败～~
助力失败～~
助力失败～~
助力失败～~
助力失败～~
助力失败～~
助力失败～~
助力失败～~
助力失败～~
助力失败～~
助力失败～~
助力失败～~
助力失败～~
助力失败～~
本次获得0京豆，0金币
累计获得390京豆，228000金币
可兑换22.8元无门槛红包
兑换入口:京东赚赚微信小程序->赚好礼->金币提现

******开始【京东账号2】Ycp_Dream*********

由于您第2个京东账号未提供shareCode,将采纳本脚本自带的助力码

开始
随机取20个码放到您固定的互助码后面(不影响已有固定互助)
第2个京东账号将要助力的好友["ATGEC3-fsrn13aiaEqiM","AUWE5maSSnzFeDmH4iH0elA","AUWE5m6WUmDdZC2mr1XhJlQ","AUWE5m_jEzjJZDTKr3nwfkg","A06fNSRc4GIqY38pMBeLKQE2InZA","AUWE5m6_BmTUPAGH42SpOkg","AUWE53NTIs3V8YBqthQMI","AUWE5m6yVxTJcWjWr3nRIlw","S5KkcRhhM_QXXJUnylaQKcQ","S5KkcCGFBhxalYnyg0IpM","S5KkcF2hokSuvRWGQ4LR5","S5KkcEWdDrSmrYHCy96Vr","S5KkcBm1wjC2CYVOhy4Jq","S5KkcRE1P9wHVc0vwxf4Odw","Sv_52Qxof_FfRIRub1A","Sv_hzQR8e9lTUJhqb1A","S-agtFk9AsQw","S5KkcRhce8QKEJxqmlfADcQ","Sv_hzQRsR9FHSKBub1A","S-ak5MmFBlQK3ZH-03qk","S5KkcREgQoVfVIR-inPBYcg","S5KkcJH5HqgGNfkaH1I9r","S5KkcRx4R9l3QKBzywPBcfA","S6KQmAldEpBSLdQ","S5KkcRxxM_AGGdRr1wKYIdw","S-bgwGEFctgyGfg","S5KkcRR8b8ALeKRz9xvUOcA","Sv_l3SB0Y8l3SPRP9kvANcA"]
助力失败～~
助力失败～~
