
🔔京东赚赚, 开始!

====================共4个京东账号Cookie=========

==================脚本执行- 北京时间(UTC+8)：6/30/2021, 3:29:13 PM=====================

开始获取京东赚赚配置文件

共4个京东账号

您提供了0个账号的京东赚赚助力码


******开始【京东账号1】Ymh__Sirius*********

由于您第1个京东账号未提供shareCode,将采纳本脚本自带的助力码

开始
随机取20个码放到您固定的互助码后面(不影响已有固定互助)
第1个京东账号将要助力的好友["ATGEC3-fsrn13aiaEqiM","AUWE5maSSnzFeDmH4iH0elA","AUWE5m6WUmDdZC2mr1XhJlQ","AUWE5m_jEzjJZDTKr3nwfkg","A06fNSRc4GIqY38pMBeLKQE2InZA","AUWE5mf7ExDZdDmH7j3wfkA","AUWE5m6jBy2cNAWX7j31Pxw","AUWE5mK2UnDddDTX61S1Mkw","AUWE5mavGyGZdWzP5iCoZwQ","eU9YBYvjOKpVki2pkQR5","S5KkcCF5TtDeXdX6I44Rd","AcUE5nquTzT0LC2A","S6qw6FE9QsBTTIR8","S5KkcR0hMowGDcRr9l6NZIA","AWG0CwPPHjmtLVg-l","S4qItF1lIqwORIQ","S5KkcRxgY8wWGdh7zxaNYIQ","S5KkcRktI8gCGcRz2laYIdg","S5KkcRE0co1LXcx78wfAMJw","S5KkcRUtN81yCcRvxnaELcA","SanbNlJakLdBK96NtTEe_","S4KomHldc","S5KkcRRcRowHfdEnwwKNYJg","S-aklCF9LsSKgZXq3yLc","AUWE5m6XEmWcNCTX-3XlJxA","S4qAvLx8Z9FQ","S5KkcKGBFvyWFenigxatN","S5KkcRRdPoVzVdBz3wP4KJw","S5KkcRkwfpAGFJUn9wfQPdw"]
助力失败～~
助力失败～~
助力失败～~
助力失败～~
助力失败～~
助力失败～~
助力失败～~
助力失败～~
助力失败～~
助力失败～~
助力失败～~
助力失败～~
助力失败～~
助力失败～~
助力失败～~
助力失败～~
助力失败～~
助力失败～~
助力失败～~
助力失败～~
助力失败～~
助力失败～~
助力失败～~
助力失败～~
助力失败～~
助力失败～~
助力失败～~
助力失败～~
助力失败～~
本次获得0京豆，0金币
累计获得404京豆，233600金币
可兑换23.36元无门槛红包
兑换入口:京东赚赚微信小程序->赚好礼->金币提现

******开始【京东账号2】Ycp_Dream*********

由于您第2个京东账号未提供shareCode,将采纳本脚本自带的助力码

开始
随机取20个码放到您固定的互助码后面(不影响已有固定互助)
第2个京东账号将要助力的好友["ATGEC3-fsrn13aiaEqiM","AUWE5maSSnzFeDmH4iH0elA","AUWE5m6WUmDdZC2mr1XhJlQ","AUWE5m_jEzjJZDTKr3nwfkg","A06fNSRc4GIqY38pMBeLKQE2InZA","AUWE5m6_BmTUPAGH42SpOkg","AUWE53NTIs3V8YBqthQMI","AUWE5m6yVxTJcWjWr3nRIlw","S5KkcRkpPpFfVIB2ilPQLIA","SvPp1QB4e8V3fT0c","6SGuVEMs2GwJ_5E","SufhwlaudIMpm9ZJGTV6yrBeO3Ptp","S5qQlEUddrQ","S5KkcREhKo1yCKRPzwqIIcA","S5KkcRxscoFzQIB78kaUKJQ","S5KkcRkwR813ecROixvRbIA","S5KkcCX1dghGMVEKm65dq","S5KkcRR8a_VTUJRn2wPACfQ","S9KAiSBgb8g","S5KkcR0se_VbSJkn8nPQJdw","S5KkcRE0c91fVJx_wwfNfdg","SZnL0loyPId1s95R5","SuvtzRx8b8knUJhzxnPIPcA","Sv_57QB8Z9FfVKB-b1A","S5KkcRRsRp1WGIkz8lPIPdQ","Suf5xSBoY8VTKJRz0lP8Mclg","eU9Yauq0N6ok-GnVnXoRgA","SaEbKmY2nINRo9JNSlPcIcw"]
助力失败～~
助力失败～~
助力失败～~
助力失败～~
助力失败～~
助力失败～~
助力失败～~
助力失败～~
助力失败～~
助力失败～~
助力失败～~
助力失败～~
助力失败～~
助力失败～~
助力失败～~
助力失败～~
助力失败～~
助力失败～~
助力失败～~
助力失败～~
助力失败～~
助力失败～~
助力失败～~
助力失败～~
助力失败～~
助力失败～~
助力失败～~
助力失败～~
本次获得0京豆，0金币
累计获得87京豆，50600金币
可兑换5.06元无门槛红包
兑换入口:京东赚赚微信小程序->赚好礼->金币提现

******开始【京东账号3】jd_585601a83bd48*********

由于您第3个京东账号未提供shareCode,将采纳本脚本自带的助力码

开始
随机取20个码放到您固定的互助码后面(不影响已有固定互助)
第3个京东账号将要助力的好友["ATGEC3-fsrn13aiaEqiM","AUWE5maSSnzFeDmH4iH0elA","AUWE5m6WUmDdZC2mr1XhJlQ","AUWE5m_jEzjJZDTKr3nwfkg","A06fNSRc4GIqY38pMBeLKQE2InZA","AUWE5m6_BmTUPAGH42SpOkg","AUWE53NTIs3V8YBqthQMI","AUWE5m6yVxTJcWjWr3nRIlw","SZk7iloOlI_hL9JB-","S7_h3QhsY813X","S7yrBzcmqaA","S5KkcCEZtqiKSd0Opwo9_","S768gFEtP8lzT","S5KkcNWVzrwawZWWQ7rF0","S5KkcRksfoFyGKU6ixaJcfA","SaFXmmY2nIOtI9rF6QVeDrNGNX0fR","S5KkcOWNYsTOFZUid3LdY","S5KkcRx4Y_VDWcUmmk6NccA","S5KkcIkZBhjeMZH2r1aRW","S5KkcRhZI91OCI06infcKIA","S5KkcRhtN9AbeI0uiwKUCdw","S5KkcRk8Q8lDeJU71lfVbdQ","S5KkcGmxRkT6OaHuA3bFz","S5KkcRhpNoweGIBr9waVfcw","S5KkcREob_FeBck73xfAMcg","S7KQvHF1MpBKCYg","S_aI2FE9HoA","S6awsCUdarQGJdx3ynA"]
助力失败～~
助力失败～~
助力失败～~
助力失败～~
助力失败～~
助力失败～~
助力失败～~
助力失败～~
助力失败～~
助力失败～~
助力失败～~
助力失败～~
助力失败～~
助力失败～~
助力失败～~
助力失败～~
助力失败～~
助力失败～~
助力失败～~
助力失败～~
助力失败～~
助力失败～~
助力失败～~
助力失败～~
助力失败～~
助力失败～~
助力失败～~
助力失败～~
本次获得0京豆，0金币
累计获得74京豆，36200金币
可兑换3.62元无门槛红包
兑换入口:京东赚赚微信小程序->赚好礼->金币提现

******开始【京东账号4】jd_157332ewky*********

由于您第4个京东账号未提供shareCode,将采纳本脚本自带的助力码

开始
随机取20个码放到您固定的互助码后面(不影响已有固定互助)
第4个京东账号将要助力的好友["ATGEC3-fsrn13aiaEqiM","AUWE5maSSnzFeDmH4iH0elA","AUWE5m6WUmDdZC2mr1XhJlQ","AUWE5m_jEzjJZDTKr3nwfkg","A06fNSRc4GIqY38pMBeLKQE2InZA","AUWE5m6_BmTUPAGH42SpOkg","AUWE53NTIs3V8YBqthQMI","AUWE5m6yVxTJcWjWr3nRIlw","SanDflJaTIdxn9JJuQUKHodkoUB50","AUWE5maTEmGYJXWCp3XVCnA","S5KkcRhtLpFWBck72wfYDdw","S5KkcR08f8wDQI0zwwPINIA","S5KkcRRYd9wCDcR6gxqUMJw","S5KkcNE1tkSmockaO7K53","S5KkcE0xeqyuTSmWw7oxg","S5KkcRBoQ81TfKRynkfQLJw","S5KkcIXpajjOQSFuQ46t1","S7L8iBkEQ9Fy4c0Q","S5KkcKmJlrDesYFme_KRN","S5KkcRkgZ9wLUcUmlkKMIcA","S5KkcIWZjrxaTWl2e5YxT","S5KkcRU9K8AfQIE7yxaVccg","S5KkcRBocoVDXdhj3wfJeIQ","S5KkcRRhI_FSEJ0-ilaVcJg","Sv_57QRce9F3WKR6b1A","S5KkcR08coVGFJxzykfEKfQ","S5KkcRhxPoAXWIRvyxaMKcA","S5KkcRBoe8gXWcROmwqZfdw"]
助力失败～~
助力失败～~
助力失败～~
助力失败～~
助力失败～~
助力失败～~
助力失败～~
助力失败～~
助力失败～~
助力失败～~
助力失败～~
助力失败～~
助力失败～~
助力失败～~
助力失败～~
助力失败～~
助力失败～~
助力失败～~
助力失败～~
助力失败～~
助力失败～~
助力失败～~
助力失败～~
助力失败～~
助力失败～~
助力失败～~
助力失败～~
助力失败～~
本次获得0京豆，0金币
累计获得239京豆，140000金币
可兑换14元无门槛红包
兑换入口:京东赚赚微信小程序->赚好礼->金币提现

🔔京东赚赚, 结束! 🕛 61.293 秒

