
🔔京东赚赚, 开始!

====================共2个京东账号Cookie=========

==================脚本执行- 北京时间(UTC+8)：7/12/2021, 2:09:48 AM=====================

开始获取京东赚赚配置文件

共2个京东账号

您提供了0个账号的京东赚赚助力码


******开始【京东账号1】Ymh__Sirius*********

由于您第1个京东账号未提供shareCode,将采纳本脚本自带的助力码

开始
随机取20个码放到您固定的互助码后面(不影响已有固定互助)
第1个京东账号将要助力的好友["ATGEC3-fsrn13aiaEqiM","AUWE5maSSnzFeDmH4iH0elA","AUWE5m6WUmDdZC2mr1XhJlQ","AUWE5m_jEzjJZDTKr3nwfkg","A06fNSRc4GIqY38pMBeLKQE2InZA","AUWE5mf7ExDZdDmH7j3wfkA","AUWE5m6jBy2cNAWX7j31Pxw","AUWE5mK2UnDddDTX61S1Mkw","AUWE5mavGyGZdWzP5iCoZwQ","S5KkcRkoR8wfUIx2lkPBfcg","S5KkcRhxPoAXWIRvyxaMKcA","Sa2nMmbWBIv5j96J1QkS_","S5KkcFFxzgSeTXEWw0Yhq","S5KkcRhxM9VCGIx_xlPBcIA","SaFPUmKeaIOBY","S7K4hE0o","S__96QRca91HQJg","S5KkcAWZKoBGpZG6u3IFe","SaXb8mL60LdB6-J5ZlPAKfA","S-r4gB1Z2qA","S5KkcRkwZ812BKRqgwP5ecg","S9qQiH1dGqwPSJRP9lw","AUWE5y_HVjlNgTgaPmw4r","S5KkcRhlL8lPXIk7xx_8IJg","S5KkcRk9K8lXfIBumnPUJIQ","S9qQiH0hMrFbVIBr1","S5KkcREga9wHVJB72x6QLJg","S5KkcEltiri6VeVm09Z5P","S5KkcJUZ5ozK3Znm0y5FP"]
助力失败～~
助力失败～~
助力失败～~
助力失败～~
助力失败～~
助力失败～~
助力失败～~
助力失败～~
助力失败～~
助力失败～~
助力失败～~
助力失败～~
助力失败～~
助力失败～~
助力失败～~
助力失败～~
助力失败～~
助力失败～~
助力失败～~
助力失败～~
助力失败～~
助力失败～~
助力失败～~
助力失败～~
助力失败～~
助力失败～~
助力失败～~
助力失败～~
助力失败～~
本次获得0京豆，0金币
累计获得444京豆，249300金币
可兑换24.93元无门槛红包
兑换入口:京东赚赚微信小程序->赚好礼->金币提现

******开始【京东账号2】Ycp_Dream*********

由于您第2个京东账号未提供shareCode,将采纳本脚本自带的助力码

开始
随机取20个码放到您固定的互助码后面(不影响已有固定互助)
第2个京东账号将要助力的好友["ATGEC3-fsrn13aiaEqiM","AUWE5maSSnzFeDmH4iH0elA","AUWE5m6WUmDdZC2mr1XhJlQ","AUWE5m_jEzjJZDTKr3nwfkg","A06fNSRc4GIqY38pMBeLKQE2InZA","AUWE5m6_BmTUPAGH42SpOkg","AUWE53NTIs3V8YBqthQMI","AUWE5m6yVxTJcWjWr3nRIlw","S-akPEl5uqQavd3CIzJ0","S5KkcBVRoqS-FWF22xYR9","S968wSR4Q91I","Sv_5yRR8Z9VbRIRqb1A","2e65c14a8e446d3a5c74718153dbacf4","AV28Ona-TzjwBDg","Sa2PKlYCgIMpu9YRNTVqjdpKENQ","S_bg5GVpMqwM","Sa3PTlJSzLdpuIh_0","S5KkcPVZigyK-Unys4Y9Y","S5KkcRh5K8FfRIUvwkPBeIA","S5KkcRxcfpAWEdhvzkvUPJQ","S_Kg3BVxH9F3eIg","S5KkcRk9PoALQdBP0wfIIIg","S-aoxGUo","S5KkcR0hPpAWBKB38kfYLcg","AT2wHwfHBk2JAUT6v1XpM","S5KkcRhxM9VCGIx_xlPBcIA","Svf9wQhoe8lzXPRPwkf4IcQ","Sv_hzQR8e9lTUJhqb1A"]
助力失败～~
助力失败～~
助力失败～~
助力失败～~
助力失败～~
助力失败～~
助力失败～~
助力失败～~
助力失败～~
助力失败～~
助力失败～~
助力失败～~
助力失败～~
助力失败～~
助力失败～~
助力失败～~
助力失败～~
助力失败～~
助力失败～~
助力失败～~
助力失败～~
助力失败～~
助力失败～~
助力失败～~
助力失败～~
助力失败～~
助力失败～~
助力失败～~
本次获得0京豆，0金币
累计获得93京豆，55000金币
可兑换5.5元无门槛红包
兑换入口:京东赚赚微信小程序->赚好礼->金币提现

🔔京东赚赚, 结束! 🕛 8.857 秒

