
🔔京东赚赚, 开始!

====================共2个京东账号Cookie=========

==================脚本执行- 北京时间(UTC+8)：7/12/2021, 1:02:08 AM=====================

开始获取京东赚赚配置文件

共2个京东账号

您提供了0个账号的京东赚赚助力码


******开始【京东账号1】Ymh__Sirius*********

由于您第1个京东账号未提供shareCode,将采纳本脚本自带的助力码

开始
随机取20个码放到您固定的互助码后面(不影响已有固定互助)
第1个京东账号将要助力的好友["ATGEC3-fsrn13aiaEqiM","AUWE5maSSnzFeDmH4iH0elA","AUWE5m6WUmDdZC2mr1XhJlQ","AUWE5m_jEzjJZDTKr3nwfkg","A06fNSRc4GIqY38pMBeLKQE2InZA","AUWE5mf7ExDZdDmH7j3wfkA","AUWE5m6jBy2cNAWX7j31Pxw","AUWE5mK2UnDddDTX61S1Mkw","AUWE5mavGyGZdWzP5iCoZwQ","S7bU6Ek9LpFzf","S5KkcRhhMpgXTIBvznP5efQ","S5KkcN0dYjzC1dm-D46l5","S5KkcRktN91XTcxKilPNYIQ","S-r8pRhka8VXQIhj1","S5KkcRh9N8VfXdRKnwv9bIQ","S4qwtF1Zc_VbWIg","S5KkcR0gZ9FCEJR7zwvNcJw","S5KkcRkse8FLSKRv9lPdfdQ","SaVnfl7q1INtk9JRZ","S5KkcRxYf8lDTchj8wKUDJQ","Sv_57Rxkb_VPXKB2b1A","SuvR2SRgR8Fbe","S5KkcRxYf9lfVIEz0waQPdg","cb58556d427d45e1b5eebd11297124a0","S5KkcRx5N9FaDIxOgkaJfIQ","Sv_lzQRkf8VLVPRjzk_UJcg","SwKgqHlo","S5KkcRx8Y9FzTJEigxv9fdQ","S_L8rFU9foAq4YkWnzw"]
助力失败～~
助力失败～~
助力失败～~
助力失败～~
助力失败～~
助力失败～~
助力失败～~
助力失败～~
助力失败～~
助力失败～~
助力失败～~
助力失败～~
助力失败～~
助力失败～~
助力失败～~
助力失败～~
助力失败～~
助力失败～~
助力失败～~
助力失败～~
助力失败～~
助力失败～~
助力失败～~
助力失败～~
助力失败～~
助力失败～~
助力失败～~
助力失败～~
助力失败～~
本次获得0京豆，0金币
累计获得444京豆，249300金币
可兑换24.93元无门槛红包
兑换入口:京东赚赚微信小程序->赚好礼->金币提现

******开始【京东账号2】Ycp_Dream*********

由于您第2个京东账号未提供shareCode,将采纳本脚本自带的助力码

开始
随机取20个码放到您固定的互助码后面(不影响已有固定互助)
第2个京东账号将要助力的好友["ATGEC3-fsrn13aiaEqiM","AUWE5maSSnzFeDmH4iH0elA","AUWE5m6WUmDdZC2mr1XhJlQ","AUWE5m_jEzjJZDTKr3nwfkg","A06fNSRc4GIqY38pMBeLKQE2InZA","AUWE5m6_BmTUPAGH42SpOkg","AUWE53NTIs3V8YBqthQMI","AUWE5m6yVxTJcWjWr3nRIlw","9bf54e96c5df466c903dc87d5aea6dd1","Suv9yRBYQ8FbR","Sa0vOlrOMIdxn94hTlvcIdQ","S5KkcPkRIsw2Qc0mgwKZu","S5KkcRxoQ_FSCJBqixaJbdA","S5KkcRBge_VCFc078kqJZdQ","S9_x6SR9R9VfXIw","Sa1zrlpaR9F3eKA","S5KkcRU8c8lOEJk7wlfZYdQ","S5KkcNU1avQqkQluB8pJs","S7_xwQxcZ8F3Q","Sa3fcmK6oIMBA","Sa13KmJqcI_Ni9ZBT","S5KkcFkBZixezSkux4qh2","S5KkcRExIoVyGIUynkf5bdw","S5KkcRx5K9lyDJBv0lqNcIA","bjZ3D0r_sQQXjF5irm1PQA==","S5KkcEWdDrSmrYHCy96Vr","S9vxzQhwb91U","S5KkcPGxFrzascXmO94N_"]
助力失败～~
助力失败～~
助力失败～~
助力失败～~
助力失败～~
助力失败～~
助力失败～~
助力失败～~
助力失败～~
助力失败～~
助力失败～~
助力失败～~
助力失败～~
助力失败～~
助力失败～~
助力失败～~
助力失败～~
助力失败～~
助力失败～~
助力失败～~
助力失败～~
助力失败～~
助力失败～~
助力失败～~
助力失败～~
助力失败～~
助力失败～~
助力失败～~
本次获得0京豆，0金币
累计获得93京豆，55000金币
可兑换5.5元无门槛红包
兑换入口:京东赚赚微信小程序->赚好礼->金币提现

🔔京东赚赚, 结束! 🕛 7.853 秒

