
🔔京东赚赚, 开始!

====================共5个京东账号Cookie=========

==================脚本执行- 北京时间(UTC+8)：7/2/2021, 10:07:29 AM=====================

开始获取京东赚赚配置文件

共5个京东账号

您提供了0个账号的京东赚赚助力码


******开始【京东账号1】Ymh__Sirius*********

由于您第1个京东账号未提供shareCode,将采纳本脚本自带的助力码

开始
随机取20个码放到您固定的互助码后面(不影响已有固定互助)
第1个京东账号将要助力的好友["ATGEC3-fsrn13aiaEqiM","AUWE5maSSnzFeDmH4iH0elA","AUWE5m6WUmDdZC2mr1XhJlQ","AUWE5m_jEzjJZDTKr3nwfkg","A06fNSRc4GIqY38pMBeLKQE2InZA","AUWE5mf7ExDZdDmH7j3wfkA","AUWE5m6jBy2cNAWX7j31Pxw","AUWE5mK2UnDddDTX61S1Mkw","AUWE5mavGyGZdWzP5iCoZwQ","S5KkcRBwe9FPXKEulnP4CJg","SvflwRRsR91bSPRPykPECfA","S5KkcRk0Z8AHTcx7xwvAJIA","S4KswAR8Y","S5KkcKXlIqwKkQ1mIzoBg","Sv_52Qxof_FfRIRub1A","S5KkcJH5HqgGNfkaH1I9r","Sv_5wQx0a9lDTJRib1A","S5KkcRhtK8lzWJ0-hnfRbJw","S5KkcRUgf9AaDKE_0nP4PfA","S5KkcR08c_VDXdB_xx_RccA","S96wtCExG91TXJ3Wp","SaGHgl5CUrA","S-akuAWBlpiaJdWiD5os","S5KkcRksfoFyGKU6ixaJcfA","S9KUiHklOsAuLeRv0lfc","S5KkcRhoR8gHTdRL8lKFcdA","S4rg6GUBO9F3eJBr8lv4","S-aItHUE","SwpIJOmg"]
助力失败～~
助力失败～~
助力失败～~
助力失败～~
助力失败～~
助力失败～~
助力失败～~
助力失败～~
助力失败～~
助力失败～~
助力失败～~
助力失败～~
助力失败～~
助力失败～~
助力失败～~
助力失败～~
助力失败～~
助力失败～~
助力失败～~
助力失败～~
助力失败～~
助力失败～~
助力失败～~
助力失败～~
助力失败～~
助力失败～~
助力失败～~
助力失败～~
助力失败～~
本次获得0京豆，0金币
累计获得412京豆，236100金币
可兑换23.61元无门槛红包
兑换入口:京东赚赚微信小程序->赚好礼->金币提现

******开始【京东账号2】Ycp_Dream*********

由于您第2个京东账号未提供shareCode,将采纳本脚本自带的助力码

开始
随机取20个码放到您固定的互助码后面(不影响已有固定互助)
第2个京东账号将要助力的好友["ATGEC3-fsrn13aiaEqiM","AUWE5maSSnzFeDmH4iH0elA","AUWE5m6WUmDdZC2mr1XhJlQ","AUWE5m_jEzjJZDTKr3nwfkg","A06fNSRc4GIqY38pMBeLKQE2InZA","AUWE5m6_BmTUPAGH42SpOkg","AUWE53NTIs3V8YBqthQMI","AUWE5m6yVxTJcWjWr3nRIlw","S5KkcRhxPoAXWIRvyxaMKcA","jdnc_1_btorange210108_2","S-aktIndgszafXl-d46s","S5KkcRh8ZowfQJhLzwvMIJw","S5KkcRBZM9lLQJxnzxaEJJQ","S5KkcHW1QhAGteH-Xxq93","AQ2wI3fzOojUPCmQ","S5KkcNlxejh2TWU-mxpNb","S5KkcRx4Y9lLWI0zwnPMMIA","S5KkcRU8Q9lfecU7wk_NbIg","Sv_5wQx0a9lDTJRib1A","S7awsGltHqQU","S5KkcBWRDjTSjQnil9oF9","S5KkcGmdPvCeuU3i914ZN","S5KkcJGdviTezV2WnxZRQ","S5KkcRh5I8AHQdh_xwP4MdA","S5KkcRkgco1HXJE-iwKMLIQ","S-awtF1Yf","S5KkcRBZMpFOFIBv9kfQJdQ","S5KkcBUBqiw-GRUml56Z8"]
助力失败～~
助力失败～~
助力失败～~
助力失败～~
助力失败～~
助力失败～~
助力失败～~
助力失败～~
助力失败～~
助力失败～~
助力失败～~
助力失败～~
助力失败～~
助力失败～~
助力失败～~
助力失败～~
助力失败～~
助力失败～~
助力失败～~
助力失败～~
助力失败～~
助力失败～~
助力失败～~
助力失败～~
助力失败～~
助力失败～~
助力失败～~
助力失败～~
去做任务：签到有礼
任务完成，获得 800;500;800;500;800;500;800 金币，2 京豆
去做任务：浏览首页爆款商品
任务完成，获得 200 金币，0 京豆
去做任务：浏览生鲜小程序
任务完成，获得 200 金币，0 京豆
去做任务：劲爆折扣尽在京东超市
任务完成，获得 200 金币，0 京豆

==============📣系统通知📣==============
京东赚赚
京东账号2 Ycp_Dream
本次获得2京豆，1400金币
累计获得89京豆，52000金币
可兑换5.2元无门槛红包
兑换入口:京东赚赚微信小程序->赚好礼->金币提现

******开始【京东账号3】jd_585601a83bd48*********

由于您第3个京东账号未提供shareCode,将采纳本脚本自带的助力码

开始
随机取20个码放到您固定的互助码后面(不影响已有固定互助)
第3个京东账号将要助力的好友["ATGEC3-fsrn13aiaEqiM","AUWE5maSSnzFeDmH4iH0elA","AUWE5m6WUmDdZC2mr1XhJlQ","AUWE5m_jEzjJZDTKr3nwfkg","A06fNSRc4GIqY38pMBeLKQE2InZA","AUWE5m6_BmTUPAGH42SpOkg","AUWE53NTIs3V8YBqthQMI","AUWE5m6yVxTJcWjWr3nRIlw","S5KkcN21Ogi2MREyy_Y1Q","S5KkcR01I9gHUJBKglKUNcA","S5KkcFV9Ivy6Uf0yi7q9c","Sv_VzQxwe8FfSKBqb1A","S5KkcRhpP9FXfIkj0kfZedw","S5KkcRRwfplXecRv9waILIQ","S5KkcCmd9oSqeYnum8b5Q","S5KkcJHlsvAu_SFqX7L9c","S5KkcRktI8gCGcRz2laYIdg","S5KkcREoR8FLRckz2laINIQ","S5KkcE295jCq0Zm-N4b1T","S5KkcCE9-rAeXWn6z551Q","S5KkcRB4Z81HWKRPywqRZIA","S46QuEQ","S4bUvQRcR8Q","SaFDrlamJIdly","S5KkcRB4Qp1fScRP2xfIMfA","S5KkcEk1KjDOLU3ij8pBt","S5qwsLx8b9lDWIg","S5KkcRxwR8VODdB6iwf4PJQ"]
助力失败～~
助力失败～~
助力失败～~
助力失败～~
助力失败～~
助力失败～~
助力失败～~
助力失败～~
助力失败～~
助力失败～~
助力失败～~
助力失败～~
助力失败～~
助力失败～~
助力失败～~
助力失败～~
助力失败～~
助力失败～~
助力失败～~
助力失败～~
助力失败～~
助力失败～~
助力失败～~
助力失败～~
助力失败～~
助力失败～~
助力失败～~
助力失败～~
去做任务：签到有礼
任务完成，获得 800;500;800;500;800;500;800 金币，2 京豆
去做任务：浏览首页爆款商品
任务完成，获得 200 金币，0 京豆
去做任务：浏览生鲜小程序
任务完成，获得 200 金币，0 京豆
去做任务：劲爆折扣尽在京东超市
任务完成，获得 200 金币，0 京豆

==============📣系统通知📣==============
京东赚赚
京东账号3 jd_585601a83bd48
本次获得2京豆，1400金币
累计获得76京豆，37600金币
可兑换3.76元无门槛红包
兑换入口:京东赚赚微信小程序->赚好礼->金币提现

******开始【京东账号4】jd_157332ewky*********

由于您第4个京东账号未提供shareCode,将采纳本脚本自带的助力码

开始
随机取20个码放到您固定的互助码后面(不影响已有固定互助)
第4个京东账号将要助力的好友["ATGEC3-fsrn13aiaEqiM","AUWE5maSSnzFeDmH4iH0elA","AUWE5m6WUmDdZC2mr1XhJlQ","AUWE5m_jEzjJZDTKr3nwfkg","A06fNSRc4GIqY38pMBeLKQE2InZA","AUWE5m6_BmTUPAGH42SpOkg","AUWE53NTIs3V8YBqthQMI","AUWE5m6yVxTJcWjWr3nRIlw","S9rgvGU1BoArXIQ","S5KkcRUtMo1XVdBmml_IMcA","S5KkcImFcgSuwRkyv679R","S5KkcRBwe9FPXKEulnP4CJg","S5KkcRxsZ81yFJRz0lKECfA","Sv_13QxcQ8VTKIhr3nfYN","Sv_5zRxYb8lTVIRyb1A","S5KkcB15ioT2eWmWC4rFw","8jhVG2HKQzKrfc3eWGgXhA==","S6aklA0xApAs","S5KkcFmtlvzS0XH-q7LZM","S96g6Gg","S5KkcO1lAjBaEYGWt0Yxs","S5KkcRxkbpFWFIxj2x6IOIg","S-qIuHVd2rQHW","S5KkcRh1N8wWEdh6gxfEIJQ","S5KkcRB0f81HRJRzxnaUKdg","S5KkcRhYe913fIxiixvcJdg","SyqQgGx8a_A","S_bg5GVpMqwM"]
助力失败～~
助力失败～~
助力失败～~
助力失败～~
助力失败～~
助力失败～~
助力失败～~
助力失败～~
助力失败～~
助力失败～~
助力失败～~
助力失败～~
助力失败～~
助力失败～~
助力失败～~
助力失败～~
助力失败～~
助力失败～~
助力失败～~
助力失败～~
助力失败～~
助力失败～~
助力失败～~
助力失败～~
助力失败～~
助力失败～~
助力失败～~
助力失败～~
去做任务：签到有礼
任务完成，获得 800;500;800;500;800;500;800 金币，2 京豆
去做任务：浏览首页爆款商品
任务完成，获得 200 金币，0 京豆
去做任务：浏览生鲜小程序
任务完成，获得 200 金币，0 京豆
去做任务：劲爆折扣尽在京东超市
任务完成，获得 200 金币，0 京豆

==============📣系统通知📣==============
京东赚赚
京东账号4 jd_157332ewky
本次获得2京豆，1400金币
累计获得241京豆，141400金币
可兑换14.14元无门槛红包
兑换入口:京东赚赚微信小程序->赚好礼->金币提现

******开始【京东账号5】jd_157332zdf*********

由于您第5个京东账号未提供shareCode,将采纳本脚本自带的助力码

开始
随机取20个码放到您固定的互助码后面(不影响已有固定互助)
第5个京东账号将要助力的好友["ATGEC3-fsrn13aiaEqiM","AUWE5maSSnzFeDmH4iH0elA","AUWE5m6WUmDdZC2mr1XhJlQ","AUWE5m_jEzjJZDTKr3nwfkg","A06fNSRc4GIqY38pMBeLKQE2InZA","AUWE5m6_BmTUPAGH42SpOkg","AUWE53NTIs3V8YBqthQMI","AUWE5m6yVxTJcWjWr3nRIlw","S5KkcRB0YoFXTIhqlwPVYcg","S_aUmBkFH_VE","S9LwtQhcb_VbUIBv3","S5KkcN0dYjzC1dm-D46l5","S5KkcRhscpFDTdBrwwPZcdg","S5KkcE3ZYjyuUQliw7Ytb","SvPR2Rhke9V3XPRjykfIPdA","ACj1UmKiXzDIIAWmXnQ","S5KkcRhYe913fIxiixvcJdg","S5KkcRh9P9gKCdBrzk_BcIQ","S5KkcRhgY8VzWJRulnKJecg","S5KkcRk0YoQHRJB7ykKVcdw","S5KkcRBYd8VzRKRKgxfICJg","S-akWM0VxsAyNeG2n_IA","AUWE5m__EzWEKCWSu334Zkg","Sa0LomZa2LNx49JJJQ1e8","SaWbjl4u0IOFT","S5KkcRBZMpFOFIBv9kfQJdQ","S5KkcFkdQriiLRnOL_JZS","S5KkcREof91TScRqgkPBcfQ"]
助力失败～~
助力失败～~
助力失败～~
助力失败～~
助力失败～~
助力失败～~
助力失败～~
助力失败～~
助力失败～~
助力失败～~
助力失败～~
助力失败～~
助力失败～~
助力失败～~
助力失败～~
助力失败～~
助力失败～~
助力失败～~
助力失败～~
助力失败～~
助力失败～~
助力失败～~
助力失败～~
助力失败～~
助力失败～~
助力失败～~
助力失败～~
助力失败～~
去做任务：签到有礼
任务完成，获得 800;500;800;500;800;500;800 金币，2 京豆
去做任务：浏览首页爆款商品
任务完成，获得 200 金币，0 京豆
去做任务：浏览生鲜小程序
任务完成，获得 200 金币，0 京豆
去做任务：劲爆折扣尽在京东超市
任务完成，获得 200 金币，0 京豆

==============📣系统通知📣==============
京东赚赚
京东账号5 jd_157332zdf
本次获得2京豆，1400金币
累计获得28京豆，16600金币
可兑换1.66元无门槛红包
兑换入口:京东赚赚微信小程序->赚好礼->金币提现

🔔京东赚赚, 结束! 🕛 133.098 秒

