
🔔京东赚赚, 开始!

====================共2个京东账号Cookie=========

==================脚本执行- 北京时间(UTC+8)：7/9/2021, 9:02:39 PM=====================

开始获取京东赚赚配置文件

共2个京东账号

您提供了0个账号的京东赚赚助力码


******开始【京东账号1】Ymh__Sirius*********

由于您第1个京东账号未提供shareCode,将采纳本脚本自带的助力码

开始
随机取20个码放到您固定的互助码后面(不影响已有固定互助)
第1个京东账号将要助力的好友["ATGEC3-fsrn13aiaEqiM","AUWE5maSSnzFeDmH4iH0elA","AUWE5m6WUmDdZC2mr1XhJlQ","AUWE5m_jEzjJZDTKr3nwfkg","A06fNSRc4GIqY38pMBeLKQE2InZA","AUWE5mf7ExDZdDmH7j3wfkA","AUWE5m6jBy2cNAWX7j31Pxw","AUWE5mK2UnDddDTX61S1Mkw","AUWE5mavGyGZdWzP5iCoZwQ","S5KkcRBwe9FPXKEulnP4CJg","AUHAHwa2QzzA","S5KkcRh5I91yFIEuhwPUNIA","S5KkcRhoe8lfVchyhwaMNIg","S5KkcRR8Y9gKGJxKhk6JbJg","SxKwqCUM","S5KkcRxoR8wbXKRvxwKFZIg","SZ1_Ql6KCIv5j9ZpLTXaGctEl","S5KkcBmdrsQyGSkWWz7FR","S5KkcRhcbpAaEcx39lKIDJQ","S-akNH0hLoimjcUSD_qt1","S5KkcRh9N9lbfKU6nlPZffA","S5rgtBEtb8FbWIw","S5KkcRBpN_FXSdRr0kv8CfA","S5KkcRxhK9QHXJBOhkaYMJQ","Sv_pyQB0d9VPKJB32nf8Odz8","SvP1yRsuQcYJUuM9CKA","S4rg6GUBO9F3eJBr8lv4","S6bgiHkkY9lHS","S5KkcIXpajjOQSFuQ46t1"]
助力失败～~
助力失败～~
助力失败～~
助力失败～~
助力失败～~
助力失败～~
助力失败～~
助力失败～~
助力失败～~
助力失败～~
助力失败～~
助力失败～~
助力失败～~
助力失败～~
助力失败～~
助力失败～~
助力失败～~
助力失败～~
助力失败～~
助力失败～~
助力失败～~
助力失败～~
助力失败～~
助力失败～~
助力失败～~
助力失败～~
助力失败～~
助力失败～~
助力失败～~
本次获得0京豆，0金币
累计获得436京豆，245400金币
可兑换24.54元无门槛红包
兑换入口:京东赚赚微信小程序->赚好礼->金币提现

******开始【京东账号2】Ycp_Dream*********

由于您第2个京东账号未提供shareCode,将采纳本脚本自带的助力码

开始
随机取20个码放到您固定的互助码后面(不影响已有固定互助)
第2个京东账号将要助力的好友["ATGEC3-fsrn13aiaEqiM","AUWE5maSSnzFeDmH4iH0elA","AUWE5m6WUmDdZC2mr1XhJlQ","AUWE5m_jEzjJZDTKr3nwfkg","A06fNSRc4GIqY38pMBeLKQE2InZA","AUWE5m6_BmTUPAGH42SpOkg","AUWE53NTIs3V8YBqthQMI","AUWE5m6yVxTJcWjWr3nRIlw","S5KkcFV9Ivy6Uf0yi7q9c","S5KkcRBZL_QeCJB-llvIKJQ","S5KkcRUwcoweFJBz9lvZfcw","S5KkcRhxM9VCGIx_xlPBcIA","S5KkcREwR_VXRIB78kvRYcg","AUWE5m6WZzGdbWjb6jy1MlQ","S5KkcRBsb_ADXJhr3kfRccg","S5KkcRRxPowfQcRmmkPAMIA","S5KkcRBcZp1KBJx_zxaUCcA","S5KkcKU1RnRaQXGWdzKtb","S7awqGl4b9VTe","S5KkcRhtN8VyCKUn3wvQDIQ","S5KkcRExMpFPVckvwlvVccA","S5KkcRx4e81DUc0vwwPAKcg","S5KkcGlxdoQizREGg5bV4","S-6Q0RVw","S_Kg3BVxH9F3eIg","SuvtzRx8b8knUJhzxnPIPcA","S4rV6Rw","S5KkcN0dxnCGmYGmF8Y5f"]
助力失败～~
助力失败～~
助力失败～~
助力失败～~
助力失败～~
助力失败～~
助力失败～~
助力失败～~
助力失败～~
助力失败～~
助力失败～~
助力失败～~
助力失败～~
助力失败～~
助力失败～~
助力失败～~
助力失败～~
助力失败～~
助力失败～~
助力失败～~
助力失败～~
助力失败～~
助力失败～~
助力失败～~
助力失败～~
助力失败～~
助力失败～~
助力失败～~
去做任务：签到有礼
任务完成，获得 800;500;800;500;800;500;800 金币，2 京豆
去做任务：浏览首页爆款商品
任务完成，获得 200 金币，0 京豆
去做任务：浏览生鲜小程序
任务完成，获得 200 金币，0 京豆
去做任务：劲爆折扣尽在京东超市
任务完成，获得 200 金币，0 京豆
去做任务：进群赢0元5斤民勤蜜瓜
任务完成，获得 200 金币，0 京豆

==============📣系统通知📣==============
京东赚赚
京东账号2 Ycp_Dream
本次获得2京豆，1600金币
累计获得91京豆，53600金币
可兑换5.36元无门槛红包
兑换入口:京东赚赚微信小程序->赚好礼->金币提现

🔔京东赚赚, 结束! 🕛 30.16 秒

