
🔔京东赚赚, 开始!

====================共2个京东账号Cookie=========

==================脚本执行- 北京时间(UTC+8)：7/12/2021, 1:10:27 AM=====================

开始获取京东赚赚配置文件

共2个京东账号

您提供了0个账号的京东赚赚助力码


******开始【京东账号1】Ymh__Sirius*********

由于您第1个京东账号未提供shareCode,将采纳本脚本自带的助力码

开始
随机取20个码放到您固定的互助码后面(不影响已有固定互助)
第1个京东账号将要助力的好友["ATGEC3-fsrn13aiaEqiM","AUWE5maSSnzFeDmH4iH0elA","AUWE5m6WUmDdZC2mr1XhJlQ","AUWE5m_jEzjJZDTKr3nwfkg","A06fNSRc4GIqY38pMBeLKQE2InZA","AUWE5mf7ExDZdDmH7j3wfkA","AUWE5m6jBy2cNAWX7j31Pxw","AUWE5mK2UnDddDTX61S1Mkw","AUWE5mavGyGZdWzP5iCoZwQ","S5KkcRR9L8lSCJRvykKNbcA","AUWE5mK2Sz2EMC2Op330bwQ","S5KkcRBdM91aCJRL2nfYOIA","SZ03elaCSIv5j9JJyQl64oR6j","S7aMoFVdR","Sa2Dalp2ULf1p","S5KkcA3trjD6ueGKC5qtY","S5KkcRx8doVLRdUyix6MLJg","S5KmmwKHOUfg","S5KkcRRYQ8V3QdBmik_4IfA","S5KkcRk0Y_VPXJxz9waINIQ","S5KkcEVtljCedf0-B65BT","S5KkcRB4Qp1fScRP2xfIMfA","S5KkcR0wQ9wDSKEn9wvBbdA","S9rkhQRgR","S96QtF1pIoFXVIho","S5KkcR00Q_AeBIhj8kKIMdQ","S5KkcRx8Z9FfWIE_wl_ANIA","jdnc_1_btorange210108_2","S9KUiHklBmgeJ"]
助力失败～~
助力失败～~
助力失败～~
助力失败～~
助力失败～~
助力失败～~
助力失败～~
助力失败～~
助力失败～~
助力失败～~
助力失败～~
助力失败～~
助力失败～~
助力失败～~
助力失败～~
助力失败～~
助力失败～~
助力失败～~
助力失败～~
助力失败～~
助力失败～~
助力失败～~
助力失败～~
助力失败～~
助力失败～~
助力失败～~
助力失败～~
助力失败～~
助力失败～~
本次获得0京豆，0金币
累计获得444京豆，249300金币
可兑换24.93元无门槛红包
兑换入口:京东赚赚微信小程序->赚好礼->金币提现

******开始【京东账号2】Ycp_Dream*********

由于您第2个京东账号未提供shareCode,将采纳本脚本自带的助力码

开始
随机取20个码放到您固定的互助码后面(不影响已有固定互助)
第2个京东账号将要助力的好友["ATGEC3-fsrn13aiaEqiM","AUWE5maSSnzFeDmH4iH0elA","AUWE5m6WUmDdZC2mr1XhJlQ","AUWE5m_jEzjJZDTKr3nwfkg","A06fNSRc4GIqY38pMBeLKQE2InZA","AUWE5m6_BmTUPAGH42SpOkg","AUWE53NTIs3V8YBqthQMI","AUWE5m6yVxTJcWjWr3nRIlw","S5KkcAFdQsgqJaUeu46xI","S5KkcRB9N8QbVdBrxlfcIdA","S5KkcRB8Z9lbTJR79x_YKJQ","S5KkcRhtN_FXWI0_3wPYDJg","Sv_lxQBoe9lzWPRjxl_cKcw","S5KkcJ3RxjA2eWU6n1Yx4","Su_l6Rhsc8l3XT0c","Sa13vmbWBI99T9JJP","S6aklA0xApAs","Sv_53Qx4a8VfRKR6b1A","S5KkcRBkZ8VCGchKmk_QCcg","S5KkcRRoYp1SEIBKhwKVfJg","S9L46Xh8c8VbUT0c","S5KkcKGRlqgCGeWyQ6Z1Y","RtGKzO2nR17wLIaTH4A1hUS-Zkm9SQFds7SLWTWEh7aJeJ7f4g","Sa336mJmG9Ffe","S7KgtChYY_A","S5KkcIEhzlQ-Qak-N84pg","SanfPlaOoIdxn975_lfU","S5KkcRksc9FWGdEv8xvdcdg"]
助力失败～~
助力失败～~
助力失败～~
助力失败～~
助力失败～~
助力失败～~
助力失败～~
助力失败～~
助力失败～~
助力失败～~
助力失败～~
助力失败～~
助力失败～~
助力失败～~
助力失败～~
助力失败～~
助力失败～~
助力失败～~
助力失败～~
助力失败～~
助力失败～~
助力失败～~
助力失败～~
助力失败～~
助力失败～~
助力失败～~
助力失败～~
助力失败～~
本次获得0京豆，0金币
累计获得93京豆，55000金币
可兑换5.5元无门槛红包
兑换入口:京东赚赚微信小程序->赚好礼->金币提现

🔔京东赚赚, 结束! 🕛 16.856 秒

