
🔔京东赚赚, 开始!

====================共2个京东账号Cookie=========

==================脚本执行- 北京时间(UTC+8)：7/10/2021, 12:10:21 AM=====================

开始获取京东赚赚配置文件

共2个京东账号

您提供了0个账号的京东赚赚助力码


❗️京东赚赚, 错误!


******开始【京东账号1】15631692383_p*********

由于您第1个京东账号未提供shareCode,将采纳本脚本自带的助力码

开始
第1个京东账号将要助力的好友["ATGEC3-fsrn13aiaEqiM","AUWE5maSSnzFeDmH4iH0elA","ATGEC3-fsrn13aiaEqiM","AUWE5m6WUmDdZC2mr1XhJlQ","AUWE5m_jEzjJZDTKr3nwfkg","A06fNSRc4GIqY38pMBeLKQE2InZA","AUWE5mf7ExDZdDmH7j3wfkA","AUWE5m6jBy2cNAWX7j31Pxw","AUWE5mK2UnDddDTX61S1Mkw","AUWE5mavGyGZdWzP5iCoZwQ"]
"Timeout awaiting 'request' for 10000ms"
京东赚赚 API请求失败，请检查网路重试
"getaddrinfo ENOTFOUND api.m.jd.com"
京东赚赚 API请求失败，请检查网路重试
"getaddrinfo ENOTFOUND api.m.jd.com"
京东赚赚 API请求失败，请检查网路重试
"getaddrinfo ENOTFOUND api.m.jd.com"
京东赚赚 API请求失败，请检查网路重试
"getaddrinfo ENOTFOUND api.m.jd.com"
京东赚赚 API请求失败，请检查网路重试
"getaddrinfo ENOTFOUND api.m.jd.com"
京东赚赚 API请求失败，请检查网路重试
"getaddrinfo ENOTFOUND api.m.jd.com"
京东赚赚 API请求失败，请检查网路重试
"getaddrinfo ENOTFOUND api.m.jd.com"
京东赚赚 API请求失败，请检查网路重试
"getaddrinfo ENOTFOUND api.m.jd.com"
京东赚赚 API请求失败，请检查网路重试
"getaddrinfo ENOTFOUND api.m.jd.com"
京东赚赚 API请求失败，请检查网路重试
"getaddrinfo ENOTFOUND api.m.jd.com"
京东赚赚 API请求失败，请检查网路重试
"getaddrinfo ENOTFOUND api.m.jd.com"
京东赚赚 API请求失败，请检查网路重试
"getaddrinfo ENOTFOUND api.m.jd.com"
京东赚赚 API请求失败，请检查网路重试

❌ 京东赚赚, 失败! 原因: TypeError: Cannot read property 'length' of undefined!


🔔京东赚赚, 结束! 🕛 476.524 秒

