
🔔京东赚赚, 开始!

====================共4个京东账号Cookie=========

==================脚本执行- 北京时间(UTC+8)：6/30/2021, 11:06:28 AM=====================

开始获取京东赚赚配置文件

共4个京东账号

您提供了0个账号的京东赚赚助力码


******开始【京东账号1】Ymh__Sirius*********

由于您第1个京东账号未提供shareCode,将采纳本脚本自带的助力码

开始
第1个京东账号将要助力的好友["ATGEC3-fsrn13aiaEqiM","AUWE5maSSnzFeDmH4iH0elA","ATGEC3-fsrn13aiaEqiM","AUWE5m6WUmDdZC2mr1XhJlQ","AUWE5m_jEzjJZDTKr3nwfkg","A06fNSRc4GIqY38pMBeLKQE2InZA","AUWE5mf7ExDZdDmH7j3wfkA","AUWE5m6jBy2cNAWX7j31Pxw","AUWE5mK2UnDddDTX61S1Mkw","AUWE5mavGyGZdWzP5iCoZwQ"]
助力失败～~
助力失败～~
助力失败～~
助力失败～~
助力失败～~
助力失败～~
助力失败～~
助力失败～~
助力失败～~
助力失败～~
本次获得0京豆，0金币
累计获得404京豆，233600金币
可兑换23.36元无门槛红包
兑换入口:京东赚赚微信小程序->赚好礼->金币提现

******开始【京东账号2】Ycp_Dream*********

由于您第2个京东账号未提供shareCode,将采纳本脚本自带的助力码

开始
第2个京东账号将要助力的好友["ATGEC3-fsrn13aiaEqiM","AUWE5maSSnzFeDmH4iH0elA","ATGEC3-fsrn13aiaEqiM","AUWE5m6WUmDdZC2mr1XhJlQ","AUWE5m_jEzjJZDTKr3nwfkg","A06fNSRc4GIqY38pMBeLKQE2InZA","AUWE5m6_BmTUPAGH42SpOkg","AUWE53NTIs3V8YBqthQMI","AUWE5m6yVxTJcWjWr3nRIlw"]
助力失败～~
助力失败～~
助力失败～~
助力失败～~
助力失败～~
助力失败～~
助力失败～~
助力失败～~
助力失败～~
去做任务：签到有礼
任务完成，获得 800;500;800;500;800;500;800 金币，2 京豆
去做任务：浏览首页爆款商品
任务完成，获得 200 金币，0 京豆
去做任务：浏览生鲜小程序
任务完成，获得 200 金币，0 京豆
去做任务：去京东超市小程序领京豆
任务完成，获得 200 金币，0 京豆
"Timeout awaiting 'request' for 10000ms"
京东赚赚 API请求失败，请检查网路重试

==============📣系统通知📣==============
京东赚赚
京东账号2 Ycp_Dream
本次获得2京豆，1400金币
累计获得87京豆，50600金币
可兑换5.06元无门槛红包
兑换入口:京东赚赚微信小程序->赚好礼->金币提现

******开始【京东账号3】jd_585601a83bd48*********

由于您第3个京东账号未提供shareCode,将采纳本脚本自带的助力码

开始
第3个京东账号将要助力的好友["ATGEC3-fsrn13aiaEqiM","AUWE5maSSnzFeDmH4iH0elA","ATGEC3-fsrn13aiaEqiM","AUWE5m6WUmDdZC2mr1XhJlQ","AUWE5m_jEzjJZDTKr3nwfkg","A06fNSRc4GIqY38pMBeLKQE2InZA","AUWE5m6_BmTUPAGH42SpOkg","AUWE53NTIs3V8YBqthQMI","AUWE5m6yVxTJcWjWr3nRIlw"]
助力失败～~
助力失败～~
"Timeout awaiting 'request' for 10000ms"
京东赚赚 API请求失败，请检查网路重试
助力失败～~
助力失败～~
助力失败～~
助力失败～~
助力失败～~
助力失败～~
助力失败～~
去做任务：签到有礼
任务完成，获得 800;500;800;500;800;500;800 金币，2 京豆
去做任务：浏览首页爆款商品
任务完成，获得 200 金币，0 京豆
去做任务：浏览生鲜小程序
任务完成，获得 200 金币，0 京豆
去做任务：去京东超市小程序领京豆
任务完成，获得 200 金币，0 京豆

==============📣系统通知📣==============
京东赚赚
京东账号3 jd_585601a83bd48
本次获得2京豆，1400金币
累计获得74京豆，36200金币
可兑换3.62元无门槛红包
兑换入口:京东赚赚微信小程序->赚好礼->金币提现

******开始【京东账号4】jd_157332ewky*********

由于您第4个京东账号未提供shareCode,将采纳本脚本自带的助力码

开始
"Timeout awaiting 'request' for 10000ms"
京东赚赚 API请求失败，请检查网路重试
第4个京东账号将要助力的好友["ATGEC3-fsrn13aiaEqiM","AUWE5maSSnzFeDmH4iH0elA","ATGEC3-fsrn13aiaEqiM","AUWE5m6WUmDdZC2mr1XhJlQ","AUWE5m_jEzjJZDTKr3nwfkg","A06fNSRc4GIqY38pMBeLKQE2InZA","AUWE5m6_BmTUPAGH42SpOkg","AUWE53NTIs3V8YBqthQMI","AUWE5m6yVxTJcWjWr3nRIlw"]
助力失败～~
助力失败～~
助力失败～~
助力失败～~
助力失败～~
助力失败～~
助力失败～~
助力失败～~
助力失败～~
去做任务：签到有礼
任务完成，获得 800;500;800;500;800;500;800 金币，2 京豆
去做任务：浏览首页爆款商品
任务完成，获得 200 金币，0 京豆
去做任务：浏览生鲜小程序
任务完成，获得 200 金币，0 京豆
去做任务：去京东超市小程序领京豆
任务完成，获得 200 金币，0 京豆

==============📣系统通知📣==============
京东赚赚
京东账号4 jd_157332ewky
本次获得2京豆，1400金币
累计获得239京豆，140000金币
可兑换14元无门槛红包
兑换入口:京东赚赚微信小程序->赚好礼->金币提现

🔔京东赚赚, 结束! 🕛 95.635 秒

"Timeout awaiting 'request' for 10000ms"
京东赚赚 API请求失败，请检查网路重试
