
🔔5G超级盲盒, 开始!

====================共5个京东账号Cookie=========

==================脚本执行- 北京时间(UTC+8)：7/2/2021, 4:00:02 PM=====================

5G超级盲盒，可抽奖获得京豆，建议在凌晨0点时运行脚本，白天抽奖基本没有京豆，4小时运行一次收集热力值
活动地址: https://isp5g.m.jd.com
活动时间：2021-06-2到2021-07-31
更新时间：2021-06-3 12:00
"Timeout awaiting 'request' for 10000ms"
5G超级盲盒 API请求失败，请检查网路重试
"getaddrinfo ENOTFOUND wq.jd.com"
5G超级盲盒 API请求失败，请检查网路重试

******开始【京东账号1】15631692383_p*********

好友邀请码 undefined

❗️5G超级盲盒, 错误!
SyntaxError: Unexpected token u in JSON at position 0
    at JSON.parse (<anonymous>)
    at /opt/jd/scripts/jd_mohe.js:474:21
    at /opt/jd/scripts/jd_mohe.js:586:4955
    at processTicksAndRejections (internal/process/task_queues.js:93:5)
成功领取3热力值
精选好物任务已完成
精选好物任务已完成
精选好物任务已完成
精选好物任务已完成
精选好物任务已完成
精选好物任务已完成
精选好物任务已完成
精选好物任务已完成
精选好物任务已完成
精选好物任务已完成
精选好物任务已完成
精选好物任务已完成


----taskList的任务全部做完了---


分享好友助力 4/10


目前热力值42,不够抽奖

******开始【京东账号2】jd_74a8d71c978d9*********

好友邀请码 {"code":200,"msg":"成功","data":"08582d48-9869-4411-8b8b-451e55a56ddc"}

【京东账号2（jd_74a8d71c978d9）的5G超级盲盒好友互助码】08582d48-9869-4411-8b8b-451e55a56ddc

此邀请码一天一变化，旧的不可用
成功领取1800热力值
精选好物任务已完成
精选好物任务已完成
精选好物任务已完成
精选好物任务已完成
精选好物任务已完成
精选好物任务已完成
精选好物任务已完成
精选好物任务已完成
精选好物任务已完成
精选好物任务已完成
精选好物任务已完成
精选好物任务已完成


----taskList的任务全部做完了---


分享好友助力 3/10


====抽奖结果====,{"id":"jd_74a8d71c978d9_ts_1625212894712","prizeId":"8003","pin":"jd_74a8d71c978d9","neckName":null,"type":"8","name":"电信全年420G视频会员","img":"","beanNum":"","couponFullPrice":"","couponReducePrice":"","couponBeginTime":"","couponEndTime":"","status":"1","winTime":1625212894714,"winDateTime":"2021.07.02 16:01:34","xncode":null,"timeLine":null,"prizetimes":0,"showTimes":false,"skipLink":"https://item.jd.com/100019694850.html","scoreNum":null}
电信全年420G视频会员


******开始【京东账号3】chao4596758*********

好友邀请码 {"code":200,"msg":"成功","data":"b9fcff06-2df0-4f3a-8147-8658292d0eaf"}

【京东账号3（chao4596758）的5G超级盲盒好友互助码】b9fcff06-2df0-4f3a-8147-8658292d0eaf

此邀请码一天一变化，旧的不可用
成功领取1800热力值
精选好物任务已完成
精选好物任务已完成
精选好物任务已完成
精选好物任务已完成
精选好物任务已完成
精选好物任务已完成
精选好物任务已完成
精选好物任务已完成
精选好物任务已完成
精选好物任务已完成
精选好物任务已完成
精选好物任务已完成


----taskList的任务全部做完了---


分享好友助力 3/10


====抽奖结果====,{"id":"chao4596758_ts_1625212902176","prizeId":"8002","pin":"chao4596758","neckName":null,"type":"8","name":"移动激活送1.2万京豆","img":"","beanNum":"","couponFullPrice":"","couponReducePrice":"","couponBeginTime":"","couponEndTime":"","status":"1","winTime":1625212902177,"winDateTime":"2021.07.02 16:01:42","xncode":null,"timeLine":null,"prizetimes":0,"showTimes":false,"skipLink":"https://item.jd.com/100019694852.html","scoreNum":null}
移动激活送1.2万京豆


******开始【京东账号4】jd_46df9eaa780aa*********

好友邀请码 {"code":200,"msg":"成功","data":"b965766e-9342-4e15-8739-9222fc5bbeb5"}

【京东账号4（jd_46df9eaa780aa）的5G超级盲盒好友互助码】b965766e-9342-4e15-8739-9222fc5bbeb5

此邀请码一天一变化，旧的不可用
成功领取1800热力值
精选好物任务已完成
精选好物任务已完成
精选好物任务已完成
精选好物任务已完成
精选好物任务已完成
精选好物任务已完成
精选好物任务已完成
精选好物任务已完成
精选好物任务已完成
精选好物任务已完成
精选好物任务已完成
精选好物任务已完成


----taskList的任务全部做完了---


分享好友助力 2/10


====抽奖结果====,{"id":"jd_46df9eaa780aa_ts_1625212907422","prizeId":"","pin":"jd_46df9eaa780aa","neckName":null,"type":"","name":"未中奖","img":"","beanNum":"","couponFullPrice":"","couponReducePrice":"","couponBeginTime":"","couponEndTime":"","status":"0","winTime":1625212907423,"winDateTime":"2021.07.02 16:01:47","xncode":null,"timeLine":null,"prizetimes":0,"showTimes":false,"skipLink":null,"scoreNum":null}
未中奖


******开始【京东账号5】jd_67f63c904d8c6*********

好友邀请码 {"code":200,"msg":"成功","data":"0e8f0018-bfe6-4aa7-a176-12a40c796973"}

【京东账号5（jd_67f63c904d8c6）的5G超级盲盒好友互助码】0e8f0018-bfe6-4aa7-a176-12a40c796973

此邀请码一天一变化，旧的不可用
成功领取1800热力值
精选好物任务已完成
精选好物任务已完成
精选好物任务已完成
精选好物任务已完成
精选好物任务已完成
精选好物任务已完成
精选好物任务已完成
精选好物任务已完成
精选好物任务已完成
精选好物任务已完成
精选好物任务已完成
精选好物任务已完成


----taskList的任务全部做完了---


分享好友助力 0/10


目前热力值1928,不够抽奖


自己账号内部互助
账号 1 15631692383_p 开始给 08582d48-9869-4411-8b8b-451e55a56ddc进行助力
助力结果{"code":2005,"data":{},"msg":"助力次数已用完"}
次数已用完，跳出助力


自己账号内部互助
账号 2 jd_74a8d71c978d9 开始给 08582d48-9869-4411-8b8b-451e55a56ddc进行助力
助力结果{"code":2005,"data":{},"msg":"助力次数已用完"}
次数已用完，跳出助力


自己账号内部互助
账号 3 chao4596758 开始给 08582d48-9869-4411-8b8b-451e55a56ddc进行助力
助力结果{"code":2007,"data":{},"msg":"您已为此好友的助力过~"}
账号 3 chao4596758 开始给 b9fcff06-2df0-4f3a-8147-8658292d0eaf进行助力
助力结果{"code":2005,"data":{},"msg":"助力次数已用完"}
次数已用完，跳出助力


自己账号内部互助
账号 4 jd_46df9eaa780aa 开始给 08582d48-9869-4411-8b8b-451e55a56ddc进行助力
助力结果{"code":2007,"data":{},"msg":"您已为此好友的助力过~"}
账号 4 jd_46df9eaa780aa 开始给 b9fcff06-2df0-4f3a-8147-8658292d0eaf进行助力
助力结果{"code":2007,"data":{},"msg":"您已为此好友的助力过~"}
账号 4 jd_46df9eaa780aa 开始给 b965766e-9342-4e15-8739-9222fc5bbeb5进行助力
助力结果{"code":2005,"data":{},"msg":"助力次数已用完"}
次数已用完，跳出助力


自己账号内部互助
账号 5 jd_67f63c904d8c6 开始给 08582d48-9869-4411-8b8b-451e55a56ddc进行助力
助力结果{"code":2007,"data":{},"msg":"您已为此好友的助力过~"}
账号 5 jd_67f63c904d8c6 开始给 b9fcff06-2df0-4f3a-8147-8658292d0eaf进行助力
助力结果{"code":2007,"data":{},"msg":"您已为此好友的助力过~"}
账号 5 jd_67f63c904d8c6 开始给 b965766e-9342-4e15-8739-9222fc5bbeb5进行助力
助力结果{"code":2005,"data":{},"msg":"助力次数已用完"}
次数已用完，跳出助力

🔔5G超级盲盒, 结束! 🕛 113.574 秒

