
🔔5G超级盲盒, 开始!

====================共4个京东账号Cookie=========

==================脚本执行- 北京时间(UTC+8)：6/30/2021, 4:00:02 PM=====================

5G超级盲盒，可抽奖获得京豆，建议在凌晨0点时运行脚本，白天抽奖基本没有京豆，4小时运行一次收集热力值
活动地址: https://isp5g.m.jd.com
活动时间：2021-06-2到2021-07-31
更新时间：2021-06-3 12:00

******开始【京东账号1】15631692383_p*********

好友邀请码 {"code":200,"msg":"成功","data":"20b67a76-f7cc-44f8-9c8f-670a97b99d54"}

【京东账号1（15631692383_p）的5G超级盲盒好友互助码】20b67a76-f7cc-44f8-9c8f-670a97b99d54

此邀请码一天一变化，旧的不可用
成功领取248热力值
精选好物任务已完成
精选好物任务已完成
精选好物任务已完成
精选好物任务已完成
精选好物任务已完成
精选好物任务已完成
精选好物任务已完成
精选好物任务已完成
精选好物任务已完成
精选好物任务已完成
精选好物任务已完成
精选好物任务已完成


----taskList的任务全部做完了---


分享好友助力 3/10


目前热力值1033,不够抽奖

******开始【京东账号2】jd_74a8d71c978d9*********

好友邀请码 {"code":200,"msg":"成功","data":"832b9e70-6a2b-4a12-8141-22ee77c591ca"}

【京东账号2（jd_74a8d71c978d9）的5G超级盲盒好友互助码】832b9e70-6a2b-4a12-8141-22ee77c591ca

此邀请码一天一变化，旧的不可用
成功领取248热力值
精选好物任务已完成
精选好物任务已完成
精选好物任务已完成
精选好物任务已完成
精选好物任务已完成
精选好物任务已完成
精选好物任务已完成
精选好物任务已完成
精选好物任务已完成
精选好物任务已完成
精选好物任务已完成
精选好物任务已完成


----taskList的任务全部做完了---


分享好友助力 2/10


====抽奖结果====,{"id":"jd_74a8d71c978d9_ts_1625040032314","prizeId":"8004","pin":"jd_74a8d71c978d9","neckName":null,"type":"8","name":"电信全年360G专属大流量","img":"","beanNum":"","couponFullPrice":"","couponReducePrice":"","couponBeginTime":"","couponEndTime":"","status":"1","winTime":1625040032317,"winDateTime":"2021.06.30 16:00:32","xncode":null,"timeLine":null,"prizetimes":0,"showTimes":false,"skipLink":"https://item.jd.com/100010779451.html","scoreNum":null}
电信全年360G专属大流量


******开始【京东账号3】chao4596758*********

好友邀请码 {"code":200,"msg":"成功","data":"3ce5b6f0-90f8-4655-9080-5be23e0397a3"}

【京东账号3（chao4596758）的5G超级盲盒好友互助码】3ce5b6f0-90f8-4655-9080-5be23e0397a3

此邀请码一天一变化，旧的不可用
成功领取253热力值
精选好物任务已完成
精选好物任务已完成
精选好物任务已完成
精选好物任务已完成
精选好物任务已完成
精选好物任务已完成
精选好物任务已完成
精选好物任务已完成
精选好物任务已完成
精选好物任务已完成
精选好物任务已完成
精选好物任务已完成


----taskList的任务全部做完了---


分享好友助力 2/10


目前热力值1253,不够抽奖

******开始【京东账号4】jd_46df9eaa780aa*********

好友邀请码 {"code":200,"msg":"成功","data":"60085f9e-46dc-4544-9afa-c3f498cbe715"}

【京东账号4（jd_46df9eaa780aa）的5G超级盲盒好友互助码】60085f9e-46dc-4544-9afa-c3f498cbe715

此邀请码一天一变化，旧的不可用
成功领取254热力值
精选好物任务已完成
精选好物任务已完成
精选好物任务已完成
精选好物任务已完成
精选好物任务已完成
精选好物任务已完成
精选好物任务已完成
精选好物任务已完成
精选好物任务已完成
精选好物任务已完成
精选好物任务已完成
精选好物任务已完成


----taskList的任务全部做完了---


分享好友助力 2/10


目前热力值1903,不够抽奖


自己账号内部互助
账号 1 15631692383_p 开始给 20b67a76-f7cc-44f8-9c8f-670a97b99d54进行助力
助力结果{"code":2005,"data":{},"msg":"助力次数已用完"}
次数已用完，跳出助力


自己账号内部互助
账号 2 jd_74a8d71c978d9 开始给 20b67a76-f7cc-44f8-9c8f-670a97b99d54进行助力
助力结果{"code":2007,"data":{},"msg":"您已为此好友的助力过~"}
账号 2 jd_74a8d71c978d9 开始给 832b9e70-6a2b-4a12-8141-22ee77c591ca进行助力
助力结果{"code":2005,"data":{},"msg":"助力次数已用完"}
次数已用完，跳出助力


自己账号内部互助
账号 3 chao4596758 开始给 20b67a76-f7cc-44f8-9c8f-670a97b99d54进行助力
助力结果{"code":2007,"data":{},"msg":"您已为此好友的助力过~"}
账号 3 chao4596758 开始给 832b9e70-6a2b-4a12-8141-22ee77c591ca进行助力
助力结果{"code":2007,"data":{},"msg":"您已为此好友的助力过~"}
账号 3 chao4596758 开始给 3ce5b6f0-90f8-4655-9080-5be23e0397a3进行助力
助力结果{"code":2005,"data":{},"msg":"助力次数已用完"}
次数已用完，跳出助力


自己账号内部互助
账号 4 jd_46df9eaa780aa 开始给 20b67a76-f7cc-44f8-9c8f-670a97b99d54进行助力
助力结果{"code":2007,"data":{},"msg":"您已为此好友的助力过~"}
账号 4 jd_46df9eaa780aa 开始给 832b9e70-6a2b-4a12-8141-22ee77c591ca进行助力
助力结果{"code":2007,"data":{},"msg":"您已为此好友的助力过~"}
账号 4 jd_46df9eaa780aa 开始给 3ce5b6f0-90f8-4655-9080-5be23e0397a3进行助力
助力结果{"code":2007,"data":{},"msg":"您已为此好友的助力过~"}
账号 4 jd_46df9eaa780aa 开始给 60085f9e-46dc-4544-9afa-c3f498cbe715进行助力
助力结果{"code":2005,"data":{},"msg":"助力次数已用完"}
次数已用完，跳出助力

🔔5G超级盲盒, 结束! 🕛 74.628 秒

