
🔔5G超级盲盒, 开始!

====================共4个京东账号Cookie=========

==================脚本执行- 北京时间(UTC+8)：6/26/2021, 4:00:04 PM=====================

5G超级盲盒，可抽奖获得京豆，建议在凌晨0点时运行脚本，白天抽奖基本没有京豆，4小时运行一次收集热力值
活动地址: https://isp5g.m.jd.com
活动时间：2021-06-2到2021-07-31
更新时间：2021-06-3 12:00

******开始【京东账号1】15631692383_p*********

好友邀请码 {"code":200,"msg":"成功","data":"64f21d85-7029-4b29-a553-5b92674cba01"}

【京东账号1（15631692383_p）的5G超级盲盒好友互助码】64f21d85-7029-4b29-a553-5b92674cba01

此邀请码一天一变化，旧的不可用
成功领取1800热力值
精选好物任务已完成
精选好物任务已完成
精选好物任务已完成
精选好物任务已完成
精选好物任务已完成
精选好物任务已完成
精选好物任务已完成
精选好物任务已完成
精选好物任务已完成
精选好物任务已完成
精选好物任务已完成
精选好物任务已完成


----taskList的任务全部做完了---


分享好友助力 0/10


====抽奖结果====,{"id":"15631692383_p_ts_1624694430009","prizeId":"9999","pin":"15631692383_p","neckName":null,"type":"99","name":"未中奖","img":"","beanNum":"","couponFullPrice":"","couponReducePrice":"","couponBeginTime":"","couponEndTime":"","status":"0","winTime":1624694430009,"winDateTime":"2021.06.26 16:00:30","xncode":null,"timeLine":null,"prizetimes":0,"showTimes":false,"skipLink":null,"scoreNum":null}
未中奖


******开始【京东账号2】Ycp_Dream*********

好友邀请码 {"code":5000,"data":{},"msg":"任务已过期"}
尝试多次运行脚本即可获取好友邀请码
成功领取1800热力值
商品 { code: 200, msg: '成功', data: 1 }
商品领取金币 { code: 200, msg: '成功', data: 1 }
商品 { code: 200, msg: '成功', data: 1 }
商品领取金币 { code: 200, msg: '成功', data: 1 }
商品 { code: 200, msg: '成功', data: 1 }
商品领取金币 { code: 200, msg: '成功', data: 1 }
商品 { code: 200, msg: '成功', data: 1 }
商品领取金币 { code: 200, msg: '成功', data: 1 }
商品 { code: 200, msg: '成功', data: 1 }
商品领取金币 { code: 200, msg: '成功', data: 1 }
商品 { code: 200, msg: '成功', data: 1 }
商品领取金币 { code: 200, msg: '成功', data: 1 }
商品 { code: 200, msg: '成功', data: 1 }
商品领取金币 { code: 200, msg: '成功', data: 1 }
商品 { code: 200, msg: '成功', data: 1 }
商品领取金币 { code: 200, msg: '成功', data: 1 }
商品 { code: 200, msg: '成功', data: 1 }
商品领取金币 { code: 200, msg: '成功', data: 1 }
商品 { code: 200, msg: '成功', data: 1 }
商品领取金币 { code: 200, msg: '成功', data: 1 }
商品 { code: 200, msg: '成功', data: 1 }
商品领取金币 { code: 200, msg: '成功', data: 1 }
商品 { code: 200, msg: '成功', data: 1 }
商品领取金币 { code: 200, msg: '成功', data: 1 }
请继续等待,正在做任务,不要退出哦
请继续等待,正在做任务,不要退出哦
请继续等待,正在做任务,不要退出哦
请继续等待,正在做任务,不要退出哦
请继续等待,正在做任务,不要退出哦
请继续等待,正在做任务,不要退出哦
请继续等待,正在做任务,不要退出哦
请继续等待,正在做任务,不要退出哦
请继续等待,正在做任务,不要退出哦
请继续等待,正在做任务,不要退出哦
请继续等待,正在做任务,不要退出哦
请继续等待,正在做任务,不要退出哦
请继续等待,正在做任务,不要退出哦
请继续等待,正在做任务,不要退出哦
请继续等待,正在做任务,不要退出哦
请继续等待,正在做任务,不要退出哦
请继续等待,正在做任务,不要退出哦
请继续等待,正在做任务,不要退出哦
请继续等待,正在做任务,不要退出哦
请继续等待,正在做任务,不要退出哦
请继续等待,正在做任务,不要退出哦
请继续等待,正在做任务,不要退出哦
请继续等待,正在做任务,不要退出哦
请继续等待,正在做任务,不要退出哦
请继续等待,正在做任务,不要退出哦
请继续等待,正在做任务,不要退出哦
请继续等待,正在做任务,不要退出哦
请继续等待,正在做任务,不要退出哦
请继续等待,正在做任务,不要退出哦
请继续等待,正在做任务,不要退出哦
请继续等待,正在做任务,不要退出哦
请继续等待,正在做任务,不要退出哦
请继续等待,正在做任务,不要退出哦
请继续等待,正在做任务,不要退出哦
请继续等待,正在做任务,不要退出哦
请继续等待,正在做任务,不要退出哦
请继续等待,正在做任务,不要退出哦
请继续等待,正在做任务,不要退出哦
请继续等待,正在做任务,不要退出哦
请继续等待,正在做任务,不要退出哦
请继续等待,正在做任务,不要退出哦
请继续等待,正在做任务,不要退出哦
请继续等待,正在做任务,不要退出哦
请继续等待,正在做任务,不要退出哦
请继续等待,正在做任务,不要退出哦
请继续等待,正在做任务,不要退出哦
请继续等待,正在做任务,不要退出哦
请继续等待,正在做任务,不要退出哦
请继续等待,正在做任务,不要退出哦
请继续等待,正在做任务,不要退出哦
请继续等待,正在做任务,不要退出哦
请继续等待,正在做任务,不要退出哦
请继续等待,正在做任务,不要退出哦
请继续等待,正在做任务,不要退出哦
请继续等待,正在做任务,不要退出哦
请继续等待,正在做任务,不要退出哦
请继续等待,正在做任务,不要退出哦
请继续等待,正在做任务,不要退出哦
请继续等待,正在做任务,不要退出哦
请继续等待,正在做任务,不要退出哦
请继续等待,正在做任务,不要退出哦
请继续等待,正在做任务,不要退出哦
请继续等待,正在做任务,不要退出哦
请继续等待,正在做任务,不要退出哦
请继续等待,正在做任务,不要退出哦
请继续等待,正在做任务,不要退出哦
请继续等待,正在做任务,不要退出哦
请继续等待,正在做任务,不要退出哦
请继续等待,正在做任务,不要退出哦
请继续等待,正在做任务,不要退出哦
请继续等待,正在做任务,不要退出哦
请继续等待,正在做任务,不要退出哦
请继续等待,正在做任务,不要退出哦
请继续等待,正在做任务,不要退出哦
请继续等待,正在做任务,不要退出哦
请继续等待,正在做任务,不要退出哦
请继续等待,正在做任务,不要退出哦


----taskList的任务全部做完了---


分享好友助力 0/10


====抽奖结果====,{"id":"jd_74a8d71c978d9_ts_1624694783797","prizeId":"8002","pin":"jd_74a8d71c978d9","neckName":null,"type":"8","name":"移动激活送1.2万京豆","img":"","beanNum":"","couponFullPrice":"","couponReducePrice":"","couponBeginTime":"","couponEndTime":"","status":"1","winTime":1624694783799,"winDateTime":"2021.06.26 16:06:23","xncode":null,"timeLine":null,"prizetimes":0,"showTimes":false,"skipLink":"https://item.jd.com/100019694852.html","scoreNum":null}
移动激活送1.2万京豆

====抽奖结果====,{"id":"jd_74a8d71c978d9_ts_1624694786436","prizeId":"8004","pin":"jd_74a8d71c978d9","neckName":null,"type":"8","name":"电信全年360G专属大流量","img":"","beanNum":"","couponFullPrice":"","couponReducePrice":"","couponBeginTime":"","couponEndTime":"","status":"1","winTime":1624694786437,"winDateTime":"2021.06.26 16:06:26","xncode":null,"timeLine":null,"prizetimes":0,"showTimes":false,"skipLink":"https://item.jd.com/100010779451.html","scoreNum":null}
电信全年360G专属大流量

====抽奖结果====,{"id":"jd_74a8d71c978d9_ts_1624694788765","prizeId":"","pin":"jd_74a8d71c978d9","neckName":null,"type":"","name":"未中奖","img":"","beanNum":"","couponFullPrice":"","couponReducePrice":"","couponBeginTime":"","couponEndTime":"","status":"0","winTime":1624694788771,"winDateTime":"2021.06.26 16:06:28","xncode":null,"timeLine":null,"prizetimes":0,"showTimes":false,"skipLink":null,"scoreNum":null}
未中奖

====抽奖结果====,{"id":"jd_74a8d71c978d9_ts_1624694793113","prizeId":"8004","pin":"jd_74a8d71c978d9","neckName":null,"type":"8","name":"电信全年360G专属大流量","img":"","beanNum":"","couponFullPrice":"","couponReducePrice":"","couponBeginTime":"","couponEndTime":"","status":"1","winTime":1624694793115,"winDateTime":"2021.06.26 16:06:33","xncode":null,"timeLine":null,"prizetimes":0,"showTimes":false,"skipLink":"https://item.jd.com/100010779451.html","scoreNum":null}
电信全年360G专属大流量

====抽奖结果====,{"id":"jd_74a8d71c978d9_ts_1624694795474","prizeId":"","pin":"jd_74a8d71c978d9","neckName":null,"type":"","name":"未中奖","img":"","beanNum":"","couponFullPrice":"","couponReducePrice":"","couponBeginTime":"","couponEndTime":"","status":"0","winTime":1624694795474,"winDateTime":"2021.06.26 16:06:35","xncode":null,"timeLine":null,"prizetimes":0,"showTimes":false,"skipLink":null,"scoreNum":null}
未中奖

====抽奖结果====,{"id":"jd_74a8d71c978d9_ts_1624694798835","prizeId":"","pin":"jd_74a8d71c978d9","neckName":null,"type":"","name":"未中奖","img":"","beanNum":"","couponFullPrice":"","couponReducePrice":"","couponBeginTime":"","couponEndTime":"","status":"0","winTime":1624694798841,"winDateTime":"2021.06.26 16:06:38","xncode":null,"timeLine":null,"prizetimes":0,"showTimes":false,"skipLink":null,"scoreNum":null}
未中奖


******开始【京东账号3】jd_585601a83bd48*********

好友邀请码 {"code":5000,"data":{},"msg":"任务已过期"}
尝试多次运行脚本即可获取好友邀请码
成功领取1800热力值
商品 { code: 200, msg: '成功', data: 1 }
商品领取金币 { code: 200, msg: '成功', data: 1 }
商品 { code: 200, msg: '成功', data: 1 }
商品领取金币 { code: 200, msg: '成功', data: 1 }
商品 { code: 200, msg: '成功', data: 1 }
商品领取金币 { code: 200, msg: '成功', data: 1 }
商品 { code: 200, msg: '成功', data: 1 }
商品领取金币 { code: 200, msg: '成功', data: 1 }
商品 { code: 200, msg: '成功', data: 1 }
商品领取金币 { code: 200, msg: '成功', data: 1 }
商品 { code: 200, msg: '成功', data: 1 }
商品领取金币 { code: 200, msg: '成功', data: 1 }
商品 { code: 200, msg: '成功', data: 1 }
商品领取金币 { code: 200, msg: '成功', data: 1 }
商品 { code: 200, msg: '成功', data: 1 }
商品领取金币 { code: 200, msg: '成功', data: 1 }
商品 { code: 200, msg: '成功', data: 1 }
商品领取金币 { code: 200, msg: '成功', data: 1 }
商品 { code: 200, msg: '成功', data: 1 }
商品领取金币 { code: 200, msg: '成功', data: 1 }
商品 { code: 200, msg: '成功', data: 1 }
商品领取金币 { code: 200, msg: '成功', data: 1 }
商品 { code: 200, msg: '成功', data: 1 }
商品领取金币 { code: 200, msg: '成功', data: 1 }
请继续等待,正在做任务,不要退出哦
请继续等待,正在做任务,不要退出哦
请继续等待,正在做任务,不要退出哦
请继续等待,正在做任务,不要退出哦
请继续等待,正在做任务,不要退出哦
请继续等待,正在做任务,不要退出哦
请继续等待,正在做任务,不要退出哦
请继续等待,正在做任务,不要退出哦
请继续等待,正在做任务,不要退出哦
请继续等待,正在做任务,不要退出哦
请继续等待,正在做任务,不要退出哦
请继续等待,正在做任务,不要退出哦
请继续等待,正在做任务,不要退出哦
请继续等待,正在做任务,不要退出哦
请继续等待,正在做任务,不要退出哦
请继续等待,正在做任务,不要退出哦
请继续等待,正在做任务,不要退出哦
请继续等待,正在做任务,不要退出哦
请继续等待,正在做任务,不要退出哦
请继续等待,正在做任务,不要退出哦
请继续等待,正在做任务,不要退出哦
请继续等待,正在做任务,不要退出哦
请继续等待,正在做任务,不要退出哦
请继续等待,正在做任务,不要退出哦
请继续等待,正在做任务,不要退出哦
请继续等待,正在做任务,不要退出哦
请继续等待,正在做任务,不要退出哦
请继续等待,正在做任务,不要退出哦
请继续等待,正在做任务,不要退出哦
请继续等待,正在做任务,不要退出哦
请继续等待,正在做任务,不要退出哦
请继续等待,正在做任务,不要退出哦
请继续等待,正在做任务,不要退出哦
请继续等待,正在做任务,不要退出哦
请继续等待,正在做任务,不要退出哦
请继续等待,正在做任务,不要退出哦
请继续等待,正在做任务,不要退出哦
请继续等待,正在做任务,不要退出哦
请继续等待,正在做任务,不要退出哦
请继续等待,正在做任务,不要退出哦
请继续等待,正在做任务,不要退出哦
请继续等待,正在做任务,不要退出哦
请继续等待,正在做任务,不要退出哦
请继续等待,正在做任务,不要退出哦
请继续等待,正在做任务,不要退出哦
请继续等待,正在做任务,不要退出哦
请继续等待,正在做任务,不要退出哦
请继续等待,正在做任务,不要退出哦
请继续等待,正在做任务,不要退出哦
请继续等待,正在做任务,不要退出哦
请继续等待,正在做任务,不要退出哦
请继续等待,正在做任务,不要退出哦
请继续等待,正在做任务,不要退出哦
请继续等待,正在做任务,不要退出哦
请继续等待,正在做任务,不要退出哦
请继续等待,正在做任务,不要退出哦
请继续等待,正在做任务,不要退出哦
请继续等待,正在做任务,不要退出哦
请继续等待,正在做任务,不要退出哦
请继续等待,正在做任务,不要退出哦
请继续等待,正在做任务,不要退出哦
请继续等待,正在做任务,不要退出哦
请继续等待,正在做任务,不要退出哦
请继续等待,正在做任务,不要退出哦
请继续等待,正在做任务,不要退出哦
请继续等待,正在做任务,不要退出哦
请继续等待,正在做任务,不要退出哦
请继续等待,正在做任务,不要退出哦
请继续等待,正在做任务,不要退出哦
请继续等待,正在做任务,不要退出哦
请继续等待,正在做任务,不要退出哦
请继续等待,正在做任务,不要退出哦
请继续等待,正在做任务,不要退出哦
请继续等待,正在做任务,不要退出哦
请继续等待,正在做任务,不要退出哦
请继续等待,正在做任务,不要退出哦
请继续等待,正在做任务,不要退出哦
请继续等待,正在做任务,不要退出哦
请继续等待,正在做任务,不要退出哦
请继续等待,正在做任务,不要退出哦


----taskList的任务全部做完了---


分享好友助力 0/10


====抽奖结果====,{"id":"chao4596758_ts_1624695121582","prizeId":"8001","pin":"chao4596758","neckName":null,"type":"8","name":"腾讯大王卡专属游戏加速宝","img":"","beanNum":"","couponFullPrice":"","couponReducePrice":"","couponBeginTime":"","couponEndTime":"","status":"1","winTime":1624695121583,"winDateTime":"2021.06.26 16:12:01","xncode":null,"timeLine":null,"prizetimes":0,"showTimes":false,"skipLink":"https://item.jd.com/100019694876.html","scoreNum":null}
腾讯大王卡专属游戏加速宝

====抽奖结果====,{"id":"chao4596758_ts_1624695123867","prizeId":"9999","pin":"chao4596758","neckName":null,"type":"99","name":"未中奖","img":"","beanNum":"","couponFullPrice":"","couponReducePrice":"","couponBeginTime":"","couponEndTime":"","status":"0","winTime":1624695123868,"winDateTime":"2021.06.26 16:12:03","xncode":null,"timeLine":null,"prizetimes":0,"showTimes":false,"skipLink":null,"scoreNum":null}
未中奖

====抽奖结果====,{"id":"chao4596758_ts_1624695129496","prizeId":"","pin":"chao4596758","neckName":null,"type":"","name":"未中奖","img":"","beanNum":"","couponFullPrice":"","couponReducePrice":"","couponBeginTime":"","couponEndTime":"","status":"0","winTime":1624695129496,"winDateTime":"2021.06.26 16:12:09","xncode":null,"timeLine":null,"prizetimes":0,"showTimes":false,"skipLink":null,"scoreNum":null}
未中奖

====抽奖结果====,{"id":"chao4596758_ts_1624695132119","prizeId":"8003","pin":"chao4596758","neckName":null,"type":"8","name":"电信全年420G视频会员","img":"","beanNum":"","couponFullPrice":"","couponReducePrice":"","couponBeginTime":"","couponEndTime":"","status":"1","winTime":1624695132120,"winDateTime":"2021.06.26 16:12:12","xncode":null,"timeLine":null,"prizetimes":0,"showTimes":false,"skipLink":"https://item.jd.com/100019694850.html","scoreNum":null}
电信全年420G视频会员

====抽奖结果====,{"id":"chao4596758_ts_1624695134426","prizeId":"8002","pin":"chao4596758","neckName":null,"type":"8","name":"移动激活送1.2万京豆","img":"","beanNum":"","couponFullPrice":"","couponReducePrice":"","couponBeginTime":"","couponEndTime":"","status":"1","winTime":1624695134428,"winDateTime":"2021.06.26 16:12:14","xncode":null,"timeLine":null,"prizetimes":0,"showTimes":false,"skipLink":"https://item.jd.com/100019694852.html","scoreNum":null}
移动激活送1.2万京豆

====抽奖结果====,{"id":"chao4596758_ts_1624695136689","prizeId":"8002","pin":"chao4596758","neckName":null,"type":"8","name":"移动激活送1.2万京豆","img":"","beanNum":"","couponFullPrice":"","couponReducePrice":"","couponBeginTime":"","couponEndTime":"","status":"1","winTime":1624695136690,"winDateTime":"2021.06.26 16:12:16","xncode":null,"timeLine":null,"prizetimes":0,"showTimes":false,"skipLink":"https://item.jd.com/100019694852.html","scoreNum":null}
移动激活送1.2万京豆

====抽奖结果====,{"id":"chao4596758_ts_1624695138911","prizeId":"8002","pin":"chao4596758","neckName":null,"type":"8","name":"移动激活送1.2万京豆","img":"","beanNum":"","couponFullPrice":"","couponReducePrice":"","couponBeginTime":"","couponEndTime":"","status":"1","winTime":1624695138912,"winDateTime":"2021.06.26 16:12:18","xncode":null,"timeLine":null,"prizetimes":0,"showTimes":false,"skipLink":"https://item.jd.com/100019694852.html","scoreNum":null}
移动激活送1.2万京豆


******开始【京东账号4】jd_157332ewky*********

好友邀请码 {"code":5000,"data":{},"msg":"任务已过期"}
尝试多次运行脚本即可获取好友邀请码
成功领取1800热力值
商品 { code: 200, msg: '成功', data: 1 }
商品领取金币 { code: 200, msg: '成功', data: 1 }
商品 { code: 200, msg: '成功', data: 1 }
商品领取金币 { code: 200, msg: '成功', data: 1 }
商品 { code: 200, msg: '成功', data: 1 }
商品领取金币 { code: 200, msg: '成功', data: 1 }
商品 { code: 200, msg: '成功', data: 1 }
商品领取金币 { code: 200, msg: '成功', data: 1 }
商品 { code: 200, msg: '成功', data: 1 }
商品领取金币 { code: 200, msg: '成功', data: 1 }
商品 { code: 200, msg: '成功', data: 1 }
商品领取金币 { code: 200, msg: '成功', data: 1 }
商品 { code: 200, msg: '成功', data: 1 }
商品领取金币 { code: 200, msg: '成功', data: 1 }
商品 { code: 200, msg: '成功', data: 1 }
商品领取金币 { code: 200, msg: '成功', data: 1 }
商品 { code: 200, msg: '成功', data: 1 }
商品领取金币 { code: 200, msg: '成功', data: 1 }
商品 { code: 200, msg: '成功', data: 1 }
商品领取金币 { code: 200, msg: '成功', data: 1 }
商品 { code: 200, msg: '成功', data: 1 }
商品领取金币 { code: 200, msg: '成功', data: 1 }
商品 { code: 200, msg: '成功', data: 1 }
商品领取金币 { code: 200, msg: '成功', data: 1 }
请继续等待,正在做任务,不要退出哦
请继续等待,正在做任务,不要退出哦
请继续等待,正在做任务,不要退出哦
请继续等待,正在做任务,不要退出哦
请继续等待,正在做任务,不要退出哦
请继续等待,正在做任务,不要退出哦
请继续等待,正在做任务,不要退出哦
请继续等待,正在做任务,不要退出哦
请继续等待,正在做任务,不要退出哦
请继续等待,正在做任务,不要退出哦
请继续等待,正在做任务,不要退出哦
请继续等待,正在做任务,不要退出哦
请继续等待,正在做任务,不要退出哦
请继续等待,正在做任务,不要退出哦
请继续等待,正在做任务,不要退出哦
请继续等待,正在做任务,不要退出哦
请继续等待,正在做任务,不要退出哦
请继续等待,正在做任务,不要退出哦
请继续等待,正在做任务,不要退出哦
请继续等待,正在做任务,不要退出哦
请继续等待,正在做任务,不要退出哦
请继续等待,正在做任务,不要退出哦
请继续等待,正在做任务,不要退出哦
请继续等待,正在做任务,不要退出哦
请继续等待,正在做任务,不要退出哦
请继续等待,正在做任务,不要退出哦
请继续等待,正在做任务,不要退出哦
请继续等待,正在做任务,不要退出哦
请继续等待,正在做任务,不要退出哦
请继续等待,正在做任务,不要退出哦
请继续等待,正在做任务,不要退出哦
请继续等待,正在做任务,不要退出哦
请继续等待,正在做任务,不要退出哦
请继续等待,正在做任务,不要退出哦
请继续等待,正在做任务,不要退出哦
请继续等待,正在做任务,不要退出哦
请继续等待,正在做任务,不要退出哦
请继续等待,正在做任务,不要退出哦
请继续等待,正在做任务,不要退出哦
请继续等待,正在做任务,不要退出哦
请继续等待,正在做任务,不要退出哦
请继续等待,正在做任务,不要退出哦
请继续等待,正在做任务,不要退出哦
请继续等待,正在做任务,不要退出哦
请继续等待,正在做任务,不要退出哦
请继续等待,正在做任务,不要退出哦
请继续等待,正在做任务,不要退出哦
请继续等待,正在做任务,不要退出哦
请继续等待,正在做任务,不要退出哦
请继续等待,正在做任务,不要退出哦
请继续等待,正在做任务,不要退出哦
请继续等待,正在做任务,不要退出哦
请继续等待,正在做任务,不要退出哦
请继续等待,正在做任务,不要退出哦
请继续等待,正在做任务,不要退出哦
请继续等待,正在做任务,不要退出哦
请继续等待,正在做任务,不要退出哦
请继续等待,正在做任务,不要退出哦
请继续等待,正在做任务,不要退出哦
请继续等待,正在做任务,不要退出哦
请继续等待,正在做任务,不要退出哦


----taskList的任务全部做完了---


分享好友助力 0/10


====抽奖结果====,{"id":"jd_46df9eaa780aa_ts_1624695474079","prizeId":"8001","pin":"jd_46df9eaa780aa","neckName":null,"type":"8","name":"腾讯大王卡专属游戏加速宝","img":"","beanNum":"","couponFullPrice":"","couponReducePrice":"","couponBeginTime":"","couponEndTime":"","status":"1","winTime":1624695474081,"winDateTime":"2021.06.26 16:17:54","xncode":null,"timeLine":null,"prizetimes":0,"showTimes":false,"skipLink":"https://item.jd.com/100019694876.html","scoreNum":null}
腾讯大王卡专属游戏加速宝

====抽奖结果====,{"id":"jd_46df9eaa780aa_ts_1624695477146","prizeId":"8002","pin":"jd_46df9eaa780aa","neckName":null,"type":"8","name":"移动激活送1.2万京豆","img":"","beanNum":"","couponFullPrice":"","couponReducePrice":"","couponBeginTime":"","couponEndTime":"","status":"1","winTime":1624695477147,"winDateTime":"2021.06.26 16:17:57","xncode":null,"timeLine":null,"prizetimes":0,"showTimes":false,"skipLink":"https://item.jd.com/100019694852.html","scoreNum":null}
移动激活送1.2万京豆

====抽奖结果====,{"id":"jd_46df9eaa780aa_ts_1624695480608","prizeId":"8004","pin":"jd_46df9eaa780aa","neckName":null,"type":"8","name":"电信全年360G专属大流量","img":"","beanNum":"","couponFullPrice":"","couponReducePrice":"","couponBeginTime":"","couponEndTime":"","status":"1","winTime":1624695480609,"winDateTime":"2021.06.26 16:18:00","xncode":null,"timeLine":null,"prizetimes":0,"showTimes":false,"skipLink":"https://item.jd.com/100010779451.html","scoreNum":null}
电信全年360G专属大流量

====抽奖结果====,{"id":"jd_46df9eaa780aa_ts_1624695482956","prizeId":"8002","pin":"jd_46df9eaa780aa","neckName":null,"type":"8","name":"移动激活送1.2万京豆","img":"","beanNum":"","couponFullPrice":"","couponReducePrice":"","couponBeginTime":"","couponEndTime":"","status":"1","winTime":1624695482957,"winDateTime":"2021.06.26 16:18:02","xncode":null,"timeLine":null,"prizetimes":0,"showTimes":false,"skipLink":"https://item.jd.com/100019694852.html","scoreNum":null}
移动激活送1.2万京豆

====抽奖结果====,{"id":"jd_46df9eaa780aa_ts_1624695487206","prizeId":"8003","pin":"jd_46df9eaa780aa","neckName":null,"type":"8","name":"电信全年420G视频会员","img":"","beanNum":"","couponFullPrice":"","couponReducePrice":"","couponBeginTime":"","couponEndTime":"","status":"1","winTime":1624695487208,"winDateTime":"2021.06.26 16:18:07","xncode":null,"timeLine":null,"prizetimes":0,"showTimes":false,"skipLink":"https://item.jd.com/100019694850.html","scoreNum":null}
电信全年420G视频会员

====抽奖结果====,{"id":"jd_46df9eaa780aa_ts_1624695489969","prizeId":"8003","pin":"jd_46df9eaa780aa","neckName":null,"type":"8","name":"电信全年420G视频会员","img":"","beanNum":"","couponFullPrice":"","couponReducePrice":"","couponBeginTime":"","couponEndTime":"","status":"1","winTime":1624695489970,"winDateTime":"2021.06.26 16:18:09","xncode":null,"timeLine":null,"prizetimes":0,"showTimes":false,"skipLink":"https://item.jd.com/100019694850.html","scoreNum":null}
电信全年420G视频会员



自己账号内部互助
账号 1 15631692383_p 开始给 64f21d85-7029-4b29-a553-5b92674cba01进行助力
助力结果{"code":2005,"data":{},"msg":"助力次数已用完"}
次数已用完，跳出助力


自己账号内部互助
账号 2 jd_74a8d71c978d9 开始给 64f21d85-7029-4b29-a553-5b92674cba01进行助力
助力结果{"code":200,"msg":"成功","data":"Ymh__Sirius"}

助力好友 【Ymh__Sirius】 成功

账号 2 jd_74a8d71c978d9 开始给 1b775947-b67b-4106-bd1e-199a1d8e281e进行助力
助力结果{"code":2003,"data":{},"msg":"助力已满"}
账号 2 jd_74a8d71c978d9 开始给 fc879bf5-e2da-4358-9676-efc1e64ebb00进行助力
助力结果{"code":2003,"data":{},"msg":"助力已满"}
账号 2 jd_74a8d71c978d9 开始给 1e0e1195-3371-4acc-a4b0-c3eb89dedbe8进行助力
助力结果{"code":2003,"data":{},"msg":"助力已满"}
账号 2 jd_74a8d71c978d9 开始给 27cfac1e-08d5-42d8-9b65-173f595fa5fb进行助力
助力结果{"code":2003,"data":{},"msg":"助力已满"}
账号 2 jd_74a8d71c978d9 开始给 6d955c67-a608-4607-8095-36d63bc37745进行助力
助力结果{"code":2003,"data":{},"msg":"助力已满"}
账号 2 jd_74a8d71c978d9 开始给 04dea552-17cf-4f56-8bc8-0d8fc76482ff进行助力
助力结果{"code":2003,"data":{},"msg":"助力已满"}
账号 2 jd_74a8d71c978d9 开始给 efe71d03-6c95-461c-988f-41fada6fdf56进行助力
助力结果{"code":2003,"data":{},"msg":"助力已满"}
账号 2 jd_74a8d71c978d9 开始给 64364804-6668-41e9-80a7-d2b632591ae2进行助力
助力结果{"code":2003,"data":{},"msg":"助力已满"}
账号 2 jd_74a8d71c978d9 开始给 95086bf3-ef26-47a3-8173-809c758ff242进行助力
助力结果{"code":2003,"data":{},"msg":"助力已满"}
账号 2 jd_74a8d71c978d9 开始给 86c4cc8f-4d32-46aa-a1b3-bf6d2b923397进行助力
助力结果{"code":2003,"data":{},"msg":"助力已满"}
账号 2 jd_74a8d71c978d9 开始给 5319f680-9124-4f25-8671-fe9b22b548bf进行助力
助力结果{"code":2003,"data":{},"msg":"助力已满"}
账号 2 jd_74a8d71c978d9 开始给 805cca47-db0f-4525-8deb-e4080ac7f7d6进行助力
助力结果{"code":2003,"data":{},"msg":"助力已满"}
账号 2 jd_74a8d71c978d9 开始给 3677ad92-b6e1-4102-9c6f-1358e0aeea64进行助力
助力结果{"code":2003,"data":{},"msg":"助力已满"}
账号 2 jd_74a8d71c978d9 开始给 dde35428-6b65-4d3e-ae77-f34189424435进行助力
助力结果{"code":2003,"data":{},"msg":"助力已满"}
账号 2 jd_74a8d71c978d9 开始给 d53af0a6-54e1-4b27-8482-dbcd712c31ba进行助力
助力结果{"code":2003,"data":{},"msg":"助力已满"}
账号 2 jd_74a8d71c978d9 开始给 13ccfc70-0fd9-40d6-b21d-9d967ee5dd7e进行助力
助力结果{"code":2003,"data":{},"msg":"助力已满"}
账号 2 jd_74a8d71c978d9 开始给 6d025a90-55e7-4bee-9afb-cfce36c4627f进行助力
助力结果{"code":2003,"data":{},"msg":"助力已满"}
账号 2 jd_74a8d71c978d9 开始给 5c10fc37-fe73-4b27-bb40-baddfec658a6进行助力
助力结果{"code":2003,"data":{},"msg":"助力已满"}
账号 2 jd_74a8d71c978d9 开始给 4da8ee57-7eb7-4c17-bd3a-5894315ce7fe进行助力
助力结果{"code":2003,"data":{},"msg":"助力已满"}
账号 2 jd_74a8d71c978d9 开始给 607c8543-a587-483c-8824-19f1b2a6c9d8进行助力
助力结果{"code":2003,"data":{},"msg":"助力已满"}
账号 2 jd_74a8d71c978d9 开始给 be167200-aad8-4d7f-8bb4-390a4a1cb7cb进行助力
助力结果{"code":2003,"data":{},"msg":"助力已满"}
账号 2 jd_74a8d71c978d9 开始给 bd938eb5-2ebb-4610-8f0a-f2fb0ca0fa89进行助力
助力结果{"code":2003,"data":{},"msg":"助力已满"}
账号 2 jd_74a8d71c978d9 开始给 c9718620-0084-4041-8353-6db2c909357f进行助力
助力结果{"code":2003,"data":{},"msg":"助力已满"}
账号 2 jd_74a8d71c978d9 开始给 cb2fb075-67cc-4a27-bcfb-442de0d89096进行助力
助力结果{"code":2003,"data":{},"msg":"助力已满"}
账号 2 jd_74a8d71c978d9 开始给 b8a4e615-f2eb-40a6-891c-2f3ce6b645ef进行助力
助力结果{"code":2003,"data":{},"msg":"助力已满"}


自己账号内部互助
账号 3 chao4596758 开始给 64f21d85-7029-4b29-a553-5b92674cba01进行助力
助力结果{"code":200,"msg":"成功","data":"Ymh__Sirius"}

助力好友 【Ymh__Sirius】 成功

账号 3 chao4596758 开始给 1b775947-b67b-4106-bd1e-199a1d8e281e进行助力
助力结果{"code":2003,"data":{},"msg":"助力已满"}
账号 3 chao4596758 开始给 fc879bf5-e2da-4358-9676-efc1e64ebb00进行助力
助力结果{"code":2003,"data":{},"msg":"助力已满"}
账号 3 chao4596758 开始给 1e0e1195-3371-4acc-a4b0-c3eb89dedbe8进行助力
助力结果{"code":2003,"data":{},"msg":"助力已满"}
账号 3 chao4596758 开始给 27cfac1e-08d5-42d8-9b65-173f595fa5fb进行助力
助力结果{"code":2003,"data":{},"msg":"助力已满"}
账号 3 chao4596758 开始给 6d955c67-a608-4607-8095-36d63bc37745进行助力
助力结果{"code":2003,"data":{},"msg":"助力已满"}
账号 3 chao4596758 开始给 04dea552-17cf-4f56-8bc8-0d8fc76482ff进行助力
助力结果{"code":2003,"data":{},"msg":"助力已满"}
账号 3 chao4596758 开始给 efe71d03-6c95-461c-988f-41fada6fdf56进行助力
助力结果{"code":2003,"data":{},"msg":"助力已满"}
账号 3 chao4596758 开始给 64364804-6668-41e9-80a7-d2b632591ae2进行助力
助力结果{"code":2003,"data":{},"msg":"助力已满"}
账号 3 chao4596758 开始给 95086bf3-ef26-47a3-8173-809c758ff242进行助力
助力结果{"code":2003,"data":{},"msg":"助力已满"}
账号 3 chao4596758 开始给 86c4cc8f-4d32-46aa-a1b3-bf6d2b923397进行助力
助力结果{"code":2003,"data":{},"msg":"助力已满"}
账号 3 chao4596758 开始给 5319f680-9124-4f25-8671-fe9b22b548bf进行助力
助力结果{"code":2003,"data":{},"msg":"助力已满"}
账号 3 chao4596758 开始给 805cca47-db0f-4525-8deb-e4080ac7f7d6进行助力
助力结果{"code":2003,"data":{},"msg":"助力已满"}
账号 3 chao4596758 开始给 3677ad92-b6e1-4102-9c6f-1358e0aeea64进行助力
助力结果{"code":2003,"data":{},"msg":"助力已满"}
账号 3 chao4596758 开始给 dde35428-6b65-4d3e-ae77-f34189424435进行助力
助力结果{"code":2003,"data":{},"msg":"助力已满"}
账号 3 chao4596758 开始给 d53af0a6-54e1-4b27-8482-dbcd712c31ba进行助力
助力结果{"code":2003,"data":{},"msg":"助力已满"}
账号 3 chao4596758 开始给 13ccfc70-0fd9-40d6-b21d-9d967ee5dd7e进行助力
助力结果{"code":2003,"data":{},"msg":"助力已满"}
账号 3 chao4596758 开始给 6d025a90-55e7-4bee-9afb-cfce36c4627f进行助力
助力结果{"code":2003,"data":{},"msg":"助力已满"}
账号 3 chao4596758 开始给 5c10fc37-fe73-4b27-bb40-baddfec658a6进行助力
助力结果{"code":2003,"data":{},"msg":"助力已满"}
账号 3 chao4596758 开始给 4da8ee57-7eb7-4c17-bd3a-5894315ce7fe进行助力
助力结果{"code":2003,"data":{},"msg":"助力已满"}
账号 3 chao4596758 开始给 607c8543-a587-483c-8824-19f1b2a6c9d8进行助力
助力结果{"code":2003,"data":{},"msg":"助力已满"}
账号 3 chao4596758 开始给 be167200-aad8-4d7f-8bb4-390a4a1cb7cb进行助力
助力结果{"code":2003,"data":{},"msg":"助力已满"}
账号 3 chao4596758 开始给 bd938eb5-2ebb-4610-8f0a-f2fb0ca0fa89进行助力
助力结果{"code":2003,"data":{},"msg":"助力已满"}
账号 3 chao4596758 开始给 c9718620-0084-4041-8353-6db2c909357f进行助力
助力结果{"code":2003,"data":{},"msg":"助力已满"}
账号 3 chao4596758 开始给 cb2fb075-67cc-4a27-bcfb-442de0d89096进行助力
助力结果{"code":2003,"data":{},"msg":"助力已满"}
账号 3 chao4596758 开始给 b8a4e615-f2eb-40a6-891c-2f3ce6b645ef进行助力
助力结果{"code":2003,"data":{},"msg":"助力已满"}


自己账号内部互助
账号 4 jd_46df9eaa780aa 开始给 64f21d85-7029-4b29-a553-5b92674cba01进行助力
助力结果{"code":200,"msg":"成功","data":"Ymh__Sirius"}

助力好友 【Ymh__Sirius】 成功

账号 4 jd_46df9eaa780aa 开始给 1b775947-b67b-4106-bd1e-199a1d8e281e进行助力
助力结果{"code":2003,"data":{},"msg":"助力已满"}
账号 4 jd_46df9eaa780aa 开始给 fc879bf5-e2da-4358-9676-efc1e64ebb00进行助力
助力结果{"code":2003,"data":{},"msg":"助力已满"}
账号 4 jd_46df9eaa780aa 开始给 1e0e1195-3371-4acc-a4b0-c3eb89dedbe8进行助力
助力结果{"code":2003,"data":{},"msg":"助力已满"}
账号 4 jd_46df9eaa780aa 开始给 27cfac1e-08d5-42d8-9b65-173f595fa5fb进行助力
助力结果{"code":2003,"data":{},"msg":"助力已满"}
账号 4 jd_46df9eaa780aa 开始给 6d955c67-a608-4607-8095-36d63bc37745进行助力
助力结果{"code":2003,"data":{},"msg":"助力已满"}
账号 4 jd_46df9eaa780aa 开始给 04dea552-17cf-4f56-8bc8-0d8fc76482ff进行助力
助力结果{"code":2003,"data":{},"msg":"助力已满"}
账号 4 jd_46df9eaa780aa 开始给 efe71d03-6c95-461c-988f-41fada6fdf56进行助力
助力结果{"code":2003,"data":{},"msg":"助力已满"}
账号 4 jd_46df9eaa780aa 开始给 64364804-6668-41e9-80a7-d2b632591ae2进行助力
助力结果{"code":2003,"data":{},"msg":"助力已满"}
账号 4 jd_46df9eaa780aa 开始给 95086bf3-ef26-47a3-8173-809c758ff242进行助力
助力结果{"code":2003,"data":{},"msg":"助力已满"}
账号 4 jd_46df9eaa780aa 开始给 86c4cc8f-4d32-46aa-a1b3-bf6d2b923397进行助力
助力结果{"code":2003,"data":{},"msg":"助力已满"}
账号 4 jd_46df9eaa780aa 开始给 5319f680-9124-4f25-8671-fe9b22b548bf进行助力
助力结果{"code":2003,"data":{},"msg":"助力已满"}
账号 4 jd_46df9eaa780aa 开始给 805cca47-db0f-4525-8deb-e4080ac7f7d6进行助力
助力结果{"code":2003,"data":{},"msg":"助力已满"}
账号 4 jd_46df9eaa780aa 开始给 3677ad92-b6e1-4102-9c6f-1358e0aeea64进行助力
助力结果{"code":2003,"data":{},"msg":"助力已满"}
账号 4 jd_46df9eaa780aa 开始给 dde35428-6b65-4d3e-ae77-f34189424435进行助力
助力结果{"code":2003,"data":{},"msg":"助力已满"}
账号 4 jd_46df9eaa780aa 开始给 d53af0a6-54e1-4b27-8482-dbcd712c31ba进行助力
助力结果{"code":2003,"data":{},"msg":"助力已满"}
账号 4 jd_46df9eaa780aa 开始给 13ccfc70-0fd9-40d6-b21d-9d967ee5dd7e进行助力
助力结果{"code":2003,"data":{},"msg":"助力已满"}
账号 4 jd_46df9eaa780aa 开始给 6d025a90-55e7-4bee-9afb-cfce36c4627f进行助力
助力结果{"code":2003,"data":{},"msg":"助力已满"}
账号 4 jd_46df9eaa780aa 开始给 5c10fc37-fe73-4b27-bb40-baddfec658a6进行助力
助力结果{"code":2003,"data":{},"msg":"助力已满"}
账号 4 jd_46df9eaa780aa 开始给 4da8ee57-7eb7-4c17-bd3a-5894315ce7fe进行助力
助力结果{"code":2003,"data":{},"msg":"助力已满"}
账号 4 jd_46df9eaa780aa 开始给 607c8543-a587-483c-8824-19f1b2a6c9d8进行助力
助力结果{"code":2003,"data":{},"msg":"助力已满"}
账号 4 jd_46df9eaa780aa 开始给 be167200-aad8-4d7f-8bb4-390a4a1cb7cb进行助力
助力结果{"code":2003,"data":{},"msg":"助力已满"}
账号 4 jd_46df9eaa780aa 开始给 bd938eb5-2ebb-4610-8f0a-f2fb0ca0fa89进行助力
助力结果{"code":2003,"data":{},"msg":"助力已满"}
账号 4 jd_46df9eaa780aa 开始给 c9718620-0084-4041-8353-6db2c909357f进行助力
助力结果{"code":2003,"data":{},"msg":"助力已满"}
账号 4 jd_46df9eaa780aa 开始给 cb2fb075-67cc-4a27-bcfb-442de0d89096进行助力
助力结果{"code":2003,"data":{},"msg":"助力已满"}
账号 4 jd_46df9eaa780aa 开始给 b8a4e615-f2eb-40a6-891c-2f3ce6b645ef进行助力
助力结果{"code":2003,"data":{},"msg":"助力已满"}

🔔5G超级盲盒, 结束! 🕛 1186.143 秒

