
🔔5G超级盲盒, 开始!

====================共2个京东账号Cookie=========

==================脚本执行- 北京时间(UTC+8)：7/12/2021, 12:00:04 AM=====================

5G超级盲盒，可抽奖获得京豆，建议在凌晨0点时运行脚本，白天抽奖基本没有京豆，4小时运行一次收集热力值
活动地址: https://isp5g.m.jd.com
活动时间：2021-06-2到2021-07-31
更新时间：2021-06-3 12:00

******开始【京东账号1】15631692383_p*********

好友邀请码 {"code":5000,"data":{},"msg":"任务已过期"}
尝试多次运行脚本即可获取好友邀请码
成功领取1800热力值
商品 { code: 200, msg: '成功', data: 1 }
商品领取金币 { code: 200, msg: '成功', data: 1 }
商品 { code: 200, msg: '成功', data: 1 }
商品领取金币 { code: 200, msg: '成功', data: 1 }
商品 { code: 200, msg: '成功', data: 1 }
商品领取金币 { code: 200, msg: '成功', data: 1 }
商品 { code: 200, msg: '成功', data: 1 }
商品领取金币 { code: 200, msg: '成功', data: 1 }
商品 { code: 200, msg: '成功', data: 1 }
商品领取金币 { code: 200, msg: '成功', data: 1 }
商品 { code: 200, msg: '成功', data: 1 }
商品领取金币 { code: 200, msg: '成功', data: 1 }
商品 { code: 200, msg: '成功', data: 1 }
商品领取金币 { code: 200, msg: '成功', data: 1 }
商品 { code: 200, msg: '成功', data: 1 }
商品领取金币 { code: 200, msg: '成功', data: 1 }
商品 { code: 200, msg: '成功', data: 1 }
商品领取金币 { code: 200, msg: '成功', data: 1 }
商品 { code: 200, msg: '成功', data: 1 }
商品领取金币 { code: 200, msg: '成功', data: 1 }
商品 { code: 200, msg: '成功', data: 1 }
商品领取金币 { code: 200, msg: '成功', data: 1 }
商品 { code: 200, msg: '成功', data: 1 }
商品领取金币 { code: 200, msg: '成功', data: 1 }
请继续等待,正在做任务,不要退出哦
请继续等待,正在做任务,不要退出哦
请继续等待,正在做任务,不要退出哦
请继续等待,正在做任务,不要退出哦
请继续等待,正在做任务,不要退出哦
请继续等待,正在做任务,不要退出哦
请继续等待,正在做任务,不要退出哦
请继续等待,正在做任务,不要退出哦

❗️5G超级盲盒, 错误!
SyntaxError: Unexpected token < in JSON at position 0
    at JSON.parse (<anonymous>)
    at /opt/jd/scripts/jd_mohe.js:372:21
    at /opt/jd/scripts/jd_mohe.js:586:4955
    at processTicksAndRejections (internal/process/task_queues.js:93:5)
请继续等待,正在做任务,不要退出哦
请继续等待,正在做任务,不要退出哦
请继续等待,正在做任务,不要退出哦
请继续等待,正在做任务,不要退出哦
请继续等待,正在做任务,不要退出哦
请继续等待,正在做任务,不要退出哦
请继续等待,正在做任务,不要退出哦
请继续等待,正在做任务,不要退出哦
请继续等待,正在做任务,不要退出哦
请继续等待,正在做任务,不要退出哦
请继续等待,正在做任务,不要退出哦
请继续等待,正在做任务,不要退出哦
请继续等待,正在做任务,不要退出哦
请继续等待,正在做任务,不要退出哦
请继续等待,正在做任务,不要退出哦
请继续等待,正在做任务,不要退出哦
请继续等待,正在做任务,不要退出哦
请继续等待,正在做任务,不要退出哦
请继续等待,正在做任务,不要退出哦
请继续等待,正在做任务,不要退出哦
请继续等待,正在做任务,不要退出哦
请继续等待,正在做任务,不要退出哦
请继续等待,正在做任务,不要退出哦
请继续等待,正在做任务,不要退出哦
请继续等待,正在做任务,不要退出哦
请继续等待,正在做任务,不要退出哦
请继续等待,正在做任务,不要退出哦
请继续等待,正在做任务,不要退出哦
请继续等待,正在做任务,不要退出哦
请继续等待,正在做任务,不要退出哦
请继续等待,正在做任务,不要退出哦
请继续等待,正在做任务,不要退出哦
请继续等待,正在做任务,不要退出哦
请继续等待,正在做任务,不要退出哦
请继续等待,正在做任务,不要退出哦
请继续等待,正在做任务,不要退出哦
请继续等待,正在做任务,不要退出哦
请继续等待,正在做任务,不要退出哦
请继续等待,正在做任务,不要退出哦
请继续等待,正在做任务,不要退出哦
请继续等待,正在做任务,不要退出哦
请继续等待,正在做任务,不要退出哦
请继续等待,正在做任务,不要退出哦
请继续等待,正在做任务,不要退出哦
请继续等待,正在做任务,不要退出哦
请继续等待,正在做任务,不要退出哦
请继续等待,正在做任务,不要退出哦
请继续等待,正在做任务,不要退出哦
请继续等待,正在做任务,不要退出哦
请继续等待,正在做任务,不要退出哦
请继续等待,正在做任务,不要退出哦


----taskList的任务全部做完了---


分享好友助力 0/10


====抽奖结果====,{"id":"15631692383_p_ts_1626019654221","prizeId":"8003","pin":"15631692383_p","neckName":null,"type":"8","name":"电信全年420G视频会员","img":"","beanNum":"","couponFullPrice":"","couponReducePrice":"","couponBeginTime":"","couponEndTime":"","status":"1","winTime":1626019654313,"winDateTime":"2021.07.12 00:07:34","xncode":null,"timeLine":null,"prizetimes":0,"showTimes":false,"skipLink":"https://item.jd.com/100019694850.html","scoreNum":null}
电信全年420G视频会员

====抽奖结果====,{"id":"15631692383_p_ts_1626019656815","prizeId":"","pin":"15631692383_p","neckName":null,"type":"","name":"未中奖","img":"","beanNum":"","couponFullPrice":"","couponReducePrice":"","couponBeginTime":"","couponEndTime":"","status":"0","winTime":1626019657419,"winDateTime":"2021.07.12 00:07:37","xncode":null,"timeLine":null,"prizetimes":0,"showTimes":false,"skipLink":null,"scoreNum":null}
未中奖

====抽奖结果====,{"id":"15631692383_p_ts_1626019659892","prizeId":"8004","pin":"15631692383_p","neckName":null,"type":"8","name":"电信全年360G专属大流量","img":"","beanNum":"","couponFullPrice":"","couponReducePrice":"","couponBeginTime":"","couponEndTime":"","status":"1","winTime":1626019659895,"winDateTime":"2021.07.12 00:07:39","xncode":null,"timeLine":null,"prizetimes":0,"showTimes":false,"skipLink":"https://item.jd.com/100010779451.html","scoreNum":null}
电信全年360G专属大流量

====抽奖结果====,{"id":"15631692383_p_ts_1626019662911","prizeId":"8004","pin":"15631692383_p","neckName":null,"type":"8","name":"电信全年360G专属大流量","img":"","beanNum":"","couponFullPrice":"","couponReducePrice":"","couponBeginTime":"","couponEndTime":"","status":"1","winTime":1626019662912,"winDateTime":"2021.07.12 00:07:42","xncode":null,"timeLine":null,"prizetimes":0,"showTimes":false,"skipLink":"https://item.jd.com/100010779451.html","scoreNum":null}
电信全年360G专属大流量

====抽奖结果====,{"id":"15631692383_p_ts_1626019665148","prizeId":"","pin":"15631692383_p","neckName":null,"type":"","name":"未中奖","img":"","beanNum":"","couponFullPrice":"","couponReducePrice":"","couponBeginTime":"","couponEndTime":"","status":"0","winTime":1626019665149,"winDateTime":"2021.07.12 00:07:45","xncode":null,"timeLine":null,"prizetimes":0,"showTimes":false,"skipLink":null,"scoreNum":null}
未中奖

====抽奖结果====,{"id":"15631692383_p_ts_1626019667410","prizeId":"8004","pin":"15631692383_p","neckName":null,"type":"8","name":"电信全年360G专属大流量","img":"","beanNum":"","couponFullPrice":"","couponReducePrice":"","couponBeginTime":"","couponEndTime":"","status":"1","winTime":1626019667412,"winDateTime":"2021.07.12 00:07:47","xncode":null,"timeLine":null,"prizetimes":0,"showTimes":false,"skipLink":"https://item.jd.com/100010779451.html","scoreNum":null}
电信全年360G专属大流量

====抽奖结果====,{"id":"15631692383_p_ts_1626019669894","prizeId":"","pin":"15631692383_p","neckName":null,"type":"","name":"未中奖","img":"","beanNum":"","couponFullPrice":"","couponReducePrice":"","couponBeginTime":"","couponEndTime":"","status":"0","winTime":1626019669896,"winDateTime":"2021.07.12 00:07:49","xncode":null,"timeLine":null,"prizetimes":0,"showTimes":false,"skipLink":null,"scoreNum":null}
未中奖


******开始【京东账号2】Ycp_Dream*********

好友邀请码 {"code":5000,"data":{},"msg":"任务已过期"}
尝试多次运行脚本即可获取好友邀请码
成功领取1800热力值
商品 { code: 200, msg: '成功', data: 1 }
商品领取金币 { code: 200, msg: '成功', data: 1 }
商品 { code: 200, msg: '成功', data: 1 }
商品领取金币 { code: 200, msg: '成功', data: 1 }
商品 { code: 200, msg: '成功', data: 1 }
商品领取金币 { code: 200, msg: '成功', data: 1 }
商品 { code: 200, msg: '成功', data: 1 }
商品领取金币 { code: 200, msg: '成功', data: 1 }
商品 { code: 200, msg: '成功', data: 1 }
商品领取金币 { code: 200, msg: '成功', data: 1 }
商品 { code: 200, msg: '成功', data: 1 }
商品领取金币 { code: 200, msg: '成功', data: 1 }
商品 { code: 200, msg: '成功', data: 1 }
商品领取金币 { code: 200, msg: '成功', data: 1 }
商品 { code: 200, msg: '成功', data: 1 }
商品领取金币 { code: 200, msg: '成功', data: 1 }
商品 { code: 200, msg: '成功', data: 1 }
商品领取金币 { code: 200, msg: '成功', data: 1 }
商品 { code: 200, msg: '成功', data: 1 }
商品领取金币 { code: 200, msg: '成功', data: 1 }
商品 { code: 200, msg: '成功', data: 1 }
商品领取金币 { code: 200, msg: '成功', data: 1 }
商品 { code: 200, msg: '成功', data: 1 }
商品领取金币 { code: 200, msg: '成功', data: 1 }
请继续等待,正在做任务,不要退出哦
请继续等待,正在做任务,不要退出哦
请继续等待,正在做任务,不要退出哦
请继续等待,正在做任务,不要退出哦
请继续等待,正在做任务,不要退出哦
请继续等待,正在做任务,不要退出哦
请继续等待,正在做任务,不要退出哦
请继续等待,正在做任务,不要退出哦
请继续等待,正在做任务,不要退出哦
请继续等待,正在做任务,不要退出哦
请继续等待,正在做任务,不要退出哦
请继续等待,正在做任务,不要退出哦
请继续等待,正在做任务,不要退出哦
请继续等待,正在做任务,不要退出哦
请继续等待,正在做任务,不要退出哦
请继续等待,正在做任务,不要退出哦
请继续等待,正在做任务,不要退出哦
请继续等待,正在做任务,不要退出哦
请继续等待,正在做任务,不要退出哦
请继续等待,正在做任务,不要退出哦
请继续等待,正在做任务,不要退出哦
请继续等待,正在做任务,不要退出哦
请继续等待,正在做任务,不要退出哦
请继续等待,正在做任务,不要退出哦
请继续等待,正在做任务,不要退出哦
请继续等待,正在做任务,不要退出哦
请继续等待,正在做任务,不要退出哦
请继续等待,正在做任务,不要退出哦
请继续等待,正在做任务,不要退出哦
请继续等待,正在做任务,不要退出哦
请继续等待,正在做任务,不要退出哦
请继续等待,正在做任务,不要退出哦
请继续等待,正在做任务,不要退出哦
请继续等待,正在做任务,不要退出哦
请继续等待,正在做任务,不要退出哦
请继续等待,正在做任务,不要退出哦
请继续等待,正在做任务,不要退出哦
请继续等待,正在做任务,不要退出哦
请继续等待,正在做任务,不要退出哦
请继续等待,正在做任务,不要退出哦
请继续等待,正在做任务,不要退出哦
请继续等待,正在做任务,不要退出哦
请继续等待,正在做任务,不要退出哦
请继续等待,正在做任务,不要退出哦
请继续等待,正在做任务,不要退出哦
请继续等待,正在做任务,不要退出哦
请继续等待,正在做任务,不要退出哦
请继续等待,正在做任务,不要退出哦
请继续等待,正在做任务,不要退出哦
请继续等待,正在做任务,不要退出哦
请继续等待,正在做任务,不要退出哦
请继续等待,正在做任务,不要退出哦
请继续等待,正在做任务,不要退出哦
请继续等待,正在做任务,不要退出哦
请继续等待,正在做任务,不要退出哦
请继续等待,正在做任务,不要退出哦
请继续等待,正在做任务,不要退出哦
请继续等待,正在做任务,不要退出哦
请继续等待,正在做任务,不要退出哦


----taskList的任务全部做完了---


分享好友助力 0/10


====抽奖结果====,{"id":"jd_74a8d71c978d9_ts_1626020032374","prizeId":"","pin":"jd_74a8d71c978d9","neckName":null,"type":"","name":"未中奖","img":"","beanNum":"","couponFullPrice":"","couponReducePrice":"","couponBeginTime":"","couponEndTime":"","status":"0","winTime":1626020032375,"winDateTime":"2021.07.12 00:13:52","xncode":null,"timeLine":null,"prizetimes":0,"showTimes":false,"skipLink":null,"scoreNum":null}
未中奖

====抽奖结果====,{"id":"jd_74a8d71c978d9_ts_1626020034933","prizeId":"8001","pin":"jd_74a8d71c978d9","neckName":null,"type":"8","name":"腾讯大王卡专属游戏加速宝","img":"","beanNum":"","couponFullPrice":"","couponReducePrice":"","couponBeginTime":"","couponEndTime":"","status":"1","winTime":1626020034935,"winDateTime":"2021.07.12 00:13:54","xncode":null,"timeLine":null,"prizetimes":0,"showTimes":false,"skipLink":"https://item.jd.com/100019694876.html","scoreNum":null}
腾讯大王卡专属游戏加速宝

====抽奖结果====,{"id":"jd_74a8d71c978d9_ts_1626020037129","prizeId":"9999","pin":"jd_74a8d71c978d9","neckName":null,"type":"99","name":"未中奖","img":"","beanNum":"","couponFullPrice":"","couponReducePrice":"","couponBeginTime":"","couponEndTime":"","status":"0","winTime":1626020037130,"winDateTime":"2021.07.12 00:13:57","xncode":null,"timeLine":null,"prizetimes":0,"showTimes":false,"skipLink":null,"scoreNum":null}
未中奖

====抽奖结果====,{"id":"jd_74a8d71c978d9_ts_1626020039258","prizeId":"9999","pin":"jd_74a8d71c978d9","neckName":null,"type":"99","name":"未中奖","img":"","beanNum":"","couponFullPrice":"","couponReducePrice":"","couponBeginTime":"","couponEndTime":"","status":"0","winTime":1626020039259,"winDateTime":"2021.07.12 00:13:59","xncode":null,"timeLine":null,"prizetimes":0,"showTimes":false,"skipLink":null,"scoreNum":null}
未中奖

====抽奖结果====,{"id":"jd_74a8d71c978d9_ts_1626020041525","prizeId":"8001","pin":"jd_74a8d71c978d9","neckName":null,"type":"8","name":"腾讯大王卡专属游戏加速宝","img":"","beanNum":"","couponFullPrice":"","couponReducePrice":"","couponBeginTime":"","couponEndTime":"","status":"1","winTime":1626020041528,"winDateTime":"2021.07.12 00:14:01","xncode":null,"timeLine":null,"prizetimes":0,"showTimes":false,"skipLink":"https://item.jd.com/100019694876.html","scoreNum":null}
腾讯大王卡专属游戏加速宝

====抽奖结果====,{"id":"jd_74a8d71c978d9_ts_1626020043901","prizeId":"8004","pin":"jd_74a8d71c978d9","neckName":null,"type":"8","name":"电信全年360G专属大流量","img":"","beanNum":"","couponFullPrice":"","couponReducePrice":"","couponBeginTime":"","couponEndTime":"","status":"1","winTime":1626020043902,"winDateTime":"2021.07.12 00:14:03","xncode":null,"timeLine":null,"prizetimes":0,"showTimes":false,"skipLink":"https://item.jd.com/100010779451.html","scoreNum":null}
电信全年360G专属大流量



自己账号内部互助
账号 1 15631692383_p 开始给 aba4eba1-ed47-42f3-afb3-bfdf10c651aa进行助力
助力结果{"code":5004,"data":{},"msg":"助力已过期"}
账号 1 15631692383_p 开始给 56a0cd2c-5377-4b89-92ca-a31763719792进行助力
助力结果{"code":5004,"data":{},"msg":"助力已过期"}
账号 1 15631692383_p 开始给 28545851-5e6b-4e56-9ad1-c07199e25520进行助力
助力结果{"code":5004,"data":{},"msg":"助力已过期"}
账号 1 15631692383_p 开始给 6bd5bdd3-3741-4f97-8b1a-7f0a603bede7进行助力
助力结果{"code":5004,"data":{},"msg":"助力已过期"}
账号 1 15631692383_p 开始给 da941d09-431d-4593-b7e6-7d8bc25c2d63进行助力
助力结果{"code":5004,"data":{},"msg":"助力已过期"}
账号 1 15631692383_p 开始给 d741ed66-bbee-42ff-915e-264840fa9dca进行助力
助力结果{"code":5004,"data":{},"msg":"助力已过期"}
账号 1 15631692383_p 开始给 95ee49cf-ac49-458a-98f1-82164626506c进行助力
助力结果{"code":5004,"data":{},"msg":"助力已过期"}
账号 1 15631692383_p 开始给 fbedf3d7-8bdc-413e-af68-756c576db20b进行助力
助力结果{"code":5004,"data":{},"msg":"助力已过期"}
账号 1 15631692383_p 开始给 f929f9ca-0324-4a38-92e7-0a05020f18b2进行助力
助力结果{"code":5004,"data":{},"msg":"助力已过期"}
账号 1 15631692383_p 开始给 27c4dfda-026d-4dff-97c2-c56945750d83进行助力
助力结果{"code":5004,"data":{},"msg":"助力已过期"}
账号 1 15631692383_p 开始给 27735fda-2ef9-4c9b-98ef-d784ecca01f4进行助力
助力结果{"code":5004,"data":{},"msg":"助力已过期"}
账号 1 15631692383_p 开始给 359c6869-8d91-41ea-a9df-b66c0eda95bc进行助力
助力结果{"code":5004,"data":{},"msg":"助力已过期"}
账号 1 15631692383_p 开始给 6ba97c6f-8e99-4489-a887-4288889093dd进行助力
助力结果{"code":5004,"data":{},"msg":"助力已过期"}
账号 1 15631692383_p 开始给 c8a6aa15-c991-40e2-9f8d-c1537dc5373b进行助力
助力结果{"code":5004,"data":{},"msg":"助力已过期"}
账号 1 15631692383_p 开始给 2adc29b4-a40f-4faf-8564-a95ee8972f51进行助力
助力结果{"code":5004,"data":{},"msg":"助力已过期"}
账号 1 15631692383_p 开始给 be815975-ab61-47cd-b57c-1735ce3758ca进行助力
助力结果{"code":5004,"data":{},"msg":"助力已过期"}
账号 1 15631692383_p 开始给 66ab9cca-f4d4-4bb7-8a65-54714942edcf进行助力
助力结果{"code":5004,"data":{},"msg":"助力已过期"}
账号 1 15631692383_p 开始给 da59ad35-82c5-42dd-9b44-0cb5df83d026进行助力
助力结果{"code":5004,"data":{},"msg":"助力已过期"}
账号 1 15631692383_p 开始给 262aa9e0-0f77-4a0f-8781-10760c261e8a进行助力
助力结果{"code":5004,"data":{},"msg":"助力已过期"}
账号 1 15631692383_p 开始给 921a2583-7c24-4783-a6fd-e382962cbfeb进行助力
助力结果{"code":500,"data":{},"msg":"内部错误"}
账号 1 15631692383_p 开始给 ab1db387-e655-42f7-84ee-72e3392068bd进行助力
助力结果{"code":5004,"data":{},"msg":"助力已过期"}
账号 1 15631692383_p 开始给 e6f64687-d0ef-4a68-9306-3cf537d86c0f进行助力
助力结果{"code":5004,"data":{},"msg":"助力已过期"}
账号 1 15631692383_p 开始给 df2883a7-ce54-47b1-a5a8-3f40627b442b进行助力
助力结果{"code":5004,"data":{},"msg":"助力已过期"}
账号 1 15631692383_p 开始给 a1935cc8-f4fd-41c7-9069-50ee34b2aa4a进行助力
助力结果{"code":5004,"data":{},"msg":"助力已过期"}
账号 1 15631692383_p 开始给 cafe1c3c-38d5-4dc8-8032-e6065b48ff33进行助力
助力结果{"code":5004,"data":{},"msg":"助力已过期"}
账号 1 15631692383_p 开始给 ae49f543-6900-48cc-b250-22107f503f5b进行助力
助力结果{"code":5004,"data":{},"msg":"助力已过期"}
账号 1 15631692383_p 开始给 ef2c07df-8463-40da-8ebb-ca7c4b323a63进行助力
助力结果{"code":5004,"data":{},"msg":"助力已过期"}
账号 1 15631692383_p 开始给 84d561dd-57a3-470f-ae0e-7af674ee6638进行助力
助力结果{"code":5004,"data":{},"msg":"助力已过期"}
账号 1 15631692383_p 开始给 ee393537-5bd4-426a-89bd-b984b61f5a37进行助力
助力结果{"code":5004,"data":{},"msg":"助力已过期"}


自己账号内部互助
账号 2 jd_74a8d71c978d9 开始给 aba4eba1-ed47-42f3-afb3-bfdf10c651aa进行助力
助力结果{"code":5004,"data":{},"msg":"助力已过期"}
账号 2 jd_74a8d71c978d9 开始给 56a0cd2c-5377-4b89-92ca-a31763719792进行助力
助力结果{"code":5004,"data":{},"msg":"助力已过期"}
账号 2 jd_74a8d71c978d9 开始给 28545851-5e6b-4e56-9ad1-c07199e25520进行助力
助力结果{"code":5004,"data":{},"msg":"助力已过期"}
账号 2 jd_74a8d71c978d9 开始给 6bd5bdd3-3741-4f97-8b1a-7f0a603bede7进行助力
助力结果{"code":5004,"data":{},"msg":"助力已过期"}
账号 2 jd_74a8d71c978d9 开始给 da941d09-431d-4593-b7e6-7d8bc25c2d63进行助力
助力结果{"code":5004,"data":{},"msg":"助力已过期"}
账号 2 jd_74a8d71c978d9 开始给 d741ed66-bbee-42ff-915e-264840fa9dca进行助力
助力结果{"code":5004,"data":{},"msg":"助力已过期"}
账号 2 jd_74a8d71c978d9 开始给 95ee49cf-ac49-458a-98f1-82164626506c进行助力
助力结果{"code":5004,"data":{},"msg":"助力已过期"}
账号 2 jd_74a8d71c978d9 开始给 fbedf3d7-8bdc-413e-af68-756c576db20b进行助力
助力结果{"code":5004,"data":{},"msg":"助力已过期"}
账号 2 jd_74a8d71c978d9 开始给 f929f9ca-0324-4a38-92e7-0a05020f18b2进行助力
助力结果{"code":5004,"data":{},"msg":"助力已过期"}
账号 2 jd_74a8d71c978d9 开始给 27c4dfda-026d-4dff-97c2-c56945750d83进行助力
助力结果{"code":5004,"data":{},"msg":"助力已过期"}
账号 2 jd_74a8d71c978d9 开始给 27735fda-2ef9-4c9b-98ef-d784ecca01f4进行助力
助力结果{"code":5004,"data":{},"msg":"助力已过期"}
账号 2 jd_74a8d71c978d9 开始给 359c6869-8d91-41ea-a9df-b66c0eda95bc进行助力
助力结果{"code":5004,"data":{},"msg":"助力已过期"}
账号 2 jd_74a8d71c978d9 开始给 6ba97c6f-8e99-4489-a887-4288889093dd进行助力
助力结果{"code":5004,"data":{},"msg":"助力已过期"}
账号 2 jd_74a8d71c978d9 开始给 c8a6aa15-c991-40e2-9f8d-c1537dc5373b进行助力
助力结果{"code":5004,"data":{},"msg":"助力已过期"}
账号 2 jd_74a8d71c978d9 开始给 2adc29b4-a40f-4faf-8564-a95ee8972f51进行助力
助力结果{"code":5004,"data":{},"msg":"助力已过期"}
账号 2 jd_74a8d71c978d9 开始给 be815975-ab61-47cd-b57c-1735ce3758ca进行助力
助力结果{"code":5004,"data":{},"msg":"助力已过期"}
账号 2 jd_74a8d71c978d9 开始给 66ab9cca-f4d4-4bb7-8a65-54714942edcf进行助力
助力结果{"code":5004,"data":{},"msg":"助力已过期"}
账号 2 jd_74a8d71c978d9 开始给 da59ad35-82c5-42dd-9b44-0cb5df83d026进行助力
助力结果{"code":5004,"data":{},"msg":"助力已过期"}
账号 2 jd_74a8d71c978d9 开始给 262aa9e0-0f77-4a0f-8781-10760c261e8a进行助力
助力结果{"code":5004,"data":{},"msg":"助力已过期"}
账号 2 jd_74a8d71c978d9 开始给 921a2583-7c24-4783-a6fd-e382962cbfeb进行助力
助力结果{"code":500,"data":{},"msg":"内部错误"}
账号 2 jd_74a8d71c978d9 开始给 ab1db387-e655-42f7-84ee-72e3392068bd进行助力
助力结果{"code":5004,"data":{},"msg":"助力已过期"}
账号 2 jd_74a8d71c978d9 开始给 e6f64687-d0ef-4a68-9306-3cf537d86c0f进行助力
助力结果{"code":5004,"data":{},"msg":"助力已过期"}
账号 2 jd_74a8d71c978d9 开始给 df2883a7-ce54-47b1-a5a8-3f40627b442b进行助力
助力结果{"code":5004,"data":{},"msg":"助力已过期"}
账号 2 jd_74a8d71c978d9 开始给 a1935cc8-f4fd-41c7-9069-50ee34b2aa4a进行助力
助力结果{"code":5004,"data":{},"msg":"助力已过期"}
账号 2 jd_74a8d71c978d9 开始给 cafe1c3c-38d5-4dc8-8032-e6065b48ff33进行助力
助力结果{"code":5004,"data":{},"msg":"助力已过期"}
账号 2 jd_74a8d71c978d9 开始给 ae49f543-6900-48cc-b250-22107f503f5b进行助力
助力结果{"code":5004,"data":{},"msg":"助力已过期"}
账号 2 jd_74a8d71c978d9 开始给 ef2c07df-8463-40da-8ebb-ca7c4b323a63进行助力
助力结果{"code":5004,"data":{},"msg":"助力已过期"}
账号 2 jd_74a8d71c978d9 开始给 84d561dd-57a3-470f-ae0e-7af674ee6638进行助力
助力结果{"code":5004,"data":{},"msg":"助力已过期"}
账号 2 jd_74a8d71c978d9 开始给 ee393537-5bd4-426a-89bd-b984b61f5a37进行助力
助力结果{"code":5004,"data":{},"msg":"助力已过期"}

🔔5G超级盲盒, 结束! 🕛 905.335 秒

