
🔔5G超级盲盒, 开始!

====================共5个京东账号Cookie=========

==================脚本执行- 北京时间(UTC+8)：7/2/2021, 8:00:02 AM=====================

5G超级盲盒，可抽奖获得京豆，建议在凌晨0点时运行脚本，白天抽奖基本没有京豆，4小时运行一次收集热力值
活动地址: https://isp5g.m.jd.com
活动时间：2021-06-2到2021-07-31
更新时间：2021-06-3 12:00

******开始【京东账号1】15631692383_p*********

好友邀请码 {"code":200,"msg":"成功","data":"780ac4bd-4f54-4932-a765-7d2449c9093f"}

【京东账号1（15631692383_p）的5G超级盲盒好友互助码】780ac4bd-4f54-4932-a765-7d2449c9093f

此邀请码一天一变化，旧的不可用
成功领取1800热力值
精选好物任务已完成
精选好物任务已完成
精选好物任务已完成
精选好物任务已完成
精选好物任务已完成
精选好物任务已完成
精选好物任务已完成
精选好物任务已完成
精选好物任务已完成
精选好物任务已完成
精选好物任务已完成
精选好物任务已完成


----taskList的任务全部做完了---


分享好友助力 0/10


====抽奖结果====,{"id":"15631692383_p_ts_1625184027681","prizeId":"8003","pin":"15631692383_p","neckName":null,"type":"8","name":"电信全年420G视频会员","img":"","beanNum":"","couponFullPrice":"","couponReducePrice":"","couponBeginTime":"","couponEndTime":"","status":"1","winTime":1625184027682,"winDateTime":"2021.07.02 08:00:27","xncode":null,"timeLine":null,"prizetimes":0,"showTimes":false,"skipLink":"https://item.jd.com/100019694850.html","scoreNum":null}
电信全年420G视频会员


******开始【京东账号2】Ycp_Dream*********

好友邀请码 {"code":5000,"data":{},"msg":"任务已过期"}
尝试多次运行脚本即可获取好友邀请码
成功领取1800热力值
商品 { code: 200, msg: '成功', data: 1 }
商品领取金币 { code: 200, msg: '成功', data: 1 }
商品 { code: 200, msg: '成功', data: 1 }
商品领取金币 { code: 200, msg: '成功', data: 1 }
商品 { code: 200, msg: '成功', data: 1 }
商品领取金币 { code: 200, msg: '成功', data: 1 }
商品 { code: 200, msg: '成功', data: 1 }
商品领取金币 { code: 200, msg: '成功', data: 1 }
商品 { code: 200, msg: '成功', data: 1 }
商品领取金币 { code: 200, msg: '成功', data: 1 }
商品 { code: 200, msg: '成功', data: 1 }
商品领取金币 { code: 200, msg: '成功', data: 1 }
商品 { code: 200, msg: '成功', data: 1 }
商品领取金币 { code: 200, msg: '成功', data: 1 }
商品 { code: 200, msg: '成功', data: 1 }
商品领取金币 { code: 200, msg: '成功', data: 1 }
商品 { code: 200, msg: '成功', data: 1 }
商品领取金币 { code: 200, msg: '成功', data: 1 }
商品 { code: 200, msg: '成功', data: 1 }
商品领取金币 { code: 200, msg: '成功', data: 1 }
商品 { code: 200, msg: '成功', data: 1 }
商品领取金币 { code: 200, msg: '成功', data: 1 }
商品 { code: 200, msg: '成功', data: 1 }
商品领取金币 { code: 200, msg: '成功', data: 1 }
请继续等待,正在做任务,不要退出哦
请继续等待,正在做任务,不要退出哦
请继续等待,正在做任务,不要退出哦
请继续等待,正在做任务,不要退出哦
请继续等待,正在做任务,不要退出哦
请继续等待,正在做任务,不要退出哦
请继续等待,正在做任务,不要退出哦
请继续等待,正在做任务,不要退出哦
请继续等待,正在做任务,不要退出哦
请继续等待,正在做任务,不要退出哦
请继续等待,正在做任务,不要退出哦
请继续等待,正在做任务,不要退出哦
请继续等待,正在做任务,不要退出哦
请继续等待,正在做任务,不要退出哦
请继续等待,正在做任务,不要退出哦
请继续等待,正在做任务,不要退出哦
请继续等待,正在做任务,不要退出哦
请继续等待,正在做任务,不要退出哦
请继续等待,正在做任务,不要退出哦
请继续等待,正在做任务,不要退出哦
请继续等待,正在做任务,不要退出哦
请继续等待,正在做任务,不要退出哦
请继续等待,正在做任务,不要退出哦
请继续等待,正在做任务,不要退出哦
请继续等待,正在做任务,不要退出哦
请继续等待,正在做任务,不要退出哦
请继续等待,正在做任务,不要退出哦
请继续等待,正在做任务,不要退出哦
请继续等待,正在做任务,不要退出哦
请继续等待,正在做任务,不要退出哦
请继续等待,正在做任务,不要退出哦
请继续等待,正在做任务,不要退出哦
请继续等待,正在做任务,不要退出哦
请继续等待,正在做任务,不要退出哦
请继续等待,正在做任务,不要退出哦
请继续等待,正在做任务,不要退出哦
请继续等待,正在做任务,不要退出哦
请继续等待,正在做任务,不要退出哦
请继续等待,正在做任务,不要退出哦
请继续等待,正在做任务,不要退出哦
请继续等待,正在做任务,不要退出哦
请继续等待,正在做任务,不要退出哦
请继续等待,正在做任务,不要退出哦
请继续等待,正在做任务,不要退出哦
请继续等待,正在做任务,不要退出哦
请继续等待,正在做任务,不要退出哦
请继续等待,正在做任务,不要退出哦
请继续等待,正在做任务,不要退出哦
请继续等待,正在做任务,不要退出哦
请继续等待,正在做任务,不要退出哦
请继续等待,正在做任务,不要退出哦
请继续等待,正在做任务,不要退出哦
请继续等待,正在做任务,不要退出哦
请继续等待,正在做任务,不要退出哦
请继续等待,正在做任务,不要退出哦
请继续等待,正在做任务,不要退出哦
请继续等待,正在做任务,不要退出哦
请继续等待,正在做任务,不要退出哦
请继续等待,正在做任务,不要退出哦
请继续等待,正在做任务,不要退出哦
请继续等待,正在做任务,不要退出哦
请继续等待,正在做任务,不要退出哦
请继续等待,正在做任务,不要退出哦
请继续等待,正在做任务,不要退出哦
请继续等待,正在做任务,不要退出哦
请继续等待,正在做任务,不要退出哦
请继续等待,正在做任务,不要退出哦
请继续等待,正在做任务,不要退出哦
请继续等待,正在做任务,不要退出哦
请继续等待,正在做任务,不要退出哦
请继续等待,正在做任务,不要退出哦
请继续等待,正在做任务,不要退出哦
请继续等待,正在做任务,不要退出哦
请继续等待,正在做任务,不要退出哦
请继续等待,正在做任务,不要退出哦
请继续等待,正在做任务,不要退出哦
请继续等待,正在做任务,不要退出哦
请继续等待,正在做任务,不要退出哦
请继续等待,正在做任务,不要退出哦
请继续等待,正在做任务,不要退出哦
请继续等待,正在做任务,不要退出哦
请继续等待,正在做任务,不要退出哦
请继续等待,正在做任务,不要退出哦
请继续等待,正在做任务,不要退出哦
请继续等待,正在做任务,不要退出哦
请继续等待,正在做任务,不要退出哦
请继续等待,正在做任务,不要退出哦
请继续等待,正在做任务,不要退出哦
请继续等待,正在做任务,不要退出哦
请继续等待,正在做任务,不要退出哦
请继续等待,正在做任务,不要退出哦
请继续等待,正在做任务,不要退出哦
请继续等待,正在做任务,不要退出哦
请继续等待,正在做任务,不要退出哦
请继续等待,正在做任务,不要退出哦
请继续等待,正在做任务,不要退出哦
请继续等待,正在做任务,不要退出哦
请继续等待,正在做任务,不要退出哦
请继续等待,正在做任务,不要退出哦
请继续等待,正在做任务,不要退出哦
请继续等待,正在做任务,不要退出哦
请继续等待,正在做任务,不要退出哦
请继续等待,正在做任务,不要退出哦
请继续等待,正在做任务,不要退出哦
请继续等待,正在做任务,不要退出哦
请继续等待,正在做任务,不要退出哦
请继续等待,正在做任务,不要退出哦
请继续等待,正在做任务,不要退出哦
请继续等待,正在做任务,不要退出哦
请继续等待,正在做任务,不要退出哦
请继续等待,正在做任务,不要退出哦
请继续等待,正在做任务,不要退出哦
请继续等待,正在做任务,不要退出哦
请继续等待,正在做任务,不要退出哦
请继续等待,正在做任务,不要退出哦
请继续等待,正在做任务,不要退出哦
请继续等待,正在做任务,不要退出哦
请继续等待,正在做任务,不要退出哦
请继续等待,正在做任务,不要退出哦
请继续等待,正在做任务,不要退出哦
请继续等待,正在做任务,不要退出哦
请继续等待,正在做任务,不要退出哦
请继续等待,正在做任务,不要退出哦
请继续等待,正在做任务,不要退出哦
请继续等待,正在做任务,不要退出哦
请继续等待,正在做任务,不要退出哦
请继续等待,正在做任务,不要退出哦
请继续等待,正在做任务,不要退出哦
请继续等待,正在做任务,不要退出哦
请继续等待,正在做任务,不要退出哦
请继续等待,正在做任务,不要退出哦
请继续等待,正在做任务,不要退出哦
请继续等待,正在做任务,不要退出哦
请继续等待,正在做任务,不要退出哦
请继续等待,正在做任务,不要退出哦
请继续等待,正在做任务,不要退出哦
请继续等待,正在做任务,不要退出哦
请继续等待,正在做任务,不要退出哦
请继续等待,正在做任务,不要退出哦
请继续等待,正在做任务,不要退出哦
请继续等待,正在做任务,不要退出哦
请继续等待,正在做任务,不要退出哦
请继续等待,正在做任务,不要退出哦
请继续等待,正在做任务,不要退出哦
请继续等待,正在做任务,不要退出哦
请继续等待,正在做任务,不要退出哦


----taskList的任务全部做完了---


分享好友助力 0/10


====抽奖结果====,{"id":"jd_74a8d71c978d9_ts_1625184368441","prizeId":"9999","pin":"jd_74a8d71c978d9","neckName":null,"type":"99","name":"未中奖","img":"","beanNum":"","couponFullPrice":"","couponReducePrice":"","couponBeginTime":"","couponEndTime":"","status":"0","winTime":1625184368443,"winDateTime":"2021.07.02 08:06:08","xncode":null,"timeLine":null,"prizetimes":0,"showTimes":false,"skipLink":null,"scoreNum":null}
未中奖

====抽奖结果====,{"id":"jd_74a8d71c978d9_ts_1625184370678","prizeId":"","pin":"jd_74a8d71c978d9","neckName":null,"type":"","name":"未中奖","img":"","beanNum":"","couponFullPrice":"","couponReducePrice":"","couponBeginTime":"","couponEndTime":"","status":"0","winTime":1625184370688,"winDateTime":"2021.07.02 08:06:10","xncode":null,"timeLine":null,"prizetimes":0,"showTimes":false,"skipLink":null,"scoreNum":null}
未中奖

====抽奖结果====,{"id":"jd_74a8d71c978d9_ts_1625184373119","prizeId":"","pin":"jd_74a8d71c978d9","neckName":null,"type":"","name":"未中奖","img":"","beanNum":"","couponFullPrice":"","couponReducePrice":"","couponBeginTime":"","couponEndTime":"","status":"0","winTime":1625184373124,"winDateTime":"2021.07.02 08:06:13","xncode":null,"timeLine":null,"prizetimes":0,"showTimes":false,"skipLink":null,"scoreNum":null}
未中奖

====抽奖结果====,{"id":"jd_74a8d71c978d9_ts_1625184375283","prizeId":"8004","pin":"jd_74a8d71c978d9","neckName":null,"type":"8","name":"电信全年360G专属大流量","img":"","beanNum":"","couponFullPrice":"","couponReducePrice":"","couponBeginTime":"","couponEndTime":"","status":"1","winTime":1625184375284,"winDateTime":"2021.07.02 08:06:15","xncode":null,"timeLine":null,"prizetimes":0,"showTimes":false,"skipLink":"https://item.jd.com/100010779451.html","scoreNum":null}
电信全年360G专属大流量

====抽奖结果====,{"id":"jd_74a8d71c978d9_ts_1625184377460","prizeId":"8001","pin":"jd_74a8d71c978d9","neckName":null,"type":"8","name":"腾讯大王卡专属游戏加速宝","img":"","beanNum":"","couponFullPrice":"","couponReducePrice":"","couponBeginTime":"","couponEndTime":"","status":"1","winTime":1625184377462,"winDateTime":"2021.07.02 08:06:17","xncode":null,"timeLine":null,"prizetimes":0,"showTimes":false,"skipLink":"https://item.jd.com/100019694876.html","scoreNum":null}
腾讯大王卡专属游戏加速宝

====抽奖结果====,{"id":"jd_74a8d71c978d9_ts_1625184379648","prizeId":"","pin":"jd_74a8d71c978d9","neckName":null,"type":"","name":"未中奖","img":"","beanNum":"","couponFullPrice":"","couponReducePrice":"","couponBeginTime":"","couponEndTime":"","status":"0","winTime":1625184379649,"winDateTime":"2021.07.02 08:06:19","xncode":null,"timeLine":null,"prizetimes":0,"showTimes":false,"skipLink":null,"scoreNum":null}
未中奖


******开始【京东账号3】jd_585601a83bd48*********

好友邀请码 {"code":5000,"data":{},"msg":"任务已过期"}
尝试多次运行脚本即可获取好友邀请码
成功领取1800热力值
商品 { code: 200, msg: '成功', data: 1 }
商品领取金币 { code: 200, msg: '成功', data: 1 }
商品 { code: 200, msg: '成功', data: 1 }
商品领取金币 { code: 200, msg: '成功', data: 1 }
商品 { code: 200, msg: '成功', data: 1 }
商品领取金币 { code: 200, msg: '成功', data: 1 }
商品 { code: 200, msg: '成功', data: 1 }
商品领取金币 { code: 200, msg: '成功', data: 1 }
商品 { code: 200, msg: '成功', data: 1 }
商品领取金币 { code: 200, msg: '成功', data: 1 }
商品 { code: 200, msg: '成功', data: 1 }
商品领取金币 { code: 200, msg: '成功', data: 1 }
商品 { code: 200, msg: '成功', data: 1 }
商品领取金币 { code: 200, msg: '成功', data: 1 }
商品 { code: 200, msg: '成功', data: 1 }
商品领取金币 { code: 200, msg: '成功', data: 1 }
商品 { code: 200, msg: '成功', data: 1 }
商品领取金币 { code: 200, msg: '成功', data: 1 }
商品 { code: 200, msg: '成功', data: 1 }
商品领取金币 { code: 200, msg: '成功', data: 1 }
商品 { code: 200, msg: '成功', data: 1 }
商品领取金币 { code: 200, msg: '成功', data: 1 }
商品 { code: 200, msg: '成功', data: 1 }
商品领取金币 { code: 200, msg: '成功', data: 1 }
请继续等待,正在做任务,不要退出哦
请继续等待,正在做任务,不要退出哦
请继续等待,正在做任务,不要退出哦
请继续等待,正在做任务,不要退出哦
请继续等待,正在做任务,不要退出哦
请继续等待,正在做任务,不要退出哦
请继续等待,正在做任务,不要退出哦
请继续等待,正在做任务,不要退出哦
请继续等待,正在做任务,不要退出哦
请继续等待,正在做任务,不要退出哦
请继续等待,正在做任务,不要退出哦
请继续等待,正在做任务,不要退出哦
请继续等待,正在做任务,不要退出哦
请继续等待,正在做任务,不要退出哦
请继续等待,正在做任务,不要退出哦
请继续等待,正在做任务,不要退出哦
请继续等待,正在做任务,不要退出哦
请继续等待,正在做任务,不要退出哦
请继续等待,正在做任务,不要退出哦
请继续等待,正在做任务,不要退出哦
请继续等待,正在做任务,不要退出哦
请继续等待,正在做任务,不要退出哦
请继续等待,正在做任务,不要退出哦
请继续等待,正在做任务,不要退出哦
请继续等待,正在做任务,不要退出哦
请继续等待,正在做任务,不要退出哦
请继续等待,正在做任务,不要退出哦
请继续等待,正在做任务,不要退出哦
请继续等待,正在做任务,不要退出哦
请继续等待,正在做任务,不要退出哦
请继续等待,正在做任务,不要退出哦
请继续等待,正在做任务,不要退出哦
请继续等待,正在做任务,不要退出哦
请继续等待,正在做任务,不要退出哦
请继续等待,正在做任务,不要退出哦
请继续等待,正在做任务,不要退出哦
请继续等待,正在做任务,不要退出哦
请继续等待,正在做任务,不要退出哦
请继续等待,正在做任务,不要退出哦
请继续等待,正在做任务,不要退出哦
请继续等待,正在做任务,不要退出哦
请继续等待,正在做任务,不要退出哦
请继续等待,正在做任务,不要退出哦
请继续等待,正在做任务,不要退出哦
请继续等待,正在做任务,不要退出哦
请继续等待,正在做任务,不要退出哦
请继续等待,正在做任务,不要退出哦
请继续等待,正在做任务,不要退出哦
请继续等待,正在做任务,不要退出哦
请继续等待,正在做任务,不要退出哦
请继续等待,正在做任务,不要退出哦
请继续等待,正在做任务,不要退出哦
请继续等待,正在做任务,不要退出哦
请继续等待,正在做任务,不要退出哦
请继续等待,正在做任务,不要退出哦
请继续等待,正在做任务,不要退出哦
请继续等待,正在做任务,不要退出哦
请继续等待,正在做任务,不要退出哦
请继续等待,正在做任务,不要退出哦
请继续等待,正在做任务,不要退出哦
请继续等待,正在做任务,不要退出哦
请继续等待,正在做任务,不要退出哦
请继续等待,正在做任务,不要退出哦
请继续等待,正在做任务,不要退出哦
请继续等待,正在做任务,不要退出哦
请继续等待,正在做任务,不要退出哦
请继续等待,正在做任务,不要退出哦
请继续等待,正在做任务,不要退出哦
请继续等待,正在做任务,不要退出哦
请继续等待,正在做任务,不要退出哦
请继续等待,正在做任务,不要退出哦
请继续等待,正在做任务,不要退出哦
请继续等待,正在做任务,不要退出哦
请继续等待,正在做任务,不要退出哦
请继续等待,正在做任务,不要退出哦
请继续等待,正在做任务,不要退出哦
请继续等待,正在做任务,不要退出哦
请继续等待,正在做任务,不要退出哦
请继续等待,正在做任务,不要退出哦
请继续等待,正在做任务,不要退出哦
请继续等待,正在做任务,不要退出哦
请继续等待,正在做任务,不要退出哦
请继续等待,正在做任务,不要退出哦
请继续等待,正在做任务,不要退出哦
请继续等待,正在做任务,不要退出哦
请继续等待,正在做任务,不要退出哦
请继续等待,正在做任务,不要退出哦
请继续等待,正在做任务,不要退出哦
请继续等待,正在做任务,不要退出哦
请继续等待,正在做任务,不要退出哦
请继续等待,正在做任务,不要退出哦
请继续等待,正在做任务,不要退出哦
请继续等待,正在做任务,不要退出哦
请继续等待,正在做任务,不要退出哦
请继续等待,正在做任务,不要退出哦
请继续等待,正在做任务,不要退出哦
请继续等待,正在做任务,不要退出哦
请继续等待,正在做任务,不要退出哦
请继续等待,正在做任务,不要退出哦
请继续等待,正在做任务,不要退出哦
请继续等待,正在做任务,不要退出哦
请继续等待,正在做任务,不要退出哦
请继续等待,正在做任务,不要退出哦
请继续等待,正在做任务,不要退出哦
请继续等待,正在做任务,不要退出哦
请继续等待,正在做任务,不要退出哦
请继续等待,正在做任务,不要退出哦
请继续等待,正在做任务,不要退出哦
请继续等待,正在做任务,不要退出哦
请继续等待,正在做任务,不要退出哦
请继续等待,正在做任务,不要退出哦
请继续等待,正在做任务,不要退出哦
请继续等待,正在做任务,不要退出哦
请继续等待,正在做任务,不要退出哦
请继续等待,正在做任务,不要退出哦
请继续等待,正在做任务,不要退出哦
请继续等待,正在做任务,不要退出哦
请继续等待,正在做任务,不要退出哦
请继续等待,正在做任务,不要退出哦
请继续等待,正在做任务,不要退出哦
请继续等待,正在做任务,不要退出哦
请继续等待,正在做任务,不要退出哦
请继续等待,正在做任务,不要退出哦
请继续等待,正在做任务,不要退出哦
请继续等待,正在做任务,不要退出哦
请继续等待,正在做任务,不要退出哦
请继续等待,正在做任务,不要退出哦
请继续等待,正在做任务,不要退出哦
请继续等待,正在做任务,不要退出哦
请继续等待,正在做任务,不要退出哦
请继续等待,正在做任务,不要退出哦
请继续等待,正在做任务,不要退出哦
请继续等待,正在做任务,不要退出哦
请继续等待,正在做任务,不要退出哦
请继续等待,正在做任务,不要退出哦
请继续等待,正在做任务,不要退出哦
请继续等待,正在做任务,不要退出哦
请继续等待,正在做任务,不要退出哦
请继续等待,正在做任务,不要退出哦
请继续等待,正在做任务,不要退出哦
请继续等待,正在做任务,不要退出哦
请继续等待,正在做任务,不要退出哦
请继续等待,正在做任务,不要退出哦
请继续等待,正在做任务,不要退出哦
请继续等待,正在做任务,不要退出哦
请继续等待,正在做任务,不要退出哦
请继续等待,正在做任务,不要退出哦
请继续等待,正在做任务,不要退出哦
请继续等待,正在做任务,不要退出哦
请继续等待,正在做任务,不要退出哦
请继续等待,正在做任务,不要退出哦
请继续等待,正在做任务,不要退出哦
请继续等待,正在做任务,不要退出哦
请继续等待,正在做任务,不要退出哦
请继续等待,正在做任务,不要退出哦
请继续等待,正在做任务,不要退出哦
请继续等待,正在做任务,不要退出哦
请继续等待,正在做任务,不要退出哦
请继续等待,正在做任务,不要退出哦
请继续等待,正在做任务,不要退出哦
请继续等待,正在做任务,不要退出哦
请继续等待,正在做任务,不要退出哦
请继续等待,正在做任务,不要退出哦
请继续等待,正在做任务,不要退出哦
请继续等待,正在做任务,不要退出哦
请继续等待,正在做任务,不要退出哦
请继续等待,正在做任务,不要退出哦
请继续等待,正在做任务,不要退出哦
请继续等待,正在做任务,不要退出哦
请继续等待,正在做任务,不要退出哦
请继续等待,正在做任务,不要退出哦
请继续等待,正在做任务,不要退出哦
请继续等待,正在做任务,不要退出哦
请继续等待,正在做任务,不要退出哦
请继续等待,正在做任务,不要退出哦
请继续等待,正在做任务,不要退出哦
请继续等待,正在做任务,不要退出哦
请继续等待,正在做任务,不要退出哦
请继续等待,正在做任务,不要退出哦
请继续等待,正在做任务,不要退出哦
请继续等待,正在做任务,不要退出哦
请继续等待,正在做任务,不要退出哦
请继续等待,正在做任务,不要退出哦
请继续等待,正在做任务,不要退出哦
请继续等待,正在做任务,不要退出哦


----taskList的任务全部做完了---


分享好友助力 0/10


====抽奖结果====,{"id":"chao4596758_ts_1625184571399","prizeId":"","pin":"chao4596758","neckName":null,"type":"","name":"未中奖","img":"","beanNum":"","couponFullPrice":"","couponReducePrice":"","couponBeginTime":"","couponEndTime":"","status":"0","winTime":1625184571404,"winDateTime":"2021.07.02 08:09:31","xncode":null,"timeLine":null,"prizetimes":0,"showTimes":false,"skipLink":null,"scoreNum":null}
未中奖

====抽奖结果====,{"id":"chao4596758_ts_1625184573590","prizeId":"9999","pin":"chao4596758","neckName":null,"type":"99","name":"未中奖","img":"","beanNum":"","couponFullPrice":"","couponReducePrice":"","couponBeginTime":"","couponEndTime":"","status":"0","winTime":1625184573591,"winDateTime":"2021.07.02 08:09:33","xncode":null,"timeLine":null,"prizetimes":0,"showTimes":false,"skipLink":null,"scoreNum":null}
未中奖

====抽奖结果====,{"id":"chao4596758_ts_1625184575767","prizeId":"8004","pin":"chao4596758","neckName":null,"type":"8","name":"电信全年360G专属大流量","img":"","beanNum":"","couponFullPrice":"","couponReducePrice":"","couponBeginTime":"","couponEndTime":"","status":"1","winTime":1625184575769,"winDateTime":"2021.07.02 08:09:35","xncode":null,"timeLine":null,"prizetimes":0,"showTimes":false,"skipLink":"https://item.jd.com/100010779451.html","scoreNum":null}
电信全年360G专属大流量

====抽奖结果====,{"id":"chao4596758_ts_1625184577961","prizeId":"8002","pin":"chao4596758","neckName":null,"type":"8","name":"移动激活送1.2万京豆","img":"","beanNum":"","couponFullPrice":"","couponReducePrice":"","couponBeginTime":"","couponEndTime":"","status":"1","winTime":1625184577962,"winDateTime":"2021.07.02 08:09:37","xncode":null,"timeLine":null,"prizetimes":0,"showTimes":false,"skipLink":"https://item.jd.com/100019694852.html","scoreNum":null}
移动激活送1.2万京豆

====抽奖结果====,{"id":"chao4596758_ts_1625184585165","prizeId":"9999","pin":"chao4596758","neckName":null,"type":"99","name":"未中奖","img":"","beanNum":"","couponFullPrice":"","couponReducePrice":"","couponBeginTime":"","couponEndTime":"","status":"0","winTime":1625184585167,"winDateTime":"2021.07.02 08:09:45","xncode":null,"timeLine":null,"prizetimes":0,"showTimes":false,"skipLink":null,"scoreNum":null}
未中奖

====抽奖结果====,{"id":"chao4596758_ts_1625184592366","prizeId":"8001","pin":"chao4596758","neckName":null,"type":"8","name":"腾讯大王卡专属游戏加速宝","img":"","beanNum":"","couponFullPrice":"","couponReducePrice":"","couponBeginTime":"","couponEndTime":"","status":"1","winTime":1625184592367,"winDateTime":"2021.07.02 08:09:52","xncode":null,"timeLine":null,"prizetimes":0,"showTimes":false,"skipLink":"https://item.jd.com/100019694876.html","scoreNum":null}
腾讯大王卡专属游戏加速宝


******开始【京东账号4】jd_157332ewky*********

好友邀请码 {"code":5000,"data":{},"msg":"任务已过期"}
尝试多次运行脚本即可获取好友邀请码
成功领取1800热力值
商品 { code: 200, msg: '成功', data: 1 }
商品领取金币 { code: 200, msg: '成功', data: 1 }
商品 { code: 200, msg: '成功', data: 1 }
商品领取金币 { code: 200, msg: '成功', data: 1 }
商品 { code: 200, msg: '成功', data: 1 }
商品领取金币 { code: 200, msg: '成功', data: 1 }
商品 { code: 200, msg: '成功', data: 1 }
商品领取金币 { code: 200, msg: '成功', data: 1 }
商品 { code: 200, msg: '成功', data: 1 }
商品领取金币 { code: 200, msg: '成功', data: 1 }
商品 { code: 200, msg: '成功', data: 1 }
商品领取金币 { code: 200, msg: '成功', data: 1 }
商品 { code: 200, msg: '成功', data: 1 }
商品领取金币 { code: 200, msg: '成功', data: 1 }
商品 { code: 200, msg: '成功', data: 1 }
商品领取金币 { code: 200, msg: '成功', data: 1 }
商品 { code: 200, msg: '成功', data: 1 }
商品领取金币 { code: 200, msg: '成功', data: 1 }
商品 { code: 200, msg: '成功', data: 1 }
商品领取金币 { code: 200, msg: '成功', data: 1 }
商品 { code: 200, msg: '成功', data: 1 }
商品领取金币 { code: 200, msg: '成功', data: 1 }
商品 { code: 200, msg: '成功', data: 1 }
商品领取金币 { code: 200, msg: '成功', data: 1 }
请继续等待,正在做任务,不要退出哦
请继续等待,正在做任务,不要退出哦
请继续等待,正在做任务,不要退出哦
请继续等待,正在做任务,不要退出哦
请继续等待,正在做任务,不要退出哦
请继续等待,正在做任务,不要退出哦
请继续等待,正在做任务,不要退出哦
请继续等待,正在做任务,不要退出哦
请继续等待,正在做任务,不要退出哦
请继续等待,正在做任务,不要退出哦
请继续等待,正在做任务,不要退出哦
请继续等待,正在做任务,不要退出哦
请继续等待,正在做任务,不要退出哦
请继续等待,正在做任务,不要退出哦
请继续等待,正在做任务,不要退出哦
请继续等待,正在做任务,不要退出哦
请继续等待,正在做任务,不要退出哦
请继续等待,正在做任务,不要退出哦
请继续等待,正在做任务,不要退出哦
请继续等待,正在做任务,不要退出哦
请继续等待,正在做任务,不要退出哦
请继续等待,正在做任务,不要退出哦
请继续等待,正在做任务,不要退出哦
请继续等待,正在做任务,不要退出哦
请继续等待,正在做任务,不要退出哦
请继续等待,正在做任务,不要退出哦
请继续等待,正在做任务,不要退出哦
请继续等待,正在做任务,不要退出哦
请继续等待,正在做任务,不要退出哦
请继续等待,正在做任务,不要退出哦
请继续等待,正在做任务,不要退出哦
请继续等待,正在做任务,不要退出哦
请继续等待,正在做任务,不要退出哦
请继续等待,正在做任务,不要退出哦
请继续等待,正在做任务,不要退出哦
请继续等待,正在做任务,不要退出哦
请继续等待,正在做任务,不要退出哦
请继续等待,正在做任务,不要退出哦
请继续等待,正在做任务,不要退出哦
请继续等待,正在做任务,不要退出哦
请继续等待,正在做任务,不要退出哦
请继续等待,正在做任务,不要退出哦
请继续等待,正在做任务,不要退出哦
请继续等待,正在做任务,不要退出哦
请继续等待,正在做任务,不要退出哦
请继续等待,正在做任务,不要退出哦
请继续等待,正在做任务,不要退出哦
请继续等待,正在做任务,不要退出哦
请继续等待,正在做任务,不要退出哦
请继续等待,正在做任务,不要退出哦
请继续等待,正在做任务,不要退出哦
请继续等待,正在做任务,不要退出哦
请继续等待,正在做任务,不要退出哦
请继续等待,正在做任务,不要退出哦
请继续等待,正在做任务,不要退出哦
请继续等待,正在做任务,不要退出哦
请继续等待,正在做任务,不要退出哦
请继续等待,正在做任务,不要退出哦
请继续等待,正在做任务,不要退出哦
请继续等待,正在做任务,不要退出哦
请继续等待,正在做任务,不要退出哦
请继续等待,正在做任务,不要退出哦
请继续等待,正在做任务,不要退出哦
请继续等待,正在做任务,不要退出哦
请继续等待,正在做任务,不要退出哦
请继续等待,正在做任务,不要退出哦
请继续等待,正在做任务,不要退出哦
请继续等待,正在做任务,不要退出哦
请继续等待,正在做任务,不要退出哦
请继续等待,正在做任务,不要退出哦
请继续等待,正在做任务,不要退出哦
请继续等待,正在做任务,不要退出哦
请继续等待,正在做任务,不要退出哦
请继续等待,正在做任务,不要退出哦
请继续等待,正在做任务,不要退出哦
请继续等待,正在做任务,不要退出哦
请继续等待,正在做任务,不要退出哦
请继续等待,正在做任务,不要退出哦
请继续等待,正在做任务,不要退出哦
请继续等待,正在做任务,不要退出哦
请继续等待,正在做任务,不要退出哦
请继续等待,正在做任务,不要退出哦
请继续等待,正在做任务,不要退出哦
请继续等待,正在做任务,不要退出哦
请继续等待,正在做任务,不要退出哦
请继续等待,正在做任务,不要退出哦
请继续等待,正在做任务,不要退出哦
请继续等待,正在做任务,不要退出哦
请继续等待,正在做任务,不要退出哦
请继续等待,正在做任务,不要退出哦
请继续等待,正在做任务,不要退出哦
请继续等待,正在做任务,不要退出哦
请继续等待,正在做任务,不要退出哦
请继续等待,正在做任务,不要退出哦
请继续等待,正在做任务,不要退出哦
请继续等待,正在做任务,不要退出哦
请继续等待,正在做任务,不要退出哦
请继续等待,正在做任务,不要退出哦
请继续等待,正在做任务,不要退出哦
请继续等待,正在做任务,不要退出哦
请继续等待,正在做任务,不要退出哦
请继续等待,正在做任务,不要退出哦
请继续等待,正在做任务,不要退出哦
请继续等待,正在做任务,不要退出哦
请继续等待,正在做任务,不要退出哦
请继续等待,正在做任务,不要退出哦
请继续等待,正在做任务,不要退出哦
请继续等待,正在做任务,不要退出哦
请继续等待,正在做任务,不要退出哦
请继续等待,正在做任务,不要退出哦
请继续等待,正在做任务,不要退出哦
请继续等待,正在做任务,不要退出哦
请继续等待,正在做任务,不要退出哦
请继续等待,正在做任务,不要退出哦
请继续等待,正在做任务,不要退出哦
请继续等待,正在做任务,不要退出哦
请继续等待,正在做任务,不要退出哦
请继续等待,正在做任务,不要退出哦
请继续等待,正在做任务,不要退出哦
请继续等待,正在做任务,不要退出哦
请继续等待,正在做任务,不要退出哦
请继续等待,正在做任务,不要退出哦
请继续等待,正在做任务,不要退出哦
请继续等待,正在做任务,不要退出哦
请继续等待,正在做任务,不要退出哦
请继续等待,正在做任务,不要退出哦
请继续等待,正在做任务,不要退出哦
请继续等待,正在做任务,不要退出哦
请继续等待,正在做任务,不要退出哦
请继续等待,正在做任务,不要退出哦
请继续等待,正在做任务,不要退出哦
请继续等待,正在做任务,不要退出哦
请继续等待,正在做任务,不要退出哦
请继续等待,正在做任务,不要退出哦
请继续等待,正在做任务,不要退出哦
请继续等待,正在做任务,不要退出哦
请继续等待,正在做任务,不要退出哦
请继续等待,正在做任务,不要退出哦
请继续等待,正在做任务,不要退出哦
请继续等待,正在做任务,不要退出哦
请继续等待,正在做任务,不要退出哦
请继续等待,正在做任务,不要退出哦
请继续等待,正在做任务,不要退出哦
请继续等待,正在做任务,不要退出哦
请继续等待,正在做任务,不要退出哦
请继续等待,正在做任务,不要退出哦
请继续等待,正在做任务,不要退出哦
请继续等待,正在做任务,不要退出哦
请继续等待,正在做任务,不要退出哦
请继续等待,正在做任务,不要退出哦
请继续等待,正在做任务,不要退出哦
请继续等待,正在做任务,不要退出哦
请继续等待,正在做任务,不要退出哦
请继续等待,正在做任务,不要退出哦
请继续等待,正在做任务,不要退出哦
请继续等待,正在做任务,不要退出哦
请继续等待,正在做任务,不要退出哦
请继续等待,正在做任务,不要退出哦
请继续等待,正在做任务,不要退出哦
请继续等待,正在做任务,不要退出哦
请继续等待,正在做任务,不要退出哦
请继续等待,正在做任务,不要退出哦
请继续等待,正在做任务,不要退出哦
请继续等待,正在做任务,不要退出哦
请继续等待,正在做任务,不要退出哦
请继续等待,正在做任务,不要退出哦


----taskList的任务全部做完了---


分享好友助力 0/10


====抽奖结果====,{"id":"jd_46df9eaa780aa_ts_1625184787431","prizeId":"8003","pin":"jd_46df9eaa780aa","neckName":null,"type":"8","name":"电信全年420G视频会员","img":"","beanNum":"","couponFullPrice":"","couponReducePrice":"","couponBeginTime":"","couponEndTime":"","status":"1","winTime":1625184787432,"winDateTime":"2021.07.02 08:13:07","xncode":null,"timeLine":null,"prizetimes":0,"showTimes":false,"skipLink":"https://item.jd.com/100019694850.html","scoreNum":null}
电信全年420G视频会员

====抽奖结果====,{"id":"jd_46df9eaa780aa_ts_1625184789594","prizeId":"","pin":"jd_46df9eaa780aa","neckName":null,"type":"","name":"未中奖","img":"","beanNum":"","couponFullPrice":"","couponReducePrice":"","couponBeginTime":"","couponEndTime":"","status":"0","winTime":1625184789596,"winDateTime":"2021.07.02 08:13:09","xncode":null,"timeLine":null,"prizetimes":0,"showTimes":false,"skipLink":null,"scoreNum":null}
未中奖

====抽奖结果====,{"id":"jd_46df9eaa780aa_ts_1625184791857","prizeId":"9999","pin":"jd_46df9eaa780aa","neckName":null,"type":"99","name":"未中奖","img":"","beanNum":"","couponFullPrice":"","couponReducePrice":"","couponBeginTime":"","couponEndTime":"","status":"0","winTime":1625184791858,"winDateTime":"2021.07.02 08:13:11","xncode":null,"timeLine":null,"prizetimes":0,"showTimes":false,"skipLink":null,"scoreNum":null}
未中奖

====抽奖结果====,{"id":"jd_46df9eaa780aa_ts_1625184794029","prizeId":"8001","pin":"jd_46df9eaa780aa","neckName":null,"type":"8","name":"腾讯大王卡专属游戏加速宝","img":"","beanNum":"","couponFullPrice":"","couponReducePrice":"","couponBeginTime":"","couponEndTime":"","status":"1","winTime":1625184794030,"winDateTime":"2021.07.02 08:13:14","xncode":null,"timeLine":null,"prizetimes":0,"showTimes":false,"skipLink":"https://item.jd.com/100019694876.html","scoreNum":null}
腾讯大王卡专属游戏加速宝

====抽奖结果====,{"id":"jd_46df9eaa780aa_ts_1625184796205","prizeId":"","pin":"jd_46df9eaa780aa","neckName":null,"type":"","name":"未中奖","img":"","beanNum":"","couponFullPrice":"","couponReducePrice":"","couponBeginTime":"","couponEndTime":"","status":"0","winTime":1625184796206,"winDateTime":"2021.07.02 08:13:16","xncode":null,"timeLine":null,"prizetimes":0,"showTimes":false,"skipLink":null,"scoreNum":null}
未中奖

====抽奖结果====,{"id":"jd_46df9eaa780aa_ts_1625184798371","prizeId":"9999","pin":"jd_46df9eaa780aa","neckName":null,"type":"99","name":"未中奖","img":"","beanNum":"","couponFullPrice":"","couponReducePrice":"","couponBeginTime":"","couponEndTime":"","status":"0","winTime":1625184798372,"winDateTime":"2021.07.02 08:13:18","xncode":null,"timeLine":null,"prizetimes":0,"showTimes":false,"skipLink":null,"scoreNum":null}
未中奖

====抽奖结果====,{"id":"jd_46df9eaa780aa_ts_1625184800585","prizeId":"9999","pin":"jd_46df9eaa780aa","neckName":null,"type":"99","name":"未中奖","img":"","beanNum":"","couponFullPrice":"","couponReducePrice":"","couponBeginTime":"","couponEndTime":"","status":"0","winTime":1625184800586,"winDateTime":"2021.07.02 08:13:20","xncode":null,"timeLine":null,"prizetimes":0,"showTimes":false,"skipLink":null,"scoreNum":null}
未中奖


******开始【京东账号5】jd_157332zdf*********

好友邀请码 {"code":5000,"data":{},"msg":"任务已过期"}
尝试多次运行脚本即可获取好友邀请码
成功领取1800热力值
商品 { code: 200, msg: '成功', data: 1 }
商品领取金币 { code: 200, msg: '成功', data: 1 }
商品 { code: 200, msg: '成功', data: 1 }
商品领取金币 { code: 200, msg: '成功', data: 1 }
商品 { code: 200, msg: '成功', data: 1 }
商品领取金币 { code: 200, msg: '成功', data: 1 }
商品 { code: 200, msg: '成功', data: 1 }
商品领取金币 { code: 200, msg: '成功', data: 1 }
商品 { code: 200, msg: '成功', data: 1 }
商品领取金币 { code: 200, msg: '成功', data: 1 }
商品 { code: 200, msg: '成功', data: 1 }
商品领取金币 { code: 200, msg: '成功', data: 1 }
商品 { code: 200, msg: '成功', data: 1 }
商品领取金币 { code: 200, msg: '成功', data: 1 }
商品 { code: 200, msg: '成功', data: 1 }
商品领取金币 { code: 200, msg: '成功', data: 1 }
商品 { code: 200, msg: '成功', data: 1 }
商品领取金币 { code: 200, msg: '成功', data: 1 }
商品 { code: 200, msg: '成功', data: 1 }
商品领取金币 { code: 200, msg: '成功', data: 1 }
商品 { code: 200, msg: '成功', data: 1 }
商品领取金币 { code: 200, msg: '成功', data: 1 }
商品 { code: 200, msg: '成功', data: 1 }
商品领取金币 { code: 200, msg: '成功', data: 1 }
请继续等待,正在做任务,不要退出哦
请继续等待,正在做任务,不要退出哦
请继续等待,正在做任务,不要退出哦
请继续等待,正在做任务,不要退出哦
请继续等待,正在做任务,不要退出哦
请继续等待,正在做任务,不要退出哦
请继续等待,正在做任务,不要退出哦
请继续等待,正在做任务,不要退出哦
请继续等待,正在做任务,不要退出哦
请继续等待,正在做任务,不要退出哦
请继续等待,正在做任务,不要退出哦
请继续等待,正在做任务,不要退出哦
请继续等待,正在做任务,不要退出哦
请继续等待,正在做任务,不要退出哦
请继续等待,正在做任务,不要退出哦
请继续等待,正在做任务,不要退出哦
请继续等待,正在做任务,不要退出哦
请继续等待,正在做任务,不要退出哦
请继续等待,正在做任务,不要退出哦
请继续等待,正在做任务,不要退出哦
请继续等待,正在做任务,不要退出哦
请继续等待,正在做任务,不要退出哦
请继续等待,正在做任务,不要退出哦
请继续等待,正在做任务,不要退出哦
请继续等待,正在做任务,不要退出哦
请继续等待,正在做任务,不要退出哦
请继续等待,正在做任务,不要退出哦
请继续等待,正在做任务,不要退出哦
请继续等待,正在做任务,不要退出哦
请继续等待,正在做任务,不要退出哦
请继续等待,正在做任务,不要退出哦
请继续等待,正在做任务,不要退出哦
请继续等待,正在做任务,不要退出哦
请继续等待,正在做任务,不要退出哦
请继续等待,正在做任务,不要退出哦
请继续等待,正在做任务,不要退出哦
请继续等待,正在做任务,不要退出哦
请继续等待,正在做任务,不要退出哦
请继续等待,正在做任务,不要退出哦
请继续等待,正在做任务,不要退出哦
请继续等待,正在做任务,不要退出哦
请继续等待,正在做任务,不要退出哦
请继续等待,正在做任务,不要退出哦
请继续等待,正在做任务,不要退出哦
请继续等待,正在做任务,不要退出哦
请继续等待,正在做任务,不要退出哦
请继续等待,正在做任务,不要退出哦
请继续等待,正在做任务,不要退出哦
请继续等待,正在做任务,不要退出哦
请继续等待,正在做任务,不要退出哦
请继续等待,正在做任务,不要退出哦
请继续等待,正在做任务,不要退出哦
请继续等待,正在做任务,不要退出哦
请继续等待,正在做任务,不要退出哦
请继续等待,正在做任务,不要退出哦
请继续等待,正在做任务,不要退出哦
请继续等待,正在做任务,不要退出哦
请继续等待,正在做任务,不要退出哦
请继续等待,正在做任务,不要退出哦
请继续等待,正在做任务,不要退出哦
请继续等待,正在做任务,不要退出哦
请继续等待,正在做任务,不要退出哦
请继续等待,正在做任务,不要退出哦
请继续等待,正在做任务,不要退出哦
请继续等待,正在做任务,不要退出哦
请继续等待,正在做任务,不要退出哦
请继续等待,正在做任务,不要退出哦
请继续等待,正在做任务,不要退出哦
请继续等待,正在做任务,不要退出哦
请继续等待,正在做任务,不要退出哦
请继续等待,正在做任务,不要退出哦
请继续等待,正在做任务,不要退出哦
请继续等待,正在做任务,不要退出哦
请继续等待,正在做任务,不要退出哦
请继续等待,正在做任务,不要退出哦
请继续等待,正在做任务,不要退出哦
请继续等待,正在做任务,不要退出哦
请继续等待,正在做任务,不要退出哦
请继续等待,正在做任务,不要退出哦
请继续等待,正在做任务,不要退出哦
请继续等待,正在做任务,不要退出哦
请继续等待,正在做任务,不要退出哦
请继续等待,正在做任务,不要退出哦
请继续等待,正在做任务,不要退出哦
请继续等待,正在做任务,不要退出哦
请继续等待,正在做任务,不要退出哦
请继续等待,正在做任务,不要退出哦
请继续等待,正在做任务,不要退出哦
请继续等待,正在做任务,不要退出哦
请继续等待,正在做任务,不要退出哦
请继续等待,正在做任务,不要退出哦
请继续等待,正在做任务,不要退出哦
请继续等待,正在做任务,不要退出哦
请继续等待,正在做任务,不要退出哦
请继续等待,正在做任务,不要退出哦
请继续等待,正在做任务,不要退出哦
请继续等待,正在做任务,不要退出哦
请继续等待,正在做任务,不要退出哦
请继续等待,正在做任务,不要退出哦
请继续等待,正在做任务,不要退出哦
请继续等待,正在做任务,不要退出哦
请继续等待,正在做任务,不要退出哦
请继续等待,正在做任务,不要退出哦
请继续等待,正在做任务,不要退出哦
请继续等待,正在做任务,不要退出哦
请继续等待,正在做任务,不要退出哦
请继续等待,正在做任务,不要退出哦
请继续等待,正在做任务,不要退出哦
请继续等待,正在做任务,不要退出哦
请继续等待,正在做任务,不要退出哦
请继续等待,正在做任务,不要退出哦
请继续等待,正在做任务,不要退出哦
请继续等待,正在做任务,不要退出哦
请继续等待,正在做任务,不要退出哦
请继续等待,正在做任务,不要退出哦
请继续等待,正在做任务,不要退出哦
请继续等待,正在做任务,不要退出哦
请继续等待,正在做任务,不要退出哦
请继续等待,正在做任务,不要退出哦
请继续等待,正在做任务,不要退出哦
请继续等待,正在做任务,不要退出哦
请继续等待,正在做任务,不要退出哦
请继续等待,正在做任务,不要退出哦
请继续等待,正在做任务,不要退出哦
请继续等待,正在做任务,不要退出哦


----taskList的任务全部做完了---


分享好友助力 0/10


====抽奖结果====,{"id":"jd_67f63c904d8c6_ts_1625185025166","prizeId":"8001","pin":"jd_67f63c904d8c6","neckName":null,"type":"8","name":"腾讯大王卡专属游戏加速宝","img":"","beanNum":"","couponFullPrice":"","couponReducePrice":"","couponBeginTime":"","couponEndTime":"","status":"1","winTime":1625185025168,"winDateTime":"2021.07.02 08:17:05","xncode":null,"timeLine":null,"prizetimes":0,"showTimes":false,"skipLink":"https://item.jd.com/100019694876.html","scoreNum":null}
腾讯大王卡专属游戏加速宝

====抽奖结果====,{"id":"jd_67f63c904d8c6_ts_1625185029771","prizeId":"8002","pin":"jd_67f63c904d8c6","neckName":null,"type":"8","name":"移动激活送1.2万京豆","img":"","beanNum":"","couponFullPrice":"","couponReducePrice":"","couponBeginTime":"","couponEndTime":"","status":"1","winTime":1625185029773,"winDateTime":"2021.07.02 08:17:09","xncode":null,"timeLine":null,"prizetimes":0,"showTimes":false,"skipLink":"https://item.jd.com/100019694852.html","scoreNum":null}
移动激活送1.2万京豆

====抽奖结果====,{"id":"jd_67f63c904d8c6_ts_1625185035607","prizeId":"9999","pin":"jd_67f63c904d8c6","neckName":null,"type":"99","name":"未中奖","img":"","beanNum":"","couponFullPrice":"","couponReducePrice":"","couponBeginTime":"","couponEndTime":"","status":"0","winTime":1625185035608,"winDateTime":"2021.07.02 08:17:15","xncode":null,"timeLine":null,"prizetimes":0,"showTimes":false,"skipLink":null,"scoreNum":null}
未中奖

====抽奖结果====,{"id":"jd_67f63c904d8c6_ts_1625185038114","prizeId":"8003","pin":"jd_67f63c904d8c6","neckName":null,"type":"8","name":"电信全年420G视频会员","img":"","beanNum":"","couponFullPrice":"","couponReducePrice":"","couponBeginTime":"","couponEndTime":"","status":"1","winTime":1625185038116,"winDateTime":"2021.07.02 08:17:18","xncode":null,"timeLine":null,"prizetimes":0,"showTimes":false,"skipLink":"https://item.jd.com/100019694850.html","scoreNum":null}
电信全年420G视频会员

====抽奖结果====,{"id":"jd_67f63c904d8c6_ts_1625185042812","prizeId":"8001","pin":"jd_67f63c904d8c6","neckName":null,"type":"8","name":"腾讯大王卡专属游戏加速宝","img":"","beanNum":"","couponFullPrice":"","couponReducePrice":"","couponBeginTime":"","couponEndTime":"","status":"1","winTime":1625185042813,"winDateTime":"2021.07.02 08:17:22","xncode":null,"timeLine":null,"prizetimes":0,"showTimes":false,"skipLink":"https://item.jd.com/100019694876.html","scoreNum":null}
腾讯大王卡专属游戏加速宝

====抽奖结果====,{"id":"jd_67f63c904d8c6_ts_1625185044968","prizeId":"8004","pin":"jd_67f63c904d8c6","neckName":null,"type":"8","name":"电信全年360G专属大流量","img":"","beanNum":"","couponFullPrice":"","couponReducePrice":"","couponBeginTime":"","couponEndTime":"","status":"1","winTime":1625185044969,"winDateTime":"2021.07.02 08:17:24","xncode":null,"timeLine":null,"prizetimes":0,"showTimes":false,"skipLink":"https://item.jd.com/100010779451.html","scoreNum":null}
电信全年360G专属大流量



自己账号内部互助
账号 1 15631692383_p 开始给 780ac4bd-4f54-4932-a765-7d2449c9093f进行助力
助力结果{"code":2005,"data":{},"msg":"助力次数已用完"}
次数已用完，跳出助力


自己账号内部互助
账号 2 jd_74a8d71c978d9 开始给 780ac4bd-4f54-4932-a765-7d2449c9093f进行助力
助力结果{"code":200,"msg":"成功","data":"Ymh__Sirius"}

助力好友 【Ymh__Sirius】 成功

账号 2 jd_74a8d71c978d9 开始给 0be33502-f5d2-428e-920a-09ef731945a1进行助力
助力结果{"code":5004,"data":{},"msg":"助力已过期"}
账号 2 jd_74a8d71c978d9 开始给 46e6d7ac-8623-4450-8f57-433d87dffa66进行助力
助力结果{"code":5004,"data":{},"msg":"助力已过期"}
账号 2 jd_74a8d71c978d9 开始给 d51c9f58-2164-4d06-bd34-25addb6772f7进行助力
助力结果{"code":5004,"data":{},"msg":"助力已过期"}
账号 2 jd_74a8d71c978d9 开始给 fb0d5f06-b5f2-43bc-b5e1-56e847f63ea2进行助力
助力结果{"code":5004,"data":{},"msg":"助力已过期"}
账号 2 jd_74a8d71c978d9 开始给 6f0f4216-5bb4-49f9-b1da-8d67d37e7db5进行助力
助力结果{"code":5004,"data":{},"msg":"助力已过期"}
账号 2 jd_74a8d71c978d9 开始给 27eb2736-fb98-4430-b60a-8b9df312a32e进行助力
助力结果{"code":5004,"data":{},"msg":"助力已过期"}
账号 2 jd_74a8d71c978d9 开始给 522c649f-6017-4397-97ff-6e40a25514d3进行助力
助力结果{"code":5004,"data":{},"msg":"助力已过期"}
账号 2 jd_74a8d71c978d9 开始给 b91c54bc-f75e-45be-a3c7-02f87e7e25ad进行助力
助力结果{"code":5004,"data":{},"msg":"助力已过期"}
账号 2 jd_74a8d71c978d9 开始给 69ddec5c-3b21-430b-9626-55ec768b4b2a进行助力
助力结果{"code":5004,"data":{},"msg":"助力已过期"}
账号 2 jd_74a8d71c978d9 开始给 6118ea1f-aa89-4ef5-90a7-6f27808a7959进行助力
助力结果{"code":5004,"data":{},"msg":"助力已过期"}
账号 2 jd_74a8d71c978d9 开始给 0f48672f-7133-4d44-b390-ac04d339751e进行助力
助力结果{"code":5004,"data":{},"msg":"助力已过期"}
账号 2 jd_74a8d71c978d9 开始给 5274dbcb-ba98-403b-8e52-b57ac31396b9进行助力
助力结果{"code":5004,"data":{},"msg":"助力已过期"}
账号 2 jd_74a8d71c978d9 开始给 afe4f69d-a306-4929-b07d-2bf6f72b642b进行助力
助力结果{"code":5004,"data":{},"msg":"助力已过期"}
账号 2 jd_74a8d71c978d9 开始给 76b13d98-f27c-497d-810d-92838cd73e2c进行助力
助力结果{"code":5004,"data":{},"msg":"助力已过期"}
账号 2 jd_74a8d71c978d9 开始给 85048a4c-29db-4fbd-9a29-5796007b9985进行助力
助力结果{"code":5004,"data":{},"msg":"助力已过期"}
账号 2 jd_74a8d71c978d9 开始给 64afaa1f-f3c3-4a25-a47f-f109b75fcaaf进行助力
助力结果{"code":5004,"data":{},"msg":"助力已过期"}
账号 2 jd_74a8d71c978d9 开始给 d70987a0-2fe3-44e1-b560-f805c738af56进行助力
助力结果{"code":5004,"data":{},"msg":"助力已过期"}
账号 2 jd_74a8d71c978d9 开始给 69531899-0605-4595-9cc5-9b8f136f9344进行助力
助力结果{"code":5004,"data":{},"msg":"助力已过期"}
账号 2 jd_74a8d71c978d9 开始给 d595d6c3-e4c4-468d-9dcc-35687e419641进行助力
助力结果{"code":5004,"data":{},"msg":"助力已过期"}
账号 2 jd_74a8d71c978d9 开始给 af5f6039-e347-4c2b-b58b-54953e3fe09c进行助力
助力结果{"code":5004,"data":{},"msg":"助力已过期"}
账号 2 jd_74a8d71c978d9 开始给 a36e8e89-c18c-4b87-b30f-31a0b76bb88d进行助力
助力结果{"code":5004,"data":{},"msg":"助力已过期"}
账号 2 jd_74a8d71c978d9 开始给 8936a162-e602-4abc-8dd7-19c5ebf685b6进行助力
助力结果{"code":5004,"data":{},"msg":"助力已过期"}
账号 2 jd_74a8d71c978d9 开始给 015fcb96-f042-48db-bdf5-b87f16eedb05进行助力
助力结果{"code":5004,"data":{},"msg":"助力已过期"}
账号 2 jd_74a8d71c978d9 开始给 86ad7bf6-7786-40d2-94da-64e18edea071进行助力
助力结果{"code":5004,"data":{},"msg":"助力已过期"}
账号 2 jd_74a8d71c978d9 开始给 081354d6-425e-413d-9701-4eed8f5dbfc7进行助力
助力结果{"code":5004,"data":{},"msg":"助力已过期"}
账号 2 jd_74a8d71c978d9 开始给 535a412a-6b74-4326-933a-72f505c6ab28进行助力
助力结果{"code":5004,"data":{},"msg":"助力已过期"}
账号 2 jd_74a8d71c978d9 开始给 18dcecc9-863a-4e4f-b8b5-384616fe202f进行助力
助力结果{"code":5004,"data":{},"msg":"助力已过期"}
账号 2 jd_74a8d71c978d9 开始给 8eabd2be-3713-434e-9d41-b8444e49088b进行助力
助力结果{"code":5004,"data":{},"msg":"助力已过期"}
账号 2 jd_74a8d71c978d9 开始给 44917580-f868-42c8-adb7-2c146df912b7进行助力
助力结果{"code":5004,"data":{},"msg":"助力已过期"}


自己账号内部互助
账号 3 chao4596758 开始给 780ac4bd-4f54-4932-a765-7d2449c9093f进行助力
助力结果{"code":200,"msg":"成功","data":"Ymh__Sirius"}

助力好友 【Ymh__Sirius】 成功

账号 3 chao4596758 开始给 0be33502-f5d2-428e-920a-09ef731945a1进行助力
助力结果{"code":5004,"data":{},"msg":"助力已过期"}
账号 3 chao4596758 开始给 46e6d7ac-8623-4450-8f57-433d87dffa66进行助力
助力结果{"code":5004,"data":{},"msg":"助力已过期"}
账号 3 chao4596758 开始给 d51c9f58-2164-4d06-bd34-25addb6772f7进行助力
助力结果{"code":5004,"data":{},"msg":"助力已过期"}
账号 3 chao4596758 开始给 fb0d5f06-b5f2-43bc-b5e1-56e847f63ea2进行助力
助力结果{"code":5004,"data":{},"msg":"助力已过期"}
账号 3 chao4596758 开始给 6f0f4216-5bb4-49f9-b1da-8d67d37e7db5进行助力
助力结果{"code":5004,"data":{},"msg":"助力已过期"}
账号 3 chao4596758 开始给 27eb2736-fb98-4430-b60a-8b9df312a32e进行助力
助力结果{"code":5004,"data":{},"msg":"助力已过期"}
账号 3 chao4596758 开始给 522c649f-6017-4397-97ff-6e40a25514d3进行助力
助力结果{"code":5004,"data":{},"msg":"助力已过期"}
账号 3 chao4596758 开始给 b91c54bc-f75e-45be-a3c7-02f87e7e25ad进行助力
助力结果{"code":5004,"data":{},"msg":"助力已过期"}
账号 3 chao4596758 开始给 69ddec5c-3b21-430b-9626-55ec768b4b2a进行助力
助力结果{"code":5004,"data":{},"msg":"助力已过期"}
账号 3 chao4596758 开始给 6118ea1f-aa89-4ef5-90a7-6f27808a7959进行助力
助力结果{"code":5004,"data":{},"msg":"助力已过期"}
账号 3 chao4596758 开始给 0f48672f-7133-4d44-b390-ac04d339751e进行助力
助力结果{"code":5004,"data":{},"msg":"助力已过期"}
账号 3 chao4596758 开始给 5274dbcb-ba98-403b-8e52-b57ac31396b9进行助力
助力结果{"code":5004,"data":{},"msg":"助力已过期"}
账号 3 chao4596758 开始给 afe4f69d-a306-4929-b07d-2bf6f72b642b进行助力
助力结果{"code":5004,"data":{},"msg":"助力已过期"}
账号 3 chao4596758 开始给 76b13d98-f27c-497d-810d-92838cd73e2c进行助力
助力结果{"code":5004,"data":{},"msg":"助力已过期"}
账号 3 chao4596758 开始给 85048a4c-29db-4fbd-9a29-5796007b9985进行助力
助力结果{"code":5004,"data":{},"msg":"助力已过期"}
账号 3 chao4596758 开始给 64afaa1f-f3c3-4a25-a47f-f109b75fcaaf进行助力
助力结果{"code":5004,"data":{},"msg":"助力已过期"}
账号 3 chao4596758 开始给 d70987a0-2fe3-44e1-b560-f805c738af56进行助力
助力结果{"code":5004,"data":{},"msg":"助力已过期"}
账号 3 chao4596758 开始给 69531899-0605-4595-9cc5-9b8f136f9344进行助力
助力结果{"code":5004,"data":{},"msg":"助力已过期"}
账号 3 chao4596758 开始给 d595d6c3-e4c4-468d-9dcc-35687e419641进行助力
助力结果{"code":5004,"data":{},"msg":"助力已过期"}
账号 3 chao4596758 开始给 af5f6039-e347-4c2b-b58b-54953e3fe09c进行助力
助力结果{"code":5004,"data":{},"msg":"助力已过期"}
账号 3 chao4596758 开始给 a36e8e89-c18c-4b87-b30f-31a0b76bb88d进行助力
助力结果{"code":5004,"data":{},"msg":"助力已过期"}
账号 3 chao4596758 开始给 8936a162-e602-4abc-8dd7-19c5ebf685b6进行助力
助力结果{"code":5004,"data":{},"msg":"助力已过期"}
账号 3 chao4596758 开始给 015fcb96-f042-48db-bdf5-b87f16eedb05进行助力
助力结果{"code":5004,"data":{},"msg":"助力已过期"}
账号 3 chao4596758 开始给 86ad7bf6-7786-40d2-94da-64e18edea071进行助力
助力结果{"code":5004,"data":{},"msg":"助力已过期"}
账号 3 chao4596758 开始给 081354d6-425e-413d-9701-4eed8f5dbfc7进行助力
助力结果{"code":5004,"data":{},"msg":"助力已过期"}
账号 3 chao4596758 开始给 535a412a-6b74-4326-933a-72f505c6ab28进行助力
助力结果{"code":5004,"data":{},"msg":"助力已过期"}
账号 3 chao4596758 开始给 18dcecc9-863a-4e4f-b8b5-384616fe202f进行助力
助力结果{"code":5004,"data":{},"msg":"助力已过期"}
账号 3 chao4596758 开始给 8eabd2be-3713-434e-9d41-b8444e49088b进行助力
助力结果{"code":5004,"data":{},"msg":"助力已过期"}
账号 3 chao4596758 开始给 44917580-f868-42c8-adb7-2c146df912b7进行助力
助力结果{"code":5004,"data":{},"msg":"助力已过期"}


自己账号内部互助
账号 4 jd_46df9eaa780aa 开始给 780ac4bd-4f54-4932-a765-7d2449c9093f进行助力
助力结果{"code":200,"msg":"成功","data":"Ymh__Sirius"}

助力好友 【Ymh__Sirius】 成功

账号 4 jd_46df9eaa780aa 开始给 0be33502-f5d2-428e-920a-09ef731945a1进行助力
助力结果{"code":5004,"data":{},"msg":"助力已过期"}
账号 4 jd_46df9eaa780aa 开始给 46e6d7ac-8623-4450-8f57-433d87dffa66进行助力
助力结果{"code":5004,"data":{},"msg":"助力已过期"}
账号 4 jd_46df9eaa780aa 开始给 d51c9f58-2164-4d06-bd34-25addb6772f7进行助力
助力结果{"code":5004,"data":{},"msg":"助力已过期"}
账号 4 jd_46df9eaa780aa 开始给 fb0d5f06-b5f2-43bc-b5e1-56e847f63ea2进行助力
助力结果{"code":5004,"data":{},"msg":"助力已过期"}
账号 4 jd_46df9eaa780aa 开始给 6f0f4216-5bb4-49f9-b1da-8d67d37e7db5进行助力
助力结果{"code":5004,"data":{},"msg":"助力已过期"}
账号 4 jd_46df9eaa780aa 开始给 27eb2736-fb98-4430-b60a-8b9df312a32e进行助力
助力结果{"code":5004,"data":{},"msg":"助力已过期"}
账号 4 jd_46df9eaa780aa 开始给 522c649f-6017-4397-97ff-6e40a25514d3进行助力
助力结果{"code":5004,"data":{},"msg":"助力已过期"}
账号 4 jd_46df9eaa780aa 开始给 b91c54bc-f75e-45be-a3c7-02f87e7e25ad进行助力
助力结果{"code":5004,"data":{},"msg":"助力已过期"}
账号 4 jd_46df9eaa780aa 开始给 69ddec5c-3b21-430b-9626-55ec768b4b2a进行助力
助力结果{"code":5004,"data":{},"msg":"助力已过期"}
账号 4 jd_46df9eaa780aa 开始给 6118ea1f-aa89-4ef5-90a7-6f27808a7959进行助力
助力结果{"code":5004,"data":{},"msg":"助力已过期"}
账号 4 jd_46df9eaa780aa 开始给 0f48672f-7133-4d44-b390-ac04d339751e进行助力
助力结果{"code":5004,"data":{},"msg":"助力已过期"}
账号 4 jd_46df9eaa780aa 开始给 5274dbcb-ba98-403b-8e52-b57ac31396b9进行助力
助力结果{"code":5004,"data":{},"msg":"助力已过期"}
账号 4 jd_46df9eaa780aa 开始给 afe4f69d-a306-4929-b07d-2bf6f72b642b进行助力
助力结果{"code":5004,"data":{},"msg":"助力已过期"}
账号 4 jd_46df9eaa780aa 开始给 76b13d98-f27c-497d-810d-92838cd73e2c进行助力
助力结果{"code":5004,"data":{},"msg":"助力已过期"}
账号 4 jd_46df9eaa780aa 开始给 85048a4c-29db-4fbd-9a29-5796007b9985进行助力
助力结果{"code":5004,"data":{},"msg":"助力已过期"}
账号 4 jd_46df9eaa780aa 开始给 64afaa1f-f3c3-4a25-a47f-f109b75fcaaf进行助力
助力结果{"code":5004,"data":{},"msg":"助力已过期"}
账号 4 jd_46df9eaa780aa 开始给 d70987a0-2fe3-44e1-b560-f805c738af56进行助力
助力结果{"code":5004,"data":{},"msg":"助力已过期"}
账号 4 jd_46df9eaa780aa 开始给 69531899-0605-4595-9cc5-9b8f136f9344进行助力
助力结果{"code":5004,"data":{},"msg":"助力已过期"}
账号 4 jd_46df9eaa780aa 开始给 d595d6c3-e4c4-468d-9dcc-35687e419641进行助力
助力结果{"code":5004,"data":{},"msg":"助力已过期"}
账号 4 jd_46df9eaa780aa 开始给 af5f6039-e347-4c2b-b58b-54953e3fe09c进行助力
助力结果{"code":5004,"data":{},"msg":"助力已过期"}
账号 4 jd_46df9eaa780aa 开始给 a36e8e89-c18c-4b87-b30f-31a0b76bb88d进行助力
助力结果{"code":5004,"data":{},"msg":"助力已过期"}
账号 4 jd_46df9eaa780aa 开始给 8936a162-e602-4abc-8dd7-19c5ebf685b6进行助力
助力结果{"code":5004,"data":{},"msg":"助力已过期"}
账号 4 jd_46df9eaa780aa 开始给 015fcb96-f042-48db-bdf5-b87f16eedb05进行助力
助力结果{"code":5004,"data":{},"msg":"助力已过期"}
账号 4 jd_46df9eaa780aa 开始给 86ad7bf6-7786-40d2-94da-64e18edea071进行助力
助力结果{"code":5004,"data":{},"msg":"助力已过期"}
账号 4 jd_46df9eaa780aa 开始给 081354d6-425e-413d-9701-4eed8f5dbfc7进行助力
助力结果{"code":5004,"data":{},"msg":"助力已过期"}
账号 4 jd_46df9eaa780aa 开始给 535a412a-6b74-4326-933a-72f505c6ab28进行助力
助力结果{"code":5004,"data":{},"msg":"助力已过期"}
账号 4 jd_46df9eaa780aa 开始给 18dcecc9-863a-4e4f-b8b5-384616fe202f进行助力
助力结果{"code":5004,"data":{},"msg":"助力已过期"}
账号 4 jd_46df9eaa780aa 开始给 8eabd2be-3713-434e-9d41-b8444e49088b进行助力
助力结果{"code":5004,"data":{},"msg":"助力已过期"}
账号 4 jd_46df9eaa780aa 开始给 44917580-f868-42c8-adb7-2c146df912b7进行助力
助力结果{"code":5004,"data":{},"msg":"助力已过期"}


自己账号内部互助
账号 5 jd_67f63c904d8c6 开始给 780ac4bd-4f54-4932-a765-7d2449c9093f进行助力
助力结果{"code":200,"msg":"成功","data":"Ymh__Sirius"}

助力好友 【Ymh__Sirius】 成功

账号 5 jd_67f63c904d8c6 开始给 0be33502-f5d2-428e-920a-09ef731945a1进行助力
助力结果{"code":5004,"data":{},"msg":"助力已过期"}
账号 5 jd_67f63c904d8c6 开始给 46e6d7ac-8623-4450-8f57-433d87dffa66进行助力
助力结果{"code":5004,"data":{},"msg":"助力已过期"}
账号 5 jd_67f63c904d8c6 开始给 d51c9f58-2164-4d06-bd34-25addb6772f7进行助力
助力结果{"code":5004,"data":{},"msg":"助力已过期"}
账号 5 jd_67f63c904d8c6 开始给 fb0d5f06-b5f2-43bc-b5e1-56e847f63ea2进行助力
助力结果{"code":5004,"data":{},"msg":"助力已过期"}
账号 5 jd_67f63c904d8c6 开始给 6f0f4216-5bb4-49f9-b1da-8d67d37e7db5进行助力
助力结果{"code":5004,"data":{},"msg":"助力已过期"}
账号 5 jd_67f63c904d8c6 开始给 27eb2736-fb98-4430-b60a-8b9df312a32e进行助力
助力结果{"code":5004,"data":{},"msg":"助力已过期"}
账号 5 jd_67f63c904d8c6 开始给 522c649f-6017-4397-97ff-6e40a25514d3进行助力
助力结果{"code":5004,"data":{},"msg":"助力已过期"}
账号 5 jd_67f63c904d8c6 开始给 b91c54bc-f75e-45be-a3c7-02f87e7e25ad进行助力
助力结果{"code":5004,"data":{},"msg":"助力已过期"}
账号 5 jd_67f63c904d8c6 开始给 69ddec5c-3b21-430b-9626-55ec768b4b2a进行助力
助力结果{"code":5004,"data":{},"msg":"助力已过期"}
账号 5 jd_67f63c904d8c6 开始给 6118ea1f-aa89-4ef5-90a7-6f27808a7959进行助力
助力结果{"code":5004,"data":{},"msg":"助力已过期"}
账号 5 jd_67f63c904d8c6 开始给 0f48672f-7133-4d44-b390-ac04d339751e进行助力
助力结果{"code":5004,"data":{},"msg":"助力已过期"}
账号 5 jd_67f63c904d8c6 开始给 5274dbcb-ba98-403b-8e52-b57ac31396b9进行助力
助力结果{"code":5004,"data":{},"msg":"助力已过期"}
账号 5 jd_67f63c904d8c6 开始给 afe4f69d-a306-4929-b07d-2bf6f72b642b进行助力
助力结果{"code":5004,"data":{},"msg":"助力已过期"}
账号 5 jd_67f63c904d8c6 开始给 76b13d98-f27c-497d-810d-92838cd73e2c进行助力
助力结果{"code":5004,"data":{},"msg":"助力已过期"}
账号 5 jd_67f63c904d8c6 开始给 85048a4c-29db-4fbd-9a29-5796007b9985进行助力
助力结果{"code":5004,"data":{},"msg":"助力已过期"}
账号 5 jd_67f63c904d8c6 开始给 64afaa1f-f3c3-4a25-a47f-f109b75fcaaf进行助力
助力结果{"code":5004,"data":{},"msg":"助力已过期"}
账号 5 jd_67f63c904d8c6 开始给 d70987a0-2fe3-44e1-b560-f805c738af56进行助力
助力结果{"code":5004,"data":{},"msg":"助力已过期"}
账号 5 jd_67f63c904d8c6 开始给 69531899-0605-4595-9cc5-9b8f136f9344进行助力
助力结果{"code":5004,"data":{},"msg":"助力已过期"}
账号 5 jd_67f63c904d8c6 开始给 d595d6c3-e4c4-468d-9dcc-35687e419641进行助力
助力结果{"code":5004,"data":{},"msg":"助力已过期"}
账号 5 jd_67f63c904d8c6 开始给 af5f6039-e347-4c2b-b58b-54953e3fe09c进行助力
助力结果{"code":5004,"data":{},"msg":"助力已过期"}
账号 5 jd_67f63c904d8c6 开始给 a36e8e89-c18c-4b87-b30f-31a0b76bb88d进行助力
助力结果{"code":5004,"data":{},"msg":"助力已过期"}
账号 5 jd_67f63c904d8c6 开始给 8936a162-e602-4abc-8dd7-19c5ebf685b6进行助力
助力结果{"code":5004,"data":{},"msg":"助力已过期"}
账号 5 jd_67f63c904d8c6 开始给 015fcb96-f042-48db-bdf5-b87f16eedb05进行助力
助力结果{"code":5004,"data":{},"msg":"助力已过期"}
账号 5 jd_67f63c904d8c6 开始给 86ad7bf6-7786-40d2-94da-64e18edea071进行助力
助力结果{"code":5004,"data":{},"msg":"助力已过期"}
账号 5 jd_67f63c904d8c6 开始给 081354d6-425e-413d-9701-4eed8f5dbfc7进行助力
助力结果{"code":5004,"data":{},"msg":"助力已过期"}
账号 5 jd_67f63c904d8c6 开始给 535a412a-6b74-4326-933a-72f505c6ab28进行助力
助力结果{"code":5004,"data":{},"msg":"助力已过期"}
账号 5 jd_67f63c904d8c6 开始给 18dcecc9-863a-4e4f-b8b5-384616fe202f进行助力
助力结果{"code":5004,"data":{},"msg":"助力已过期"}
账号 5 jd_67f63c904d8c6 开始给 8eabd2be-3713-434e-9d41-b8444e49088b进行助力
助力结果{"code":5004,"data":{},"msg":"助力已过期"}
账号 5 jd_67f63c904d8c6 开始给 44917580-f868-42c8-adb7-2c146df912b7进行助力
助力结果{"code":5004,"data":{},"msg":"助力已过期"}

🔔5G超级盲盒, 结束! 🕛 1068.774 秒

