
🔔5G超级盲盒, 开始!

====================共5个京东账号Cookie=========

==================脚本执行- 北京时间(UTC+8)：7/9/2021, 8:00:01 PM=====================

5G超级盲盒，可抽奖获得京豆，建议在凌晨0点时运行脚本，白天抽奖基本没有京豆，4小时运行一次收集热力值
活动地址: https://isp5g.m.jd.com
活动时间：2021-06-2到2021-07-31
更新时间：2021-06-3 12:00

******开始【京东账号1】Ymh__Sirius*********

好友邀请码 {"code":200,"msg":"成功","data":"6bc1cc2e-6617-4b76-bc21-363659b90182"}

【京东账号1（Ymh__Sirius）的5G超级盲盒好友互助码】6bc1cc2e-6617-4b76-bc21-363659b90182

此邀请码一天一变化，旧的不可用
成功领取1800热力值
精选好物任务已完成
精选好物任务已完成
精选好物任务已完成
精选好物任务已完成
精选好物任务已完成
精选好物任务已完成
精选好物任务已完成
精选好物任务已完成
精选好物任务已完成
精选好物任务已完成
精选好物任务已完成
精选好物任务已完成


----taskList的任务全部做完了---


分享好友助力 0/10


====抽奖结果====,{"id":"15631692383_p_ts_1625832010913","prizeId":"8004","pin":"15631692383_p","neckName":null,"type":"8","name":"电信全年360G专属大流量","img":"","beanNum":"","couponFullPrice":"","couponReducePrice":"","couponBeginTime":"","couponEndTime":"","status":"1","winTime":1625832010916,"winDateTime":"2021.07.09 20:00:10","xncode":null,"timeLine":null,"prizetimes":0,"showTimes":false,"skipLink":"https://item.jd.com/100010779451.html","scoreNum":null}
电信全年360G专属大流量


******开始【京东账号2】Ycp_Dream*********

好友邀请码 {"code":5000,"data":{},"msg":"任务已过期"}
尝试多次运行脚本即可获取好友邀请码
成功领取1800热力值
商品 { code: 200, msg: '成功', data: 1 }
商品领取金币 { code: 200, msg: '成功', data: 1 }
商品 { code: 200, msg: '成功', data: 1 }
商品领取金币 { code: 200, msg: '成功', data: 1 }
商品 { code: 200, msg: '成功', data: 1 }
商品领取金币 { code: 200, msg: '成功', data: 1 }
商品 { code: 200, msg: '成功', data: 1 }
商品领取金币 { code: 200, msg: '成功', data: 1 }
商品 { code: 200, msg: '成功', data: 1 }
商品领取金币 { code: 200, msg: '成功', data: 1 }
商品 { code: 200, msg: '成功', data: 1 }
商品领取金币 { code: 200, msg: '成功', data: 1 }
商品 { code: 200, msg: '成功', data: 1 }
商品领取金币 { code: 200, msg: '成功', data: 1 }
商品 { code: 200, msg: '成功', data: 1 }
商品领取金币 { code: 200, msg: '成功', data: 1 }
商品 { code: 200, msg: '成功', data: 1 }
商品领取金币 { code: 200, msg: '成功', data: 1 }
商品 { code: 200, msg: '成功', data: 1 }
商品领取金币 { code: 200, msg: '成功', data: 1 }
商品 { code: 200, msg: '成功', data: 1 }
商品领取金币 { code: 200, msg: '成功', data: 1 }
商品 { code: 200, msg: '成功', data: 1 }
商品领取金币 { code: 200, msg: '成功', data: 1 }
请继续等待,正在做任务,不要退出哦
请继续等待,正在做任务,不要退出哦
请继续等待,正在做任务,不要退出哦
请继续等待,正在做任务,不要退出哦
请继续等待,正在做任务,不要退出哦
请继续等待,正在做任务,不要退出哦
请继续等待,正在做任务,不要退出哦
请继续等待,正在做任务,不要退出哦
请继续等待,正在做任务,不要退出哦
请继续等待,正在做任务,不要退出哦
请继续等待,正在做任务,不要退出哦
请继续等待,正在做任务,不要退出哦
请继续等待,正在做任务,不要退出哦
请继续等待,正在做任务,不要退出哦
请继续等待,正在做任务,不要退出哦
请继续等待,正在做任务,不要退出哦
请继续等待,正在做任务,不要退出哦
请继续等待,正在做任务,不要退出哦
请继续等待,正在做任务,不要退出哦
请继续等待,正在做任务,不要退出哦
请继续等待,正在做任务,不要退出哦
请继续等待,正在做任务,不要退出哦
请继续等待,正在做任务,不要退出哦
请继续等待,正在做任务,不要退出哦
请继续等待,正在做任务,不要退出哦
请继续等待,正在做任务,不要退出哦
请继续等待,正在做任务,不要退出哦
请继续等待,正在做任务,不要退出哦
请继续等待,正在做任务,不要退出哦
请继续等待,正在做任务,不要退出哦
请继续等待,正在做任务,不要退出哦
请继续等待,正在做任务,不要退出哦
请继续等待,正在做任务,不要退出哦
请继续等待,正在做任务,不要退出哦
请继续等待,正在做任务,不要退出哦
请继续等待,正在做任务,不要退出哦
请继续等待,正在做任务,不要退出哦
请继续等待,正在做任务,不要退出哦
请继续等待,正在做任务,不要退出哦
请继续等待,正在做任务,不要退出哦
请继续等待,正在做任务,不要退出哦
请继续等待,正在做任务,不要退出哦
请继续等待,正在做任务,不要退出哦
请继续等待,正在做任务,不要退出哦
请继续等待,正在做任务,不要退出哦
请继续等待,正在做任务,不要退出哦
请继续等待,正在做任务,不要退出哦
请继续等待,正在做任务,不要退出哦
请继续等待,正在做任务,不要退出哦
请继续等待,正在做任务,不要退出哦
请继续等待,正在做任务,不要退出哦
请继续等待,正在做任务,不要退出哦
请继续等待,正在做任务,不要退出哦
请继续等待,正在做任务,不要退出哦
请继续等待,正在做任务,不要退出哦
请继续等待,正在做任务,不要退出哦
请继续等待,正在做任务,不要退出哦
请继续等待,正在做任务,不要退出哦
请继续等待,正在做任务,不要退出哦
请继续等待,正在做任务,不要退出哦
请继续等待,正在做任务,不要退出哦
请继续等待,正在做任务,不要退出哦
请继续等待,正在做任务,不要退出哦
请继续等待,正在做任务,不要退出哦
请继续等待,正在做任务,不要退出哦
请继续等待,正在做任务,不要退出哦
请继续等待,正在做任务,不要退出哦
请继续等待,正在做任务,不要退出哦
请继续等待,正在做任务,不要退出哦
请继续等待,正在做任务,不要退出哦
请继续等待,正在做任务,不要退出哦
请继续等待,正在做任务,不要退出哦
请继续等待,正在做任务,不要退出哦
请继续等待,正在做任务,不要退出哦
请继续等待,正在做任务,不要退出哦
请继续等待,正在做任务,不要退出哦
请继续等待,正在做任务,不要退出哦
请继续等待,正在做任务,不要退出哦
请继续等待,正在做任务,不要退出哦
请继续等待,正在做任务,不要退出哦
请继续等待,正在做任务,不要退出哦
请继续等待,正在做任务,不要退出哦
请继续等待,正在做任务,不要退出哦
请继续等待,正在做任务,不要退出哦
请继续等待,正在做任务,不要退出哦
请继续等待,正在做任务,不要退出哦
请继续等待,正在做任务,不要退出哦
请继续等待,正在做任务,不要退出哦
请继续等待,正在做任务,不要退出哦
请继续等待,正在做任务,不要退出哦
请继续等待,正在做任务,不要退出哦
请继续等待,正在做任务,不要退出哦
请继续等待,正在做任务,不要退出哦
请继续等待,正在做任务,不要退出哦
请继续等待,正在做任务,不要退出哦
请继续等待,正在做任务,不要退出哦
请继续等待,正在做任务,不要退出哦
请继续等待,正在做任务,不要退出哦
请继续等待,正在做任务,不要退出哦
请继续等待,正在做任务,不要退出哦
请继续等待,正在做任务,不要退出哦
请继续等待,正在做任务,不要退出哦
请继续等待,正在做任务,不要退出哦
请继续等待,正在做任务,不要退出哦
请继续等待,正在做任务,不要退出哦
请继续等待,正在做任务,不要退出哦
请继续等待,正在做任务,不要退出哦
请继续等待,正在做任务,不要退出哦
请继续等待,正在做任务,不要退出哦
请继续等待,正在做任务,不要退出哦
请继续等待,正在做任务,不要退出哦
请继续等待,正在做任务,不要退出哦
请继续等待,正在做任务,不要退出哦
请继续等待,正在做任务,不要退出哦
请继续等待,正在做任务,不要退出哦
请继续等待,正在做任务,不要退出哦
请继续等待,正在做任务,不要退出哦
请继续等待,正在做任务,不要退出哦
请继续等待,正在做任务,不要退出哦
请继续等待,正在做任务,不要退出哦
请继续等待,正在做任务,不要退出哦
请继续等待,正在做任务,不要退出哦
请继续等待,正在做任务,不要退出哦
请继续等待,正在做任务,不要退出哦
请继续等待,正在做任务,不要退出哦
请继续等待,正在做任务,不要退出哦
请继续等待,正在做任务,不要退出哦
请继续等待,正在做任务,不要退出哦
请继续等待,正在做任务,不要退出哦
请继续等待,正在做任务,不要退出哦
请继续等待,正在做任务,不要退出哦
请继续等待,正在做任务,不要退出哦
请继续等待,正在做任务,不要退出哦
请继续等待,正在做任务,不要退出哦
请继续等待,正在做任务,不要退出哦
请继续等待,正在做任务,不要退出哦
请继续等待,正在做任务,不要退出哦
请继续等待,正在做任务,不要退出哦
请继续等待,正在做任务,不要退出哦
请继续等待,正在做任务,不要退出哦
请继续等待,正在做任务,不要退出哦
请继续等待,正在做任务,不要退出哦
请继续等待,正在做任务,不要退出哦
请继续等待,正在做任务,不要退出哦
请继续等待,正在做任务,不要退出哦
请继续等待,正在做任务,不要退出哦
请继续等待,正在做任务,不要退出哦
请继续等待,正在做任务,不要退出哦
请继续等待,正在做任务,不要退出哦
请继续等待,正在做任务,不要退出哦
请继续等待,正在做任务,不要退出哦
请继续等待,正在做任务,不要退出哦
请继续等待,正在做任务,不要退出哦
请继续等待,正在做任务,不要退出哦
请继续等待,正在做任务,不要退出哦
请继续等待,正在做任务,不要退出哦
请继续等待,正在做任务,不要退出哦
请继续等待,正在做任务,不要退出哦
请继续等待,正在做任务,不要退出哦
请继续等待,正在做任务,不要退出哦
请继续等待,正在做任务,不要退出哦
请继续等待,正在做任务,不要退出哦
请继续等待,正在做任务,不要退出哦
请继续等待,正在做任务,不要退出哦
请继续等待,正在做任务,不要退出哦
请继续等待,正在做任务,不要退出哦
请继续等待,正在做任务,不要退出哦
请继续等待,正在做任务,不要退出哦
请继续等待,正在做任务,不要退出哦
请继续等待,正在做任务,不要退出哦
请继续等待,正在做任务,不要退出哦
请继续等待,正在做任务,不要退出哦
请继续等待,正在做任务,不要退出哦
请继续等待,正在做任务,不要退出哦
请继续等待,正在做任务,不要退出哦
请继续等待,正在做任务,不要退出哦
请继续等待,正在做任务,不要退出哦
请继续等待,正在做任务,不要退出哦
请继续等待,正在做任务,不要退出哦
请继续等待,正在做任务,不要退出哦
请继续等待,正在做任务,不要退出哦
请继续等待,正在做任务,不要退出哦
请继续等待,正在做任务,不要退出哦
请继续等待,正在做任务,不要退出哦
请继续等待,正在做任务,不要退出哦
请继续等待,正在做任务,不要退出哦
请继续等待,正在做任务,不要退出哦
请继续等待,正在做任务,不要退出哦
请继续等待,正在做任务,不要退出哦
请继续等待,正在做任务,不要退出哦
请继续等待,正在做任务,不要退出哦
请继续等待,正在做任务,不要退出哦
请继续等待,正在做任务,不要退出哦
请继续等待,正在做任务,不要退出哦
请继续等待,正在做任务,不要退出哦
请继续等待,正在做任务,不要退出哦
请继续等待,正在做任务,不要退出哦
请继续等待,正在做任务,不要退出哦
请继续等待,正在做任务,不要退出哦
请继续等待,正在做任务,不要退出哦
请继续等待,正在做任务,不要退出哦
请继续等待,正在做任务,不要退出哦
请继续等待,正在做任务,不要退出哦
请继续等待,正在做任务,不要退出哦
请继续等待,正在做任务,不要退出哦
请继续等待,正在做任务,不要退出哦
请继续等待,正在做任务,不要退出哦
请继续等待,正在做任务,不要退出哦
请继续等待,正在做任务,不要退出哦
请继续等待,正在做任务,不要退出哦
请继续等待,正在做任务,不要退出哦
请继续等待,正在做任务,不要退出哦


----taskList的任务全部做完了---


分享好友助力 0/10


====抽奖结果====,{"id":"jd_74a8d71c978d9_ts_1625832219720","prizeId":"8003","pin":"jd_74a8d71c978d9","neckName":null,"type":"8","name":"电信全年420G视频会员","img":"","beanNum":"","couponFullPrice":"","couponReducePrice":"","couponBeginTime":"","couponEndTime":"","status":"1","winTime":1625832219721,"winDateTime":"2021.07.09 20:03:39","xncode":null,"timeLine":null,"prizetimes":0,"showTimes":false,"skipLink":"https://item.jd.com/100019694850.html","scoreNum":null}
电信全年420G视频会员

====抽奖结果====,{"id":"jd_74a8d71c978d9_ts_1625832221871","prizeId":"8001","pin":"jd_74a8d71c978d9","neckName":null,"type":"8","name":"腾讯大王卡专属游戏加速宝","img":"","beanNum":"","couponFullPrice":"","couponReducePrice":"","couponBeginTime":"","couponEndTime":"","status":"1","winTime":1625832221873,"winDateTime":"2021.07.09 20:03:41","xncode":null,"timeLine":null,"prizetimes":0,"showTimes":false,"skipLink":"https://item.jd.com/100019694876.html","scoreNum":null}
腾讯大王卡专属游戏加速宝

====抽奖结果====,{"id":"jd_74a8d71c978d9_ts_1625832224020","prizeId":"","pin":"jd_74a8d71c978d9","neckName":null,"type":"","name":"未中奖","img":"","beanNum":"","couponFullPrice":"","couponReducePrice":"","couponBeginTime":"","couponEndTime":"","status":"0","winTime":1625832224021,"winDateTime":"2021.07.09 20:03:44","xncode":null,"timeLine":null,"prizetimes":0,"showTimes":false,"skipLink":null,"scoreNum":null}
未中奖

====抽奖结果====,{"id":"jd_74a8d71c978d9_ts_1625832226232","prizeId":"8004","pin":"jd_74a8d71c978d9","neckName":null,"type":"8","name":"电信全年360G专属大流量","img":"","beanNum":"","couponFullPrice":"","couponReducePrice":"","couponBeginTime":"","couponEndTime":"","status":"1","winTime":1625832226234,"winDateTime":"2021.07.09 20:03:46","xncode":null,"timeLine":null,"prizetimes":0,"showTimes":false,"skipLink":"https://item.jd.com/100010779451.html","scoreNum":null}
电信全年360G专属大流量

====抽奖结果====,{"id":"jd_74a8d71c978d9_ts_1625832228378","prizeId":"8003","pin":"jd_74a8d71c978d9","neckName":null,"type":"8","name":"电信全年420G视频会员","img":"","beanNum":"","couponFullPrice":"","couponReducePrice":"","couponBeginTime":"","couponEndTime":"","status":"1","winTime":1625832228380,"winDateTime":"2021.07.09 20:03:48","xncode":null,"timeLine":null,"prizetimes":0,"showTimes":false,"skipLink":"https://item.jd.com/100019694850.html","scoreNum":null}
电信全年420G视频会员

====抽奖结果====,{"id":"jd_74a8d71c978d9_ts_1625832230581","prizeId":"8002","pin":"jd_74a8d71c978d9","neckName":null,"type":"8","name":"移动激活送1.2万京豆","img":"","beanNum":"","couponFullPrice":"","couponReducePrice":"","couponBeginTime":"","couponEndTime":"","status":"1","winTime":1625832230583,"winDateTime":"2021.07.09 20:03:50","xncode":null,"timeLine":null,"prizetimes":0,"showTimes":false,"skipLink":"https://item.jd.com/100019694852.html","scoreNum":null}
移动激活送1.2万京豆


******开始【京东账号3】chao4596758*********


==============📣系统通知📣==============
5G超级盲盒
【提示】cookie已失效
京东账号3 chao4596758
请重新登录获取
https://bean.m.jd.com/bean/signIndex.action
您未提供push+推送所需的PUSH_PLUS_TOKEN，取消push+推送消息通知🚫

server酱发送通知消息成功🎉

您未提供Bark的APP推送BARK_PUSH，取消Bark推送消息通知🚫

您未提供telegram机器人推送所需的TG_BOT_TOKEN和TG_USER_ID，取消telegram推送消息通知🚫

您未提供钉钉机器人推送所需的DD_BOT_TOKEN或者DD_BOT_SECRET，取消钉钉推送消息通知🚫

您未提供企业微信机器人推送所需的QYWX_KEY，取消企业微信推送消息通知🚫

您未提供企业微信应用消息推送所需的QYWX_AM，取消企业微信应用消息推送消息通知🚫

您未提供iGot的推送IGOT_PUSH_KEY，取消iGot推送消息通知🚫


******开始【京东账号4】jd_157332ewky*********

好友邀请码 {"code":5000,"data":{},"msg":"任务已过期"}
尝试多次运行脚本即可获取好友邀请码
成功领取1800热力值
商品 { code: 200, msg: '成功', data: 1 }
商品领取金币 { code: 200, msg: '成功', data: 1 }
商品 { code: 200, msg: '成功', data: 1 }
商品领取金币 { code: 200, msg: '成功', data: 1 }
商品 { code: 200, msg: '成功', data: 1 }
商品领取金币 { code: 200, msg: '成功', data: 1 }
商品 { code: 200, msg: '成功', data: 1 }
商品领取金币 { code: 200, msg: '成功', data: 1 }
商品 { code: 200, msg: '成功', data: 1 }
商品领取金币 { code: 200, msg: '成功', data: 1 }
商品 { code: 200, msg: '成功', data: 1 }
商品领取金币 { code: 200, msg: '成功', data: 1 }
商品 { code: 200, msg: '成功', data: 1 }
商品领取金币 { code: 200, msg: '成功', data: 1 }
商品 { code: 200, msg: '成功', data: 1 }
商品领取金币 { code: 200, msg: '成功', data: 1 }
商品 { code: 200, msg: '成功', data: 1 }
商品领取金币 { code: 200, msg: '成功', data: 1 }
商品 { code: 200, msg: '成功', data: 1 }
商品领取金币 { code: 200, msg: '成功', data: 1 }
商品 { code: 200, msg: '成功', data: 1 }
商品领取金币 { code: 200, msg: '成功', data: 1 }
商品 { code: 200, msg: '成功', data: 1 }
商品领取金币 { code: 200, msg: '成功', data: 1 }
请继续等待,正在做任务,不要退出哦
请继续等待,正在做任务,不要退出哦
请继续等待,正在做任务,不要退出哦
请继续等待,正在做任务,不要退出哦
请继续等待,正在做任务,不要退出哦
请继续等待,正在做任务,不要退出哦
请继续等待,正在做任务,不要退出哦
请继续等待,正在做任务,不要退出哦
请继续等待,正在做任务,不要退出哦
请继续等待,正在做任务,不要退出哦
请继续等待,正在做任务,不要退出哦
请继续等待,正在做任务,不要退出哦
请继续等待,正在做任务,不要退出哦
请继续等待,正在做任务,不要退出哦
请继续等待,正在做任务,不要退出哦
请继续等待,正在做任务,不要退出哦
请继续等待,正在做任务,不要退出哦
请继续等待,正在做任务,不要退出哦
请继续等待,正在做任务,不要退出哦
请继续等待,正在做任务,不要退出哦
请继续等待,正在做任务,不要退出哦
请继续等待,正在做任务,不要退出哦
请继续等待,正在做任务,不要退出哦
请继续等待,正在做任务,不要退出哦
请继续等待,正在做任务,不要退出哦
请继续等待,正在做任务,不要退出哦
请继续等待,正在做任务,不要退出哦
请继续等待,正在做任务,不要退出哦
请继续等待,正在做任务,不要退出哦
请继续等待,正在做任务,不要退出哦
请继续等待,正在做任务,不要退出哦
请继续等待,正在做任务,不要退出哦
请继续等待,正在做任务,不要退出哦
请继续等待,正在做任务,不要退出哦
请继续等待,正在做任务,不要退出哦
请继续等待,正在做任务,不要退出哦
请继续等待,正在做任务,不要退出哦
请继续等待,正在做任务,不要退出哦
请继续等待,正在做任务,不要退出哦
请继续等待,正在做任务,不要退出哦
请继续等待,正在做任务,不要退出哦
请继续等待,正在做任务,不要退出哦
请继续等待,正在做任务,不要退出哦
请继续等待,正在做任务,不要退出哦
请继续等待,正在做任务,不要退出哦
请继续等待,正在做任务,不要退出哦
请继续等待,正在做任务,不要退出哦
请继续等待,正在做任务,不要退出哦
请继续等待,正在做任务,不要退出哦
请继续等待,正在做任务,不要退出哦
请继续等待,正在做任务,不要退出哦
请继续等待,正在做任务,不要退出哦
请继续等待,正在做任务,不要退出哦
请继续等待,正在做任务,不要退出哦
请继续等待,正在做任务,不要退出哦
请继续等待,正在做任务,不要退出哦
请继续等待,正在做任务,不要退出哦
请继续等待,正在做任务,不要退出哦
请继续等待,正在做任务,不要退出哦
请继续等待,正在做任务,不要退出哦
请继续等待,正在做任务,不要退出哦
请继续等待,正在做任务,不要退出哦
请继续等待,正在做任务,不要退出哦
请继续等待,正在做任务,不要退出哦
请继续等待,正在做任务,不要退出哦
请继续等待,正在做任务,不要退出哦
请继续等待,正在做任务,不要退出哦
请继续等待,正在做任务,不要退出哦
请继续等待,正在做任务,不要退出哦
请继续等待,正在做任务,不要退出哦
请继续等待,正在做任务,不要退出哦
请继续等待,正在做任务,不要退出哦
请继续等待,正在做任务,不要退出哦
请继续等待,正在做任务,不要退出哦
请继续等待,正在做任务,不要退出哦
请继续等待,正在做任务,不要退出哦
请继续等待,正在做任务,不要退出哦
请继续等待,正在做任务,不要退出哦
请继续等待,正在做任务,不要退出哦
请继续等待,正在做任务,不要退出哦
请继续等待,正在做任务,不要退出哦
请继续等待,正在做任务,不要退出哦
请继续等待,正在做任务,不要退出哦
请继续等待,正在做任务,不要退出哦
请继续等待,正在做任务,不要退出哦
请继续等待,正在做任务,不要退出哦
请继续等待,正在做任务,不要退出哦
请继续等待,正在做任务,不要退出哦
请继续等待,正在做任务,不要退出哦
请继续等待,正在做任务,不要退出哦
请继续等待,正在做任务,不要退出哦
请继续等待,正在做任务,不要退出哦
请继续等待,正在做任务,不要退出哦
请继续等待,正在做任务,不要退出哦
请继续等待,正在做任务,不要退出哦
请继续等待,正在做任务,不要退出哦
请继续等待,正在做任务,不要退出哦
请继续等待,正在做任务,不要退出哦
请继续等待,正在做任务,不要退出哦
请继续等待,正在做任务,不要退出哦
请继续等待,正在做任务,不要退出哦
请继续等待,正在做任务,不要退出哦
请继续等待,正在做任务,不要退出哦
请继续等待,正在做任务,不要退出哦
请继续等待,正在做任务,不要退出哦
请继续等待,正在做任务,不要退出哦
请继续等待,正在做任务,不要退出哦
请继续等待,正在做任务,不要退出哦
请继续等待,正在做任务,不要退出哦
请继续等待,正在做任务,不要退出哦
请继续等待,正在做任务,不要退出哦
请继续等待,正在做任务,不要退出哦
请继续等待,正在做任务,不要退出哦
请继续等待,正在做任务,不要退出哦
请继续等待,正在做任务,不要退出哦
请继续等待,正在做任务,不要退出哦
请继续等待,正在做任务,不要退出哦
请继续等待,正在做任务,不要退出哦
请继续等待,正在做任务,不要退出哦
请继续等待,正在做任务,不要退出哦
请继续等待,正在做任务,不要退出哦
请继续等待,正在做任务,不要退出哦
请继续等待,正在做任务,不要退出哦
请继续等待,正在做任务,不要退出哦
请继续等待,正在做任务,不要退出哦
请继续等待,正在做任务,不要退出哦
请继续等待,正在做任务,不要退出哦
请继续等待,正在做任务,不要退出哦
请继续等待,正在做任务,不要退出哦
请继续等待,正在做任务,不要退出哦
请继续等待,正在做任务,不要退出哦
请继续等待,正在做任务,不要退出哦
请继续等待,正在做任务,不要退出哦
请继续等待,正在做任务,不要退出哦
请继续等待,正在做任务,不要退出哦
请继续等待,正在做任务,不要退出哦
请继续等待,正在做任务,不要退出哦
请继续等待,正在做任务,不要退出哦
请继续等待,正在做任务,不要退出哦
请继续等待,正在做任务,不要退出哦
请继续等待,正在做任务,不要退出哦
请继续等待,正在做任务,不要退出哦
请继续等待,正在做任务,不要退出哦
请继续等待,正在做任务,不要退出哦
请继续等待,正在做任务,不要退出哦
请继续等待,正在做任务,不要退出哦
请继续等待,正在做任务,不要退出哦
请继续等待,正在做任务,不要退出哦
请继续等待,正在做任务,不要退出哦
请继续等待,正在做任务,不要退出哦
请继续等待,正在做任务,不要退出哦
请继续等待,正在做任务,不要退出哦
请继续等待,正在做任务,不要退出哦
请继续等待,正在做任务,不要退出哦
请继续等待,正在做任务,不要退出哦
请继续等待,正在做任务,不要退出哦
请继续等待,正在做任务,不要退出哦
请继续等待,正在做任务,不要退出哦
请继续等待,正在做任务,不要退出哦
请继续等待,正在做任务,不要退出哦
请继续等待,正在做任务,不要退出哦
请继续等待,正在做任务,不要退出哦
请继续等待,正在做任务,不要退出哦
请继续等待,正在做任务,不要退出哦
请继续等待,正在做任务,不要退出哦
请继续等待,正在做任务,不要退出哦
请继续等待,正在做任务,不要退出哦
请继续等待,正在做任务,不要退出哦
请继续等待,正在做任务,不要退出哦
请继续等待,正在做任务,不要退出哦
请继续等待,正在做任务,不要退出哦
请继续等待,正在做任务,不要退出哦
请继续等待,正在做任务,不要退出哦
请继续等待,正在做任务,不要退出哦
请继续等待,正在做任务,不要退出哦
请继续等待,正在做任务,不要退出哦
请继续等待,正在做任务,不要退出哦
请继续等待,正在做任务,不要退出哦
请继续等待,正在做任务,不要退出哦
请继续等待,正在做任务,不要退出哦
请继续等待,正在做任务,不要退出哦
请继续等待,正在做任务,不要退出哦
请继续等待,正在做任务,不要退出哦
请继续等待,正在做任务,不要退出哦
请继续等待,正在做任务,不要退出哦
请继续等待,正在做任务,不要退出哦
请继续等待,正在做任务,不要退出哦
请继续等待,正在做任务,不要退出哦
请继续等待,正在做任务,不要退出哦
请继续等待,正在做任务,不要退出哦
请继续等待,正在做任务,不要退出哦
请继续等待,正在做任务,不要退出哦
请继续等待,正在做任务,不要退出哦
请继续等待,正在做任务,不要退出哦
请继续等待,正在做任务,不要退出哦
请继续等待,正在做任务,不要退出哦
请继续等待,正在做任务,不要退出哦
请继续等待,正在做任务,不要退出哦
请继续等待,正在做任务,不要退出哦
请继续等待,正在做任务,不要退出哦
请继续等待,正在做任务,不要退出哦
请继续等待,正在做任务,不要退出哦
请继续等待,正在做任务,不要退出哦
请继续等待,正在做任务,不要退出哦
请继续等待,正在做任务,不要退出哦
请继续等待,正在做任务,不要退出哦
请继续等待,正在做任务,不要退出哦
请继续等待,正在做任务,不要退出哦
请继续等待,正在做任务,不要退出哦
请继续等待,正在做任务,不要退出哦
请继续等待,正在做任务,不要退出哦
请继续等待,正在做任务,不要退出哦
请继续等待,正在做任务,不要退出哦
请继续等待,正在做任务,不要退出哦
请继续等待,正在做任务,不要退出哦
请继续等待,正在做任务,不要退出哦
请继续等待,正在做任务,不要退出哦
请继续等待,正在做任务,不要退出哦
请继续等待,正在做任务,不要退出哦
请继续等待,正在做任务,不要退出哦
请继续等待,正在做任务,不要退出哦
请继续等待,正在做任务,不要退出哦
请继续等待,正在做任务,不要退出哦
请继续等待,正在做任务,不要退出哦
请继续等待,正在做任务,不要退出哦
请继续等待,正在做任务,不要退出哦
请继续等待,正在做任务,不要退出哦
请继续等待,正在做任务,不要退出哦
请继续等待,正在做任务,不要退出哦
请继续等待,正在做任务,不要退出哦
请继续等待,正在做任务,不要退出哦
请继续等待,正在做任务,不要退出哦
请继续等待,正在做任务,不要退出哦
请继续等待,正在做任务,不要退出哦
请继续等待,正在做任务,不要退出哦
请继续等待,正在做任务,不要退出哦
请继续等待,正在做任务,不要退出哦
请继续等待,正在做任务,不要退出哦
请继续等待,正在做任务,不要退出哦
请继续等待,正在做任务,不要退出哦


----taskList的任务全部做完了---


分享好友助力 0/10


====抽奖结果====,{"id":"jd_46df9eaa780aa_ts_1625832421063","prizeId":"9999","pin":"jd_46df9eaa780aa","neckName":null,"type":"99","name":"未中奖","img":"","beanNum":"","couponFullPrice":"","couponReducePrice":"","couponBeginTime":"","couponEndTime":"","status":"0","winTime":1625832421064,"winDateTime":"2021.07.09 20:07:01","xncode":null,"timeLine":null,"prizetimes":0,"showTimes":false,"skipLink":null,"scoreNum":null}
未中奖

====抽奖结果====,{"id":"jd_46df9eaa780aa_ts_1625832423215","prizeId":"8001","pin":"jd_46df9eaa780aa","neckName":null,"type":"8","name":"腾讯大王卡专属游戏加速宝","img":"","beanNum":"","couponFullPrice":"","couponReducePrice":"","couponBeginTime":"","couponEndTime":"","status":"1","winTime":1625832423216,"winDateTime":"2021.07.09 20:07:03","xncode":null,"timeLine":null,"prizetimes":0,"showTimes":false,"skipLink":"https://item.jd.com/100019694876.html","scoreNum":null}
腾讯大王卡专属游戏加速宝

====抽奖结果====,{"id":"jd_46df9eaa780aa_ts_1625832425418","prizeId":"","pin":"jd_46df9eaa780aa","neckName":null,"type":"","name":"未中奖","img":"","beanNum":"","couponFullPrice":"","couponReducePrice":"","couponBeginTime":"","couponEndTime":"","status":"0","winTime":1625832425419,"winDateTime":"2021.07.09 20:07:05","xncode":null,"timeLine":null,"prizetimes":0,"showTimes":false,"skipLink":null,"scoreNum":null}
未中奖

====抽奖结果====,{"id":"jd_46df9eaa780aa_ts_1625832427583","prizeId":"9999","pin":"jd_46df9eaa780aa","neckName":null,"type":"99","name":"未中奖","img":"","beanNum":"","couponFullPrice":"","couponReducePrice":"","couponBeginTime":"","couponEndTime":"","status":"0","winTime":1625832427584,"winDateTime":"2021.07.09 20:07:07","xncode":null,"timeLine":null,"prizetimes":0,"showTimes":false,"skipLink":null,"scoreNum":null}
未中奖

====抽奖结果====,{"id":"jd_46df9eaa780aa_ts_1625832429759","prizeId":"9999","pin":"jd_46df9eaa780aa","neckName":null,"type":"99","name":"未中奖","img":"","beanNum":"","couponFullPrice":"","couponReducePrice":"","couponBeginTime":"","couponEndTime":"","status":"0","winTime":1625832429761,"winDateTime":"2021.07.09 20:07:09","xncode":null,"timeLine":null,"prizetimes":0,"showTimes":false,"skipLink":null,"scoreNum":null}
未中奖

====抽奖结果====,{"id":"jd_46df9eaa780aa_ts_1625832431965","prizeId":"9999","pin":"jd_46df9eaa780aa","neckName":null,"type":"99","name":"未中奖","img":"","beanNum":"","couponFullPrice":"","couponReducePrice":"","couponBeginTime":"","couponEndTime":"","status":"0","winTime":1625832431966,"winDateTime":"2021.07.09 20:07:11","xncode":null,"timeLine":null,"prizetimes":0,"showTimes":false,"skipLink":null,"scoreNum":null}
未中奖


******开始【京东账号5】jd_157332zdf*********

好友邀请码 {"code":5000,"data":{},"msg":"任务已过期"}
尝试多次运行脚本即可获取好友邀请码
成功领取1800热力值
商品 { code: 200, msg: '成功', data: 1 }
商品领取金币 { code: 200, msg: '成功', data: 1 }
商品 { code: 200, msg: '成功', data: 1 }
商品领取金币 { code: 200, msg: '成功', data: 1 }
商品 { code: 200, msg: '成功', data: 1 }
商品领取金币 { code: 200, msg: '成功', data: 1 }
商品 { code: 200, msg: '成功', data: 1 }
商品领取金币 { code: 200, msg: '成功', data: 1 }
商品 { code: 200, msg: '成功', data: 1 }
商品领取金币 { code: 200, msg: '成功', data: 1 }
商品 { code: 200, msg: '成功', data: 1 }
商品领取金币 { code: 200, msg: '成功', data: 1 }
商品 { code: 200, msg: '成功', data: 1 }
商品领取金币 { code: 200, msg: '成功', data: 1 }
商品 { code: 200, msg: '成功', data: 1 }
商品领取金币 { code: 200, msg: '成功', data: 1 }
商品 { code: 200, msg: '成功', data: 1 }
商品领取金币 { code: 200, msg: '成功', data: 1 }
商品 { code: 200, msg: '成功', data: 1 }
商品领取金币 { code: 200, msg: '成功', data: 1 }
商品 { code: 200, msg: '成功', data: 1 }
商品领取金币 { code: 200, msg: '成功', data: 1 }
商品 { code: 200, msg: '成功', data: 1 }
商品领取金币 { code: 200, msg: '成功', data: 1 }
请继续等待,正在做任务,不要退出哦
请继续等待,正在做任务,不要退出哦
请继续等待,正在做任务,不要退出哦
请继续等待,正在做任务,不要退出哦
请继续等待,正在做任务,不要退出哦
请继续等待,正在做任务,不要退出哦
请继续等待,正在做任务,不要退出哦
请继续等待,正在做任务,不要退出哦
请继续等待,正在做任务,不要退出哦
请继续等待,正在做任务,不要退出哦
请继续等待,正在做任务,不要退出哦
请继续等待,正在做任务,不要退出哦
请继续等待,正在做任务,不要退出哦
请继续等待,正在做任务,不要退出哦
请继续等待,正在做任务,不要退出哦
请继续等待,正在做任务,不要退出哦
请继续等待,正在做任务,不要退出哦
请继续等待,正在做任务,不要退出哦
请继续等待,正在做任务,不要退出哦
请继续等待,正在做任务,不要退出哦
请继续等待,正在做任务,不要退出哦
请继续等待,正在做任务,不要退出哦
请继续等待,正在做任务,不要退出哦
请继续等待,正在做任务,不要退出哦
请继续等待,正在做任务,不要退出哦
请继续等待,正在做任务,不要退出哦
请继续等待,正在做任务,不要退出哦
请继续等待,正在做任务,不要退出哦
请继续等待,正在做任务,不要退出哦
请继续等待,正在做任务,不要退出哦
请继续等待,正在做任务,不要退出哦
请继续等待,正在做任务,不要退出哦
请继续等待,正在做任务,不要退出哦
请继续等待,正在做任务,不要退出哦
请继续等待,正在做任务,不要退出哦
请继续等待,正在做任务,不要退出哦
请继续等待,正在做任务,不要退出哦
请继续等待,正在做任务,不要退出哦
请继续等待,正在做任务,不要退出哦
请继续等待,正在做任务,不要退出哦
请继续等待,正在做任务,不要退出哦
请继续等待,正在做任务,不要退出哦
请继续等待,正在做任务,不要退出哦
请继续等待,正在做任务,不要退出哦
请继续等待,正在做任务,不要退出哦
请继续等待,正在做任务,不要退出哦
请继续等待,正在做任务,不要退出哦
请继续等待,正在做任务,不要退出哦
请继续等待,正在做任务,不要退出哦
请继续等待,正在做任务,不要退出哦
请继续等待,正在做任务,不要退出哦
请继续等待,正在做任务,不要退出哦
请继续等待,正在做任务,不要退出哦
请继续等待,正在做任务,不要退出哦
请继续等待,正在做任务,不要退出哦
请继续等待,正在做任务,不要退出哦
请继续等待,正在做任务,不要退出哦
请继续等待,正在做任务,不要退出哦
请继续等待,正在做任务,不要退出哦
请继续等待,正在做任务,不要退出哦
请继续等待,正在做任务,不要退出哦
请继续等待,正在做任务,不要退出哦
请继续等待,正在做任务,不要退出哦
请继续等待,正在做任务,不要退出哦
请继续等待,正在做任务,不要退出哦
请继续等待,正在做任务,不要退出哦
请继续等待,正在做任务,不要退出哦
请继续等待,正在做任务,不要退出哦
请继续等待,正在做任务,不要退出哦
请继续等待,正在做任务,不要退出哦
请继续等待,正在做任务,不要退出哦
请继续等待,正在做任务,不要退出哦
请继续等待,正在做任务,不要退出哦
请继续等待,正在做任务,不要退出哦
请继续等待,正在做任务,不要退出哦
请继续等待,正在做任务,不要退出哦
请继续等待,正在做任务,不要退出哦
请继续等待,正在做任务,不要退出哦
请继续等待,正在做任务,不要退出哦
请继续等待,正在做任务,不要退出哦
请继续等待,正在做任务,不要退出哦
请继续等待,正在做任务,不要退出哦
请继续等待,正在做任务,不要退出哦
请继续等待,正在做任务,不要退出哦
请继续等待,正在做任务,不要退出哦
请继续等待,正在做任务,不要退出哦
请继续等待,正在做任务,不要退出哦
请继续等待,正在做任务,不要退出哦
请继续等待,正在做任务,不要退出哦
请继续等待,正在做任务,不要退出哦
请继续等待,正在做任务,不要退出哦
请继续等待,正在做任务,不要退出哦
请继续等待,正在做任务,不要退出哦
请继续等待,正在做任务,不要退出哦
请继续等待,正在做任务,不要退出哦
请继续等待,正在做任务,不要退出哦
请继续等待,正在做任务,不要退出哦
请继续等待,正在做任务,不要退出哦
请继续等待,正在做任务,不要退出哦
请继续等待,正在做任务,不要退出哦
请继续等待,正在做任务,不要退出哦
请继续等待,正在做任务,不要退出哦
请继续等待,正在做任务,不要退出哦
请继续等待,正在做任务,不要退出哦
请继续等待,正在做任务,不要退出哦
请继续等待,正在做任务,不要退出哦
请继续等待,正在做任务,不要退出哦
请继续等待,正在做任务,不要退出哦
请继续等待,正在做任务,不要退出哦
请继续等待,正在做任务,不要退出哦
请继续等待,正在做任务,不要退出哦
请继续等待,正在做任务,不要退出哦
请继续等待,正在做任务,不要退出哦
请继续等待,正在做任务,不要退出哦
请继续等待,正在做任务,不要退出哦
请继续等待,正在做任务,不要退出哦
请继续等待,正在做任务,不要退出哦
请继续等待,正在做任务,不要退出哦
请继续等待,正在做任务,不要退出哦
请继续等待,正在做任务,不要退出哦
请继续等待,正在做任务,不要退出哦
请继续等待,正在做任务,不要退出哦
请继续等待,正在做任务,不要退出哦
请继续等待,正在做任务,不要退出哦
请继续等待,正在做任务,不要退出哦
请继续等待,正在做任务,不要退出哦
请继续等待,正在做任务,不要退出哦
请继续等待,正在做任务,不要退出哦
请继续等待,正在做任务,不要退出哦
请继续等待,正在做任务,不要退出哦
请继续等待,正在做任务,不要退出哦
请继续等待,正在做任务,不要退出哦
请继续等待,正在做任务,不要退出哦
请继续等待,正在做任务,不要退出哦
请继续等待,正在做任务,不要退出哦
请继续等待,正在做任务,不要退出哦
请继续等待,正在做任务,不要退出哦
请继续等待,正在做任务,不要退出哦
请继续等待,正在做任务,不要退出哦
请继续等待,正在做任务,不要退出哦
请继续等待,正在做任务,不要退出哦
请继续等待,正在做任务,不要退出哦
请继续等待,正在做任务,不要退出哦
请继续等待,正在做任务,不要退出哦
请继续等待,正在做任务,不要退出哦
请继续等待,正在做任务,不要退出哦
请继续等待,正在做任务,不要退出哦
请继续等待,正在做任务,不要退出哦
请继续等待,正在做任务,不要退出哦
请继续等待,正在做任务,不要退出哦
请继续等待,正在做任务,不要退出哦
请继续等待,正在做任务,不要退出哦
请继续等待,正在做任务,不要退出哦
请继续等待,正在做任务,不要退出哦
请继续等待,正在做任务,不要退出哦
请继续等待,正在做任务,不要退出哦
请继续等待,正在做任务,不要退出哦
请继续等待,正在做任务,不要退出哦
请继续等待,正在做任务,不要退出哦
请继续等待,正在做任务,不要退出哦
请继续等待,正在做任务,不要退出哦
请继续等待,正在做任务,不要退出哦
请继续等待,正在做任务,不要退出哦
请继续等待,正在做任务,不要退出哦
请继续等待,正在做任务,不要退出哦
请继续等待,正在做任务,不要退出哦
请继续等待,正在做任务,不要退出哦
请继续等待,正在做任务,不要退出哦
请继续等待,正在做任务,不要退出哦
请继续等待,正在做任务,不要退出哦
请继续等待,正在做任务,不要退出哦
请继续等待,正在做任务,不要退出哦
请继续等待,正在做任务,不要退出哦
请继续等待,正在做任务,不要退出哦
请继续等待,正在做任务,不要退出哦
请继续等待,正在做任务,不要退出哦
请继续等待,正在做任务,不要退出哦
请继续等待,正在做任务,不要退出哦
请继续等待,正在做任务,不要退出哦
请继续等待,正在做任务,不要退出哦
请继续等待,正在做任务,不要退出哦
请继续等待,正在做任务,不要退出哦
请继续等待,正在做任务,不要退出哦
请继续等待,正在做任务,不要退出哦
请继续等待,正在做任务,不要退出哦
请继续等待,正在做任务,不要退出哦
请继续等待,正在做任务,不要退出哦
请继续等待,正在做任务,不要退出哦
请继续等待,正在做任务,不要退出哦
请继续等待,正在做任务,不要退出哦
请继续等待,正在做任务,不要退出哦
请继续等待,正在做任务,不要退出哦
请继续等待,正在做任务,不要退出哦
请继续等待,正在做任务,不要退出哦
请继续等待,正在做任务,不要退出哦
请继续等待,正在做任务,不要退出哦
请继续等待,正在做任务,不要退出哦
请继续等待,正在做任务,不要退出哦
请继续等待,正在做任务,不要退出哦
请继续等待,正在做任务,不要退出哦
请继续等待,正在做任务,不要退出哦
请继续等待,正在做任务,不要退出哦
请继续等待,正在做任务,不要退出哦
请继续等待,正在做任务,不要退出哦
请继续等待,正在做任务,不要退出哦
请继续等待,正在做任务,不要退出哦
请继续等待,正在做任务,不要退出哦
请继续等待,正在做任务,不要退出哦
请继续等待,正在做任务,不要退出哦
请继续等待,正在做任务,不要退出哦
请继续等待,正在做任务,不要退出哦
请继续等待,正在做任务,不要退出哦
请继续等待,正在做任务,不要退出哦
请继续等待,正在做任务,不要退出哦
请继续等待,正在做任务,不要退出哦
请继续等待,正在做任务,不要退出哦
请继续等待,正在做任务,不要退出哦
请继续等待,正在做任务,不要退出哦
请继续等待,正在做任务,不要退出哦
请继续等待,正在做任务,不要退出哦
请继续等待,正在做任务,不要退出哦
请继续等待,正在做任务,不要退出哦
请继续等待,正在做任务,不要退出哦
请继续等待,正在做任务,不要退出哦
请继续等待,正在做任务,不要退出哦
请继续等待,正在做任务,不要退出哦
请继续等待,正在做任务,不要退出哦
请继续等待,正在做任务,不要退出哦
请继续等待,正在做任务,不要退出哦
请继续等待,正在做任务,不要退出哦
请继续等待,正在做任务,不要退出哦
请继续等待,正在做任务,不要退出哦
请继续等待,正在做任务,不要退出哦
请继续等待,正在做任务,不要退出哦
请继续等待,正在做任务,不要退出哦
请继续等待,正在做任务,不要退出哦
请继续等待,正在做任务,不要退出哦
请继续等待,正在做任务,不要退出哦
请继续等待,正在做任务,不要退出哦
请继续等待,正在做任务,不要退出哦
请继续等待,正在做任务,不要退出哦
请继续等待,正在做任务,不要退出哦
请继续等待,正在做任务,不要退出哦
请继续等待,正在做任务,不要退出哦
请继续等待,正在做任务,不要退出哦
请继续等待,正在做任务,不要退出哦
请继续等待,正在做任务,不要退出哦
请继续等待,正在做任务,不要退出哦
请继续等待,正在做任务,不要退出哦
请继续等待,正在做任务,不要退出哦
请继续等待,正在做任务,不要退出哦
请继续等待,正在做任务,不要退出哦
请继续等待,正在做任务,不要退出哦
请继续等待,正在做任务,不要退出哦
请继续等待,正在做任务,不要退出哦
请继续等待,正在做任务,不要退出哦
请继续等待,正在做任务,不要退出哦
请继续等待,正在做任务,不要退出哦
请继续等待,正在做任务,不要退出哦
请继续等待,正在做任务,不要退出哦
请继续等待,正在做任务,不要退出哦
请继续等待,正在做任务,不要退出哦
请继续等待,正在做任务,不要退出哦
请继续等待,正在做任务,不要退出哦
请继续等待,正在做任务,不要退出哦
请继续等待,正在做任务,不要退出哦
请继续等待,正在做任务,不要退出哦
请继续等待,正在做任务,不要退出哦


----taskList的任务全部做完了---


分享好友助力 0/10


====抽奖结果====,{"id":"jd_67f63c904d8c6_ts_1625832614340","prizeId":"8001","pin":"jd_67f63c904d8c6","neckName":null,"type":"8","name":"腾讯大王卡专属游戏加速宝","img":"","beanNum":"","couponFullPrice":"","couponReducePrice":"","couponBeginTime":"","couponEndTime":"","status":"1","winTime":1625832614341,"winDateTime":"2021.07.09 20:10:14","xncode":null,"timeLine":null,"prizetimes":0,"showTimes":false,"skipLink":"https://item.jd.com/100019694876.html","scoreNum":null}
腾讯大王卡专属游戏加速宝

====抽奖结果====,{"id":"jd_67f63c904d8c6_ts_1625832616480","prizeId":"","pin":"jd_67f63c904d8c6","neckName":null,"type":"","name":"未中奖","img":"","beanNum":"","couponFullPrice":"","couponReducePrice":"","couponBeginTime":"","couponEndTime":"","status":"0","winTime":1625832616639,"winDateTime":"2021.07.09 20:10:16","xncode":null,"timeLine":null,"prizetimes":0,"showTimes":false,"skipLink":null,"scoreNum":null}
未中奖

====抽奖结果====,{"id":"jd_67f63c904d8c6_ts_1625832619043","prizeId":"8004","pin":"jd_67f63c904d8c6","neckName":null,"type":"8","name":"电信全年360G专属大流量","img":"","beanNum":"","couponFullPrice":"","couponReducePrice":"","couponBeginTime":"","couponEndTime":"","status":"1","winTime":1625832619044,"winDateTime":"2021.07.09 20:10:19","xncode":null,"timeLine":null,"prizetimes":0,"showTimes":false,"skipLink":"https://item.jd.com/100010779451.html","scoreNum":null}
电信全年360G专属大流量

====抽奖结果====,{"id":"jd_67f63c904d8c6_ts_1625832621257","prizeId":"9999","pin":"jd_67f63c904d8c6","neckName":null,"type":"99","name":"未中奖","img":"","beanNum":"","couponFullPrice":"","couponReducePrice":"","couponBeginTime":"","couponEndTime":"","status":"0","winTime":1625832621258,"winDateTime":"2021.07.09 20:10:21","xncode":null,"timeLine":null,"prizetimes":0,"showTimes":false,"skipLink":null,"scoreNum":null}
未中奖

====抽奖结果====,{"id":"jd_67f63c904d8c6_ts_1625832623411","prizeId":"","pin":"jd_67f63c904d8c6","neckName":null,"type":"","name":"未中奖","img":"","beanNum":"","couponFullPrice":"","couponReducePrice":"","couponBeginTime":"","couponEndTime":"","status":"0","winTime":1625832623412,"winDateTime":"2021.07.09 20:10:23","xncode":null,"timeLine":null,"prizetimes":0,"showTimes":false,"skipLink":null,"scoreNum":null}
未中奖

====抽奖结果====,{"id":"jd_67f63c904d8c6_ts_1625832625578","prizeId":"8003","pin":"jd_67f63c904d8c6","neckName":null,"type":"8","name":"电信全年420G视频会员","img":"","beanNum":"","couponFullPrice":"","couponReducePrice":"","couponBeginTime":"","couponEndTime":"","status":"1","winTime":1625832625580,"winDateTime":"2021.07.09 20:10:25","xncode":null,"timeLine":null,"prizetimes":0,"showTimes":false,"skipLink":"https://item.jd.com/100019694850.html","scoreNum":null}
电信全年420G视频会员

====抽奖结果====,{"id":"jd_67f63c904d8c6_ts_1625832627717","prizeId":"8004","pin":"jd_67f63c904d8c6","neckName":null,"type":"8","name":"电信全年360G专属大流量","img":"","beanNum":"","couponFullPrice":"","couponReducePrice":"","couponBeginTime":"","couponEndTime":"","status":"1","winTime":1625832627718,"winDateTime":"2021.07.09 20:10:27","xncode":null,"timeLine":null,"prizetimes":0,"showTimes":false,"skipLink":"https://item.jd.com/100010779451.html","scoreNum":null}
电信全年360G专属大流量



自己账号内部互助
账号 1 15631692383_p 开始给 6bc1cc2e-6617-4b76-bc21-363659b90182进行助力
助力结果{"code":2005,"data":{},"msg":"助力次数已用完"}
次数已用完，跳出助力


自己账号内部互助
账号 2 jd_74a8d71c978d9 开始给 6bc1cc2e-6617-4b76-bc21-363659b90182进行助力
助力结果{"code":200,"msg":"成功","data":"Ymh__Sirius"}

助力好友 【Ymh__Sirius】 成功

账号 2 jd_74a8d71c978d9 开始给 7a9c56b1-cca5-4cb2-9c88-55a4e10748d9进行助力
助力结果{"code":2003,"data":{},"msg":"助力已满"}
账号 2 jd_74a8d71c978d9 开始给 b0d81550-8e8d-45d6-8d70-abbe0bab3795进行助力
助力结果{"code":2003,"data":{},"msg":"助力已满"}
账号 2 jd_74a8d71c978d9 开始给 c5abf251-1afd-4ca7-9120-08b76170c6aa进行助力
助力结果{"code":2003,"data":{},"msg":"助力已满"}
账号 2 jd_74a8d71c978d9 开始给 1bcb643e-369d-4f48-a747-4e0f26c492e1进行助力
助力结果{"code":2003,"data":{},"msg":"助力已满"}
账号 2 jd_74a8d71c978d9 开始给 5e6a91c4-f121-4d63-986b-e60364655fdd进行助力
助力结果{"code":2003,"data":{},"msg":"助力已满"}
账号 2 jd_74a8d71c978d9 开始给 e20e3004-0a6c-4824-aedf-164a13ed7027进行助力
助力结果{"code":2003,"data":{},"msg":"助力已满"}
账号 2 jd_74a8d71c978d9 开始给 2345adbd-ba59-434d-b41f-29463a4b0568进行助力
助力结果{"code":2003,"data":{},"msg":"助力已满"}
账号 2 jd_74a8d71c978d9 开始给 84ee1c01-ff85-4ca4-8bb8-718ca27be28f进行助力
助力结果{"code":2003,"data":{},"msg":"助力已满"}
账号 2 jd_74a8d71c978d9 开始给 217f7253-2486-4bac-a820-ff304707cdc6进行助力
助力结果{"code":2003,"data":{},"msg":"助力已满"}
账号 2 jd_74a8d71c978d9 开始给 fcfcc343-8c9d-469f-b290-e08a2dde972c进行助力
助力结果{"code":2003,"data":{},"msg":"助力已满"}
账号 2 jd_74a8d71c978d9 开始给 8de23218-bda5-4550-947b-96a9e3f84be2进行助力
助力结果{"code":2003,"data":{},"msg":"助力已满"}
账号 2 jd_74a8d71c978d9 开始给 8d37d834-6a41-478d-8220-be4e871284c6进行助力
助力结果{"code":2003,"data":{},"msg":"助力已满"}
账号 2 jd_74a8d71c978d9 开始给 d3b1e481-fcf9-4e94-9560-292f19a7be1e进行助力
助力结果{"code":2003,"data":{},"msg":"助力已满"}
账号 2 jd_74a8d71c978d9 开始给 92c13128-0f48-43c8-a79e-b0ff1bcbbf1a进行助力
助力结果{"code":2003,"data":{},"msg":"助力已满"}
账号 2 jd_74a8d71c978d9 开始给 b08cdbd1-4585-4d6b-a9b7-2f0b6f45b1b9进行助力
助力结果{"code":2003,"data":{},"msg":"助力已满"}
账号 2 jd_74a8d71c978d9 开始给 d432a118-6965-4128-8673-ac443b164f91进行助力
助力结果{"code":2003,"data":{},"msg":"助力已满"}
账号 2 jd_74a8d71c978d9 开始给 ceb5b114-f5ca-4aa5-b326-ab2f49ff36aa进行助力
助力结果{"code":2003,"data":{},"msg":"助力已满"}
账号 2 jd_74a8d71c978d9 开始给 77865e29-4411-4571-9265-16a9b5de2daf进行助力
助力结果{"code":2003,"data":{},"msg":"助力已满"}
账号 2 jd_74a8d71c978d9 开始给 acd7ca46-1287-4b76-84e5-09e6f94bc0a9进行助力
助力结果{"code":2003,"data":{},"msg":"助力已满"}
账号 2 jd_74a8d71c978d9 开始给 ecc5e28f-50a6-4656-99ce-b8b1816b8b85进行助力
助力结果{"code":2003,"data":{},"msg":"助力已满"}
账号 2 jd_74a8d71c978d9 开始给 3ee94cd4-821a-4f99-bc7c-8a37ac5590ff进行助力
助力结果{"code":2003,"data":{},"msg":"助力已满"}
账号 2 jd_74a8d71c978d9 开始给 012c2821-d508-45ea-83e2-88272c5c6875进行助力
助力结果{"code":2003,"data":{},"msg":"助力已满"}
账号 2 jd_74a8d71c978d9 开始给 cb0fadc9-56ce-41ac-acb7-e45a6c92b3d1进行助力
助力结果{"code":2003,"data":{},"msg":"助力已满"}
账号 2 jd_74a8d71c978d9 开始给 de73676a-dc59-40a4-b461-35262a50eb57进行助力
助力结果{"code":2003,"data":{},"msg":"助力已满"}
账号 2 jd_74a8d71c978d9 开始给 0f04b83e-e29d-431f-8aff-8f82a9f82a53进行助力
助力结果{"code":2003,"data":{},"msg":"助力已满"}
账号 2 jd_74a8d71c978d9 开始给 05b56b93-0425-4e53-93be-f22f99151e0e进行助力
助力结果{"code":2003,"data":{},"msg":"助力已满"}
账号 2 jd_74a8d71c978d9 开始给 3e51bae3-d177-498f-8814-8c34d9930129进行助力
助力结果{"code":2003,"data":{},"msg":"助力已满"}
账号 2 jd_74a8d71c978d9 开始给 26f5aa20-6a01-40d5-a814-b71249253ae3进行助力
助力结果{"code":2003,"data":{},"msg":"助力已满"}
账号 2 jd_74a8d71c978d9 开始给 1c34edfa-6451-4aa7-a807-da89abbbbea1进行助力
助力结果{"code":2003,"data":{},"msg":"助力已满"}
账号 2 jd_74a8d71c978d9 开始给 ba82a833-046c-4114-8ce8-ba54208bb554进行助力
助力结果{"code":2003,"data":{},"msg":"助力已满"}


自己账号内部互助
账号 3 chao4596758 开始给 6bc1cc2e-6617-4b76-bc21-363659b90182进行助力
助力结果{"code":1001,"data":{},"msg":"未登录"}
账号 3 chao4596758 开始给 7a9c56b1-cca5-4cb2-9c88-55a4e10748d9进行助力
助力结果{"code":1001,"data":{},"msg":"未登录"}
账号 3 chao4596758 开始给 b0d81550-8e8d-45d6-8d70-abbe0bab3795进行助力
助力结果{"code":1001,"data":{},"msg":"未登录"}
账号 3 chao4596758 开始给 c5abf251-1afd-4ca7-9120-08b76170c6aa进行助力
助力结果{"code":1001,"data":{},"msg":"未登录"}
账号 3 chao4596758 开始给 1bcb643e-369d-4f48-a747-4e0f26c492e1进行助力
助力结果{"code":1001,"data":{},"msg":"未登录"}
账号 3 chao4596758 开始给 5e6a91c4-f121-4d63-986b-e60364655fdd进行助力
助力结果{"code":1001,"data":{},"msg":"未登录"}
账号 3 chao4596758 开始给 e20e3004-0a6c-4824-aedf-164a13ed7027进行助力
助力结果{"code":1001,"data":{},"msg":"未登录"}
账号 3 chao4596758 开始给 2345adbd-ba59-434d-b41f-29463a4b0568进行助力
助力结果{"code":1001,"data":{},"msg":"未登录"}
账号 3 chao4596758 开始给 84ee1c01-ff85-4ca4-8bb8-718ca27be28f进行助力
助力结果{"code":1001,"data":{},"msg":"未登录"}
账号 3 chao4596758 开始给 217f7253-2486-4bac-a820-ff304707cdc6进行助力
助力结果{"code":1001,"data":{},"msg":"未登录"}
账号 3 chao4596758 开始给 fcfcc343-8c9d-469f-b290-e08a2dde972c进行助力
助力结果{"code":1001,"data":{},"msg":"未登录"}
账号 3 chao4596758 开始给 8de23218-bda5-4550-947b-96a9e3f84be2进行助力
助力结果{"code":1001,"data":{},"msg":"未登录"}
账号 3 chao4596758 开始给 8d37d834-6a41-478d-8220-be4e871284c6进行助力
助力结果{"code":1001,"data":{},"msg":"未登录"}
账号 3 chao4596758 开始给 d3b1e481-fcf9-4e94-9560-292f19a7be1e进行助力
助力结果{"code":1001,"data":{},"msg":"未登录"}
账号 3 chao4596758 开始给 92c13128-0f48-43c8-a79e-b0ff1bcbbf1a进行助力
助力结果{"code":1001,"data":{},"msg":"未登录"}
账号 3 chao4596758 开始给 b08cdbd1-4585-4d6b-a9b7-2f0b6f45b1b9进行助力
助力结果{"code":1001,"data":{},"msg":"未登录"}
账号 3 chao4596758 开始给 d432a118-6965-4128-8673-ac443b164f91进行助力
助力结果{"code":1001,"data":{},"msg":"未登录"}
账号 3 chao4596758 开始给 ceb5b114-f5ca-4aa5-b326-ab2f49ff36aa进行助力
助力结果{"code":1001,"data":{},"msg":"未登录"}
账号 3 chao4596758 开始给 77865e29-4411-4571-9265-16a9b5de2daf进行助力
助力结果{"code":1001,"data":{},"msg":"未登录"}
账号 3 chao4596758 开始给 acd7ca46-1287-4b76-84e5-09e6f94bc0a9进行助力
助力结果{"code":1001,"data":{},"msg":"未登录"}
账号 3 chao4596758 开始给 ecc5e28f-50a6-4656-99ce-b8b1816b8b85进行助力
助力结果{"code":1001,"data":{},"msg":"未登录"}
账号 3 chao4596758 开始给 3ee94cd4-821a-4f99-bc7c-8a37ac5590ff进行助力
助力结果{"code":1001,"data":{},"msg":"未登录"}
账号 3 chao4596758 开始给 012c2821-d508-45ea-83e2-88272c5c6875进行助力
助力结果{"code":1001,"data":{},"msg":"未登录"}
账号 3 chao4596758 开始给 cb0fadc9-56ce-41ac-acb7-e45a6c92b3d1进行助力
助力结果{"code":1001,"data":{},"msg":"未登录"}
账号 3 chao4596758 开始给 de73676a-dc59-40a4-b461-35262a50eb57进行助力
助力结果{"code":1001,"data":{},"msg":"未登录"}
账号 3 chao4596758 开始给 0f04b83e-e29d-431f-8aff-8f82a9f82a53进行助力
助力结果{"code":1001,"data":{},"msg":"未登录"}
账号 3 chao4596758 开始给 05b56b93-0425-4e53-93be-f22f99151e0e进行助力
助力结果{"code":1001,"data":{},"msg":"未登录"}
账号 3 chao4596758 开始给 3e51bae3-d177-498f-8814-8c34d9930129进行助力
助力结果{"code":1001,"data":{},"msg":"未登录"}
账号 3 chao4596758 开始给 26f5aa20-6a01-40d5-a814-b71249253ae3进行助力
助力结果{"code":1001,"data":{},"msg":"未登录"}
账号 3 chao4596758 开始给 1c34edfa-6451-4aa7-a807-da89abbbbea1进行助力
助力结果{"code":1001,"data":{},"msg":"未登录"}
账号 3 chao4596758 开始给 ba82a833-046c-4114-8ce8-ba54208bb554进行助力
助力结果{"code":1001,"data":{},"msg":"未登录"}


自己账号内部互助
账号 4 jd_46df9eaa780aa 开始给 6bc1cc2e-6617-4b76-bc21-363659b90182进行助力
助力结果{"code":200,"msg":"成功","data":"Ymh__Sirius"}

助力好友 【Ymh__Sirius】 成功

账号 4 jd_46df9eaa780aa 开始给 7a9c56b1-cca5-4cb2-9c88-55a4e10748d9进行助力
助力结果{"code":2003,"data":{},"msg":"助力已满"}
账号 4 jd_46df9eaa780aa 开始给 b0d81550-8e8d-45d6-8d70-abbe0bab3795进行助力
助力结果{"code":2003,"data":{},"msg":"助力已满"}
账号 4 jd_46df9eaa780aa 开始给 c5abf251-1afd-4ca7-9120-08b76170c6aa进行助力
助力结果{"code":2003,"data":{},"msg":"助力已满"}
账号 4 jd_46df9eaa780aa 开始给 1bcb643e-369d-4f48-a747-4e0f26c492e1进行助力
助力结果{"code":2003,"data":{},"msg":"助力已满"}
账号 4 jd_46df9eaa780aa 开始给 5e6a91c4-f121-4d63-986b-e60364655fdd进行助力
助力结果{"code":2003,"data":{},"msg":"助力已满"}
账号 4 jd_46df9eaa780aa 开始给 e20e3004-0a6c-4824-aedf-164a13ed7027进行助力
助力结果{"code":2003,"data":{},"msg":"助力已满"}
账号 4 jd_46df9eaa780aa 开始给 2345adbd-ba59-434d-b41f-29463a4b0568进行助力
助力结果{"code":2003,"data":{},"msg":"助力已满"}
账号 4 jd_46df9eaa780aa 开始给 84ee1c01-ff85-4ca4-8bb8-718ca27be28f进行助力
助力结果{"code":2003,"data":{},"msg":"助力已满"}
账号 4 jd_46df9eaa780aa 开始给 217f7253-2486-4bac-a820-ff304707cdc6进行助力
助力结果{"code":2003,"data":{},"msg":"助力已满"}
账号 4 jd_46df9eaa780aa 开始给 fcfcc343-8c9d-469f-b290-e08a2dde972c进行助力
助力结果{"code":2003,"data":{},"msg":"助力已满"}
账号 4 jd_46df9eaa780aa 开始给 8de23218-bda5-4550-947b-96a9e3f84be2进行助力
助力结果{"code":2003,"data":{},"msg":"助力已满"}
账号 4 jd_46df9eaa780aa 开始给 8d37d834-6a41-478d-8220-be4e871284c6进行助力
助力结果{"code":2003,"data":{},"msg":"助力已满"}
账号 4 jd_46df9eaa780aa 开始给 d3b1e481-fcf9-4e94-9560-292f19a7be1e进行助力
助力结果{"code":2003,"data":{},"msg":"助力已满"}
账号 4 jd_46df9eaa780aa 开始给 92c13128-0f48-43c8-a79e-b0ff1bcbbf1a进行助力
助力结果{"code":2003,"data":{},"msg":"助力已满"}
账号 4 jd_46df9eaa780aa 开始给 b08cdbd1-4585-4d6b-a9b7-2f0b6f45b1b9进行助力
助力结果{"code":2003,"data":{},"msg":"助力已满"}
账号 4 jd_46df9eaa780aa 开始给 d432a118-6965-4128-8673-ac443b164f91进行助力
助力结果{"code":2003,"data":{},"msg":"助力已满"}
账号 4 jd_46df9eaa780aa 开始给 ceb5b114-f5ca-4aa5-b326-ab2f49ff36aa进行助力
助力结果{"code":2003,"data":{},"msg":"助力已满"}
账号 4 jd_46df9eaa780aa 开始给 77865e29-4411-4571-9265-16a9b5de2daf进行助力
助力结果{"code":2003,"data":{},"msg":"助力已满"}
账号 4 jd_46df9eaa780aa 开始给 acd7ca46-1287-4b76-84e5-09e6f94bc0a9进行助力
助力结果{"code":2003,"data":{},"msg":"助力已满"}
账号 4 jd_46df9eaa780aa 开始给 ecc5e28f-50a6-4656-99ce-b8b1816b8b85进行助力
助力结果{"code":2003,"data":{},"msg":"助力已满"}
账号 4 jd_46df9eaa780aa 开始给 3ee94cd4-821a-4f99-bc7c-8a37ac5590ff进行助力
助力结果{"code":2003,"data":{},"msg":"助力已满"}
账号 4 jd_46df9eaa780aa 开始给 012c2821-d508-45ea-83e2-88272c5c6875进行助力
助力结果{"code":2003,"data":{},"msg":"助力已满"}
账号 4 jd_46df9eaa780aa 开始给 cb0fadc9-56ce-41ac-acb7-e45a6c92b3d1进行助力
助力结果{"code":2003,"data":{},"msg":"助力已满"}
账号 4 jd_46df9eaa780aa 开始给 de73676a-dc59-40a4-b461-35262a50eb57进行助力
助力结果{"code":2003,"data":{},"msg":"助力已满"}
账号 4 jd_46df9eaa780aa 开始给 0f04b83e-e29d-431f-8aff-8f82a9f82a53进行助力
助力结果{"code":2003,"data":{},"msg":"助力已满"}
账号 4 jd_46df9eaa780aa 开始给 05b56b93-0425-4e53-93be-f22f99151e0e进行助力
助力结果{"code":2003,"data":{},"msg":"助力已满"}
账号 4 jd_46df9eaa780aa 开始给 3e51bae3-d177-498f-8814-8c34d9930129进行助力
助力结果{"code":2003,"data":{},"msg":"助力已满"}
账号 4 jd_46df9eaa780aa 开始给 26f5aa20-6a01-40d5-a814-b71249253ae3进行助力
助力结果{"code":2003,"data":{},"msg":"助力已满"}
账号 4 jd_46df9eaa780aa 开始给 1c34edfa-6451-4aa7-a807-da89abbbbea1进行助力
助力结果{"code":2003,"data":{},"msg":"助力已满"}
账号 4 jd_46df9eaa780aa 开始给 ba82a833-046c-4114-8ce8-ba54208bb554进行助力
助力结果{"code":2003,"data":{},"msg":"助力已满"}


自己账号内部互助
账号 5 jd_67f63c904d8c6 开始给 6bc1cc2e-6617-4b76-bc21-363659b90182进行助力
助力结果{"code":200,"msg":"成功","data":"Ymh__Sirius"}

助力好友 【Ymh__Sirius】 成功

账号 5 jd_67f63c904d8c6 开始给 7a9c56b1-cca5-4cb2-9c88-55a4e10748d9进行助力
助力结果{"code":2003,"data":{},"msg":"助力已满"}
账号 5 jd_67f63c904d8c6 开始给 b0d81550-8e8d-45d6-8d70-abbe0bab3795进行助力
助力结果{"code":2003,"data":{},"msg":"助力已满"}
账号 5 jd_67f63c904d8c6 开始给 c5abf251-1afd-4ca7-9120-08b76170c6aa进行助力
助力结果{"code":2003,"data":{},"msg":"助力已满"}
账号 5 jd_67f63c904d8c6 开始给 1bcb643e-369d-4f48-a747-4e0f26c492e1进行助力
助力结果{"code":2003,"data":{},"msg":"助力已满"}
账号 5 jd_67f63c904d8c6 开始给 5e6a91c4-f121-4d63-986b-e60364655fdd进行助力
助力结果{"code":2003,"data":{},"msg":"助力已满"}
账号 5 jd_67f63c904d8c6 开始给 e20e3004-0a6c-4824-aedf-164a13ed7027进行助力
助力结果{"code":2003,"data":{},"msg":"助力已满"}
账号 5 jd_67f63c904d8c6 开始给 2345adbd-ba59-434d-b41f-29463a4b0568进行助力
助力结果{"code":2003,"data":{},"msg":"助力已满"}
账号 5 jd_67f63c904d8c6 开始给 84ee1c01-ff85-4ca4-8bb8-718ca27be28f进行助力
助力结果{"code":2003,"data":{},"msg":"助力已满"}
账号 5 jd_67f63c904d8c6 开始给 217f7253-2486-4bac-a820-ff304707cdc6进行助力
助力结果{"code":2003,"data":{},"msg":"助力已满"}
账号 5 jd_67f63c904d8c6 开始给 fcfcc343-8c9d-469f-b290-e08a2dde972c进行助力
助力结果{"code":2003,"data":{},"msg":"助力已满"}
账号 5 jd_67f63c904d8c6 开始给 8de23218-bda5-4550-947b-96a9e3f84be2进行助力
助力结果{"code":2003,"data":{},"msg":"助力已满"}
账号 5 jd_67f63c904d8c6 开始给 8d37d834-6a41-478d-8220-be4e871284c6进行助力
助力结果{"code":2003,"data":{},"msg":"助力已满"}
账号 5 jd_67f63c904d8c6 开始给 d3b1e481-fcf9-4e94-9560-292f19a7be1e进行助力
助力结果{"code":2003,"data":{},"msg":"助力已满"}
账号 5 jd_67f63c904d8c6 开始给 92c13128-0f48-43c8-a79e-b0ff1bcbbf1a进行助力
助力结果{"code":2003,"data":{},"msg":"助力已满"}
账号 5 jd_67f63c904d8c6 开始给 b08cdbd1-4585-4d6b-a9b7-2f0b6f45b1b9进行助力
助力结果{"code":2003,"data":{},"msg":"助力已满"}
账号 5 jd_67f63c904d8c6 开始给 d432a118-6965-4128-8673-ac443b164f91进行助力
助力结果{"code":2003,"data":{},"msg":"助力已满"}
账号 5 jd_67f63c904d8c6 开始给 ceb5b114-f5ca-4aa5-b326-ab2f49ff36aa进行助力
助力结果{"code":2003,"data":{},"msg":"助力已满"}
账号 5 jd_67f63c904d8c6 开始给 77865e29-4411-4571-9265-16a9b5de2daf进行助力
助力结果{"code":2003,"data":{},"msg":"助力已满"}
账号 5 jd_67f63c904d8c6 开始给 acd7ca46-1287-4b76-84e5-09e6f94bc0a9进行助力
助力结果{"code":2003,"data":{},"msg":"助力已满"}
账号 5 jd_67f63c904d8c6 开始给 ecc5e28f-50a6-4656-99ce-b8b1816b8b85进行助力
助力结果{"code":2003,"data":{},"msg":"助力已满"}
账号 5 jd_67f63c904d8c6 开始给 3ee94cd4-821a-4f99-bc7c-8a37ac5590ff进行助力
助力结果{"code":2003,"data":{},"msg":"助力已满"}
账号 5 jd_67f63c904d8c6 开始给 012c2821-d508-45ea-83e2-88272c5c6875进行助力
助力结果{"code":2003,"data":{},"msg":"助力已满"}
账号 5 jd_67f63c904d8c6 开始给 cb0fadc9-56ce-41ac-acb7-e45a6c92b3d1进行助力
助力结果{"code":2003,"data":{},"msg":"助力已满"}
账号 5 jd_67f63c904d8c6 开始给 de73676a-dc59-40a4-b461-35262a50eb57进行助力
助力结果{"code":2003,"data":{},"msg":"助力已满"}
账号 5 jd_67f63c904d8c6 开始给 0f04b83e-e29d-431f-8aff-8f82a9f82a53进行助力
助力结果{"code":2003,"data":{},"msg":"助力已满"}
账号 5 jd_67f63c904d8c6 开始给 05b56b93-0425-4e53-93be-f22f99151e0e进行助力
助力结果{"code":2003,"data":{},"msg":"助力已满"}
账号 5 jd_67f63c904d8c6 开始给 3e51bae3-d177-498f-8814-8c34d9930129进行助力
助力结果{"code":2003,"data":{},"msg":"助力已满"}
账号 5 jd_67f63c904d8c6 开始给 26f5aa20-6a01-40d5-a814-b71249253ae3进行助力
助力结果{"code":2003,"data":{},"msg":"助力已满"}
账号 5 jd_67f63c904d8c6 开始给 1c34edfa-6451-4aa7-a807-da89abbbbea1进行助力
助力结果{"code":2003,"data":{},"msg":"助力已满"}
账号 5 jd_67f63c904d8c6 开始给 ba82a833-046c-4114-8ce8-ba54208bb554进行助力
助力结果{"code":2003,"data":{},"msg":"助力已满"}

🔔5G超级盲盒, 结束! 🕛 642.225 秒

