
🔔5G超级盲盒, 开始!

====================共5个京东账号Cookie=========

==================脚本执行- 北京时间(UTC+8)：7/2/2021, 12:00:03 PM=====================

5G超级盲盒，可抽奖获得京豆，建议在凌晨0点时运行脚本，白天抽奖基本没有京豆，4小时运行一次收集热力值
活动地址: https://isp5g.m.jd.com
活动时间：2021-06-2到2021-07-31
更新时间：2021-06-3 12:00

******开始【京东账号1】Ymh__Sirius*********

好友邀请码 {"code":200,"msg":"成功","data":"780ac4bd-4f54-4932-a765-7d2449c9093f"}

【京东账号1（Ymh__Sirius）的5G超级盲盒好友互助码】780ac4bd-4f54-4932-a765-7d2449c9093f

此邀请码一天一变化，旧的不可用
成功领取847热力值
精选好物任务已完成
精选好物任务已完成
精选好物任务已完成
精选好物任务已完成
精选好物任务已完成
精选好物任务已完成
精选好物任务已完成
精选好物任务已完成
精选好物任务已完成
精选好物任务已完成
精选好物任务已完成
精选好物任务已完成


----taskList的任务全部做完了---


分享好友助力 4/10


====抽奖结果====,{"id":"15631692383_p_ts_1625198407522","prizeId":"9999","pin":"15631692383_p","neckName":null,"type":"99","name":"未中奖","img":"","beanNum":"","couponFullPrice":"","couponReducePrice":"","couponBeginTime":"","couponEndTime":"","status":"0","winTime":1625198407609,"winDateTime":"2021.07.02 12:00:07","xncode":null,"timeLine":null,"prizetimes":0,"showTimes":false,"skipLink":null,"scoreNum":null}
未中奖


******开始【京东账号2】Ycp_Dream*********

好友邀请码 {"code":200,"msg":"成功","data":"08582d48-9869-4411-8b8b-451e55a56ddc"}

【京东账号2（Ycp_Dream）的5G超级盲盒好友互助码】08582d48-9869-4411-8b8b-451e55a56ddc

此邀请码一天一变化，旧的不可用
成功领取846热力值
精选好物任务已完成
精选好物任务已完成
精选好物任务已完成
精选好物任务已完成
精选好物任务已完成
精选好物任务已完成
精选好物任务已完成
精选好物任务已完成
精选好物任务已完成
精选好物任务已完成
精选好物任务已完成
精选好物任务已完成


----taskList的任务全部做完了---


分享好友助力 3/10


====抽奖结果====,{"id":"jd_74a8d71c978d9_ts_1625198411941","prizeId":"8003","pin":"jd_74a8d71c978d9","neckName":null,"type":"8","name":"电信全年420G视频会员","img":"","beanNum":"","couponFullPrice":"","couponReducePrice":"","couponBeginTime":"","couponEndTime":"","status":"1","winTime":1625198411942,"winDateTime":"2021.07.02 12:00:11","xncode":null,"timeLine":null,"prizetimes":0,"showTimes":false,"skipLink":"https://item.jd.com/100019694850.html","scoreNum":null}
电信全年420G视频会员


******开始【京东账号3】jd_585601a83bd48*********

好友邀请码 {"code":200,"msg":"成功","data":"b9fcff06-2df0-4f3a-8147-8658292d0eaf"}

【京东账号3（jd_585601a83bd48）的5G超级盲盒好友互助码】b9fcff06-2df0-4f3a-8147-8658292d0eaf

此邀请码一天一变化，旧的不可用
成功领取846热力值
精选好物任务已完成
精选好物任务已完成
精选好物任务已完成
精选好物任务已完成
精选好物任务已完成
精选好物任务已完成
精选好物任务已完成
精选好物任务已完成
精选好物任务已完成
精选好物任务已完成
精选好物任务已完成
精选好物任务已完成


----taskList的任务全部做完了---


分享好友助力 3/10


====抽奖结果====,{"id":"chao4596758_ts_1625198422804","prizeId":"8001","pin":"chao4596758","neckName":null,"type":"8","name":"腾讯大王卡专属游戏加速宝","img":"","beanNum":"","couponFullPrice":"","couponReducePrice":"","couponBeginTime":"","couponEndTime":"","status":"1","winTime":1625198422806,"winDateTime":"2021.07.02 12:00:22","xncode":null,"timeLine":null,"prizetimes":0,"showTimes":false,"skipLink":"https://item.jd.com/100019694876.html","scoreNum":null}
腾讯大王卡专属游戏加速宝


******开始【京东账号4】jd_157332ewky*********

好友邀请码 {"code":200,"msg":"成功","data":"b965766e-9342-4e15-8739-9222fc5bbeb5"}

【京东账号4（jd_157332ewky）的5G超级盲盒好友互助码】b965766e-9342-4e15-8739-9222fc5bbeb5

此邀请码一天一变化，旧的不可用
成功领取849热力值
精选好物任务已完成
精选好物任务已完成
精选好物任务已完成
精选好物任务已完成
精选好物任务已完成
精选好物任务已完成
精选好物任务已完成
精选好物任务已完成
精选好物任务已完成
精选好物任务已完成
精选好物任务已完成
精选好物任务已完成


----taskList的任务全部做完了---


分享好友助力 2/10


====抽奖结果====,{"id":"jd_46df9eaa780aa_ts_1625198460136","prizeId":"","pin":"jd_46df9eaa780aa","neckName":null,"type":"","name":"未中奖","img":"","beanNum":"","couponFullPrice":"","couponReducePrice":"","couponBeginTime":"","couponEndTime":"","status":"0","winTime":1625198460137,"winDateTime":"2021.07.02 12:01:00","xncode":null,"timeLine":null,"prizetimes":0,"showTimes":false,"skipLink":null,"scoreNum":null}
未中奖


******开始【京东账号5】jd_157332zdf*********

好友邀请码 {"code":200,"msg":"成功","data":"0e8f0018-bfe6-4aa7-a176-12a40c796973"}

【京东账号5（jd_157332zdf）的5G超级盲盒好友互助码】0e8f0018-bfe6-4aa7-a176-12a40c796973

此邀请码一天一变化，旧的不可用
成功领取853热力值
精选好物任务已完成
精选好物任务已完成
精选好物任务已完成
精选好物任务已完成
精选好物任务已完成
精选好物任务已完成
精选好物任务已完成
精选好物任务已完成
精选好物任务已完成
精选好物任务已完成
精选好物任务已完成
精选好物任务已完成


----taskList的任务全部做完了---


分享好友助力 0/10


====抽奖结果====,{"id":"jd_67f63c904d8c6_ts_1625198464471","prizeId":"9999","pin":"jd_67f63c904d8c6","neckName":null,"type":"99","name":"未中奖","img":"","beanNum":"","couponFullPrice":"","couponReducePrice":"","couponBeginTime":"","couponEndTime":"","status":"0","winTime":1625198464472,"winDateTime":"2021.07.02 12:01:04","xncode":null,"timeLine":null,"prizetimes":0,"showTimes":false,"skipLink":null,"scoreNum":null}
未中奖



自己账号内部互助
账号 1 15631692383_p 开始给 780ac4bd-4f54-4932-a765-7d2449c9093f进行助力
助力结果{"code":2005,"data":{},"msg":"助力次数已用完"}
次数已用完，跳出助力


自己账号内部互助
账号 2 jd_74a8d71c978d9 开始给 780ac4bd-4f54-4932-a765-7d2449c9093f进行助力
助力结果{"code":2007,"data":{},"msg":"您已为此好友的助力过~"}
账号 2 jd_74a8d71c978d9 开始给 08582d48-9869-4411-8b8b-451e55a56ddc进行助力
助力结果{"code":2005,"data":{},"msg":"助力次数已用完"}
次数已用完，跳出助力


自己账号内部互助
账号 3 chao4596758 开始给 780ac4bd-4f54-4932-a765-7d2449c9093f进行助力
助力结果{"code":2007,"data":{},"msg":"您已为此好友的助力过~"}
账号 3 chao4596758 开始给 08582d48-9869-4411-8b8b-451e55a56ddc进行助力
助力结果{"code":2007,"data":{},"msg":"您已为此好友的助力过~"}
账号 3 chao4596758 开始给 b9fcff06-2df0-4f3a-8147-8658292d0eaf进行助力
助力结果{"code":2005,"data":{},"msg":"助力次数已用完"}
次数已用完，跳出助力


自己账号内部互助
账号 4 jd_46df9eaa780aa 开始给 780ac4bd-4f54-4932-a765-7d2449c9093f进行助力
助力结果{"code":2007,"data":{},"msg":"您已为此好友的助力过~"}
账号 4 jd_46df9eaa780aa 开始给 08582d48-9869-4411-8b8b-451e55a56ddc进行助力
助力结果{"code":2007,"data":{},"msg":"您已为此好友的助力过~"}
账号 4 jd_46df9eaa780aa 开始给 b9fcff06-2df0-4f3a-8147-8658292d0eaf进行助力
助力结果{"code":2007,"data":{},"msg":"您已为此好友的助力过~"}
账号 4 jd_46df9eaa780aa 开始给 b965766e-9342-4e15-8739-9222fc5bbeb5进行助力
助力结果{"code":2005,"data":{},"msg":"助力次数已用完"}
次数已用完，跳出助力


自己账号内部互助
账号 5 jd_67f63c904d8c6 开始给 780ac4bd-4f54-4932-a765-7d2449c9093f进行助力
助力结果{"code":2007,"data":{},"msg":"您已为此好友的助力过~"}
账号 5 jd_67f63c904d8c6 开始给 08582d48-9869-4411-8b8b-451e55a56ddc进行助力
助力结果{"code":2007,"data":{},"msg":"您已为此好友的助力过~"}
账号 5 jd_67f63c904d8c6 开始给 b9fcff06-2df0-4f3a-8147-8658292d0eaf进行助力
助力结果{"code":2007,"data":{},"msg":"您已为此好友的助力过~"}
账号 5 jd_67f63c904d8c6 开始给 b965766e-9342-4e15-8739-9222fc5bbeb5进行助力
助力结果{"code":2005,"data":{},"msg":"助力次数已用完"}
次数已用完，跳出助力

🔔5G超级盲盒, 结束! 🕛 63.327 秒

