
🔔5G超级盲盒, 开始!

====================共4个京东账号Cookie=========

==================脚本执行- 北京时间(UTC+8)：6/30/2021, 12:00:02 PM=====================

5G超级盲盒，可抽奖获得京豆，建议在凌晨0点时运行脚本，白天抽奖基本没有京豆，4小时运行一次收集热力值
活动地址: https://isp5g.m.jd.com
活动时间：2021-06-2到2021-07-31
更新时间：2021-06-3 12:00

******开始【京东账号1】15631692383_p*********

好友邀请码 {"code":200,"msg":"成功","data":"20b67a76-f7cc-44f8-9c8f-670a97b99d54"}

【京东账号1（15631692383_p）的5G超级盲盒好友互助码】20b67a76-f7cc-44f8-9c8f-670a97b99d54

此邀请码一天一变化，旧的不可用
成功领取1800热力值
精选好物任务已完成
精选好物任务已完成
精选好物任务已完成
精选好物任务已完成
精选好物任务已完成
精选好物任务已完成
精选好物任务已完成
精选好物任务已完成
精选好物任务已完成
精选好物任务已完成
精选好物任务已完成
精选好物任务已完成


----taskList的任务全部做完了---


分享好友助力 0/10


====抽奖结果====,{"id":"15631692383_p_ts_1625025607378","prizeId":"","pin":"15631692383_p","neckName":null,"type":"","name":"未中奖","img":"","beanNum":"","couponFullPrice":"","couponReducePrice":"","couponBeginTime":"","couponEndTime":"","status":"0","winTime":1625025607389,"winDateTime":"2021.06.30 12:00:07","xncode":null,"timeLine":null,"prizetimes":0,"showTimes":false,"skipLink":null,"scoreNum":null}
未中奖


******开始【京东账号2】Ycp_Dream*********

好友邀请码 {"code":5000,"data":{},"msg":"任务已过期"}
尝试多次运行脚本即可获取好友邀请码
成功领取1800热力值
商品 { code: 200, msg: '成功', data: 1 }
商品领取金币 { code: 200, msg: '成功', data: 1 }
商品 { code: 200, msg: '成功', data: 1 }
商品领取金币 { code: 200, msg: '成功', data: 1 }
商品 { code: 200, msg: '成功', data: 1 }
商品领取金币 { code: 200, msg: '成功', data: 1 }
商品 { code: 200, msg: '成功', data: 1 }
商品领取金币 { code: 200, msg: '成功', data: 1 }
商品 { code: 200, msg: '成功', data: 1 }
商品领取金币 { code: 200, msg: '成功', data: 1 }
商品 { code: 200, msg: '成功', data: 1 }
商品领取金币 { code: 200, msg: '成功', data: 1 }
商品 { code: 200, msg: '成功', data: 1 }
商品领取金币 { code: 200, msg: '成功', data: 1 }
商品 { code: 200, msg: '成功', data: 1 }
商品领取金币 { code: 200, msg: '成功', data: 1 }
商品 { code: 200, msg: '成功', data: 1 }
商品领取金币 { code: 200, msg: '成功', data: 1 }
商品 { code: 200, msg: '成功', data: 1 }
商品领取金币 { code: 200, msg: '成功', data: 1 }
商品 { code: 200, msg: '成功', data: 1 }
商品领取金币 { code: 200, msg: '成功', data: 1 }
商品 { code: 200, msg: '成功', data: 1 }
商品领取金币 { code: 200, msg: '成功', data: 1 }
请继续等待,正在做任务,不要退出哦
请继续等待,正在做任务,不要退出哦
请继续等待,正在做任务,不要退出哦
请继续等待,正在做任务,不要退出哦
请继续等待,正在做任务,不要退出哦
请继续等待,正在做任务,不要退出哦
请继续等待,正在做任务,不要退出哦
请继续等待,正在做任务,不要退出哦
请继续等待,正在做任务,不要退出哦
请继续等待,正在做任务,不要退出哦
请继续等待,正在做任务,不要退出哦
请继续等待,正在做任务,不要退出哦
请继续等待,正在做任务,不要退出哦
请继续等待,正在做任务,不要退出哦
请继续等待,正在做任务,不要退出哦
请继续等待,正在做任务,不要退出哦
请继续等待,正在做任务,不要退出哦
请继续等待,正在做任务,不要退出哦
请继续等待,正在做任务,不要退出哦
请继续等待,正在做任务,不要退出哦
请继续等待,正在做任务,不要退出哦
请继续等待,正在做任务,不要退出哦
请继续等待,正在做任务,不要退出哦
请继续等待,正在做任务,不要退出哦
请继续等待,正在做任务,不要退出哦
请继续等待,正在做任务,不要退出哦
请继续等待,正在做任务,不要退出哦
请继续等待,正在做任务,不要退出哦
请继续等待,正在做任务,不要退出哦
请继续等待,正在做任务,不要退出哦
请继续等待,正在做任务,不要退出哦
请继续等待,正在做任务,不要退出哦
请继续等待,正在做任务,不要退出哦
请继续等待,正在做任务,不要退出哦
请继续等待,正在做任务,不要退出哦
请继续等待,正在做任务,不要退出哦
请继续等待,正在做任务,不要退出哦
请继续等待,正在做任务,不要退出哦
请继续等待,正在做任务,不要退出哦
请继续等待,正在做任务,不要退出哦
请继续等待,正在做任务,不要退出哦
请继续等待,正在做任务,不要退出哦
请继续等待,正在做任务,不要退出哦
请继续等待,正在做任务,不要退出哦
请继续等待,正在做任务,不要退出哦
请继续等待,正在做任务,不要退出哦
请继续等待,正在做任务,不要退出哦
请继续等待,正在做任务,不要退出哦
请继续等待,正在做任务,不要退出哦
请继续等待,正在做任务,不要退出哦
请继续等待,正在做任务,不要退出哦
请继续等待,正在做任务,不要退出哦
请继续等待,正在做任务,不要退出哦
请继续等待,正在做任务,不要退出哦
请继续等待,正在做任务,不要退出哦
请继续等待,正在做任务,不要退出哦
请继续等待,正在做任务,不要退出哦
请继续等待,正在做任务,不要退出哦
请继续等待,正在做任务,不要退出哦
请继续等待,正在做任务,不要退出哦
请继续等待,正在做任务,不要退出哦
请继续等待,正在做任务,不要退出哦
请继续等待,正在做任务,不要退出哦
请继续等待,正在做任务,不要退出哦
请继续等待,正在做任务,不要退出哦
请继续等待,正在做任务,不要退出哦
请继续等待,正在做任务,不要退出哦
请继续等待,正在做任务,不要退出哦
请继续等待,正在做任务,不要退出哦
请继续等待,正在做任务,不要退出哦
请继续等待,正在做任务,不要退出哦
请继续等待,正在做任务,不要退出哦
请继续等待,正在做任务,不要退出哦
请继续等待,正在做任务,不要退出哦
请继续等待,正在做任务,不要退出哦
请继续等待,正在做任务,不要退出哦
请继续等待,正在做任务,不要退出哦
请继续等待,正在做任务,不要退出哦
请继续等待,正在做任务,不要退出哦
请继续等待,正在做任务,不要退出哦
请继续等待,正在做任务,不要退出哦
请继续等待,正在做任务,不要退出哦
请继续等待,正在做任务,不要退出哦
请继续等待,正在做任务,不要退出哦
请继续等待,正在做任务,不要退出哦
请继续等待,正在做任务,不要退出哦
请继续等待,正在做任务,不要退出哦
请继续等待,正在做任务,不要退出哦
请继续等待,正在做任务,不要退出哦
请继续等待,正在做任务,不要退出哦
请继续等待,正在做任务,不要退出哦
请继续等待,正在做任务,不要退出哦
请继续等待,正在做任务,不要退出哦
请继续等待,正在做任务,不要退出哦
请继续等待,正在做任务,不要退出哦
请继续等待,正在做任务,不要退出哦
请继续等待,正在做任务,不要退出哦
请继续等待,正在做任务,不要退出哦
请继续等待,正在做任务,不要退出哦
请继续等待,正在做任务,不要退出哦
请继续等待,正在做任务,不要退出哦
请继续等待,正在做任务,不要退出哦
请继续等待,正在做任务,不要退出哦
请继续等待,正在做任务,不要退出哦
请继续等待,正在做任务,不要退出哦
请继续等待,正在做任务,不要退出哦
请继续等待,正在做任务,不要退出哦
请继续等待,正在做任务,不要退出哦
请继续等待,正在做任务,不要退出哦
请继续等待,正在做任务,不要退出哦
请继续等待,正在做任务,不要退出哦
请继续等待,正在做任务,不要退出哦
请继续等待,正在做任务,不要退出哦
请继续等待,正在做任务,不要退出哦
请继续等待,正在做任务,不要退出哦
请继续等待,正在做任务,不要退出哦
请继续等待,正在做任务,不要退出哦
请继续等待,正在做任务,不要退出哦


----taskList的任务全部做完了---


分享好友助力 0/10


====抽奖结果====,{"id":"jd_74a8d71c978d9_ts_1625025894450","prizeId":"9999","pin":"jd_74a8d71c978d9","neckName":null,"type":"99","name":"未中奖","img":"","beanNum":"","couponFullPrice":"","couponReducePrice":"","couponBeginTime":"","couponEndTime":"","status":"0","winTime":1625025894451,"winDateTime":"2021.06.30 12:04:54","xncode":null,"timeLine":null,"prizetimes":0,"showTimes":false,"skipLink":null,"scoreNum":null}
未中奖

====抽奖结果====,{"id":"jd_74a8d71c978d9_ts_1625025896808","prizeId":"8001","pin":"jd_74a8d71c978d9","neckName":null,"type":"8","name":"腾讯大王卡专属游戏加速宝","img":"","beanNum":"","couponFullPrice":"","couponReducePrice":"","couponBeginTime":"","couponEndTime":"","status":"1","winTime":1625025896809,"winDateTime":"2021.06.30 12:04:56","xncode":null,"timeLine":null,"prizetimes":0,"showTimes":false,"skipLink":"https://item.jd.com/100019694876.html","scoreNum":null}
腾讯大王卡专属游戏加速宝

====抽奖结果====,{"id":"jd_74a8d71c978d9_ts_1625025898983","prizeId":"8002","pin":"jd_74a8d71c978d9","neckName":null,"type":"8","name":"移动激活送1.2万京豆","img":"","beanNum":"","couponFullPrice":"","couponReducePrice":"","couponBeginTime":"","couponEndTime":"","status":"1","winTime":1625025898985,"winDateTime":"2021.06.30 12:04:58","xncode":null,"timeLine":null,"prizetimes":0,"showTimes":false,"skipLink":"https://item.jd.com/100019694852.html","scoreNum":null}
移动激活送1.2万京豆

====抽奖结果====,{"id":"jd_74a8d71c978d9_ts_1625025901290","prizeId":"9999","pin":"jd_74a8d71c978d9","neckName":null,"type":"99","name":"未中奖","img":"","beanNum":"","couponFullPrice":"","couponReducePrice":"","couponBeginTime":"","couponEndTime":"","status":"0","winTime":1625025901296,"winDateTime":"2021.06.30 12:05:01","xncode":null,"timeLine":null,"prizetimes":0,"showTimes":false,"skipLink":null,"scoreNum":null}
未中奖

====抽奖结果====,{"id":"jd_74a8d71c978d9_ts_1625025903549","prizeId":"8001","pin":"jd_74a8d71c978d9","neckName":null,"type":"8","name":"腾讯大王卡专属游戏加速宝","img":"","beanNum":"","couponFullPrice":"","couponReducePrice":"","couponBeginTime":"","couponEndTime":"","status":"1","winTime":1625025903551,"winDateTime":"2021.06.30 12:05:03","xncode":null,"timeLine":null,"prizetimes":0,"showTimes":false,"skipLink":"https://item.jd.com/100019694876.html","scoreNum":null}
腾讯大王卡专属游戏加速宝

====抽奖结果====,{"id":"jd_74a8d71c978d9_ts_1625025905701","prizeId":"9999","pin":"jd_74a8d71c978d9","neckName":null,"type":"99","name":"未中奖","img":"","beanNum":"","couponFullPrice":"","couponReducePrice":"","couponBeginTime":"","couponEndTime":"","status":"0","winTime":1625025905703,"winDateTime":"2021.06.30 12:05:05","xncode":null,"timeLine":null,"prizetimes":0,"showTimes":false,"skipLink":null,"scoreNum":null}
未中奖

====抽奖结果====,{"id":"jd_74a8d71c978d9_ts_1625025907863","prizeId":"9999","pin":"jd_74a8d71c978d9","neckName":null,"type":"99","name":"未中奖","img":"","beanNum":"","couponFullPrice":"","couponReducePrice":"","couponBeginTime":"","couponEndTime":"","status":"0","winTime":1625025907864,"winDateTime":"2021.06.30 12:05:07","xncode":null,"timeLine":null,"prizetimes":0,"showTimes":false,"skipLink":null,"scoreNum":null}
未中奖


******开始【京东账号3】jd_585601a83bd48*********

好友邀请码 {"code":5000,"data":{},"msg":"任务已过期"}
尝试多次运行脚本即可获取好友邀请码
成功领取1800热力值
商品 { code: 200, msg: '成功', data: 1 }
商品领取金币 { code: 200, msg: '成功', data: 1 }
商品 { code: 200, msg: '成功', data: 1 }
商品领取金币 { code: 200, msg: '成功', data: 1 }
商品 { code: 200, msg: '成功', data: 1 }
商品领取金币 { code: 200, msg: '成功', data: 1 }
商品 { code: 200, msg: '成功', data: 1 }
商品领取金币 { code: 200, msg: '成功', data: 1 }
商品 { code: 200, msg: '成功', data: 1 }
商品领取金币 { code: 200, msg: '成功', data: 1 }
商品 { code: 200, msg: '成功', data: 1 }
商品领取金币 { code: 200, msg: '成功', data: 1 }
商品 { code: 200, msg: '成功', data: 1 }
商品领取金币 { code: 200, msg: '成功', data: 1 }
商品 { code: 200, msg: '成功', data: 1 }
商品领取金币 { code: 200, msg: '成功', data: 1 }
商品 { code: 200, msg: '成功', data: 1 }
商品领取金币 { code: 200, msg: '成功', data: 1 }
商品 { code: 200, msg: '成功', data: 1 }
商品领取金币 { code: 200, msg: '成功', data: 1 }
商品 { code: 200, msg: '成功', data: 1 }
商品领取金币 { code: 200, msg: '成功', data: 1 }
商品 { code: 200, msg: '成功', data: 1 }
商品领取金币 { code: 200, msg: '成功', data: 1 }
请继续等待,正在做任务,不要退出哦
请继续等待,正在做任务,不要退出哦
请继续等待,正在做任务,不要退出哦
请继续等待,正在做任务,不要退出哦
请继续等待,正在做任务,不要退出哦
请继续等待,正在做任务,不要退出哦
请继续等待,正在做任务,不要退出哦
请继续等待,正在做任务,不要退出哦
请继续等待,正在做任务,不要退出哦
请继续等待,正在做任务,不要退出哦
请继续等待,正在做任务,不要退出哦
请继续等待,正在做任务,不要退出哦
请继续等待,正在做任务,不要退出哦
请继续等待,正在做任务,不要退出哦
请继续等待,正在做任务,不要退出哦
请继续等待,正在做任务,不要退出哦
请继续等待,正在做任务,不要退出哦
请继续等待,正在做任务,不要退出哦
请继续等待,正在做任务,不要退出哦
请继续等待,正在做任务,不要退出哦
请继续等待,正在做任务,不要退出哦
请继续等待,正在做任务,不要退出哦
请继续等待,正在做任务,不要退出哦
请继续等待,正在做任务,不要退出哦
请继续等待,正在做任务,不要退出哦
请继续等待,正在做任务,不要退出哦
请继续等待,正在做任务,不要退出哦
请继续等待,正在做任务,不要退出哦
请继续等待,正在做任务,不要退出哦
请继续等待,正在做任务,不要退出哦
请继续等待,正在做任务,不要退出哦
请继续等待,正在做任务,不要退出哦
请继续等待,正在做任务,不要退出哦
请继续等待,正在做任务,不要退出哦
请继续等待,正在做任务,不要退出哦
请继续等待,正在做任务,不要退出哦
请继续等待,正在做任务,不要退出哦
请继续等待,正在做任务,不要退出哦
请继续等待,正在做任务,不要退出哦
请继续等待,正在做任务,不要退出哦
请继续等待,正在做任务,不要退出哦
请继续等待,正在做任务,不要退出哦
请继续等待,正在做任务,不要退出哦
请继续等待,正在做任务,不要退出哦
请继续等待,正在做任务,不要退出哦
请继续等待,正在做任务,不要退出哦
请继续等待,正在做任务,不要退出哦
请继续等待,正在做任务,不要退出哦
请继续等待,正在做任务,不要退出哦
请继续等待,正在做任务,不要退出哦
请继续等待,正在做任务,不要退出哦
请继续等待,正在做任务,不要退出哦
请继续等待,正在做任务,不要退出哦
请继续等待,正在做任务,不要退出哦
请继续等待,正在做任务,不要退出哦
请继续等待,正在做任务,不要退出哦
请继续等待,正在做任务,不要退出哦
请继续等待,正在做任务,不要退出哦
请继续等待,正在做任务,不要退出哦
请继续等待,正在做任务,不要退出哦
请继续等待,正在做任务,不要退出哦
请继续等待,正在做任务,不要退出哦
请继续等待,正在做任务,不要退出哦
请继续等待,正在做任务,不要退出哦
请继续等待,正在做任务,不要退出哦
请继续等待,正在做任务,不要退出哦
请继续等待,正在做任务,不要退出哦
请继续等待,正在做任务,不要退出哦
请继续等待,正在做任务,不要退出哦
请继续等待,正在做任务,不要退出哦
请继续等待,正在做任务,不要退出哦
请继续等待,正在做任务,不要退出哦
请继续等待,正在做任务,不要退出哦
请继续等待,正在做任务,不要退出哦
请继续等待,正在做任务,不要退出哦
请继续等待,正在做任务,不要退出哦
请继续等待,正在做任务,不要退出哦
请继续等待,正在做任务,不要退出哦
请继续等待,正在做任务,不要退出哦
请继续等待,正在做任务,不要退出哦
请继续等待,正在做任务,不要退出哦
请继续等待,正在做任务,不要退出哦
请继续等待,正在做任务,不要退出哦
请继续等待,正在做任务,不要退出哦
请继续等待,正在做任务,不要退出哦
请继续等待,正在做任务,不要退出哦
请继续等待,正在做任务,不要退出哦
请继续等待,正在做任务,不要退出哦
请继续等待,正在做任务,不要退出哦
请继续等待,正在做任务,不要退出哦
请继续等待,正在做任务,不要退出哦
请继续等待,正在做任务,不要退出哦
请继续等待,正在做任务,不要退出哦
请继续等待,正在做任务,不要退出哦
请继续等待,正在做任务,不要退出哦
请继续等待,正在做任务,不要退出哦
请继续等待,正在做任务,不要退出哦
请继续等待,正在做任务,不要退出哦
请继续等待,正在做任务,不要退出哦
请继续等待,正在做任务,不要退出哦
请继续等待,正在做任务,不要退出哦
请继续等待,正在做任务,不要退出哦
请继续等待,正在做任务,不要退出哦
请继续等待,正在做任务,不要退出哦
请继续等待,正在做任务,不要退出哦
请继续等待,正在做任务,不要退出哦
请继续等待,正在做任务,不要退出哦
请继续等待,正在做任务,不要退出哦
请继续等待,正在做任务,不要退出哦
请继续等待,正在做任务,不要退出哦
请继续等待,正在做任务,不要退出哦
请继续等待,正在做任务,不要退出哦
请继续等待,正在做任务,不要退出哦
请继续等待,正在做任务,不要退出哦
请继续等待,正在做任务,不要退出哦
请继续等待,正在做任务,不要退出哦
请继续等待,正在做任务,不要退出哦
请继续等待,正在做任务,不要退出哦
请继续等待,正在做任务,不要退出哦
请继续等待,正在做任务,不要退出哦
请继续等待,正在做任务,不要退出哦
请继续等待,正在做任务,不要退出哦
请继续等待,正在做任务,不要退出哦
请继续等待,正在做任务,不要退出哦
请继续等待,正在做任务,不要退出哦
请继续等待,正在做任务,不要退出哦
请继续等待,正在做任务,不要退出哦
请继续等待,正在做任务,不要退出哦
请继续等待,正在做任务,不要退出哦
请继续等待,正在做任务,不要退出哦
请继续等待,正在做任务,不要退出哦
请继续等待,正在做任务,不要退出哦
请继续等待,正在做任务,不要退出哦
请继续等待,正在做任务,不要退出哦
请继续等待,正在做任务,不要退出哦
请继续等待,正在做任务,不要退出哦
请继续等待,正在做任务,不要退出哦
请继续等待,正在做任务,不要退出哦
请继续等待,正在做任务,不要退出哦
请继续等待,正在做任务,不要退出哦
请继续等待,正在做任务,不要退出哦
请继续等待,正在做任务,不要退出哦
请继续等待,正在做任务,不要退出哦
请继续等待,正在做任务,不要退出哦


----taskList的任务全部做完了---


分享好友助力 0/10


====抽奖结果====,{"id":"chao4596758_ts_1625026164953","prizeId":"","pin":"chao4596758","neckName":null,"type":"","name":"未中奖","img":"","beanNum":"","couponFullPrice":"","couponReducePrice":"","couponBeginTime":"","couponEndTime":"","status":"0","winTime":1625026164954,"winDateTime":"2021.06.30 12:09:24","xncode":null,"timeLine":null,"prizetimes":0,"showTimes":false,"skipLink":null,"scoreNum":null}
未中奖

====抽奖结果====,{"id":"chao4596758_ts_1625026167162","prizeId":"8003","pin":"chao4596758","neckName":null,"type":"8","name":"电信全年420G视频会员","img":"","beanNum":"","couponFullPrice":"","couponReducePrice":"","couponBeginTime":"","couponEndTime":"","status":"1","winTime":1625026167163,"winDateTime":"2021.06.30 12:09:27","xncode":null,"timeLine":null,"prizetimes":0,"showTimes":false,"skipLink":"https://item.jd.com/100019694850.html","scoreNum":null}
电信全年420G视频会员

====抽奖结果====,{"id":"chao4596758_ts_1625026174347","prizeId":"","pin":"chao4596758","neckName":null,"type":"","name":"未中奖","img":"","beanNum":"","couponFullPrice":"","couponReducePrice":"","couponBeginTime":"","couponEndTime":"","status":"0","winTime":1625026174348,"winDateTime":"2021.06.30 12:09:34","xncode":null,"timeLine":null,"prizetimes":0,"showTimes":false,"skipLink":null,"scoreNum":null}
未中奖

====抽奖结果====,{"id":"chao4596758_ts_1625026176497","prizeId":"9999","pin":"chao4596758","neckName":null,"type":"99","name":"未中奖","img":"","beanNum":"","couponFullPrice":"","couponReducePrice":"","couponBeginTime":"","couponEndTime":"","status":"0","winTime":1625026176498,"winDateTime":"2021.06.30 12:09:36","xncode":null,"timeLine":null,"prizetimes":0,"showTimes":false,"skipLink":null,"scoreNum":null}
未中奖

====抽奖结果====,{"id":"chao4596758_ts_1625026178649","prizeId":"8003","pin":"chao4596758","neckName":null,"type":"8","name":"电信全年420G视频会员","img":"","beanNum":"","couponFullPrice":"","couponReducePrice":"","couponBeginTime":"","couponEndTime":"","status":"1","winTime":1625026178650,"winDateTime":"2021.06.30 12:09:38","xncode":null,"timeLine":null,"prizetimes":0,"showTimes":false,"skipLink":"https://item.jd.com/100019694850.html","scoreNum":null}
电信全年420G视频会员

====抽奖结果====,{"id":"chao4596758_ts_1625026180817","prizeId":"8001","pin":"chao4596758","neckName":null,"type":"8","name":"腾讯大王卡专属游戏加速宝","img":"","beanNum":"","couponFullPrice":"","couponReducePrice":"","couponBeginTime":"","couponEndTime":"","status":"1","winTime":1625026180819,"winDateTime":"2021.06.30 12:09:40","xncode":null,"timeLine":null,"prizetimes":0,"showTimes":false,"skipLink":"https://item.jd.com/100019694876.html","scoreNum":null}
腾讯大王卡专属游戏加速宝


******开始【京东账号4】jd_157332ewky*********

好友邀请码 {"code":5000,"data":{},"msg":"任务已过期"}
尝试多次运行脚本即可获取好友邀请码
成功领取1800热力值
商品 { code: 200, msg: '成功', data: 1 }
商品领取金币 { code: 200, msg: '成功', data: 1 }
商品 { code: 200, msg: '成功', data: 1 }
商品领取金币 { code: 200, msg: '成功', data: 1 }
商品 { code: 200, msg: '成功', data: 1 }
商品领取金币 { code: 200, msg: '成功', data: 1 }
商品 { code: 200, msg: '成功', data: 1 }
商品领取金币 { code: 200, msg: '成功', data: 1 }
商品 { code: 200, msg: '成功', data: 1 }
商品领取金币 { code: 200, msg: '成功', data: 1 }
商品 { code: 200, msg: '成功', data: 1 }
商品领取金币 { code: 200, msg: '成功', data: 1 }
商品 { code: 200, msg: '成功', data: 1 }
商品领取金币 { code: 200, msg: '成功', data: 1 }
商品 { code: 200, msg: '成功', data: 1 }
商品领取金币 { code: 200, msg: '成功', data: 1 }
商品 { code: 200, msg: '成功', data: 1 }
商品领取金币 { code: 200, msg: '成功', data: 1 }
商品 { code: 200, msg: '成功', data: 1 }
商品领取金币 { code: 200, msg: '成功', data: 1 }
商品 { code: 200, msg: '成功', data: 1 }
商品领取金币 { code: 200, msg: '成功', data: 1 }
商品 { code: 200, msg: '成功', data: 1 }
商品领取金币 { code: 200, msg: '成功', data: 1 }
请继续等待,正在做任务,不要退出哦
请继续等待,正在做任务,不要退出哦
请继续等待,正在做任务,不要退出哦
请继续等待,正在做任务,不要退出哦
请继续等待,正在做任务,不要退出哦
请继续等待,正在做任务,不要退出哦
请继续等待,正在做任务,不要退出哦
请继续等待,正在做任务,不要退出哦
请继续等待,正在做任务,不要退出哦
请继续等待,正在做任务,不要退出哦
请继续等待,正在做任务,不要退出哦
请继续等待,正在做任务,不要退出哦
请继续等待,正在做任务,不要退出哦
请继续等待,正在做任务,不要退出哦
请继续等待,正在做任务,不要退出哦
请继续等待,正在做任务,不要退出哦
请继续等待,正在做任务,不要退出哦
请继续等待,正在做任务,不要退出哦
请继续等待,正在做任务,不要退出哦
请继续等待,正在做任务,不要退出哦
请继续等待,正在做任务,不要退出哦
请继续等待,正在做任务,不要退出哦
请继续等待,正在做任务,不要退出哦
请继续等待,正在做任务,不要退出哦
请继续等待,正在做任务,不要退出哦
请继续等待,正在做任务,不要退出哦
请继续等待,正在做任务,不要退出哦
请继续等待,正在做任务,不要退出哦
请继续等待,正在做任务,不要退出哦
请继续等待,正在做任务,不要退出哦
请继续等待,正在做任务,不要退出哦
请继续等待,正在做任务,不要退出哦
请继续等待,正在做任务,不要退出哦
请继续等待,正在做任务,不要退出哦
请继续等待,正在做任务,不要退出哦
请继续等待,正在做任务,不要退出哦
请继续等待,正在做任务,不要退出哦
请继续等待,正在做任务,不要退出哦
请继续等待,正在做任务,不要退出哦
请继续等待,正在做任务,不要退出哦
请继续等待,正在做任务,不要退出哦
请继续等待,正在做任务,不要退出哦
请继续等待,正在做任务,不要退出哦
请继续等待,正在做任务,不要退出哦
请继续等待,正在做任务,不要退出哦
请继续等待,正在做任务,不要退出哦
请继续等待,正在做任务,不要退出哦
请继续等待,正在做任务,不要退出哦
请继续等待,正在做任务,不要退出哦
请继续等待,正在做任务,不要退出哦
请继续等待,正在做任务,不要退出哦
请继续等待,正在做任务,不要退出哦
请继续等待,正在做任务,不要退出哦
请继续等待,正在做任务,不要退出哦
请继续等待,正在做任务,不要退出哦
请继续等待,正在做任务,不要退出哦
请继续等待,正在做任务,不要退出哦
请继续等待,正在做任务,不要退出哦
请继续等待,正在做任务,不要退出哦
请继续等待,正在做任务,不要退出哦
请继续等待,正在做任务,不要退出哦
请继续等待,正在做任务,不要退出哦
请继续等待,正在做任务,不要退出哦
请继续等待,正在做任务,不要退出哦
请继续等待,正在做任务,不要退出哦
请继续等待,正在做任务,不要退出哦
请继续等待,正在做任务,不要退出哦
请继续等待,正在做任务,不要退出哦
请继续等待,正在做任务,不要退出哦
请继续等待,正在做任务,不要退出哦
请继续等待,正在做任务,不要退出哦
请继续等待,正在做任务,不要退出哦
请继续等待,正在做任务,不要退出哦
请继续等待,正在做任务,不要退出哦
请继续等待,正在做任务,不要退出哦
请继续等待,正在做任务,不要退出哦
请继续等待,正在做任务,不要退出哦
请继续等待,正在做任务,不要退出哦
请继续等待,正在做任务,不要退出哦
请继续等待,正在做任务,不要退出哦
请继续等待,正在做任务,不要退出哦
请继续等待,正在做任务,不要退出哦
请继续等待,正在做任务,不要退出哦
请继续等待,正在做任务,不要退出哦
请继续等待,正在做任务,不要退出哦
请继续等待,正在做任务,不要退出哦
请继续等待,正在做任务,不要退出哦
请继续等待,正在做任务,不要退出哦
请继续等待,正在做任务,不要退出哦
请继续等待,正在做任务,不要退出哦
请继续等待,正在做任务,不要退出哦
请继续等待,正在做任务,不要退出哦
请继续等待,正在做任务,不要退出哦
请继续等待,正在做任务,不要退出哦
请继续等待,正在做任务,不要退出哦
请继续等待,正在做任务,不要退出哦
请继续等待,正在做任务,不要退出哦
请继续等待,正在做任务,不要退出哦
请继续等待,正在做任务,不要退出哦
请继续等待,正在做任务,不要退出哦
请继续等待,正在做任务,不要退出哦
请继续等待,正在做任务,不要退出哦
请继续等待,正在做任务,不要退出哦
请继续等待,正在做任务,不要退出哦
请继续等待,正在做任务,不要退出哦
请继续等待,正在做任务,不要退出哦
请继续等待,正在做任务,不要退出哦
请继续等待,正在做任务,不要退出哦
请继续等待,正在做任务,不要退出哦
请继续等待,正在做任务,不要退出哦
请继续等待,正在做任务,不要退出哦
请继续等待,正在做任务,不要退出哦
请继续等待,正在做任务,不要退出哦
请继续等待,正在做任务,不要退出哦
请继续等待,正在做任务,不要退出哦
请继续等待,正在做任务,不要退出哦
请继续等待,正在做任务,不要退出哦
请继续等待,正在做任务,不要退出哦


----taskList的任务全部做完了---


分享好友助力 0/10


====抽奖结果====,{"id":"jd_46df9eaa780aa_ts_1625026441385","prizeId":"8001","pin":"jd_46df9eaa780aa","neckName":null,"type":"8","name":"腾讯大王卡专属游戏加速宝","img":"","beanNum":"","couponFullPrice":"","couponReducePrice":"","couponBeginTime":"","couponEndTime":"","status":"1","winTime":1625026441386,"winDateTime":"2021.06.30 12:14:01","xncode":null,"timeLine":null,"prizetimes":0,"showTimes":false,"skipLink":"https://item.jd.com/100019694876.html","scoreNum":null}
腾讯大王卡专属游戏加速宝

====抽奖结果====,{"id":"jd_46df9eaa780aa_ts_1625026443549","prizeId":"8002","pin":"jd_46df9eaa780aa","neckName":null,"type":"8","name":"移动激活送1.2万京豆","img":"","beanNum":"","couponFullPrice":"","couponReducePrice":"","couponBeginTime":"","couponEndTime":"","status":"1","winTime":1625026443550,"winDateTime":"2021.06.30 12:14:03","xncode":null,"timeLine":null,"prizetimes":0,"showTimes":false,"skipLink":"https://item.jd.com/100019694852.html","scoreNum":null}
移动激活送1.2万京豆

====抽奖结果====,{"id":"jd_46df9eaa780aa_ts_1625026445699","prizeId":"8003","pin":"jd_46df9eaa780aa","neckName":null,"type":"8","name":"电信全年420G视频会员","img":"","beanNum":"","couponFullPrice":"","couponReducePrice":"","couponBeginTime":"","couponEndTime":"","status":"1","winTime":1625026445701,"winDateTime":"2021.06.30 12:14:05","xncode":null,"timeLine":null,"prizetimes":0,"showTimes":false,"skipLink":"https://item.jd.com/100019694850.html","scoreNum":null}
电信全年420G视频会员

====抽奖结果====,{"id":"jd_46df9eaa780aa_ts_1625026452811","prizeId":"","pin":"jd_46df9eaa780aa","neckName":null,"type":"","name":"未中奖","img":"","beanNum":"","couponFullPrice":"","couponReducePrice":"","couponBeginTime":"","couponEndTime":"","status":"0","winTime":1625026452818,"winDateTime":"2021.06.30 12:14:12","xncode":null,"timeLine":null,"prizetimes":0,"showTimes":false,"skipLink":null,"scoreNum":null}
未中奖

====抽奖结果====,{"id":"jd_46df9eaa780aa_ts_1625026454964","prizeId":"8004","pin":"jd_46df9eaa780aa","neckName":null,"type":"8","name":"电信全年360G专属大流量","img":"","beanNum":"","couponFullPrice":"","couponReducePrice":"","couponBeginTime":"","couponEndTime":"","status":"1","winTime":1625026454966,"winDateTime":"2021.06.30 12:14:14","xncode":null,"timeLine":null,"prizetimes":0,"showTimes":false,"skipLink":"https://item.jd.com/100010779451.html","scoreNum":null}
电信全年360G专属大流量

====抽奖结果====,{"id":"jd_46df9eaa780aa_ts_1625026457124","prizeId":"8003","pin":"jd_46df9eaa780aa","neckName":null,"type":"8","name":"电信全年420G视频会员","img":"","beanNum":"","couponFullPrice":"","couponReducePrice":"","couponBeginTime":"","couponEndTime":"","status":"1","winTime":1625026457126,"winDateTime":"2021.06.30 12:14:17","xncode":null,"timeLine":null,"prizetimes":0,"showTimes":false,"skipLink":"https://item.jd.com/100019694850.html","scoreNum":null}
电信全年420G视频会员



自己账号内部互助
账号 1 15631692383_p 开始给 20b67a76-f7cc-44f8-9c8f-670a97b99d54进行助力
助力结果{"code":2005,"data":{},"msg":"助力次数已用完"}
次数已用完，跳出助力


自己账号内部互助
账号 2 jd_74a8d71c978d9 开始给 20b67a76-f7cc-44f8-9c8f-670a97b99d54进行助力
助力结果{"code":200,"msg":"成功","data":"Ymh__Sirius"}

助力好友 【Ymh__Sirius】 成功

账号 2 jd_74a8d71c978d9 开始给 b75e8300-64ed-47fd-9af0-45a22c259424进行助力
助力结果{"code":5004,"data":{},"msg":"助力已过期"}
账号 2 jd_74a8d71c978d9 开始给 d791477e-4aa7-4494-b685-2f46858a77db进行助力
助力结果{"code":5004,"data":{},"msg":"助力已过期"}
账号 2 jd_74a8d71c978d9 开始给 ae9ce5b4-d731-4f39-a1c4-930e0dd0afd6进行助力
助力结果{"code":5004,"data":{},"msg":"助力已过期"}
账号 2 jd_74a8d71c978d9 开始给 d91225c9-f220-44d6-9a13-aaf1169fc2fb进行助力
助力结果{"code":5004,"data":{},"msg":"助力已过期"}
账号 2 jd_74a8d71c978d9 开始给 17ece5c5-61d5-4dea-9136-ab7596ce358b进行助力
助力结果{"code":5004,"data":{},"msg":"助力已过期"}
账号 2 jd_74a8d71c978d9 开始给 3a345012-7d82-4c2f-9032-9c823d1afe08进行助力
助力结果{"code":5004,"data":{},"msg":"助力已过期"}
账号 2 jd_74a8d71c978d9 开始给 c95bfb81-953b-4b04-8c4b-d8d8fe2d30c5进行助力
助力结果{"code":5004,"data":{},"msg":"助力已过期"}
账号 2 jd_74a8d71c978d9 开始给 98bab1b9-6883-4b79-844c-aaa199a63cc5进行助力
助力结果{"code":5004,"data":{},"msg":"助力已过期"}
账号 2 jd_74a8d71c978d9 开始给 c2d67b52-bbcd-418c-a2ea-869695d32e27进行助力
助力结果{"code":5004,"data":{},"msg":"助力已过期"}
账号 2 jd_74a8d71c978d9 开始给 5cd6e9c2-4674-47b0-a8da-3199588ccd1e进行助力
助力结果{"code":5004,"data":{},"msg":"助力已过期"}
账号 2 jd_74a8d71c978d9 开始给 8446de47-5e14-4648-9a8a-61ae48c1c5b9进行助力
助力结果{"code":5004,"data":{},"msg":"助力已过期"}
账号 2 jd_74a8d71c978d9 开始给 6afceebd-4583-4b52-b098-73c28a503e4f进行助力
助力结果{"code":5004,"data":{},"msg":"助力已过期"}
账号 2 jd_74a8d71c978d9 开始给 f2ed0074-09f1-48f2-8b9a-abbc0730f975进行助力
助力结果{"code":5004,"data":{},"msg":"助力已过期"}
账号 2 jd_74a8d71c978d9 开始给 22f4feec-9dcd-44d4-b7d6-820f182d8c54进行助力
助力结果{"code":5004,"data":{},"msg":"助力已过期"}
账号 2 jd_74a8d71c978d9 开始给 754eb807-a621-4f53-9ce1-a11abfe28c02进行助力
助力结果{"code":5004,"data":{},"msg":"助力已过期"}
账号 2 jd_74a8d71c978d9 开始给 c8914573-9dce-4269-9c11-33146f87b812进行助力
助力结果{"code":5004,"data":{},"msg":"助力已过期"}
账号 2 jd_74a8d71c978d9 开始给 b5831bc8-678d-40e2-9a33-27c39340221d进行助力
助力结果{"code":5004,"data":{},"msg":"助力已过期"}
账号 2 jd_74a8d71c978d9 开始给 782720a9-a980-49b1-b55f-325dc673d0fc进行助力
助力结果{"code":5004,"data":{},"msg":"助力已过期"}
账号 2 jd_74a8d71c978d9 开始给 afcaa121-2f9f-45b7-858d-1b07465e72da进行助力
助力结果{"code":5004,"data":{},"msg":"助力已过期"}
账号 2 jd_74a8d71c978d9 开始给 3483617a-c2ab-4169-9119-3c9df5a51c14进行助力
助力结果{"code":5004,"data":{},"msg":"助力已过期"}
账号 2 jd_74a8d71c978d9 开始给 0caf0390-d608-42c6-b193-e24361989b05进行助力
助力结果{"code":5004,"data":{},"msg":"助力已过期"}
账号 2 jd_74a8d71c978d9 开始给 86a4ab74-7a9d-4305-ab4a-6ee2b6d01c65进行助力
助力结果{"code":5004,"data":{},"msg":"助力已过期"}
账号 2 jd_74a8d71c978d9 开始给 257bd1e9-8dd5-4697-b225-70712d5d3116进行助力
助力结果{"code":5004,"data":{},"msg":"助力已过期"}
账号 2 jd_74a8d71c978d9 开始给 d4c55eb8-eee7-448d-ba59-c1f2080088f9进行助力
助力结果{"code":5004,"data":{},"msg":"助力已过期"}
账号 2 jd_74a8d71c978d9 开始给 b507179d-cbea-4172-94e1-77c18dd07af8进行助力
助力结果{"code":5004,"data":{},"msg":"助力已过期"}
账号 2 jd_74a8d71c978d9 开始给 7e655717-5a5e-4a81-ad4d-edef4f09e13c进行助力
助力结果{"code":5004,"data":{},"msg":"助力已过期"}


自己账号内部互助
账号 3 chao4596758 开始给 20b67a76-f7cc-44f8-9c8f-670a97b99d54进行助力
助力结果{"code":200,"msg":"成功","data":"Ymh__Sirius"}

助力好友 【Ymh__Sirius】 成功

账号 3 chao4596758 开始给 b75e8300-64ed-47fd-9af0-45a22c259424进行助力
助力结果{"code":5004,"data":{},"msg":"助力已过期"}
账号 3 chao4596758 开始给 d791477e-4aa7-4494-b685-2f46858a77db进行助力
助力结果{"code":5004,"data":{},"msg":"助力已过期"}
账号 3 chao4596758 开始给 ae9ce5b4-d731-4f39-a1c4-930e0dd0afd6进行助力
助力结果{"code":5004,"data":{},"msg":"助力已过期"}
账号 3 chao4596758 开始给 d91225c9-f220-44d6-9a13-aaf1169fc2fb进行助力
助力结果{"code":5004,"data":{},"msg":"助力已过期"}
账号 3 chao4596758 开始给 17ece5c5-61d5-4dea-9136-ab7596ce358b进行助力
助力结果{"code":5004,"data":{},"msg":"助力已过期"}
账号 3 chao4596758 开始给 3a345012-7d82-4c2f-9032-9c823d1afe08进行助力
助力结果{"code":5004,"data":{},"msg":"助力已过期"}
账号 3 chao4596758 开始给 c95bfb81-953b-4b04-8c4b-d8d8fe2d30c5进行助力
助力结果{"code":5004,"data":{},"msg":"助力已过期"}
账号 3 chao4596758 开始给 98bab1b9-6883-4b79-844c-aaa199a63cc5进行助力
助力结果{"code":5004,"data":{},"msg":"助力已过期"}
账号 3 chao4596758 开始给 c2d67b52-bbcd-418c-a2ea-869695d32e27进行助力
助力结果{"code":5004,"data":{},"msg":"助力已过期"}
账号 3 chao4596758 开始给 5cd6e9c2-4674-47b0-a8da-3199588ccd1e进行助力
助力结果{"code":5004,"data":{},"msg":"助力已过期"}
账号 3 chao4596758 开始给 8446de47-5e14-4648-9a8a-61ae48c1c5b9进行助力
助力结果{"code":5004,"data":{},"msg":"助力已过期"}
账号 3 chao4596758 开始给 6afceebd-4583-4b52-b098-73c28a503e4f进行助力
助力结果{"code":5004,"data":{},"msg":"助力已过期"}
账号 3 chao4596758 开始给 f2ed0074-09f1-48f2-8b9a-abbc0730f975进行助力
助力结果{"code":5004,"data":{},"msg":"助力已过期"}
账号 3 chao4596758 开始给 22f4feec-9dcd-44d4-b7d6-820f182d8c54进行助力
助力结果{"code":5004,"data":{},"msg":"助力已过期"}
账号 3 chao4596758 开始给 754eb807-a621-4f53-9ce1-a11abfe28c02进行助力
助力结果{"code":5004,"data":{},"msg":"助力已过期"}
账号 3 chao4596758 开始给 c8914573-9dce-4269-9c11-33146f87b812进行助力
助力结果{"code":5004,"data":{},"msg":"助力已过期"}
账号 3 chao4596758 开始给 b5831bc8-678d-40e2-9a33-27c39340221d进行助力
助力结果{"code":5004,"data":{},"msg":"助力已过期"}
账号 3 chao4596758 开始给 782720a9-a980-49b1-b55f-325dc673d0fc进行助力
助力结果{"code":5004,"data":{},"msg":"助力已过期"}
账号 3 chao4596758 开始给 afcaa121-2f9f-45b7-858d-1b07465e72da进行助力
助力结果{"code":5004,"data":{},"msg":"助力已过期"}
账号 3 chao4596758 开始给 3483617a-c2ab-4169-9119-3c9df5a51c14进行助力
助力结果{"code":5004,"data":{},"msg":"助力已过期"}
账号 3 chao4596758 开始给 0caf0390-d608-42c6-b193-e24361989b05进行助力
助力结果{"code":5004,"data":{},"msg":"助力已过期"}
账号 3 chao4596758 开始给 86a4ab74-7a9d-4305-ab4a-6ee2b6d01c65进行助力
助力结果{"code":5004,"data":{},"msg":"助力已过期"}
账号 3 chao4596758 开始给 257bd1e9-8dd5-4697-b225-70712d5d3116进行助力
助力结果{"code":5004,"data":{},"msg":"助力已过期"}
账号 3 chao4596758 开始给 d4c55eb8-eee7-448d-ba59-c1f2080088f9进行助力
助力结果{"code":5004,"data":{},"msg":"助力已过期"}
账号 3 chao4596758 开始给 b507179d-cbea-4172-94e1-77c18dd07af8进行助力
助力结果{"code":5004,"data":{},"msg":"助力已过期"}
账号 3 chao4596758 开始给 7e655717-5a5e-4a81-ad4d-edef4f09e13c进行助力
助力结果{"code":5004,"data":{},"msg":"助力已过期"}


自己账号内部互助
账号 4 jd_46df9eaa780aa 开始给 20b67a76-f7cc-44f8-9c8f-670a97b99d54进行助力
助力结果{"code":200,"msg":"成功","data":"Ymh__Sirius"}

助力好友 【Ymh__Sirius】 成功

账号 4 jd_46df9eaa780aa 开始给 b75e8300-64ed-47fd-9af0-45a22c259424进行助力
助力结果{"code":5004,"data":{},"msg":"助力已过期"}
账号 4 jd_46df9eaa780aa 开始给 d791477e-4aa7-4494-b685-2f46858a77db进行助力
助力结果{"code":5004,"data":{},"msg":"助力已过期"}
账号 4 jd_46df9eaa780aa 开始给 ae9ce5b4-d731-4f39-a1c4-930e0dd0afd6进行助力
助力结果{"code":5004,"data":{},"msg":"助力已过期"}
账号 4 jd_46df9eaa780aa 开始给 d91225c9-f220-44d6-9a13-aaf1169fc2fb进行助力
助力结果{"code":5004,"data":{},"msg":"助力已过期"}
账号 4 jd_46df9eaa780aa 开始给 17ece5c5-61d5-4dea-9136-ab7596ce358b进行助力
助力结果{"code":5004,"data":{},"msg":"助力已过期"}
账号 4 jd_46df9eaa780aa 开始给 3a345012-7d82-4c2f-9032-9c823d1afe08进行助力
助力结果{"code":5004,"data":{},"msg":"助力已过期"}
账号 4 jd_46df9eaa780aa 开始给 c95bfb81-953b-4b04-8c4b-d8d8fe2d30c5进行助力
助力结果{"code":5004,"data":{},"msg":"助力已过期"}
账号 4 jd_46df9eaa780aa 开始给 98bab1b9-6883-4b79-844c-aaa199a63cc5进行助力
助力结果{"code":5004,"data":{},"msg":"助力已过期"}
账号 4 jd_46df9eaa780aa 开始给 c2d67b52-bbcd-418c-a2ea-869695d32e27进行助力
助力结果{"code":5004,"data":{},"msg":"助力已过期"}
账号 4 jd_46df9eaa780aa 开始给 5cd6e9c2-4674-47b0-a8da-3199588ccd1e进行助力
助力结果{"code":5004,"data":{},"msg":"助力已过期"}
账号 4 jd_46df9eaa780aa 开始给 8446de47-5e14-4648-9a8a-61ae48c1c5b9进行助力
助力结果{"code":5004,"data":{},"msg":"助力已过期"}
账号 4 jd_46df9eaa780aa 开始给 6afceebd-4583-4b52-b098-73c28a503e4f进行助力
助力结果{"code":5004,"data":{},"msg":"助力已过期"}
账号 4 jd_46df9eaa780aa 开始给 f2ed0074-09f1-48f2-8b9a-abbc0730f975进行助力
助力结果{"code":5004,"data":{},"msg":"助力已过期"}
账号 4 jd_46df9eaa780aa 开始给 22f4feec-9dcd-44d4-b7d6-820f182d8c54进行助力
助力结果{"code":5004,"data":{},"msg":"助力已过期"}
账号 4 jd_46df9eaa780aa 开始给 754eb807-a621-4f53-9ce1-a11abfe28c02进行助力
助力结果{"code":5004,"data":{},"msg":"助力已过期"}
账号 4 jd_46df9eaa780aa 开始给 c8914573-9dce-4269-9c11-33146f87b812进行助力
助力结果{"code":5004,"data":{},"msg":"助力已过期"}
账号 4 jd_46df9eaa780aa 开始给 b5831bc8-678d-40e2-9a33-27c39340221d进行助力
助力结果{"code":5004,"data":{},"msg":"助力已过期"}
账号 4 jd_46df9eaa780aa 开始给 782720a9-a980-49b1-b55f-325dc673d0fc进行助力
助力结果{"code":5004,"data":{},"msg":"助力已过期"}
账号 4 jd_46df9eaa780aa 开始给 afcaa121-2f9f-45b7-858d-1b07465e72da进行助力
助力结果{"code":5004,"data":{},"msg":"助力已过期"}
账号 4 jd_46df9eaa780aa 开始给 3483617a-c2ab-4169-9119-3c9df5a51c14进行助力
助力结果{"code":5004,"data":{},"msg":"助力已过期"}
账号 4 jd_46df9eaa780aa 开始给 0caf0390-d608-42c6-b193-e24361989b05进行助力
助力结果{"code":5004,"data":{},"msg":"助力已过期"}
账号 4 jd_46df9eaa780aa 开始给 86a4ab74-7a9d-4305-ab4a-6ee2b6d01c65进行助力
助力结果{"code":5004,"data":{},"msg":"助力已过期"}
账号 4 jd_46df9eaa780aa 开始给 257bd1e9-8dd5-4697-b225-70712d5d3116进行助力
助力结果{"code":5004,"data":{},"msg":"助力已过期"}
账号 4 jd_46df9eaa780aa 开始给 d4c55eb8-eee7-448d-ba59-c1f2080088f9进行助力
助力结果{"code":5004,"data":{},"msg":"助力已过期"}
账号 4 jd_46df9eaa780aa 开始给 b507179d-cbea-4172-94e1-77c18dd07af8进行助力
助力结果{"code":5004,"data":{},"msg":"助力已过期"}
账号 4 jd_46df9eaa780aa 开始给 7e655717-5a5e-4a81-ad4d-edef4f09e13c进行助力
助力结果{"code":5004,"data":{},"msg":"助力已过期"}

🔔5G超级盲盒, 结束! 🕛 894.579 秒

