
🔔东东工厂, 开始!

====================共2个京东账号Cookie=========

==================脚本执行- 北京时间(UTC+8)：7/10/2021, 9:29:30 AM=====================

开始获取东东工厂配置文件

您的互助码选择的是用&隔开

共2个京东账号

您提供了0个账号的东东工厂助力码

"Timeout awaiting 'request' for 10000ms"
东东工厂 API请求失败，请检查网路重试

******开始【京东账号1】15631692383_p*********

由于您第1个京东账号未提供shareCode,将采纳本脚本自带的助力码

开始
第1个京东账号将要助力的好友["P04z54XCjVWnYaS5u2ak7ZCdan1Bdd2GGiWvC6_uERj"]
"Timeout awaiting 'request' for 10000ms"
东东工厂 API请求失败，请检查网路重试
{"code":0,"data":{"bizCode":105,"bizMsg":"不在任务执行时间范围内","success":false},"msg":"调用成功"}
"Timeout awaiting 'request' for 10000ms"
东东工厂 API请求失败，请检查网路重试
成功收集15电量，当前蓄电池总电量：289086


【京东账号1（15631692383_p）的东东工厂好友互助码】T018v_h1Qx8f_FbUKBmb1ACjVWnYaS5kRrbA

每日开工打卡已完成
准备做此任务：好友助力
去京东首页点击“京东电器”已完成
关注店铺已做完
此任务：开通康佳品牌会员，跳过
每日10-13点巡厂 任务已错过时间
逛互动得电量已做完

已选商品：艾美特空调扇制冷冷风扇
当前已投入电量/所需电量：1500000/7880000
已选商品剩余量：43
当前总电量：1789086
当前完成度：23%

BoxJs或环境变量暂未提供心仪商品
如需兑换心仪商品，请提供心仪商品名称，否则满足条件后会为您兑换当前所选商品：艾美特空调扇制冷冷风扇


所选商品艾美特空调扇制冷冷风扇目前数量：43，且当前总电量为：1789086，【不满足】兑换此商品所需总电量：7880000
故不一次性投入电力，一直放到蓄电池累计

京东账号1 
已选商品：艾美特空调扇制冷冷风扇
当前已投入电量/所需电量：1500000/7880000
已选商品剩余量：43
当前总电量：1789086
当前完成度：23%

"Timeout awaiting 'request' for 10000ms"
东东工厂 API请求失败，请检查网路重试

******开始【京东账号2】jd_74a8d71c978d9*********

由于您第2个京东账号未提供shareCode,将采纳本脚本自带的助力码

开始
第2个京东账号将要助力的好友["P04z54XCjVWnYaS5m9cZ2ariXVJwHf0bgkG7Uo"]
"Timeout awaiting 'request' for 10000ms"
东东工厂 API请求失败，请检查网路重试
"Timeout awaiting 'request' for 10000ms"
东东工厂 API请求失败，请检查网路重试

❗️东东工厂, 错误!
TypeError: Cannot read property 'code' of undefined
    at helpFriends (/opt/jd/scripts/jd_jdfactory.js:247:17)
    at processTicksAndRejections (internal/process/task_queues.js:93:5)
    at async jdFactory (/opt/jd/scripts/jd_jdfactory.js:87:5)
    at async /opt/jd/scripts/jd_jdfactory.js:74:7

🔔东东工厂, 结束! 🕛 89.249 秒

"Timeout awaiting 'request' for 10000ms"
东东工厂 API请求失败，请检查网路重试
