
🔔东东工厂, 开始!

====================共4个京东账号Cookie=========

==================脚本执行- 北京时间(UTC+8)：7/9/2021, 8:26:20 PM=====================

开始获取东东工厂配置文件

您的互助码选择的是用&隔开

共4个京东账号

您提供了0个账号的东东工厂助力码


******开始【京东账号1】15631692383_p*********

由于您第1个京东账号未提供shareCode,将采纳本脚本自带的助力码

开始
"Response code 530 (undefined)"
东东工厂 API请求失败，请检查网路重试
第1个京东账号将要助力的好友["P04z54XCjVWnYaS5u2ak7ZCdan1Bdd2GGiWvC6_uERj"]
{"code":0,"data":{"bizCode":105,"bizMsg":"不在任务执行时间范围内","success":false},"msg":"调用成功"}
成功收集352电量，当前蓄电池总电量：256192


【京东账号1（15631692383_p）的东东工厂好友互助码】T018v_h1Qx8f_FbUKBmb1ACjVWnYaS5kRrbA

每日开工打卡已完成
准备做此任务：好友助力
去京东首页点击“京东电器”已完成
关注店铺已做完
此任务：开通亚太森博品牌会员，跳过
每日10-13点巡厂已完成
逛互动得电量已做完

已选商品：艾美特空调扇制冷冷风扇
当前已投入电量/所需电量：1500000/7880000
已选商品剩余量：43
当前总电量：1756192
当前完成度：22%

BoxJs或环境变量暂未提供心仪商品
如需兑换心仪商品，请提供心仪商品名称，否则满足条件后会为您兑换当前所选商品：艾美特空调扇制冷冷风扇


所选商品艾美特空调扇制冷冷风扇目前数量：43，且当前总电量为：1756192，【不满足】兑换此商品所需总电量：7880000
故不一次性投入电力，一直放到蓄电池累计

京东账号1 15631692383_p
已选商品：艾美特空调扇制冷冷风扇
当前已投入电量/所需电量：1500000/7880000
已选商品剩余量：43
当前总电量：1756192
当前完成度：22%


******开始【京东账号2】Ycp_Dream*********

由于您第2个京东账号未提供shareCode,将采纳本脚本自带的助力码

开始
"Response code 530 (undefined)"
东东工厂 API请求失败，请检查网路重试
第2个京东账号将要助力的好友["P04z54XCjVWnYaS5m9cZ2ariXVJwHf0bgkG7Uo"]
此京东账号2Ycp_Dream暂未选购商品
现在也能为您做任务和收集免费电力
{"code":0,"data":{"bizCode":-7001,"bizMsg":"蓄电池已满，使用后才可获得更多电量哦！","success":false},"msg":"调用成功"}
成功收集500电量，当前蓄电池总电量：875828


【京东账号2（jd_74a8d71c978d9）的东东工厂好友互助码】T0225KkcRxpI_QDQIUn9k_9efQCjVWnYaS5kRrbA

每日开工打卡已完成
准备做此任务：好友助力
去京东首页点击“京东电器”已完成
关注店铺已做完
此任务：开通亚太森博品牌会员，跳过
每日10-13点巡厂 任务已错过时间
逛互动得电量已做完

此账号2Ycp_Dream暂未选择商品

BoxJs或环境变量暂未提供心仪商品
如需兑换心仪商品，请提供心仪商品名称

商品名称       可选状态    剩余量
支水性笔         可 选      1498
属中性笔         可 选      167
用标签带         可 选      163
冷冷风扇         可 选      43
空调挂机         可 选      17
电热水器         已抢光      0
礼盒套装         已抢光      0
檫3块装         已抢光      0
复古冰箱         已抢光      0
冷冷风扇         已抢光      0

目前电量875828,不满足兑换 缤乐美黑色单支水性笔所需的 1880000电量

京东账号2 Ycp_Dream
已选商品：暂无
心仪商品：暂无
当前剩余最多商品：缤乐美黑色单支水性笔
兑换所需电量：1880000
您当前总电量：875828


******开始【京东账号3】jd_157332ewky*********

由于您第3个京东账号未提供shareCode,将采纳本脚本自带的助力码

开始
"Response code 530 (undefined)"
东东工厂 API请求失败，请检查网路重试
第3个京东账号将要助力的好友["T0225KkcRB8c_VODck-nl_8IdgCjVWnYaS5kRrbA"]
此京东账号3jd_157332ewky暂未选购商品
现在也能为您做任务和收集免费电力
{"code":0,"data":{"bizCode":-9,"bizMsg":"助力失败丨助力已满员！谢谢你哦~","success":false},"msg":"调用成功"}
成功收集500电量，当前蓄电池总电量：2693738


【京东账号3（jd_46df9eaa780aa）的东东工厂好友互助码】T0225KkcRBhNo12CcUvznPdbJQCjVWnYaS5kRrbA

每日开工打卡已完成
准备做此任务：好友助力
去京东首页点击“京东电器”已完成
关注店铺已做完
此任务：开通亚太森博品牌会员，跳过
每日10-13点巡厂 任务已错过时间
逛互动得电量已做完

此账号3jd_157332ewky暂未选择商品

BoxJs或环境变量暂未提供心仪商品
如需兑换心仪商品，请提供心仪商品名称

商品名称       可选状态    剩余量
支水性笔         可 选      1498
属中性笔         可 选      167
用标签带         可 选      163
冷冷风扇         可 选      43
空调挂机         可 选      17
电热水器         已抢光      0
礼盒套装         已抢光      0
檫3块装         已抢光      0
复古冰箱         已抢光      0
冷冷风扇         已抢光      0

目前电量2693738,不满足兑换 缤乐美黑色单支水性笔所需的 1880000电量

京东账号3 jd_157332ewky
已选商品：暂无
心仪商品：暂无
当前剩余最多商品：缤乐美黑色单支水性笔
兑换所需电量：1880000
您当前总电量：2693738


******开始【京东账号4】jd_157332zdf*********

由于您第4个京东账号未提供shareCode,将采纳本脚本自带的助力码

开始
"Response code 530 (undefined)"
东东工厂 API请求失败，请检查网路重试
第4个京东账号将要助力的好友["T0225KkcRB8c_VODck-nl_8IdgCjVWnYaS5kRrbA"]
{"code":0,"data":{"bizCode":-9,"bizMsg":"助力失败丨助力已满员！谢谢你哦~","success":false},"msg":"调用成功"}
成功收集500电量，当前蓄电池总电量：326649


【京东账号4（jd_67f63c904d8c6）的东东工厂好友互助码】T0225KkcRhlP81eEKRrwwP9ZcgCjVWnYaS5kRrbA

每日开工打卡已完成
准备做此任务：好友助力
去京东首页点击“京东电器”已完成
关注店铺已做完
此任务：开通亚太森博品牌会员，跳过
每日10-13点巡厂 任务已错过时间
逛互动得电量已做完

已选商品：艾美特空调扇制冷冷风扇
当前已投入电量/所需电量：0/7880000
已选商品剩余量：43
当前总电量：326649
当前完成度：4%

BoxJs或环境变量暂未提供心仪商品
如需兑换心仪商品，请提供心仪商品名称，否则满足条件后会为您兑换当前所选商品：艾美特空调扇制冷冷风扇


所选商品艾美特空调扇制冷冷风扇目前数量：43，且当前总电量为：326649，【不满足】兑换此商品所需总电量：7880000
故不一次性投入电力，一直放到蓄电池累计

京东账号4 jd_157332zdf
已选商品：艾美特空调扇制冷冷风扇
当前已投入电量/所需电量：0/7880000
已选商品剩余量：43
当前总电量：326649
当前完成度：4%


🔔东东工厂, 结束! 🕛 12.805 秒

