
🔔东东工厂, 开始!

====================共2个京东账号Cookie=========

==================脚本执行- 北京时间(UTC+8)：7/12/2021, 12:29:28 AM=====================

开始获取东东工厂配置文件

您的互助码选择的是用&隔开

共2个京东账号

您提供了0个账号的东东工厂助力码


******开始【京东账号1】15631692383_p*********

由于您第1个京东账号未提供shareCode,将采纳本脚本自带的助力码

开始
"Response code 530 (undefined)"
东东工厂 API请求失败，请检查网路重试
第1个京东账号将要助力的好友["P04z54XCjVWnYaS5u2ak7ZCdan1Bdd2GGiWvC6_uERj"]
{"code":0,"data":{"bizCode":105,"bizMsg":"不在任务执行时间范围内","success":false},"msg":"调用成功"}
成功收集1电量，当前蓄电池总电量：352502


【京东账号1（15631692383_p）的东东工厂好友互助码】T018v_h1Qx8f_FbUKBmb1ACjVWnYaS5kRrbA

每日开工打卡已完成
准备做此任务：好友助力
去京东首页点击“京东电器”已完成
关注店铺已做完
此任务：开通亚太森博品牌会员，跳过
每日10-13点巡厂 任务已错过时间
准备做此任务：健康爆款好物1元包邮
{"code":0,"data":{"bizCode":-6004,"bizMsg":"这个任务做完啦~！","success":false},"msg":"调用成功"}

已选商品：艾美特空调扇制冷冷风扇
当前已投入电量/所需电量：1500000/7880000
已选商品剩余量：39
当前总电量：1853002
当前完成度：24%

BoxJs或环境变量暂未提供心仪商品
如需兑换心仪商品，请提供心仪商品名称，否则满足条件后会为您兑换当前所选商品：艾美特空调扇制冷冷风扇


所选商品艾美特空调扇制冷冷风扇目前数量：39，且当前总电量为：1853002，【不满足】兑换此商品所需总电量：7880000
故不一次性投入电力，一直放到蓄电池累计

京东账号1 15631692383_p
已选商品：艾美特空调扇制冷冷风扇
当前已投入电量/所需电量：1500000/7880000
已选商品剩余量：39
当前总电量：1853002
当前完成度：24%


******开始【京东账号2】Ycp_Dream*********

由于您第2个京东账号未提供shareCode,将采纳本脚本自带的助力码

开始
"Response code 530 (undefined)"
东东工厂 API请求失败，请检查网路重试
第2个京东账号将要助力的好友["P04z54XCjVWnYaS5m9cZ2ariXVJwHf0bgkG7Uo"]
此京东账号2Ycp_Dream暂未选购商品
现在也能为您做任务和收集免费电力
{"code":0,"data":{"bizCode":105,"bizMsg":"不在任务执行时间范围内","success":false},"msg":"调用成功"}
成功收集500电量，当前蓄电池总电量：877044


【京东账号2（jd_74a8d71c978d9）的东东工厂好友互助码】T0225KkcRxpI_QDQIUn9k_9efQCjVWnYaS5kRrbA

准备做此任务：每日开工打卡
领取做完任务的奖励：{"acquiredScore":300,"beansNum":"2","maxTimes":1,"score":"300","signList":["2021-07-12_300.0"],"taskId":1,"taskStatus":2,"taskType":13,"times":1,"userScore":877344}
准备做此任务：好友助力
准备做此任务：去京东首页点击“京东电器”
领取做完任务的奖励：{"acquiredScore":5000,"maxTimes":1,"score":"5000","taskId":3,"taskStatus":2,"taskType":23,"times":1,"userScore":882344}
准备做此任务：去关注亚太森博京东自营旗舰店
领取做完任务的奖励：{"acquiredScore":1500,"maxTimes":3,"score":"1500","taskId":6,"taskStatus":1,"taskType":1,"times":1,"userScore":883844}
领取做完任务的奖励：{"acquiredScore":3000,"maxTimes":3,"score":"1500","taskId":6,"taskStatus":1,"taskType":1,"times":2,"userScore":885344}
领取做完任务的奖励：{"acquiredScore":4500,"maxTimes":3,"score":"1500","taskId":6,"taskStatus":2,"taskType":1,"times":3,"userScore":886844}
此任务：开通亚太森博品牌会员，跳过
每日10-13点巡厂 任务已错过时间
准备做此任务：去赢1000元红包
领取做完任务的奖励：{"acquiredScore":500,"maxTimes":12,"score":"500","taskId":12,"taskStatus":1,"taskType":3,"times":1,"userScore":887344}
领取做完任务的奖励：{"acquiredScore":1000,"maxTimes":12,"score":"500","taskId":12,"taskStatus":1,"taskType":3,"times":2,"userScore":887844}
领取做完任务的奖励：{"acquiredScore":1500,"maxTimes":12,"score":"500","taskId":12,"taskStatus":1,"taskType":3,"times":3,"userScore":888344}
领取做完任务的奖励：{"acquiredScore":2000,"maxTimes":12,"score":"500","taskId":12,"taskStatus":1,"taskType":3,"times":4,"userScore":888844}
领取做完任务的奖励：{"acquiredScore":2500,"maxTimes":12,"score":"500","taskId":12,"taskStatus":1,"taskType":3,"times":5,"userScore":889344}
领取做完任务的奖励：{"acquiredScore":3000,"maxTimes":12,"score":"500","taskId":12,"taskStatus":1,"taskType":3,"times":6,"userScore":889844}
领取做完任务的奖励：{"acquiredScore":3500,"maxTimes":12,"score":"500","taskId":12,"taskStatus":1,"taskType":3,"times":7,"userScore":890344}
领取做完任务的奖励：{"acquiredScore":4000,"maxTimes":12,"score":"500","taskId":12,"taskStatus":1,"taskType":3,"times":8,"userScore":890844}
领取做完任务的奖励：{"acquiredScore":4500,"maxTimes":12,"score":"500","taskId":12,"taskStatus":1,"taskType":3,"times":9,"userScore":891344}
领取做完任务的奖励：{"acquiredScore":5000,"maxTimes":12,"score":"500","taskId":12,"taskStatus":1,"taskType":3,"times":10,"userScore":891844}
领取做完任务的奖励：{"acquiredScore":5500,"maxTimes":12,"score":"500","taskId":12,"taskStatus":1,"taskType":3,"times":11,"userScore":892344}
领取做完任务的奖励：{"acquiredScore":6000,"maxTimes":12,"score":"500","taskId":12,"taskStatus":2,"taskType":3,"times":12,"userScore":892844}

此账号2Ycp_Dream暂未选择商品

BoxJs或环境变量暂未提供心仪商品
如需兑换心仪商品，请提供心仪商品名称

商品名称       可选状态    剩余量
支水性笔         可 选      1072
属中性笔         可 选      150
冷冷风扇         可 选      39
空调挂机         可 选      17
电热水器         已抢光      0
礼盒套装         已抢光      0
檫3块装         已抢光      0
用标签带         已抢光      0
复古冰箱         已抢光      0
冷冷风扇         已抢光      0

目前电量877044,不满足兑换 缤乐美黑色单支水性笔所需的 1880000电量

京东账号2 Ycp_Dream
已选商品：暂无
心仪商品：暂无
当前剩余最多商品：缤乐美黑色单支水性笔
兑换所需电量：1880000
您当前总电量：877044


🔔东东工厂, 结束! 🕛 26.858 秒

