
🔔东东工厂, 开始!

====================共5个京东账号Cookie=========

==================脚本执行- 北京时间(UTC+8)：7/2/2021, 10:27:39 AM=====================

开始获取东东工厂配置文件

您的互助码选择的是用&隔开

共5个京东账号

您提供了0个账号的东东工厂助力码


******开始【京东账号1】15631692383_p*********

由于您第1个京东账号未提供shareCode,将采纳本脚本自带的助力码

开始
第1个京东账号将要助力的好友["P04z54XCjVWnYaS5u2ak7ZCdan1Bdd2GGiWvC6_uERj"]
{"code":0,"data":{"bizCode":105,"bizMsg":"不在任务执行时间范围内","success":false},"msg":"调用成功"}
成功收集132电量，当前蓄电池总电量：402536


【京东账号1（15631692383_p）的东东工厂好友互助码】T018v_h1Qx8f_FbUKBmb1ACjVWnYaS5kRrbA

每日开工打卡已完成
准备做此任务：好友助力
去京东首页点击“京东电器”已完成
关注店铺已做完
此任务：开通亚太森博品牌会员，跳过
每日10-13点巡厂已完成
逛互动得电量已做完

已选商品：艾美特空调扇制冷冷风扇
当前已投入电量/所需电量：1100000/7880000
已选商品剩余量：57
当前总电量：1502536
当前完成度：19%

BoxJs或环境变量暂未提供心仪商品
如需兑换心仪商品，请提供心仪商品名称，否则满足条件后会为您兑换当前所选商品：艾美特空调扇制冷冷风扇


所选商品艾美特空调扇制冷冷风扇目前数量：57，且当前总电量为：1502536，【不满足】兑换此商品所需总电量：7880000
故不一次性投入电力，一直放到蓄电池累计

京东账号1 15631692383_p
已选商品：艾美特空调扇制冷冷风扇
当前已投入电量/所需电量：1100000/7880000
已选商品剩余量：57
当前总电量：1502536
当前完成度：19%


******开始【京东账号2】Ycp_Dream*********

由于您第2个京东账号未提供shareCode,将采纳本脚本自带的助力码

开始
第2个京东账号将要助力的好友["P04z54XCjVWnYaS5m9cZ2ariXVJwHf0bgkG7Uo"]
"Timeout awaiting 'request' for 10000ms"
东东工厂 API请求失败，请检查网路重试
此京东账号2Ycp_Dream暂未选购商品
现在也能为您做任务和收集免费电力
{"code":0,"data":{"bizCode":-7001,"bizMsg":"蓄电池已满，使用后才可获得更多电量哦！","success":false},"msg":"调用成功"}
成功收集132电量，当前蓄电池总电量：822077


【京东账号2（jd_74a8d71c978d9）的东东工厂好友互助码】T0225KkcRxpI_QDQIUn9k_9efQCjVWnYaS5kRrbA

每日开工打卡已完成
准备做此任务：好友助力
去京东首页点击“京东电器”已完成
关注店铺已做完
此任务：开通亚太森博品牌会员，跳过
每日10-13点巡厂已完成
逛互动得电量已做完

此账号2Ycp_Dream暂未选择商品

BoxJs或环境变量暂未提供心仪商品
如需兑换心仪商品，请提供心仪商品名称

商品名称       可选状态    剩余量
支水性笔         可 选      2870
用标签带         可 选      959
檫3块装         可 选      295
礼盒套装         可 选      101
冷冷风扇         可 选      57
复古冰箱         可 选      3
电热水器         已抢光      0
冷冷风扇         已抢光      0

目前电量822077,不满足兑换 缤乐美黑色单支水性笔所需的 1880000电量

京东账号2 Ycp_Dream
已选商品：暂无
心仪商品：暂无
当前剩余最多商品：缤乐美黑色单支水性笔
兑换所需电量：1880000
您当前总电量：822077


******开始【京东账号3】chao4596758*********

由于您第3个京东账号未提供shareCode,将采纳本脚本自带的助力码

开始
第3个京东账号将要助力的好友["T0225KkcRB8c_VODck-nl_8IdgCjVWnYaS5kRrbA"]
此京东账号3chao4596758暂未选购商品
现在也能为您做任务和收集免费电力
"Timeout awaiting 'request' for 10000ms"
东东工厂 API请求失败，请检查网路重试
{"code":0,"data":{"bizCode":-9,"bizMsg":"助力失败丨助力已满员！谢谢你哦~","success":false},"msg":"调用成功"}
成功收集132电量，当前蓄电池总电量：560700


【京东账号3（chao4596758）的东东工厂好友互助码】T0157aUiHxoc_FLQJRICjVWnYaS5kRrbA

每日开工打卡已完成
准备做此任务：好友助力
去京东首页点击“京东电器”已完成
关注店铺已做完
此任务：开通亚太森博品牌会员，跳过
每日10-13点巡厂已完成
逛互动得电量已做完

此账号3chao4596758暂未选择商品

BoxJs或环境变量暂未提供心仪商品
如需兑换心仪商品，请提供心仪商品名称

商品名称       可选状态    剩余量
支水性笔         可 选      2870
用标签带         可 选      959
檫3块装         可 选      295
礼盒套装         可 选      101
冷冷风扇         可 选      57
复古冰箱         可 选      3
电热水器         已抢光      0
冷冷风扇         已抢光      0

目前电量560700,不满足兑换 缤乐美黑色单支水性笔所需的 1880000电量

京东账号3 chao4596758
已选商品：暂无
心仪商品：暂无
当前剩余最多商品：缤乐美黑色单支水性笔
兑换所需电量：1880000
您当前总电量：560700


******开始【京东账号4】jd_46df9eaa780aa*********

由于您第4个京东账号未提供shareCode,将采纳本脚本自带的助力码

开始
第4个京东账号将要助力的好友["T0225KkcRB8c_VODck-nl_8IdgCjVWnYaS5kRrbA"]
"Timeout awaiting 'request' for 10000ms"
东东工厂 API请求失败，请检查网路重试
此京东账号4jd_46df9eaa780aa暂未选购商品
现在也能为您做任务和收集免费电力
{"code":0,"data":{"bizCode":-9,"bizMsg":"助力失败丨助力已满员！谢谢你哦~","success":false},"msg":"调用成功"}
成功收集132电量，当前蓄电池总电量：2639882


【京东账号4（jd_46df9eaa780aa）的东东工厂好友互助码】T0225KkcRBhNo12CcUvznPdbJQCjVWnYaS5kRrbA

每日开工打卡已完成
准备做此任务：好友助力
去京东首页点击“京东电器”已完成
关注店铺已做完
此任务：开通亚太森博品牌会员，跳过
每日10-13点巡厂已完成
逛互动得电量已做完

此账号4jd_46df9eaa780aa暂未选择商品

BoxJs或环境变量暂未提供心仪商品
如需兑换心仪商品，请提供心仪商品名称

商品名称       可选状态    剩余量
支水性笔         可 选      2870
用标签带         可 选      959
檫3块装         可 选      295
礼盒套装         可 选      101
冷冷风扇         可 选      57
复古冰箱         可 选      3
电热水器         已抢光      0
冷冷风扇         已抢光      0

目前电量2639882,不满足兑换 缤乐美黑色单支水性笔所需的 1880000电量

京东账号4 jd_46df9eaa780aa
已选商品：暂无
心仪商品：暂无
当前剩余最多商品：缤乐美黑色单支水性笔
兑换所需电量：1880000
您当前总电量：2639882


******开始【京东账号5】jd_157332zdf*********

由于您第5个京东账号未提供shareCode,将采纳本脚本自带的助力码

开始
第5个京东账号将要助力的好友["T0225KkcRB8c_VODck-nl_8IdgCjVWnYaS5kRrbA"]
"Timeout awaiting 'request' for 10000ms"
东东工厂 API请求失败，请检查网路重试
{"code":0,"data":{"bizCode":-9,"bizMsg":"助力失败丨助力已满员！谢谢你哦~","success":false},"msg":"调用成功"}
成功收集131电量，当前蓄电池总电量：272798


【京东账号5（jd_67f63c904d8c6）的东东工厂好友互助码】T0225KkcRhlP81eEKRrwwP9ZcgCjVWnYaS5kRrbA

每日开工打卡已完成
准备做此任务：好友助力
去京东首页点击“京东电器”已完成
关注店铺已做完
此任务：开通亚太森博品牌会员，跳过
每日10-13点巡厂已完成
逛互动得电量已做完

已选商品：艾美特空调扇制冷冷风扇
当前已投入电量/所需电量：0/7880000
已选商品剩余量：57
当前总电量：272798
当前完成度：3%

BoxJs或环境变量暂未提供心仪商品
如需兑换心仪商品，请提供心仪商品名称，否则满足条件后会为您兑换当前所选商品：艾美特空调扇制冷冷风扇


所选商品艾美特空调扇制冷冷风扇目前数量：57，且当前总电量为：272798，【不满足】兑换此商品所需总电量：7880000
故不一次性投入电力，一直放到蓄电池累计

京东账号5 jd_157332zdf
已选商品：艾美特空调扇制冷冷风扇
当前已投入电量/所需电量：0/7880000
已选商品剩余量：57
当前总电量：272798
当前完成度：3%


🔔东东工厂, 结束! 🕛 92.588 秒

"Timeout awaiting 'request' for 10000ms"
东东工厂 API请求失败，请检查网路重试
