
🔔京东保价, 开始!

====================共2个京东账号Cookie=========

==================脚本执行- 北京时间(UTC+8)：7/12/2021, 1:21:41 AM=====================


***********开始【账号1】15631692383_p********

💥 获得首页面，解析超参数
----------
🧾 获取所有价格保护列表，排除附件商品
----------
🗑 删除不符合订单
----------
🚫 删除商品：🛒【京喜工厂】平板拖把免手洗挤水🛒
🚫 删除商品：🛒【京喜农场】任果行 芒果水果生🛒
🚫 删除商品：🛒五百户便携旅行一次性浴巾棉吸水🛒
🚫 删除商品：🛒核心为你（Sincere He🛒
🚫 删除商品：🛒薇诺娜（WINONA）极润保湿🛒
🚫 删除商品：🛒日本AIRPLOT艾谱德进口铂🛒
🚫 删除商品：🛒多功能无线插座转换器带usb多🛒
🚫 删除商品：🛒德施曼（DESSMANN）活动🛒
🚫 删除商品：🛒健牌牙刷软毛家用成人款4支男女🛒
🚫 删除商品：🛒帮大夫 旅行便携式一次性纯棉压🛒
🚫 删除商品：🛒贝塔未来星超级潜水员木制益智早🛒
🚫 删除商品：🛒柏尔法 长柄秸秆汤勺 粥勺火锅🛒
🚫 删除商品：🛒1包装新老随机抽纸巾家用婴儿面🛒
🚫 删除商品：🛒艾杰普 甲醛检测仪家用 TVO🛒
🚫 删除商品：🛒曌阁旅行带盖牙刷盒刷牙洗漱便携🛒
🚫 删除商品：🛒海尔（Haier）大1匹 速享🛒
🚫 删除商品：🛒24h极速安装（延误补贴）🛒
🚫 删除商品：🛒海尔 Haier KFR-26🛒
🚫 删除商品：🛒海尔 Haier KFR-35🛒
🚫 删除商品：🛒24h极速安装（延误补贴）🛒
🚫 删除商品：🛒海尔（Haier）1.5匹 新🛒
🚫 删除商品：🛒【会员专享赠品\\\/试饮专用🛒
🚫 删除商品：🛒原创夏季儿童卡通驱蚊贴贴衣植物🛒
🚫 删除商品：🛒黑色垃圾袋加厚塑料中号不脏手厨🛒
🚫 删除商品：🛒惠寻原生竹浆本色抽纸家用4层抽🛒
🚫 删除商品：🛒初品玻璃杯 吸管杯 刻度杯量 🛒
🚫 删除商品：🛒苹果（Apple） 疆界心意礼🛒
🚫 删除商品：🛒苹果（Apple） airpo🛒
🚫 删除商品：🛒杯刷子海绵刷杯子清洁刷洗杯刷清🛒
🚫 删除商品：🛒五月花（May Flower）🛒
🚫 删除商品：🛒洗车擦车布专用巾汽车玻璃超强吸🛒
🚫 删除商品：🛒五月花（May Flower）🛒
🚫 删除商品：🛒薰衣草香包衣柜香袋持久飘香房间🛒
🚫 删除商品：🛒金妮雅芦荟胶晒后修护淡化痘印补🛒
🚫 删除商品：🛒集加【超值2-20支】不锈钢水🛒
🚫 删除商品：🛒明柔丽4层亲肤柔和母婴抽纸原生🛒
🚫 删除商品：🛒女一次性民用3层口罩一次性高级🛒
🚫 删除商品：🛒齐心(Comix)垃圾袋 加厚🛒
🚫 删除商品：🛒（农场）寻味君 广西百香果 1🛒
🚫 删除商品：🛒【母婴用纸】亲爽抑菌保湿纸婴儿🛒
🚫 删除商品：🛒凡锐 耳机有线入耳式马卡龙彩色🛒
🚫 删除商品：🛒曼爱思成人软毛牙刷竹炭牙刷牙刷🛒
🚫 删除商品：🛒公牛(BULL) 开关插座 G🛒
🚫 删除商品：🛒公牛(BULL) 开关插座 G🛒
🚫 删除商品：🛒公牛(BULL) 开关插座 G🛒
🚫 删除商品：🛒公牛(BULL) 开关插座 G🛒
🚫 删除商品：🛒公牛(BULL) 开关插座 G🛒
🚫 删除商品：🛒泊恩尼三角阀全铜冷热水家用三头🛒
🚫 删除商品：🛒公牛(BULL) 开关插座 G🛒
🚫 删除商品：🛒公牛(BULL) 开关插座 G🛒
🚫 删除商品：🛒小米11 5G 骁龙888 2🛒
🚫 删除商品：🛒小米氮化镓GaN充电器 Typ🛒
🚫 删除商品：🛒泊恩尼三角阀全铜冷热水家用三头🛒
🚫 删除商品：🛒公牛(BULL) 开关插座 G🛒
🚫 删除商品：🛒美的（Midea）电水壶热水壶🛒
----------
📊 16个商品即将申请价格保护！
----------
🈸 🛒武当天福贡土蜂蜜纯正天然野生农🛒
🈸 🛒悦诗风吟 Innisfree绿🛒
🈸 🛒公牛(BULL) 开关插座 G🛒
🈸 🛒公牛(BULL) 明装开关插座🛒
🈸 🛒棉之朴良品压缩大号毛巾一次性洗🛒
🈸 🛒【升级浓缩】优诺康 小熊洁厕灵🛒
🈸 🛒【升级浓缩】优诺康 小熊洁厕灵🛒
🚫 🛒【升级浓缩】优诺康 小熊洁厕灵🛒 申请失败：1分钟内只能申请一次
🈸 🛒箭牌（ARROW）AE1022🛒
🈸 🛒玺沐居 全铜黑色洗脸盆冷热水龙🛒
🈸 🛒德施曼（DESSMANN）小嘀🛒
🈸 🛒美的(Midea)215升三门🛒
🈸 🛒公牛(BULL) 开关插座 G🛒
🈸 🛒公牛(BULL) 开关插座 G🛒
🈸 🛒公牛(BULL) 开关插座 G🛒
🈸 🛒公牛(BULL) 开关插座 G🛒
🈸 🛒公牛118型开关插座小五孔电源🛒
----------
⏳ 等待申请价格保护结果...
----------
📋 🛒武当天福贡土蜂蜜纯正天然野生农🛒 
🔴 申请失败：您好，此商品卖家尚未开通价保服务，暂无法申请价保，谢谢！ 
🔴 失败类型:sku4
-----
📋 🛒悦诗风吟 Innisfree绿🛒 
🔴 申请失败：您好，此商品卖家尚未开通价保服务，暂无法申请价保，谢谢！ 
🔴 失败类型:sku4
-----
📋 🛒公牛(BULL) 开关插座 G🛒 
🔴 申请失败：您好，此商品未发生降价。 
🔴 失败类型:mon1
-----
📋 🛒公牛(BULL) 明装开关插座🛒 
🔴 申请失败：您好，此商品未发生降价。 
🔴 失败类型:mon1
-----
📋 🛒棉之朴良品压缩大号毛巾一次性洗🛒 
🔴 申请失败：您好，此商品卖家尚未开通价保服务，暂无法申请价保，谢谢！ 
🔴 失败类型:sku4
-----
📋 🛒【升级浓缩】优诺康 小熊洁厕灵🛒 
🔴 申请失败：您好，此商品未发生降价。 
🔴 失败类型:mon1
-----
📋 🛒箭牌（ARROW）AE1022🛒 
🔴 申请失败：您好，此商品未发生降价。 
🔴 失败类型:mon1
-----
📋 🛒玺沐居 全铜黑色洗脸盆冷热水龙🛒 
🔴 申请失败：您好，此商品未发生降价。 
🔴 失败类型:mon1
-----
📋 🛒德施曼（DESSMANN）小嘀🛒 
🔴 申请失败：您好，此商品未发生降价。 
🔴 失败类型:mon1
-----
📋 🛒美的(Midea)215升三门🛒 
🔴 申请失败：您好，此商品未发生降价。 
🔴 失败类型:mon1
-----
📋 🛒公牛(BULL) 开关插座 G🛒 
🔴 申请失败：您好，此商品未发生降价。 
🔴 失败类型:mon1
-----
📋 🛒公牛(BULL) 开关插座 G🛒 
🔴 申请失败：您好，此商品未发生降价。 
🔴 失败类型:mon1
-----
📋 🛒公牛(BULL) 开关插座 G🛒 
🔴 申请失败：您好，此商品未发生降价。 
🔴 失败类型:mon1
-----
📋 🛒公牛(BULL) 开关插座 G🛒 
🔴 申请失败：您好，此商品未发生降价。 
🔴 失败类型:mon1
-----
📋 🛒公牛118型开关插座小五孔电源🛒 
🔴 申请失败：您好，此商品未发生降价。 
🔴 失败类型:mon1
-----
🧮 本次价格保护金额：0💰

***********开始【账号2】jd_74a8d71c978d9********

💥 获得首页面，解析超参数
----------
🧾 获取所有价格保护列表，排除附件商品
----------
🗑 删除不符合订单
----------
🚫 删除商品：🛒惠寻 红糖小麻花400g 休闲🛒
🚫 删除商品：🛒惠寻 红糖小麻花400g 休闲🛒
🚫 删除商品：🛒【京喜工厂】宝来家 201不锈🛒
----------
📊 0个商品即将申请价格保护！
----------
----------
⏳ 等待申请价格保护结果...
----------
🧮 本次价格保护金额：0💰

🔔京东保价, 结束! 🕛 15.474 秒

