
🔔京东保价, 开始!

====================共4个京东账号Cookie=========

==================脚本执行- 北京时间(UTC+8)：6/30/2021, 3:48:31 PM=====================


***********开始【账号1】15631692383_p********

💥 获得首页面，解析超参数
----------
🧾 获取所有价格保护列表，排除附件商品
----------
🗑 删除不符合订单
----------
🚫 删除商品：🛒日本AIRPLOT艾谱德进口铂🛒
🚫 删除商品：🛒德施曼（DESSMANN）活动🛒
🚫 删除商品：🛒健牌牙刷软毛家用成人款4支男女🛒
🚫 删除商品：🛒帮大夫 旅行便携式一次性纯棉压🛒
🚫 删除商品：🛒柏尔法 长柄秸秆汤勺 粥勺火锅🛒
🚫 删除商品：🛒贝塔未来星超级潜水员木制益智早🛒
🚫 删除商品：🛒1包装新老随机抽纸巾家用婴儿面🛒
🚫 删除商品：🛒曌阁旅行带盖牙刷盒刷牙洗漱便携🛒
🚫 删除商品：🛒海尔 Haier KFR-26🛒
🚫 删除商品：🛒24h极速安装（延误补贴）🛒
🚫 删除商品：🛒24h极速安装（延误补贴）🛒
🚫 删除商品：🛒海尔 Haier KFR-35🛒
🚫 删除商品：🛒【会员专享赠品\\\/试饮专用🛒
🚫 删除商品：🛒原创夏季儿童卡通驱蚊贴贴衣植物🛒
🚫 删除商品：🛒小米 智能门锁 E 家用防盗门🛒
🚫 删除商品：🛒初品玻璃杯 吸管杯 刻度杯量 🛒
🚫 删除商品：🛒黑色垃圾袋加厚塑料中号不脏手厨🛒
🚫 删除商品：🛒苹果（Apple） airpo🛒
🚫 删除商品：🛒苹果（Apple） 疆界心意礼🛒
🚫 删除商品：🛒杯刷子海绵刷杯子清洁刷洗杯刷清🛒
🚫 删除商品：🛒五月花（May Flower）🛒
🚫 删除商品：🛒洗车擦车布专用巾汽车玻璃超强吸🛒
🚫 删除商品：🛒五月花（May Flower）🛒
🚫 删除商品：🛒集加【超值2-20支】不锈钢水🛒
🚫 删除商品：🛒薰衣草香包衣柜香袋持久飘香房间🛒
🚫 删除商品：🛒齐心(Comix)垃圾袋 加厚🛒
🚫 删除商品：🛒金妮雅芦荟胶晒后修护淡化痘印补🛒
🚫 删除商品：🛒女一次性民用3层口罩一次性高级🛒
🚫 删除商品：🛒明柔丽4层亲肤柔和母婴抽纸原生🛒
🚫 删除商品：🛒【母婴用纸】亲爽抑菌保湿纸婴儿🛒
🚫 删除商品：🛒（农场）寻味君 广西百香果 1🛒
🚫 删除商品：🛒凡锐 耳机有线入耳式马卡龙彩色🛒
🚫 删除商品：🛒曼爱思成人软毛牙刷竹炭牙刷牙刷🛒
🚫 删除商品：🛒公牛(BULL) 开关插座 G🛒
🚫 删除商品：🛒公牛(BULL) 开关插座 G🛒
🚫 删除商品：🛒公牛(BULL) 开关插座 G🛒
🚫 删除商品：🛒公牛(BULL) 开关插座 G🛒
🚫 删除商品：🛒公牛(BULL) 开关插座 G🛒
🚫 删除商品：🛒公牛(BULL) 开关插座 G🛒
🚫 删除商品：🛒公牛(BULL) 开关插座 G🛒
🚫 删除商品：🛒小米氮化镓GaN充电器 Typ🛒
🚫 删除商品：🛒泊恩尼三角阀全铜冷热水家用三头🛒
🚫 删除商品：🛒美的（Midea）电水壶热水壶🛒
🚫 删除商品：🛒小米11 5G 骁龙888 2🛒
🚫 删除商品：🛒公牛(BULL) 开关插座 G🛒
🚫 删除商品：🛒泊恩尼三角阀全铜冷热水家用三头🛒
----------
📊 15个商品即将申请价格保护！
----------
🈸 🛒玺沐居 全铜黑色洗脸盆冷热水龙🛒
🈸 🛒五百户便携旅行一次性浴巾棉吸水🛒
🈸 🛒薇诺娜（WINONA）极润保湿🛒
🈸 🛒多功能无线插座转换器带usb多🛒
🈸 🛒德施曼（DESSMANN）小嘀🛒
🈸 🛒美的(Midea)215升三门🛒
🈸 🛒公牛(BULL) 开关插座 G🛒
🈸 🛒公牛(BULL) 开关插座 G🛒
🈸 🛒公牛(BULL) 开关插座 G🛒
🈸 🛒公牛(BULL) 开关插座 G🛒
🈸 🛒公牛118型开关插座小五孔电源🛒
🈸 🛒艾杰普 甲醛检测仪家用 TVO🛒
🈸 🛒海尔（Haier）大1匹 速享🛒
🈸 🛒海尔（Haier）1.5匹 新🛒
🈸 🛒惠寻原生竹浆本色抽纸家用4层抽🛒
----------
⏳ 等待申请价格保护结果...
----------
📋 🛒玺沐居 全铜黑色洗脸盆冷热水龙🛒 
🔴 申请失败：您好，此商品未发生降价。 
🔴 失败类型:mon1
-----
📋 🛒五百户便携旅行一次性浴巾棉吸水🛒 
🔴 申请失败：您好，此商品卖家尚未开通价保服务，暂无法申请价保，谢谢！ 
🔴 失败类型:sku4
-----
📋 🛒薇诺娜（WINONA）极润保湿🛒 
🔴 申请失败：您好，此商品卖家尚未开通价保服务，暂无法申请价保，谢谢！ 
🔴 失败类型:sku4
-----
📋 🛒多功能无线插座转换器带usb多🛒 
🔴 申请失败：您好，此商品卖家尚未开通价保服务，暂无法申请价保，谢谢！ 
🔴 失败类型:sku4
-----
📋 🛒德施曼（DESSMANN）小嘀🛒 
🔴 申请失败：您好，此商品未发生降价。 
🔴 失败类型:mon1
-----
📋 🛒美的(Midea)215升三门🛒 
🔴 申请失败：您好，此商品未发生降价。 
🔴 失败类型:mon1
-----
📋 🛒公牛(BULL) 开关插座 G🛒 
🔴 申请失败：您好，此商品未发生降价。 
🔴 失败类型:mon1
-----
📋 🛒公牛(BULL) 开关插座 G🛒 
🔴 申请失败：您好，此商品未发生降价。 
🔴 失败类型:mon1
-----
📋 🛒公牛(BULL) 开关插座 G🛒 
🔴 申请失败：您好，此商品未发生降价。 
🔴 失败类型:mon1
-----
📋 🛒公牛(BULL) 开关插座 G🛒 
🔴 申请失败：您好，此商品未发生降价。 
🔴 失败类型:mon1
-----
📋 🛒公牛118型开关插座小五孔电源🛒 
🔴 申请失败：您好，此商品未发生降价。 
🔴 失败类型:mon1
-----
📋 🛒艾杰普 甲醛检测仪家用 TVO🛒 
🔴 申请失败：您好，此商品未发生降价。 
🔴 失败类型:mon1
-----
📋 🛒海尔（Haier）大1匹 速享🛒 
🔴 申请失败：您好，此商品未发生降价。 
🔴 失败类型:mon1
-----
📋 🛒海尔（Haier）1.5匹 新🛒 
🔴 申请失败：您好，此商品未发生降价。 
🔴 失败类型:mon1
-----
📋 🛒惠寻原生竹浆本色抽纸家用4层抽🛒 
🔴 申请失败：您好，此商品未发生降价。 
🔴 失败类型:mon1
-----
🧮 本次价格保护金额：0💰

***********开始【账号2】jd_74a8d71c978d9********

💥 获得首页面，解析超参数
----------
🧾 获取所有价格保护列表，排除附件商品
----------
🗑 删除不符合订单
----------
🚫 删除商品：🛒【京喜工厂】宝来家 201不锈🛒
----------
📊 2个商品即将申请价格保护！
----------
🈸 🛒惠寻 红糖小麻花400g 休闲🛒
🈸 🛒惠寻 红糖小麻花400g 休闲🛒
----------
⏳ 等待申请价格保护结果...
----------
📋 🛒惠寻 红糖小麻花400g 休闲🛒 
🔴 申请失败：您好，此商品未发生降价。 
🔴 失败类型:mon1
-----
📋 🛒惠寻 红糖小麻花400g 休闲🛒 
🔴 申请失败：您好，此商品未发生降价。 
🔴 失败类型:mon1
-----
🧮 本次价格保护金额：0💰

***********开始【账号3】chao4596758********

💥 获得首页面，解析超参数
----------
🧾 获取所有价格保护列表，排除附件商品
----------
🗑 删除不符合订单
----------
🚫 删除商品：🛒世喜咬咬乐 水果咬咬袋 宝宝磨🛒
🚫 删除商品：🛒精朗迪 碳酸钙D3颗粒28袋 🛒
🚫 删除商品：🛒戴森(Dyson) 免打孔充电🛒
🚫 删除商品：🛒戴森Dyson (V10轻量版🛒
🚫 删除商品：🛒莫迪尔 motorola摩托罗🛒
🚫 删除商品：🛒3赠 手机贴膜工具/除尘贴/引🛒
🚫 删除商品：🛒金龙鱼 东北大米 盘锦大米 5🛒
🚫 删除商品：🛒2赠 手机贴膜工具酒精包/干湿🛒
🚫 删除商品：🛒莫迪尔 motorola摩托罗🛒
🚫 删除商品：🛒嘉卫士(Care1st) 婴儿🛒
🚫 删除商品：🛒安可新 婴儿耳挖棉签【200支🛒
🚫 删除商品：🛒威猛先生 洁厕剂 (500g+🛒
🚫 删除商品：🛒鸭嘴奶嘴 适合贝亲宽口径奶瓶配🛒
🚫 删除商品：🛒丽邦 Libang 抽纸 可湿🛒
🚫 删除商品：🛒天堂伞 晴雨伞三折叠清新太阳伞🛒
🚫 删除商品：🛒澳洲原装进口 贝拉米 Bell🛒
🚫 删除商品：🛒舒肤佳香皂纯白清香型115gX🛒
🚫 删除商品：🛒飞科 FLYCO 电吹风机负离🛒
🚫 删除商品：🛒京东京造xPLUS会员店 抽纸🛒
🚫 删除商品：🛒燕京啤酒 11度 蓝听啤酒33🛒
🚫 删除商品：🛒贝拉米 Bellamy's 婴🛒
🚫 删除商品：🛒碧芭宝贝Beaba 盛夏光年纸🛒
🚫 删除商品：🛒九阳（Joyoung）热水壶烧🛒
🚫 删除商品：🛒碧芭宝贝Beaba大鱼海棠纸尿🛒
🚫 删除商品：🛒Debo德铂汤锅28cm不锈钢🛒
🚫 删除商品：🛒拜耳拜灭士蟑螂药全窝端12g*🛒
🚫 删除商品：🛒尔蓝（Airline）36cm🛒
🚫 删除商品：🛒得宝(Tempo) 棉柔巾 纯🛒
🚫 删除商品：🛒金龙鱼 东北大米 盘锦大米 5🛒
🚫 删除商品：🛒得宝(Tempo) 抽纸 加厚🛒
🚫 删除商品：🛒小雅象背奶包妈咪包便携双层母乳🛒
🚫 删除商品：🛒尚岛宜家 背心手提式垃圾袋 1🛒
🚫 删除商品：🛒榄菊 蟑螂屋20片蟑螂药全窝端🛒
🚫 删除商品：🛒德力西(DELIXI)新国标插🛒
🚫 删除商品：🛒爱斯基 ESKY 10L大容量🛒
🚫 删除商品：🛒YOUBI婴儿推车可坐可躺婴儿🛒
🚫 删除商品：🛒拜格BAYCO 刀具套装 厨房🛒
🚫 删除商品：🛒得力(deli)预防接种证明保🛒
🚫 删除商品：🛒百雀羚套装女 化妆品护肤套装精🛒
🚫 删除商品：🛒Ddrops Baby儿童宝宝🛒
🚫 删除商品：🛒银江 洗衣机进水管适用于海尔/🛒
🚫 删除商品：🛒伊利 舒化 无乳糖牛奶 高钙型🛒
🚫 删除商品：🛒英国MATCHSTICK MO🛒
🚫 删除商品：🛒精朗迪 碳酸钙D3颗粒18袋 🛒
🚫 删除商品：🛒精朗迪 碳酸钙D3颗粒18袋 🛒
🚫 删除商品：🛒帮宝适一级帮拉拉裤M58片(6🛒
🚫 删除商品：🛒小米（MI）米家蓝牙温湿度计2🛒
🚫 删除商品：🛒帮宝适一级帮拉拉裤XL40片(🛒
🚫 删除商品：🛒帮宝适一级帮拉拉裤M58片(6🛒
🚫 删除商品：🛒贝亲(Pigeon) 桃子水 🛒
🚫 删除商品：🛒信龙炉甘石洗剂黄浦制药 100🛒
🚫 删除商品：🛒优禾康 一次性医用口罩50只无🛒
🚫 删除商品：🛒松下（Panasonic）7号🛒
🚫 删除商品：🛒松下（Panasonic）5号🛒
🚫 删除商品：🛒小雅象双边电动吸奶器挤奶器产妇🛒
🚫 删除商品：🛒澳洲进口lucas papaw🛒
🚫 删除商品：🛒星月蓝 保鲜冰袋 注水型400🛒
----------
📊 23个商品即将申请价格保护！
----------
🈸 🛒小米（MI）生态链九安iHea🛒
🈸 🛒合生元（BIOSTIME）儿童🛒
🈸 🛒大王（GOO.N）爱璐儿ell🛒
🈸 🛒贝亲 (Pigeon) 奶瓶清🛒
🈸 🛒世喜咬咬乐 水果咬咬袋 宝宝磨🛒
🈸 🛒宜百利 空调挡板 空调挡风板防🛒
🈸 🛒南极人NanJiren 被子被🛒
🈸 🛒小皮(LittleFreddi🛒
🈸 🛒生洪昌马桶坐垫北欧风马桶垫家用🛒
🈸 🛒眼镜脚套硅胶镜腿防滑套腿套眼睛🛒
🈸 🛒Glasslock韩国进口宝宝🛒
🈸 🛒拜格BAYCO刀具套装 家用菜🛒
🈸 🛒乐扣乐扣LOCK&LOCK辅食🛒
🈸 🛒Nest Designs婴儿睡🛒
🈸 🛒小熊（Bear）恒温调奶器0.🛒
🈸 🛒帮宝适黑金帮纸尿裤L42片（9🛒
🈸 🛒好奇 Huggies 心钻装拉🛒
🈸 🛒可优比（KUB）婴儿消毒柜带烘🛒
🈸 🛒安速 杀虫气雾剂 杀蟑 杀虫剂🛒
🈸 🛒安速 杀蟑螂药蟑螂屋蟑螂贴全窝🛒
🈸 🛒SODOLIKE盒装耐高温保鲜🛒
🈸 🛒尚岛宜家 一次性纸杯 230m🛒
🈸 🛒苏泊尔SUPOR304不锈钢小🛒
----------
⏳ 等待申请价格保护结果...
----------
📋 🛒小米（MI）生态链九安iHea🛒 
🔴 申请失败：您好，此商品未发生降价。 
🔴 失败类型:mon1
-----
📋 🛒合生元（BIOSTIME）儿童🛒 
🔴 申请失败：您好，此商品未发生降价。 
🔴 失败类型:mon1
-----
📋 🛒大王（GOO.N）爱璐儿ell🛒 
🔴 申请失败：商品本身为赠品，不支持价保。 
🔴 失败类型:sku6
-----
📋 🛒贝亲 (Pigeon) 奶瓶清🛒 
🔴 申请失败：您好，此商品未发生降价。 
🔴 失败类型:mon1
-----
📋 🛒世喜咬咬乐 水果咬咬袋 宝宝磨🛒 
🔴 申请失败：您好，此商品未发生降价。 
🔴 失败类型:mon1
-----
📋 🛒宜百利 空调挡板 空调挡风板防🛒 
🟢 申请成功：￥1
-----
📋 🛒南极人NanJiren 被子被🛒 
🔴 申请失败：您好，此商品未发生降价。 
🔴 失败类型:mon1
-----
📋 🛒小皮(LittleFreddi🛒 
🔴 申请失败：您好，此商品未发生降价。 
🔴 失败类型:mon1
-----
📋 🛒生洪昌马桶坐垫北欧风马桶垫家用🛒 
🔴 申请失败：您好，此商品卖家尚未开通价保服务，暂无法申请价保，谢谢！ 
🔴 失败类型:sku4
-----
📋 🛒眼镜脚套硅胶镜腿防滑套腿套眼睛🛒 
🔴 申请失败：您好，此商品卖家尚未开通价保服务，暂无法申请价保，谢谢！ 
🔴 失败类型:sku4
-----
📋 🛒Glasslock韩国进口宝宝🛒 
🔴 申请失败：您好，此商品未发生降价。 
🔴 失败类型:mon1
-----
📋 🛒拜格BAYCO刀具套装 家用菜🛒 
🔴 申请失败：您好，此商品未发生降价。 
🔴 失败类型:mon1
-----
📋 🛒乐扣乐扣LOCK&LOCK辅食🛒 
🔴 申请失败：您好，此商品未发生降价。 
🔴 失败类型:mon1
-----
📋 🛒Nest Designs婴儿睡🛒 
🔴 申请失败：您好，此商品未发生降价。 
🔴 失败类型:mon1
-----
📋 🛒小熊（Bear）恒温调奶器0.🛒 
🔴 申请失败：商品本身为赠品，不支持价保。 
🔴 失败类型:sku6
-----
📋 🛒帮宝适黑金帮纸尿裤L42片（9🛒 
🔴 申请失败：您好，您选择的商品下有赠品，是不支持价保的呦，请您理解。 
🔴 失败类型:sku10
-----
📋 🛒好奇 Huggies 心钻装拉🛒 
🔴 申请失败：您好，此商品未发生降价。 
🔴 失败类型:mon1
-----
📋 🛒可优比（KUB）婴儿消毒柜带烘🛒 
🔴 申请失败：您好，此商品未发生降价。 
🔴 失败类型:mon1
-----
📋 🛒安速 杀虫气雾剂 杀蟑 杀虫剂🛒 
🔴 申请失败：您好，此商品未发生降价。 
🔴 失败类型:mon1
-----
📋 🛒安速 杀蟑螂药蟑螂屋蟑螂贴全窝🛒 
🔴 申请失败：您好，此商品未发生降价。 
🔴 失败类型:mon1
-----
📋 🛒SODOLIKE盒装耐高温保鲜🛒 
🔴 申请失败：您好，此商品未发生降价。 
🔴 失败类型:mon1
-----
📋 🛒尚岛宜家 一次性纸杯 230m🛒 
🔴 申请失败：您好，此商品未发生降价。 
🔴 失败类型:mon1
-----
📋 🛒苏泊尔SUPOR304不锈钢小🛒 
🔴 申请失败：您好，此商品未发生降价。 
🔴 失败类型:mon1
-----
🧮 本次价格保护金额：1💰

==============📣系统通知📣==============
京东保价
京东账号3 chao4596758
🎉 本次价格保护金额：1💰

***********开始【账号4】jd_46df9eaa780aa********

💥 获得首页面，解析超参数
----------
🧾 获取所有价格保护列表，排除附件商品
----------
🗑 删除不符合订单
----------
🚫 删除商品：🛒闪魔 苹果12钢化膜iPhon🛒
🚫 删除商品：🛒【官网认证】苹果12充电器20🛒
----------
📊 10个商品即将申请价格保护！
----------
🈸 🛒擦玻璃清洁布吸水不掉毛无痕水印🛒
🈸 🛒智能感应式垃圾桶家用分类厨房客🛒
🈸 🛒竹韵轩（zhuyunxuan）🛒
🈸 🛒竹韵轩（zhuyunxuan）🛒
🈸 🛒竹韵轩（zhuyunxuan）🛒
🈸 🛒【送6拖布】大号刮刮桶免手洗平🛒
🈸 🛒庭好 厨房洗碗抹布【干湿两用1🛒
🈸 🛒富居(FOOJO)马桶刷 弯把🛒
🈸 🛒【秒杀！2件9折！】宣室堂 马🛒
🈸 🛒多功能无线插座转换器带usb多🛒
----------
⏳ 等待申请价格保护结果...
----------
📋 🛒擦玻璃清洁布吸水不掉毛无痕水印🛒 
🔴 申请失败：您好，此商品卖家尚未开通价保服务，暂无法申请价保，谢谢！ 
🔴 失败类型:sku4
-----
📋 🛒智能感应式垃圾桶家用分类厨房客🛒 
🔴 申请失败：您好，此商品卖家尚未开通价保服务，暂无法申请价保，谢谢！ 
🔴 失败类型:sku4
-----
📋 🛒竹韵轩（zhuyunxuan）🛒 
🔴 申请失败：您好，此商品未发生降价。 
🔴 失败类型:mon1
-----
📋 🛒竹韵轩（zhuyunxuan）🛒 
🔴 申请失败：商品本身为赠品，不支持价保。 
🔴 失败类型:sku6
-----
📋 🛒竹韵轩（zhuyunxuan）🛒 
🔴 申请失败：商品本身为赠品，不支持价保。 
🔴 失败类型:sku6
-----
📋 🛒【送6拖布】大号刮刮桶免手洗平🛒 
🔴 申请失败：您好，此商品未发生降价。 
🔴 失败类型:mon1
-----
📋 🛒庭好 厨房洗碗抹布【干湿两用1🛒 
🔴 申请失败：您好，此商品未发生降价。 
🔴 失败类型:mon1
-----
📋 🛒富居(FOOJO)马桶刷 弯把🛒 
🔴 申请失败：您好，此商品未发生降价。 
🔴 失败类型:mon1
-----
📋 🛒【秒杀！2件9折！】宣室堂 马🛒 
🟢 申请成功：￥1.38
-----
📋 🛒多功能无线插座转换器带usb多🛒 
🔴 申请失败：您好，此商品卖家尚未开通价保服务，暂无法申请价保，谢谢！ 
🔴 失败类型:sku4
-----
🧮 本次价格保护金额：1.38💰

==============📣系统通知📣==============
京东保价
京东账号4 jd_46df9eaa780aa
🎉 本次价格保护金额：1.38💰

🔔京东保价, 结束! 🕛 71.595 秒

