
🔔惊喜牧场, 开始!

====================共2个京东账号Cookie=========

==================脚本执行- 北京时间(UTC+8)：7/9/2021, 10:17:16 PM=====================

惊喜牧场
更新时间：2021-6-8
活动入口：京喜APP-我的-京喜牧场
温馨提示：请先手动完成【新手指导任务】再运行脚本

*****开始【京东账号1】Ymh__Sirius*****

获取活动信息成功
收奶牛金币
获得金币：360
完成任务：喂养白菜数量
领取金币成功，获得500

开始进行割草
开始第1次割草
获得金币：14
开始第2次割草
获得金币：5
开始第3次割草
获得金币：8
开始第4次割草
获得金币：7
开始第5次割草
获得金币：15
开始第6次割草
获得金币：15
开始第7次割草
获得金币：9
开始第8次割草
获得金币：8
开始第9次割草
获得金币：7
开始第10次割草
获得金币：15
开始第11次割草
获得金币：6
开始第12次割草
获得金币：5
开始第13次割草
获得金币：12
开始第14次割草
获得金币：11
开始第15次割草
获得金币：6
开始第16次割草
获得金币：15
开始第17次割草
获得金币：13
开始第18次割草
获得金币：5
开始第19次割草
获得金币：13
开始第20次割草
获得金币：5
开始第21次割草
获得金币：12
开始第22次割草
获得金币：9
开始第23次割草
获得金币：14
开始第24次割草
获得金币：13
开始第25次割草
获得金币：10
开始第26次割草
获得金币：9
开始第27次割草
获得金币：9
开始第28次割草
获得金币：7
开始第29次割草
获得金币：14
开始第30次割草
获得金币：9

开始进行横扫鸡腿
开始第1次横扫鸡腿
获得金币：5
开始第2次横扫鸡腿
获得金币：9
开始第3次横扫鸡腿
获得金币：7
开始第4次横扫鸡腿
获得金币：14
开始第5次横扫鸡腿
获得金币：11
开始第6次横扫鸡腿
获得金币：15
开始第7次横扫鸡腿
获得金币：12
开始第8次横扫鸡腿
获得金币：5
开始第9次横扫鸡腿
获得金币：9
开始第10次横扫鸡腿
获得金币：11
开始第11次横扫鸡腿
获得金币：13
开始第12次横扫鸡腿
获得金币：13
开始第13次横扫鸡腿
获得金币：13
开始第14次横扫鸡腿
获得金币：12
开始第15次横扫鸡腿
获得金币：11
开始第16次横扫鸡腿
获得金币：11
开始第17次横扫鸡腿
获得金币：5
开始第18次横扫鸡腿
获得金币：13
开始第19次横扫鸡腿
获得金币：5
开始第20次横扫鸡腿
获得金币：15
开始第21次横扫鸡腿
获得金币：7
开始第22次横扫鸡腿
获得金币：5
开始第23次横扫鸡腿
获得金币：7
开始第24次横扫鸡腿
获得金币：13
开始第25次横扫鸡腿
获得金币：9
开始第26次横扫鸡腿
获得金币：15
开始第27次横扫鸡腿
获得金币：8
开始第28次横扫鸡腿
获得金币：9
开始第29次横扫鸡腿
获得金币：13
开始第30次横扫鸡腿
获得金币：10
完成任务：累计找到草丛金币次数
领取金币成功，获得200
完成任务：累计找到小鸡金币次数
领取金币成功，获得200
完成任务：累计收获金蛋数量
领取金币成功，获得600
完成任务：累计找到小鸡金币次数
领取金币成功，获得200

共有白菜469颗，每次喂10颗，可以喂46次
开始第1次喂白菜
投喂成功
开始第2次喂白菜
投喂成功
开始第3次喂白菜
投喂成功
开始第4次喂白菜
投喂成功
开始第5次喂白菜
投喂成功
开始第6次喂白菜
投喂成功
开始第7次喂白菜
投喂成功
开始第8次喂白菜
投喂成功
开始第9次喂白菜
投喂成功
开始第10次喂白菜
投喂成功
开始第11次喂白菜
投喂失败，手速太快啦，稍后再操作
{"data":null,"message":"手速太快啦，稍后再操作","ret":1014}

*****开始【京东账号2】Ycp_Dream*****


温馨提示：jd_74a8d71c978d9 请先手动完成【新手指导任务】再运行脚本再运行脚本


🔔惊喜牧场, 结束! 🕛 201.646 秒

