
🔔东东超市兑换奖品, 开始!

====================共5个京东账号Cookie=========

==================脚本执行- 北京时间(UTC+8)：7/9/2021, 5:33:00 PM=====================


****开始【京东账号1】15631692383_p****

查询到您设置的是不兑换京豆选项，现在为您跳过兑换京豆。如需兑换，请去BoxJs设置或者修改脚本coinToBeans或设置环境变量MARKET_COIN_TO_BEANS


【京东账号1】15631692383_p
【兑换】


****开始【京东账号2】jd_74a8d71c978d9****

查询到您设置的是不兑换京豆选项，现在为您跳过兑换京豆。如需兑换，请去BoxJs设置或者修改脚本coinToBeans或设置环境变量MARKET_COIN_TO_BEANS


【京东账号2】jd_74a8d71c978d9
【兑换】


****开始【京东账号3】chao4596758****

查询到您设置的是不兑换京豆选项，现在为您跳过兑换京豆。如需兑换，请去BoxJs设置或者修改脚本coinToBeans或设置环境变量MARKET_COIN_TO_BEANS


【京东账号3】chao4596758
【兑换】


****开始【京东账号4】jd_46df9eaa780aa****

查询到您设置的是不兑换京豆选项，现在为您跳过兑换京豆。如需兑换，请去BoxJs设置或者修改脚本coinToBeans或设置环境变量MARKET_COIN_TO_BEANS


【京东账号4】jd_46df9eaa780aa
【兑换】


****开始【京东账号5】jd_67f63c904d8c6****

查询到您设置的是不兑换京豆选项，现在为您跳过兑换京豆。如需兑换，请去BoxJs设置或者修改脚本coinToBeans或设置环境变量MARKET_COIN_TO_BEANS


【京东账号5】jd_67f63c904d8c6
【兑换】


🔔东东超市兑换奖品, 结束! 🕛 0.024 秒

