
🔔京东直播, 开始!

====================共2个京东账号Cookie=========

==================脚本执行- 北京时间(UTC+8)：7/12/2021, 1:07:15 AM=====================


******开始【京东账号1】15631692383_p*********

任务领奖失败，京豆与你擦肩而过
去做分享直播间任务
任务领奖成功，获得 1 京豆
去做浏览直播间任务
任务领奖成功，获得 1 京豆
签到领奖成功，获得 1 京豆
京东账号115631692383_p
任务领奖成功，获得 1 京豆
任务领奖成功，获得 1 京豆
任务领奖成功，获得 1 京豆
领奖完成，共计获得 3 京豆


******开始【京东账号2】jd_74a8d71c978d9*********

任务领奖失败，京豆与你擦肩而过
去做分享直播间任务
任务领奖成功，获得 1 京豆
去做浏览直播间任务
任务领奖成功，获得 1 京豆
签到领奖成功，获得 1 京豆
京东账号2jd_74a8d71c978d9
任务领奖成功，获得 1 京豆
任务领奖成功，获得 1 京豆
任务领奖成功，获得 1 京豆
领奖完成，共计获得 3 京豆


🔔京东直播, 结束! 🕛 3.103 秒

