
🔔京东直播, 开始!

====================共2个京东账号Cookie=========

==================脚本执行- 北京时间(UTC+8)：7/9/2021, 11:30:02 PM=====================

"getaddrinfo ENOTFOUND wq.jd.com"
京东直播 API请求失败，请检查网路重试

******开始【京东账号1】15631692383_p*********

"getaddrinfo ENOTFOUND api.m.jd.com"
京东直播 API请求失败，请检查网路重试
"getaddrinfo ENOTFOUND api.m.jd.com"
京东直播 API请求失败，请检查网路重试
京东账号1
领奖完成，共计获得 0 京豆

"getaddrinfo ENOTFOUND wq.jd.com"
京东直播 API请求失败，请检查网路重试

******开始【京东账号2】jd_74a8d71c978d9*********

"getaddrinfo ENOTFOUND api.m.jd.com"
京东直播 API请求失败，请检查网路重试
"getaddrinfo ENOTFOUND api.m.jd.com"
京东直播 API请求失败，请检查网路重试
京东账号2
领奖完成，共计获得 0 京豆


🔔京东直播, 结束! 🕛 183.668 秒

