
🔔京东直播, 开始!

====================共4个京东账号Cookie=========

==================脚本执行- 北京时间(UTC+8)：6/30/2021, 3:34:19 PM=====================


******开始【京东账号1】15631692383_p*********

任务领奖失败，京豆与你擦肩而过
去做分享直播间任务
任务领奖失败，京豆与你擦肩而过
去做浏览直播间任务
任务领奖失败，京豆与你擦肩而过
任务领奖失败，京豆与你擦肩而过，马上进入精彩内容…
京东账号115631692383_p
领奖完成，共计获得 0 京豆


******开始【京东账号2】jd_74a8d71c978d9*********

任务领奖失败，京豆与你擦肩而过
去做分享直播间任务
任务领奖失败，京豆与你擦肩而过
去做浏览直播间任务
任务领奖失败，京豆与你擦肩而过
任务领奖失败，京豆与你擦肩而过，马上进入精彩内容…
京东账号2jd_74a8d71c978d9
领奖完成，共计获得 0 京豆


******开始【京东账号3】chao4596758*********

任务领奖失败，京豆与你擦肩而过
去做分享直播间任务
任务领奖失败，京豆与你擦肩而过
去做浏览直播间任务
任务领奖失败，京豆与你擦肩而过
任务领奖失败，京豆与你擦肩而过，马上进入精彩内容…
京东账号3chao4596758
领奖完成，共计获得 0 京豆


******开始【京东账号4】jd_46df9eaa780aa*********

任务领奖失败，京豆与你擦肩而过
去做分享直播间任务
任务领奖失败，京豆与你擦肩而过
去做浏览直播间任务
任务领奖失败，京豆与你擦肩而过
任务领奖失败，京豆与你擦肩而过，马上进入精彩内容…
京东账号4jd_46df9eaa780aa
领奖完成，共计获得 0 京豆


🔔京东直播, 结束! 🕛 6.578 秒

