
🔔京东直播, 开始!

====================共2个京东账号Cookie=========

==================脚本执行- 北京时间(UTC+8)：7/11/2021, 11:38:29 PM=====================


******开始【京东账号1】15631692383_p*********

任务领奖失败，京豆与你擦肩而过
去做分享直播间任务
任务领奖失败，京豆与你擦肩而过
去做浏览直播间任务
任务领奖失败，京豆与你擦肩而过
任务领奖失败，京豆与你擦肩而过，马上进入精彩内容…
京东账号115631692383_p
领奖完成，共计获得 0 京豆


******开始【京东账号2】Ycp_Dream*********

任务领奖失败，京豆与你擦肩而过
去做分享直播间任务
任务领奖成功，获得 1 京豆
去做浏览直播间任务
任务领奖成功，获得 1 京豆
签到领奖成功，获得 1 京豆
京东账号2Ycp_Dream
任务领奖成功，获得 1 京豆
任务领奖成功，获得 1 京豆
任务领奖成功，获得 1 京豆
领奖完成，共计获得 3 京豆


🔔京东直播, 结束! 🕛 8.563 秒

