
🔔京东直播, 开始!

====================共5个京东账号Cookie=========

==================脚本执行- 北京时间(UTC+8)：7/2/2021, 12:41:23 PM=====================


******开始【京东账号1】15631692383_p*********

任务领奖失败，京豆与你擦肩而过
去做分享直播间任务
任务领奖失败，京豆与你擦肩而过
去做浏览直播间任务
任务领奖失败，京豆与你擦肩而过
任务领奖失败，京豆与你擦肩而过，马上进入精彩内容…
京东账号115631692383_p
领奖完成，共计获得 0 京豆


******开始【京东账号2】Ycp_Dream*********

任务领奖失败，京豆与你擦肩而过
去做分享直播间任务
任务领奖失败，京豆与你擦肩而过
去做浏览直播间任务
任务领奖失败，京豆与你擦肩而过
任务领奖失败，京豆与你擦肩而过，马上进入精彩内容…
京东账号2Ycp_Dream
领奖完成，共计获得 0 京豆


******开始【京东账号3】jd_585601a83bd48*********

任务领奖失败，京豆与你擦肩而过
去做分享直播间任务
任务领奖失败，京豆与你擦肩而过
去做浏览直播间任务
任务领奖失败，京豆与你擦肩而过
任务领奖失败，京豆与你擦肩而过，马上进入精彩内容…
京东账号3jd_585601a83bd48
领奖完成，共计获得 0 京豆


******开始【京东账号4】jd_157332ewky*********

任务领奖失败，京豆与你擦肩而过
去做分享直播间任务
任务领奖失败，京豆与你擦肩而过
去做浏览直播间任务
任务领奖失败，京豆与你擦肩而过
任务领奖失败，京豆与你擦肩而过，马上进入精彩内容…
京东账号4jd_157332ewky
领奖完成，共计获得 0 京豆


******开始【京东账号5】jd_157332zdf*********

任务领奖失败，京豆与你擦肩而过
去做分享直播间任务
任务领奖失败，京豆与你擦肩而过
去做浏览直播间任务
任务领奖失败，京豆与你擦肩而过
任务领奖失败，京豆与你擦肩而过，马上进入精彩内容…
京东账号5jd_157332zdf
领奖完成，共计获得 0 京豆


🔔京东直播, 结束! 🕛 21.765 秒

