
🔔京喜财富岛, 开始!

====================共4个京东账号Cookie=========

==================脚本执行- 北京时间(UTC+8)：6/30/2021, 2:12:34 PM=====================

开始获取京喜财富岛配置文件

您提供了0个账号的京喜财富岛助力码

获取签名参数成功！
fp: 1962608992711162
token: tk01wa0971bcfa8ncTkxczF2TGE3/5O+wRdEIxLovaWb/7qMXMH0FczQKjJLXKBMqm7XzlDBVODsIs7blOr/blm89oH7
enCryptMethodJD: function test(token,fingerprint,timestamp,appId,algo){const random='MSk6dxR4mUoh';const str=`${token}${fingerprint}${timestamp}${appId}${random}`;return algo.SHA512(str)}

开始【京东账号1】Ymh__Sirius

由于您第1个京东账号未提供shareCode,将采纳本脚本自带的助力码

开始
第1个京东账号将要助力的好友["FA00A56D50C6589BC941527DE216A632B89CC0D5A39956B11BD5AB8B02EAA6B3","A13A472C0826D29815C0E8DB1E416FF2631415379A71B880F9BC7298743E02C9","AC44A799D9BD875DA9F3CAF1D06E7EBC10F916A6BFF7E4A4053422C8289DD22F","E328E35084A30DCE3B6CDA262D241942A75FBF859B66B47F7BD6B144C715143A","3E4FCA1315E7D614686CCCC2386FDBC5AEB6E10E5EFC25AEEA12C211E8BE3509","C615955B40B3721E7AD21DF5EE697CBEC43A66D310269452600CF291E26BCF59","1C06C35CCD990D362BC4A10808EA7EE18DD56B7347A52198C9B9EC0D19F791BA","21ECA8C831E3FFD014FB5EA53A5C1EA02A835A31CFE4E7D1B5F5C676A860B6A5","44099A7213D08369EA6953377B7214B7817FEE9CB02177E09FBFEAA5232F47AD","7FF8E184072BC6A974D496188793B09243AFC4AEB971E5F559D219C20239415A","BA6B937DD9ED1D204E2410CAE804D55DE13247DE96B95B7D1D7D7CE9281D92AB","786244973ED40333D34F1A4BAE5A3FD5165FA58B320CE6C9B603D6358CD0E5C9","5F9D6DF5A4A56BCA001F0EFC20E14D0B1AAABBDE7CC6245F7DEA2D363F920AE6","69232A74C7EA864981BDFF0E96EBD094852A57B4EC0F6200E93AF1252C47CAF1","5FC094BB67D47C42C51B7980EB8A3B6D0A73B81904E60D46366396BA5B836E55","FDA07FE3254918F58F8C52B4EC19B9C86DBCF0300937E64BE5A8D2696BA57375","69232A74C7EA864981BDFF0E96EBD094852A57B4EC0F6200E93AF1252C47CAF1","AA84E76C60EEC2A2BB3BF8EBD65175527C5D3D7FCCA2781E01E2E1F8CA85F650","A9E06C370818371E014ADB8CCDBBBC74FFEED5CF0F503725481E82E73CE7E63C","69C9B1E2CC75DBC3BAF7F08BD293373F5102E39AFC7D6577797FBFD0908E9E69","F45CB4F07997DFE748E5656521A9034446A1568F6950206B0D44A5664662275D"]

获取用户信息：success


当前等级:25,财富值:5787637

财富岛好友互助码每次运行都变化,旧的可继续使用

【京东账号1（15631692383_p）的京喜财富岛好友互助码】C28A126BC325426BDEBE8D8BBC469EFD5B92D2D6213F882E7B96E02CD1049ABC



签到列表：success


📌签到：你今日已签到过啦，请明天再来
待开通场景ID列表sceneList;["1003"]

【欢乐牧场】🏝岛主 : 获取财富值：¥ 29 


【欢乐牧场】👬好友: 没有可收取钞票 

【欢乐牧场领取红包】 招工人数不达标

【便利店】🏝岛主 : 获取财富值：¥ 14 


【便利店】👬好友: 没有可收取钞票 

"Timeout awaiting 'request' for 10000ms"
京喜财富岛 API请求失败，请检查网路重试
【便利店领取红包】参数错误

获取【📆日常任务】列表 ，总共5个任务！


开始第1个【📆日常任务】：每日三餐上岛

每日三餐上岛【做日常任务】：任务进行中或者未到任务时间


每日三餐上岛【领日常奖励】：任务为成就任务或者未到任务时间


结束第1个【📆日常任务】：每日三餐上岛


开始第2个【📆日常任务】：关注浏览京喜好店

关注浏览京喜好店【做日常任务】：任务进行中或者未到任务时间


关注浏览京喜好店【领日常奖励】：任务为成就任务或者未到任务时间


结束第2个【📆日常任务】：关注浏览京喜好店


开始第3个【📆日常任务】：特卖商品1元起

特卖商品1元起【做日常任务】：任务进行中或者未到任务时间


特卖商品1元起【领日常奖励】：任务为成就任务或者未到任务时间


结束第3个【📆日常任务】：特卖商品1元起


开始第4个【📆日常任务】：邀请岛民好友首次上岛

邀请岛民好友首次上岛【做日常任务】：任务进行中或者未到任务时间


邀请岛民好友首次上岛【领日常奖励】：任务为成就任务或者未到任务时间


结束第4个【📆日常任务】：邀请岛民好友首次上岛


开始第5个【📆日常任务】：去岛屿商城下一单

去岛屿商城下一单【做日常任务】：任务进行中或者未到任务时间


去岛屿商城下一单【领日常奖励】：任务为成就任务或者未到任务时间


结束第5个【📆日常任务】：去岛屿商城下一单


🎁寻宝：寻宝次数不足

获取【🎖成就任务】列表 ，总共0个任务！


【🏝寻宝大作战】【全民暴富岛】开宝箱：宝箱已开启过！

【🏝寻宝大作战】【好运连连岛】开宝箱：未达到宝箱开启条件，快去邀请好友助力吧！

【🏝寻宝大作战】【平安喜乐岛】开宝箱：未达到宝箱开启条件，快去邀请好友助力吧！

【🏝寻宝大作战】【万事大吉岛】开宝箱：未达到宝箱开启条件，快去邀请好友助力吧！


你的【🏝寻宝大作战】互助码: Jxcfd_GroupId_342_71855012(每天都变化,旧的不可用)


去助力好友 【FA00A56D50C6589BC941527DE216A632B89CC0D5A39956B11BD5AB8B02EAA6B3】
"Response code 401 (Unauthorized)"
京喜财富岛 createSuperAssistUser JoinScene API请求失败，请检查网路重试
普通助力(招工)结果:{"dwAwardExperience":500,"dwAwardMany":500,"dwCurTime":1625033673,"iRet":2005,"sErrMsg":"每天打工次数上限","strPin":"15631692383_p"}


开始【京东账号2】Ycp_Dream

由于您第2个京东账号未提供shareCode,将采纳本脚本自带的助力码

开始
第2个京东账号将要助力的好友["FA00A56D50C6589BC941527DE216A632B89CC0D5A39956B11BD5AB8B02EAA6B3","A13A472C0826D29815C0E8DB1E416FF2631415379A71B880F9BC7298743E02C9","AC44A799D9BD875DA9F3CAF1D06E7EBC10F916A6BFF7E4A4053422C8289DD22F","E328E35084A30DCE3B6CDA262D241942A75FBF859B66B47F7BD6B144C715143A","3E4FCA1315E7D614686CCCC2386FDBC5AEB6E10E5EFC25AEEA12C211E8BE3509","C615955B40B3721E7AD21DF5EE697CBEC43A66D310269452600CF291E26BCF59","1C06C35CCD990D362BC4A10808EA7EE18DD56B7347A52198C9B9EC0D19F791BA","21ECA8C831E3FFD014FB5EA53A5C1EA02A835A31CFE4E7D1B5F5C676A860B6A5","44099A7213D08369EA6953377B7214B7817FEE9CB02177E09FBFEAA5232F47AD","7FF8E184072BC6A974D496188793B09243AFC4AEB971E5F559D219C20239415A","BA6B937DD9ED1D204E2410CAE804D55DE13247DE96B95B7D1D7D7CE9281D92AB","786244973ED40333D34F1A4BAE5A3FD5165FA58B320CE6C9B603D6358CD0E5C9","5F9D6DF5A4A56BCA001F0EFC20E14D0B1AAABBDE7CC6245F7DEA2D363F920AE6","69232A74C7EA864981BDFF0E96EBD094852A57B4EC0F6200E93AF1252C47CAF1","5FC094BB67D47C42C51B7980EB8A3B6D0A73B81904E60D46366396BA5B836E55","FDA07FE3254918F58F8C52B4EC19B9C86DBCF0300937E64BE5A8D2696BA57375","69232A74C7EA864981BDFF0E96EBD094852A57B4EC0F6200E93AF1252C47CAF1","AA84E76C60EEC2A2BB3BF8EBD65175527C5D3D7FCCA2781E01E2E1F8CA85F650","A9E06C370818371E014ADB8CCDBBBC74FFEED5CF0F503725481E82E73CE7E63C","69C9B1E2CC75DBC3BAF7F08BD293373F5102E39AFC7D6577797FBFD0908E9E69","F45CB4F07997DFE748E5656521A9034446A1568F6950206B0D44A5664662275D"]

获取用户信息：success


当前等级:9,财富值:785509

财富岛好友互助码每次运行都变化,旧的可继续使用

【京东账号2（jd_74a8d71c978d9）的京喜财富岛好友互助码】8B214CC66D6AD674E5BF2B0D678AE968CCF0E2C0D5E87327DCD54B532AFD70CE



签到列表：success


📌签到：你今日已签到过啦，请明天再来
待开通场景ID列表sceneList;["1002","1003"]

【欢乐牧场】🏝岛主 : 获取财富值：¥ 28 


【欢乐牧场】👬好友: 没有可收取钞票 

【欢乐牧场领取红包】 招工人数不达标

获取【📆日常任务】列表 ，总共6个任务！


开始第1个【📆日常任务】：每日三餐上岛
"Timeout awaiting 'request' for 10000ms"
京喜财富岛 API请求失败，请检查网路重试

每日三餐上岛【做日常任务】：任务进行中或者未到任务时间


每日三餐上岛【领日常奖励】：任务为成就任务或者未到任务时间


结束第1个【📆日常任务】：每日三餐上岛


开始第2个【📆日常任务】：每日三餐上岛

每日三餐上岛【做日常任务】：任务进行中或者未到任务时间


每日三餐上岛【领日常奖励】：任务为成就任务或者未到任务时间


结束第2个【📆日常任务】：每日三餐上岛


开始第3个【📆日常任务】：关注浏览京喜好店

关注浏览京喜好店【做日常任务】：任务进行中或者未到任务时间


关注浏览京喜好店【领日常奖励】：任务为成就任务或者未到任务时间


结束第3个【📆日常任务】：关注浏览京喜好店


开始第4个【📆日常任务】：特卖商品1元起

特卖商品1元起【做日常任务】：任务进行中或者未到任务时间


特卖商品1元起【领日常奖励】：任务为成就任务或者未到任务时间


结束第4个【📆日常任务】：特卖商品1元起


开始第5个【📆日常任务】：邀请岛民好友首次上岛

邀请岛民好友首次上岛【做日常任务】：任务进行中或者未到任务时间


邀请岛民好友首次上岛【领日常奖励】：任务为成就任务或者未到任务时间


结束第5个【📆日常任务】：邀请岛民好友首次上岛


开始第6个【📆日常任务】：去岛屿商城下一单

去岛屿商城下一单【做日常任务】：任务进行中或者未到任务时间


去岛屿商城下一单【领日常奖励】：任务为成就任务或者未到任务时间


结束第6个【📆日常任务】：去岛屿商城下一单


🎁寻宝：宝藏冷却中，请等待冷却完毕

🎁寻宝：宝藏冷却中，请等待冷却完毕

🎁寻宝：宝藏冷却中，请等待冷却完毕

🎁寻宝：宝藏冷却中，请等待冷却完毕

🎁寻宝：宝藏冷却中，请等待冷却完毕

获取【🎖成就任务】列表 ，总共0个任务！


【🏝寻宝大作战】【全民暴富岛】开宝箱：未达到宝箱开启条件，快去邀请好友助力吧！

【🏝寻宝大作战】【好运连连岛】开宝箱：未达到宝箱开启条件，快去邀请好友助力吧！

【🏝寻宝大作战】【平安喜乐岛】开宝箱：未达到宝箱开启条件，快去邀请好友助力吧！

【🏝寻宝大作战】【万事大吉岛】开宝箱：未达到宝箱开启条件，快去邀请好友助力吧！


你的【🏝寻宝大作战】互助码: Jxcfd_GroupId_342_71903666(每天都变化,旧的不可用)


去助力好友 【FA00A56D50C6589BC941527DE216A632B89CC0D5A39956B11BD5AB8B02EAA6B3】
超级助力(超级工人)结果:{"dwAwardExperience":500,"dwAwardMany":500,"dwCurTime":1625033784,"iRet":2009,"sErrMsg":"招工已满","strPin":"jd_74a8d71c978d9"}

"Response code 401 (Unauthorized)"
京喜财富岛 createAssistUser JoinScene API请求失败，请检查网路重试
去助力好友 【A13A472C0826D29815C0E8DB1E416FF2631415379A71B880F9BC7298743E02C9】
"Response code 401 (Unauthorized)"
京喜财富岛 createSuperAssistUser JoinScene API请求失败，请检查网路重试
普通助力(招工)结果:{"dwAwardExperience":500,"dwAwardMany":500,"dwCurTime":1625033821,"iRet":2009,"sErrMsg":"招工已满","strPin":"jd_74a8d71c978d9"}

去助力好友 【AC44A799D9BD875DA9F3CAF1D06E7EBC10F916A6BFF7E4A4053422C8289DD22F】
超级助力(超级工人)结果:{"dwAwardExperience":500,"dwAwardMany":500,"dwCurTime":1625033838,"iRet":2003,"sErrMsg":"系统繁忙,请稍候再试","strPin":"jd_74a8d71c978d9"}

普通助力(招工)结果:{"dwAwardExperience":500,"dwAwardMany":500,"dwCurTime":1625033848,"iRet":2009,"sErrMsg":"招工已满","strPin":"jd_74a8d71c978d9"}

去助力好友 【E328E35084A30DCE3B6CDA262D241942A75FBF859B66B47F7BD6B144C715143A】
超级助力(超级工人)结果:{"dwAwardExperience":500,"dwAwardMany":500,"dwCurTime":1625033860,"iRet":2009,"sErrMsg":"招工已满","strPin":"jd_74a8d71c978d9"}

"Response code 401 (Unauthorized)"
京喜财富岛 createAssistUser JoinScene API请求失败，请检查网路重试
去助力好友 【3E4FCA1315E7D614686CCCC2386FDBC5AEB6E10E5EFC25AEEA12C211E8BE3509】
超级助力(超级工人)结果:{"dwAwardExperience":500,"dwAwardMany":500,"dwCurTime":1625033886,"iRet":2009,"sErrMsg":"招工已满","strPin":"jd_74a8d71c978d9"}

普通助力(招工)结果:{"dwAwardExperience":500,"dwAwardMany":500,"dwCurTime":1625033896,"iRet":2009,"sErrMsg":"招工已满","strPin":"jd_74a8d71c978d9"}

去助力好友 【C615955B40B3721E7AD21DF5EE697CBEC43A66D310269452600CF291E26BCF59】
"Response code 401 (Unauthorized)"
京喜财富岛 createSuperAssistUser JoinScene API请求失败，请检查网路重试
普通助力(招工)结果:{"dwAwardExperience":500,"dwAwardMany":500,"dwCurTime":1625033918,"iRet":2009,"sErrMsg":"招工已满","strPin":"jd_74a8d71c978d9"}

去助力好友 【1C06C35CCD990D362BC4A10808EA7EE18DD56B7347A52198C9B9EC0D19F791BA】
超级助力(超级工人)结果:{"dwAwardExperience":500,"dwAwardMany":500,"dwCurTime":1625033930,"iRet":2009,"sErrMsg":"招工已满","strPin":"jd_74a8d71c978d9"}

普通助力(招工)结果:{"dwAwardExperience":500,"dwAwardMany":500,"dwCurTime":1625033940,"iRet":2009,"sErrMsg":"招工已满","strPin":"jd_74a8d71c978d9"}

去助力好友 【21ECA8C831E3FFD014FB5EA53A5C1EA02A835A31CFE4E7D1B5F5C676A860B6A5】
"Response code 401 (Unauthorized)"
京喜财富岛 createSuperAssistUser JoinScene API请求失败，请检查网路重试
普通助力(招工)结果:{"dwAwardExperience":500,"dwAwardMany":500,"dwCurTime":1625033963,"iRet":2009,"sErrMsg":"招工已满","strPin":"jd_74a8d71c978d9"}

去助力好友 【44099A7213D08369EA6953377B7214B7817FEE9CB02177E09FBFEAA5232F47AD】
"Response code 401 (Unauthorized)"
京喜财富岛 createSuperAssistUser JoinScene API请求失败，请检查网路重试
"Response code 401 (Unauthorized)"
京喜财富岛 createAssistUser JoinScene API请求失败，请检查网路重试
去助力好友 【7FF8E184072BC6A974D496188793B09243AFC4AEB971E5F559D219C20239415A】
超级助力(超级工人)结果:{"dwAwardExperience":500,"dwAwardMany":500,"dwCurTime":1625033997,"iRet":2009,"sErrMsg":"招工已满","strPin":"jd_74a8d71c978d9"}

普通助力(招工)结果:{"dwAwardExperience":500,"dwAwardMany":500,"dwCurTime":1625034007,"iRet":2009,"sErrMsg":"招工已满","strPin":"jd_74a8d71c978d9"}

去助力好友 【BA6B937DD9ED1D204E2410CAE804D55DE13247DE96B95B7D1D7D7CE9281D92AB】
超级助力(超级工人)结果:{"dwAwardExperience":500,"dwAwardMany":500,"dwCurTime":1625034019,"iRet":2009,"sErrMsg":"招工已满","strPin":"jd_74a8d71c978d9"}

普通助力(招工)结果:{"dwAwardExperience":500,"dwAwardMany":500,"dwCurTime":1625034030,"iRet":2009,"sErrMsg":"招工已满","strPin":"jd_74a8d71c978d9"}

去助力好友 【786244973ED40333D34F1A4BAE5A3FD5165FA58B320CE6C9B603D6358CD0E5C9】
超级助力(超级工人)结果:{"dwAwardExperience":500,"dwAwardMany":500,"dwCurTime":1625034042,"iRet":2009,"sErrMsg":"招工已满","strPin":"jd_74a8d71c978d9"}

"Response code 401 (Unauthorized)"
京喜财富岛 createAssistUser JoinScene API请求失败，请检查网路重试
去助力好友 【5F9D6DF5A4A56BCA001F0EFC20E14D0B1AAABBDE7CC6245F7DEA2D363F920AE6】
超级助力(超级工人)结果:{"dwAwardExperience":500,"dwAwardMany":500,"dwCurTime":1625034064,"iRet":2009,"sErrMsg":"招工已满","strPin":"jd_74a8d71c978d9"}

"Response code 401 (Unauthorized)"
京喜财富岛 createAssistUser JoinScene API请求失败，请检查网路重试
去助力好友 【69232A74C7EA864981BDFF0E96EBD094852A57B4EC0F6200E93AF1252C47CAF1】
超级助力(超级工人)结果:{"dwAwardExperience":500,"dwAwardMany":500,"dwCurTime":1625034086,"iRet":2009,"sErrMsg":"招工已满","strPin":"jd_74a8d71c978d9"}

普通助力(招工)结果:{"dwAwardExperience":500,"dwAwardMany":500,"dwCurTime":1625034097,"iRet":2009,"sErrMsg":"招工已满","strPin":"jd_74a8d71c978d9"}

去助力好友 【5FC094BB67D47C42C51B7980EB8A3B6D0A73B81904E60D46366396BA5B836E55】
"Response code 401 (Unauthorized)"
京喜财富岛 createSuperAssistUser JoinScene API请求失败，请检查网路重试
普通助力(招工)结果:{"dwAwardExperience":500,"dwAwardMany":500,"dwCurTime":1625034119,"iRet":2009,"sErrMsg":"招工已满","strPin":"jd_74a8d71c978d9"}

去助力好友 【FDA07FE3254918F58F8C52B4EC19B9C86DBCF0300937E64BE5A8D2696BA57375】
超级助力(超级工人)结果:{"dwAwardExperience":500,"dwAwardMany":500,"dwCurTime":1625034136,"iRet":2009,"sErrMsg":"招工已满","strPin":"jd_74a8d71c978d9"}

普通助力(招工)结果:{"dwAwardExperience":500,"dwAwardMany":500,"dwCurTime":1625034146,"iRet":2009,"sErrMsg":"招工已满","strPin":"jd_74a8d71c978d9"}

去助力好友 【69232A74C7EA864981BDFF0E96EBD094852A57B4EC0F6200E93AF1252C47CAF1】
超级助力(超级工人)结果:{"dwAwardExperience":500,"dwAwardMany":500,"dwCurTime":1625034158,"iRet":2009,"sErrMsg":"招工已满","strPin":"jd_74a8d71c978d9"}

普通助力(招工)结果:{"dwAwardExperience":500,"dwAwardMany":500,"dwCurTime":1625034168,"iRet":2009,"sErrMsg":"招工已满","strPin":"jd_74a8d71c978d9"}

去助力好友 【AA84E76C60EEC2A2BB3BF8EBD65175527C5D3D7FCCA2781E01E2E1F8CA85F650】
"Response code 401 (Unauthorized)"
京喜财富岛 createSuperAssistUser JoinScene API请求失败，请检查网路重试
普通助力(招工)结果:{"dwAwardExperience":500,"dwAwardMany":500,"dwCurTime":1625034191,"iRet":2009,"sErrMsg":"招工已满","strPin":"jd_74a8d71c978d9"}

去助力好友 【A9E06C370818371E014ADB8CCDBBBC74FFEED5CF0F503725481E82E73CE7E63C】
超级助力(超级工人)结果:{"dwAwardExperience":500,"dwAwardMany":500,"dwCurTime":1625034203,"iRet":2009,"sErrMsg":"招工已满","strPin":"jd_74a8d71c978d9"}

普通助力(招工)结果:{"dwAwardExperience":500,"dwAwardMany":500,"dwCurTime":1625034213,"iRet":2009,"sErrMsg":"招工已满","strPin":"jd_74a8d71c978d9"}

去助力好友 【69C9B1E2CC75DBC3BAF7F08BD293373F5102E39AFC7D6577797FBFD0908E9E69】
超级助力(超级工人)结果:{"dwAwardExperience":500,"dwAwardMany":500,"dwCurTime":1625034230,"iRet":2009,"sErrMsg":"招工已满","strPin":"jd_74a8d71c978d9"}

"Response code 401 (Unauthorized)"
京喜财富岛 createAssistUser JoinScene API请求失败，请检查网路重试
去助力好友 【F45CB4F07997DFE748E5656521A9034446A1568F6950206B0D44A5664662275D】
超级助力(超级工人)结果:{"dwAwardExperience":500,"dwAwardMany":500,"dwCurTime":1625034252,"iRet":2009,"sErrMsg":"招工已满","strPin":"jd_74a8d71c978d9"}

普通助力(招工)结果:{"dwAwardExperience":500,"dwAwardMany":500,"dwCurTime":1625034263,"iRet":2009,"sErrMsg":"招工已满","strPin":"jd_74a8d71c978d9"}


开始【京东账号3】jd_585601a83bd48

由于您第3个京东账号未提供shareCode,将采纳本脚本自带的助力码

开始
第3个京东账号将要助力的好友["FA00A56D50C6589BC941527DE216A632B89CC0D5A39956B11BD5AB8B02EAA6B3","A13A472C0826D29815C0E8DB1E416FF2631415379A71B880F9BC7298743E02C9","AC44A799D9BD875DA9F3CAF1D06E7EBC10F916A6BFF7E4A4053422C8289DD22F","E328E35084A30DCE3B6CDA262D241942A75FBF859B66B47F7BD6B144C715143A","3E4FCA1315E7D614686CCCC2386FDBC5AEB6E10E5EFC25AEEA12C211E8BE3509","C615955B40B3721E7AD21DF5EE697CBEC43A66D310269452600CF291E26BCF59","1C06C35CCD990D362BC4A10808EA7EE18DD56B7347A52198C9B9EC0D19F791BA","21ECA8C831E3FFD014FB5EA53A5C1EA02A835A31CFE4E7D1B5F5C676A860B6A5","44099A7213D08369EA6953377B7214B7817FEE9CB02177E09FBFEAA5232F47AD","7FF8E184072BC6A974D496188793B09243AFC4AEB971E5F559D219C20239415A","BA6B937DD9ED1D204E2410CAE804D55DE13247DE96B95B7D1D7D7CE9281D92AB","786244973ED40333D34F1A4BAE5A3FD5165FA58B320CE6C9B603D6358CD0E5C9","5F9D6DF5A4A56BCA001F0EFC20E14D0B1AAABBDE7CC6245F7DEA2D363F920AE6","69232A74C7EA864981BDFF0E96EBD094852A57B4EC0F6200E93AF1252C47CAF1","5FC094BB67D47C42C51B7980EB8A3B6D0A73B81904E60D46366396BA5B836E55","FDA07FE3254918F58F8C52B4EC19B9C86DBCF0300937E64BE5A8D2696BA57375","69232A74C7EA864981BDFF0E96EBD094852A57B4EC0F6200E93AF1252C47CAF1","AA84E76C60EEC2A2BB3BF8EBD65175527C5D3D7FCCA2781E01E2E1F8CA85F650","A9E06C370818371E014ADB8CCDBBBC74FFEED5CF0F503725481E82E73CE7E63C","69C9B1E2CC75DBC3BAF7F08BD293373F5102E39AFC7D6577797FBFD0908E9E69","F45CB4F07997DFE748E5656521A9034446A1568F6950206B0D44A5664662275D"]

获取用户信息：success


当前等级:9,财富值:756848

财富岛好友互助码每次运行都变化,旧的可继续使用

【京东账号3（chao4596758）的京喜财富岛好友互助码】3CFFE538D0B9D8B6DFAE72DBD9E18EC1D12DC02729E524976269EC893E562347



签到列表：success


📌签到：你今日已签到过啦，请明天再来
待开通场景ID列表sceneList;["1002","1003"]

【欢乐牧场】🏝岛主 : 获取财富值：¥ 26 


【欢乐牧场】👬好友: 没有可收取钞票 

【欢乐牧场领取红包】 招工人数不达标

获取【📆日常任务】列表 ，总共6个任务！

"Timeout awaiting 'request' for 10000ms"
京喜财富岛 API请求失败，请检查网路重试

开始第1个【📆日常任务】：每日三餐上岛

每日三餐上岛【做日常任务】：任务进行中或者未到任务时间


每日三餐上岛【领日常奖励】：任务为成就任务或者未到任务时间


结束第1个【📆日常任务】：每日三餐上岛


开始第2个【📆日常任务】：每日三餐上岛

每日三餐上岛【做日常任务】：任务进行中或者未到任务时间


每日三餐上岛【领日常奖励】：任务为成就任务或者未到任务时间


结束第2个【📆日常任务】：每日三餐上岛


开始第3个【📆日常任务】：关注浏览京喜好店

关注浏览京喜好店【做日常任务】：任务进行中或者未到任务时间


关注浏览京喜好店【领日常奖励】：任务为成就任务或者未到任务时间


结束第3个【📆日常任务】：关注浏览京喜好店


开始第4个【📆日常任务】：特卖商品1元起

特卖商品1元起【做日常任务】：任务进行中或者未到任务时间


特卖商品1元起【领日常奖励】：任务为成就任务或者未到任务时间


结束第4个【📆日常任务】：特卖商品1元起


开始第5个【📆日常任务】：邀请岛民好友首次上岛

邀请岛民好友首次上岛【做日常任务】：任务进行中或者未到任务时间


邀请岛民好友首次上岛【领日常奖励】：任务为成就任务或者未到任务时间


结束第5个【📆日常任务】：邀请岛民好友首次上岛


开始第6个【📆日常任务】：去岛屿商城下一单

去岛屿商城下一单【做日常任务】：任务进行中或者未到任务时间


去岛屿商城下一单【领日常奖励】：任务为成就任务或者未到任务时间


结束第6个【📆日常任务】：去岛屿商城下一单


🎁寻宝：宝藏冷却中，请等待冷却完毕

🎁寻宝：宝藏冷却中，请等待冷却完毕

🎁寻宝：宝藏冷却中，请等待冷却完毕

🎁寻宝：宝藏冷却中，请等待冷却完毕

🎁寻宝：宝藏冷却中，请等待冷却完毕

获取【🎖成就任务】列表 ，总共0个任务！


【🏝寻宝大作战】【全民暴富岛】开宝箱：宝箱已开启过！

【🏝寻宝大作战】【好运连连岛】开宝箱：未达到宝箱开启条件，快去邀请好友助力吧！

【🏝寻宝大作战】【平安喜乐岛】开宝箱：未达到宝箱开启条件，快去邀请好友助力吧！

【🏝寻宝大作战】【万事大吉岛】开宝箱：未达到宝箱开启条件，快去邀请好友助力吧！


你的【🏝寻宝大作战】互助码: Jxcfd_GroupId_342_71907285(每天都变化,旧的不可用)


去助力好友 【FA00A56D50C6589BC941527DE216A632B89CC0D5A39956B11BD5AB8B02EAA6B3】
超级助力(超级工人)结果:{"dwAwardExperience":500,"dwAwardMany":500,"dwCurTime":1625034393,"iRet":2009,"sErrMsg":"招工已满","strPin":"chao4596758"}

普通助力(招工)结果:{"dwAwardExperience":500,"dwAwardMany":500,"dwCurTime":1625034403,"iRet":2009,"sErrMsg":"招工已满","strPin":"chao4596758"}

去助力好友 【A13A472C0826D29815C0E8DB1E416FF2631415379A71B880F9BC7298743E02C9】
超级助力(超级工人)结果:{"dwAwardExperience":500,"dwAwardMany":500,"dwCurTime":1625034416,"iRet":2009,"sErrMsg":"招工已满","strPin":"chao4596758"}

"Response code 401 (Unauthorized)"
京喜财富岛 createAssistUser JoinScene API请求失败，请检查网路重试
去助力好友 【AC44A799D9BD875DA9F3CAF1D06E7EBC10F916A6BFF7E4A4053422C8289DD22F】
"Response code 401 (Unauthorized)"
京喜财富岛 createSuperAssistUser JoinScene API请求失败，请检查网路重试
普通助力(招工)结果:{"dwAwardExperience":500,"dwAwardMany":500,"dwCurTime":1625034453,"iRet":2009,"sErrMsg":"招工已满","strPin":"chao4596758"}

去助力好友 【E328E35084A30DCE3B6CDA262D241942A75FBF859B66B47F7BD6B144C715143A】
"Response code 401 (Unauthorized)"
京喜财富岛 createSuperAssistUser JoinScene API请求失败，请检查网路重试
普通助力(招工)结果:{"dwAwardExperience":500,"dwAwardMany":500,"dwCurTime":1625034476,"iRet":2009,"sErrMsg":"招工已满","strPin":"chao4596758"}

去助力好友 【3E4FCA1315E7D614686CCCC2386FDBC5AEB6E10E5EFC25AEEA12C211E8BE3509】
"Response code 401 (Unauthorized)"
京喜财富岛 createSuperAssistUser JoinScene API请求失败，请检查网路重试
"Response code 401 (Unauthorized)"
京喜财富岛 createAssistUser JoinScene API请求失败，请检查网路重试
去助力好友 【C615955B40B3721E7AD21DF5EE697CBEC43A66D310269452600CF291E26BCF59】
超级助力(超级工人)结果:{"dwAwardExperience":500,"dwAwardMany":500,"dwCurTime":1625034510,"iRet":2009,"sErrMsg":"招工已满","strPin":"chao4596758"}

普通助力(招工)结果:{"dwAwardExperience":500,"dwAwardMany":500,"dwCurTime":1625034520,"iRet":2009,"sErrMsg":"招工已满","strPin":"chao4596758"}

去助力好友 【1C06C35CCD990D362BC4A10808EA7EE18DD56B7347A52198C9B9EC0D19F791BA】
超级助力(超级工人)结果:{"dwAwardExperience":500,"dwAwardMany":500,"dwCurTime":1625034532,"iRet":2009,"sErrMsg":"招工已满","strPin":"chao4596758"}

普通助力(招工)结果:{"dwAwardExperience":500,"dwAwardMany":500,"dwCurTime":1625034547,"iRet":2009,"sErrMsg":"招工已满","strPin":"chao4596758"}

去助力好友 【21ECA8C831E3FFD014FB5EA53A5C1EA02A835A31CFE4E7D1B5F5C676A860B6A5】
"Response code 401 (Unauthorized)"
京喜财富岛 createSuperAssistUser JoinScene API请求失败，请检查网路重试
"Response code 401 (Unauthorized)"
京喜财富岛 createAssistUser JoinScene API请求失败，请检查网路重试
去助力好友 【44099A7213D08369EA6953377B7214B7817FEE9CB02177E09FBFEAA5232F47AD】
超级助力(超级工人)结果:{"dwAwardExperience":500,"dwAwardMany":500,"dwCurTime":1625034582,"iRet":2009,"sErrMsg":"招工已满","strPin":"chao4596758"}

普通助力(招工)结果:{"dwAwardExperience":500,"dwAwardMany":500,"dwCurTime":1625034592,"iRet":2009,"sErrMsg":"招工已满","strPin":"chao4596758"}

去助力好友 【7FF8E184072BC6A974D496188793B09243AFC4AEB971E5F559D219C20239415A】
"Response code 401 (Unauthorized)"
京喜财富岛 createSuperAssistUser JoinScene API请求失败，请检查网路重试
"Response code 401 (Unauthorized)"
京喜财富岛 createAssistUser JoinScene API请求失败，请检查网路重试
去助力好友 【BA6B937DD9ED1D204E2410CAE804D55DE13247DE96B95B7D1D7D7CE9281D92AB】
"Response code 401 (Unauthorized)"
京喜财富岛 createSuperAssistUser JoinScene API请求失败，请检查网路重试
"Response code 401 (Unauthorized)"
京喜财富岛 createAssistUser JoinScene API请求失败，请检查网路重试
去助力好友 【786244973ED40333D34F1A4BAE5A3FD5165FA58B320CE6C9B603D6358CD0E5C9】
超级助力(超级工人)结果:{"dwAwardExperience":500,"dwAwardMany":500,"dwCurTime":1625034654,"iRet":2009,"sErrMsg":"招工已满","strPin":"chao4596758"}

普通助力(招工)结果:{"dwAwardExperience":500,"dwAwardMany":500,"dwCurTime":1625034669,"iRet":2009,"sErrMsg":"招工已满","strPin":"chao4596758"}

去助力好友 【5F9D6DF5A4A56BCA001F0EFC20E14D0B1AAABBDE7CC6245F7DEA2D363F920AE6】
超级助力(超级工人)结果:{"dwAwardExperience":500,"dwAwardMany":500,"dwCurTime":1625034681,"iRet":2009,"sErrMsg":"招工已满","strPin":"chao4596758"}

普通助力(招工)结果:{"dwAwardExperience":500,"dwAwardMany":500,"dwCurTime":1625034696,"iRet":2009,"sErrMsg":"招工已满","strPin":"chao4596758"}

去助力好友 【69232A74C7EA864981BDFF0E96EBD094852A57B4EC0F6200E93AF1252C47CAF1】
超级助力(超级工人)结果:{"dwAwardExperience":500,"dwAwardMany":500,"dwCurTime":1625034708,"iRet":2009,"sErrMsg":"招工已满","strPin":"chao4596758"}

普通助力(招工)结果:{"dwAwardExperience":500,"dwAwardMany":500,"dwCurTime":1625034718,"iRet":2009,"sErrMsg":"招工已满","strPin":"chao4596758"}

去助力好友 【5FC094BB67D47C42C51B7980EB8A3B6D0A73B81904E60D46366396BA5B836E55】
超级助力(超级工人)结果:{"dwAwardExperience":500,"dwAwardMany":500,"dwCurTime":1625034736,"iRet":2009,"sErrMsg":"招工已满","strPin":"chao4596758"}

普通助力(招工)结果:{"dwAwardExperience":500,"dwAwardMany":500,"dwCurTime":1625034751,"iRet":2009,"sErrMsg":"招工已满","strPin":"chao4596758"}

去助力好友 【FDA07FE3254918F58F8C52B4EC19B9C86DBCF0300937E64BE5A8D2696BA57375】
超级助力(超级工人)结果:{"dwAwardExperience":500,"dwAwardMany":500,"dwCurTime":1625034763,"iRet":2009,"sErrMsg":"招工已满","strPin":"chao4596758"}

普通助力(招工)结果:{"dwAwardExperience":500,"dwAwardMany":500,"dwCurTime":1625034773,"iRet":2009,"sErrMsg":"招工已满","strPin":"chao4596758"}

去助力好友 【69232A74C7EA864981BDFF0E96EBD094852A57B4EC0F6200E93AF1252C47CAF1】
超级助力(超级工人)结果:{"dwAwardExperience":500,"dwAwardMany":500,"dwCurTime":1625034785,"iRet":2009,"sErrMsg":"招工已满","strPin":"chao4596758"}

普通助力(招工)结果:{"dwAwardExperience":500,"dwAwardMany":500,"dwCurTime":1625034795,"iRet":2009,"sErrMsg":"招工已满","strPin":"chao4596758"}

去助力好友 【AA84E76C60EEC2A2BB3BF8EBD65175527C5D3D7FCCA2781E01E2E1F8CA85F650】
超级助力(超级工人)结果:{"dwAwardExperience":500,"dwAwardMany":500,"dwCurTime":1625034831,"iRet":2009,"sErrMsg":"招工已满","strPin":"chao4596758"}

普通助力(招工)结果:{"dwAwardExperience":500,"dwAwardMany":500,"dwCurTime":1625034846,"iRet":2009,"sErrMsg":"招工已满","strPin":"chao4596758"}

去助力好友 【A9E06C370818371E014ADB8CCDBBBC74FFEED5CF0F503725481E82E73CE7E63C】
"Response code 401 (Unauthorized)"
京喜财富岛 createSuperAssistUser JoinScene API请求失败，请检查网路重试
普通助力(招工)结果:{"dwAwardExperience":500,"dwAwardMany":500,"dwCurTime":1625034873,"iRet":2009,"sErrMsg":"招工已满","strPin":"chao4596758"}

去助力好友 【69C9B1E2CC75DBC3BAF7F08BD293373F5102E39AFC7D6577797FBFD0908E9E69】
超级助力(超级工人)结果:{"dwAwardExperience":500,"dwAwardMany":500,"dwCurTime":1625034885,"iRet":2009,"sErrMsg":"招工已满","strPin":"chao4596758"}

"Response code 401 (Unauthorized)"
京喜财富岛 createAssistUser JoinScene API请求失败，请检查网路重试
去助力好友 【F45CB4F07997DFE748E5656521A9034446A1568F6950206B0D44A5664662275D】
超级助力(超级工人)结果:{"dwAwardExperience":500,"dwAwardMany":500,"dwCurTime":1625034913,"iRet":2009,"sErrMsg":"招工已满","strPin":"chao4596758"}

普通助力(招工)结果:{"dwAwardExperience":500,"dwAwardMany":500,"dwCurTime":1625034923,"iRet":2009,"sErrMsg":"招工已满","strPin":"chao4596758"}


开始【京东账号4】jd_157332ewky

由于您第4个京东账号未提供shareCode,将采纳本脚本自带的助力码

开始
第4个京东账号将要助力的好友["FA00A56D50C6589BC941527DE216A632B89CC0D5A39956B11BD5AB8B02EAA6B3","A13A472C0826D29815C0E8DB1E416FF2631415379A71B880F9BC7298743E02C9","AC44A799D9BD875DA9F3CAF1D06E7EBC10F916A6BFF7E4A4053422C8289DD22F","E328E35084A30DCE3B6CDA262D241942A75FBF859B66B47F7BD6B144C715143A","3E4FCA1315E7D614686CCCC2386FDBC5AEB6E10E5EFC25AEEA12C211E8BE3509","C615955B40B3721E7AD21DF5EE697CBEC43A66D310269452600CF291E26BCF59","1C06C35CCD990D362BC4A10808EA7EE18DD56B7347A52198C9B9EC0D19F791BA","21ECA8C831E3FFD014FB5EA53A5C1EA02A835A31CFE4E7D1B5F5C676A860B6A5","44099A7213D08369EA6953377B7214B7817FEE9CB02177E09FBFEAA5232F47AD","7FF8E184072BC6A974D496188793B09243AFC4AEB971E5F559D219C20239415A","BA6B937DD9ED1D204E2410CAE804D55DE13247DE96B95B7D1D7D7CE9281D92AB","786244973ED40333D34F1A4BAE5A3FD5165FA58B320CE6C9B603D6358CD0E5C9","5F9D6DF5A4A56BCA001F0EFC20E14D0B1AAABBDE7CC6245F7DEA2D363F920AE6","69232A74C7EA864981BDFF0E96EBD094852A57B4EC0F6200E93AF1252C47CAF1","5FC094BB67D47C42C51B7980EB8A3B6D0A73B81904E60D46366396BA5B836E55","FDA07FE3254918F58F8C52B4EC19B9C86DBCF0300937E64BE5A8D2696BA57375","69232A74C7EA864981BDFF0E96EBD094852A57B4EC0F6200E93AF1252C47CAF1","AA84E76C60EEC2A2BB3BF8EBD65175527C5D3D7FCCA2781E01E2E1F8CA85F650","A9E06C370818371E014ADB8CCDBBBC74FFEED5CF0F503725481E82E73CE7E63C","69C9B1E2CC75DBC3BAF7F08BD293373F5102E39AFC7D6577797FBFD0908E9E69","F45CB4F07997DFE748E5656521A9034446A1568F6950206B0D44A5664662275D"]

获取用户信息：success


当前等级:16,财富值:2492542

财富岛好友互助码每次运行都变化,旧的可继续使用

【京东账号4（jd_46df9eaa780aa）的京喜财富岛好友互助码】F6FA2C796E72A9737E75902C7D6D44735FE96152AE50CC4D4F3C954967229B14



签到列表：success


📌签到：你今日已签到过啦，请明天再来
待开通场景ID列表sceneList;["1003"]

【欢乐牧场】🏝岛主 : 获取财富值：¥ 30 


【欢乐牧场】👬好友: 没有可收取钞票 

【欢乐牧场领取红包】 招工人数不达标

【便利店】🏝岛主 : 获取财富值：¥ 15 


【便利店】👬好友: 没有可收取钞票 

【便利店领取红包】参数错误

获取【📆日常任务】列表 ，总共6个任务！


开始第1个【📆日常任务】：每日三餐上岛
"Timeout awaiting 'request' for 10000ms"
京喜财富岛 API请求失败，请检查网路重试

每日三餐上岛【做日常任务】：任务进行中或者未到任务时间


每日三餐上岛【领日常奖励】：任务为成就任务或者未到任务时间


结束第1个【📆日常任务】：每日三餐上岛


开始第2个【📆日常任务】：每日三餐上岛

每日三餐上岛【做日常任务】：任务进行中或者未到任务时间


每日三餐上岛【领日常奖励】：任务为成就任务或者未到任务时间


结束第2个【📆日常任务】：每日三餐上岛


开始第3个【📆日常任务】：关注浏览京喜好店

关注浏览京喜好店【做日常任务】：任务进行中或者未到任务时间


关注浏览京喜好店【领日常奖励】：任务为成就任务或者未到任务时间


结束第3个【📆日常任务】：关注浏览京喜好店


开始第4个【📆日常任务】：特卖商品1元起

特卖商品1元起【做日常任务】：任务进行中或者未到任务时间


特卖商品1元起【领日常奖励】：任务为成就任务或者未到任务时间


结束第4个【📆日常任务】：特卖商品1元起


开始第5个【📆日常任务】：邀请岛民好友首次上岛

邀请岛民好友首次上岛【做日常任务】：任务进行中或者未到任务时间


邀请岛民好友首次上岛【领日常奖励】：任务为成就任务或者未到任务时间


结束第5个【📆日常任务】：邀请岛民好友首次上岛


开始第6个【📆日常任务】：去岛屿商城下一单

去岛屿商城下一单【做日常任务】：任务进行中或者未到任务时间


去岛屿商城下一单【领日常奖励】：任务为成就任务或者未到任务时间


结束第6个【📆日常任务】：去岛屿商城下一单


🎁寻宝：宝藏冷却中，请等待冷却完毕

🎁寻宝：宝藏冷却中，请等待冷却完毕

🎁寻宝：宝藏冷却中，请等待冷却完毕

🎁寻宝：宝藏冷却中，请等待冷却完毕

🎁寻宝：宝藏冷却中，请等待冷却完毕

获取【🎖成就任务】列表 ，总共0个任务！


【🏝寻宝大作战】【全民暴富岛】开宝箱：未达到宝箱开启条件，快去邀请好友助力吧！

【🏝寻宝大作战】【好运连连岛】开宝箱：未达到宝箱开启条件，快去邀请好友助力吧！

【🏝寻宝大作战】【平安喜乐岛】开宝箱：未达到宝箱开启条件，快去邀请好友助力吧！

【🏝寻宝大作战】【万事大吉岛】开宝箱：未达到宝箱开启条件，快去邀请好友助力吧！


你的【🏝寻宝大作战】互助码: Jxcfd_GroupId_342_71848794(每天都变化,旧的不可用)


去助力好友 【FA00A56D50C6589BC941527DE216A632B89CC0D5A39956B11BD5AB8B02EAA6B3】
超级助力(超级工人)结果:{"dwAwardExperience":500,"dwAwardMany":500,"dwCurTime":1625035033,"iRet":2003,"sErrMsg":"系统繁忙,请稍候再试","strPin":"jd_46df9eaa780aa"}

普通助力(招工)结果:{"dwAwardExperience":500,"dwAwardMany":500,"dwCurTime":1625035043,"iRet":2009,"sErrMsg":"招工已满","strPin":"jd_46df9eaa780aa"}

去助力好友 【A13A472C0826D29815C0E8DB1E416FF2631415379A71B880F9BC7298743E02C9】
"Response code 401 (Unauthorized)"
京喜财富岛 createSuperAssistUser JoinScene API请求失败，请检查网路重试
普通助力(招工)结果:{"dwAwardExperience":500,"dwAwardMany":500,"dwCurTime":1625035065,"iRet":2009,"sErrMsg":"招工已满","strPin":"jd_46df9eaa780aa"}

去助力好友 【AC44A799D9BD875DA9F3CAF1D06E7EBC10F916A6BFF7E4A4053422C8289DD22F】
超级助力(超级工人)结果:{"dwAwardExperience":500,"dwAwardMany":500,"dwCurTime":1625035077,"iRet":2009,"sErrMsg":"招工已满","strPin":"jd_46df9eaa780aa"}

普通助力(招工)结果:{"dwAwardExperience":500,"dwAwardMany":500,"dwCurTime":1625035087,"iRet":2009,"sErrMsg":"招工已满","strPin":"jd_46df9eaa780aa"}

去助力好友 【E328E35084A30DCE3B6CDA262D241942A75FBF859B66B47F7BD6B144C715143A】
超级助力(超级工人)结果:{"dwAwardExperience":500,"dwAwardMany":500,"dwCurTime":1625035099,"iRet":2009,"sErrMsg":"招工已满","strPin":"jd_46df9eaa780aa"}

"Response code 401 (Unauthorized)"
京喜财富岛 createAssistUser JoinScene API请求失败，请检查网路重试
去助力好友 【3E4FCA1315E7D614686CCCC2386FDBC5AEB6E10E5EFC25AEEA12C211E8BE3509】
"Response code 401 (Unauthorized)"
京喜财富岛 createSuperAssistUser JoinScene API请求失败，请检查网路重试
普通助力(招工)结果:{"dwAwardExperience":500,"dwAwardMany":500,"dwCurTime":1625035132,"iRet":2009,"sErrMsg":"招工已满","strPin":"jd_46df9eaa780aa"}

去助力好友 【C615955B40B3721E7AD21DF5EE697CBEC43A66D310269452600CF291E26BCF59】
"Response code 401 (Unauthorized)"
京喜财富岛 createSuperAssistUser JoinScene API请求失败，请检查网路重试
普通助力(招工)结果:{"dwAwardExperience":500,"dwAwardMany":500,"dwCurTime":1625035154,"iRet":2009,"sErrMsg":"招工已满","strPin":"jd_46df9eaa780aa"}

去助力好友 【1C06C35CCD990D362BC4A10808EA7EE18DD56B7347A52198C9B9EC0D19F791BA】
超级助力(超级工人)结果:{"dwAwardExperience":500,"dwAwardMany":500,"dwCurTime":1625035166,"iRet":2009,"sErrMsg":"招工已满","strPin":"jd_46df9eaa780aa"}

"Response code 401 (Unauthorized)"
京喜财富岛 createAssistUser JoinScene API请求失败，请检查网路重试
去助力好友 【21ECA8C831E3FFD014FB5EA53A5C1EA02A835A31CFE4E7D1B5F5C676A860B6A5】
"Response code 401 (Unauthorized)"
京喜财富岛 createSuperAssistUser JoinScene API请求失败，请检查网路重试
"Response code 401 (Unauthorized)"
京喜财富岛 createAssistUser JoinScene API请求失败，请检查网路重试
去助力好友 【44099A7213D08369EA6953377B7214B7817FEE9CB02177E09FBFEAA5232F47AD】
超级助力(超级工人)结果:{"dwAwardExperience":500,"dwAwardMany":500,"dwCurTime":1625035211,"iRet":2009,"sErrMsg":"招工已满","strPin":"jd_46df9eaa780aa"}

普通助力(招工)结果:{"dwAwardExperience":500,"dwAwardMany":500,"dwCurTime":1625035221,"iRet":2009,"sErrMsg":"招工已满","strPin":"jd_46df9eaa780aa"}

去助力好友 【7FF8E184072BC6A974D496188793B09243AFC4AEB971E5F559D219C20239415A】
超级助力(超级工人)结果:{"dwAwardExperience":500,"dwAwardMany":500,"dwCurTime":1625035234,"iRet":2009,"sErrMsg":"招工已满","strPin":"jd_46df9eaa780aa"}

普通助力(招工)结果:{"dwAwardExperience":500,"dwAwardMany":500,"dwCurTime":1625035244,"iRet":2009,"sErrMsg":"招工已满","strPin":"jd_46df9eaa780aa"}

去助力好友 【BA6B937DD9ED1D204E2410CAE804D55DE13247DE96B95B7D1D7D7CE9281D92AB】
"Response code 401 (Unauthorized)"
京喜财富岛 createSuperAssistUser JoinScene API请求失败，请检查网路重试
"Response code 401 (Unauthorized)"
京喜财富岛 createAssistUser JoinScene API请求失败，请检查网路重试
去助力好友 【786244973ED40333D34F1A4BAE5A3FD5165FA58B320CE6C9B603D6358CD0E5C9】
超级助力(超级工人)结果:{"dwAwardExperience":500,"dwAwardMany":500,"dwCurTime":1625035278,"iRet":2009,"sErrMsg":"招工已满","strPin":"jd_46df9eaa780aa"}

普通助力(招工)结果:{"dwAwardExperience":500,"dwAwardMany":500,"dwCurTime":1625035289,"iRet":2009,"sErrMsg":"招工已满","strPin":"jd_46df9eaa780aa"}

去助力好友 【5F9D6DF5A4A56BCA001F0EFC20E14D0B1AAABBDE7CC6245F7DEA2D363F920AE6】
超级助力(超级工人)结果:{"dwAwardExperience":500,"dwAwardMany":500,"dwCurTime":1625035301,"iRet":2009,"sErrMsg":"招工已满","strPin":"jd_46df9eaa780aa"}

普通助力(招工)结果:{"dwAwardExperience":500,"dwAwardMany":500,"dwCurTime":1625035311,"iRet":2009,"sErrMsg":"招工已满","strPin":"jd_46df9eaa780aa"}

去助力好友 【69232A74C7EA864981BDFF0E96EBD094852A57B4EC0F6200E93AF1252C47CAF1】
超级助力(超级工人)结果:{"dwAwardExperience":500,"dwAwardMany":500,"dwCurTime":1625035323,"iRet":2009,"sErrMsg":"招工已满","strPin":"jd_46df9eaa780aa"}

"Response code 401 (Unauthorized)"
京喜财富岛 createAssistUser JoinScene API请求失败，请检查网路重试
去助力好友 【5FC094BB67D47C42C51B7980EB8A3B6D0A73B81904E60D46366396BA5B836E55】
超级助力(超级工人)结果:{"dwAwardExperience":500,"dwAwardMany":500,"dwCurTime":1625035346,"iRet":2009,"sErrMsg":"招工已满","strPin":"jd_46df9eaa780aa"}

普通助力(招工)结果:{"dwAwardExperience":500,"dwAwardMany":500,"dwCurTime":1625035356,"iRet":2009,"sErrMsg":"招工已满","strPin":"jd_46df9eaa780aa"}

去助力好友 【FDA07FE3254918F58F8C52B4EC19B9C86DBCF0300937E64BE5A8D2696BA57375】
"Response code 401 (Unauthorized)"
京喜财富岛 createSuperAssistUser JoinScene API请求失败，请检查网路重试
普通助力(招工)结果:{"dwAwardExperience":500,"dwAwardMany":500,"dwCurTime":1625035378,"iRet":2009,"sErrMsg":"招工已满","strPin":"jd_46df9eaa780aa"}

去助力好友 【69232A74C7EA864981BDFF0E96EBD094852A57B4EC0F6200E93AF1252C47CAF1】
超级助力(超级工人)结果:{"dwAwardExperience":500,"dwAwardMany":500,"dwCurTime":1625035390,"iRet":2009,"sErrMsg":"招工已满","strPin":"jd_46df9eaa780aa"}

普通助力(招工)结果:{"dwAwardExperience":500,"dwAwardMany":500,"dwCurTime":1625035400,"iRet":2009,"sErrMsg":"招工已满","strPin":"jd_46df9eaa780aa"}

去助力好友 【AA84E76C60EEC2A2BB3BF8EBD65175527C5D3D7FCCA2781E01E2E1F8CA85F650】
超级助力(超级工人)结果:{"dwAwardExperience":500,"dwAwardMany":500,"dwCurTime":1625035413,"iRet":2009,"sErrMsg":"招工已满","strPin":"jd_46df9eaa780aa"}

普通助力(招工)结果:{"dwAwardExperience":500,"dwAwardMany":500,"dwCurTime":1625035423,"iRet":2009,"sErrMsg":"招工已满","strPin":"jd_46df9eaa780aa"}

去助力好友 【A9E06C370818371E014ADB8CCDBBBC74FFEED5CF0F503725481E82E73CE7E63C】
超级助力(超级工人)结果:{"dwAwardExperience":500,"dwAwardMany":500,"dwCurTime":1625035435,"iRet":2009,"sErrMsg":"招工已满","strPin":"jd_46df9eaa780aa"}

"Response code 401 (Unauthorized)"
京喜财富岛 createAssistUser JoinScene API请求失败，请检查网路重试
去助力好友 【69C9B1E2CC75DBC3BAF7F08BD293373F5102E39AFC7D6577797FBFD0908E9E69】
"Response code 401 (Unauthorized)"
京喜财富岛 createSuperAssistUser JoinScene API请求失败，请检查网路重试
"Response code 401 (Unauthorized)"
京喜财富岛 createAssistUser JoinScene API请求失败，请检查网路重试
去助力好友 【F45CB4F07997DFE748E5656521A9034446A1568F6950206B0D44A5664662275D】
超级助力(超级工人)结果:{"dwAwardExperience":500,"dwAwardMany":500,"dwCurTime":1625035484,"iRet":2009,"sErrMsg":"招工已满","strPin":"jd_46df9eaa780aa"}

普通助力(招工)结果:{"dwAwardExperience":500,"dwAwardMany":500,"dwCurTime":1625035494,"iRet":2009,"sErrMsg":"招工已满","strPin":"jd_46df9eaa780aa"}



寻宝大作战，自己账号内部循环互助


账号15631692383_p 去参加 Jxcfd_GroupId_342_71855012 寻宝大作战
iRet:2013 不能给自己助力
账号15631692383_p 去参加 Jxcfd_GroupId_342_71903666 寻宝大作战
iRet:2005 每天打工次数上限


寻宝大作战，自己账号内部循环互助


账号jd_74a8d71c978d9 去参加 Jxcfd_GroupId_342_71855012 寻宝大作战
iRet:2005 每天打工次数上限


寻宝大作战，自己账号内部循环互助


账号chao4596758 去参加 Jxcfd_GroupId_342_71855012 寻宝大作战
"Response code 401 (Unauthorized)"
京喜财富岛 joinGroup API请求失败，请检查网路重试
账号chao4596758 去参加 Jxcfd_GroupId_342_71903666 寻宝大作战
iRet:2005 每天打工次数上限


寻宝大作战，自己账号内部循环互助


账号jd_46df9eaa780aa 去参加 Jxcfd_GroupId_342_71855012 寻宝大作战
"Response code 401 (Unauthorized)"
京喜财富岛 joinGroup API请求失败，请检查网路重试
账号jd_46df9eaa780aa 去参加 Jxcfd_GroupId_342_71903666 寻宝大作战
iRet:2005 每天打工次数上限

==============📣系统通知📣==============
京喜财富岛
【京东账号1】Ymh__Sirius
【💵财富值】5787637

【京东账号2】Ycp_Dream
【💵财富值】785509

【京东账号3】jd_585601a83bd48
【💵财富值】756848

【京东账号4】jd_157332ewky
【💵财富值】2492542


🔔京喜财富岛, 结束! 🕛 1998.376 秒

