
🔔京喜财富岛, 开始!

====================共5个京东账号Cookie=========

==================脚本执行- 北京时间(UTC+8)：7/2/2021, 2:09:00 PM=====================

开始获取京喜财富岛配置文件

您提供了0个账号的京喜财富岛助力码

获取签名参数成功！
fp: 4779084776559162
token: tk01wa5771bffa8nem5vRnY2eElwPad0Kc24V5yNp0G0QlICmyd3INcUR6bOZNw3gRNL3t3asLxhKMhjDN+QLiDPPxcp
enCryptMethodJD: function test(token,fingerprint,timestamp,appId,algo){const random='MyvvktSE5d1/';const str=`${token}${fingerprint}${timestamp}${appId}${random}`;return algo.SHA512(str)}

开始【京东账号1】Ymh__Sirius

由于您第1个京东账号未提供shareCode,将采纳本脚本自带的助力码

开始
第1个京东账号将要助力的好友["FA00A56D50C6589BC941527DE216A632B89CC0D5A39956B11BD5AB8B02EAA6B3","A13A472C0826D29815C0E8DB1E416FF2631415379A71B880F9BC7298743E02C9","AC44A799D9BD875DA9F3CAF1D06E7EBC10F916A6BFF7E4A4053422C8289DD22F","E328E35084A30DCE3B6CDA262D241942A75FBF859B66B47F7BD6B144C715143A","3E4FCA1315E7D614686CCCC2386FDBC5AEB6E10E5EFC25AEEA12C211E8BE3509","C615955B40B3721E7AD21DF5EE697CBEC43A66D310269452600CF291E26BCF59","1C06C35CCD990D362BC4A10808EA7EE18DD56B7347A52198C9B9EC0D19F791BA","21ECA8C831E3FFD014FB5EA53A5C1EA02A835A31CFE4E7D1B5F5C676A860B6A5","44099A7213D08369EA6953377B7214B7817FEE9CB02177E09FBFEAA5232F47AD","7FF8E184072BC6A974D496188793B09243AFC4AEB971E5F559D219C20239415A","BA6B937DD9ED1D204E2410CAE804D55DE13247DE96B95B7D1D7D7CE9281D92AB","786244973ED40333D34F1A4BAE5A3FD5165FA58B320CE6C9B603D6358CD0E5C9","5F9D6DF5A4A56BCA001F0EFC20E14D0B1AAABBDE7CC6245F7DEA2D363F920AE6","69232A74C7EA864981BDFF0E96EBD094852A57B4EC0F6200E93AF1252C47CAF1","5FC094BB67D47C42C51B7980EB8A3B6D0A73B81904E60D46366396BA5B836E55","FDA07FE3254918F58F8C52B4EC19B9C86DBCF0300937E64BE5A8D2696BA57375","69232A74C7EA864981BDFF0E96EBD094852A57B4EC0F6200E93AF1252C47CAF1","AA84E76C60EEC2A2BB3BF8EBD65175527C5D3D7FCCA2781E01E2E1F8CA85F650","A9E06C370818371E014ADB8CCDBBBC74FFEED5CF0F503725481E82E73CE7E63C","69C9B1E2CC75DBC3BAF7F08BD293373F5102E39AFC7D6577797FBFD0908E9E69","F45CB4F07997DFE748E5656521A9034446A1568F6950206B0D44A5664662275D"]

获取用户信息：success


当前等级:25,财富值:5885285

财富岛好友互助码每次运行都变化,旧的可继续使用

【京东账号1（15631692383_p）的京喜财富岛好友互助码】C28A126BC325426BDEBE8D8BBC469EFD0B75B499E779CA69A97DCED4C65046AB



签到列表：success


📌签到：你今日已签到过啦，请明天再来
待开通场景ID列表sceneList;["1003"]

【欢乐牧场】🏝岛主 : 获取财富值：¥ 560 


【欢乐牧场】👬好友: 没有可收取钞票 

"Timeout awaiting 'request' for 10000ms"
京喜财富岛 API请求失败，请检查网路重试
【欢乐牧场领取红包】 招工人数不达标

【便利店】🏝岛主 : 获取财富值：¥ 286 


【便利店】👬好友: 没有可收取钞票 

【便利店领取红包】参数错误

获取【📆日常任务】列表 ，总共5个任务！


开始第1个【📆日常任务】：每日三餐上岛

每日三餐上岛【做日常任务】：任务进行中或者未到任务时间


每日三餐上岛【领日常奖励】：任务为成就任务或者未到任务时间


结束第1个【📆日常任务】：每日三餐上岛


开始第2个【📆日常任务】：关注浏览京喜好店

关注浏览京喜好店【做日常任务】：任务进行中或者未到任务时间


关注浏览京喜好店【领日常奖励】：任务为成就任务或者未到任务时间


结束第2个【📆日常任务】：关注浏览京喜好店


开始第3个【📆日常任务】：特卖商品1元起

特卖商品1元起【做日常任务】：任务进行中或者未到任务时间


特卖商品1元起【领日常奖励】：任务为成就任务或者未到任务时间


结束第3个【📆日常任务】：特卖商品1元起


开始第4个【📆日常任务】：邀请岛民好友首次上岛

邀请岛民好友首次上岛【做日常任务】：任务进行中或者未到任务时间


邀请岛民好友首次上岛【领日常奖励】：任务为成就任务或者未到任务时间


结束第4个【📆日常任务】：邀请岛民好友首次上岛


开始第5个【📆日常任务】：去岛屿商城下一单

去岛屿商城下一单【做日常任务】：任务进行中或者未到任务时间


去岛屿商城下一单【领日常奖励】：任务为成就任务或者未到任务时间


结束第5个【📆日常任务】：去岛屿商城下一单


🎁寻宝：寻宝次数不足

获取【🎖成就任务】列表 ，总共0个任务！

"Timeout awaiting 'request' for 10000ms"
京喜财富岛 GatherForture API请求失败，请检查网路重试


你的【🏝寻宝大作战】互助码: Jxcfd_GroupId_344_72402653(每天都变化,旧的不可用)


去助力好友 【FA00A56D50C6589BC941527DE216A632B89CC0D5A39956B11BD5AB8B02EAA6B3】
超级助力(超级工人)结果:{"dwAwardExperience":500,"dwAwardMany":500,"dwCurTime":1625206407,"iRet":2005,"sErrMsg":"每天打工次数上限","strPin":"15631692383_p"}

普通助力(招工)结果:{"dwAwardExperience":500,"dwAwardMany":500,"dwCurTime":1625206417,"iRet":2005,"sErrMsg":"每天打工次数上限","strPin":"15631692383_p"}


开始【京东账号2】Ycp_Dream

由于您第2个京东账号未提供shareCode,将采纳本脚本自带的助力码

开始
第2个京东账号将要助力的好友["FA00A56D50C6589BC941527DE216A632B89CC0D5A39956B11BD5AB8B02EAA6B3","A13A472C0826D29815C0E8DB1E416FF2631415379A71B880F9BC7298743E02C9","AC44A799D9BD875DA9F3CAF1D06E7EBC10F916A6BFF7E4A4053422C8289DD22F","E328E35084A30DCE3B6CDA262D241942A75FBF859B66B47F7BD6B144C715143A","3E4FCA1315E7D614686CCCC2386FDBC5AEB6E10E5EFC25AEEA12C211E8BE3509","C615955B40B3721E7AD21DF5EE697CBEC43A66D310269452600CF291E26BCF59","1C06C35CCD990D362BC4A10808EA7EE18DD56B7347A52198C9B9EC0D19F791BA","21ECA8C831E3FFD014FB5EA53A5C1EA02A835A31CFE4E7D1B5F5C676A860B6A5","44099A7213D08369EA6953377B7214B7817FEE9CB02177E09FBFEAA5232F47AD","7FF8E184072BC6A974D496188793B09243AFC4AEB971E5F559D219C20239415A","BA6B937DD9ED1D204E2410CAE804D55DE13247DE96B95B7D1D7D7CE9281D92AB","786244973ED40333D34F1A4BAE5A3FD5165FA58B320CE6C9B603D6358CD0E5C9","5F9D6DF5A4A56BCA001F0EFC20E14D0B1AAABBDE7CC6245F7DEA2D363F920AE6","69232A74C7EA864981BDFF0E96EBD094852A57B4EC0F6200E93AF1252C47CAF1","5FC094BB67D47C42C51B7980EB8A3B6D0A73B81904E60D46366396BA5B836E55","FDA07FE3254918F58F8C52B4EC19B9C86DBCF0300937E64BE5A8D2696BA57375","69232A74C7EA864981BDFF0E96EBD094852A57B4EC0F6200E93AF1252C47CAF1","AA84E76C60EEC2A2BB3BF8EBD65175527C5D3D7FCCA2781E01E2E1F8CA85F650","A9E06C370818371E014ADB8CCDBBBC74FFEED5CF0F503725481E82E73CE7E63C","69C9B1E2CC75DBC3BAF7F08BD293373F5102E39AFC7D6577797FBFD0908E9E69","F45CB4F07997DFE748E5656521A9034446A1568F6950206B0D44A5664662275D"]

获取用户信息：success


当前等级:10,财富值:854153

财富岛好友互助码每次运行都变化,旧的可继续使用

【京东账号2（jd_74a8d71c978d9）的京喜财富岛好友互助码】8B214CC66D6AD674E5BF2B0D678AE968D7562A116D3D2397D678E5CA853CB588



签到列表：success


📌签到：你今日已签到过啦，请明天再来
待开通场景ID列表sceneList;["1002","1003"]

【欢乐牧场】🏝岛主 : 获取财富值：¥ 672 


【欢乐牧场】👬好友: 没有可收取钞票 

【欢乐牧场领取红包】 招工人数不达标

获取【📆日常任务】列表 ，总共5个任务！


开始第1个【📆日常任务】：每日三餐上岛
"Timeout awaiting 'request' for 10000ms"
京喜财富岛 API请求失败，请检查网路重试

每日三餐上岛【做日常任务】：任务进行中或者未到任务时间


每日三餐上岛【领日常奖励】：任务为成就任务或者未到任务时间


结束第1个【📆日常任务】：每日三餐上岛


开始第2个【📆日常任务】：关注浏览京喜好店

关注浏览京喜好店【做日常任务】：任务进行中或者未到任务时间


关注浏览京喜好店【领日常奖励】：任务为成就任务或者未到任务时间


结束第2个【📆日常任务】：关注浏览京喜好店


开始第3个【📆日常任务】：特卖商品1元起

特卖商品1元起【做日常任务】：任务进行中或者未到任务时间


特卖商品1元起【领日常奖励】：任务为成就任务或者未到任务时间


结束第3个【📆日常任务】：特卖商品1元起


开始第4个【📆日常任务】：邀请岛民好友首次上岛

邀请岛民好友首次上岛【做日常任务】：任务进行中或者未到任务时间


邀请岛民好友首次上岛【领日常奖励】：任务为成就任务或者未到任务时间


结束第4个【📆日常任务】：邀请岛民好友首次上岛


开始第5个【📆日常任务】：去岛屿商城下一单

去岛屿商城下一单【做日常任务】：任务进行中或者未到任务时间


去岛屿商城下一单【领日常奖励】：任务为成就任务或者未到任务时间


结束第5个【📆日常任务】：去岛屿商城下一单


【big_stone】🎁寻宝： ，获取随机奖励：¥ 562 


【small_stone】🎁寻宝： ，获取随机奖励：¥ 675 


【stone_road】🎁寻宝： ，获取随机奖励：¥ 741 


【tree】🎁寻宝： ，获取随机奖励：¥ 779 


【wood】🎁寻宝： ，获取随机奖励：¥ 549 


获取【🎖成就任务】列表 ，总共0个任务！


【🏝寻宝大作战】【全民暴富岛】开宝箱：宝箱已开启过！

【🏝寻宝大作战】【好运连连岛】开宝箱：未达到宝箱开启条件，快去邀请好友助力吧！

【🏝寻宝大作战】【平安喜乐岛】开宝箱：未达到宝箱开启条件，快去邀请好友助力吧！

【🏝寻宝大作战】【万事大吉岛】开宝箱：未达到宝箱开启条件，快去邀请好友助力吧！


你的【🏝寻宝大作战】互助码: Jxcfd_GroupId_344_72407475(每天都变化,旧的不可用)


去助力好友 【FA00A56D50C6589BC941527DE216A632B89CC0D5A39956B11BD5AB8B02EAA6B3】
超级助力(超级工人)结果:{"dwAwardExperience":500,"dwAwardMany":500,"dwCurTime":1625206541,"iRet":2009,"sErrMsg":"招工已满","strPin":"jd_74a8d71c978d9"}

普通助力(招工)结果:{"dwAwardExperience":500,"dwAwardMany":500,"dwCurTime":1625206565,"iRet":2009,"sErrMsg":"招工已满","strPin":"jd_74a8d71c978d9"}

去助力好友 【A13A472C0826D29815C0E8DB1E416FF2631415379A71B880F9BC7298743E02C9】
超级助力(超级工人)结果:{"dwAwardExperience":500,"dwAwardMany":500,"dwCurTime":1625206581,"iRet":2009,"sErrMsg":"招工已满","strPin":"jd_74a8d71c978d9"}

普通助力(招工)结果:{"dwAwardExperience":500,"dwAwardMany":500,"dwCurTime":1625206591,"iRet":2009,"sErrMsg":"招工已满","strPin":"jd_74a8d71c978d9"}

去助力好友 【AC44A799D9BD875DA9F3CAF1D06E7EBC10F916A6BFF7E4A4053422C8289DD22F】
超级助力(超级工人)结果:{"dwAwardExperience":500,"dwAwardMany":500,"dwCurTime":1625206603,"iRet":2009,"sErrMsg":"招工已满","strPin":"jd_74a8d71c978d9"}

普通助力(招工)结果:{"dwAwardExperience":500,"dwAwardMany":500,"dwCurTime":1625206616,"iRet":2009,"sErrMsg":"招工已满","strPin":"jd_74a8d71c978d9"}

去助力好友 【E328E35084A30DCE3B6CDA262D241942A75FBF859B66B47F7BD6B144C715143A】
超级助力(超级工人)结果:{"dwAwardExperience":500,"dwAwardMany":500,"dwCurTime":1625206629,"iRet":2009,"sErrMsg":"招工已满","strPin":"jd_74a8d71c978d9"}

普通助力(招工)结果:{"dwAwardExperience":500,"dwAwardMany":500,"dwCurTime":1625206640,"iRet":2009,"sErrMsg":"招工已满","strPin":"jd_74a8d71c978d9"}

去助力好友 【3E4FCA1315E7D614686CCCC2386FDBC5AEB6E10E5EFC25AEEA12C211E8BE3509】
超级助力(超级工人)结果:{"dwAwardExperience":500,"dwAwardMany":500,"dwCurTime":1625206652,"iRet":2009,"sErrMsg":"招工已满","strPin":"jd_74a8d71c978d9"}

"Response code 401 (Unauthorized)"
京喜财富岛 createAssistUser JoinScene API请求失败，请检查网路重试
去助力好友 【C615955B40B3721E7AD21DF5EE697CBEC43A66D310269452600CF291E26BCF59】
超级助力(超级工人)结果:{"dwAwardExperience":500,"dwAwardMany":500,"dwCurTime":1625206677,"iRet":2009,"sErrMsg":"招工已满","strPin":"jd_74a8d71c978d9"}

"Response code 401 (Unauthorized)"
京喜财富岛 createAssistUser JoinScene API请求失败，请检查网路重试
去助力好友 【1C06C35CCD990D362BC4A10808EA7EE18DD56B7347A52198C9B9EC0D19F791BA】
超级助力(超级工人)结果:{"dwAwardExperience":500,"dwAwardMany":500,"dwCurTime":1625206718,"iRet":2009,"sErrMsg":"招工已满","strPin":"jd_74a8d71c978d9"}

普通助力(招工)结果:{"dwAwardExperience":500,"dwAwardMany":500,"dwCurTime":1625206728,"iRet":2009,"sErrMsg":"招工已满","strPin":"jd_74a8d71c978d9"}

去助力好友 【21ECA8C831E3FFD014FB5EA53A5C1EA02A835A31CFE4E7D1B5F5C676A860B6A5】
超级助力(超级工人)结果:{"dwAwardExperience":500,"dwAwardMany":500,"dwCurTime":1625206740,"iRet":2009,"sErrMsg":"招工已满","strPin":"jd_74a8d71c978d9"}

"Timeout awaiting 'request' for 10000ms"
京喜财富岛 createAssistUser JoinScene API请求失败，请检查网路重试
去助力好友 【44099A7213D08369EA6953377B7214B7817FEE9CB02177E09FBFEAA5232F47AD】
超级助力(超级工人)结果:{"dwAwardExperience":500,"dwAwardMany":500,"dwCurTime":1625206796,"iRet":2009,"sErrMsg":"招工已满","strPin":"jd_74a8d71c978d9"}

"Timeout awaiting 'request' for 10000ms"
京喜财富岛 createAssistUser JoinScene API请求失败，请检查网路重试
去助力好友 【7FF8E184072BC6A974D496188793B09243AFC4AEB971E5F559D219C20239415A】
"Timeout awaiting 'request' for 10000ms"
京喜财富岛 createSuperAssistUser JoinScene API请求失败，请检查网路重试
普通助力(招工)结果:{"dwAwardExperience":500,"dwAwardMany":500,"dwCurTime":1625206894,"iRet":2009,"sErrMsg":"招工已满","strPin":"jd_74a8d71c978d9"}

去助力好友 【BA6B937DD9ED1D204E2410CAE804D55DE13247DE96B95B7D1D7D7CE9281D92AB】
超级助力(超级工人)结果:{"dwAwardExperience":500,"dwAwardMany":500,"dwCurTime":1625206908,"iRet":2009,"sErrMsg":"招工已满","strPin":"jd_74a8d71c978d9"}

普通助力(招工)结果:{"dwAwardExperience":500,"dwAwardMany":500,"dwCurTime":1625206923,"iRet":2009,"sErrMsg":"招工已满","strPin":"jd_74a8d71c978d9"}

去助力好友 【786244973ED40333D34F1A4BAE5A3FD5165FA58B320CE6C9B603D6358CD0E5C9】
超级助力(超级工人)结果:{"dwAwardExperience":500,"dwAwardMany":500,"dwCurTime":1625206937,"iRet":2009,"sErrMsg":"招工已满","strPin":"jd_74a8d71c978d9"}

普通助力(招工)结果:{"dwAwardExperience":500,"dwAwardMany":500,"dwCurTime":1625206948,"iRet":2009,"sErrMsg":"招工已满","strPin":"jd_74a8d71c978d9"}

去助力好友 【5F9D6DF5A4A56BCA001F0EFC20E14D0B1AAABBDE7CC6245F7DEA2D363F920AE6】
超级助力(超级工人)结果:{"dwAwardExperience":500,"dwAwardMany":500,"dwCurTime":1625206961,"iRet":2009,"sErrMsg":"招工已满","strPin":"jd_74a8d71c978d9"}

普通助力(招工)结果:{"dwAwardExperience":500,"dwAwardMany":500,"dwCurTime":1625206971,"iRet":2009,"sErrMsg":"招工已满","strPin":"jd_74a8d71c978d9"}

去助力好友 【69232A74C7EA864981BDFF0E96EBD094852A57B4EC0F6200E93AF1252C47CAF1】
"Response code 401 (Unauthorized)"
京喜财富岛 createSuperAssistUser JoinScene API请求失败，请检查网路重试
普通助力(招工)结果:{"dwAwardExperience":500,"dwAwardMany":500,"dwCurTime":1625206993,"iRet":2009,"sErrMsg":"招工已满","strPin":"jd_74a8d71c978d9"}

去助力好友 【5FC094BB67D47C42C51B7980EB8A3B6D0A73B81904E60D46366396BA5B836E55】
超级助力(超级工人)结果:{"dwAwardExperience":500,"dwAwardMany":500,"dwCurTime":1625207005,"iRet":2009,"sErrMsg":"招工已满","strPin":"jd_74a8d71c978d9"}

普通助力(招工)结果:{"dwAwardExperience":500,"dwAwardMany":500,"dwCurTime":1625207017,"iRet":2009,"sErrMsg":"招工已满","strPin":"jd_74a8d71c978d9"}

去助力好友 【FDA07FE3254918F58F8C52B4EC19B9C86DBCF0300937E64BE5A8D2696BA57375】
超级助力(超级工人)结果:{"dwAwardExperience":500,"dwAwardMany":500,"dwCurTime":1625207030,"iRet":2009,"sErrMsg":"招工已满","strPin":"jd_74a8d71c978d9"}

普通助力(招工)结果:{"dwAwardExperience":500,"dwAwardMany":500,"dwCurTime":1625207041,"iRet":2009,"sErrMsg":"招工已满","strPin":"jd_74a8d71c978d9"}

去助力好友 【69232A74C7EA864981BDFF0E96EBD094852A57B4EC0F6200E93AF1252C47CAF1】
超级助力(超级工人)结果:{"dwAwardExperience":500,"dwAwardMany":500,"dwCurTime":1625207071,"iRet":2009,"sErrMsg":"招工已满","strPin":"jd_74a8d71c978d9"}

普通助力(招工)结果:{"dwAwardExperience":500,"dwAwardMany":500,"dwCurTime":1625207081,"iRet":2009,"sErrMsg":"招工已满","strPin":"jd_74a8d71c978d9"}

去助力好友 【AA84E76C60EEC2A2BB3BF8EBD65175527C5D3D7FCCA2781E01E2E1F8CA85F650】
"Response code 401 (Unauthorized)"
京喜财富岛 createSuperAssistUser JoinScene API请求失败，请检查网路重试
普通助力(招工)结果:{"dwAwardExperience":500,"dwAwardMany":500,"dwCurTime":1625207104,"iRet":2009,"sErrMsg":"招工已满","strPin":"jd_74a8d71c978d9"}

去助力好友 【A9E06C370818371E014ADB8CCDBBBC74FFEED5CF0F503725481E82E73CE7E63C】
超级助力(超级工人)结果:{"dwAwardExperience":500,"dwAwardMany":500,"dwCurTime":1625207116,"iRet":2009,"sErrMsg":"招工已满","strPin":"jd_74a8d71c978d9"}

普通助力(招工)结果:{"dwAwardExperience":500,"dwAwardMany":500,"dwCurTime":1625207126,"iRet":2009,"sErrMsg":"招工已满","strPin":"jd_74a8d71c978d9"}

去助力好友 【69C9B1E2CC75DBC3BAF7F08BD293373F5102E39AFC7D6577797FBFD0908E9E69】
超级助力(超级工人)结果:{"dwAwardExperience":500,"dwAwardMany":500,"dwCurTime":1625207138,"iRet":2009,"sErrMsg":"招工已满","strPin":"jd_74a8d71c978d9"}

普通助力(招工)结果:{"dwAwardExperience":500,"dwAwardMany":500,"dwCurTime":1625207149,"iRet":2009,"sErrMsg":"招工已满","strPin":"jd_74a8d71c978d9"}

去助力好友 【F45CB4F07997DFE748E5656521A9034446A1568F6950206B0D44A5664662275D】
超级助力(超级工人)结果:{"dwAwardExperience":500,"dwAwardMany":500,"dwCurTime":1625207161,"iRet":2009,"sErrMsg":"招工已满","strPin":"jd_74a8d71c978d9"}

普通助力(招工)结果:{"dwAwardExperience":500,"dwAwardMany":500,"dwCurTime":1625207171,"iRet":2009,"sErrMsg":"招工已满","strPin":"jd_74a8d71c978d9"}


开始【京东账号3】jd_585601a83bd48

由于您第3个京东账号未提供shareCode,将采纳本脚本自带的助力码

开始
第3个京东账号将要助力的好友["FA00A56D50C6589BC941527DE216A632B89CC0D5A39956B11BD5AB8B02EAA6B3","A13A472C0826D29815C0E8DB1E416FF2631415379A71B880F9BC7298743E02C9","AC44A799D9BD875DA9F3CAF1D06E7EBC10F916A6BFF7E4A4053422C8289DD22F","E328E35084A30DCE3B6CDA262D241942A75FBF859B66B47F7BD6B144C715143A","3E4FCA1315E7D614686CCCC2386FDBC5AEB6E10E5EFC25AEEA12C211E8BE3509","C615955B40B3721E7AD21DF5EE697CBEC43A66D310269452600CF291E26BCF59","1C06C35CCD990D362BC4A10808EA7EE18DD56B7347A52198C9B9EC0D19F791BA","21ECA8C831E3FFD014FB5EA53A5C1EA02A835A31CFE4E7D1B5F5C676A860B6A5","44099A7213D08369EA6953377B7214B7817FEE9CB02177E09FBFEAA5232F47AD","7FF8E184072BC6A974D496188793B09243AFC4AEB971E5F559D219C20239415A","BA6B937DD9ED1D204E2410CAE804D55DE13247DE96B95B7D1D7D7CE9281D92AB","786244973ED40333D34F1A4BAE5A3FD5165FA58B320CE6C9B603D6358CD0E5C9","5F9D6DF5A4A56BCA001F0EFC20E14D0B1AAABBDE7CC6245F7DEA2D363F920AE6","69232A74C7EA864981BDFF0E96EBD094852A57B4EC0F6200E93AF1252C47CAF1","5FC094BB67D47C42C51B7980EB8A3B6D0A73B81904E60D46366396BA5B836E55","FDA07FE3254918F58F8C52B4EC19B9C86DBCF0300937E64BE5A8D2696BA57375","69232A74C7EA864981BDFF0E96EBD094852A57B4EC0F6200E93AF1252C47CAF1","AA84E76C60EEC2A2BB3BF8EBD65175527C5D3D7FCCA2781E01E2E1F8CA85F650","A9E06C370818371E014ADB8CCDBBBC74FFEED5CF0F503725481E82E73CE7E63C","69C9B1E2CC75DBC3BAF7F08BD293373F5102E39AFC7D6577797FBFD0908E9E69","F45CB4F07997DFE748E5656521A9034446A1568F6950206B0D44A5664662275D"]

获取用户信息：success


当前等级:10,财富值:825270

财富岛好友互助码每次运行都变化,旧的可继续使用

【京东账号3（chao4596758）的京喜财富岛好友互助码】3CFFE538D0B9D8B6DFAE72DBD9E18EC1F32D382401F17A0ABDEF84D47252F5A8



签到列表：success


📌签到：你今日已签到过啦，请明天再来
待开通场景ID列表sceneList;["1002","1003"]

【欢乐牧场】🏝岛主 : 获取财富值：¥ 686 


【欢乐牧场】👬好友: 没有可收取钞票 

【欢乐牧场领取红包】 招工人数不达标

获取【📆日常任务】列表 ，总共5个任务！

"Timeout awaiting 'request' for 10000ms"
京喜财富岛 API请求失败，请检查网路重试

开始第1个【📆日常任务】：每日三餐上岛

每日三餐上岛【做日常任务】：任务进行中或者未到任务时间


每日三餐上岛【领日常奖励】：任务为成就任务或者未到任务时间


结束第1个【📆日常任务】：每日三餐上岛


开始第2个【📆日常任务】：关注浏览京喜好店

关注浏览京喜好店【做日常任务】：任务进行中或者未到任务时间


关注浏览京喜好店【领日常奖励】：任务为成就任务或者未到任务时间


结束第2个【📆日常任务】：关注浏览京喜好店


开始第3个【📆日常任务】：特卖商品1元起

特卖商品1元起【做日常任务】：任务进行中或者未到任务时间


特卖商品1元起【领日常奖励】：任务为成就任务或者未到任务时间


结束第3个【📆日常任务】：特卖商品1元起


开始第4个【📆日常任务】：邀请岛民好友首次上岛

邀请岛民好友首次上岛【做日常任务】：任务进行中或者未到任务时间


邀请岛民好友首次上岛【领日常奖励】：任务为成就任务或者未到任务时间


结束第4个【📆日常任务】：邀请岛民好友首次上岛


开始第5个【📆日常任务】：去岛屿商城下一单

去岛屿商城下一单【做日常任务】：任务进行中或者未到任务时间


去岛屿商城下一单【领日常奖励】：任务为成就任务或者未到任务时间


结束第5个【📆日常任务】：去岛屿商城下一单


【big_stone】🎁寻宝： ，获取随机奖励：¥ 544 


【small_stone】🎁寻宝： ，获取随机奖励：¥ 792 


【stone_road】🎁寻宝： ，获取随机奖励：¥ 791 


【tree】🎁寻宝： ，获取随机奖励：¥ 986 


【wood】🎁寻宝： ，获取随机奖励：¥ 789 


获取【🎖成就任务】列表 ，总共1个任务！


开始第1个【🎖成就任务】：累计寻宝100次

累计寻宝100次【领成就奖励】： success 获得财富值：¥ 1000


结束第1个【🎖成就任务】：累计寻宝100次


【🏝寻宝大作战】【全民暴富岛】开宝箱：宝箱已开启过！

【🏝寻宝大作战】【好运连连岛】开宝箱：未达到宝箱开启条件，快去邀请好友助力吧！

【🏝寻宝大作战】【平安喜乐岛】开宝箱：未达到宝箱开启条件，快去邀请好友助力吧！

【🏝寻宝大作战】【万事大吉岛】开宝箱：未达到宝箱开启条件，快去邀请好友助力吧！


你的【🏝寻宝大作战】互助码: Jxcfd_GroupId_344_72411083(每天都变化,旧的不可用)


去助力好友 【FA00A56D50C6589BC941527DE216A632B89CC0D5A39956B11BD5AB8B02EAA6B3】
超级助力(超级工人)结果:{"dwAwardExperience":500,"dwAwardMany":500,"dwCurTime":1625207341,"iRet":2009,"sErrMsg":"招工已满","strPin":"chao4596758"}

普通助力(招工)结果:{"dwAwardExperience":500,"dwAwardMany":500,"dwCurTime":1625207352,"iRet":2009,"sErrMsg":"招工已满","strPin":"chao4596758"}

去助力好友 【A13A472C0826D29815C0E8DB1E416FF2631415379A71B880F9BC7298743E02C9】
超级助力(超级工人)结果:{"dwAwardExperience":500,"dwAwardMany":500,"dwCurTime":1625207364,"iRet":2009,"sErrMsg":"招工已满","strPin":"chao4596758"}

普通助力(招工)结果:{"dwAwardExperience":500,"dwAwardMany":500,"dwCurTime":1625207380,"iRet":2009,"sErrMsg":"招工已满","strPin":"chao4596758"}

去助力好友 【AC44A799D9BD875DA9F3CAF1D06E7EBC10F916A6BFF7E4A4053422C8289DD22F】
超级助力(超级工人)结果:{"dwAwardExperience":500,"dwAwardMany":500,"dwCurTime":1625207392,"iRet":2009,"sErrMsg":"招工已满","strPin":"chao4596758"}

"Response code 401 (Unauthorized)"
京喜财富岛 createAssistUser JoinScene API请求失败，请检查网路重试
去助力好友 【E328E35084A30DCE3B6CDA262D241942A75FBF859B66B47F7BD6B144C715143A】
"Response code 401 (Unauthorized)"
京喜财富岛 createSuperAssistUser JoinScene API请求失败，请检查网路重试
普通助力(招工)结果:{"dwAwardExperience":500,"dwAwardMany":500,"dwCurTime":1625207425,"iRet":2009,"sErrMsg":"招工已满","strPin":"chao4596758"}

去助力好友 【3E4FCA1315E7D614686CCCC2386FDBC5AEB6E10E5EFC25AEEA12C211E8BE3509】
超级助力(超级工人)结果:{"dwAwardExperience":500,"dwAwardMany":500,"dwCurTime":1625207437,"iRet":2009,"sErrMsg":"招工已满","strPin":"chao4596758"}

普通助力(招工)结果:{"dwAwardExperience":500,"dwAwardMany":500,"dwCurTime":1625207447,"iRet":2009,"sErrMsg":"招工已满","strPin":"chao4596758"}

去助力好友 【C615955B40B3721E7AD21DF5EE697CBEC43A66D310269452600CF291E26BCF59】
超级助力(超级工人)结果:{"dwAwardExperience":500,"dwAwardMany":500,"dwCurTime":1625207460,"iRet":2009,"sErrMsg":"招工已满","strPin":"chao4596758"}

普通助力(招工)结果:{"dwAwardExperience":500,"dwAwardMany":500,"dwCurTime":1625207471,"iRet":2009,"sErrMsg":"招工已满","strPin":"chao4596758"}

去助力好友 【1C06C35CCD990D362BC4A10808EA7EE18DD56B7347A52198C9B9EC0D19F791BA】
超级助力(超级工人)结果:{"dwAwardExperience":500,"dwAwardMany":500,"dwCurTime":1625207483,"iRet":2009,"sErrMsg":"招工已满","strPin":"chao4596758"}

"Response code 401 (Unauthorized)"
京喜财富岛 createAssistUser JoinScene API请求失败，请检查网路重试
去助力好友 【21ECA8C831E3FFD014FB5EA53A5C1EA02A835A31CFE4E7D1B5F5C676A860B6A5】
超级助力(超级工人)结果:{"dwAwardExperience":500,"dwAwardMany":500,"dwCurTime":1625207505,"iRet":2009,"sErrMsg":"招工已满","strPin":"chao4596758"}

普通助力(招工)结果:{"dwAwardExperience":500,"dwAwardMany":500,"dwCurTime":1625207516,"iRet":2009,"sErrMsg":"招工已满","strPin":"chao4596758"}

去助力好友 【44099A7213D08369EA6953377B7214B7817FEE9CB02177E09FBFEAA5232F47AD】
超级助力(超级工人)结果:{"dwAwardExperience":500,"dwAwardMany":500,"dwCurTime":1625207528,"iRet":2009,"sErrMsg":"招工已满","strPin":"chao4596758"}

普通助力(招工)结果:{"dwAwardExperience":500,"dwAwardMany":500,"dwCurTime":1625207538,"iRet":2009,"sErrMsg":"招工已满","strPin":"chao4596758"}

去助力好友 【7FF8E184072BC6A974D496188793B09243AFC4AEB971E5F559D219C20239415A】
超级助力(超级工人)结果:{"dwAwardExperience":500,"dwAwardMany":500,"dwCurTime":1625207550,"iRet":2009,"sErrMsg":"招工已满","strPin":"chao4596758"}

普通助力(招工)结果:{"dwAwardExperience":500,"dwAwardMany":500,"dwCurTime":1625207560,"iRet":2009,"sErrMsg":"招工已满","strPin":"chao4596758"}

去助力好友 【BA6B937DD9ED1D204E2410CAE804D55DE13247DE96B95B7D1D7D7CE9281D92AB】
超级助力(超级工人)结果:{"dwAwardExperience":500,"dwAwardMany":500,"dwCurTime":1625207573,"iRet":2009,"sErrMsg":"招工已满","strPin":"chao4596758"}

普通助力(招工)结果:{"dwAwardExperience":500,"dwAwardMany":500,"dwCurTime":1625207583,"iRet":2009,"sErrMsg":"招工已满","strPin":"chao4596758"}

去助力好友 【786244973ED40333D34F1A4BAE5A3FD5165FA58B320CE6C9B603D6358CD0E5C9】
超级助力(超级工人)结果:{"dwAwardExperience":500,"dwAwardMany":500,"dwCurTime":1625207595,"iRet":2009,"sErrMsg":"招工已满","strPin":"chao4596758"}

"Response code 401 (Unauthorized)"
京喜财富岛 createAssistUser JoinScene API请求失败，请检查网路重试
去助力好友 【5F9D6DF5A4A56BCA001F0EFC20E14D0B1AAABBDE7CC6245F7DEA2D363F920AE6】
超级助力(超级工人)结果:{"dwAwardExperience":500,"dwAwardMany":500,"dwCurTime":1625207624,"iRet":2009,"sErrMsg":"招工已满","strPin":"chao4596758"}

普通助力(招工)结果:{"dwAwardExperience":500,"dwAwardMany":500,"dwCurTime":1625207635,"iRet":2009,"sErrMsg":"招工已满","strPin":"chao4596758"}

去助力好友 【69232A74C7EA864981BDFF0E96EBD094852A57B4EC0F6200E93AF1252C47CAF1】
超级助力(超级工人)结果:{"dwAwardExperience":500,"dwAwardMany":500,"dwCurTime":1625207647,"iRet":2009,"sErrMsg":"招工已满","strPin":"chao4596758"}

普通助力(招工)结果:{"dwAwardExperience":500,"dwAwardMany":500,"dwCurTime":1625207657,"iRet":2009,"sErrMsg":"招工已满","strPin":"chao4596758"}

去助力好友 【5FC094BB67D47C42C51B7980EB8A3B6D0A73B81904E60D46366396BA5B836E55】
超级助力(超级工人)结果:{"dwAwardExperience":500,"dwAwardMany":500,"dwCurTime":1625207671,"iRet":2009,"sErrMsg":"招工已满","strPin":"chao4596758"}

普通助力(招工)结果:{"dwAwardExperience":500,"dwAwardMany":500,"dwCurTime":1625207682,"iRet":2009,"sErrMsg":"招工已满","strPin":"chao4596758"}

去助力好友 【FDA07FE3254918F58F8C52B4EC19B9C86DBCF0300937E64BE5A8D2696BA57375】
超级助力(超级工人)结果:{"dwAwardExperience":500,"dwAwardMany":500,"dwCurTime":1625207699,"iRet":2009,"sErrMsg":"招工已满","strPin":"chao4596758"}

普通助力(招工)结果:{"dwAwardExperience":500,"dwAwardMany":500,"dwCurTime":1625207710,"iRet":2009,"sErrMsg":"招工已满","strPin":"chao4596758"}

去助力好友 【69232A74C7EA864981BDFF0E96EBD094852A57B4EC0F6200E93AF1252C47CAF1】
超级助力(超级工人)结果:{"dwAwardExperience":500,"dwAwardMany":500,"dwCurTime":1625207722,"iRet":2009,"sErrMsg":"招工已满","strPin":"chao4596758"}

普通助力(招工)结果:{"dwAwardExperience":500,"dwAwardMany":500,"dwCurTime":1625207732,"iRet":2009,"sErrMsg":"招工已满","strPin":"chao4596758"}

去助力好友 【AA84E76C60EEC2A2BB3BF8EBD65175527C5D3D7FCCA2781E01E2E1F8CA85F650】
超级助力(超级工人)结果:{"dwAwardExperience":500,"dwAwardMany":500,"dwCurTime":1625207745,"iRet":2009,"sErrMsg":"招工已满","strPin":"chao4596758"}

普通助力(招工)结果:{"dwAwardExperience":500,"dwAwardMany":500,"dwCurTime":1625207755,"iRet":2009,"sErrMsg":"招工已满","strPin":"chao4596758"}

去助力好友 【A9E06C370818371E014ADB8CCDBBBC74FFEED5CF0F503725481E82E73CE7E63C】
超级助力(超级工人)结果:{"dwAwardExperience":500,"dwAwardMany":500,"dwCurTime":1625207768,"iRet":2009,"sErrMsg":"招工已满","strPin":"chao4596758"}

普通助力(招工)结果:{"dwAwardExperience":500,"dwAwardMany":500,"dwCurTime":1625207778,"iRet":2009,"sErrMsg":"招工已满","strPin":"chao4596758"}

去助力好友 【69C9B1E2CC75DBC3BAF7F08BD293373F5102E39AFC7D6577797FBFD0908E9E69】
超级助力(超级工人)结果:{"dwAwardExperience":500,"dwAwardMany":500,"dwCurTime":1625207791,"iRet":2009,"sErrMsg":"招工已满","strPin":"chao4596758"}

"Response code 401 (Unauthorized)"
京喜财富岛 createAssistUser JoinScene API请求失败，请检查网路重试
去助力好友 【F45CB4F07997DFE748E5656521A9034446A1568F6950206B0D44A5664662275D】
超级助力(超级工人)结果:{"dwAwardExperience":500,"dwAwardMany":500,"dwCurTime":1625207814,"iRet":2009,"sErrMsg":"招工已满","strPin":"chao4596758"}

"Response code 401 (Unauthorized)"
京喜财富岛 createAssistUser JoinScene API请求失败，请检查网路重试

开始【京东账号4】jd_157332ewky

由于您第4个京东账号未提供shareCode,将采纳本脚本自带的助力码

开始
第4个京东账号将要助力的好友["FA00A56D50C6589BC941527DE216A632B89CC0D5A39956B11BD5AB8B02EAA6B3","A13A472C0826D29815C0E8DB1E416FF2631415379A71B880F9BC7298743E02C9","AC44A799D9BD875DA9F3CAF1D06E7EBC10F916A6BFF7E4A4053422C8289DD22F","E328E35084A30DCE3B6CDA262D241942A75FBF859B66B47F7BD6B144C715143A","3E4FCA1315E7D614686CCCC2386FDBC5AEB6E10E5EFC25AEEA12C211E8BE3509","C615955B40B3721E7AD21DF5EE697CBEC43A66D310269452600CF291E26BCF59","1C06C35CCD990D362BC4A10808EA7EE18DD56B7347A52198C9B9EC0D19F791BA","21ECA8C831E3FFD014FB5EA53A5C1EA02A835A31CFE4E7D1B5F5C676A860B6A5","44099A7213D08369EA6953377B7214B7817FEE9CB02177E09FBFEAA5232F47AD","7FF8E184072BC6A974D496188793B09243AFC4AEB971E5F559D219C20239415A","BA6B937DD9ED1D204E2410CAE804D55DE13247DE96B95B7D1D7D7CE9281D92AB","786244973ED40333D34F1A4BAE5A3FD5165FA58B320CE6C9B603D6358CD0E5C9","5F9D6DF5A4A56BCA001F0EFC20E14D0B1AAABBDE7CC6245F7DEA2D363F920AE6","69232A74C7EA864981BDFF0E96EBD094852A57B4EC0F6200E93AF1252C47CAF1","5FC094BB67D47C42C51B7980EB8A3B6D0A73B81904E60D46366396BA5B836E55","FDA07FE3254918F58F8C52B4EC19B9C86DBCF0300937E64BE5A8D2696BA57375","69232A74C7EA864981BDFF0E96EBD094852A57B4EC0F6200E93AF1252C47CAF1","AA84E76C60EEC2A2BB3BF8EBD65175527C5D3D7FCCA2781E01E2E1F8CA85F650","A9E06C370818371E014ADB8CCDBBBC74FFEED5CF0F503725481E82E73CE7E63C","69C9B1E2CC75DBC3BAF7F08BD293373F5102E39AFC7D6577797FBFD0908E9E69","F45CB4F07997DFE748E5656521A9034446A1568F6950206B0D44A5664662275D"]

获取用户信息：success


当前等级:17,财富值:2528964

财富岛好友互助码每次运行都变化,旧的可继续使用

【京东账号4（jd_46df9eaa780aa）的京喜财富岛好友互助码】F6FA2C796E72A9737E75902C7D6D44737B78641B3F655E6865CBB0D4483903B1



签到列表：success


📌签到：你今日已签到过啦，请明天再来
待开通场景ID列表sceneList;["1003"]

【欢乐牧场】🏝岛主 : 获取财富值：¥ 688 


【欢乐牧场】👬好友: 没有可收取钞票 

【欢乐牧场领取红包】 招工人数不达标

【便利店】🏝岛主 : 获取财富值：¥ 345 


【便利店】👬好友: 没有可收取钞票 

【便利店领取红包】参数错误
"Timeout awaiting 'request' for 10000ms"
京喜财富岛 API请求失败，请检查网路重试

获取【📆日常任务】列表 ，总共5个任务！


开始第1个【📆日常任务】：每日三餐上岛

每日三餐上岛【做日常任务】：任务进行中或者未到任务时间


每日三餐上岛【领日常奖励】：任务为成就任务或者未到任务时间


结束第1个【📆日常任务】：每日三餐上岛


开始第2个【📆日常任务】：关注浏览京喜好店

关注浏览京喜好店【做日常任务】：任务进行中或者未到任务时间


关注浏览京喜好店【领日常奖励】：任务为成就任务或者未到任务时间


结束第2个【📆日常任务】：关注浏览京喜好店


开始第3个【📆日常任务】：特卖商品1元起

特卖商品1元起【做日常任务】：任务进行中或者未到任务时间


特卖商品1元起【领日常奖励】：任务为成就任务或者未到任务时间


结束第3个【📆日常任务】：特卖商品1元起


开始第4个【📆日常任务】：邀请岛民好友首次上岛

邀请岛民好友首次上岛【做日常任务】：任务进行中或者未到任务时间


邀请岛民好友首次上岛【领日常奖励】：任务为成就任务或者未到任务时间


结束第4个【📆日常任务】：邀请岛民好友首次上岛


开始第5个【📆日常任务】：去岛屿商城下一单

去岛屿商城下一单【做日常任务】：任务进行中或者未到任务时间


去岛屿商城下一单【领日常奖励】：任务为成就任务或者未到任务时间


结束第5个【📆日常任务】：去岛屿商城下一单


【big_stone】🎁寻宝： ，获取随机奖励：¥ 511 


【small_stone】🎁寻宝： ，获取随机奖励：¥ 740 


【stone_road】🎁寻宝： ，获取随机奖励：¥ 528 


【tree】🎁寻宝： ，获取随机奖励：¥ 608 


【wood】🎁寻宝： ，获取随机奖励：¥ 737 


获取【🎖成就任务】列表 ，总共1个任务！


开始第1个【🎖成就任务】：累计寻宝400次

累计寻宝400次【领成就奖励】： success 获得财富值：¥ 1000


结束第1个【🎖成就任务】：累计寻宝400次


【🏝寻宝大作战】【全民暴富岛】开宝箱：未达到宝箱开启条件，快去邀请好友助力吧！

【🏝寻宝大作战】【好运连连岛】开宝箱：未达到宝箱开启条件，快去邀请好友助力吧！

【🏝寻宝大作战】【平安喜乐岛】开宝箱：未达到宝箱开启条件，快去邀请好友助力吧！

【🏝寻宝大作战】【万事大吉岛】开宝箱：未达到宝箱开启条件，快去邀请好友助力吧！


你的【🏝寻宝大作战】互助码: Jxcfd_GroupId_344_1099584690202(每天都变化,旧的不可用)


去助力好友 【FA00A56D50C6589BC941527DE216A632B89CC0D5A39956B11BD5AB8B02EAA6B3】
超级助力(超级工人)结果:{"dwAwardExperience":500,"dwAwardMany":500,"dwCurTime":1625207960,"iRet":2009,"sErrMsg":"招工已满","strPin":"jd_46df9eaa780aa"}

普通助力(招工)结果:{"dwAwardExperience":500,"dwAwardMany":500,"dwCurTime":1625207970,"iRet":2009,"sErrMsg":"招工已满","strPin":"jd_46df9eaa780aa"}

去助力好友 【A13A472C0826D29815C0E8DB1E416FF2631415379A71B880F9BC7298743E02C9】
超级助力(超级工人)结果:{"dwAwardExperience":500,"dwAwardMany":500,"dwCurTime":1625207982,"iRet":2009,"sErrMsg":"招工已满","strPin":"jd_46df9eaa780aa"}

普通助力(招工)结果:{"dwAwardExperience":500,"dwAwardMany":500,"dwCurTime":1625207993,"iRet":2009,"sErrMsg":"招工已满","strPin":"jd_46df9eaa780aa"}

去助力好友 【AC44A799D9BD875DA9F3CAF1D06E7EBC10F916A6BFF7E4A4053422C8289DD22F】
超级助力(超级工人)结果:{"dwAwardExperience":500,"dwAwardMany":500,"dwCurTime":1625208006,"iRet":2009,"sErrMsg":"招工已满","strPin":"jd_46df9eaa780aa"}

普通助力(招工)结果:{"dwAwardExperience":500,"dwAwardMany":500,"dwCurTime":1625208017,"iRet":2009,"sErrMsg":"招工已满","strPin":"jd_46df9eaa780aa"}

去助力好友 【E328E35084A30DCE3B6CDA262D241942A75FBF859B66B47F7BD6B144C715143A】
"Response code 401 (Unauthorized)"
京喜财富岛 createSuperAssistUser JoinScene API请求失败，请检查网路重试
普通助力(招工)结果:{"dwAwardExperience":500,"dwAwardMany":500,"dwCurTime":1625208039,"iRet":2009,"sErrMsg":"招工已满","strPin":"jd_46df9eaa780aa"}

去助力好友 【3E4FCA1315E7D614686CCCC2386FDBC5AEB6E10E5EFC25AEEA12C211E8BE3509】
超级助力(超级工人)结果:{"dwAwardExperience":500,"dwAwardMany":500,"dwCurTime":1625208051,"iRet":2009,"sErrMsg":"招工已满","strPin":"jd_46df9eaa780aa"}

普通助力(招工)结果:{"dwAwardExperience":500,"dwAwardMany":500,"dwCurTime":1625208061,"iRet":2009,"sErrMsg":"招工已满","strPin":"jd_46df9eaa780aa"}

去助力好友 【C615955B40B3721E7AD21DF5EE697CBEC43A66D310269452600CF291E26BCF59】
超级助力(超级工人)结果:{"dwAwardExperience":500,"dwAwardMany":500,"dwCurTime":1625208074,"iRet":2009,"sErrMsg":"招工已满","strPin":"jd_46df9eaa780aa"}

普通助力(招工)结果:{"dwAwardExperience":500,"dwAwardMany":500,"dwCurTime":1625208085,"iRet":2009,"sErrMsg":"招工已满","strPin":"jd_46df9eaa780aa"}

去助力好友 【1C06C35CCD990D362BC4A10808EA7EE18DD56B7347A52198C9B9EC0D19F791BA】
超级助力(超级工人)结果:{"dwAwardExperience":500,"dwAwardMany":500,"dwCurTime":1625208097,"iRet":2009,"sErrMsg":"招工已满","strPin":"jd_46df9eaa780aa"}

普通助力(招工)结果:{"dwAwardExperience":500,"dwAwardMany":500,"dwCurTime":1625208107,"iRet":2009,"sErrMsg":"招工已满","strPin":"jd_46df9eaa780aa"}

去助力好友 【21ECA8C831E3FFD014FB5EA53A5C1EA02A835A31CFE4E7D1B5F5C676A860B6A5】
"Response code 401 (Unauthorized)"
京喜财富岛 createSuperAssistUser JoinScene API请求失败，请检查网路重试
普通助力(招工)结果:{"dwAwardExperience":500,"dwAwardMany":500,"dwCurTime":1625208130,"iRet":2009,"sErrMsg":"招工已满","strPin":"jd_46df9eaa780aa"}

去助力好友 【44099A7213D08369EA6953377B7214B7817FEE9CB02177E09FBFEAA5232F47AD】
超级助力(超级工人)结果:{"dwAwardExperience":500,"dwAwardMany":500,"dwCurTime":1625208142,"iRet":2009,"sErrMsg":"招工已满","strPin":"jd_46df9eaa780aa"}

普通助力(招工)结果:{"dwAwardExperience":500,"dwAwardMany":500,"dwCurTime":1625208152,"iRet":2009,"sErrMsg":"招工已满","strPin":"jd_46df9eaa780aa"}

去助力好友 【7FF8E184072BC6A974D496188793B09243AFC4AEB971E5F559D219C20239415A】
"Response code 401 (Unauthorized)"
京喜财富岛 createSuperAssistUser JoinScene API请求失败，请检查网路重试
"Response code 401 (Unauthorized)"
京喜财富岛 createAssistUser JoinScene API请求失败，请检查网路重试
去助力好友 【BA6B937DD9ED1D204E2410CAE804D55DE13247DE96B95B7D1D7D7CE9281D92AB】
"Response code 401 (Unauthorized)"
京喜财富岛 createSuperAssistUser JoinScene API请求失败，请检查网路重试
普通助力(招工)结果:{"dwAwardExperience":500,"dwAwardMany":500,"dwCurTime":1625208197,"iRet":2009,"sErrMsg":"招工已满","strPin":"jd_46df9eaa780aa"}

去助力好友 【786244973ED40333D34F1A4BAE5A3FD5165FA58B320CE6C9B603D6358CD0E5C9】
超级助力(超级工人)结果:{"dwAwardExperience":500,"dwAwardMany":500,"dwCurTime":1625208209,"iRet":2009,"sErrMsg":"招工已满","strPin":"jd_46df9eaa780aa"}

普通助力(招工)结果:{"dwAwardExperience":500,"dwAwardMany":500,"dwCurTime":1625208219,"iRet":2009,"sErrMsg":"招工已满","strPin":"jd_46df9eaa780aa"}

去助力好友 【5F9D6DF5A4A56BCA001F0EFC20E14D0B1AAABBDE7CC6245F7DEA2D363F920AE6】
超级助力(超级工人)结果:{"dwAwardExperience":500,"dwAwardMany":500,"dwCurTime":1625208231,"iRet":2009,"sErrMsg":"招工已满","strPin":"jd_46df9eaa780aa"}

普通助力(招工)结果:{"dwAwardExperience":500,"dwAwardMany":500,"dwCurTime":1625208242,"iRet":2009,"sErrMsg":"招工已满","strPin":"jd_46df9eaa780aa"}

去助力好友 【69232A74C7EA864981BDFF0E96EBD094852A57B4EC0F6200E93AF1252C47CAF1】
超级助力(超级工人)结果:{"dwAwardExperience":500,"dwAwardMany":500,"dwCurTime":1625208254,"iRet":2009,"sErrMsg":"招工已满","strPin":"jd_46df9eaa780aa"}

"Response code 401 (Unauthorized)"
京喜财富岛 createAssistUser JoinScene API请求失败，请检查网路重试
去助力好友 【5FC094BB67D47C42C51B7980EB8A3B6D0A73B81904E60D46366396BA5B836E55】
超级助力(超级工人)结果:{"dwAwardExperience":500,"dwAwardMany":500,"dwCurTime":1625208276,"iRet":2009,"sErrMsg":"招工已满","strPin":"jd_46df9eaa780aa"}

普通助力(招工)结果:{"dwAwardExperience":500,"dwAwardMany":500,"dwCurTime":1625208286,"iRet":2009,"sErrMsg":"招工已满","strPin":"jd_46df9eaa780aa"}

去助力好友 【FDA07FE3254918F58F8C52B4EC19B9C86DBCF0300937E64BE5A8D2696BA57375】
超级助力(超级工人)结果:{"dwAwardExperience":500,"dwAwardMany":500,"dwCurTime":1625208299,"iRet":2009,"sErrMsg":"招工已满","strPin":"jd_46df9eaa780aa"}

普通助力(招工)结果:{"dwAwardExperience":500,"dwAwardMany":500,"dwCurTime":1625208310,"iRet":2009,"sErrMsg":"招工已满","strPin":"jd_46df9eaa780aa"}

去助力好友 【69232A74C7EA864981BDFF0E96EBD094852A57B4EC0F6200E93AF1252C47CAF1】
超级助力(超级工人)结果:{"dwAwardExperience":500,"dwAwardMany":500,"dwCurTime":1625208322,"iRet":2009,"sErrMsg":"招工已满","strPin":"jd_46df9eaa780aa"}

普通助力(招工)结果:{"dwAwardExperience":500,"dwAwardMany":500,"dwCurTime":1625208332,"iRet":2009,"sErrMsg":"招工已满","strPin":"jd_46df9eaa780aa"}

去助力好友 【AA84E76C60EEC2A2BB3BF8EBD65175527C5D3D7FCCA2781E01E2E1F8CA85F650】
超级助力(超级工人)结果:{"dwAwardExperience":500,"dwAwardMany":500,"dwCurTime":1625208344,"iRet":2009,"sErrMsg":"招工已满","strPin":"jd_46df9eaa780aa"}

"Response code 401 (Unauthorized)"
京喜财富岛 createAssistUser JoinScene API请求失败，请检查网路重试
去助力好友 【A9E06C370818371E014ADB8CCDBBBC74FFEED5CF0F503725481E82E73CE7E63C】
超级助力(超级工人)结果:{"dwAwardExperience":500,"dwAwardMany":500,"dwCurTime":1625208372,"iRet":2009,"sErrMsg":"招工已满","strPin":"jd_46df9eaa780aa"}

普通助力(招工)结果:{"dwAwardExperience":500,"dwAwardMany":500,"dwCurTime":1625208382,"iRet":2009,"sErrMsg":"招工已满","strPin":"jd_46df9eaa780aa"}

去助力好友 【69C9B1E2CC75DBC3BAF7F08BD293373F5102E39AFC7D6577797FBFD0908E9E69】
超级助力(超级工人)结果:{"dwAwardExperience":500,"dwAwardMany":500,"dwCurTime":1625208394,"iRet":2009,"sErrMsg":"招工已满","strPin":"jd_46df9eaa780aa"}

普通助力(招工)结果:{"dwAwardExperience":500,"dwAwardMany":500,"dwCurTime":1625208404,"iRet":2009,"sErrMsg":"招工已满","strPin":"jd_46df9eaa780aa"}

去助力好友 【F45CB4F07997DFE748E5656521A9034446A1568F6950206B0D44A5664662275D】
超级助力(超级工人)结果:{"dwAwardExperience":500,"dwAwardMany":500,"dwCurTime":1625208417,"iRet":2009,"sErrMsg":"招工已满","strPin":"jd_46df9eaa780aa"}

普通助力(招工)结果:{"dwAwardExperience":500,"dwAwardMany":500,"dwCurTime":1625208427,"iRet":2009,"sErrMsg":"招工已满","strPin":"jd_46df9eaa780aa"}


开始【京东账号5】jd_157332zdf

由于您第5个京东账号未提供shareCode,将采纳本脚本自带的助力码

开始
第5个京东账号将要助力的好友["FA00A56D50C6589BC941527DE216A632B89CC0D5A39956B11BD5AB8B02EAA6B3","A13A472C0826D29815C0E8DB1E416FF2631415379A71B880F9BC7298743E02C9","AC44A799D9BD875DA9F3CAF1D06E7EBC10F916A6BFF7E4A4053422C8289DD22F","E328E35084A30DCE3B6CDA262D241942A75FBF859B66B47F7BD6B144C715143A","3E4FCA1315E7D614686CCCC2386FDBC5AEB6E10E5EFC25AEEA12C211E8BE3509","C615955B40B3721E7AD21DF5EE697CBEC43A66D310269452600CF291E26BCF59","1C06C35CCD990D362BC4A10808EA7EE18DD56B7347A52198C9B9EC0D19F791BA","21ECA8C831E3FFD014FB5EA53A5C1EA02A835A31CFE4E7D1B5F5C676A860B6A5","44099A7213D08369EA6953377B7214B7817FEE9CB02177E09FBFEAA5232F47AD","7FF8E184072BC6A974D496188793B09243AFC4AEB971E5F559D219C20239415A","BA6B937DD9ED1D204E2410CAE804D55DE13247DE96B95B7D1D7D7CE9281D92AB","786244973ED40333D34F1A4BAE5A3FD5165FA58B320CE6C9B603D6358CD0E5C9","5F9D6DF5A4A56BCA001F0EFC20E14D0B1AAABBDE7CC6245F7DEA2D363F920AE6","69232A74C7EA864981BDFF0E96EBD094852A57B4EC0F6200E93AF1252C47CAF1","5FC094BB67D47C42C51B7980EB8A3B6D0A73B81904E60D46366396BA5B836E55","FDA07FE3254918F58F8C52B4EC19B9C86DBCF0300937E64BE5A8D2696BA57375","69232A74C7EA864981BDFF0E96EBD094852A57B4EC0F6200E93AF1252C47CAF1","AA84E76C60EEC2A2BB3BF8EBD65175527C5D3D7FCCA2781E01E2E1F8CA85F650","A9E06C370818371E014ADB8CCDBBBC74FFEED5CF0F503725481E82E73CE7E63C","69C9B1E2CC75DBC3BAF7F08BD293373F5102E39AFC7D6577797FBFD0908E9E69","F45CB4F07997DFE748E5656521A9034446A1568F6950206B0D44A5664662275D"]

获取用户信息：success


当前等级:6,财富值:279485

财富岛好友互助码每次运行都变化,旧的可继续使用

【京东账号5（jd_67f63c904d8c6）的京喜财富岛好友互助码】D8A4D3EF79A10DF7C495340816DB8BD6BD568F644D444AF804FAB09D7E201F95



签到列表：success


📌签到：你今日已签到过啦，请明天再来
待开通场景ID列表sceneList;["1002","1003"]

【欢乐牧场】🏝岛主 : 获取财富值：¥ 675 


【欢乐牧场】👬好友: 没有可收取钞票 

【欢乐牧场领取红包】 招工人数不达标

获取【📆日常任务】列表 ，总共5个任务！


开始第1个【📆日常任务】：每日三餐上岛

每日三餐上岛【做日常任务】：任务进行中或者未到任务时间


每日三餐上岛【领日常奖励】：任务为成就任务或者未到任务时间


结束第1个【📆日常任务】：每日三餐上岛


开始第2个【📆日常任务】：关注浏览京喜好店
"Timeout awaiting 'request' for 10000ms"
京喜财富岛 API请求失败，请检查网路重试

关注浏览京喜好店【做日常任务】：任务进行中或者未到任务时间


关注浏览京喜好店【领日常奖励】：任务为成就任务或者未到任务时间


结束第2个【📆日常任务】：关注浏览京喜好店


开始第3个【📆日常任务】：特卖商品1元起

特卖商品1元起【做日常任务】：任务进行中或者未到任务时间


特卖商品1元起【领日常奖励】：任务为成就任务或者未到任务时间


结束第3个【📆日常任务】：特卖商品1元起


开始第4个【📆日常任务】：邀请岛民好友首次上岛

邀请岛民好友首次上岛【做日常任务】：任务进行中或者未到任务时间


邀请岛民好友首次上岛【领日常奖励】：任务为成就任务或者未到任务时间


结束第4个【📆日常任务】：邀请岛民好友首次上岛


开始第5个【📆日常任务】：去岛屿商城下一单

去岛屿商城下一单【做日常任务】：任务进行中或者未到任务时间


去岛屿商城下一单【领日常奖励】：任务为成就任务或者未到任务时间


结束第5个【📆日常任务】：去岛屿商城下一单


【big_stone】🎁寻宝： ，获取随机奖励：¥ 615 


【small_stone】🎁寻宝： ，获取随机奖励：¥ 660 


【stone_road】🎁寻宝： ，获取随机奖励：¥ 724 


【tree】🎁寻宝： ，获取随机奖励：¥ 942 


【wood】🎁寻宝： ，获取随机奖励：¥ 891 


获取【🎖成就任务】列表 ，总共0个任务！


【🏝寻宝大作战】【全民暴富岛】开宝箱：未达到宝箱开启条件，快去邀请好友助力吧！

【🏝寻宝大作战】【好运连连岛】开宝箱：未达到宝箱开启条件，快去邀请好友助力吧！

【🏝寻宝大作战】【平安喜乐岛】开宝箱：未达到宝箱开启条件，快去邀请好友助力吧！

【🏝寻宝大作战】【万事大吉岛】开宝箱：未达到宝箱开启条件，快去邀请好友助力吧！


你的【🏝寻宝大作战】互助码: Jxcfd_GroupId_344_72432833(每天都变化,旧的不可用)


去助力好友 【FA00A56D50C6589BC941527DE216A632B89CC0D5A39956B11BD5AB8B02EAA6B3】
超级助力(超级工人)结果:{"dwAwardExperience":500,"dwAwardMany":500,"dwCurTime":1625208548,"iRet":2009,"sErrMsg":"招工已满","strPin":"jd_67f63c904d8c6"}

普通助力(招工)结果:{"dwAwardExperience":500,"dwAwardMany":500,"dwCurTime":1625208558,"iRet":2009,"sErrMsg":"招工已满","strPin":"jd_67f63c904d8c6"}

去助力好友 【A13A472C0826D29815C0E8DB1E416FF2631415379A71B880F9BC7298743E02C9】
超级助力(超级工人)结果:{"dwAwardExperience":500,"dwAwardMany":500,"dwCurTime":1625208570,"iRet":2009,"sErrMsg":"招工已满","strPin":"jd_67f63c904d8c6"}

普通助力(招工)结果:{"dwAwardExperience":500,"dwAwardMany":500,"dwCurTime":1625208581,"iRet":2009,"sErrMsg":"招工已满","strPin":"jd_67f63c904d8c6"}

去助力好友 【AC44A799D9BD875DA9F3CAF1D06E7EBC10F916A6BFF7E4A4053422C8289DD22F】
超级助力(超级工人)结果:{"dwAwardExperience":500,"dwAwardMany":500,"dwCurTime":1625208593,"iRet":2009,"sErrMsg":"招工已满","strPin":"jd_67f63c904d8c6"}

普通助力(招工)结果:{"dwAwardExperience":500,"dwAwardMany":500,"dwCurTime":1625208603,"iRet":2009,"sErrMsg":"招工已满","strPin":"jd_67f63c904d8c6"}

去助力好友 【E328E35084A30DCE3B6CDA262D241942A75FBF859B66B47F7BD6B144C715143A】
超级助力(超级工人)结果:{"dwAwardExperience":500,"dwAwardMany":500,"dwCurTime":1625208615,"iRet":2009,"sErrMsg":"招工已满","strPin":"jd_67f63c904d8c6"}

普通助力(招工)结果:{"dwAwardExperience":500,"dwAwardMany":500,"dwCurTime":1625208625,"iRet":2009,"sErrMsg":"招工已满","strPin":"jd_67f63c904d8c6"}

去助力好友 【3E4FCA1315E7D614686CCCC2386FDBC5AEB6E10E5EFC25AEEA12C211E8BE3509】
超级助力(超级工人)结果:{"dwAwardExperience":500,"dwAwardMany":500,"dwCurTime":1625208638,"iRet":2009,"sErrMsg":"招工已满","strPin":"jd_67f63c904d8c6"}

"Response code 401 (Unauthorized)"
京喜财富岛 createAssistUser JoinScene API请求失败，请检查网路重试
去助力好友 【C615955B40B3721E7AD21DF5EE697CBEC43A66D310269452600CF291E26BCF59】
"Response code 401 (Unauthorized)"
京喜财富岛 createSuperAssistUser JoinScene API请求失败，请检查网路重试
普通助力(招工)结果:{"dwAwardExperience":500,"dwAwardMany":500,"dwCurTime":1625208677,"iRet":2009,"sErrMsg":"招工已满","strPin":"jd_67f63c904d8c6"}

去助力好友 【1C06C35CCD990D362BC4A10808EA7EE18DD56B7347A52198C9B9EC0D19F791BA】
超级助力(超级工人)结果:{"dwAwardExperience":500,"dwAwardMany":500,"dwCurTime":1625208690,"iRet":2009,"sErrMsg":"招工已满","strPin":"jd_67f63c904d8c6"}

普通助力(招工)结果:{"dwAwardExperience":500,"dwAwardMany":500,"dwCurTime":1625208701,"iRet":2009,"sErrMsg":"招工已满","strPin":"jd_67f63c904d8c6"}

去助力好友 【21ECA8C831E3FFD014FB5EA53A5C1EA02A835A31CFE4E7D1B5F5C676A860B6A5】
超级助力(超级工人)结果:{"dwAwardExperience":500,"dwAwardMany":500,"dwCurTime":1625208713,"iRet":2009,"sErrMsg":"招工已满","strPin":"jd_67f63c904d8c6"}

普通助力(招工)结果:{"dwAwardExperience":500,"dwAwardMany":500,"dwCurTime":1625208728,"iRet":2009,"sErrMsg":"招工已满","strPin":"jd_67f63c904d8c6"}

去助力好友 【44099A7213D08369EA6953377B7214B7817FEE9CB02177E09FBFEAA5232F47AD】
超级助力(超级工人)结果:{"dwAwardExperience":500,"dwAwardMany":500,"dwCurTime":1625208740,"iRet":2009,"sErrMsg":"招工已满","strPin":"jd_67f63c904d8c6"}

普通助力(招工)结果:{"dwAwardExperience":500,"dwAwardMany":500,"dwCurTime":1625208751,"iRet":2009,"sErrMsg":"招工已满","strPin":"jd_67f63c904d8c6"}

去助力好友 【7FF8E184072BC6A974D496188793B09243AFC4AEB971E5F559D219C20239415A】
超级助力(超级工人)结果:{"dwAwardExperience":500,"dwAwardMany":500,"dwCurTime":1625208763,"iRet":2009,"sErrMsg":"招工已满","strPin":"jd_67f63c904d8c6"}

普通助力(招工)结果:{"dwAwardExperience":500,"dwAwardMany":500,"dwCurTime":1625208773,"iRet":2009,"sErrMsg":"招工已满","strPin":"jd_67f63c904d8c6"}

去助力好友 【BA6B937DD9ED1D204E2410CAE804D55DE13247DE96B95B7D1D7D7CE9281D92AB】
超级助力(超级工人)结果:{"dwAwardExperience":500,"dwAwardMany":500,"dwCurTime":1625208785,"iRet":2009,"sErrMsg":"招工已满","strPin":"jd_67f63c904d8c6"}

普通助力(招工)结果:{"dwAwardExperience":500,"dwAwardMany":500,"dwCurTime":1625208795,"iRet":2009,"sErrMsg":"招工已满","strPin":"jd_67f63c904d8c6"}

去助力好友 【786244973ED40333D34F1A4BAE5A3FD5165FA58B320CE6C9B603D6358CD0E5C9】
超级助力(超级工人)结果:{"dwAwardExperience":500,"dwAwardMany":500,"dwCurTime":1625208808,"iRet":2009,"sErrMsg":"招工已满","strPin":"jd_67f63c904d8c6"}

"Response code 401 (Unauthorized)"
京喜财富岛 createAssistUser JoinScene API请求失败，请检查网路重试
去助力好友 【5F9D6DF5A4A56BCA001F0EFC20E14D0B1AAABBDE7CC6245F7DEA2D363F920AE6】
超级助力(超级工人)结果:{"dwAwardExperience":500,"dwAwardMany":500,"dwCurTime":1625208835,"iRet":2009,"sErrMsg":"招工已满","strPin":"jd_67f63c904d8c6"}

普通助力(招工)结果:{"dwAwardExperience":500,"dwAwardMany":500,"dwCurTime":1625208845,"iRet":2009,"sErrMsg":"招工已满","strPin":"jd_67f63c904d8c6"}

去助力好友 【69232A74C7EA864981BDFF0E96EBD094852A57B4EC0F6200E93AF1252C47CAF1】
超级助力(超级工人)结果:{"dwAwardExperience":500,"dwAwardMany":500,"dwCurTime":1625208857,"iRet":2009,"sErrMsg":"招工已满","strPin":"jd_67f63c904d8c6"}

普通助力(招工)结果:{"dwAwardExperience":500,"dwAwardMany":500,"dwCurTime":1625208868,"iRet":2009,"sErrMsg":"招工已满","strPin":"jd_67f63c904d8c6"}

去助力好友 【5FC094BB67D47C42C51B7980EB8A3B6D0A73B81904E60D46366396BA5B836E55】
超级助力(超级工人)结果:{"dwAwardExperience":500,"dwAwardMany":500,"dwCurTime":1625208880,"iRet":2009,"sErrMsg":"招工已满","strPin":"jd_67f63c904d8c6"}

"Response code 401 (Unauthorized)"
京喜财富岛 createAssistUser JoinScene API请求失败，请检查网路重试
去助力好友 【FDA07FE3254918F58F8C52B4EC19B9C86DBCF0300937E64BE5A8D2696BA57375】
超级助力(超级工人)结果:{"dwAwardExperience":500,"dwAwardMany":500,"dwCurTime":1625208902,"iRet":2009,"sErrMsg":"招工已满","strPin":"jd_67f63c904d8c6"}

普通助力(招工)结果:{"dwAwardExperience":500,"dwAwardMany":500,"dwCurTime":1625208912,"iRet":2009,"sErrMsg":"招工已满","strPin":"jd_67f63c904d8c6"}

去助力好友 【69232A74C7EA864981BDFF0E96EBD094852A57B4EC0F6200E93AF1252C47CAF1】
超级助力(超级工人)结果:{"dwAwardExperience":500,"dwAwardMany":500,"dwCurTime":1625208925,"iRet":2009,"sErrMsg":"招工已满","strPin":"jd_67f63c904d8c6"}

普通助力(招工)结果:{"dwAwardExperience":500,"dwAwardMany":500,"dwCurTime":1625208935,"iRet":2009,"sErrMsg":"招工已满","strPin":"jd_67f63c904d8c6"}

去助力好友 【AA84E76C60EEC2A2BB3BF8EBD65175527C5D3D7FCCA2781E01E2E1F8CA85F650】
"Response code 401 (Unauthorized)"
京喜财富岛 createSuperAssistUser JoinScene API请求失败，请检查网路重试
"Response code 401 (Unauthorized)"
京喜财富岛 createAssistUser JoinScene API请求失败，请检查网路重试
去助力好友 【A9E06C370818371E014ADB8CCDBBBC74FFEED5CF0F503725481E82E73CE7E63C】
超级助力(超级工人)结果:{"dwAwardExperience":500,"dwAwardMany":500,"dwCurTime":1625208969,"iRet":2009,"sErrMsg":"招工已满","strPin":"jd_67f63c904d8c6"}

普通助力(招工)结果:{"dwAwardExperience":500,"dwAwardMany":500,"dwCurTime":1625208980,"iRet":2009,"sErrMsg":"招工已满","strPin":"jd_67f63c904d8c6"}

去助力好友 【69C9B1E2CC75DBC3BAF7F08BD293373F5102E39AFC7D6577797FBFD0908E9E69】
超级助力(超级工人)结果:{"dwAwardExperience":500,"dwAwardMany":500,"dwCurTime":1625208997,"iRet":2009,"sErrMsg":"招工已满","strPin":"jd_67f63c904d8c6"}

"Response code 401 (Unauthorized)"
京喜财富岛 createAssistUser JoinScene API请求失败，请检查网路重试
去助力好友 【F45CB4F07997DFE748E5656521A9034446A1568F6950206B0D44A5664662275D】
"Response code 401 (Unauthorized)"
京喜财富岛 createSuperAssistUser JoinScene API请求失败，请检查网路重试
普通助力(招工)结果:{"dwAwardExperience":500,"dwAwardMany":500,"dwCurTime":1625209029,"iRet":2009,"sErrMsg":"招工已满","strPin":"jd_67f63c904d8c6"}



寻宝大作战，自己账号内部循环互助


账号15631692383_p 去参加 Jxcfd_GroupId_344_72402653 寻宝大作战
iRet:2013 不能给自己助力
账号15631692383_p 去参加 Jxcfd_GroupId_344_72407475 寻宝大作战
iRet:2005 每天打工次数上限


寻宝大作战，自己账号内部循环互助


账号jd_74a8d71c978d9 去参加 Jxcfd_GroupId_344_72402653 寻宝大作战
"Response code 401 (Unauthorized)"
京喜财富岛 joinGroup API请求失败，请检查网路重试
账号jd_74a8d71c978d9 去参加 Jxcfd_GroupId_344_72407475 寻宝大作战
iRet:2013 不能给自己助力
账号jd_74a8d71c978d9 去参加 Jxcfd_GroupId_344_72411083 寻宝大作战
iRet:2007 已经助力
账号jd_74a8d71c978d9 去参加 Jxcfd_GroupId_344_1099584690202 寻宝大作战
iRet:2005 每天打工次数上限


寻宝大作战，自己账号内部循环互助


账号chao4596758 去参加 Jxcfd_GroupId_344_72402653 寻宝大作战
iRet:2005 每天打工次数上限


寻宝大作战，自己账号内部循环互助


账号jd_46df9eaa780aa 去参加 Jxcfd_GroupId_344_72402653 寻宝大作战
"Response code 401 (Unauthorized)"
京喜财富岛 joinGroup API请求失败，请检查网路重试
账号jd_46df9eaa780aa 去参加 Jxcfd_GroupId_344_72407475 寻宝大作战
iRet:2007 已经助力
账号jd_46df9eaa780aa 去参加 Jxcfd_GroupId_344_72411083 寻宝大作战
iRet:2005 每天打工次数上限


寻宝大作战，自己账号内部循环互助


账号jd_67f63c904d8c6 去参加 Jxcfd_GroupId_344_72402653 寻宝大作战
"Response code 401 (Unauthorized)"
京喜财富岛 joinGroup API请求失败，请检查网路重试
账号jd_67f63c904d8c6 去参加 Jxcfd_GroupId_344_72407475 寻宝大作战
iRet:2007 已经助力
账号jd_67f63c904d8c6 去参加 Jxcfd_GroupId_344_72411083 寻宝大作战
iRet:2005 每天打工次数上限

==============📣系统通知📣==============
京喜财富岛
【京东账号1】Ymh__Sirius
【💵财富值】5885285

【京东账号2】Ycp_Dream
【💵财富值】854153

【京东账号3】jd_585601a83bd48
【💵财富值】825270

【京东账号4】jd_157332ewky
【💵财富值】2528964

【京东账号5】jd_157332zdf
【💵财富值】279485


🔔京喜财富岛, 结束! 🕛 2999.24 秒

