
🔔京喜财富岛, 开始!

====================共2个京东账号Cookie=========

==================脚本执行- 北京时间(UTC+8)：7/12/2021, 12:17:28 AM=====================

开始获取京喜财富岛配置文件

您提供了0个账号的京喜财富岛助力码

获取签名参数成功！
fp: 4557440549209162
token: tk01wa1091cb4a8nQ3lCYWJ0elNBVBilf6SRvRHxGSY03f/IHPKqLW1QacgbExbXPkSQkguYnnf3n3GNxfGxZheWSwvK
enCryptMethodJD: function test(token,fingerprint,timestamp,appId,algo){const random='U04VHP7m8h+4';const str=`${token}${fingerprint}${timestamp}${appId}${random}`;return algo.SHA256(str)}

开始【京东账号1】Ymh__Sirius

由于您第1个京东账号未提供shareCode,将采纳本脚本自带的助力码

开始
"Response code 530 (undefined)"
京喜财富岛 API请求失败，请检查网路重试
第1个京东账号将要助力的好友["FA00A56D50C6589BC941527DE216A632B89CC0D5A39956B11BD5AB8B02EAA6B3","A13A472C0826D29815C0E8DB1E416FF2631415379A71B880F9BC7298743E02C9","AC44A799D9BD875DA9F3CAF1D06E7EBC10F916A6BFF7E4A4053422C8289DD22F","E328E35084A30DCE3B6CDA262D241942A75FBF859B66B47F7BD6B144C715143A","3E4FCA1315E7D614686CCCC2386FDBC5AEB6E10E5EFC25AEEA12C211E8BE3509","C615955B40B3721E7AD21DF5EE697CBEC43A66D310269452600CF291E26BCF59","1C06C35CCD990D362BC4A10808EA7EE18DD56B7347A52198C9B9EC0D19F791BA","21ECA8C831E3FFD014FB5EA53A5C1EA02A835A31CFE4E7D1B5F5C676A860B6A5","44099A7213D08369EA6953377B7214B7817FEE9CB02177E09FBFEAA5232F47AD","7FF8E184072BC6A974D496188793B09243AFC4AEB971E5F559D219C20239415A","BA6B937DD9ED1D204E2410CAE804D55DE13247DE96B95B7D1D7D7CE9281D92AB","786244973ED40333D34F1A4BAE5A3FD5165FA58B320CE6C9B603D6358CD0E5C9","5F9D6DF5A4A56BCA001F0EFC20E14D0B1AAABBDE7CC6245F7DEA2D363F920AE6","69232A74C7EA864981BDFF0E96EBD094852A57B4EC0F6200E93AF1252C47CAF1","5FC094BB67D47C42C51B7980EB8A3B6D0A73B81904E60D46366396BA5B836E55","FDA07FE3254918F58F8C52B4EC19B9C86DBCF0300937E64BE5A8D2696BA57375","69232A74C7EA864981BDFF0E96EBD094852A57B4EC0F6200E93AF1252C47CAF1","AA84E76C60EEC2A2BB3BF8EBD65175527C5D3D7FCCA2781E01E2E1F8CA85F650","A9E06C370818371E014ADB8CCDBBBC74FFEED5CF0F503725481E82E73CE7E63C","69C9B1E2CC75DBC3BAF7F08BD293373F5102E39AFC7D6577797FBFD0908E9E69","F45CB4F07997DFE748E5656521A9034446A1568F6950206B0D44A5664662275D"]

获取用户信息：success


当前等级:26,财富值:6158644

财富岛好友互助码每次运行都变化,旧的可继续使用

【京东账号1（15631692383_p）的京喜财富岛好友互助码】C28A126BC325426BDEBE8D8BBC469EFD513F7F54484A8B82F0E82EDD99D9E441



签到列表：success


📌签到：你今日已签到过啦，请明天再来
待开通场景ID列表sceneList;[]

【欢乐牧场】🏝岛主 : 获取财富值：¥ 65 


【欢乐牧场】👬好友: 没有可收取钞票 

【欢乐牧场领取红包】 进阶招工未开启

【便利店】🏝岛主 : 获取财富值：¥ 32 


【便利店】👬好友: 没有可收取钞票 

【便利店领取红包】进阶招工未开启

【京喜餐厅】🏝岛主 : 获取财富值：¥ 40 


【京喜餐厅】👬好友: 没有可收取钞票 

【京喜餐厅领取红包】进阶招工未开启

获取【📆日常任务】列表 ，总共11个任务！


开始第1个【📆日常任务】：每日三餐上岛

每日三餐上岛【做日常任务】：任务进行中或者未到任务时间


每日三餐上岛【领日常奖励】：任务为成就任务或者未到任务时间


结束第1个【📆日常任务】：每日三餐上岛


开始第2个【📆日常任务】：每日三餐上岛

每日三餐上岛【做日常任务】：任务进行中或者未到任务时间


每日三餐上岛【领日常奖励】：任务为成就任务或者未到任务时间


结束第2个【📆日常任务】：每日三餐上岛


开始第3个【📆日常任务】：每日三餐上岛

每日三餐上岛【做日常任务】：任务进行中或者未到任务时间


每日三餐上岛【领日常奖励】：任务为成就任务或者未到任务时间


结束第3个【📆日常任务】：每日三餐上岛


开始第4个【📆日常任务】：关注浏览京喜好店

关注浏览京喜好店【做日常任务】：任务进行中或者未到任务时间


关注浏览京喜好店【领日常奖励】：任务为成就任务或者未到任务时间


结束第4个【📆日常任务】：关注浏览京喜好店


开始第5个【📆日常任务】：每日逛京喜爆品

每日逛京喜爆品【做日常任务】： mission success

每日逛京喜爆品【领日常奖励】： 获得财富值 ¥ 2000


每日逛京喜爆品【领日常奖励】：任务为成就任务或者未到任务时间


结束第5个【📆日常任务】：每日逛京喜爆品


开始第6个【📆日常任务】：特卖商品限量抢

特卖商品限量抢【做日常任务】：任务进行中或者未到任务时间


特卖商品限量抢【领日常奖励】：任务为成就任务或者未到任务时间


结束第6个【📆日常任务】：特卖商品限量抢


开始第7个【📆日常任务】：逛商品集市得财富

逛商品集市得财富【做日常任务】： mission success

逛商品集市得财富【领日常奖励】： 获得财富值 ¥ 1000


逛商品集市得财富【领日常奖励】：任务为成就任务或者未到任务时间


结束第7个【📆日常任务】：逛商品集市得财富


开始第8个【📆日常任务】：天天领免费福利

天天领免费福利【做日常任务】： mission success

天天领免费福利【领日常奖励】： 获得财富值 ¥ 3000


天天领免费福利【领日常奖励】：任务为成就任务或者未到任务时间


结束第8个【📆日常任务】：天天领免费福利


开始第9个【📆日常任务】：每日逛逛赢福利

每日逛逛赢福利【做日常任务】： mission success

每日逛逛赢福利【领日常奖励】： 获得财富值 ¥ 3000


每日逛逛赢福利【领日常奖励】：任务为成就任务或者未到任务时间


结束第9个【📆日常任务】：每日逛逛赢福利


开始第10个【📆日常任务】：邀请岛民好友首次上岛

邀请岛民好友首次上岛【做日常任务】：任务进行中或者未到任务时间


邀请岛民好友首次上岛【领日常奖励】：任务为成就任务或者未到任务时间


结束第10个【📆日常任务】：邀请岛民好友首次上岛


开始第11个【📆日常任务】：去岛屿商城下一单

去岛屿商城下一单【做日常任务】：任务进行中或者未到任务时间


去岛屿商城下一单【领日常奖励】：任务为成就任务或者未到任务时间


结束第11个【📆日常任务】：去岛屿商城下一单


🎁寻宝：宝藏冷却中，请等待冷却完毕

🎁寻宝：宝藏冷却中，请等待冷却完毕

🎁寻宝：宝藏冷却中，请等待冷却完毕

获取【🎖成就任务】列表 ，总共0个任务！


【🏝寻宝大作战】【undefined】开宝箱：未达到宝箱开启条件，快去邀请好友助力吧！

❗️京喜财富岛, 错误!
TypeError: Cannot read property 'strGroupId' of undefined
    at /opt/jd/scripts/jd_cfd.js:972:31
    at isSurge.isLoon.isQuanX.isNode.got.on.then.message (/opt/jd/scripts/jd_cfd.js:1432:4869)
    at processTicksAndRejections (internal/process/task_queues.js:93:5)
去助力好友 【FA00A56D50C6589BC941527DE216A632B89CC0D5A39956B11BD5AB8B02EAA6B3】
超级助力(超级工人)结果:{"dwAwardExperience":500,"dwAwardMany":500,"dwCurTime":1626020405,"iRet":2003,"sErrMsg":"系统繁忙,请稍候再试","strPin":"15631692383_p"}

普通助力(招工)结果:{"dwAwardExperience":500,"dwAwardMany":500,"dwCurTime":1626020416,"iRet":2003,"sErrMsg":"系统繁忙,请稍候再试","strPin":"15631692383_p"}

去助力好友 【A13A472C0826D29815C0E8DB1E416FF2631415379A71B880F9BC7298743E02C9】
"Response code 401 (Unauthorized)"
京喜财富岛 createSuperAssistUser JoinScene API请求失败，请检查网路重试
"Response code 401 (Unauthorized)"
京喜财富岛 createAssistUser JoinScene API请求失败，请检查网路重试
去助力好友 【AC44A799D9BD875DA9F3CAF1D06E7EBC10F916A6BFF7E4A4053422C8289DD22F】
"Response code 401 (Unauthorized)"
京喜财富岛 createSuperAssistUser JoinScene API请求失败，请检查网路重试
"Response code 401 (Unauthorized)"
京喜财富岛 createAssistUser JoinScene API请求失败，请检查网路重试
去助力好友 【E328E35084A30DCE3B6CDA262D241942A75FBF859B66B47F7BD6B144C715143A】
超级助力(超级工人)结果:{"dwAwardExperience":500,"dwAwardMany":500,"dwCurTime":1626020473,"iRet":2003,"sErrMsg":"系统繁忙,请稍候再试","strPin":"15631692383_p"}

普通助力(招工)结果:{"dwAwardExperience":500,"dwAwardMany":500,"dwCurTime":1626020483,"iRet":2003,"sErrMsg":"系统繁忙,请稍候再试","strPin":"15631692383_p"}

去助力好友 【3E4FCA1315E7D614686CCCC2386FDBC5AEB6E10E5EFC25AEEA12C211E8BE3509】
超级助力(超级工人)结果:{"dwAwardExperience":500,"dwAwardMany":500,"dwCurTime":1626020495,"iRet":2009,"sErrMsg":"招工已满","strPin":"15631692383_p"}

"Response code 401 (Unauthorized)"
京喜财富岛 createAssistUser JoinScene API请求失败，请检查网路重试
去助力好友 【C615955B40B3721E7AD21DF5EE697CBEC43A66D310269452600CF291E26BCF59】
"Response code 401 (Unauthorized)"
京喜财富岛 createSuperAssistUser JoinScene API请求失败，请检查网路重试
"Response code 401 (Unauthorized)"
京喜财富岛 createAssistUser JoinScene API请求失败，请检查网路重试
去助力好友 【1C06C35CCD990D362BC4A10808EA7EE18DD56B7347A52198C9B9EC0D19F791BA】
超级助力(超级工人)结果:{"dwAwardExperience":500,"dwAwardMany":500,"dwCurTime":1626020539,"iRet":2009,"sErrMsg":"招工已满","strPin":"15631692383_p"}

普通助力(招工)结果:{"dwAwardExperience":500,"dwAwardMany":500,"dwCurTime":1626020550,"iRet":2009,"sErrMsg":"招工已满","strPin":"15631692383_p"}

去助力好友 【21ECA8C831E3FFD014FB5EA53A5C1EA02A835A31CFE4E7D1B5F5C676A860B6A5】
超级助力(超级工人)结果:{"dwAwardExperience":500,"dwAwardMany":500,"dwCurTime":1626020562,"iRet":2009,"sErrMsg":"招工已满","strPin":"15631692383_p"}

普通助力(招工)结果:{"dwAwardExperience":500,"dwAwardMany":500,"dwCurTime":1626020572,"iRet":2009,"sErrMsg":"招工已满","strPin":"15631692383_p"}

去助力好友 【44099A7213D08369EA6953377B7214B7817FEE9CB02177E09FBFEAA5232F47AD】
超级助力(超级工人)结果:{"dwAwardExperience":500,"dwAwardMany":500,"dwCurTime":1626020584,"iRet":2009,"sErrMsg":"招工已满","strPin":"15631692383_p"}

普通助力(招工)结果:{"dwAwardExperience":500,"dwAwardMany":500,"dwCurTime":1626020594,"iRet":2009,"sErrMsg":"招工已满","strPin":"15631692383_p"}

去助力好友 【7FF8E184072BC6A974D496188793B09243AFC4AEB971E5F559D219C20239415A】
"Response code 401 (Unauthorized)"
京喜财富岛 createSuperAssistUser JoinScene API请求失败，请检查网路重试
普通助力(招工)结果:{"dwAwardExperience":500,"dwAwardMany":500,"dwCurTime":1626020616,"iRet":2009,"sErrMsg":"招工已满","strPin":"15631692383_p"}

去助力好友 【BA6B937DD9ED1D204E2410CAE804D55DE13247DE96B95B7D1D7D7CE9281D92AB】
超级助力(超级工人)结果:{"dwAwardExperience":500,"dwAwardMany":500,"dwCurTime":1626020629,"iRet":2009,"sErrMsg":"招工已满","strPin":"15631692383_p"}

普通助力(招工)结果:{"dwAwardExperience":500,"dwAwardMany":500,"dwCurTime":1626020639,"iRet":2009,"sErrMsg":"招工已满","strPin":"15631692383_p"}

去助力好友 【786244973ED40333D34F1A4BAE5A3FD5165FA58B320CE6C9B603D6358CD0E5C9】
超级助力(超级工人)结果:{"dwAwardExperience":500,"dwAwardMany":500,"dwCurTime":1626020651,"iRet":2009,"sErrMsg":"招工已满","strPin":"15631692383_p"}

普通助力(招工)结果:{"dwAwardExperience":500,"dwAwardMany":500,"dwCurTime":1626020661,"iRet":2009,"sErrMsg":"招工已满","strPin":"15631692383_p"}

去助力好友 【5F9D6DF5A4A56BCA001F0EFC20E14D0B1AAABBDE7CC6245F7DEA2D363F920AE6】
"Response code 401 (Unauthorized)"
京喜财富岛 createSuperAssistUser JoinScene API请求失败，请检查网路重试
普通助力(招工)结果:{"dwAwardExperience":500,"dwAwardMany":500,"dwCurTime":1626020683,"iRet":2009,"sErrMsg":"招工已满","strPin":"15631692383_p"}

去助力好友 【69232A74C7EA864981BDFF0E96EBD094852A57B4EC0F6200E93AF1252C47CAF1】
超级助力(超级工人)结果:{"dwAwardExperience":500,"dwAwardMany":500,"dwCurTime":1626020695,"iRet":2009,"sErrMsg":"招工已满","strPin":"15631692383_p"}

普通助力(招工)结果:{"dwAwardExperience":500,"dwAwardMany":500,"dwCurTime":1626020706,"iRet":2009,"sErrMsg":"招工已满","strPin":"15631692383_p"}

去助力好友 【5FC094BB67D47C42C51B7980EB8A3B6D0A73B81904E60D46366396BA5B836E55】
超级助力(超级工人)结果:{"dwAwardExperience":500,"dwAwardMany":500,"dwCurTime":1626020718,"iRet":2009,"sErrMsg":"招工已满","strPin":"15631692383_p"}

普通助力(招工)结果:{"dwAwardExperience":500,"dwAwardMany":500,"dwCurTime":1626020728,"iRet":2009,"sErrMsg":"招工已满","strPin":"15631692383_p"}

去助力好友 【FDA07FE3254918F58F8C52B4EC19B9C86DBCF0300937E64BE5A8D2696BA57375】
"Response code 401 (Unauthorized)"
京喜财富岛 createSuperAssistUser JoinScene API请求失败，请检查网路重试
"Response code 401 (Unauthorized)"
京喜财富岛 createAssistUser JoinScene API请求失败，请检查网路重试
去助力好友 【69232A74C7EA864981BDFF0E96EBD094852A57B4EC0F6200E93AF1252C47CAF1】
超级助力(超级工人)结果:{"dwAwardExperience":500,"dwAwardMany":500,"dwCurTime":1626020763,"iRet":2009,"sErrMsg":"招工已满","strPin":"15631692383_p"}

普通助力(招工)结果:{"dwAwardExperience":500,"dwAwardMany":500,"dwCurTime":1626020773,"iRet":2009,"sErrMsg":"招工已满","strPin":"15631692383_p"}

去助力好友 【AA84E76C60EEC2A2BB3BF8EBD65175527C5D3D7FCCA2781E01E2E1F8CA85F650】
超级助力(超级工人)结果:{"dwAwardExperience":500,"dwAwardMany":500,"dwCurTime":1626020785,"iRet":2009,"sErrMsg":"招工已满","strPin":"15631692383_p"}

普通助力(招工)结果:{"dwAwardExperience":500,"dwAwardMany":500,"dwCurTime":1626020795,"iRet":2009,"sErrMsg":"招工已满","strPin":"15631692383_p"}

去助力好友 【A9E06C370818371E014ADB8CCDBBBC74FFEED5CF0F503725481E82E73CE7E63C】
超级助力(超级工人)结果:{"dwAwardExperience":500,"dwAwardMany":500,"dwCurTime":1626020808,"iRet":2009,"sErrMsg":"招工已满","strPin":"15631692383_p"}

"Response code 401 (Unauthorized)"
京喜财富岛 createAssistUser JoinScene API请求失败，请检查网路重试
去助力好友 【69C9B1E2CC75DBC3BAF7F08BD293373F5102E39AFC7D6577797FBFD0908E9E69】
"Response code 401 (Unauthorized)"
京喜财富岛 createSuperAssistUser JoinScene API请求失败，请检查网路重试
普通助力(招工)结果:{"dwAwardExperience":500,"dwAwardMany":500,"dwCurTime":1626020840,"iRet":2009,"sErrMsg":"招工已满","strPin":"15631692383_p"}

去助力好友 【F45CB4F07997DFE748E5656521A9034446A1568F6950206B0D44A5664662275D】
超级助力(超级工人)结果:{"dwAwardExperience":500,"dwAwardMany":500,"dwCurTime":1626020852,"iRet":2009,"sErrMsg":"招工已满","strPin":"15631692383_p"}

"Response code 401 (Unauthorized)"
京喜财富岛 createAssistUser JoinScene API请求失败，请检查网路重试

开始【京东账号2】Ycp_Dream

由于您第2个京东账号未提供shareCode,将采纳本脚本自带的助力码

开始
"Response code 530 (undefined)"
京喜财富岛 API请求失败，请检查网路重试
第2个京东账号将要助力的好友["FA00A56D50C6589BC941527DE216A632B89CC0D5A39956B11BD5AB8B02EAA6B3","A13A472C0826D29815C0E8DB1E416FF2631415379A71B880F9BC7298743E02C9","AC44A799D9BD875DA9F3CAF1D06E7EBC10F916A6BFF7E4A4053422C8289DD22F","E328E35084A30DCE3B6CDA262D241942A75FBF859B66B47F7BD6B144C715143A","3E4FCA1315E7D614686CCCC2386FDBC5AEB6E10E5EFC25AEEA12C211E8BE3509","C615955B40B3721E7AD21DF5EE697CBEC43A66D310269452600CF291E26BCF59","1C06C35CCD990D362BC4A10808EA7EE18DD56B7347A52198C9B9EC0D19F791BA","21ECA8C831E3FFD014FB5EA53A5C1EA02A835A31CFE4E7D1B5F5C676A860B6A5","44099A7213D08369EA6953377B7214B7817FEE9CB02177E09FBFEAA5232F47AD","7FF8E184072BC6A974D496188793B09243AFC4AEB971E5F559D219C20239415A","BA6B937DD9ED1D204E2410CAE804D55DE13247DE96B95B7D1D7D7CE9281D92AB","786244973ED40333D34F1A4BAE5A3FD5165FA58B320CE6C9B603D6358CD0E5C9","5F9D6DF5A4A56BCA001F0EFC20E14D0B1AAABBDE7CC6245F7DEA2D363F920AE6","69232A74C7EA864981BDFF0E96EBD094852A57B4EC0F6200E93AF1252C47CAF1","5FC094BB67D47C42C51B7980EB8A3B6D0A73B81904E60D46366396BA5B836E55","FDA07FE3254918F58F8C52B4EC19B9C86DBCF0300937E64BE5A8D2696BA57375","69232A74C7EA864981BDFF0E96EBD094852A57B4EC0F6200E93AF1252C47CAF1","AA84E76C60EEC2A2BB3BF8EBD65175527C5D3D7FCCA2781E01E2E1F8CA85F650","A9E06C370818371E014ADB8CCDBBBC74FFEED5CF0F503725481E82E73CE7E63C","69C9B1E2CC75DBC3BAF7F08BD293373F5102E39AFC7D6577797FBFD0908E9E69","F45CB4F07997DFE748E5656521A9034446A1568F6950206B0D44A5664662275D"]

获取用户信息：success


当前等级:11,财富值:1001946

财富岛好友互助码每次运行都变化,旧的可继续使用

【京东账号2（jd_74a8d71c978d9）的京喜财富岛好友互助码】8B214CC66D6AD674E5BF2B0D678AE968889A2B63E0FF0E7CB918E1D4ED1D67C6



签到列表：success


📌签到：你今日已签到过啦，请明天再来
待开通场景ID列表sceneList;["1002","1003"]
开通场景结果:{"dwCurTime":1626020886,"iRet":0,"sErrMsg":"success","strPin":"jd_74a8d71c978d9"}



【欢乐牧场】🏝岛主 : 获取财富值：¥ 33 


【欢乐牧场】👬好友: 没有可收取钞票 

【欢乐牧场领取红包】 进阶招工未开启

获取【📆日常任务】列表 ，总共11个任务！


开始第1个【📆日常任务】：每日三餐上岛

每日三餐上岛【做日常任务】：任务进行中或者未到任务时间


每日三餐上岛【领日常奖励】：任务为成就任务或者未到任务时间


结束第1个【📆日常任务】：每日三餐上岛


开始第2个【📆日常任务】：每日三餐上岛

每日三餐上岛【做日常任务】：任务进行中或者未到任务时间


每日三餐上岛【领日常奖励】：任务为成就任务或者未到任务时间


结束第2个【📆日常任务】：每日三餐上岛


开始第3个【📆日常任务】：每日三餐上岛

每日三餐上岛【做日常任务】：任务进行中或者未到任务时间


每日三餐上岛【领日常奖励】：任务为成就任务或者未到任务时间


结束第3个【📆日常任务】：每日三餐上岛


开始第4个【📆日常任务】：关注浏览京喜好店

关注浏览京喜好店【做日常任务】：任务进行中或者未到任务时间


关注浏览京喜好店【领日常奖励】：任务为成就任务或者未到任务时间


结束第4个【📆日常任务】：关注浏览京喜好店


开始第5个【📆日常任务】：每日逛京喜爆品

每日逛京喜爆品【做日常任务】： mission success

每日逛京喜爆品【领日常奖励】： 获得财富值 ¥ 2000


每日逛京喜爆品【领日常奖励】：任务为成就任务或者未到任务时间


结束第5个【📆日常任务】：每日逛京喜爆品


开始第6个【📆日常任务】：特卖商品限量抢

特卖商品限量抢【做日常任务】：任务进行中或者未到任务时间


特卖商品限量抢【领日常奖励】：任务为成就任务或者未到任务时间


结束第6个【📆日常任务】：特卖商品限量抢


开始第7个【📆日常任务】：逛商品集市得财富

逛商品集市得财富【做日常任务】： mission success

逛商品集市得财富【领日常奖励】： 获得财富值 ¥ 1000


逛商品集市得财富【领日常奖励】：任务为成就任务或者未到任务时间


结束第7个【📆日常任务】：逛商品集市得财富


开始第8个【📆日常任务】：天天领免费福利

天天领免费福利【做日常任务】： mission success

天天领免费福利【领日常奖励】： 获得财富值 ¥ 3000


天天领免费福利【领日常奖励】：任务为成就任务或者未到任务时间


结束第8个【📆日常任务】：天天领免费福利


开始第9个【📆日常任务】：每日逛逛赢福利

每日逛逛赢福利【做日常任务】： mission success

每日逛逛赢福利【领日常奖励】： 获得财富值 ¥ 3000


每日逛逛赢福利【领日常奖励】：任务为成就任务或者未到任务时间


结束第9个【📆日常任务】：每日逛逛赢福利


开始第10个【📆日常任务】：邀请岛民好友首次上岛

邀请岛民好友首次上岛【做日常任务】：任务进行中或者未到任务时间


邀请岛民好友首次上岛【领日常奖励】：任务为成就任务或者未到任务时间


结束第10个【📆日常任务】：邀请岛民好友首次上岛


开始第11个【📆日常任务】：去岛屿商城下一单

去岛屿商城下一单【做日常任务】：任务进行中或者未到任务时间


去岛屿商城下一单【领日常奖励】：任务为成就任务或者未到任务时间


结束第11个【📆日常任务】：去岛屿商城下一单


🎁寻宝：宝藏冷却中，请等待冷却完毕

🎁寻宝：宝藏冷却中，请等待冷却完毕

🎁寻宝：宝藏冷却中，请等待冷却完毕

获取【🎖成就任务】列表 ，总共1个任务！


开始第1个【🎖成就任务】：开拓新场景-便利店

开拓新场景-便利店【领成就奖励】： success 获得财富值：¥ 10000


结束第1个【🎖成就任务】：开拓新场景-便利店


【🏝寻宝大作战】【undefined】开宝箱：未达到宝箱开启条件，快去邀请好友助力吧！

❗️京喜财富岛, 错误!
TypeError: Cannot read property 'strGroupId' of undefined
    at /opt/jd/scripts/jd_cfd.js:972:31
    at isSurge.isLoon.isQuanX.isNode.got.on.then.message (/opt/jd/scripts/jd_cfd.js:1432:4869)
    at runMicrotasks (<anonymous>)
    at processTicksAndRejections (internal/process/task_queues.js:93:5)
去助力好友 【FA00A56D50C6589BC941527DE216A632B89CC0D5A39956B11BD5AB8B02EAA6B3】
"Response code 401 (Unauthorized)"
京喜财富岛 createSuperAssistUser JoinScene API请求失败，请检查网路重试
"Response code 401 (Unauthorized)"
京喜财富岛 createAssistUser JoinScene API请求失败，请检查网路重试
去助力好友 【A13A472C0826D29815C0E8DB1E416FF2631415379A71B880F9BC7298743E02C9】
超级助力(超级工人)结果:{"dwAwardExperience":500,"dwAwardMany":500,"dwCurTime":1626021041,"iRet":2009,"sErrMsg":"招工已满","strPin":"jd_74a8d71c978d9"}

普通助力(招工)结果:{"dwAwardExperience":500,"dwAwardMany":500,"dwCurTime":1626021051,"iRet":2003,"sErrMsg":"系统繁忙,请稍候再试","strPin":"jd_74a8d71c978d9"}

去助力好友 【AC44A799D9BD875DA9F3CAF1D06E7EBC10F916A6BFF7E4A4053422C8289DD22F】
"Response code 401 (Unauthorized)"
京喜财富岛 createSuperAssistUser JoinScene API请求失败，请检查网路重试
普通助力(招工)结果:{"dwAwardExperience":500,"dwAwardMany":500,"dwCurTime":1626021073,"iRet":2003,"sErrMsg":"系统繁忙,请稍候再试","strPin":"jd_74a8d71c978d9"}

去助力好友 【E328E35084A30DCE3B6CDA262D241942A75FBF859B66B47F7BD6B144C715143A】
超级助力(超级工人)结果:{"dwAwardExperience":500,"dwAwardMany":500,"dwCurTime":1626021085,"iRet":2003,"sErrMsg":"系统繁忙,请稍候再试","strPin":"jd_74a8d71c978d9"}

"Response code 401 (Unauthorized)"
京喜财富岛 createAssistUser JoinScene API请求失败，请检查网路重试
去助力好友 【3E4FCA1315E7D614686CCCC2386FDBC5AEB6E10E5EFC25AEEA12C211E8BE3509】
"Response code 401 (Unauthorized)"
京喜财富岛 createSuperAssistUser JoinScene API请求失败，请检查网路重试
"Response code 401 (Unauthorized)"
京喜财富岛 createAssistUser JoinScene API请求失败，请检查网路重试
去助力好友 【C615955B40B3721E7AD21DF5EE697CBEC43A66D310269452600CF291E26BCF59】
"Response code 401 (Unauthorized)"
京喜财富岛 createSuperAssistUser JoinScene API请求失败，请检查网路重试
"Response code 401 (Unauthorized)"
京喜财富岛 createAssistUser JoinScene API请求失败，请检查网路重试
去助力好友 【1C06C35CCD990D362BC4A10808EA7EE18DD56B7347A52198C9B9EC0D19F791BA】
超级助力(超级工人)结果:{"dwAwardExperience":500,"dwAwardMany":500,"dwCurTime":1626021152,"iRet":2003,"sErrMsg":"系统繁忙,请稍候再试","strPin":"jd_74a8d71c978d9"}

"Response code 401 (Unauthorized)"
京喜财富岛 createAssistUser JoinScene API请求失败，请检查网路重试
去助力好友 【21ECA8C831E3FFD014FB5EA53A5C1EA02A835A31CFE4E7D1B5F5C676A860B6A5】
"Response code 401 (Unauthorized)"
京喜财富岛 createSuperAssistUser JoinScene API请求失败，请检查网路重试
"Response code 401 (Unauthorized)"
京喜财富岛 createAssistUser JoinScene API请求失败，请检查网路重试
去助力好友 【44099A7213D08369EA6953377B7214B7817FEE9CB02177E09FBFEAA5232F47AD】
"Response code 401 (Unauthorized)"
京喜财富岛 createSuperAssistUser JoinScene API请求失败，请检查网路重试
"Response code 401 (Unauthorized)"
京喜财富岛 createAssistUser JoinScene API请求失败，请检查网路重试
去助力好友 【7FF8E184072BC6A974D496188793B09243AFC4AEB971E5F559D219C20239415A】
"Response code 401 (Unauthorized)"
京喜财富岛 createSuperAssistUser JoinScene API请求失败，请检查网路重试
"Response code 401 (Unauthorized)"
京喜财富岛 createAssistUser JoinScene API请求失败，请检查网路重试
去助力好友 【BA6B937DD9ED1D204E2410CAE804D55DE13247DE96B95B7D1D7D7CE9281D92AB】
超级助力(超级工人)结果:{"dwAwardExperience":500,"dwAwardMany":500,"dwCurTime":1626021241,"iRet":2003,"sErrMsg":"系统繁忙,请稍候再试","strPin":"jd_74a8d71c978d9"}

"Response code 401 (Unauthorized)"
京喜财富岛 createAssistUser JoinScene API请求失败，请检查网路重试
去助力好友 【786244973ED40333D34F1A4BAE5A3FD5165FA58B320CE6C9B603D6358CD0E5C9】
"Response code 401 (Unauthorized)"
京喜财富岛 createSuperAssistUser JoinScene API请求失败，请检查网路重试
"Response code 401 (Unauthorized)"
京喜财富岛 createAssistUser JoinScene API请求失败，请检查网路重试
去助力好友 【5F9D6DF5A4A56BCA001F0EFC20E14D0B1AAABBDE7CC6245F7DEA2D363F920AE6】
超级助力(超级工人)结果:{"dwAwardExperience":500,"dwAwardMany":500,"dwCurTime":1626021286,"iRet":2009,"sErrMsg":"招工已满","strPin":"jd_74a8d71c978d9"}

普通助力(招工)结果:{"dwAwardExperience":500,"dwAwardMany":500,"dwCurTime":1626021296,"iRet":2009,"sErrMsg":"招工已满","strPin":"jd_74a8d71c978d9"}

去助力好友 【69232A74C7EA864981BDFF0E96EBD094852A57B4EC0F6200E93AF1252C47CAF1】
超级助力(超级工人)结果:{"dwAwardExperience":500,"dwAwardMany":500,"dwCurTime":1626021308,"iRet":2009,"sErrMsg":"招工已满","strPin":"jd_74a8d71c978d9"}

普通助力(招工)结果:{"dwAwardExperience":500,"dwAwardMany":500,"dwCurTime":1626021318,"iRet":2009,"sErrMsg":"招工已满","strPin":"jd_74a8d71c978d9"}

去助力好友 【5FC094BB67D47C42C51B7980EB8A3B6D0A73B81904E60D46366396BA5B836E55】
"Response code 401 (Unauthorized)"
京喜财富岛 createSuperAssistUser JoinScene API请求失败，请检查网路重试
普通助力(招工)结果:{"dwAwardExperience":500,"dwAwardMany":500,"dwCurTime":1626021340,"iRet":2009,"sErrMsg":"招工已满","strPin":"jd_74a8d71c978d9"}

去助力好友 【FDA07FE3254918F58F8C52B4EC19B9C86DBCF0300937E64BE5A8D2696BA57375】
超级助力(超级工人)结果:{"dwAwardExperience":500,"dwAwardMany":500,"dwCurTime":1626021353,"iRet":2009,"sErrMsg":"招工已满","strPin":"jd_74a8d71c978d9"}

普通助力(招工)结果:{"dwAwardExperience":500,"dwAwardMany":500,"dwCurTime":1626021363,"iRet":2009,"sErrMsg":"招工已满","strPin":"jd_74a8d71c978d9"}

去助力好友 【69232A74C7EA864981BDFF0E96EBD094852A57B4EC0F6200E93AF1252C47CAF1】
超级助力(超级工人)结果:{"dwAwardExperience":500,"dwAwardMany":500,"dwCurTime":1626021375,"iRet":2009,"sErrMsg":"招工已满","strPin":"jd_74a8d71c978d9"}

"Response code 401 (Unauthorized)"
京喜财富岛 createAssistUser JoinScene API请求失败，请检查网路重试
去助力好友 【AA84E76C60EEC2A2BB3BF8EBD65175527C5D3D7FCCA2781E01E2E1F8CA85F650】
超级助力(超级工人)结果:{"dwAwardExperience":500,"dwAwardMany":500,"dwCurTime":1626021397,"iRet":2009,"sErrMsg":"招工已满","strPin":"jd_74a8d71c978d9"}

"Response code 401 (Unauthorized)"
京喜财富岛 createAssistUser JoinScene API请求失败，请检查网路重试
去助力好友 【A9E06C370818371E014ADB8CCDBBBC74FFEED5CF0F503725481E82E73CE7E63C】
超级助力(超级工人)结果:{"dwAwardExperience":500,"dwAwardMany":500,"dwCurTime":1626021419,"iRet":2009,"sErrMsg":"招工已满","strPin":"jd_74a8d71c978d9"}

普通助力(招工)结果:{"dwAwardExperience":500,"dwAwardMany":500,"dwCurTime":1626021430,"iRet":2009,"sErrMsg":"招工已满","strPin":"jd_74a8d71c978d9"}

去助力好友 【69C9B1E2CC75DBC3BAF7F08BD293373F5102E39AFC7D6577797FBFD0908E9E69】
超级助力(超级工人)结果:{"dwAwardExperience":500,"dwAwardMany":500,"dwCurTime":1626021442,"iRet":2009,"sErrMsg":"招工已满","strPin":"jd_74a8d71c978d9"}

"Response code 401 (Unauthorized)"
京喜财富岛 createAssistUser JoinScene API请求失败，请检查网路重试
去助力好友 【F45CB4F07997DFE748E5656521A9034446A1568F6950206B0D44A5664662275D】
超级助力(超级工人)结果:{"dwAwardExperience":500,"dwAwardMany":500,"dwCurTime":1626021464,"iRet":2009,"sErrMsg":"招工已满","strPin":"jd_74a8d71c978d9"}

"Response code 401 (Unauthorized)"
京喜财富岛 createAssistUser JoinScene API请求失败，请检查网路重试


寻宝大作战，助力作者

账号15631692383_p 去参加寻宝大作战 Jxcfd_GroupId_353_1099587175204 等待10秒
"Response code 401 (Unauthorized)"
京喜财富岛 joinGroup API请求失败，请检查网路重试
账号15631692383_p 去参加寻宝大作战 Jxcfd_GroupId_353_1099587090966 等待10秒
"Response code 401 (Unauthorized)"
京喜财富岛 joinGroup API请求失败，请检查网路重试
账号15631692383_p 去参加寻宝大作战 Jxcfd_GroupId_353_1099587181722 等待10秒
iRet:2029 没有活动
账号15631692383_p 去参加寻宝大作战 Jxcfd_GroupId_353_74854276 等待10秒
iRet:2029 没有活动
账号15631692383_p 去参加寻宝大作战 Jxcfd_GroupId_353_74867487 等待10秒
"Response code 401 (Unauthorized)"
京喜财富岛 joinGroup API请求失败，请检查网路重试
账号15631692383_p 去参加寻宝大作战 Jxcfd_GroupId_353_1099587104840 等待10秒
iRet:2029 没有活动
账号15631692383_p 去参加寻宝大作战 Jxcfd_GroupId_353_74878098 等待10秒
iRet:2029 没有活动
账号15631692383_p 去参加寻宝大作战 Jxcfd_GroupId_353_1099587107613 等待10秒
"Response code 401 (Unauthorized)"
京喜财富岛 joinGroup API请求失败，请检查网路重试
账号15631692383_p 去参加寻宝大作战 Jxcfd_GroupId_353_74894303 等待10秒
iRet:2029 没有活动
账号15631692383_p 去参加寻宝大作战 Jxcfd_GroupId_353_1099587096103 等待10秒
"Response code 401 (Unauthorized)"
京喜财富岛 joinGroup API请求失败，请检查网路重试
账号15631692383_p 去参加寻宝大作战 Jxcfd_GroupId_353_1099587210984 等待10秒
"Response code 401 (Unauthorized)"
京喜财富岛 joinGroup API请求失败，请检查网路重试
账号15631692383_p 去参加寻宝大作战 Jxcfd_GroupId_353_1099587200506 等待10秒
iRet:2029 没有活动
账号15631692383_p 去参加寻宝大作战 Jxcfd_GroupId_353_74908322 等待10秒
iRet:2029 没有活动
账号15631692383_p 去参加寻宝大作战 Jxcfd_GroupId_353_1099587215303 等待10秒
iRet:2029 没有活动
账号15631692383_p 去参加寻宝大作战 Jxcfd_GroupId_353_1099587156480 等待10秒
"Response code 401 (Unauthorized)"
京喜财富岛 joinGroup API请求失败，请检查网路重试
账号15631692383_p 去参加寻宝大作战 Jxcfd_GroupId_353_74916657 等待10秒
"Response code 401 (Unauthorized)"
京喜财富岛 joinGroup API请求失败，请检查网路重试
账号15631692383_p 去参加寻宝大作战 Jxcfd_GroupId_353_1099587308438 等待10秒
iRet:2029 没有活动


寻宝大作战，助力作者

账号jd_74a8d71c978d9 去参加寻宝大作战 Jxcfd_GroupId_353_1099587175204 等待10秒
iRet:2029 没有活动
账号jd_74a8d71c978d9 去参加寻宝大作战 Jxcfd_GroupId_353_1099587090966 等待10秒
iRet:2029 没有活动
账号jd_74a8d71c978d9 去参加寻宝大作战 Jxcfd_GroupId_353_1099587181722 等待10秒
iRet:2029 没有活动
账号jd_74a8d71c978d9 去参加寻宝大作战 Jxcfd_GroupId_353_74854276 等待10秒
iRet:2029 没有活动
账号jd_74a8d71c978d9 去参加寻宝大作战 Jxcfd_GroupId_353_74867487 等待10秒
iRet:2029 没有活动
账号jd_74a8d71c978d9 去参加寻宝大作战 Jxcfd_GroupId_353_1099587104840 等待10秒
"Response code 401 (Unauthorized)"
京喜财富岛 joinGroup API请求失败，请检查网路重试
账号jd_74a8d71c978d9 去参加寻宝大作战 Jxcfd_GroupId_353_74878098 等待10秒
iRet:2029 没有活动
账号jd_74a8d71c978d9 去参加寻宝大作战 Jxcfd_GroupId_353_1099587107613 等待10秒
iRet:2029 没有活动
账号jd_74a8d71c978d9 去参加寻宝大作战 Jxcfd_GroupId_353_74894303 等待10秒
iRet:2029 没有活动
账号jd_74a8d71c978d9 去参加寻宝大作战 Jxcfd_GroupId_353_1099587096103 等待10秒
iRet:2029 没有活动
账号jd_74a8d71c978d9 去参加寻宝大作战 Jxcfd_GroupId_353_1099587210984 等待10秒
"Response code 401 (Unauthorized)"
京喜财富岛 joinGroup API请求失败，请检查网路重试
账号jd_74a8d71c978d9 去参加寻宝大作战 Jxcfd_GroupId_353_1099587200506 等待10秒
iRet:2029 没有活动
账号jd_74a8d71c978d9 去参加寻宝大作战 Jxcfd_GroupId_353_74908322 等待10秒
iRet:2029 没有活动
账号jd_74a8d71c978d9 去参加寻宝大作战 Jxcfd_GroupId_353_1099587215303 等待10秒
iRet:2029 没有活动
账号jd_74a8d71c978d9 去参加寻宝大作战 Jxcfd_GroupId_353_1099587156480 等待10秒
iRet:2029 没有活动
账号jd_74a8d71c978d9 去参加寻宝大作战 Jxcfd_GroupId_353_74916657 等待10秒
iRet:2029 没有活动
账号jd_74a8d71c978d9 去参加寻宝大作战 Jxcfd_GroupId_353_1099587308438 等待10秒
iRet:2029 没有活动

==============📣系统通知📣==============
京喜财富岛
【京东账号1】Ymh__Sirius
【💵财富值】6158644

【京东账号2】Ycp_Dream
【💵财富值】1001946


🔔京喜财富岛, 结束! 🕛 1590.151 秒

