
🔔京喜财富岛, 开始!

====================共4个京东账号Cookie=========

==================脚本执行- 北京时间(UTC+8)：6/30/2021, 4:05:03 PM=====================

开始获取京喜财富岛配置文件

您提供了0个账号的京喜财富岛助力码

获取签名参数成功！
fp: 7528345611435162
token: tk01wef151d7aa8nUzBySjNvUU1uoNl0ioHqikrde6cExrsZONn/0K0TBerGYwJ2xWh1t7MYvzlD4jNspNymAIAcll5V
enCryptMethodJD: function test(token,fingerprint,timestamp,appId,algo){const random='hYdRcDXy9Cmy';const str=`${token}${fingerprint}${timestamp}${appId}${random}`;return algo.SHA256(str)}

开始【京东账号1】Ymh__Sirius

由于您第1个京东账号未提供shareCode,将采纳本脚本自带的助力码

开始
第1个京东账号将要助力的好友["FA00A56D50C6589BC941527DE216A632B89CC0D5A39956B11BD5AB8B02EAA6B3","A13A472C0826D29815C0E8DB1E416FF2631415379A71B880F9BC7298743E02C9","AC44A799D9BD875DA9F3CAF1D06E7EBC10F916A6BFF7E4A4053422C8289DD22F","E328E35084A30DCE3B6CDA262D241942A75FBF859B66B47F7BD6B144C715143A","3E4FCA1315E7D614686CCCC2386FDBC5AEB6E10E5EFC25AEEA12C211E8BE3509","C615955B40B3721E7AD21DF5EE697CBEC43A66D310269452600CF291E26BCF59","1C06C35CCD990D362BC4A10808EA7EE18DD56B7347A52198C9B9EC0D19F791BA","21ECA8C831E3FFD014FB5EA53A5C1EA02A835A31CFE4E7D1B5F5C676A860B6A5","44099A7213D08369EA6953377B7214B7817FEE9CB02177E09FBFEAA5232F47AD","7FF8E184072BC6A974D496188793B09243AFC4AEB971E5F559D219C20239415A","BA6B937DD9ED1D204E2410CAE804D55DE13247DE96B95B7D1D7D7CE9281D92AB","786244973ED40333D34F1A4BAE5A3FD5165FA58B320CE6C9B603D6358CD0E5C9","5F9D6DF5A4A56BCA001F0EFC20E14D0B1AAABBDE7CC6245F7DEA2D363F920AE6","69232A74C7EA864981BDFF0E96EBD094852A57B4EC0F6200E93AF1252C47CAF1","5FC094BB67D47C42C51B7980EB8A3B6D0A73B81904E60D46366396BA5B836E55","FDA07FE3254918F58F8C52B4EC19B9C86DBCF0300937E64BE5A8D2696BA57375","69232A74C7EA864981BDFF0E96EBD094852A57B4EC0F6200E93AF1252C47CAF1","AA84E76C60EEC2A2BB3BF8EBD65175527C5D3D7FCCA2781E01E2E1F8CA85F650","A9E06C370818371E014ADB8CCDBBBC74FFEED5CF0F503725481E82E73CE7E63C","69C9B1E2CC75DBC3BAF7F08BD293373F5102E39AFC7D6577797FBFD0908E9E69","F45CB4F07997DFE748E5656521A9034446A1568F6950206B0D44A5664662275D"]

获取用户信息：success


当前等级:25,财富值:5787680

财富岛好友互助码每次运行都变化,旧的可继续使用

【京东账号1（15631692383_p）的京喜财富岛好友互助码】C28A126BC325426BDEBE8D8BBC469EFDED704F4FD6FA4BD1F9A1E73F290C2928



签到列表：success


📌签到：你今日已签到过啦，请明天再来
待开通场景ID列表sceneList;["1003"]

【欢乐牧场】🏝岛主 : 获取财富值：¥ 624 


【欢乐牧场】👬好友: 没有可收取钞票 

【欢乐牧场领取红包】 招工人数不达标
"Timeout awaiting 'request' for 10000ms"
京喜财富岛 API请求失败，请检查网路重试

【便利店】🏝岛主 : 获取财富值：¥ 313 


【便利店】👬好友: 没有可收取钞票 

【便利店领取红包】参数错误

获取【📆日常任务】列表 ，总共5个任务！


开始第1个【📆日常任务】：每日三餐上岛

每日三餐上岛【做日常任务】：任务进行中或者未到任务时间


每日三餐上岛【领日常奖励】：任务为成就任务或者未到任务时间


结束第1个【📆日常任务】：每日三餐上岛


开始第2个【📆日常任务】：关注浏览京喜好店

关注浏览京喜好店【做日常任务】：任务进行中或者未到任务时间


关注浏览京喜好店【领日常奖励】：任务为成就任务或者未到任务时间


结束第2个【📆日常任务】：关注浏览京喜好店


开始第3个【📆日常任务】：特卖商品1元起

特卖商品1元起【做日常任务】：任务进行中或者未到任务时间


特卖商品1元起【领日常奖励】：任务为成就任务或者未到任务时间


结束第3个【📆日常任务】：特卖商品1元起


开始第4个【📆日常任务】：邀请岛民好友首次上岛

邀请岛民好友首次上岛【做日常任务】：任务进行中或者未到任务时间


邀请岛民好友首次上岛【领日常奖励】：任务为成就任务或者未到任务时间


结束第4个【📆日常任务】：邀请岛民好友首次上岛


开始第5个【📆日常任务】：去岛屿商城下一单

去岛屿商城下一单【做日常任务】：任务进行中或者未到任务时间


去岛屿商城下一单【领日常奖励】：任务为成就任务或者未到任务时间


结束第5个【📆日常任务】：去岛屿商城下一单


🎁寻宝：寻宝次数不足

获取【🎖成就任务】列表 ，总共0个任务！


【🏝寻宝大作战】【全民暴富岛】开宝箱：宝箱已开启过！

【🏝寻宝大作战】【好运连连岛】开宝箱：未达到宝箱开启条件，快去邀请好友助力吧！

【🏝寻宝大作战】【平安喜乐岛】开宝箱：未达到宝箱开启条件，快去邀请好友助力吧！

【🏝寻宝大作战】【万事大吉岛】开宝箱：未达到宝箱开启条件，快去邀请好友助力吧！


你的【🏝寻宝大作战】互助码: Jxcfd_GroupId_342_71855012(每天都变化,旧的不可用)


去助力好友 【FA00A56D50C6589BC941527DE216A632B89CC0D5A39956B11BD5AB8B02EAA6B3】
超级助力(超级工人)结果:{"dwAwardExperience":500,"dwAwardMany":500,"dwCurTime":1625040426,"iRet":2005,"sErrMsg":"每天打工次数上限","strPin":"15631692383_p"}

普通助力(招工)结果:{"dwAwardExperience":500,"dwAwardMany":500,"dwCurTime":1625040436,"iRet":2005,"sErrMsg":"每天打工次数上限","strPin":"15631692383_p"}


开始【京东账号2】Ycp_Dream

由于您第2个京东账号未提供shareCode,将采纳本脚本自带的助力码

开始
第2个京东账号将要助力的好友["FA00A56D50C6589BC941527DE216A632B89CC0D5A39956B11BD5AB8B02EAA6B3","A13A472C0826D29815C0E8DB1E416FF2631415379A71B880F9BC7298743E02C9","AC44A799D9BD875DA9F3CAF1D06E7EBC10F916A6BFF7E4A4053422C8289DD22F","E328E35084A30DCE3B6CDA262D241942A75FBF859B66B47F7BD6B144C715143A","3E4FCA1315E7D614686CCCC2386FDBC5AEB6E10E5EFC25AEEA12C211E8BE3509","C615955B40B3721E7AD21DF5EE697CBEC43A66D310269452600CF291E26BCF59","1C06C35CCD990D362BC4A10808EA7EE18DD56B7347A52198C9B9EC0D19F791BA","21ECA8C831E3FFD014FB5EA53A5C1EA02A835A31CFE4E7D1B5F5C676A860B6A5","44099A7213D08369EA6953377B7214B7817FEE9CB02177E09FBFEAA5232F47AD","7FF8E184072BC6A974D496188793B09243AFC4AEB971E5F559D219C20239415A","BA6B937DD9ED1D204E2410CAE804D55DE13247DE96B95B7D1D7D7CE9281D92AB","786244973ED40333D34F1A4BAE5A3FD5165FA58B320CE6C9B603D6358CD0E5C9","5F9D6DF5A4A56BCA001F0EFC20E14D0B1AAABBDE7CC6245F7DEA2D363F920AE6","69232A74C7EA864981BDFF0E96EBD094852A57B4EC0F6200E93AF1252C47CAF1","5FC094BB67D47C42C51B7980EB8A3B6D0A73B81904E60D46366396BA5B836E55","FDA07FE3254918F58F8C52B4EC19B9C86DBCF0300937E64BE5A8D2696BA57375","69232A74C7EA864981BDFF0E96EBD094852A57B4EC0F6200E93AF1252C47CAF1","AA84E76C60EEC2A2BB3BF8EBD65175527C5D3D7FCCA2781E01E2E1F8CA85F650","A9E06C370818371E014ADB8CCDBBBC74FFEED5CF0F503725481E82E73CE7E63C","69C9B1E2CC75DBC3BAF7F08BD293373F5102E39AFC7D6577797FBFD0908E9E69","F45CB4F07997DFE748E5656521A9034446A1568F6950206B0D44A5664662275D"]

获取用户信息：success


当前等级:9,财富值:785537

财富岛好友互助码每次运行都变化,旧的可继续使用

【京东账号2（jd_74a8d71c978d9）的京喜财富岛好友互助码】8B214CC66D6AD674E5BF2B0D678AE968B30AE13436BF4C843003EE60835C4498



签到列表：success


📌签到：你今日已签到过啦，请明天再来
待开通场景ID列表sceneList;["1002","1003"]

【欢乐牧场】🏝岛主 : 获取财富值：¥ 626 


【欢乐牧场】👬好友: 没有可收取钞票 

【欢乐牧场领取红包】 招工人数不达标

获取【📆日常任务】列表 ，总共6个任务！


开始第1个【📆日常任务】：每日三餐上岛
"Timeout awaiting 'request' for 10000ms"
京喜财富岛 API请求失败，请检查网路重试

每日三餐上岛【做日常任务】：任务进行中或者未到任务时间


每日三餐上岛【领日常奖励】：任务为成就任务或者未到任务时间


结束第1个【📆日常任务】：每日三餐上岛


开始第2个【📆日常任务】：每日三餐上岛

每日三餐上岛【做日常任务】：任务进行中或者未到任务时间


每日三餐上岛【领日常奖励】：任务为成就任务或者未到任务时间


结束第2个【📆日常任务】：每日三餐上岛


开始第3个【📆日常任务】：关注浏览京喜好店

关注浏览京喜好店【做日常任务】：任务进行中或者未到任务时间


关注浏览京喜好店【领日常奖励】：任务为成就任务或者未到任务时间


结束第3个【📆日常任务】：关注浏览京喜好店


开始第4个【📆日常任务】：特卖商品1元起

特卖商品1元起【做日常任务】：任务进行中或者未到任务时间


特卖商品1元起【领日常奖励】：任务为成就任务或者未到任务时间


结束第4个【📆日常任务】：特卖商品1元起


开始第5个【📆日常任务】：邀请岛民好友首次上岛

邀请岛民好友首次上岛【做日常任务】：任务进行中或者未到任务时间


邀请岛民好友首次上岛【领日常奖励】：任务为成就任务或者未到任务时间


结束第5个【📆日常任务】：邀请岛民好友首次上岛


开始第6个【📆日常任务】：去岛屿商城下一单

去岛屿商城下一单【做日常任务】：任务进行中或者未到任务时间


去岛屿商城下一单【领日常奖励】：任务为成就任务或者未到任务时间


结束第6个【📆日常任务】：去岛屿商城下一单


🎁寻宝：宝藏冷却中，请等待冷却完毕

🎁寻宝：宝藏冷却中，请等待冷却完毕

🎁寻宝：宝藏冷却中，请等待冷却完毕

🎁寻宝：宝藏冷却中，请等待冷却完毕

🎁寻宝：宝藏冷却中，请等待冷却完毕

获取【🎖成就任务】列表 ，总共0个任务！


【🏝寻宝大作战】【全民暴富岛】开宝箱：未达到宝箱开启条件，快去邀请好友助力吧！

【🏝寻宝大作战】【好运连连岛】开宝箱：未达到宝箱开启条件，快去邀请好友助力吧！

【🏝寻宝大作战】【平安喜乐岛】开宝箱：未达到宝箱开启条件，快去邀请好友助力吧！

【🏝寻宝大作战】【万事大吉岛】开宝箱：未达到宝箱开启条件，快去邀请好友助力吧！


你的【🏝寻宝大作战】互助码: Jxcfd_GroupId_342_71903666(每天都变化,旧的不可用)


去助力好友 【FA00A56D50C6589BC941527DE216A632B89CC0D5A39956B11BD5AB8B02EAA6B3】
超级助力(超级工人)结果:{"dwAwardExperience":500,"dwAwardMany":500,"dwCurTime":1625040558,"iRet":2009,"sErrMsg":"招工已满","strPin":"jd_74a8d71c978d9"}

普通助力(招工)结果:{"dwAwardExperience":500,"dwAwardMany":500,"dwCurTime":1625040573,"iRet":2009,"sErrMsg":"招工已满","strPin":"jd_74a8d71c978d9"}

去助力好友 【A13A472C0826D29815C0E8DB1E416FF2631415379A71B880F9BC7298743E02C9】
超级助力(超级工人)结果:{"dwAwardExperience":500,"dwAwardMany":500,"dwCurTime":1625040585,"iRet":2009,"sErrMsg":"招工已满","strPin":"jd_74a8d71c978d9"}

普通助力(招工)结果:{"dwAwardExperience":500,"dwAwardMany":500,"dwCurTime":1625040595,"iRet":2009,"sErrMsg":"招工已满","strPin":"jd_74a8d71c978d9"}

去助力好友 【AC44A799D9BD875DA9F3CAF1D06E7EBC10F916A6BFF7E4A4053422C8289DD22F】
超级助力(超级工人)结果:{"dwAwardExperience":500,"dwAwardMany":500,"dwCurTime":1625040607,"iRet":2009,"sErrMsg":"招工已满","strPin":"jd_74a8d71c978d9"}

普通助力(招工)结果:{"dwAwardExperience":500,"dwAwardMany":500,"dwCurTime":1625040618,"iRet":2009,"sErrMsg":"招工已满","strPin":"jd_74a8d71c978d9"}

去助力好友 【E328E35084A30DCE3B6CDA262D241942A75FBF859B66B47F7BD6B144C715143A】
超级助力(超级工人)结果:{"dwAwardExperience":500,"dwAwardMany":500,"dwCurTime":1625040630,"iRet":2009,"sErrMsg":"招工已满","strPin":"jd_74a8d71c978d9"}

普通助力(招工)结果:{"dwAwardExperience":500,"dwAwardMany":500,"dwCurTime":1625040640,"iRet":2009,"sErrMsg":"招工已满","strPin":"jd_74a8d71c978d9"}

去助力好友 【3E4FCA1315E7D614686CCCC2386FDBC5AEB6E10E5EFC25AEEA12C211E8BE3509】
超级助力(超级工人)结果:{"dwAwardExperience":500,"dwAwardMany":500,"dwCurTime":1625040652,"iRet":2009,"sErrMsg":"招工已满","strPin":"jd_74a8d71c978d9"}

普通助力(招工)结果:{"dwAwardExperience":500,"dwAwardMany":500,"dwCurTime":1625040668,"iRet":2009,"sErrMsg":"招工已满","strPin":"jd_74a8d71c978d9"}

去助力好友 【C615955B40B3721E7AD21DF5EE697CBEC43A66D310269452600CF291E26BCF59】
"Response code 401 (Unauthorized)"
京喜财富岛 createSuperAssistUser JoinScene API请求失败，请检查网路重试
普通助力(招工)结果:{"dwAwardExperience":500,"dwAwardMany":500,"dwCurTime":1625040690,"iRet":2009,"sErrMsg":"招工已满","strPin":"jd_74a8d71c978d9"}

去助力好友 【1C06C35CCD990D362BC4A10808EA7EE18DD56B7347A52198C9B9EC0D19F791BA】
超级助力(超级工人)结果:{"dwAwardExperience":500,"dwAwardMany":500,"dwCurTime":1625040702,"iRet":2009,"sErrMsg":"招工已满","strPin":"jd_74a8d71c978d9"}

普通助力(招工)结果:{"dwAwardExperience":500,"dwAwardMany":500,"dwCurTime":1625040712,"iRet":2009,"sErrMsg":"招工已满","strPin":"jd_74a8d71c978d9"}

去助力好友 【21ECA8C831E3FFD014FB5EA53A5C1EA02A835A31CFE4E7D1B5F5C676A860B6A5】
超级助力(超级工人)结果:{"dwAwardExperience":500,"dwAwardMany":500,"dwCurTime":1625040724,"iRet":2009,"sErrMsg":"招工已满","strPin":"jd_74a8d71c978d9"}

普通助力(招工)结果:{"dwAwardExperience":500,"dwAwardMany":500,"dwCurTime":1625040735,"iRet":2009,"sErrMsg":"招工已满","strPin":"jd_74a8d71c978d9"}

去助力好友 【44099A7213D08369EA6953377B7214B7817FEE9CB02177E09FBFEAA5232F47AD】
超级助力(超级工人)结果:{"dwAwardExperience":500,"dwAwardMany":500,"dwCurTime":1625040748,"iRet":2009,"sErrMsg":"招工已满","strPin":"jd_74a8d71c978d9"}

普通助力(招工)结果:{"dwAwardExperience":500,"dwAwardMany":500,"dwCurTime":1625040759,"iRet":2009,"sErrMsg":"招工已满","strPin":"jd_74a8d71c978d9"}

去助力好友 【7FF8E184072BC6A974D496188793B09243AFC4AEB971E5F559D219C20239415A】
"Response code 401 (Unauthorized)"
京喜财富岛 createSuperAssistUser JoinScene API请求失败，请检查网路重试
普通助力(招工)结果:{"dwAwardExperience":500,"dwAwardMany":500,"dwCurTime":1625040787,"iRet":2009,"sErrMsg":"招工已满","strPin":"jd_74a8d71c978d9"}

去助力好友 【BA6B937DD9ED1D204E2410CAE804D55DE13247DE96B95B7D1D7D7CE9281D92AB】
超级助力(超级工人)结果:{"dwAwardExperience":500,"dwAwardMany":500,"dwCurTime":1625040804,"iRet":2009,"sErrMsg":"招工已满","strPin":"jd_74a8d71c978d9"}

普通助力(招工)结果:{"dwAwardExperience":500,"dwAwardMany":500,"dwCurTime":1625040814,"iRet":2009,"sErrMsg":"招工已满","strPin":"jd_74a8d71c978d9"}

去助力好友 【786244973ED40333D34F1A4BAE5A3FD5165FA58B320CE6C9B603D6358CD0E5C9】
超级助力(超级工人)结果:{"dwAwardExperience":500,"dwAwardMany":500,"dwCurTime":1625040826,"iRet":2009,"sErrMsg":"招工已满","strPin":"jd_74a8d71c978d9"}

普通助力(招工)结果:{"dwAwardExperience":500,"dwAwardMany":500,"dwCurTime":1625040836,"iRet":2009,"sErrMsg":"招工已满","strPin":"jd_74a8d71c978d9"}

去助力好友 【5F9D6DF5A4A56BCA001F0EFC20E14D0B1AAABBDE7CC6245F7DEA2D363F920AE6】
超级助力(超级工人)结果:{"dwAwardExperience":500,"dwAwardMany":500,"dwCurTime":1625040853,"iRet":2009,"sErrMsg":"招工已满","strPin":"jd_74a8d71c978d9"}

普通助力(招工)结果:{"dwAwardExperience":500,"dwAwardMany":500,"dwCurTime":1625040864,"iRet":2009,"sErrMsg":"招工已满","strPin":"jd_74a8d71c978d9"}

去助力好友 【69232A74C7EA864981BDFF0E96EBD094852A57B4EC0F6200E93AF1252C47CAF1】
超级助力(超级工人)结果:{"dwAwardExperience":500,"dwAwardMany":500,"dwCurTime":1625040876,"iRet":2009,"sErrMsg":"招工已满","strPin":"jd_74a8d71c978d9"}

普通助力(招工)结果:{"dwAwardExperience":500,"dwAwardMany":500,"dwCurTime":1625040886,"iRet":2009,"sErrMsg":"招工已满","strPin":"jd_74a8d71c978d9"}

去助力好友 【5FC094BB67D47C42C51B7980EB8A3B6D0A73B81904E60D46366396BA5B836E55】
"Response code 401 (Unauthorized)"
京喜财富岛 createSuperAssistUser JoinScene API请求失败，请检查网路重试
普通助力(招工)结果:{"dwAwardExperience":500,"dwAwardMany":500,"dwCurTime":1625040908,"iRet":2009,"sErrMsg":"招工已满","strPin":"jd_74a8d71c978d9"}

去助力好友 【FDA07FE3254918F58F8C52B4EC19B9C86DBCF0300937E64BE5A8D2696BA57375】
超级助力(超级工人)结果:{"dwAwardExperience":500,"dwAwardMany":500,"dwCurTime":1625040920,"iRet":2009,"sErrMsg":"招工已满","strPin":"jd_74a8d71c978d9"}

普通助力(招工)结果:{"dwAwardExperience":500,"dwAwardMany":500,"dwCurTime":1625040936,"iRet":2009,"sErrMsg":"招工已满","strPin":"jd_74a8d71c978d9"}

去助力好友 【69232A74C7EA864981BDFF0E96EBD094852A57B4EC0F6200E93AF1252C47CAF1】
"Response code 401 (Unauthorized)"
京喜财富岛 createSuperAssistUser JoinScene API请求失败，请检查网路重试
普通助力(招工)结果:{"dwAwardExperience":500,"dwAwardMany":500,"dwCurTime":1625040958,"iRet":2009,"sErrMsg":"招工已满","strPin":"jd_74a8d71c978d9"}

去助力好友 【AA84E76C60EEC2A2BB3BF8EBD65175527C5D3D7FCCA2781E01E2E1F8CA85F650】
超级助力(超级工人)结果:{"dwAwardExperience":500,"dwAwardMany":500,"dwCurTime":1625040975,"iRet":2009,"sErrMsg":"招工已满","strPin":"jd_74a8d71c978d9"}

普通助力(招工)结果:{"dwAwardExperience":500,"dwAwardMany":500,"dwCurTime":1625040985,"iRet":2009,"sErrMsg":"招工已满","strPin":"jd_74a8d71c978d9"}

去助力好友 【A9E06C370818371E014ADB8CCDBBBC74FFEED5CF0F503725481E82E73CE7E63C】
超级助力(超级工人)结果:{"dwAwardExperience":500,"dwAwardMany":500,"dwCurTime":1625040997,"iRet":2009,"sErrMsg":"招工已满","strPin":"jd_74a8d71c978d9"}

"Response code 401 (Unauthorized)"
京喜财富岛 createAssistUser JoinScene API请求失败，请检查网路重试
去助力好友 【69C9B1E2CC75DBC3BAF7F08BD293373F5102E39AFC7D6577797FBFD0908E9E69】
超级助力(超级工人)结果:{"dwAwardExperience":500,"dwAwardMany":500,"dwCurTime":1625041020,"iRet":2009,"sErrMsg":"招工已满","strPin":"jd_74a8d71c978d9"}

普通助力(招工)结果:{"dwAwardExperience":500,"dwAwardMany":500,"dwCurTime":1625041030,"iRet":2009,"sErrMsg":"招工已满","strPin":"jd_74a8d71c978d9"}

去助力好友 【F45CB4F07997DFE748E5656521A9034446A1568F6950206B0D44A5664662275D】
超级助力(超级工人)结果:{"dwAwardExperience":500,"dwAwardMany":500,"dwCurTime":1625041042,"iRet":2009,"sErrMsg":"招工已满","strPin":"jd_74a8d71c978d9"}

"Response code 401 (Unauthorized)"
京喜财富岛 createAssistUser JoinScene API请求失败，请检查网路重试

❗️京喜财富岛, 错误!


开始【京东账号3】chao4596758

由于您第3个京东账号未提供shareCode,将采纳本脚本自带的助力码

开始
第3个京东账号将要助力的好友["FA00A56D50C6589BC941527DE216A632B89CC0D5A39956B11BD5AB8B02EAA6B3","A13A472C0826D29815C0E8DB1E416FF2631415379A71B880F9BC7298743E02C9","AC44A799D9BD875DA9F3CAF1D06E7EBC10F916A6BFF7E4A4053422C8289DD22F","E328E35084A30DCE3B6CDA262D241942A75FBF859B66B47F7BD6B144C715143A","3E4FCA1315E7D614686CCCC2386FDBC5AEB6E10E5EFC25AEEA12C211E8BE3509","C615955B40B3721E7AD21DF5EE697CBEC43A66D310269452600CF291E26BCF59","1C06C35CCD990D362BC4A10808EA7EE18DD56B7347A52198C9B9EC0D19F791BA","21ECA8C831E3FFD014FB5EA53A5C1EA02A835A31CFE4E7D1B5F5C676A860B6A5","44099A7213D08369EA6953377B7214B7817FEE9CB02177E09FBFEAA5232F47AD","7FF8E184072BC6A974D496188793B09243AFC4AEB971E5F559D219C20239415A","BA6B937DD9ED1D204E2410CAE804D55DE13247DE96B95B7D1D7D7CE9281D92AB","786244973ED40333D34F1A4BAE5A3FD5165FA58B320CE6C9B603D6358CD0E5C9","5F9D6DF5A4A56BCA001F0EFC20E14D0B1AAABBDE7CC6245F7DEA2D363F920AE6","69232A74C7EA864981BDFF0E96EBD094852A57B4EC0F6200E93AF1252C47CAF1","5FC094BB67D47C42C51B7980EB8A3B6D0A73B81904E60D46366396BA5B836E55","FDA07FE3254918F58F8C52B4EC19B9C86DBCF0300937E64BE5A8D2696BA57375","69232A74C7EA864981BDFF0E96EBD094852A57B4EC0F6200E93AF1252C47CAF1","AA84E76C60EEC2A2BB3BF8EBD65175527C5D3D7FCCA2781E01E2E1F8CA85F650","A9E06C370818371E014ADB8CCDBBBC74FFEED5CF0F503725481E82E73CE7E63C","69C9B1E2CC75DBC3BAF7F08BD293373F5102E39AFC7D6577797FBFD0908E9E69","F45CB4F07997DFE748E5656521A9034446A1568F6950206B0D44A5664662275D"]

获取用户信息：success


当前等级:9,财富值:756874

财富岛好友互助码每次运行都变化,旧的可继续使用

【京东账号3（chao4596758）的京喜财富岛好友互助码】3CFFE538D0B9D8B6DFAE72DBD9E18EC16F22A423C6827C818D6B7C7DF746DF83



签到列表：success


📌签到：你今日已签到过啦，请明天再来
待开通场景ID列表sceneList;["1002","1003"]
"Timeout awaiting 'request' for 10000ms"
京喜财富岛 API请求失败，请检查网路重试

【欢乐牧场】🏝岛主 : 获取财富值：¥ 632 


【欢乐牧场】👬好友: 没有可收取钞票 

【欢乐牧场领取红包】 招工人数不达标

获取【📆日常任务】列表 ，总共6个任务！


开始第1个【📆日常任务】：每日三餐上岛

每日三餐上岛【做日常任务】：任务进行中或者未到任务时间


每日三餐上岛【领日常奖励】：任务为成就任务或者未到任务时间


结束第1个【📆日常任务】：每日三餐上岛


开始第2个【📆日常任务】：每日三餐上岛

每日三餐上岛【做日常任务】：任务进行中或者未到任务时间


每日三餐上岛【领日常奖励】：任务为成就任务或者未到任务时间


结束第2个【📆日常任务】：每日三餐上岛


开始第3个【📆日常任务】：关注浏览京喜好店

关注浏览京喜好店【做日常任务】：任务进行中或者未到任务时间


关注浏览京喜好店【领日常奖励】：任务为成就任务或者未到任务时间


结束第3个【📆日常任务】：关注浏览京喜好店


开始第4个【📆日常任务】：特卖商品1元起

特卖商品1元起【做日常任务】：任务进行中或者未到任务时间


特卖商品1元起【领日常奖励】：任务为成就任务或者未到任务时间


结束第4个【📆日常任务】：特卖商品1元起


开始第5个【📆日常任务】：邀请岛民好友首次上岛

邀请岛民好友首次上岛【做日常任务】：任务进行中或者未到任务时间


邀请岛民好友首次上岛【领日常奖励】：任务为成就任务或者未到任务时间


结束第5个【📆日常任务】：邀请岛民好友首次上岛


开始第6个【📆日常任务】：去岛屿商城下一单

去岛屿商城下一单【做日常任务】：任务进行中或者未到任务时间


去岛屿商城下一单【领日常奖励】：任务为成就任务或者未到任务时间


结束第6个【📆日常任务】：去岛屿商城下一单


🎁寻宝：宝藏冷却中，请等待冷却完毕

🎁寻宝：宝藏冷却中，请等待冷却完毕

🎁寻宝：宝藏冷却中，请等待冷却完毕

🎁寻宝：宝藏冷却中，请等待冷却完毕

🎁寻宝：宝藏冷却中，请等待冷却完毕

获取【🎖成就任务】列表 ，总共0个任务！


【🏝寻宝大作战】【全民暴富岛】开宝箱：宝箱已开启过！

【🏝寻宝大作战】【好运连连岛】开宝箱：未达到宝箱开启条件，快去邀请好友助力吧！

【🏝寻宝大作战】【平安喜乐岛】开宝箱：未达到宝箱开启条件，快去邀请好友助力吧！

【🏝寻宝大作战】【万事大吉岛】开宝箱：未达到宝箱开启条件，快去邀请好友助力吧！


你的【🏝寻宝大作战】互助码: Jxcfd_GroupId_342_71907285(每天都变化,旧的不可用)


去助力好友 【FA00A56D50C6589BC941527DE216A632B89CC0D5A39956B11BD5AB8B02EAA6B3】
超级助力(超级工人)结果:{"dwAwardExperience":500,"dwAwardMany":500,"dwCurTime":1625041216,"iRet":2009,"sErrMsg":"招工已满","strPin":"chao4596758"}

普通助力(招工)结果:{"dwAwardExperience":500,"dwAwardMany":500,"dwCurTime":1625041226,"iRet":2009,"sErrMsg":"招工已满","strPin":"chao4596758"}

去助力好友 【A13A472C0826D29815C0E8DB1E416FF2631415379A71B880F9BC7298743E02C9】
超级助力(超级工人)结果:{"dwAwardExperience":500,"dwAwardMany":500,"dwCurTime":1625041238,"iRet":2009,"sErrMsg":"招工已满","strPin":"chao4596758"}

"Response code 401 (Unauthorized)"
京喜财富岛 createAssistUser JoinScene API请求失败，请检查网路重试
去助力好友 【AC44A799D9BD875DA9F3CAF1D06E7EBC10F916A6BFF7E4A4053422C8289DD22F】
超级助力(超级工人)结果:{"dwAwardExperience":500,"dwAwardMany":500,"dwCurTime":1625041260,"iRet":2009,"sErrMsg":"招工已满","strPin":"chao4596758"}

"Response code 401 (Unauthorized)"
京喜财富岛 createAssistUser JoinScene API请求失败，请检查网路重试
去助力好友 【E328E35084A30DCE3B6CDA262D241942A75FBF859B66B47F7BD6B144C715143A】
超级助力(超级工人)结果:{"dwAwardExperience":500,"dwAwardMany":500,"dwCurTime":1625041283,"iRet":2009,"sErrMsg":"招工已满","strPin":"chao4596758"}

普通助力(招工)结果:{"dwAwardExperience":500,"dwAwardMany":500,"dwCurTime":1625041293,"iRet":2009,"sErrMsg":"招工已满","strPin":"chao4596758"}

去助力好友 【3E4FCA1315E7D614686CCCC2386FDBC5AEB6E10E5EFC25AEEA12C211E8BE3509】
超级助力(超级工人)结果:{"dwAwardExperience":500,"dwAwardMany":500,"dwCurTime":1625041305,"iRet":2009,"sErrMsg":"招工已满","strPin":"chao4596758"}

普通助力(招工)结果:{"dwAwardExperience":500,"dwAwardMany":500,"dwCurTime":1625041316,"iRet":2009,"sErrMsg":"招工已满","strPin":"chao4596758"}

去助力好友 【C615955B40B3721E7AD21DF5EE697CBEC43A66D310269452600CF291E26BCF59】
超级助力(超级工人)结果:{"dwAwardExperience":500,"dwAwardMany":500,"dwCurTime":1625041328,"iRet":2009,"sErrMsg":"招工已满","strPin":"chao4596758"}

"Response code 401 (Unauthorized)"
京喜财富岛 createAssistUser JoinScene API请求失败，请检查网路重试
去助力好友 【1C06C35CCD990D362BC4A10808EA7EE18DD56B7347A52198C9B9EC0D19F791BA】
超级助力(超级工人)结果:{"dwAwardExperience":500,"dwAwardMany":500,"dwCurTime":1625041350,"iRet":2009,"sErrMsg":"招工已满","strPin":"chao4596758"}

普通助力(招工)结果:{"dwAwardExperience":500,"dwAwardMany":500,"dwCurTime":1625041361,"iRet":2009,"sErrMsg":"招工已满","strPin":"chao4596758"}

去助力好友 【21ECA8C831E3FFD014FB5EA53A5C1EA02A835A31CFE4E7D1B5F5C676A860B6A5】
超级助力(超级工人)结果:{"dwAwardExperience":500,"dwAwardMany":500,"dwCurTime":1625041373,"iRet":2009,"sErrMsg":"招工已满","strPin":"chao4596758"}

普通助力(招工)结果:{"dwAwardExperience":500,"dwAwardMany":500,"dwCurTime":1625041383,"iRet":2009,"sErrMsg":"招工已满","strPin":"chao4596758"}

去助力好友 【44099A7213D08369EA6953377B7214B7817FEE9CB02177E09FBFEAA5232F47AD】
超级助力(超级工人)结果:{"dwAwardExperience":500,"dwAwardMany":500,"dwCurTime":1625041395,"iRet":2009,"sErrMsg":"招工已满","strPin":"chao4596758"}

普通助力(招工)结果:{"dwAwardExperience":500,"dwAwardMany":500,"dwCurTime":1625041405,"iRet":2009,"sErrMsg":"招工已满","strPin":"chao4596758"}

去助力好友 【7FF8E184072BC6A974D496188793B09243AFC4AEB971E5F559D219C20239415A】
超级助力(超级工人)结果:{"dwAwardExperience":500,"dwAwardMany":500,"dwCurTime":1625041418,"iRet":2009,"sErrMsg":"招工已满","strPin":"chao4596758"}

"Response code 401 (Unauthorized)"
京喜财富岛 createAssistUser JoinScene API请求失败，请检查网路重试
去助力好友 【BA6B937DD9ED1D204E2410CAE804D55DE13247DE96B95B7D1D7D7CE9281D92AB】
超级助力(超级工人)结果:{"dwAwardExperience":500,"dwAwardMany":500,"dwCurTime":1625041440,"iRet":2009,"sErrMsg":"招工已满","strPin":"chao4596758"}

普通助力(招工)结果:{"dwAwardExperience":500,"dwAwardMany":500,"dwCurTime":1625041451,"iRet":2009,"sErrMsg":"招工已满","strPin":"chao4596758"}

去助力好友 【786244973ED40333D34F1A4BAE5A3FD5165FA58B320CE6C9B603D6358CD0E5C9】
超级助力(超级工人)结果:{"dwAwardExperience":500,"dwAwardMany":500,"dwCurTime":1625041477,"iRet":2009,"sErrMsg":"招工已满","strPin":"chao4596758"}

"Timeout awaiting 'request' for 10000ms"
京喜财富岛 createAssistUser JoinScene API请求失败，请检查网路重试
去助力好友 【5F9D6DF5A4A56BCA001F0EFC20E14D0B1AAABBDE7CC6245F7DEA2D363F920AE6】
"Timeout awaiting 'request' for 10000ms"
京喜财富岛 createSuperAssistUser JoinScene API请求失败，请检查网路重试
普通助力(招工)结果:{"dwAwardExperience":500,"dwAwardMany":500,"dwCurTime":1625041587,"iRet":2009,"sErrMsg":"招工已满","strPin":"chao4596758"}

去助力好友 【69232A74C7EA864981BDFF0E96EBD094852A57B4EC0F6200E93AF1252C47CAF1】
超级助力(超级工人)结果:{"dwAwardExperience":500,"dwAwardMany":500,"dwCurTime":1625041610,"iRet":2009,"sErrMsg":"招工已满","strPin":"chao4596758"}

普通助力(招工)结果:{"dwAwardExperience":500,"dwAwardMany":500,"dwCurTime":1625041621,"iRet":2009,"sErrMsg":"招工已满","strPin":"chao4596758"}

去助力好友 【5FC094BB67D47C42C51B7980EB8A3B6D0A73B81904E60D46366396BA5B836E55】
超级助力(超级工人)结果:{"dwAwardExperience":500,"dwAwardMany":500,"dwCurTime":1625041633,"iRet":2009,"sErrMsg":"招工已满","strPin":"chao4596758"}

"Response code 401 (Unauthorized)"
京喜财富岛 createAssistUser JoinScene API请求失败，请检查网路重试
去助力好友 【FDA07FE3254918F58F8C52B4EC19B9C86DBCF0300937E64BE5A8D2696BA57375】
"Response code 401 (Unauthorized)"
京喜财富岛 createSuperAssistUser JoinScene API请求失败，请检查网路重试
普通助力(招工)结果:{"dwAwardExperience":500,"dwAwardMany":500,"dwCurTime":1625041665,"iRet":2009,"sErrMsg":"招工已满","strPin":"chao4596758"}

去助力好友 【69232A74C7EA864981BDFF0E96EBD094852A57B4EC0F6200E93AF1252C47CAF1】
超级助力(超级工人)结果:{"dwAwardExperience":500,"dwAwardMany":500,"dwCurTime":1625041678,"iRet":2009,"sErrMsg":"招工已满","strPin":"chao4596758"}

普通助力(招工)结果:{"dwAwardExperience":500,"dwAwardMany":500,"dwCurTime":1625041688,"iRet":2009,"sErrMsg":"招工已满","strPin":"chao4596758"}

去助力好友 【AA84E76C60EEC2A2BB3BF8EBD65175527C5D3D7FCCA2781E01E2E1F8CA85F650】
超级助力(超级工人)结果:{"dwAwardExperience":500,"dwAwardMany":500,"dwCurTime":1625041707,"iRet":2009,"sErrMsg":"招工已满","strPin":"chao4596758"}

普通助力(招工)结果:{"dwAwardExperience":500,"dwAwardMany":500,"dwCurTime":1625041717,"iRet":2009,"sErrMsg":"招工已满","strPin":"chao4596758"}

去助力好友 【A9E06C370818371E014ADB8CCDBBBC74FFEED5CF0F503725481E82E73CE7E63C】
超级助力(超级工人)结果:{"dwAwardExperience":500,"dwAwardMany":500,"dwCurTime":1625041729,"iRet":2009,"sErrMsg":"招工已满","strPin":"chao4596758"}

普通助力(招工)结果:{"dwAwardExperience":500,"dwAwardMany":500,"dwCurTime":1625041740,"iRet":2009,"sErrMsg":"招工已满","strPin":"chao4596758"}

去助力好友 【69C9B1E2CC75DBC3BAF7F08BD293373F5102E39AFC7D6577797FBFD0908E9E69】
"Response code 401 (Unauthorized)"
京喜财富岛 createSuperAssistUser JoinScene API请求失败，请检查网路重试
"Response code 401 (Unauthorized)"
京喜财富岛 createAssistUser JoinScene API请求失败，请检查网路重试
去助力好友 【F45CB4F07997DFE748E5656521A9034446A1568F6950206B0D44A5664662275D】
超级助力(超级工人)结果:{"dwAwardExperience":500,"dwAwardMany":500,"dwCurTime":1625041774,"iRet":2009,"sErrMsg":"招工已满","strPin":"chao4596758"}

普通助力(招工)结果:{"dwAwardExperience":500,"dwAwardMany":500,"dwCurTime":1625041784,"iRet":2009,"sErrMsg":"招工已满","strPin":"chao4596758"}


开始【京东账号4】jd_157332ewky

由于您第4个京东账号未提供shareCode,将采纳本脚本自带的助力码

开始
第4个京东账号将要助力的好友["FA00A56D50C6589BC941527DE216A632B89CC0D5A39956B11BD5AB8B02EAA6B3","A13A472C0826D29815C0E8DB1E416FF2631415379A71B880F9BC7298743E02C9","AC44A799D9BD875DA9F3CAF1D06E7EBC10F916A6BFF7E4A4053422C8289DD22F","E328E35084A30DCE3B6CDA262D241942A75FBF859B66B47F7BD6B144C715143A","3E4FCA1315E7D614686CCCC2386FDBC5AEB6E10E5EFC25AEEA12C211E8BE3509","C615955B40B3721E7AD21DF5EE697CBEC43A66D310269452600CF291E26BCF59","1C06C35CCD990D362BC4A10808EA7EE18DD56B7347A52198C9B9EC0D19F791BA","21ECA8C831E3FFD014FB5EA53A5C1EA02A835A31CFE4E7D1B5F5C676A860B6A5","44099A7213D08369EA6953377B7214B7817FEE9CB02177E09FBFEAA5232F47AD","7FF8E184072BC6A974D496188793B09243AFC4AEB971E5F559D219C20239415A","BA6B937DD9ED1D204E2410CAE804D55DE13247DE96B95B7D1D7D7CE9281D92AB","786244973ED40333D34F1A4BAE5A3FD5165FA58B320CE6C9B603D6358CD0E5C9","5F9D6DF5A4A56BCA001F0EFC20E14D0B1AAABBDE7CC6245F7DEA2D363F920AE6","69232A74C7EA864981BDFF0E96EBD094852A57B4EC0F6200E93AF1252C47CAF1","5FC094BB67D47C42C51B7980EB8A3B6D0A73B81904E60D46366396BA5B836E55","FDA07FE3254918F58F8C52B4EC19B9C86DBCF0300937E64BE5A8D2696BA57375","69232A74C7EA864981BDFF0E96EBD094852A57B4EC0F6200E93AF1252C47CAF1","AA84E76C60EEC2A2BB3BF8EBD65175527C5D3D7FCCA2781E01E2E1F8CA85F650","A9E06C370818371E014ADB8CCDBBBC74FFEED5CF0F503725481E82E73CE7E63C","69C9B1E2CC75DBC3BAF7F08BD293373F5102E39AFC7D6577797FBFD0908E9E69","F45CB4F07997DFE748E5656521A9034446A1568F6950206B0D44A5664662275D"]

获取用户信息：success


当前等级:16,财富值:2492587

财富岛好友互助码每次运行都变化,旧的可继续使用

【京东账号4（jd_46df9eaa780aa）的京喜财富岛好友互助码】F6FA2C796E72A9737E75902C7D6D447329D9FC39A6476A740C9C7930CF8E0D1D



签到列表：success


📌签到：你今日已签到过啦，请明天再来
待开通场景ID列表sceneList;["1003"]

【欢乐牧场】🏝岛主 : 获取财富值：¥ 634 


【欢乐牧场】👬好友: 没有可收取钞票 

【欢乐牧场领取红包】 招工人数不达标

【便利店】🏝岛主 : 获取财富值：¥ 318 


【便利店】👬好友: 没有可收取钞票 

【便利店领取红包】参数错误

获取【📆日常任务】列表 ，总共6个任务！


开始第1个【📆日常任务】：每日三餐上岛
"Timeout awaiting 'request' for 10000ms"
京喜财富岛 API请求失败，请检查网路重试

每日三餐上岛【做日常任务】：任务进行中或者未到任务时间


每日三餐上岛【领日常奖励】：任务为成就任务或者未到任务时间


结束第1个【📆日常任务】：每日三餐上岛


开始第2个【📆日常任务】：每日三餐上岛

每日三餐上岛【做日常任务】：任务进行中或者未到任务时间


每日三餐上岛【领日常奖励】：任务为成就任务或者未到任务时间


结束第2个【📆日常任务】：每日三餐上岛


开始第3个【📆日常任务】：关注浏览京喜好店

关注浏览京喜好店【做日常任务】：任务进行中或者未到任务时间


关注浏览京喜好店【领日常奖励】：任务为成就任务或者未到任务时间


结束第3个【📆日常任务】：关注浏览京喜好店


开始第4个【📆日常任务】：特卖商品1元起

特卖商品1元起【做日常任务】：任务进行中或者未到任务时间


特卖商品1元起【领日常奖励】：任务为成就任务或者未到任务时间


结束第4个【📆日常任务】：特卖商品1元起


开始第5个【📆日常任务】：邀请岛民好友首次上岛

邀请岛民好友首次上岛【做日常任务】：任务进行中或者未到任务时间


邀请岛民好友首次上岛【领日常奖励】：任务为成就任务或者未到任务时间


结束第5个【📆日常任务】：邀请岛民好友首次上岛


开始第6个【📆日常任务】：去岛屿商城下一单

去岛屿商城下一单【做日常任务】：任务进行中或者未到任务时间


去岛屿商城下一单【领日常奖励】：任务为成就任务或者未到任务时间


结束第6个【📆日常任务】：去岛屿商城下一单


🎁寻宝：宝藏冷却中，请等待冷却完毕

🎁寻宝：宝藏冷却中，请等待冷却完毕

🎁寻宝：宝藏冷却中，请等待冷却完毕

🎁寻宝：宝藏冷却中，请等待冷却完毕

🎁寻宝：宝藏冷却中，请等待冷却完毕

获取【🎖成就任务】列表 ，总共0个任务！


【🏝寻宝大作战】【全民暴富岛】开宝箱：未达到宝箱开启条件，快去邀请好友助力吧！

【🏝寻宝大作战】【好运连连岛】开宝箱：未达到宝箱开启条件，快去邀请好友助力吧！

【🏝寻宝大作战】【平安喜乐岛】开宝箱：未达到宝箱开启条件，快去邀请好友助力吧！

【🏝寻宝大作战】【万事大吉岛】开宝箱：未达到宝箱开启条件，快去邀请好友助力吧！


你的【🏝寻宝大作战】互助码: Jxcfd_GroupId_342_71848794(每天都变化,旧的不可用)


去助力好友 【FA00A56D50C6589BC941527DE216A632B89CC0D5A39956B11BD5AB8B02EAA6B3】
超级助力(超级工人)结果:{"dwAwardExperience":500,"dwAwardMany":500,"dwCurTime":1625041902,"iRet":2009,"sErrMsg":"招工已满","strPin":"jd_46df9eaa780aa"}

普通助力(招工)结果:{"dwAwardExperience":500,"dwAwardMany":500,"dwCurTime":1625041913,"iRet":2009,"sErrMsg":"招工已满","strPin":"jd_46df9eaa780aa"}

去助力好友 【A13A472C0826D29815C0E8DB1E416FF2631415379A71B880F9BC7298743E02C9】
超级助力(超级工人)结果:{"dwAwardExperience":500,"dwAwardMany":500,"dwCurTime":1625041925,"iRet":2009,"sErrMsg":"招工已满","strPin":"jd_46df9eaa780aa"}

普通助力(招工)结果:{"dwAwardExperience":500,"dwAwardMany":500,"dwCurTime":1625041935,"iRet":2009,"sErrMsg":"招工已满","strPin":"jd_46df9eaa780aa"}

去助力好友 【AC44A799D9BD875DA9F3CAF1D06E7EBC10F916A6BFF7E4A4053422C8289DD22F】
超级助力(超级工人)结果:{"dwAwardExperience":500,"dwAwardMany":500,"dwCurTime":1625041948,"iRet":2009,"sErrMsg":"招工已满","strPin":"jd_46df9eaa780aa"}

"Response code 401 (Unauthorized)"
京喜财富岛 createAssistUser JoinScene API请求失败，请检查网路重试
去助力好友 【E328E35084A30DCE3B6CDA262D241942A75FBF859B66B47F7BD6B144C715143A】
超级助力(超级工人)结果:{"dwAwardExperience":500,"dwAwardMany":500,"dwCurTime":1625041972,"iRet":2009,"sErrMsg":"招工已满","strPin":"jd_46df9eaa780aa"}

普通助力(招工)结果:{"dwAwardExperience":500,"dwAwardMany":500,"dwCurTime":1625041982,"iRet":2009,"sErrMsg":"招工已满","strPin":"jd_46df9eaa780aa"}

去助力好友 【3E4FCA1315E7D614686CCCC2386FDBC5AEB6E10E5EFC25AEEA12C211E8BE3509】
超级助力(超级工人)结果:{"dwAwardExperience":500,"dwAwardMany":500,"dwCurTime":1625041995,"iRet":2009,"sErrMsg":"招工已满","strPin":"jd_46df9eaa780aa"}

普通助力(招工)结果:{"dwAwardExperience":500,"dwAwardMany":500,"dwCurTime":1625042005,"iRet":2009,"sErrMsg":"招工已满","strPin":"jd_46df9eaa780aa"}

去助力好友 【C615955B40B3721E7AD21DF5EE697CBEC43A66D310269452600CF291E26BCF59】
超级助力(超级工人)结果:{"dwAwardExperience":500,"dwAwardMany":500,"dwCurTime":1625042017,"iRet":2009,"sErrMsg":"招工已满","strPin":"jd_46df9eaa780aa"}

"Response code 401 (Unauthorized)"
京喜财富岛 createAssistUser JoinScene API请求失败，请检查网路重试
去助力好友 【1C06C35CCD990D362BC4A10808EA7EE18DD56B7347A52198C9B9EC0D19F791BA】
"Response code 401 (Unauthorized)"
京喜财富岛 createSuperAssistUser JoinScene API请求失败，请检查网路重试
普通助力(招工)结果:{"dwAwardExperience":500,"dwAwardMany":500,"dwCurTime":1625042052,"iRet":2009,"sErrMsg":"招工已满","strPin":"jd_46df9eaa780aa"}

去助力好友 【21ECA8C831E3FFD014FB5EA53A5C1EA02A835A31CFE4E7D1B5F5C676A860B6A5】
超级助力(超级工人)结果:{"dwAwardExperience":500,"dwAwardMany":500,"dwCurTime":1625042064,"iRet":2009,"sErrMsg":"招工已满","strPin":"jd_46df9eaa780aa"}

普通助力(招工)结果:{"dwAwardExperience":500,"dwAwardMany":500,"dwCurTime":1625042074,"iRet":2009,"sErrMsg":"招工已满","strPin":"jd_46df9eaa780aa"}

去助力好友 【44099A7213D08369EA6953377B7214B7817FEE9CB02177E09FBFEAA5232F47AD】
超级助力(超级工人)结果:{"dwAwardExperience":500,"dwAwardMany":500,"dwCurTime":1625042087,"iRet":2009,"sErrMsg":"招工已满","strPin":"jd_46df9eaa780aa"}

普通助力(招工)结果:{"dwAwardExperience":500,"dwAwardMany":500,"dwCurTime":1625042098,"iRet":2009,"sErrMsg":"招工已满","strPin":"jd_46df9eaa780aa"}

去助力好友 【7FF8E184072BC6A974D496188793B09243AFC4AEB971E5F559D219C20239415A】
"Response code 401 (Unauthorized)"
京喜财富岛 createSuperAssistUser JoinScene API请求失败，请检查网路重试
普通助力(招工)结果:{"dwAwardExperience":500,"dwAwardMany":500,"dwCurTime":1625042120,"iRet":2009,"sErrMsg":"招工已满","strPin":"jd_46df9eaa780aa"}

去助力好友 【BA6B937DD9ED1D204E2410CAE804D55DE13247DE96B95B7D1D7D7CE9281D92AB】
超级助力(超级工人)结果:{"dwAwardExperience":500,"dwAwardMany":500,"dwCurTime":1625042132,"iRet":2009,"sErrMsg":"招工已满","strPin":"jd_46df9eaa780aa"}

普通助力(招工)结果:{"dwAwardExperience":500,"dwAwardMany":500,"dwCurTime":1625042142,"iRet":2009,"sErrMsg":"招工已满","strPin":"jd_46df9eaa780aa"}

去助力好友 【786244973ED40333D34F1A4BAE5A3FD5165FA58B320CE6C9B603D6358CD0E5C9】
超级助力(超级工人)结果:{"dwAwardExperience":500,"dwAwardMany":500,"dwCurTime":1625042155,"iRet":2009,"sErrMsg":"招工已满","strPin":"jd_46df9eaa780aa"}

普通助力(招工)结果:{"dwAwardExperience":500,"dwAwardMany":500,"dwCurTime":1625042165,"iRet":2009,"sErrMsg":"招工已满","strPin":"jd_46df9eaa780aa"}

去助力好友 【5F9D6DF5A4A56BCA001F0EFC20E14D0B1AAABBDE7CC6245F7DEA2D363F920AE6】
"Response code 401 (Unauthorized)"
京喜财富岛 createSuperAssistUser JoinScene API请求失败，请检查网路重试
"Response code 401 (Unauthorized)"
京喜财富岛 createAssistUser JoinScene API请求失败，请检查网路重试
去助力好友 【69232A74C7EA864981BDFF0E96EBD094852A57B4EC0F6200E93AF1252C47CAF1】
超级助力(超级工人)结果:{"dwAwardExperience":500,"dwAwardMany":500,"dwCurTime":1625042199,"iRet":2009,"sErrMsg":"招工已满","strPin":"jd_46df9eaa780aa"}

普通助力(招工)结果:{"dwAwardExperience":500,"dwAwardMany":500,"dwCurTime":1625042210,"iRet":2009,"sErrMsg":"招工已满","strPin":"jd_46df9eaa780aa"}

去助力好友 【5FC094BB67D47C42C51B7980EB8A3B6D0A73B81904E60D46366396BA5B836E55】
超级助力(超级工人)结果:{"dwAwardExperience":500,"dwAwardMany":500,"dwCurTime":1625042222,"iRet":2009,"sErrMsg":"招工已满","strPin":"jd_46df9eaa780aa"}

"Response code 401 (Unauthorized)"
京喜财富岛 createAssistUser JoinScene API请求失败，请检查网路重试
去助力好友 【FDA07FE3254918F58F8C52B4EC19B9C86DBCF0300937E64BE5A8D2696BA57375】
"Response code 401 (Unauthorized)"
京喜财富岛 createSuperAssistUser JoinScene API请求失败，请检查网路重试
普通助力(招工)结果:{"dwAwardExperience":500,"dwAwardMany":500,"dwCurTime":1625042254,"iRet":2009,"sErrMsg":"招工已满","strPin":"jd_46df9eaa780aa"}

去助力好友 【69232A74C7EA864981BDFF0E96EBD094852A57B4EC0F6200E93AF1252C47CAF1】
超级助力(超级工人)结果:{"dwAwardExperience":500,"dwAwardMany":500,"dwCurTime":1625042267,"iRet":2009,"sErrMsg":"招工已满","strPin":"jd_46df9eaa780aa"}

普通助力(招工)结果:{"dwAwardExperience":500,"dwAwardMany":500,"dwCurTime":1625042277,"iRet":2009,"sErrMsg":"招工已满","strPin":"jd_46df9eaa780aa"}

去助力好友 【AA84E76C60EEC2A2BB3BF8EBD65175527C5D3D7FCCA2781E01E2E1F8CA85F650】
"Response code 401 (Unauthorized)"
京喜财富岛 createSuperAssistUser JoinScene API请求失败，请检查网路重试
普通助力(招工)结果:{"dwAwardExperience":500,"dwAwardMany":500,"dwCurTime":1625042299,"iRet":2009,"sErrMsg":"招工已满","strPin":"jd_46df9eaa780aa"}

去助力好友 【A9E06C370818371E014ADB8CCDBBBC74FFEED5CF0F503725481E82E73CE7E63C】
"Response code 401 (Unauthorized)"
京喜财富岛 createSuperAssistUser JoinScene API请求失败，请检查网路重试
普通助力(招工)结果:{"dwAwardExperience":500,"dwAwardMany":500,"dwCurTime":1625042332,"iRet":2009,"sErrMsg":"招工已满","strPin":"jd_46df9eaa780aa"}

去助力好友 【69C9B1E2CC75DBC3BAF7F08BD293373F5102E39AFC7D6577797FBFD0908E9E69】
超级助力(超级工人)结果:{"dwAwardExperience":500,"dwAwardMany":500,"dwCurTime":1625042346,"iRet":2009,"sErrMsg":"招工已满","strPin":"jd_46df9eaa780aa"}

普通助力(招工)结果:{"dwAwardExperience":500,"dwAwardMany":500,"dwCurTime":1625042357,"iRet":2009,"sErrMsg":"招工已满","strPin":"jd_46df9eaa780aa"}

去助力好友 【F45CB4F07997DFE748E5656521A9034446A1568F6950206B0D44A5664662275D】
超级助力(超级工人)结果:{"dwAwardExperience":500,"dwAwardMany":500,"dwCurTime":1625042369,"iRet":2009,"sErrMsg":"招工已满","strPin":"jd_46df9eaa780aa"}

普通助力(招工)结果:{"dwAwardExperience":500,"dwAwardMany":500,"dwCurTime":1625042379,"iRet":2009,"sErrMsg":"招工已满","strPin":"jd_46df9eaa780aa"}



寻宝大作战，自己账号内部循环互助


账号15631692383_p 去参加 Jxcfd_GroupId_342_71855012 寻宝大作战
iRet:2013 不能给自己助力
账号15631692383_p 去参加 Jxcfd_GroupId_342_71903666 寻宝大作战
iRet:2005 每天打工次数上限


寻宝大作战，自己账号内部循环互助


账号jd_74a8d71c978d9 去参加 Jxcfd_GroupId_342_71855012 寻宝大作战
iRet:2005 每天打工次数上限


寻宝大作战，自己账号内部循环互助


账号chao4596758 去参加 Jxcfd_GroupId_342_71855012 寻宝大作战
"Response code 401 (Unauthorized)"
京喜财富岛 joinGroup API请求失败，请检查网路重试
账号chao4596758 去参加 Jxcfd_GroupId_342_71903666 寻宝大作战
iRet:2005 每天打工次数上限


寻宝大作战，自己账号内部循环互助


账号jd_46df9eaa780aa 去参加 Jxcfd_GroupId_342_71855012 寻宝大作战
"Response code 401 (Unauthorized)"
京喜财富岛 joinGroup API请求失败，请检查网路重试
账号jd_46df9eaa780aa 去参加 Jxcfd_GroupId_342_71903666 寻宝大作战
iRet:2005 每天打工次数上限

==============📣系统通知📣==============
京喜财富岛
【京东账号1】Ymh__Sirius
【💵财富值】5787680

【京东账号2】Ycp_Dream
【💵财富值】785537

【京东账号3】chao4596758
【💵财富值】756874

【京东账号4】jd_157332ewky
【💵财富值】2492587


🔔京喜财富岛, 结束! 🕛 2125.136 秒

