
🔔京喜财富岛, 开始!

====================共4个京东账号Cookie=========

==================脚本执行- 北京时间(UTC+8)：6/26/2021, 3:16:15 PM=====================

开始获取京喜财富岛配置文件

您提供了0个账号的京喜财富岛助力码

获取签名参数成功！
fp: 1664312956019162
token: tk01wde671cc3a8ncDBwUnBrWmszfpgwnGPKMP5LgVKICwg+0EtDptBMjaiufrSGqPWL0W7T56EfDfqNXiu8pMSEBbSS
enCryptMethodJD: function test(token,fingerprint,timestamp,appId,algo){const random='1r+OgvlaUmiU';const str=`${token}${fingerprint}${timestamp}${appId}${random}`;return algo.SHA512(str)}

开始【京东账号1】Ymh__Sirius

由于您第1个京东账号未提供shareCode,将采纳本脚本自带的助力码

开始
第1个京东账号将要助力的好友["FA00A56D50C6589BC941527DE216A632B89CC0D5A39956B11BD5AB8B02EAA6B3","A13A472C0826D29815C0E8DB1E416FF2631415379A71B880F9BC7298743E02C9","AC44A799D9BD875DA9F3CAF1D06E7EBC10F916A6BFF7E4A4053422C8289DD22F","E328E35084A30DCE3B6CDA262D241942A75FBF859B66B47F7BD6B144C715143A","3E4FCA1315E7D614686CCCC2386FDBC5AEB6E10E5EFC25AEEA12C211E8BE3509","C615955B40B3721E7AD21DF5EE697CBEC43A66D310269452600CF291E26BCF59","1C06C35CCD990D362BC4A10808EA7EE18DD56B7347A52198C9B9EC0D19F791BA","21ECA8C831E3FFD014FB5EA53A5C1EA02A835A31CFE4E7D1B5F5C676A860B6A5","44099A7213D08369EA6953377B7214B7817FEE9CB02177E09FBFEAA5232F47AD","7FF8E184072BC6A974D496188793B09243AFC4AEB971E5F559D219C20239415A","BA6B937DD9ED1D204E2410CAE804D55DE13247DE96B95B7D1D7D7CE9281D92AB","786244973ED40333D34F1A4BAE5A3FD5165FA58B320CE6C9B603D6358CD0E5C9","5F9D6DF5A4A56BCA001F0EFC20E14D0B1AAABBDE7CC6245F7DEA2D363F920AE6","69232A74C7EA864981BDFF0E96EBD094852A57B4EC0F6200E93AF1252C47CAF1","5FC094BB67D47C42C51B7980EB8A3B6D0A73B81904E60D46366396BA5B836E55","FDA07FE3254918F58F8C52B4EC19B9C86DBCF0300937E64BE5A8D2696BA57375","69232A74C7EA864981BDFF0E96EBD094852A57B4EC0F6200E93AF1252C47CAF1","AA84E76C60EEC2A2BB3BF8EBD65175527C5D3D7FCCA2781E01E2E1F8CA85F650","A9E06C370818371E014ADB8CCDBBBC74FFEED5CF0F503725481E82E73CE7E63C","69C9B1E2CC75DBC3BAF7F08BD293373F5102E39AFC7D6577797FBFD0908E9E69","F45CB4F07997DFE748E5656521A9034446A1568F6950206B0D44A5664662275D"]

获取用户信息：success


当前等级:24,财富值:5569974

财富岛好友互助码每次运行都变化,旧的可继续使用

【京东账号1（15631692383_p）的京喜财富岛好友互助码】C28A126BC325426BDEBE8D8BBC469EFDF925DCCAD9E0D21FE5537A0DA1A92EDD



签到列表：success


📌签到：你今日已签到过啦，请明天再来
待开通场景ID列表sceneList;["1003"]

【欢乐牧场】🏝岛主 : 获取财富值：¥ 916 


【欢乐牧场】👬好友: 没有可收取钞票 

【欢乐牧场领取红包】 招工人数不达标

【便利店】🏝岛主 : 获取财富值：¥ 459 


【便利店】👬好友: 没有可收取钞票 

【便利店领取红包】参数错误

获取【📆日常任务】列表 ，总共7个任务！

"Timeout awaiting 'request' for 10000ms"
京喜财富岛 API请求失败，请检查网路重试

开始第1个【📆日常任务】：每日三餐上岛

每日三餐上岛【做日常任务】：任务进行中或者未到任务时间


每日三餐上岛【领日常奖励】：任务为成就任务或者未到任务时间


结束第1个【📆日常任务】：每日三餐上岛


开始第2个【📆日常任务】：大牌洗护 满199减100

大牌洗护 满199减100【做日常任务】：任务进行中或者未到任务时间


大牌洗护 满199减100【领日常奖励】：任务为成就任务或者未到任务时间


结束第2个【📆日常任务】：大牌洗护 满199减100


开始第3个【📆日常任务】：关注浏览京喜好店

关注浏览京喜好店【做日常任务】：任务进行中或者未到任务时间


关注浏览京喜好店【领日常奖励】：任务为成就任务或者未到任务时间


结束第3个【📆日常任务】：关注浏览京喜好店


开始第4个【📆日常任务】：特卖商品1元起

特卖商品1元起【做日常任务】：任务进行中或者未到任务时间


特卖商品1元起【领日常奖励】：任务为成就任务或者未到任务时间


结束第4个【📆日常任务】：特卖商品1元起


开始第5个【📆日常任务】：领券每满200减30

领券每满200减30【做日常任务】：任务进行中或者未到任务时间


领券每满200减30【领日常奖励】：任务为成就任务或者未到任务时间


结束第5个【📆日常任务】：领券每满200减30


开始第6个【📆日常任务】：邀请岛民好友首次上岛

邀请岛民好友首次上岛【做日常任务】：任务进行中或者未到任务时间


邀请岛民好友首次上岛【领日常奖励】：任务为成就任务或者未到任务时间


结束第6个【📆日常任务】：邀请岛民好友首次上岛


开始第7个【📆日常任务】：去岛屿商城下一单

去岛屿商城下一单【做日常任务】：任务进行中或者未到任务时间


去岛屿商城下一单【领日常奖励】：任务为成就任务或者未到任务时间


结束第7个【📆日常任务】：去岛屿商城下一单


【big_stone】🎁寻宝： ，获取随机奖励：¥ 558 


【small_stone】🎁寻宝： ，获取随机奖励：¥ 728 


【stone_road】🎁寻宝： ，获取随机奖励：¥ 641 


【tree】🎁寻宝： ，获取随机奖励：¥ 744 


【wood】🎁寻宝： ，获取随机奖励：¥ 681 


🤏偷取好友【光之暗**811】【欢乐牧场】财富值：¥ 117


🤏偷取好友【光之暗**811】【便利店】财富值：¥ 今天已经偷过该好友的钞票


🤏偷取好友【光之暗**811】【京喜餐厅】财富值：¥ 今天已经偷过该好友的钞票


🤏偷取好友【光之暗**811】【】财富值：¥ 今天已经偷过该好友的钞票


🤏偷取好友【jd_**652】【欢乐牧场】财富值：¥ 306


🤏偷取好友【jd_**652】【便利店】财富值：¥ 每天偷钞票次数上限


🤏偷取好友【jd_**652】【京喜餐厅】财富值：¥ 每天偷钞票次数上限


🤏偷取好友【jd_**652】【】财富值：¥ 每天偷钞票次数上限


🤏偷取好友【jes**922】【欢乐牧场】财富值：¥ 每天偷钞票次数上限


🤏偷取好友【jes**922】【便利店】财富值：¥ 每天偷钞票次数上限


🤏偷取好友【jes**922】【】财富值：¥ 每天偷钞票次数上限


获取【🎖成就任务】列表 ，总共1个任务！


开始第1个【🎖成就任务】：累计寻宝900次

累计寻宝900次【领成就奖励】： success 获得财富值：¥ 1000


结束第1个【🎖成就任务】：累计寻宝900次


【🏝寻宝大作战】【全民暴富岛】开宝箱：未达到宝箱开启条件，快去邀请好友助力吧！

【🏝寻宝大作战】【好运连连岛】开宝箱：未达到宝箱开启条件，快去邀请好友助力吧！

【🏝寻宝大作战】【平安喜乐岛】开宝箱：未达到宝箱开启条件，快去邀请好友助力吧！

【🏝寻宝大作战】【万事大吉岛】开宝箱：未达到宝箱开启条件，快去邀请好友助力吧！


你的【🏝寻宝大作战】互助码: Jxcfd_GroupId_338_1099582980225(每天都变化,旧的不可用)


去助力好友 【FA00A56D50C6589BC941527DE216A632B89CC0D5A39956B11BD5AB8B02EAA6B3】
超级助力(超级工人)结果:{"dwAwardExperience":500,"dwAwardMany":500,"dwCurTime":1624691967,"iRet":2005,"sErrMsg":"每天打工次数上限","strPin":"15631692383_p"}

普通助力(招工)结果:{"dwAwardExperience":500,"dwAwardMany":500,"dwCurTime":1624691978,"iRet":2005,"sErrMsg":"每天打工次数上限","strPin":"15631692383_p"}


开始【京东账号2】Ycp_Dream

由于您第2个京东账号未提供shareCode,将采纳本脚本自带的助力码

开始
第2个京东账号将要助力的好友["FA00A56D50C6589BC941527DE216A632B89CC0D5A39956B11BD5AB8B02EAA6B3","A13A472C0826D29815C0E8DB1E416FF2631415379A71B880F9BC7298743E02C9","AC44A799D9BD875DA9F3CAF1D06E7EBC10F916A6BFF7E4A4053422C8289DD22F","E328E35084A30DCE3B6CDA262D241942A75FBF859B66B47F7BD6B144C715143A","3E4FCA1315E7D614686CCCC2386FDBC5AEB6E10E5EFC25AEEA12C211E8BE3509","C615955B40B3721E7AD21DF5EE697CBEC43A66D310269452600CF291E26BCF59","1C06C35CCD990D362BC4A10808EA7EE18DD56B7347A52198C9B9EC0D19F791BA","21ECA8C831E3FFD014FB5EA53A5C1EA02A835A31CFE4E7D1B5F5C676A860B6A5","44099A7213D08369EA6953377B7214B7817FEE9CB02177E09FBFEAA5232F47AD","7FF8E184072BC6A974D496188793B09243AFC4AEB971E5F559D219C20239415A","BA6B937DD9ED1D204E2410CAE804D55DE13247DE96B95B7D1D7D7CE9281D92AB","786244973ED40333D34F1A4BAE5A3FD5165FA58B320CE6C9B603D6358CD0E5C9","5F9D6DF5A4A56BCA001F0EFC20E14D0B1AAABBDE7CC6245F7DEA2D363F920AE6","69232A74C7EA864981BDFF0E96EBD094852A57B4EC0F6200E93AF1252C47CAF1","5FC094BB67D47C42C51B7980EB8A3B6D0A73B81904E60D46366396BA5B836E55","FDA07FE3254918F58F8C52B4EC19B9C86DBCF0300937E64BE5A8D2696BA57375","69232A74C7EA864981BDFF0E96EBD094852A57B4EC0F6200E93AF1252C47CAF1","AA84E76C60EEC2A2BB3BF8EBD65175527C5D3D7FCCA2781E01E2E1F8CA85F650","A9E06C370818371E014ADB8CCDBBBC74FFEED5CF0F503725481E82E73CE7E63C","69C9B1E2CC75DBC3BAF7F08BD293373F5102E39AFC7D6577797FBFD0908E9E69","F45CB4F07997DFE748E5656521A9034446A1568F6950206B0D44A5664662275D"]

获取用户信息：success


当前等级:9,财富值:709937

财富岛好友互助码每次运行都变化,旧的可继续使用

【京东账号2（jd_74a8d71c978d9）的京喜财富岛好友互助码】8B214CC66D6AD674E5BF2B0D678AE9685115593EF9EB27BECAFD6C1F4ECA94CC



签到列表：success


📌签到：success，获得财富 ¥ 2000

待开通场景ID列表sceneList;["1002","1003"]

【欢乐牧场】🏝岛主 : 获取财富值：¥ 2600 


【欢乐牧场】👬好友: 没有可收取钞票 

【欢乐牧场领取红包】 招工人数不达标

获取【📆日常任务】列表 ，总共22个任务！


开始第1个【📆日常任务】：签到领现金
"Timeout awaiting 'request' for 10000ms"
京喜财富岛 API请求失败，请检查网路重试

签到领现金【做日常任务】：


签到领现金【领日常奖励】： 获得财富值 ¥ 2000


签到领现金【做日常任务】：任务进行中或者未到任务时间


签到领现金【领日常奖励】：任务为成就任务或者未到任务时间


结束第1个【📆日常任务】：签到领现金


开始第2个【📆日常任务】：每日三餐上岛

每日三餐上岛【做日常任务】：任务进行中或者未到任务时间


每日三餐上岛【领日常奖励】：任务为成就任务或者未到任务时间


结束第2个【📆日常任务】：每日三餐上岛


开始第3个【📆日常任务】：每日三餐上岛

每日三餐上岛【做日常任务】：任务进行中或者未到任务时间


每日三餐上岛【领日常奖励】：任务为成就任务或者未到任务时间


结束第3个【📆日常任务】：每日三餐上岛


开始第4个【📆日常任务】：每日三餐上岛

每日三餐上岛【做日常任务】：任务进行中或者未到任务时间


每日三餐上岛【领日常奖励】：任务为成就任务或者未到任务时间


结束第4个【📆日常任务】：每日三餐上岛


开始第5个【📆日常任务】：出海寻宝赢红包

出海寻宝赢红包【做日常任务】：


出海寻宝赢红包【领日常奖励】： 获得财富值 ¥ 1000


出海寻宝赢红包【做日常任务】：任务进行中或者未到任务时间


出海寻宝赢红包【领日常奖励】：任务为成就任务或者未到任务时间


结束第5个【📆日常任务】：出海寻宝赢红包


开始第6个【📆日常任务】：从首页“领现金”进入财富岛

从首页“领现金”进入财富岛【做日常任务】：


从首页“领现金”进入财富岛【领日常奖励】： 获得财富值 ¥ 1000


从首页“领现金”进入财富岛【做日常任务】：任务进行中或者未到任务时间


从首页“领现金”进入财富岛【领日常奖励】：任务为成就任务或者未到任务时间


结束第6个【📆日常任务】：从首页“领现金”进入财富岛


开始第7个【📆日常任务】：提升京享值 领专属权益

提升京享值 领专属权益【做日常任务】：


提升京享值 领专属权益【领日常奖励】： 获得财富值 ¥ 2000


提升京享值 领专属权益【做日常任务】：任务进行中或者未到任务时间


提升京享值 领专属权益【领日常奖励】：任务为成就任务或者未到任务时间


结束第7个【📆日常任务】：提升京享值 领专属权益


开始第8个【📆日常任务】：领888元红包

领888元红包【做日常任务】：


领888元红包【领日常奖励】： 获得财富值 ¥ 1500


领888元红包【做日常任务】：任务进行中或者未到任务时间


领888元红包【领日常奖励】：任务为成就任务或者未到任务时间


结束第8个【📆日常任务】：领888元红包


开始第9个【📆日常任务】：大牌洗护 满199减100

大牌洗护 满199减100【做日常任务】：任务进行中或者未到任务时间


大牌洗护 满199减100【领日常奖励】：任务为成就任务或者未到任务时间


结束第9个【📆日常任务】：大牌洗护 满199减100


开始第10个【📆日常任务】：关注浏览京喜好店

关注浏览京喜好店【做日常任务】：任务进行中或者未到任务时间


关注浏览京喜好店【领日常奖励】：任务为成就任务或者未到任务时间


结束第10个【📆日常任务】：关注浏览京喜好店


开始第11个【📆日常任务】：每日逛京喜爆品

每日逛京喜爆品【做日常任务】：


每日逛京喜爆品【领日常奖励】：任务为成就任务或者未到任务时间


每日逛京喜爆品【做日常任务】：


每日逛京喜爆品【做日常任务】：


每日逛京喜爆品【做日常任务】：


每日逛京喜爆品【做日常任务】：


每日逛京喜爆品【做日常任务】：任务进行中或者未到任务时间


结束第11个【📆日常任务】：每日逛京喜爆品


开始第12个【📆日常任务】：超市好物0元兑

超市好物0元兑【做日常任务】：


超市好物0元兑【领日常奖励】： 获得财富值 ¥ 1000


超市好物0元兑【做日常任务】：任务进行中或者未到任务时间


超市好物0元兑【领日常奖励】：任务为成就任务或者未到任务时间


结束第12个【📆日常任务】：超市好物0元兑


开始第13个【📆日常任务】：1万份鸡蛋免费送

1万份鸡蛋免费送【做日常任务】：


1万份鸡蛋免费送【领日常奖励】： 获得财富值 ¥ 1000


1万份鸡蛋免费送【做日常任务】：任务进行中或者未到任务时间


1万份鸡蛋免费送【领日常奖励】：任务为成就任务或者未到任务时间


结束第13个【📆日常任务】：1万份鸡蛋免费送


开始第14个【📆日常任务】：特卖商品1元起

特卖商品1元起【做日常任务】：任务进行中或者未到任务时间


特卖商品1元起【领日常奖励】：任务为成就任务或者未到任务时间


结束第14个【📆日常任务】：特卖商品1元起


开始第15个【📆日常任务】：逛商品集市得财富

逛商品集市得财富【做日常任务】：


逛商品集市得财富【领日常奖励】：任务为成就任务或者未到任务时间


逛商品集市得财富【做日常任务】：


逛商品集市得财富【做日常任务】：


逛商品集市得财富【做日常任务】：


逛商品集市得财富【做日常任务】：


逛商品集市得财富【做日常任务】：任务进行中或者未到任务时间


结束第15个【📆日常任务】：逛商品集市得财富


开始第16个【📆日常任务】：领券每满200减30

领券每满200减30【做日常任务】：


领券每满200减30【领日常奖励】： 获得财富值 ¥ 2000


领券每满200减30【做日常任务】：任务进行中或者未到任务时间


领券每满200减30【领日常奖励】：任务为成就任务或者未到任务时间


结束第16个【📆日常任务】：领券每满200减30


开始第17个【📆日常任务】：领券每满200减30

领券每满200减30【做日常任务】：任务进行中或者未到任务时间


领券每满200减30【领日常奖励】：任务为成就任务或者未到任务时间


结束第17个【📆日常任务】：领券每满200减30


开始第18个【📆日常任务】：加购6件大牌洗护好物

加购6件大牌洗护好物【做日常任务】：


加购6件大牌洗护好物【领日常奖励】：任务为成就任务或者未到任务时间


加购6件大牌洗护好物【做日常任务】：


加购6件大牌洗护好物【做日常任务】：


加购6件大牌洗护好物【做日常任务】：


加购6件大牌洗护好物【做日常任务】：


加购6件大牌洗护好物【做日常任务】：


结束第18个【📆日常任务】：加购6件大牌洗护好物


开始第19个【📆日常任务】：天天领免费福利

天天领免费福利【做日常任务】：


天天领免费福利【领日常奖励】：任务为成就任务或者未到任务时间


天天领免费福利【做日常任务】：


天天领免费福利【做日常任务】：任务进行中或者未到任务时间


结束第19个【📆日常任务】：天天领免费福利


开始第20个【📆日常任务】：每日逛逛赢福利

每日逛逛赢福利【做日常任务】：


每日逛逛赢福利【领日常奖励】：任务为成就任务或者未到任务时间


每日逛逛赢福利【做日常任务】：


每日逛逛赢福利【做日常任务】：


每日逛逛赢福利【做日常任务】：


每日逛逛赢福利【做日常任务】：任务进行中或者未到任务时间


结束第20个【📆日常任务】：每日逛逛赢福利


开始第21个【📆日常任务】：邀请岛民好友首次上岛

邀请岛民好友首次上岛【做日常任务】：任务进行中或者未到任务时间


邀请岛民好友首次上岛【领日常奖励】：任务为成就任务或者未到任务时间


结束第21个【📆日常任务】：邀请岛民好友首次上岛


开始第22个【📆日常任务】：去岛屿商城下一单

去岛屿商城下一单【做日常任务】：任务进行中或者未到任务时间


去岛屿商城下一单【领日常奖励】：任务为成就任务或者未到任务时间


结束第22个【📆日常任务】：去岛屿商城下一单


【big_stone】🎁寻宝： ，获取随机奖励：¥ 759 


【small_stone】🎁寻宝： ，获取随机奖励：¥ 582 


【stone_road】🎁寻宝： ，获取随机奖励：¥ 753 


【tree】🎁寻宝： ，获取随机奖励：¥ 823 


【wood】🎁寻宝： ，获取随机奖励：¥ 826 


获取【🎖成就任务】列表 ，总共0个任务！


【🏝寻宝大作战】【全民暴富岛】开宝箱：未达到宝箱开启条件，快去邀请好友助力吧！

【🏝寻宝大作战】【好运连连岛】开宝箱：未达到宝箱开启条件，快去邀请好友助力吧！

【🏝寻宝大作战】【平安喜乐岛】开宝箱：未达到宝箱开启条件，快去邀请好友助力吧！

【🏝寻宝大作战】【万事大吉岛】开宝箱：未达到宝箱开启条件，快去邀请好友助力吧！

【🏝寻宝大作战】success



你的【🏝寻宝大作战】互助码: Jxcfd_GroupId_338_70827740(每天都变化,旧的不可用)


去助力好友 【FA00A56D50C6589BC941527DE216A632B89CC0D5A39956B11BD5AB8B02EAA6B3】
超级助力(超级工人)结果:{"dwAwardExperience":500,"dwAwardMany":500,"dwCurTime":1624692406,"iRet":2009,"sErrMsg":"招工已满","strPin":"jd_74a8d71c978d9"}

普通助力(招工)结果:{"dwAwardExperience":500,"dwAwardMany":500,"dwCurTime":1624692417,"iRet":2009,"sErrMsg":"招工已满","strPin":"jd_74a8d71c978d9"}

去助力好友 【A13A472C0826D29815C0E8DB1E416FF2631415379A71B880F9BC7298743E02C9】
超级助力(超级工人)结果:{"dwAwardExperience":500,"dwAwardMany":500,"dwCurTime":1624692429,"iRet":2009,"sErrMsg":"招工已满","strPin":"jd_74a8d71c978d9"}

普通助力(招工)结果:{"dwAwardExperience":500,"dwAwardMany":500,"dwCurTime":1624692440,"iRet":2009,"sErrMsg":"招工已满","strPin":"jd_74a8d71c978d9"}

去助力好友 【AC44A799D9BD875DA9F3CAF1D06E7EBC10F916A6BFF7E4A4053422C8289DD22F】
超级助力(超级工人)结果:{"dwAwardExperience":500,"dwAwardMany":500,"dwCurTime":1624692452,"iRet":2009,"sErrMsg":"招工已满","strPin":"jd_74a8d71c978d9"}

普通助力(招工)结果:{"dwAwardExperience":500,"dwAwardMany":500,"dwCurTime":1624692462,"iRet":2009,"sErrMsg":"招工已满","strPin":"jd_74a8d71c978d9"}

去助力好友 【E328E35084A30DCE3B6CDA262D241942A75FBF859B66B47F7BD6B144C715143A】
"Response code 401 (Unauthorized)"
京喜财富岛 createSuperAssistUser JoinScene API请求失败，请检查网路重试
"Response code 401 (Unauthorized)"
京喜财富岛 createAssistUser JoinScene API请求失败，请检查网路重试
去助力好友 【3E4FCA1315E7D614686CCCC2386FDBC5AEB6E10E5EFC25AEEA12C211E8BE3509】
超级助力(超级工人)结果:{"dwAwardExperience":500,"dwAwardMany":500,"dwCurTime":1624692502,"iRet":2009,"sErrMsg":"招工已满","strPin":"jd_74a8d71c978d9"}

普通助力(招工)结果:{"dwAwardExperience":500,"dwAwardMany":500,"dwCurTime":1624692512,"iRet":2009,"sErrMsg":"招工已满","strPin":"jd_74a8d71c978d9"}

去助力好友 【C615955B40B3721E7AD21DF5EE697CBEC43A66D310269452600CF291E26BCF59】
超级助力(超级工人)结果:{"dwAwardExperience":500,"dwAwardMany":500,"dwCurTime":1624692524,"iRet":2009,"sErrMsg":"招工已满","strPin":"jd_74a8d71c978d9"}

普通助力(招工)结果:{"dwAwardExperience":500,"dwAwardMany":500,"dwCurTime":1624692535,"iRet":2009,"sErrMsg":"招工已满","strPin":"jd_74a8d71c978d9"}

去助力好友 【1C06C35CCD990D362BC4A10808EA7EE18DD56B7347A52198C9B9EC0D19F791BA】
超级助力(超级工人)结果:{"dwAwardExperience":500,"dwAwardMany":500,"dwCurTime":1624692547,"iRet":2009,"sErrMsg":"招工已满","strPin":"jd_74a8d71c978d9"}

普通助力(招工)结果:{"dwAwardExperience":500,"dwAwardMany":500,"dwCurTime":1624692557,"iRet":2009,"sErrMsg":"招工已满","strPin":"jd_74a8d71c978d9"}

去助力好友 【21ECA8C831E3FFD014FB5EA53A5C1EA02A835A31CFE4E7D1B5F5C676A860B6A5】
超级助力(超级工人)结果:{"dwAwardExperience":500,"dwAwardMany":500,"dwCurTime":1624692570,"iRet":2009,"sErrMsg":"招工已满","strPin":"jd_74a8d71c978d9"}

普通助力(招工)结果:{"dwAwardExperience":500,"dwAwardMany":500,"dwCurTime":1624692580,"iRet":2009,"sErrMsg":"招工已满","strPin":"jd_74a8d71c978d9"}

去助力好友 【44099A7213D08369EA6953377B7214B7817FEE9CB02177E09FBFEAA5232F47AD】
超级助力(超级工人)结果:{"dwAwardExperience":500,"dwAwardMany":500,"dwCurTime":1624692592,"iRet":2009,"sErrMsg":"招工已满","strPin":"jd_74a8d71c978d9"}

"Response code 401 (Unauthorized)"
京喜财富岛 createAssistUser JoinScene API请求失败，请检查网路重试
去助力好友 【7FF8E184072BC6A974D496188793B09243AFC4AEB971E5F559D219C20239415A】
"Response code 401 (Unauthorized)"
京喜财富岛 createSuperAssistUser JoinScene API请求失败，请检查网路重试
"Response code 401 (Unauthorized)"
京喜财富岛 createAssistUser JoinScene API请求失败，请检查网路重试
去助力好友 【BA6B937DD9ED1D204E2410CAE804D55DE13247DE96B95B7D1D7D7CE9281D92AB】
超级助力(超级工人)结果:{"dwAwardExperience":500,"dwAwardMany":500,"dwCurTime":1624692642,"iRet":2009,"sErrMsg":"招工已满","strPin":"jd_74a8d71c978d9"}

普通助力(招工)结果:{"dwAwardExperience":500,"dwAwardMany":500,"dwCurTime":1624692653,"iRet":2009,"sErrMsg":"招工已满","strPin":"jd_74a8d71c978d9"}

去助力好友 【786244973ED40333D34F1A4BAE5A3FD5165FA58B320CE6C9B603D6358CD0E5C9】
超级助力(超级工人)结果:{"dwAwardExperience":500,"dwAwardMany":500,"dwCurTime":1624692665,"iRet":2009,"sErrMsg":"招工已满","strPin":"jd_74a8d71c978d9"}

普通助力(招工)结果:{"dwAwardExperience":500,"dwAwardMany":500,"dwCurTime":1624692676,"iRet":2009,"sErrMsg":"招工已满","strPin":"jd_74a8d71c978d9"}

去助力好友 【5F9D6DF5A4A56BCA001F0EFC20E14D0B1AAABBDE7CC6245F7DEA2D363F920AE6】
"Response code 401 (Unauthorized)"
京喜财富岛 createSuperAssistUser JoinScene API请求失败，请检查网路重试
"Response code 401 (Unauthorized)"
京喜财富岛 createAssistUser JoinScene API请求失败，请检查网路重试
去助力好友 【69232A74C7EA864981BDFF0E96EBD094852A57B4EC0F6200E93AF1252C47CAF1】
超级助力(超级工人)结果:{"dwAwardExperience":500,"dwAwardMany":500,"dwCurTime":1624692711,"iRet":2009,"sErrMsg":"招工已满","strPin":"jd_74a8d71c978d9"}

普通助力(招工)结果:{"dwAwardExperience":500,"dwAwardMany":500,"dwCurTime":1624692721,"iRet":2009,"sErrMsg":"招工已满","strPin":"jd_74a8d71c978d9"}

去助力好友 【5FC094BB67D47C42C51B7980EB8A3B6D0A73B81904E60D46366396BA5B836E55】
超级助力(超级工人)结果:{"dwAwardExperience":500,"dwAwardMany":500,"dwCurTime":1624692734,"iRet":2009,"sErrMsg":"招工已满","strPin":"jd_74a8d71c978d9"}

普通助力(招工)结果:{"dwAwardExperience":500,"dwAwardMany":500,"dwCurTime":1624692744,"iRet":2009,"sErrMsg":"招工已满","strPin":"jd_74a8d71c978d9"}

去助力好友 【FDA07FE3254918F58F8C52B4EC19B9C86DBCF0300937E64BE5A8D2696BA57375】
超级助力(超级工人)结果:{"dwAwardExperience":500,"dwAwardMany":500,"dwCurTime":1624692756,"iRet":2009,"sErrMsg":"招工已满","strPin":"jd_74a8d71c978d9"}

"Response code 401 (Unauthorized)"
京喜财富岛 createAssistUser JoinScene API请求失败，请检查网路重试
去助力好友 【69232A74C7EA864981BDFF0E96EBD094852A57B4EC0F6200E93AF1252C47CAF1】
"Response code 401 (Unauthorized)"
京喜财富岛 createSuperAssistUser JoinScene API请求失败，请检查网路重试
"Response code 401 (Unauthorized)"
京喜财富岛 createAssistUser JoinScene API请求失败，请检查网路重试
去助力好友 【AA84E76C60EEC2A2BB3BF8EBD65175527C5D3D7FCCA2781E01E2E1F8CA85F650】
超级助力(超级工人)结果:{"dwAwardExperience":500,"dwAwardMany":500,"dwCurTime":1624692802,"iRet":2009,"sErrMsg":"招工已满","strPin":"jd_74a8d71c978d9"}

普通助力(招工)结果:{"dwAwardExperience":500,"dwAwardMany":500,"dwCurTime":1624692813,"iRet":2009,"sErrMsg":"招工已满","strPin":"jd_74a8d71c978d9"}

去助力好友 【A9E06C370818371E014ADB8CCDBBBC74FFEED5CF0F503725481E82E73CE7E63C】
超级助力(超级工人)结果:{"dwAwardExperience":500,"dwAwardMany":500,"dwCurTime":1624692825,"iRet":2009,"sErrMsg":"招工已满","strPin":"jd_74a8d71c978d9"}

普通助力(招工)结果:{"dwAwardExperience":500,"dwAwardMany":500,"dwCurTime":1624692836,"iRet":2009,"sErrMsg":"招工已满","strPin":"jd_74a8d71c978d9"}

去助力好友 【69C9B1E2CC75DBC3BAF7F08BD293373F5102E39AFC7D6577797FBFD0908E9E69】
超级助力(超级工人)结果:{"dwAwardExperience":500,"dwAwardMany":500,"dwCurTime":1624692848,"iRet":2009,"sErrMsg":"招工已满","strPin":"jd_74a8d71c978d9"}

普通助力(招工)结果:{"dwAwardExperience":500,"dwAwardMany":500,"dwCurTime":1624692858,"iRet":2009,"sErrMsg":"招工已满","strPin":"jd_74a8d71c978d9"}

去助力好友 【F45CB4F07997DFE748E5656521A9034446A1568F6950206B0D44A5664662275D】
超级助力(超级工人)结果:{"dwAwardExperience":500,"dwAwardMany":500,"dwCurTime":1624692871,"iRet":2009,"sErrMsg":"招工已满","strPin":"jd_74a8d71c978d9"}

普通助力(招工)结果:{"dwAwardExperience":500,"dwAwardMany":500,"dwCurTime":1624692881,"iRet":2009,"sErrMsg":"招工已满","strPin":"jd_74a8d71c978d9"}


开始【京东账号3】jd_585601a83bd48

由于您第3个京东账号未提供shareCode,将采纳本脚本自带的助力码

开始
第3个京东账号将要助力的好友["FA00A56D50C6589BC941527DE216A632B89CC0D5A39956B11BD5AB8B02EAA6B3","A13A472C0826D29815C0E8DB1E416FF2631415379A71B880F9BC7298743E02C9","AC44A799D9BD875DA9F3CAF1D06E7EBC10F916A6BFF7E4A4053422C8289DD22F","E328E35084A30DCE3B6CDA262D241942A75FBF859B66B47F7BD6B144C715143A","3E4FCA1315E7D614686CCCC2386FDBC5AEB6E10E5EFC25AEEA12C211E8BE3509","C615955B40B3721E7AD21DF5EE697CBEC43A66D310269452600CF291E26BCF59","1C06C35CCD990D362BC4A10808EA7EE18DD56B7347A52198C9B9EC0D19F791BA","21ECA8C831E3FFD014FB5EA53A5C1EA02A835A31CFE4E7D1B5F5C676A860B6A5","44099A7213D08369EA6953377B7214B7817FEE9CB02177E09FBFEAA5232F47AD","7FF8E184072BC6A974D496188793B09243AFC4AEB971E5F559D219C20239415A","BA6B937DD9ED1D204E2410CAE804D55DE13247DE96B95B7D1D7D7CE9281D92AB","786244973ED40333D34F1A4BAE5A3FD5165FA58B320CE6C9B603D6358CD0E5C9","5F9D6DF5A4A56BCA001F0EFC20E14D0B1AAABBDE7CC6245F7DEA2D363F920AE6","69232A74C7EA864981BDFF0E96EBD094852A57B4EC0F6200E93AF1252C47CAF1","5FC094BB67D47C42C51B7980EB8A3B6D0A73B81904E60D46366396BA5B836E55","FDA07FE3254918F58F8C52B4EC19B9C86DBCF0300937E64BE5A8D2696BA57375","69232A74C7EA864981BDFF0E96EBD094852A57B4EC0F6200E93AF1252C47CAF1","AA84E76C60EEC2A2BB3BF8EBD65175527C5D3D7FCCA2781E01E2E1F8CA85F650","A9E06C370818371E014ADB8CCDBBBC74FFEED5CF0F503725481E82E73CE7E63C","69C9B1E2CC75DBC3BAF7F08BD293373F5102E39AFC7D6577797FBFD0908E9E69","F45CB4F07997DFE748E5656521A9034446A1568F6950206B0D44A5664662275D"]

获取用户信息：success


当前等级:9,财富值:671256

财富岛好友互助码每次运行都变化,旧的可继续使用

【京东账号3（chao4596758）的京喜财富岛好友互助码】DDAD93E00BE15369F0A613BFA52B74B1DA165579F96B3BC1C0797B97974C37CE



签到列表：success


📌签到：success，获得财富 ¥ 2000

待开通场景ID列表sceneList;["1002","1003"]

【欢乐牧场】🏝岛主 : 获取财富值：¥ 2600 


【欢乐牧场】👬好友: 没有可收取钞票 

【欢乐牧场领取红包】 招工人数不达标
"Timeout awaiting 'request' for 10000ms"
京喜财富岛 API请求失败，请检查网路重试

获取【📆日常任务】列表 ，总共22个任务！


开始第1个【📆日常任务】：签到领现金

签到领现金【做日常任务】：


签到领现金【领日常奖励】： 获得财富值 ¥ 2000


签到领现金【做日常任务】：任务进行中或者未到任务时间


签到领现金【领日常奖励】：任务为成就任务或者未到任务时间


结束第1个【📆日常任务】：签到领现金


开始第2个【📆日常任务】：每日三餐上岛

每日三餐上岛【做日常任务】：任务进行中或者未到任务时间


每日三餐上岛【领日常奖励】：任务为成就任务或者未到任务时间


结束第2个【📆日常任务】：每日三餐上岛


开始第3个【📆日常任务】：每日三餐上岛

每日三餐上岛【做日常任务】：任务进行中或者未到任务时间


每日三餐上岛【领日常奖励】：任务为成就任务或者未到任务时间


结束第3个【📆日常任务】：每日三餐上岛


开始第4个【📆日常任务】：每日三餐上岛

每日三餐上岛【做日常任务】：任务进行中或者未到任务时间


每日三餐上岛【领日常奖励】：任务为成就任务或者未到任务时间


结束第4个【📆日常任务】：每日三餐上岛


开始第5个【📆日常任务】：出海寻宝赢红包

出海寻宝赢红包【做日常任务】：


出海寻宝赢红包【领日常奖励】： 获得财富值 ¥ 1000


出海寻宝赢红包【做日常任务】：任务进行中或者未到任务时间


出海寻宝赢红包【领日常奖励】：任务为成就任务或者未到任务时间


结束第5个【📆日常任务】：出海寻宝赢红包


开始第6个【📆日常任务】：从首页“领现金”进入财富岛

从首页“领现金”进入财富岛【做日常任务】：


从首页“领现金”进入财富岛【领日常奖励】： 获得财富值 ¥ 1000


从首页“领现金”进入财富岛【做日常任务】：任务进行中或者未到任务时间


从首页“领现金”进入财富岛【领日常奖励】：任务为成就任务或者未到任务时间


结束第6个【📆日常任务】：从首页“领现金”进入财富岛


开始第7个【📆日常任务】：提升京享值 领专属权益

提升京享值 领专属权益【做日常任务】：


提升京享值 领专属权益【领日常奖励】： 获得财富值 ¥ 2000


提升京享值 领专属权益【做日常任务】：任务进行中或者未到任务时间


提升京享值 领专属权益【领日常奖励】：任务为成就任务或者未到任务时间


结束第7个【📆日常任务】：提升京享值 领专属权益


开始第8个【📆日常任务】：领888元红包

领888元红包【做日常任务】：


领888元红包【领日常奖励】： 获得财富值 ¥ 1500


领888元红包【做日常任务】：任务进行中或者未到任务时间


领888元红包【领日常奖励】：任务为成就任务或者未到任务时间


结束第8个【📆日常任务】：领888元红包


开始第9个【📆日常任务】：大牌洗护 满199减100

大牌洗护 满199减100【做日常任务】：任务进行中或者未到任务时间


大牌洗护 满199减100【领日常奖励】：任务为成就任务或者未到任务时间


结束第9个【📆日常任务】：大牌洗护 满199减100


开始第10个【📆日常任务】：关注浏览京喜好店

关注浏览京喜好店【做日常任务】：任务进行中或者未到任务时间


关注浏览京喜好店【领日常奖励】：任务为成就任务或者未到任务时间


结束第10个【📆日常任务】：关注浏览京喜好店


开始第11个【📆日常任务】：每日逛京喜爆品

每日逛京喜爆品【做日常任务】：


每日逛京喜爆品【领日常奖励】：任务为成就任务或者未到任务时间


每日逛京喜爆品【做日常任务】：


每日逛京喜爆品【做日常任务】：


每日逛京喜爆品【做日常任务】：


每日逛京喜爆品【做日常任务】：


每日逛京喜爆品【做日常任务】：任务进行中或者未到任务时间


结束第11个【📆日常任务】：每日逛京喜爆品


开始第12个【📆日常任务】：超市好物0元兑

超市好物0元兑【做日常任务】：


超市好物0元兑【领日常奖励】： 获得财富值 ¥ 1000


超市好物0元兑【做日常任务】：任务进行中或者未到任务时间


超市好物0元兑【领日常奖励】：任务为成就任务或者未到任务时间


结束第12个【📆日常任务】：超市好物0元兑


开始第13个【📆日常任务】：1万份鸡蛋免费送

1万份鸡蛋免费送【做日常任务】：


1万份鸡蛋免费送【领日常奖励】： 获得财富值 ¥ 1000


1万份鸡蛋免费送【做日常任务】：任务进行中或者未到任务时间


1万份鸡蛋免费送【领日常奖励】：任务为成就任务或者未到任务时间


结束第13个【📆日常任务】：1万份鸡蛋免费送


开始第14个【📆日常任务】：特卖商品1元起

特卖商品1元起【做日常任务】：任务进行中或者未到任务时间


特卖商品1元起【领日常奖励】：任务为成就任务或者未到任务时间


结束第14个【📆日常任务】：特卖商品1元起


开始第15个【📆日常任务】：逛商品集市得财富

逛商品集市得财富【做日常任务】：


逛商品集市得财富【领日常奖励】：任务为成就任务或者未到任务时间


逛商品集市得财富【做日常任务】：


逛商品集市得财富【做日常任务】：


逛商品集市得财富【做日常任务】：


逛商品集市得财富【做日常任务】：


逛商品集市得财富【做日常任务】：任务进行中或者未到任务时间


结束第15个【📆日常任务】：逛商品集市得财富


开始第16个【📆日常任务】：领券每满200减30

领券每满200减30【做日常任务】：


领券每满200减30【领日常奖励】： 获得财富值 ¥ 2000


领券每满200减30【做日常任务】：任务进行中或者未到任务时间


领券每满200减30【领日常奖励】：任务为成就任务或者未到任务时间


结束第16个【📆日常任务】：领券每满200减30


开始第17个【📆日常任务】：领券每满200减30

领券每满200减30【做日常任务】：任务进行中或者未到任务时间


领券每满200减30【领日常奖励】：任务为成就任务或者未到任务时间


结束第17个【📆日常任务】：领券每满200减30


开始第18个【📆日常任务】：加购6件大牌洗护好物

加购6件大牌洗护好物【做日常任务】：


加购6件大牌洗护好物【领日常奖励】：任务为成就任务或者未到任务时间


加购6件大牌洗护好物【做日常任务】：


加购6件大牌洗护好物【做日常任务】：


加购6件大牌洗护好物【做日常任务】：


加购6件大牌洗护好物【做日常任务】：


加购6件大牌洗护好物【做日常任务】：


结束第18个【📆日常任务】：加购6件大牌洗护好物


开始第19个【📆日常任务】：天天领免费福利

天天领免费福利【做日常任务】：


天天领免费福利【领日常奖励】：任务为成就任务或者未到任务时间


天天领免费福利【做日常任务】：


天天领免费福利【做日常任务】：任务进行中或者未到任务时间


结束第19个【📆日常任务】：天天领免费福利


开始第20个【📆日常任务】：每日逛逛赢福利

每日逛逛赢福利【做日常任务】：


每日逛逛赢福利【领日常奖励】：任务为成就任务或者未到任务时间


每日逛逛赢福利【做日常任务】：


每日逛逛赢福利【做日常任务】：


每日逛逛赢福利【做日常任务】：


每日逛逛赢福利【做日常任务】：任务进行中或者未到任务时间


结束第20个【📆日常任务】：每日逛逛赢福利


开始第21个【📆日常任务】：邀请岛民好友首次上岛

邀请岛民好友首次上岛【做日常任务】：任务进行中或者未到任务时间


邀请岛民好友首次上岛【领日常奖励】：任务为成就任务或者未到任务时间


结束第21个【📆日常任务】：邀请岛民好友首次上岛


开始第22个【📆日常任务】：去岛屿商城下一单

去岛屿商城下一单【做日常任务】：任务进行中或者未到任务时间


去岛屿商城下一单【领日常奖励】：任务为成就任务或者未到任务时间


结束第22个【📆日常任务】：去岛屿商城下一单


【big_stone】🎁寻宝： ，获取随机奖励：¥ 771 


【small_stone】🎁寻宝： ，获取随机奖励：¥ 680 


【stone_road】🎁寻宝： ，获取随机奖励：¥ 544 


【tree】🎁寻宝： ，获取随机奖励：¥ 621 


【wood】🎁寻宝： ，获取随机奖励：¥ 527 


获取【🎖成就任务】列表 ，总共1个任务！


开始第1个【🎖成就任务】：累计寻宝70次

累计寻宝70次【领成就奖励】： success 获得财富值：¥ 1000


结束第1个【🎖成就任务】：累计寻宝70次


【🏝寻宝大作战】【全民暴富岛】开宝箱：未达到宝箱开启条件，快去邀请好友助力吧！

【🏝寻宝大作战】【好运连连岛】开宝箱：未达到宝箱开启条件，快去邀请好友助力吧！

【🏝寻宝大作战】【平安喜乐岛】开宝箱：未达到宝箱开启条件，快去邀请好友助力吧！

【🏝寻宝大作战】【万事大吉岛】开宝箱：未达到宝箱开启条件，快去邀请好友助力吧！

【🏝寻宝大作战】success



你的【🏝寻宝大作战】互助码: Jxcfd_GroupId_338_1099583072786(每天都变化,旧的不可用)


去助力好友 【FA00A56D50C6589BC941527DE216A632B89CC0D5A39956B11BD5AB8B02EAA6B3】
超级助力(超级工人)结果:{"dwAwardExperience":500,"dwAwardMany":500,"dwCurTime":1624693344,"iRet":2009,"sErrMsg":"招工已满","strPin":"chao4596758"}

普通助力(招工)结果:{"dwAwardExperience":500,"dwAwardMany":500,"dwCurTime":1624693354,"iRet":2009,"sErrMsg":"招工已满","strPin":"chao4596758"}

去助力好友 【A13A472C0826D29815C0E8DB1E416FF2631415379A71B880F9BC7298743E02C9】
超级助力(超级工人)结果:{"dwAwardExperience":500,"dwAwardMany":500,"dwCurTime":1624693367,"iRet":2009,"sErrMsg":"招工已满","strPin":"chao4596758"}

"Response code 401 (Unauthorized)"
京喜财富岛 createAssistUser JoinScene API请求失败，请检查网路重试
去助力好友 【AC44A799D9BD875DA9F3CAF1D06E7EBC10F916A6BFF7E4A4053422C8289DD22F】
超级助力(超级工人)结果:{"dwAwardExperience":500,"dwAwardMany":500,"dwCurTime":1624693390,"iRet":2009,"sErrMsg":"招工已满","strPin":"chao4596758"}

"Response code 401 (Unauthorized)"
京喜财富岛 createAssistUser JoinScene API请求失败，请检查网路重试
去助力好友 【E328E35084A30DCE3B6CDA262D241942A75FBF859B66B47F7BD6B144C715143A】
超级助力(超级工人)结果:{"dwAwardExperience":500,"dwAwardMany":500,"dwCurTime":1624693412,"iRet":2009,"sErrMsg":"招工已满","strPin":"chao4596758"}

普通助力(招工)结果:{"dwAwardExperience":500,"dwAwardMany":500,"dwCurTime":1624693423,"iRet":2009,"sErrMsg":"招工已满","strPin":"chao4596758"}

去助力好友 【3E4FCA1315E7D614686CCCC2386FDBC5AEB6E10E5EFC25AEEA12C211E8BE3509】
超级助力(超级工人)结果:{"dwAwardExperience":500,"dwAwardMany":500,"dwCurTime":1624693435,"iRet":2009,"sErrMsg":"招工已满","strPin":"chao4596758"}

普通助力(招工)结果:{"dwAwardExperience":500,"dwAwardMany":500,"dwCurTime":1624693445,"iRet":2009,"sErrMsg":"招工已满","strPin":"chao4596758"}

去助力好友 【C615955B40B3721E7AD21DF5EE697CBEC43A66D310269452600CF291E26BCF59】
"Response code 401 (Unauthorized)"
京喜财富岛 createSuperAssistUser JoinScene API请求失败，请检查网路重试
"Response code 401 (Unauthorized)"
京喜财富岛 createAssistUser JoinScene API请求失败，请检查网路重试
去助力好友 【1C06C35CCD990D362BC4A10808EA7EE18DD56B7347A52198C9B9EC0D19F791BA】
超级助力(超级工人)结果:{"dwAwardExperience":500,"dwAwardMany":500,"dwCurTime":1624693481,"iRet":2009,"sErrMsg":"招工已满","strPin":"chao4596758"}

"Timeout awaiting 'request' for 10000ms"
京喜财富岛 createAssistUser JoinScene API请求失败，请检查网路重试
去助力好友 【21ECA8C831E3FFD014FB5EA53A5C1EA02A835A31CFE4E7D1B5F5C676A860B6A5】
"Timeout awaiting 'request' for 10000ms"
京喜财富岛 createSuperAssistUser JoinScene API请求失败，请检查网路重试
"Timeout awaiting 'request' for 10000ms"
京喜财富岛 createAssistUser JoinScene API请求失败，请检查网路重试
去助力好友 【44099A7213D08369EA6953377B7214B7817FEE9CB02177E09FBFEAA5232F47AD】
超级助力(超级工人)结果:{"dwAwardExperience":500,"dwAwardMany":500,"dwCurTime":1624693642,"iRet":2009,"sErrMsg":"招工已满","strPin":"chao4596758"}

普通助力(招工)结果:{"dwAwardExperience":500,"dwAwardMany":500,"dwCurTime":1624693654,"iRet":2009,"sErrMsg":"招工已满","strPin":"chao4596758"}

去助力好友 【7FF8E184072BC6A974D496188793B09243AFC4AEB971E5F559D219C20239415A】
超级助力(超级工人)结果:{"dwAwardExperience":500,"dwAwardMany":500,"dwCurTime":1624693676,"iRet":2009,"sErrMsg":"招工已满","strPin":"chao4596758"}

普通助力(招工)结果:{"dwAwardExperience":500,"dwAwardMany":500,"dwCurTime":1624693686,"iRet":2009,"sErrMsg":"招工已满","strPin":"chao4596758"}

去助力好友 【BA6B937DD9ED1D204E2410CAE804D55DE13247DE96B95B7D1D7D7CE9281D92AB】
超级助力(超级工人)结果:{"dwAwardExperience":500,"dwAwardMany":500,"dwCurTime":1624693698,"iRet":2009,"sErrMsg":"招工已满","strPin":"chao4596758"}

普通助力(招工)结果:{"dwAwardExperience":500,"dwAwardMany":500,"dwCurTime":1624693709,"iRet":2009,"sErrMsg":"招工已满","strPin":"chao4596758"}

去助力好友 【786244973ED40333D34F1A4BAE5A3FD5165FA58B320CE6C9B603D6358CD0E5C9】
超级助力(超级工人)结果:{"dwAwardExperience":500,"dwAwardMany":500,"dwCurTime":1624693722,"iRet":2009,"sErrMsg":"招工已满","strPin":"chao4596758"}

普通助力(招工)结果:{"dwAwardExperience":500,"dwAwardMany":500,"dwCurTime":1624693732,"iRet":2009,"sErrMsg":"招工已满","strPin":"chao4596758"}

去助力好友 【5F9D6DF5A4A56BCA001F0EFC20E14D0B1AAABBDE7CC6245F7DEA2D363F920AE6】
超级助力(超级工人)结果:{"dwAwardExperience":500,"dwAwardMany":500,"dwCurTime":1624693744,"iRet":2009,"sErrMsg":"招工已满","strPin":"chao4596758"}

普通助力(招工)结果:{"dwAwardExperience":500,"dwAwardMany":500,"dwCurTime":1624693755,"iRet":2009,"sErrMsg":"招工已满","strPin":"chao4596758"}

去助力好友 【69232A74C7EA864981BDFF0E96EBD094852A57B4EC0F6200E93AF1252C47CAF1】
"Response code 401 (Unauthorized)"
京喜财富岛 createSuperAssistUser JoinScene API请求失败，请检查网路重试
"Response code 401 (Unauthorized)"
京喜财富岛 createAssistUser JoinScene API请求失败，请检查网路重试
去助力好友 【5FC094BB67D47C42C51B7980EB8A3B6D0A73B81904E60D46366396BA5B836E55】
超级助力(超级工人)结果:{"dwAwardExperience":500,"dwAwardMany":500,"dwCurTime":1624693795,"iRet":2009,"sErrMsg":"招工已满","strPin":"chao4596758"}

普通助力(招工)结果:{"dwAwardExperience":500,"dwAwardMany":500,"dwCurTime":1624693805,"iRet":2009,"sErrMsg":"招工已满","strPin":"chao4596758"}

去助力好友 【FDA07FE3254918F58F8C52B4EC19B9C86DBCF0300937E64BE5A8D2696BA57375】
超级助力(超级工人)结果:{"dwAwardExperience":500,"dwAwardMany":500,"dwCurTime":1624693817,"iRet":2009,"sErrMsg":"招工已满","strPin":"chao4596758"}

普通助力(招工)结果:{"dwAwardExperience":500,"dwAwardMany":500,"dwCurTime":1624693828,"iRet":2009,"sErrMsg":"招工已满","strPin":"chao4596758"}

去助力好友 【69232A74C7EA864981BDFF0E96EBD094852A57B4EC0F6200E93AF1252C47CAF1】
超级助力(超级工人)结果:{"dwAwardExperience":500,"dwAwardMany":500,"dwCurTime":1624693840,"iRet":2009,"sErrMsg":"招工已满","strPin":"chao4596758"}

普通助力(招工)结果:{"dwAwardExperience":500,"dwAwardMany":500,"dwCurTime":1624693850,"iRet":2009,"sErrMsg":"招工已满","strPin":"chao4596758"}

去助力好友 【AA84E76C60EEC2A2BB3BF8EBD65175527C5D3D7FCCA2781E01E2E1F8CA85F650】
"Response code 401 (Unauthorized)"
京喜财富岛 createSuperAssistUser JoinScene API请求失败，请检查网路重试
普通助力(招工)结果:{"dwAwardExperience":500,"dwAwardMany":500,"dwCurTime":1624693873,"iRet":2009,"sErrMsg":"招工已满","strPin":"chao4596758"}

去助力好友 【A9E06C370818371E014ADB8CCDBBBC74FFEED5CF0F503725481E82E73CE7E63C】
超级助力(超级工人)结果:{"dwAwardExperience":500,"dwAwardMany":500,"dwCurTime":1624693886,"iRet":2009,"sErrMsg":"招工已满","strPin":"chao4596758"}

普通助力(招工)结果:{"dwAwardExperience":500,"dwAwardMany":500,"dwCurTime":1624693896,"iRet":2009,"sErrMsg":"招工已满","strPin":"chao4596758"}

去助力好友 【69C9B1E2CC75DBC3BAF7F08BD293373F5102E39AFC7D6577797FBFD0908E9E69】
超级助力(超级工人)结果:{"dwAwardExperience":500,"dwAwardMany":500,"dwCurTime":1624693908,"iRet":2009,"sErrMsg":"招工已满","strPin":"chao4596758"}

"Response code 401 (Unauthorized)"
京喜财富岛 createAssistUser JoinScene API请求失败，请检查网路重试
去助力好友 【F45CB4F07997DFE748E5656521A9034446A1568F6950206B0D44A5664662275D】
超级助力(超级工人)结果:{"dwAwardExperience":500,"dwAwardMany":500,"dwCurTime":1624693931,"iRet":2009,"sErrMsg":"招工已满","strPin":"chao4596758"}

"Response code 401 (Unauthorized)"
京喜财富岛 createAssistUser JoinScene API请求失败，请检查网路重试

开始【京东账号4】jd_157332ewky

由于您第4个京东账号未提供shareCode,将采纳本脚本自带的助力码

开始
"Response code 530 (undefined)"
京喜财富岛 API请求失败，请检查网路重试
第4个京东账号将要助力的好友["FA00A56D50C6589BC941527DE216A632B89CC0D5A39956B11BD5AB8B02EAA6B3","A13A472C0826D29815C0E8DB1E416FF2631415379A71B880F9BC7298743E02C9","AC44A799D9BD875DA9F3CAF1D06E7EBC10F916A6BFF7E4A4053422C8289DD22F","E328E35084A30DCE3B6CDA262D241942A75FBF859B66B47F7BD6B144C715143A","3E4FCA1315E7D614686CCCC2386FDBC5AEB6E10E5EFC25AEEA12C211E8BE3509","C615955B40B3721E7AD21DF5EE697CBEC43A66D310269452600CF291E26BCF59","1C06C35CCD990D362BC4A10808EA7EE18DD56B7347A52198C9B9EC0D19F791BA","21ECA8C831E3FFD014FB5EA53A5C1EA02A835A31CFE4E7D1B5F5C676A860B6A5","44099A7213D08369EA6953377B7214B7817FEE9CB02177E09FBFEAA5232F47AD","7FF8E184072BC6A974D496188793B09243AFC4AEB971E5F559D219C20239415A","BA6B937DD9ED1D204E2410CAE804D55DE13247DE96B95B7D1D7D7CE9281D92AB","786244973ED40333D34F1A4BAE5A3FD5165FA58B320CE6C9B603D6358CD0E5C9","5F9D6DF5A4A56BCA001F0EFC20E14D0B1AAABBDE7CC6245F7DEA2D363F920AE6","69232A74C7EA864981BDFF0E96EBD094852A57B4EC0F6200E93AF1252C47CAF1","5FC094BB67D47C42C51B7980EB8A3B6D0A73B81904E60D46366396BA5B836E55","FDA07FE3254918F58F8C52B4EC19B9C86DBCF0300937E64BE5A8D2696BA57375","69232A74C7EA864981BDFF0E96EBD094852A57B4EC0F6200E93AF1252C47CAF1","AA84E76C60EEC2A2BB3BF8EBD65175527C5D3D7FCCA2781E01E2E1F8CA85F650","A9E06C370818371E014ADB8CCDBBBC74FFEED5CF0F503725481E82E73CE7E63C","69C9B1E2CC75DBC3BAF7F08BD293373F5102E39AFC7D6577797FBFD0908E9E69","F45CB4F07997DFE748E5656521A9034446A1568F6950206B0D44A5664662275D"]

获取用户信息：success


当前等级:16,财富值:2421257

财富岛好友互助码每次运行都变化,旧的可继续使用

【京东账号4（jd_46df9eaa780aa）的京喜财富岛好友互助码】F6FA2C796E72A9737E75902C7D6D447361B5804DCCC5AA2C3750595AF3E54784



签到列表：success


📌签到：success，获得财富 ¥ 2000

待开通场景ID列表sceneList;["1003"]

【欢乐牧场】🏝岛主 : 获取财富值：¥ 2600 


【欢乐牧场】👬好友: 没有可收取钞票 

【欢乐牧场领取红包】 招工人数不达标

【便利店】🏝岛主 : 获取财富值：¥ 1333 


【便利店】👬好友: 没有可收取钞票 

【便利店领取红包】参数错误

获取【📆日常任务】列表 ，总共22个任务！


开始第1个【📆日常任务】：签到领现金

签到领现金【做日常任务】：


签到领现金【领日常奖励】： 获得财富值 ¥ 2000


签到领现金【做日常任务】：任务进行中或者未到任务时间


签到领现金【领日常奖励】：任务为成就任务或者未到任务时间


结束第1个【📆日常任务】：签到领现金


开始第2个【📆日常任务】：每日三餐上岛

每日三餐上岛【做日常任务】：任务进行中或者未到任务时间


每日三餐上岛【领日常奖励】：任务为成就任务或者未到任务时间


结束第2个【📆日常任务】：每日三餐上岛


开始第3个【📆日常任务】：每日三餐上岛

每日三餐上岛【做日常任务】：任务进行中或者未到任务时间


每日三餐上岛【领日常奖励】：任务为成就任务或者未到任务时间


结束第3个【📆日常任务】：每日三餐上岛


开始第4个【📆日常任务】：每日三餐上岛

每日三餐上岛【做日常任务】：任务进行中或者未到任务时间


每日三餐上岛【领日常奖励】：任务为成就任务或者未到任务时间


结束第4个【📆日常任务】：每日三餐上岛


开始第5个【📆日常任务】：出海寻宝赢红包

出海寻宝赢红包【做日常任务】：


出海寻宝赢红包【领日常奖励】： 获得财富值 ¥ 1000


出海寻宝赢红包【做日常任务】：任务进行中或者未到任务时间


出海寻宝赢红包【领日常奖励】：任务为成就任务或者未到任务时间


结束第5个【📆日常任务】：出海寻宝赢红包


开始第6个【📆日常任务】：从首页“领现金”进入财富岛

从首页“领现金”进入财富岛【做日常任务】：


从首页“领现金”进入财富岛【领日常奖励】： 获得财富值 ¥ 1000


从首页“领现金”进入财富岛【做日常任务】：任务进行中或者未到任务时间


从首页“领现金”进入财富岛【领日常奖励】：任务为成就任务或者未到任务时间


结束第6个【📆日常任务】：从首页“领现金”进入财富岛


开始第7个【📆日常任务】：提升京享值 领专属权益

提升京享值 领专属权益【做日常任务】：


提升京享值 领专属权益【领日常奖励】： 获得财富值 ¥ 2000


提升京享值 领专属权益【做日常任务】：任务进行中或者未到任务时间


提升京享值 领专属权益【领日常奖励】：任务为成就任务或者未到任务时间


结束第7个【📆日常任务】：提升京享值 领专属权益


开始第8个【📆日常任务】：领888元红包

领888元红包【做日常任务】：


领888元红包【领日常奖励】： 获得财富值 ¥ 1500


领888元红包【做日常任务】：任务进行中或者未到任务时间


领888元红包【领日常奖励】：任务为成就任务或者未到任务时间


结束第8个【📆日常任务】：领888元红包


开始第9个【📆日常任务】：大牌洗护 满199减100

大牌洗护 满199减100【做日常任务】：任务进行中或者未到任务时间


大牌洗护 满199减100【领日常奖励】：任务为成就任务或者未到任务时间


结束第9个【📆日常任务】：大牌洗护 满199减100


开始第10个【📆日常任务】：关注浏览京喜好店

关注浏览京喜好店【做日常任务】：任务进行中或者未到任务时间


关注浏览京喜好店【领日常奖励】：任务为成就任务或者未到任务时间


结束第10个【📆日常任务】：关注浏览京喜好店


开始第11个【📆日常任务】：每日逛京喜爆品

每日逛京喜爆品【做日常任务】：


每日逛京喜爆品【领日常奖励】：任务为成就任务或者未到任务时间


每日逛京喜爆品【做日常任务】：


每日逛京喜爆品【做日常任务】：


每日逛京喜爆品【做日常任务】：


每日逛京喜爆品【做日常任务】：


每日逛京喜爆品【做日常任务】：任务进行中或者未到任务时间


结束第11个【📆日常任务】：每日逛京喜爆品


开始第12个【📆日常任务】：超市好物0元兑

超市好物0元兑【做日常任务】：


超市好物0元兑【领日常奖励】： 获得财富值 ¥ 1000


超市好物0元兑【做日常任务】：任务进行中或者未到任务时间


超市好物0元兑【领日常奖励】：任务为成就任务或者未到任务时间


结束第12个【📆日常任务】：超市好物0元兑


开始第13个【📆日常任务】：1万份鸡蛋免费送

1万份鸡蛋免费送【做日常任务】：


1万份鸡蛋免费送【领日常奖励】： 获得财富值 ¥ 1000


1万份鸡蛋免费送【做日常任务】：任务进行中或者未到任务时间


1万份鸡蛋免费送【领日常奖励】：任务为成就任务或者未到任务时间


结束第13个【📆日常任务】：1万份鸡蛋免费送


开始第14个【📆日常任务】：特卖商品1元起

特卖商品1元起【做日常任务】：任务进行中或者未到任务时间


特卖商品1元起【领日常奖励】：任务为成就任务或者未到任务时间


结束第14个【📆日常任务】：特卖商品1元起


开始第15个【📆日常任务】：逛商品集市得财富

逛商品集市得财富【做日常任务】：


逛商品集市得财富【领日常奖励】：任务为成就任务或者未到任务时间


逛商品集市得财富【做日常任务】：


逛商品集市得财富【做日常任务】：


逛商品集市得财富【做日常任务】：


逛商品集市得财富【做日常任务】：


逛商品集市得财富【做日常任务】：任务进行中或者未到任务时间


结束第15个【📆日常任务】：逛商品集市得财富


开始第16个【📆日常任务】：领券每满200减30

领券每满200减30【做日常任务】：


领券每满200减30【领日常奖励】： 获得财富值 ¥ 2000


领券每满200减30【做日常任务】：任务进行中或者未到任务时间


领券每满200减30【领日常奖励】：任务为成就任务或者未到任务时间


结束第16个【📆日常任务】：领券每满200减30


开始第17个【📆日常任务】：领券每满200减30

领券每满200减30【做日常任务】：任务进行中或者未到任务时间


领券每满200减30【领日常奖励】：任务为成就任务或者未到任务时间


结束第17个【📆日常任务】：领券每满200减30


开始第18个【📆日常任务】：加购6件大牌洗护好物

加购6件大牌洗护好物【做日常任务】：


加购6件大牌洗护好物【领日常奖励】：任务为成就任务或者未到任务时间


加购6件大牌洗护好物【做日常任务】：


加购6件大牌洗护好物【做日常任务】：


加购6件大牌洗护好物【做日常任务】：


加购6件大牌洗护好物【做日常任务】：


加购6件大牌洗护好物【做日常任务】：


结束第18个【📆日常任务】：加购6件大牌洗护好物


开始第19个【📆日常任务】：天天领免费福利

天天领免费福利【做日常任务】：


天天领免费福利【领日常奖励】：任务为成就任务或者未到任务时间


天天领免费福利【做日常任务】：


天天领免费福利【做日常任务】：任务进行中或者未到任务时间


结束第19个【📆日常任务】：天天领免费福利


开始第20个【📆日常任务】：每日逛逛赢福利

每日逛逛赢福利【做日常任务】：


每日逛逛赢福利【领日常奖励】：任务为成就任务或者未到任务时间


每日逛逛赢福利【做日常任务】：


每日逛逛赢福利【做日常任务】：


每日逛逛赢福利【做日常任务】：


每日逛逛赢福利【做日常任务】：任务进行中或者未到任务时间


结束第20个【📆日常任务】：每日逛逛赢福利


开始第21个【📆日常任务】：邀请岛民好友首次上岛

邀请岛民好友首次上岛【做日常任务】：任务进行中或者未到任务时间


邀请岛民好友首次上岛【领日常奖励】：任务为成就任务或者未到任务时间


结束第21个【📆日常任务】：邀请岛民好友首次上岛


开始第22个【📆日常任务】：去岛屿商城下一单

去岛屿商城下一单【做日常任务】：任务进行中或者未到任务时间


去岛屿商城下一单【领日常奖励】：任务为成就任务或者未到任务时间


结束第22个【📆日常任务】：去岛屿商城下一单


【big_stone】🎁寻宝： ，获取随机奖励：¥ 784 


【small_stone】🎁寻宝： ，获取随机奖励：¥ 777 


【stone_road】🎁寻宝： ，获取随机奖励：¥ 683 


【tree】🎁寻宝： ，获取随机奖励：¥ 858 


【wood】🎁寻宝： ，获取随机奖励：¥ 635 


🤏偷取好友【jd_**b55】【欢乐牧场】财富值：¥ 没有可偷取的钞票


🤏偷取好友【jd_**b55】【便利店】财富值：¥ 40


🤏偷取好友【jd_**b55】【京喜餐厅】财富值：¥ 今天已经偷过该好友的钞票


🤏偷取好友【jd_**b55】【】财富值：¥ 今天已经偷过该好友的钞票


🤏偷取好友【jd_**b1e】【欢乐牧场】财富值：¥ 278


🤏偷取好友【jd_**b1e】【便利店】财富值：¥ 今天已经偷过该好友的钞票


🤏偷取好友【jd_**b1e】【京喜餐厅】财富值：¥ 今天已经偷过该好友的钞票


🤏偷取好友【jd_**b1e】【】财富值：¥ 今天已经偷过该好友的钞票


🤏偷取好友【jd_**559】【欢乐牧场】财富值：¥ 没有可偷取的钞票


🤏偷取好友【jd_**559】【便利店】财富值：¥ 85


🤏偷取好友【jd_**559】【京喜餐厅】财富值：¥ 今天已经偷过该好友的钞票


🤏偷取好友【jd_**559】【】财富值：¥ 今天已经偷过该好友的钞票


🤏偷取好友【jd_**fdb】【欢乐牧场】财富值：¥ 242


🤏偷取好友【jd_**fdb】【便利店】财富值：¥ 今天已经偷过该好友的钞票


🤏偷取好友【jd_**fdb】【京喜餐厅】财富值：¥ 今天已经偷过该好友的钞票


🤏偷取好友【jd_**fdb】【】财富值：¥ 今天已经偷过该好友的钞票


🤏偷取好友【jd_**6ad】【欢乐牧场】财富值：¥ 232


🤏偷取好友【jd_**6ad】【便利店】财富值：¥ 今天已经偷过该好友的钞票


获取【🎖成就任务】列表 ，总共0个任务！


【🏝寻宝大作战】【全民暴富岛】开宝箱：未达到宝箱开启条件，快去邀请好友助力吧！

【🏝寻宝大作战】【好运连连岛】开宝箱：未达到宝箱开启条件，快去邀请好友助力吧！

【🏝寻宝大作战】【平安喜乐岛】开宝箱：未达到宝箱开启条件，快去邀请好友助力吧！

【🏝寻宝大作战】【万事大吉岛】开宝箱：未达到宝箱开启条件，快去邀请好友助力吧！

【🏝寻宝大作战】success



你的【🏝寻宝大作战】互助码: Jxcfd_GroupId_338_70838559(每天都变化,旧的不可用)


去助力好友 【FA00A56D50C6589BC941527DE216A632B89CC0D5A39956B11BD5AB8B02EAA6B3】
超级助力(超级工人)结果:{"dwAwardExperience":500,"dwAwardMany":500,"dwCurTime":1624694490,"iRet":2009,"sErrMsg":"招工已满","strPin":"jd_46df9eaa780aa"}

普通助力(招工)结果:{"dwAwardExperience":500,"dwAwardMany":500,"dwCurTime":1624694501,"iRet":2009,"sErrMsg":"招工已满","strPin":"jd_46df9eaa780aa"}

去助力好友 【A13A472C0826D29815C0E8DB1E416FF2631415379A71B880F9BC7298743E02C9】
超级助力(超级工人)结果:{"dwAwardExperience":500,"dwAwardMany":500,"dwCurTime":1624694513,"iRet":2009,"sErrMsg":"招工已满","strPin":"jd_46df9eaa780aa"}

普通助力(招工)结果:{"dwAwardExperience":500,"dwAwardMany":500,"dwCurTime":1624694524,"iRet":2009,"sErrMsg":"招工已满","strPin":"jd_46df9eaa780aa"}

去助力好友 【AC44A799D9BD875DA9F3CAF1D06E7EBC10F916A6BFF7E4A4053422C8289DD22F】
超级助力(超级工人)结果:{"dwAwardExperience":500,"dwAwardMany":500,"dwCurTime":1624694537,"iRet":2009,"sErrMsg":"招工已满","strPin":"jd_46df9eaa780aa"}

普通助力(招工)结果:{"dwAwardExperience":500,"dwAwardMany":500,"dwCurTime":1624694547,"iRet":2009,"sErrMsg":"招工已满","strPin":"jd_46df9eaa780aa"}

去助力好友 【E328E35084A30DCE3B6CDA262D241942A75FBF859B66B47F7BD6B144C715143A】
"Response code 401 (Unauthorized)"
京喜财富岛 createSuperAssistUser JoinScene API请求失败，请检查网路重试
普通助力(招工)结果:{"dwAwardExperience":500,"dwAwardMany":500,"dwCurTime":1624694571,"iRet":2009,"sErrMsg":"招工已满","strPin":"jd_46df9eaa780aa"}

去助力好友 【3E4FCA1315E7D614686CCCC2386FDBC5AEB6E10E5EFC25AEEA12C211E8BE3509】
超级助力(超级工人)结果:{"dwAwardExperience":500,"dwAwardMany":500,"dwCurTime":1624694587,"iRet":2009,"sErrMsg":"招工已满","strPin":"jd_46df9eaa780aa"}

普通助力(招工)结果:{"dwAwardExperience":500,"dwAwardMany":500,"dwCurTime":1624694598,"iRet":2009,"sErrMsg":"招工已满","strPin":"jd_46df9eaa780aa"}

去助力好友 【C615955B40B3721E7AD21DF5EE697CBEC43A66D310269452600CF291E26BCF59】
超级助力(超级工人)结果:{"dwAwardExperience":500,"dwAwardMany":500,"dwCurTime":1624694611,"iRet":2009,"sErrMsg":"招工已满","strPin":"jd_46df9eaa780aa"}

普通助力(招工)结果:{"dwAwardExperience":500,"dwAwardMany":500,"dwCurTime":1624694621,"iRet":2009,"sErrMsg":"招工已满","strPin":"jd_46df9eaa780aa"}

去助力好友 【1C06C35CCD990D362BC4A10808EA7EE18DD56B7347A52198C9B9EC0D19F791BA】
超级助力(超级工人)结果:{"dwAwardExperience":500,"dwAwardMany":500,"dwCurTime":1624694634,"iRet":2009,"sErrMsg":"招工已满","strPin":"jd_46df9eaa780aa"}

普通助力(招工)结果:{"dwAwardExperience":500,"dwAwardMany":500,"dwCurTime":1624694644,"iRet":2009,"sErrMsg":"招工已满","strPin":"jd_46df9eaa780aa"}

去助力好友 【21ECA8C831E3FFD014FB5EA53A5C1EA02A835A31CFE4E7D1B5F5C676A860B6A5】
超级助力(超级工人)结果:{"dwAwardExperience":500,"dwAwardMany":500,"dwCurTime":1624694656,"iRet":2009,"sErrMsg":"招工已满","strPin":"jd_46df9eaa780aa"}

普通助力(招工)结果:{"dwAwardExperience":500,"dwAwardMany":500,"dwCurTime":1624694671,"iRet":2009,"sErrMsg":"招工已满","strPin":"jd_46df9eaa780aa"}

去助力好友 【44099A7213D08369EA6953377B7214B7817FEE9CB02177E09FBFEAA5232F47AD】
超级助力(超级工人)结果:{"dwAwardExperience":500,"dwAwardMany":500,"dwCurTime":1624694683,"iRet":2009,"sErrMsg":"招工已满","strPin":"jd_46df9eaa780aa"}

普通助力(招工)结果:{"dwAwardExperience":500,"dwAwardMany":500,"dwCurTime":1624694694,"iRet":2009,"sErrMsg":"招工已满","strPin":"jd_46df9eaa780aa"}

去助力好友 【7FF8E184072BC6A974D496188793B09243AFC4AEB971E5F559D219C20239415A】
超级助力(超级工人)结果:{"dwAwardExperience":500,"dwAwardMany":500,"dwCurTime":1624694710,"iRet":2009,"sErrMsg":"招工已满","strPin":"jd_46df9eaa780aa"}

普通助力(招工)结果:{"dwAwardExperience":500,"dwAwardMany":500,"dwCurTime":1624694721,"iRet":2009,"sErrMsg":"招工已满","strPin":"jd_46df9eaa780aa"}

去助力好友 【BA6B937DD9ED1D204E2410CAE804D55DE13247DE96B95B7D1D7D7CE9281D92AB】
超级助力(超级工人)结果:{"dwAwardExperience":500,"dwAwardMany":500,"dwCurTime":1624694739,"iRet":2009,"sErrMsg":"招工已满","strPin":"jd_46df9eaa780aa"}

"Response code 401 (Unauthorized)"
京喜财富岛 createAssistUser JoinScene API请求失败，请检查网路重试
去助力好友 【786244973ED40333D34F1A4BAE5A3FD5165FA58B320CE6C9B603D6358CD0E5C9】
超级助力(超级工人)结果:{"dwAwardExperience":500,"dwAwardMany":500,"dwCurTime":1624694765,"iRet":2009,"sErrMsg":"招工已满","strPin":"jd_46df9eaa780aa"}

普通助力(招工)结果:{"dwAwardExperience":500,"dwAwardMany":500,"dwCurTime":1624694776,"iRet":2009,"sErrMsg":"招工已满","strPin":"jd_46df9eaa780aa"}

去助力好友 【5F9D6DF5A4A56BCA001F0EFC20E14D0B1AAABBDE7CC6245F7DEA2D363F920AE6】
超级助力(超级工人)结果:{"dwAwardExperience":500,"dwAwardMany":500,"dwCurTime":1624694789,"iRet":2009,"sErrMsg":"招工已满","strPin":"jd_46df9eaa780aa"}

普通助力(招工)结果:{"dwAwardExperience":500,"dwAwardMany":500,"dwCurTime":1624694800,"iRet":2009,"sErrMsg":"招工已满","strPin":"jd_46df9eaa780aa"}

去助力好友 【69232A74C7EA864981BDFF0E96EBD094852A57B4EC0F6200E93AF1252C47CAF1】
超级助力(超级工人)结果:{"dwAwardExperience":500,"dwAwardMany":500,"dwCurTime":1624694813,"iRet":2009,"sErrMsg":"招工已满","strPin":"jd_46df9eaa780aa"}

普通助力(招工)结果:{"dwAwardExperience":500,"dwAwardMany":500,"dwCurTime":1624694825,"iRet":2009,"sErrMsg":"招工已满","strPin":"jd_46df9eaa780aa"}

去助力好友 【5FC094BB67D47C42C51B7980EB8A3B6D0A73B81904E60D46366396BA5B836E55】
超级助力(超级工人)结果:{"dwAwardExperience":500,"dwAwardMany":500,"dwCurTime":1624694838,"iRet":2009,"sErrMsg":"招工已满","strPin":"jd_46df9eaa780aa"}

普通助力(招工)结果:{"dwAwardExperience":500,"dwAwardMany":500,"dwCurTime":1624694848,"iRet":2009,"sErrMsg":"招工已满","strPin":"jd_46df9eaa780aa"}

去助力好友 【FDA07FE3254918F58F8C52B4EC19B9C86DBCF0300937E64BE5A8D2696BA57375】
超级助力(超级工人)结果:{"dwAwardExperience":500,"dwAwardMany":500,"dwCurTime":1624694860,"iRet":2009,"sErrMsg":"招工已满","strPin":"jd_46df9eaa780aa"}

普通助力(招工)结果:{"dwAwardExperience":500,"dwAwardMany":500,"dwCurTime":1624694882,"iRet":2009,"sErrMsg":"招工已满","strPin":"jd_46df9eaa780aa"}

去助力好友 【69232A74C7EA864981BDFF0E96EBD094852A57B4EC0F6200E93AF1252C47CAF1】
超级助力(超级工人)结果:{"dwAwardExperience":500,"dwAwardMany":500,"dwCurTime":1624694895,"iRet":2009,"sErrMsg":"招工已满","strPin":"jd_46df9eaa780aa"}

普通助力(招工)结果:{"dwAwardExperience":500,"dwAwardMany":500,"dwCurTime":1624694906,"iRet":2009,"sErrMsg":"招工已满","strPin":"jd_46df9eaa780aa"}

去助力好友 【AA84E76C60EEC2A2BB3BF8EBD65175527C5D3D7FCCA2781E01E2E1F8CA85F650】
超级助力(超级工人)结果:{"dwAwardExperience":500,"dwAwardMany":500,"dwCurTime":1624694920,"iRet":2009,"sErrMsg":"招工已满","strPin":"jd_46df9eaa780aa"}

普通助力(招工)结果:{"dwAwardExperience":500,"dwAwardMany":500,"dwCurTime":1624694931,"iRet":2009,"sErrMsg":"招工已满","strPin":"jd_46df9eaa780aa"}

去助力好友 【A9E06C370818371E014ADB8CCDBBBC74FFEED5CF0F503725481E82E73CE7E63C】
超级助力(超级工人)结果:{"dwAwardExperience":500,"dwAwardMany":500,"dwCurTime":1624694944,"iRet":2009,"sErrMsg":"招工已满","strPin":"jd_46df9eaa780aa"}

普通助力(招工)结果:{"dwAwardExperience":500,"dwAwardMany":500,"dwCurTime":1624694954,"iRet":2009,"sErrMsg":"招工已满","strPin":"jd_46df9eaa780aa"}

去助力好友 【69C9B1E2CC75DBC3BAF7F08BD293373F5102E39AFC7D6577797FBFD0908E9E69】
超级助力(超级工人)结果:{"dwAwardExperience":500,"dwAwardMany":500,"dwCurTime":1624694967,"iRet":2009,"sErrMsg":"招工已满","strPin":"jd_46df9eaa780aa"}

普通助力(招工)结果:{"dwAwardExperience":500,"dwAwardMany":500,"dwCurTime":1624694978,"iRet":2009,"sErrMsg":"招工已满","strPin":"jd_46df9eaa780aa"}

去助力好友 【F45CB4F07997DFE748E5656521A9034446A1568F6950206B0D44A5664662275D】
超级助力(超级工人)结果:{"dwAwardExperience":500,"dwAwardMany":500,"dwCurTime":1624694992,"iRet":2009,"sErrMsg":"招工已满","strPin":"jd_46df9eaa780aa"}

普通助力(招工)结果:{"dwAwardExperience":500,"dwAwardMany":500,"dwCurTime":1624695006,"iRet":2009,"sErrMsg":"招工已满","strPin":"jd_46df9eaa780aa"}



寻宝大作战，自己账号内部循环互助


账号15631692383_p 去参加 Jxcfd_GroupId_338_1099582980225 寻宝大作战
iRet:2013 不能给自己助力
账号15631692383_p 去参加 Jxcfd_GroupId_338_70827740 寻宝大作战
iRet:2005 每天打工次数上限


寻宝大作战，自己账号内部循环互助


账号jd_74a8d71c978d9 去参加 Jxcfd_GroupId_338_1099582980225 寻宝大作战
"Response code 401 (Unauthorized)"
京喜财富岛 joinGroup API请求失败，请检查网路重试
账号jd_74a8d71c978d9 去参加 Jxcfd_GroupId_338_70827740 寻宝大作战
iRet:2013 不能给自己助力
账号jd_74a8d71c978d9 去参加 Jxcfd_GroupId_338_1099583072786 寻宝大作战
iRet:0 success
账号jd_74a8d71c978d9 去参加 Jxcfd_GroupId_338_70838559 寻宝大作战
iRet:2005 每天打工次数上限


寻宝大作战，自己账号内部循环互助


账号chao4596758 去参加 Jxcfd_GroupId_338_1099582980225 寻宝大作战
"Response code 401 (Unauthorized)"
京喜财富岛 joinGroup API请求失败，请检查网路重试
账号chao4596758 去参加 Jxcfd_GroupId_338_70827740 寻宝大作战
iRet:0 success
账号chao4596758 去参加 Jxcfd_GroupId_338_1099583072786 寻宝大作战
iRet:2013 不能给自己助力
账号chao4596758 去参加 Jxcfd_GroupId_338_70838559 寻宝大作战
iRet:2005 每天打工次数上限


寻宝大作战，自己账号内部循环互助


账号jd_46df9eaa780aa 去参加 Jxcfd_GroupId_338_1099582980225 寻宝大作战
"Response code 401 (Unauthorized)"
京喜财富岛 joinGroup API请求失败，请检查网路重试
账号jd_46df9eaa780aa 去参加 Jxcfd_GroupId_338_70827740 寻宝大作战
iRet:0 success
账号jd_46df9eaa780aa 去参加 Jxcfd_GroupId_338_1099583072786 寻宝大作战
iRet:2005 每天打工次数上限

==============📣系统通知📣==============
京喜财富岛
【京东账号1】Ymh__Sirius
【💵财富值】5569974

【京东账号2】Ycp_Dream
【💵财富值】709937

【京东账号3】jd_585601a83bd48
【💵财富值】671256

【京东账号4】jd_157332ewky
【💵财富值】2421257


🔔京喜财富岛, 结束! 🕛 3344.925 秒

