
🔔京喜财富岛, 开始!

====================共5个京东账号Cookie=========

==================脚本执行- 北京时间(UTC+8)：7/9/2021, 8:05:09 PM=====================

开始获取京喜财富岛配置文件

您提供了0个账号的京喜财富岛助力码

获取签名参数成功！
fp: 1875446104250162
token: tk01wbd581c24a8neVVsdW9EUUtQCqia0Ee0kNbheTCfESeRXMbY6sURjCWSDyyDYJSSi9HIrxF54SZ3euTeA5zH5ThK
enCryptMethodJD: function test(token,fingerprint,timestamp,appId,algo){const random='00+W0g6JDu1t';const str=`${token}${fingerprint}${timestamp}${appId}${random}`;return algo.SHA512(str)}

开始【京东账号1】Ymh__Sirius

由于您第1个京东账号未提供shareCode,将采纳本脚本自带的助力码

开始
"Response code 530 (undefined)"
京喜财富岛 API请求失败，请检查网路重试
第1个京东账号将要助力的好友["FA00A56D50C6589BC941527DE216A632B89CC0D5A39956B11BD5AB8B02EAA6B3","A13A472C0826D29815C0E8DB1E416FF2631415379A71B880F9BC7298743E02C9","AC44A799D9BD875DA9F3CAF1D06E7EBC10F916A6BFF7E4A4053422C8289DD22F","E328E35084A30DCE3B6CDA262D241942A75FBF859B66B47F7BD6B144C715143A","3E4FCA1315E7D614686CCCC2386FDBC5AEB6E10E5EFC25AEEA12C211E8BE3509","C615955B40B3721E7AD21DF5EE697CBEC43A66D310269452600CF291E26BCF59","1C06C35CCD990D362BC4A10808EA7EE18DD56B7347A52198C9B9EC0D19F791BA","21ECA8C831E3FFD014FB5EA53A5C1EA02A835A31CFE4E7D1B5F5C676A860B6A5","44099A7213D08369EA6953377B7214B7817FEE9CB02177E09FBFEAA5232F47AD","7FF8E184072BC6A974D496188793B09243AFC4AEB971E5F559D219C20239415A","BA6B937DD9ED1D204E2410CAE804D55DE13247DE96B95B7D1D7D7CE9281D92AB","786244973ED40333D34F1A4BAE5A3FD5165FA58B320CE6C9B603D6358CD0E5C9","5F9D6DF5A4A56BCA001F0EFC20E14D0B1AAABBDE7CC6245F7DEA2D363F920AE6","69232A74C7EA864981BDFF0E96EBD094852A57B4EC0F6200E93AF1252C47CAF1","5FC094BB67D47C42C51B7980EB8A3B6D0A73B81904E60D46366396BA5B836E55","FDA07FE3254918F58F8C52B4EC19B9C86DBCF0300937E64BE5A8D2696BA57375","69232A74C7EA864981BDFF0E96EBD094852A57B4EC0F6200E93AF1252C47CAF1","AA84E76C60EEC2A2BB3BF8EBD65175527C5D3D7FCCA2781E01E2E1F8CA85F650","A9E06C370818371E014ADB8CCDBBBC74FFEED5CF0F503725481E82E73CE7E63C","69C9B1E2CC75DBC3BAF7F08BD293373F5102E39AFC7D6577797FBFD0908E9E69","F45CB4F07997DFE748E5656521A9034446A1568F6950206B0D44A5664662275D"]

获取用户信息：success


当前等级:26,财富值:6008232

财富岛好友互助码每次运行都变化,旧的可继续使用

【京东账号1（15631692383_p）的京喜财富岛好友互助码】C28A126BC325426BDEBE8D8BBC469EFD29DC4AB3CA8534CB3C1BFAE1D52080DE



签到列表：success


📌签到：你今日已签到过啦，请明天再来
待开通场景ID列表sceneList;[]

【欢乐牧场】🏝岛主 : 获取财富值：¥ 551 


【欢乐牧场】👬好友: 没有可收取钞票 

【欢乐牧场领取红包】 招工人数不达标

【便利店】🏝岛主 : 获取财富值：¥ 276 


【便利店】👬好友: 没有可收取钞票 

【便利店领取红包】参数错误

【京喜餐厅】🏝岛主 : 获取财富值：¥ 344 


【京喜餐厅】👬好友: 没有可收取钞票 

【京喜餐厅领取红包】参数错误

获取【📆日常任务】列表 ，总共4个任务！


开始第1个【📆日常任务】：关注浏览京喜好店

关注浏览京喜好店【做日常任务】：任务进行中或者未到任务时间


关注浏览京喜好店【领日常奖励】：任务为成就任务或者未到任务时间


结束第1个【📆日常任务】：关注浏览京喜好店


开始第2个【📆日常任务】：特卖商品限量抢

特卖商品限量抢【做日常任务】：任务进行中或者未到任务时间


特卖商品限量抢【领日常奖励】：任务为成就任务或者未到任务时间


结束第2个【📆日常任务】：特卖商品限量抢


开始第3个【📆日常任务】：邀请岛民好友首次上岛

邀请岛民好友首次上岛【做日常任务】：任务进行中或者未到任务时间


邀请岛民好友首次上岛【领日常奖励】：任务为成就任务或者未到任务时间


结束第3个【📆日常任务】：邀请岛民好友首次上岛


开始第4个【📆日常任务】：去岛屿商城下一单

去岛屿商城下一单【做日常任务】：任务进行中或者未到任务时间


去岛屿商城下一单【领日常奖励】：任务为成就任务或者未到任务时间


结束第4个【📆日常任务】：去岛屿商城下一单


🎁寻宝：寻宝次数不足

获取【🎖成就任务】列表 ，总共0个任务！


【🏝寻宝大作战】【全民暴富岛】开宝箱：未达到宝箱开启条件，快去邀请好友助力吧！

【🏝寻宝大作战】【好运连连岛】开宝箱：未达到宝箱开启条件，快去邀请好友助力吧！

【🏝寻宝大作战】【平安喜乐岛】开宝箱：未达到宝箱开启条件，快去邀请好友助力吧！

【🏝寻宝大作战】【万事大吉岛】开宝箱：未达到宝箱开启条件，快去邀请好友助力吧！


你的【🏝寻宝大作战】互助码: Jxcfd_GroupId_351_1099586663586(每天都变化,旧的不可用)


去助力好友 【FA00A56D50C6589BC941527DE216A632B89CC0D5A39956B11BD5AB8B02EAA6B3】
超级助力(超级工人)结果:{"dwAwardExperience":500,"dwAwardMany":500,"dwCurTime":1625832392,"iRet":2005,"sErrMsg":"每天打工次数上限","strPin":"15631692383_p"}

普通助力(招工)结果:{"dwAwardExperience":500,"dwAwardMany":500,"dwCurTime":1625832402,"iRet":2005,"sErrMsg":"每天打工次数上限","strPin":"15631692383_p"}


开始【京东账号2】Ycp_Dream

由于您第2个京东账号未提供shareCode,将采纳本脚本自带的助力码

开始
"connect ENETUNREACH 2606:4700:3032::ac43:b0f8:80 - Local (:::0)"
京喜财富岛 API请求失败，请检查网路重试
第2个京东账号将要助力的好友["FA00A56D50C6589BC941527DE216A632B89CC0D5A39956B11BD5AB8B02EAA6B3","A13A472C0826D29815C0E8DB1E416FF2631415379A71B880F9BC7298743E02C9","AC44A799D9BD875DA9F3CAF1D06E7EBC10F916A6BFF7E4A4053422C8289DD22F","E328E35084A30DCE3B6CDA262D241942A75FBF859B66B47F7BD6B144C715143A","3E4FCA1315E7D614686CCCC2386FDBC5AEB6E10E5EFC25AEEA12C211E8BE3509","C615955B40B3721E7AD21DF5EE697CBEC43A66D310269452600CF291E26BCF59","1C06C35CCD990D362BC4A10808EA7EE18DD56B7347A52198C9B9EC0D19F791BA","21ECA8C831E3FFD014FB5EA53A5C1EA02A835A31CFE4E7D1B5F5C676A860B6A5","44099A7213D08369EA6953377B7214B7817FEE9CB02177E09FBFEAA5232F47AD","7FF8E184072BC6A974D496188793B09243AFC4AEB971E5F559D219C20239415A","BA6B937DD9ED1D204E2410CAE804D55DE13247DE96B95B7D1D7D7CE9281D92AB","786244973ED40333D34F1A4BAE5A3FD5165FA58B320CE6C9B603D6358CD0E5C9","5F9D6DF5A4A56BCA001F0EFC20E14D0B1AAABBDE7CC6245F7DEA2D363F920AE6","69232A74C7EA864981BDFF0E96EBD094852A57B4EC0F6200E93AF1252C47CAF1","5FC094BB67D47C42C51B7980EB8A3B6D0A73B81904E60D46366396BA5B836E55","FDA07FE3254918F58F8C52B4EC19B9C86DBCF0300937E64BE5A8D2696BA57375","69232A74C7EA864981BDFF0E96EBD094852A57B4EC0F6200E93AF1252C47CAF1","AA84E76C60EEC2A2BB3BF8EBD65175527C5D3D7FCCA2781E01E2E1F8CA85F650","A9E06C370818371E014ADB8CCDBBBC74FFEED5CF0F503725481E82E73CE7E63C","69C9B1E2CC75DBC3BAF7F08BD293373F5102E39AFC7D6577797FBFD0908E9E69","F45CB4F07997DFE748E5656521A9034446A1568F6950206B0D44A5664662275D"]

获取用户信息：success


当前等级:10,财富值:918656

财富岛好友互助码每次运行都变化,旧的可继续使用

【京东账号2（jd_74a8d71c978d9）的京喜财富岛好友互助码】8B214CC66D6AD674E5BF2B0D678AE96839C02AD59DB3ADD95C1053F5185FDB64



签到列表：success


📌签到：你今日已签到过啦，请明天再来
待开通场景ID列表sceneList;["1002","1003"]

【欢乐牧场】🏝岛主 : 获取财富值：¥ 805 


【欢乐牧场】👬好友: 没有可收取钞票 

【欢乐牧场领取红包】 招工人数不达标

获取【📆日常任务】列表 ，总共11个任务！


开始第1个【📆日常任务】：每日三餐上岛

每日三餐上岛【做日常任务】：任务进行中或者未到任务时间


每日三餐上岛【领日常奖励】：任务为成就任务或者未到任务时间


结束第1个【📆日常任务】：每日三餐上岛


开始第2个【📆日常任务】：每日三餐上岛

每日三餐上岛【做日常任务】：任务进行中或者未到任务时间


每日三餐上岛【领日常奖励】：任务为成就任务或者未到任务时间


结束第2个【📆日常任务】：每日三餐上岛


开始第3个【📆日常任务】：每日三餐上岛

每日三餐上岛【做日常任务】：任务进行中或者未到任务时间


每日三餐上岛【领日常奖励】：任务为成就任务或者未到任务时间


结束第3个【📆日常任务】：每日三餐上岛


开始第4个【📆日常任务】：关注浏览京喜好店

关注浏览京喜好店【做日常任务】：任务进行中或者未到任务时间


关注浏览京喜好店【领日常奖励】：任务为成就任务或者未到任务时间


结束第4个【📆日常任务】：关注浏览京喜好店


开始第5个【📆日常任务】：每日逛京喜爆品

每日逛京喜爆品【做日常任务】： mission success

每日逛京喜爆品【领日常奖励】： 获得财富值 ¥ 2000


每日逛京喜爆品【领日常奖励】：任务为成就任务或者未到任务时间


结束第5个【📆日常任务】：每日逛京喜爆品


开始第6个【📆日常任务】：特卖商品限量抢

特卖商品限量抢【做日常任务】：任务进行中或者未到任务时间


特卖商品限量抢【领日常奖励】：任务为成就任务或者未到任务时间


结束第6个【📆日常任务】：特卖商品限量抢


开始第7个【📆日常任务】：逛商品集市得财富

逛商品集市得财富【做日常任务】： mission success

逛商品集市得财富【领日常奖励】： 获得财富值 ¥ 1000


逛商品集市得财富【领日常奖励】：任务为成就任务或者未到任务时间


结束第7个【📆日常任务】：逛商品集市得财富


开始第8个【📆日常任务】：天天领免费福利

天天领免费福利【做日常任务】： mission success

天天领免费福利【领日常奖励】： 获得财富值 ¥ 3000


天天领免费福利【领日常奖励】：任务为成就任务或者未到任务时间


结束第8个【📆日常任务】：天天领免费福利


开始第9个【📆日常任务】：每日逛逛赢福利

每日逛逛赢福利【做日常任务】： mission success

每日逛逛赢福利【领日常奖励】： 获得财富值 ¥ 3000


每日逛逛赢福利【领日常奖励】：任务为成就任务或者未到任务时间


结束第9个【📆日常任务】：每日逛逛赢福利


开始第10个【📆日常任务】：邀请岛民好友首次上岛

邀请岛民好友首次上岛【做日常任务】：任务进行中或者未到任务时间


邀请岛民好友首次上岛【领日常奖励】：任务为成就任务或者未到任务时间


结束第10个【📆日常任务】：邀请岛民好友首次上岛


开始第11个【📆日常任务】：去岛屿商城下一单

去岛屿商城下一单【做日常任务】：任务进行中或者未到任务时间


去岛屿商城下一单【领日常奖励】：任务为成就任务或者未到任务时间


结束第11个【📆日常任务】：去岛屿商城下一单


【small_stone】🎁寻宝： ，获取随机奖励：¥ 664 


【tree】🎁寻宝： ，获取随机奖励：¥ 655 


【wood】🎁寻宝： ，获取随机奖励：¥ 984 


获取【🎖成就任务】列表 ，总共0个任务！


【🏝寻宝大作战】【全民暴富岛】开宝箱：未达到宝箱开启条件，快去邀请好友助力吧！

【🏝寻宝大作战】【好运连连岛】开宝箱：未达到宝箱开启条件，快去邀请好友助力吧！

【🏝寻宝大作战】【平安喜乐岛】开宝箱：未达到宝箱开启条件，快去邀请好友助力吧！

【🏝寻宝大作战】【万事大吉岛】开宝箱：未达到宝箱开启条件，快去邀请好友助力吧！

【🏝寻宝大作战】success



你的【🏝寻宝大作战】互助码: Jxcfd_GroupId_351_1099586765961(每天都变化,旧的不可用)


去助力好友 【FA00A56D50C6589BC941527DE216A632B89CC0D5A39956B11BD5AB8B02EAA6B3】
超级助力(超级工人)结果:{"dwAwardExperience":500,"dwAwardMany":500,"dwCurTime":1625832556,"iRet":2009,"sErrMsg":"招工已满","strPin":"jd_74a8d71c978d9"}

普通助力(招工)结果:{"dwAwardExperience":500,"dwAwardMany":500,"dwCurTime":1625832566,"iRet":2009,"sErrMsg":"招工已满","strPin":"jd_74a8d71c978d9"}

去助力好友 【A13A472C0826D29815C0E8DB1E416FF2631415379A71B880F9BC7298743E02C9】
超级助力(超级工人)结果:{"dwAwardExperience":500,"dwAwardMany":500,"dwCurTime":1625832578,"iRet":2009,"sErrMsg":"招工已满","strPin":"jd_74a8d71c978d9"}

"Response code 401 (Unauthorized)"
京喜财富岛 createAssistUser JoinScene API请求失败，请检查网路重试
去助力好友 【AC44A799D9BD875DA9F3CAF1D06E7EBC10F916A6BFF7E4A4053422C8289DD22F】
超级助力(超级工人)结果:{"dwAwardExperience":500,"dwAwardMany":500,"dwCurTime":1625832601,"iRet":2009,"sErrMsg":"招工已满","strPin":"jd_74a8d71c978d9"}

"Response code 401 (Unauthorized)"
京喜财富岛 createAssistUser JoinScene API请求失败，请检查网路重试
去助力好友 【E328E35084A30DCE3B6CDA262D241942A75FBF859B66B47F7BD6B144C715143A】
超级助力(超级工人)结果:{"dwAwardExperience":500,"dwAwardMany":500,"dwCurTime":1625832623,"iRet":2009,"sErrMsg":"招工已满","strPin":"jd_74a8d71c978d9"}

普通助力(招工)结果:{"dwAwardExperience":500,"dwAwardMany":500,"dwCurTime":1625832633,"iRet":2009,"sErrMsg":"招工已满","strPin":"jd_74a8d71c978d9"}

去助力好友 【3E4FCA1315E7D614686CCCC2386FDBC5AEB6E10E5EFC25AEEA12C211E8BE3509】
超级助力(超级工人)结果:{"dwAwardExperience":500,"dwAwardMany":500,"dwCurTime":1625832645,"iRet":2009,"sErrMsg":"招工已满","strPin":"jd_74a8d71c978d9"}

"Response code 401 (Unauthorized)"
京喜财富岛 createAssistUser JoinScene API请求失败，请检查网路重试
去助力好友 【C615955B40B3721E7AD21DF5EE697CBEC43A66D310269452600CF291E26BCF59】
超级助力(超级工人)结果:{"dwAwardExperience":500,"dwAwardMany":500,"dwCurTime":1625832668,"iRet":2009,"sErrMsg":"招工已满","strPin":"jd_74a8d71c978d9"}

普通助力(招工)结果:{"dwAwardExperience":500,"dwAwardMany":500,"dwCurTime":1625832678,"iRet":2009,"sErrMsg":"招工已满","strPin":"jd_74a8d71c978d9"}

去助力好友 【1C06C35CCD990D362BC4A10808EA7EE18DD56B7347A52198C9B9EC0D19F791BA】
超级助力(超级工人)结果:{"dwAwardExperience":500,"dwAwardMany":500,"dwCurTime":1625832690,"iRet":2009,"sErrMsg":"招工已满","strPin":"jd_74a8d71c978d9"}

普通助力(招工)结果:{"dwAwardExperience":500,"dwAwardMany":500,"dwCurTime":1625832705,"iRet":2009,"sErrMsg":"招工已满","strPin":"jd_74a8d71c978d9"}

去助力好友 【21ECA8C831E3FFD014FB5EA53A5C1EA02A835A31CFE4E7D1B5F5C676A860B6A5】
超级助力(超级工人)结果:{"dwAwardExperience":500,"dwAwardMany":500,"dwCurTime":1625832718,"iRet":2009,"sErrMsg":"招工已满","strPin":"jd_74a8d71c978d9"}

普通助力(招工)结果:{"dwAwardExperience":500,"dwAwardMany":500,"dwCurTime":1625832728,"iRet":2009,"sErrMsg":"招工已满","strPin":"jd_74a8d71c978d9"}

去助力好友 【44099A7213D08369EA6953377B7214B7817FEE9CB02177E09FBFEAA5232F47AD】
"Response code 401 (Unauthorized)"
京喜财富岛 createSuperAssistUser JoinScene API请求失败，请检查网路重试
普通助力(招工)结果:{"dwAwardExperience":500,"dwAwardMany":500,"dwCurTime":1625832750,"iRet":2009,"sErrMsg":"招工已满","strPin":"jd_74a8d71c978d9"}

去助力好友 【7FF8E184072BC6A974D496188793B09243AFC4AEB971E5F559D219C20239415A】
超级助力(超级工人)结果:{"dwAwardExperience":500,"dwAwardMany":500,"dwCurTime":1625832762,"iRet":2009,"sErrMsg":"招工已满","strPin":"jd_74a8d71c978d9"}

普通助力(招工)结果:{"dwAwardExperience":500,"dwAwardMany":500,"dwCurTime":1625832773,"iRet":2009,"sErrMsg":"招工已满","strPin":"jd_74a8d71c978d9"}

去助力好友 【BA6B937DD9ED1D204E2410CAE804D55DE13247DE96B95B7D1D7D7CE9281D92AB】
超级助力(超级工人)结果:{"dwAwardExperience":500,"dwAwardMany":500,"dwCurTime":1625832785,"iRet":2009,"sErrMsg":"招工已满","strPin":"jd_74a8d71c978d9"}

普通助力(招工)结果:{"dwAwardExperience":500,"dwAwardMany":500,"dwCurTime":1625832795,"iRet":2009,"sErrMsg":"招工已满","strPin":"jd_74a8d71c978d9"}

去助力好友 【786244973ED40333D34F1A4BAE5A3FD5165FA58B320CE6C9B603D6358CD0E5C9】
超级助力(超级工人)结果:{"dwAwardExperience":500,"dwAwardMany":500,"dwCurTime":1625832807,"iRet":2009,"sErrMsg":"招工已满","strPin":"jd_74a8d71c978d9"}

普通助力(招工)结果:{"dwAwardExperience":500,"dwAwardMany":500,"dwCurTime":1625832817,"iRet":2009,"sErrMsg":"招工已满","strPin":"jd_74a8d71c978d9"}

去助力好友 【5F9D6DF5A4A56BCA001F0EFC20E14D0B1AAABBDE7CC6245F7DEA2D363F920AE6】
超级助力(超级工人)结果:{"dwAwardExperience":500,"dwAwardMany":500,"dwCurTime":1625832832,"iRet":2009,"sErrMsg":"招工已满","strPin":"jd_74a8d71c978d9"}

"Response code 401 (Unauthorized)"
京喜财富岛 createAssistUser JoinScene API请求失败，请检查网路重试
去助力好友 【69232A74C7EA864981BDFF0E96EBD094852A57B4EC0F6200E93AF1252C47CAF1】
"Response code 401 (Unauthorized)"
京喜财富岛 createSuperAssistUser JoinScene API请求失败，请检查网路重试
普通助力(招工)结果:{"dwAwardExperience":500,"dwAwardMany":500,"dwCurTime":1625832865,"iRet":2009,"sErrMsg":"招工已满","strPin":"jd_74a8d71c978d9"}

去助力好友 【5FC094BB67D47C42C51B7980EB8A3B6D0A73B81904E60D46366396BA5B836E55】
超级助力(超级工人)结果:{"dwAwardExperience":500,"dwAwardMany":500,"dwCurTime":1625832877,"iRet":2009,"sErrMsg":"招工已满","strPin":"jd_74a8d71c978d9"}

普通助力(招工)结果:{"dwAwardExperience":500,"dwAwardMany":500,"dwCurTime":1625832892,"iRet":2009,"sErrMsg":"招工已满","strPin":"jd_74a8d71c978d9"}

去助力好友 【FDA07FE3254918F58F8C52B4EC19B9C86DBCF0300937E64BE5A8D2696BA57375】
超级助力(超级工人)结果:{"dwAwardExperience":500,"dwAwardMany":500,"dwCurTime":1625832913,"iRet":2009,"sErrMsg":"招工已满","strPin":"jd_74a8d71c978d9"}

普通助力(招工)结果:{"dwAwardExperience":500,"dwAwardMany":500,"dwCurTime":1625832923,"iRet":2009,"sErrMsg":"招工已满","strPin":"jd_74a8d71c978d9"}

去助力好友 【69232A74C7EA864981BDFF0E96EBD094852A57B4EC0F6200E93AF1252C47CAF1】
超级助力(超级工人)结果:{"dwAwardExperience":500,"dwAwardMany":500,"dwCurTime":1625832936,"iRet":2009,"sErrMsg":"招工已满","strPin":"jd_74a8d71c978d9"}

普通助力(招工)结果:{"dwAwardExperience":500,"dwAwardMany":500,"dwCurTime":1625832946,"iRet":2009,"sErrMsg":"招工已满","strPin":"jd_74a8d71c978d9"}

去助力好友 【AA84E76C60EEC2A2BB3BF8EBD65175527C5D3D7FCCA2781E01E2E1F8CA85F650】
超级助力(超级工人)结果:{"dwAwardExperience":500,"dwAwardMany":500,"dwCurTime":1625832958,"iRet":2009,"sErrMsg":"招工已满","strPin":"jd_74a8d71c978d9"}

普通助力(招工)结果:{"dwAwardExperience":500,"dwAwardMany":500,"dwCurTime":1625832968,"iRet":2009,"sErrMsg":"招工已满","strPin":"jd_74a8d71c978d9"}

去助力好友 【A9E06C370818371E014ADB8CCDBBBC74FFEED5CF0F503725481E82E73CE7E63C】
超级助力(超级工人)结果:{"dwAwardExperience":500,"dwAwardMany":500,"dwCurTime":1625832981,"iRet":2009,"sErrMsg":"招工已满","strPin":"jd_74a8d71c978d9"}

普通助力(招工)结果:{"dwAwardExperience":500,"dwAwardMany":500,"dwCurTime":1625832991,"iRet":2009,"sErrMsg":"招工已满","strPin":"jd_74a8d71c978d9"}

去助力好友 【69C9B1E2CC75DBC3BAF7F08BD293373F5102E39AFC7D6577797FBFD0908E9E69】
超级助力(超级工人)结果:{"dwAwardExperience":500,"dwAwardMany":500,"dwCurTime":1625833003,"iRet":2009,"sErrMsg":"招工已满","strPin":"jd_74a8d71c978d9"}

"Response code 401 (Unauthorized)"
京喜财富岛 createAssistUser JoinScene API请求失败，请检查网路重试
去助力好友 【F45CB4F07997DFE748E5656521A9034446A1568F6950206B0D44A5664662275D】
超级助力(超级工人)结果:{"dwAwardExperience":500,"dwAwardMany":500,"dwCurTime":1625833026,"iRet":2009,"sErrMsg":"招工已满","strPin":"jd_74a8d71c978d9"}

"Response code 401 (Unauthorized)"
京喜财富岛 createAssistUser JoinScene API请求失败，请检查网路重试

开始【京东账号3】chao4596758


==============📣系统通知📣==============
京喜财富岛
【提示】cookie已失效
京东账号3 chao4596758
请重新登录获取
https://bean.m.jd.com/bean/signIndex.action
您未提供push+推送所需的PUSH_PLUS_TOKEN，取消push+推送消息通知🚫

server酱发送通知消息成功🎉

您未提供Bark的APP推送BARK_PUSH，取消Bark推送消息通知🚫

您未提供telegram机器人推送所需的TG_BOT_TOKEN和TG_USER_ID，取消telegram推送消息通知🚫

您未提供钉钉机器人推送所需的DD_BOT_TOKEN或者DD_BOT_SECRET，取消钉钉推送消息通知🚫

您未提供企业微信机器人推送所需的QYWX_KEY，取消企业微信推送消息通知🚫

您未提供企业微信应用消息推送所需的QYWX_AM，取消企业微信应用消息推送消息通知🚫

您未提供iGot的推送IGOT_PUSH_KEY，取消iGot推送消息通知🚫


开始【京东账号4】jd_157332ewky

由于您第4个京东账号未提供shareCode,将采纳本脚本自带的助力码

开始
第4个京东账号将要助力的好友["FA00A56D50C6589BC941527DE216A632B89CC0D5A39956B11BD5AB8B02EAA6B3","A13A472C0826D29815C0E8DB1E416FF2631415379A71B880F9BC7298743E02C9","AC44A799D9BD875DA9F3CAF1D06E7EBC10F916A6BFF7E4A4053422C8289DD22F","E328E35084A30DCE3B6CDA262D241942A75FBF859B66B47F7BD6B144C715143A","3E4FCA1315E7D614686CCCC2386FDBC5AEB6E10E5EFC25AEEA12C211E8BE3509","C615955B40B3721E7AD21DF5EE697CBEC43A66D310269452600CF291E26BCF59","1C06C35CCD990D362BC4A10808EA7EE18DD56B7347A52198C9B9EC0D19F791BA","21ECA8C831E3FFD014FB5EA53A5C1EA02A835A31CFE4E7D1B5F5C676A860B6A5","44099A7213D08369EA6953377B7214B7817FEE9CB02177E09FBFEAA5232F47AD","7FF8E184072BC6A974D496188793B09243AFC4AEB971E5F559D219C20239415A","BA6B937DD9ED1D204E2410CAE804D55DE13247DE96B95B7D1D7D7CE9281D92AB","786244973ED40333D34F1A4BAE5A3FD5165FA58B320CE6C9B603D6358CD0E5C9","5F9D6DF5A4A56BCA001F0EFC20E14D0B1AAABBDE7CC6245F7DEA2D363F920AE6","69232A74C7EA864981BDFF0E96EBD094852A57B4EC0F6200E93AF1252C47CAF1","5FC094BB67D47C42C51B7980EB8A3B6D0A73B81904E60D46366396BA5B836E55","FDA07FE3254918F58F8C52B4EC19B9C86DBCF0300937E64BE5A8D2696BA57375","69232A74C7EA864981BDFF0E96EBD094852A57B4EC0F6200E93AF1252C47CAF1","AA84E76C60EEC2A2BB3BF8EBD65175527C5D3D7FCCA2781E01E2E1F8CA85F650","A9E06C370818371E014ADB8CCDBBBC74FFEED5CF0F503725481E82E73CE7E63C","69C9B1E2CC75DBC3BAF7F08BD293373F5102E39AFC7D6577797FBFD0908E9E69","F45CB4F07997DFE748E5656521A9034446A1568F6950206B0D44A5664662275D"]

获取用户信息：success


当前等级:17,财富值:2572500

财富岛好友互助码每次运行都变化,旧的可继续使用

【京东账号4（jd_46df9eaa780aa）的京喜财富岛好友互助码】F6FA2C796E72A9737E75902C7D6D4473ADBFCEB0583952419064552B083FFDF3



签到列表：success


📌签到：success，获得财富 ¥ 2000

待开通场景ID列表sceneList;["1003"]

【欢乐牧场】🏝岛主 : 获取财富值：¥ 2600 


【欢乐牧场】👬好友: 没有可收取钞票 

【欢乐牧场领取红包】 招工人数不达标

【便利店】🏝岛主 : 获取财富值：¥ 1333 

"connect ENETUNREACH 2606:4700:3030::6815:2b54:80 - Local (:::0)"
京喜财富岛 API请求失败，请检查网路重试

【便利店】👬好友: 没有可收取钞票 

【便利店领取红包】参数错误

获取【📆日常任务】列表 ，总共20个任务！


开始第1个【📆日常任务】：签到领现金

签到领现金【做日常任务】：


签到领现金【领日常奖励】： 获得财富值 ¥ 2000


签到领现金【做日常任务】：任务进行中或者未到任务时间


签到领现金【领日常奖励】：任务为成就任务或者未到任务时间


结束第1个【📆日常任务】：签到领现金


开始第2个【📆日常任务】：每日三餐上岛

每日三餐上岛【做日常任务】：任务进行中或者未到任务时间


每日三餐上岛【领日常奖励】：任务为成就任务或者未到任务时间


结束第2个【📆日常任务】：每日三餐上岛


开始第3个【📆日常任务】：每日三餐上岛

每日三餐上岛【做日常任务】：任务进行中或者未到任务时间


每日三餐上岛【领日常奖励】：任务为成就任务或者未到任务时间


结束第3个【📆日常任务】：每日三餐上岛


开始第4个【📆日常任务】：每日三餐上岛

每日三餐上岛【做日常任务】：任务进行中或者未到任务时间


每日三餐上岛【领日常奖励】：任务为成就任务或者未到任务时间


结束第4个【📆日常任务】：每日三餐上岛


开始第5个【📆日常任务】：出海寻宝赢红包

出海寻宝赢红包【做日常任务】：


出海寻宝赢红包【领日常奖励】： 获得财富值 ¥ 1000


出海寻宝赢红包【做日常任务】：任务进行中或者未到任务时间


出海寻宝赢红包【领日常奖励】：任务为成就任务或者未到任务时间


结束第5个【📆日常任务】：出海寻宝赢红包


开始第6个【📆日常任务】：从首页“领现金”进入财富岛

从首页“领现金”进入财富岛【做日常任务】：


从首页“领现金”进入财富岛【领日常奖励】： 获得财富值 ¥ 1000


从首页“领现金”进入财富岛【做日常任务】：任务进行中或者未到任务时间


从首页“领现金”进入财富岛【领日常奖励】：任务为成就任务或者未到任务时间


结束第6个【📆日常任务】：从首页“领现金”进入财富岛


开始第7个【📆日常任务】：提升京享值 领专属权益

提升京享值 领专属权益【做日常任务】：


提升京享值 领专属权益【领日常奖励】： 获得财富值 ¥ 2000


提升京享值 领专属权益【做日常任务】：任务进行中或者未到任务时间


提升京享值 领专属权益【领日常奖励】：任务为成就任务或者未到任务时间


结束第7个【📆日常任务】：提升京享值 领专属权益


开始第8个【📆日常任务】：领888元红包

领888元红包【做日常任务】：


领888元红包【领日常奖励】： 获得财富值 ¥ 1500


领888元红包【做日常任务】：任务进行中或者未到任务时间


领888元红包【领日常奖励】：任务为成就任务或者未到任务时间


结束第8个【📆日常任务】：领888元红包


开始第9个【📆日常任务】：半打啤酒9.9元抢

半打啤酒9.9元抢【做日常任务】：


半打啤酒9.9元抢【领日常奖励】： 获得财富值 ¥ 2000


半打啤酒9.9元抢【做日常任务】：任务进行中或者未到任务时间


半打啤酒9.9元抢【领日常奖励】：任务为成就任务或者未到任务时间


结束第9个【📆日常任务】：半打啤酒9.9元抢


开始第10个【📆日常任务】：1元兑美妆小样

1元兑美妆小样【做日常任务】：


1元兑美妆小样【领日常奖励】： 获得财富值 ¥ 2000


1元兑美妆小样【做日常任务】：任务进行中或者未到任务时间


1元兑美妆小样【领日常奖励】：任务为成就任务或者未到任务时间


结束第10个【📆日常任务】：1元兑美妆小样


开始第11个【📆日常任务】：去赢1000元红包

去赢1000元红包【做日常任务】：


去赢1000元红包【领日常奖励】： 获得财富值 ¥ 2000


去赢1000元红包【做日常任务】：任务进行中或者未到任务时间


去赢1000元红包【领日常奖励】：任务为成就任务或者未到任务时间


结束第11个【📆日常任务】：去赢1000元红包


开始第12个【📆日常任务】：关注浏览京喜好店

关注浏览京喜好店【做日常任务】：任务进行中或者未到任务时间


关注浏览京喜好店【领日常奖励】：任务为成就任务或者未到任务时间


结束第12个【📆日常任务】：关注浏览京喜好店


开始第13个【📆日常任务】：每日逛京喜爆品

每日逛京喜爆品【做日常任务】：


每日逛京喜爆品【领日常奖励】：任务为成就任务或者未到任务时间


每日逛京喜爆品【做日常任务】：


每日逛京喜爆品【做日常任务】：


每日逛京喜爆品【做日常任务】：


每日逛京喜爆品【做日常任务】：任务进行中或者未到任务时间


结束第13个【📆日常任务】：每日逛京喜爆品


开始第14个【📆日常任务】：1万份鸡蛋免费送

1万份鸡蛋免费送【做日常任务】：


1万份鸡蛋免费送【领日常奖励】： 获得财富值 ¥ 1000


1万份鸡蛋免费送【做日常任务】：任务进行中或者未到任务时间


1万份鸡蛋免费送【领日常奖励】：任务为成就任务或者未到任务时间


结束第14个【📆日常任务】：1万份鸡蛋免费送


开始第15个【📆日常任务】：特卖商品限量抢

特卖商品限量抢【做日常任务】：任务进行中或者未到任务时间


特卖商品限量抢【领日常奖励】：任务为成就任务或者未到任务时间


结束第15个【📆日常任务】：特卖商品限量抢


开始第16个【📆日常任务】：逛商品集市得财富

逛商品集市得财富【做日常任务】：


逛商品集市得财富【领日常奖励】：任务为成就任务或者未到任务时间


逛商品集市得财富【做日常任务】：


逛商品集市得财富【做日常任务】：


逛商品集市得财富【做日常任务】：


逛商品集市得财富【做日常任务】：


结束第16个【📆日常任务】：逛商品集市得财富


开始第17个【📆日常任务】：天天领免费福利

天天领免费福利【做日常任务】：


天天领免费福利【领日常奖励】：任务为成就任务或者未到任务时间


天天领免费福利【做日常任务】：


天天领免费福利【做日常任务】：任务进行中或者未到任务时间


结束第17个【📆日常任务】：天天领免费福利


开始第18个【📆日常任务】：每日逛逛赢福利

每日逛逛赢福利【做日常任务】：


每日逛逛赢福利【领日常奖励】：任务为成就任务或者未到任务时间


每日逛逛赢福利【做日常任务】：


每日逛逛赢福利【做日常任务】：


每日逛逛赢福利【做日常任务】：


每日逛逛赢福利【做日常任务】：任务进行中或者未到任务时间


结束第18个【📆日常任务】：每日逛逛赢福利


开始第19个【📆日常任务】：邀请岛民好友首次上岛

邀请岛民好友首次上岛【做日常任务】：任务进行中或者未到任务时间


邀请岛民好友首次上岛【领日常奖励】：任务为成就任务或者未到任务时间


结束第19个【📆日常任务】：邀请岛民好友首次上岛


开始第20个【📆日常任务】：去岛屿商城下一单

去岛屿商城下一单【做日常任务】：任务进行中或者未到任务时间


去岛屿商城下一单【领日常奖励】：任务为成就任务或者未到任务时间


结束第20个【📆日常任务】：去岛屿商城下一单


【small_stone】🎁寻宝： ，获取随机奖励：¥ 733 


【tree】🎁寻宝： ，获取随机奖励：¥ 970 


【wood】🎁寻宝： ，获取随机奖励：¥ 735 


🤏偷取好友【jd_**fdb】【欢乐牧场】财富值：¥ 没有可偷取的钞票


🤏偷取好友【jd_**fdb】【便利店】财富值：¥ 没有可偷取的钞票


🤏偷取好友【jd_**fdb】【京喜餐厅】财富值：¥ 158


🤏偷取好友【jd_**fdb】【】财富值：¥ 今天已经偷过该好友的钞票


🤏偷取好友【Sun**wun】【欢乐牧场】财富值：¥ 没有可偷取的钞票


🤏偷取好友【Sun**wun】【便利店】财富值：¥ 146


🤏偷取好友【jd_**6ad】【欢乐牧场】财富值：¥ 329


🤏偷取好友【jd_**6ad】【便利店】财富值：¥ 今天已经偷过该好友的钞票


获取【🎖成就任务】列表 ，总共2个任务！


开始第1个【🎖成就任务】：累计寻宝410次

累计寻宝410次【领成就奖励】： success 获得财富值：¥ 1000


结束第1个【🎖成就任务】：累计寻宝410次


开始第2个【🎖成就任务】：累计偷取200次钞票

累计偷取200次钞票【领成就奖励】： success 获得财富值：¥ 1000


结束第2个【🎖成就任务】：累计偷取200次钞票


【🏝寻宝大作战】【全民暴富岛】开宝箱：未达到宝箱开启条件，快去邀请好友助力吧！

【🏝寻宝大作战】【好运连连岛】开宝箱：未达到宝箱开启条件，快去邀请好友助力吧！

【🏝寻宝大作战】【平安喜乐岛】开宝箱：未达到宝箱开启条件，快去邀请好友助力吧！

【🏝寻宝大作战】【万事大吉岛】开宝箱：未达到宝箱开启条件，快去邀请好友助力吧！

【🏝寻宝大作战】success



你的【🏝寻宝大作战】互助码: Jxcfd_GroupId_351_1099586767249(每天都变化,旧的不可用)


去助力好友 【FA00A56D50C6589BC941527DE216A632B89CC0D5A39956B11BD5AB8B02EAA6B3】
超级助力(超级工人)结果:{"dwAwardExperience":500,"dwAwardMany":500,"dwCurTime":1625833462,"iRet":2009,"sErrMsg":"招工已满","strPin":"jd_46df9eaa780aa"}

普通助力(招工)结果:{"dwAwardExperience":500,"dwAwardMany":500,"dwCurTime":1625833473,"iRet":2009,"sErrMsg":"招工已满","strPin":"jd_46df9eaa780aa"}

去助力好友 【A13A472C0826D29815C0E8DB1E416FF2631415379A71B880F9BC7298743E02C9】
超级助力(超级工人)结果:{"dwAwardExperience":500,"dwAwardMany":500,"dwCurTime":1625833485,"iRet":2009,"sErrMsg":"招工已满","strPin":"jd_46df9eaa780aa"}

普通助力(招工)结果:{"dwAwardExperience":500,"dwAwardMany":500,"dwCurTime":1625833500,"iRet":2009,"sErrMsg":"招工已满","strPin":"jd_46df9eaa780aa"}

去助力好友 【AC44A799D9BD875DA9F3CAF1D06E7EBC10F916A6BFF7E4A4053422C8289DD22F】
超级助力(超级工人)结果:{"dwAwardExperience":500,"dwAwardMany":500,"dwCurTime":1625833517,"iRet":2009,"sErrMsg":"招工已满","strPin":"jd_46df9eaa780aa"}

"Response code 401 (Unauthorized)"
京喜财富岛 createAssistUser JoinScene API请求失败，请检查网路重试
去助力好友 【E328E35084A30DCE3B6CDA262D241942A75FBF859B66B47F7BD6B144C715143A】
超级助力(超级工人)结果:{"dwAwardExperience":500,"dwAwardMany":500,"dwCurTime":1625833539,"iRet":2009,"sErrMsg":"招工已满","strPin":"jd_46df9eaa780aa"}

普通助力(招工)结果:{"dwAwardExperience":500,"dwAwardMany":500,"dwCurTime":1625833550,"iRet":2009,"sErrMsg":"招工已满","strPin":"jd_46df9eaa780aa"}

去助力好友 【3E4FCA1315E7D614686CCCC2386FDBC5AEB6E10E5EFC25AEEA12C211E8BE3509】
超级助力(超级工人)结果:{"dwAwardExperience":500,"dwAwardMany":500,"dwCurTime":1625833562,"iRet":2009,"sErrMsg":"招工已满","strPin":"jd_46df9eaa780aa"}

普通助力(招工)结果:{"dwAwardExperience":500,"dwAwardMany":500,"dwCurTime":1625833572,"iRet":2009,"sErrMsg":"招工已满","strPin":"jd_46df9eaa780aa"}

去助力好友 【C615955B40B3721E7AD21DF5EE697CBEC43A66D310269452600CF291E26BCF59】
"Response code 401 (Unauthorized)"
京喜财富岛 createSuperAssistUser JoinScene API请求失败，请检查网路重试
"Response code 401 (Unauthorized)"
京喜财富岛 createAssistUser JoinScene API请求失败，请检查网路重试
去助力好友 【1C06C35CCD990D362BC4A10808EA7EE18DD56B7347A52198C9B9EC0D19F791BA】
超级助力(超级工人)结果:{"dwAwardExperience":500,"dwAwardMany":500,"dwCurTime":1625833607,"iRet":2009,"sErrMsg":"招工已满","strPin":"jd_46df9eaa780aa"}

普通助力(招工)结果:{"dwAwardExperience":500,"dwAwardMany":500,"dwCurTime":1625833617,"iRet":2009,"sErrMsg":"招工已满","strPin":"jd_46df9eaa780aa"}

去助力好友 【21ECA8C831E3FFD014FB5EA53A5C1EA02A835A31CFE4E7D1B5F5C676A860B6A5】
超级助力(超级工人)结果:{"dwAwardExperience":500,"dwAwardMany":500,"dwCurTime":1625833629,"iRet":2009,"sErrMsg":"招工已满","strPin":"jd_46df9eaa780aa"}

普通助力(招工)结果:{"dwAwardExperience":500,"dwAwardMany":500,"dwCurTime":1625833639,"iRet":2009,"sErrMsg":"招工已满","strPin":"jd_46df9eaa780aa"}

去助力好友 【44099A7213D08369EA6953377B7214B7817FEE9CB02177E09FBFEAA5232F47AD】
超级助力(超级工人)结果:{"dwAwardExperience":500,"dwAwardMany":500,"dwCurTime":1625833651,"iRet":2009,"sErrMsg":"招工已满","strPin":"jd_46df9eaa780aa"}

普通助力(招工)结果:{"dwAwardExperience":500,"dwAwardMany":500,"dwCurTime":1625833662,"iRet":2009,"sErrMsg":"招工已满","strPin":"jd_46df9eaa780aa"}

去助力好友 【7FF8E184072BC6A974D496188793B09243AFC4AEB971E5F559D219C20239415A】
超级助力(超级工人)结果:{"dwAwardExperience":500,"dwAwardMany":500,"dwCurTime":1625833674,"iRet":2009,"sErrMsg":"招工已满","strPin":"jd_46df9eaa780aa"}

"Response code 401 (Unauthorized)"
京喜财富岛 createAssistUser JoinScene API请求失败，请检查网路重试
去助力好友 【BA6B937DD9ED1D204E2410CAE804D55DE13247DE96B95B7D1D7D7CE9281D92AB】
超级助力(超级工人)结果:{"dwAwardExperience":500,"dwAwardMany":500,"dwCurTime":1625833697,"iRet":2009,"sErrMsg":"招工已满","strPin":"jd_46df9eaa780aa"}

普通助力(招工)结果:{"dwAwardExperience":500,"dwAwardMany":500,"dwCurTime":1625833707,"iRet":2009,"sErrMsg":"招工已满","strPin":"jd_46df9eaa780aa"}

去助力好友 【786244973ED40333D34F1A4BAE5A3FD5165FA58B320CE6C9B603D6358CD0E5C9】
超级助力(超级工人)结果:{"dwAwardExperience":500,"dwAwardMany":500,"dwCurTime":1625833719,"iRet":2009,"sErrMsg":"招工已满","strPin":"jd_46df9eaa780aa"}

普通助力(招工)结果:{"dwAwardExperience":500,"dwAwardMany":500,"dwCurTime":1625833730,"iRet":2009,"sErrMsg":"招工已满","strPin":"jd_46df9eaa780aa"}

去助力好友 【5F9D6DF5A4A56BCA001F0EFC20E14D0B1AAABBDE7CC6245F7DEA2D363F920AE6】
超级助力(超级工人)结果:{"dwAwardExperience":500,"dwAwardMany":500,"dwCurTime":1625833742,"iRet":2009,"sErrMsg":"招工已满","strPin":"jd_46df9eaa780aa"}

"Response code 401 (Unauthorized)"
京喜财富岛 createAssistUser JoinScene API请求失败，请检查网路重试
去助力好友 【69232A74C7EA864981BDFF0E96EBD094852A57B4EC0F6200E93AF1252C47CAF1】
超级助力(超级工人)结果:{"dwAwardExperience":500,"dwAwardMany":500,"dwCurTime":1625833764,"iRet":2009,"sErrMsg":"招工已满","strPin":"jd_46df9eaa780aa"}

普通助力(招工)结果:{"dwAwardExperience":500,"dwAwardMany":500,"dwCurTime":1625833774,"iRet":2009,"sErrMsg":"招工已满","strPin":"jd_46df9eaa780aa"}

去助力好友 【5FC094BB67D47C42C51B7980EB8A3B6D0A73B81904E60D46366396BA5B836E55】
超级助力(超级工人)结果:{"dwAwardExperience":500,"dwAwardMany":500,"dwCurTime":1625833787,"iRet":2009,"sErrMsg":"招工已满","strPin":"jd_46df9eaa780aa"}

普通助力(招工)结果:{"dwAwardExperience":500,"dwAwardMany":500,"dwCurTime":1625833797,"iRet":2009,"sErrMsg":"招工已满","strPin":"jd_46df9eaa780aa"}

去助力好友 【FDA07FE3254918F58F8C52B4EC19B9C86DBCF0300937E64BE5A8D2696BA57375】
超级助力(超级工人)结果:{"dwAwardExperience":500,"dwAwardMany":500,"dwCurTime":1625833809,"iRet":2009,"sErrMsg":"招工已满","strPin":"jd_46df9eaa780aa"}

普通助力(招工)结果:{"dwAwardExperience":500,"dwAwardMany":500,"dwCurTime":1625833819,"iRet":2009,"sErrMsg":"招工已满","strPin":"jd_46df9eaa780aa"}

去助力好友 【69232A74C7EA864981BDFF0E96EBD094852A57B4EC0F6200E93AF1252C47CAF1】
超级助力(超级工人)结果:{"dwAwardExperience":500,"dwAwardMany":500,"dwCurTime":1625833832,"iRet":2009,"sErrMsg":"招工已满","strPin":"jd_46df9eaa780aa"}

普通助力(招工)结果:{"dwAwardExperience":500,"dwAwardMany":500,"dwCurTime":1625833842,"iRet":2009,"sErrMsg":"招工已满","strPin":"jd_46df9eaa780aa"}

去助力好友 【AA84E76C60EEC2A2BB3BF8EBD65175527C5D3D7FCCA2781E01E2E1F8CA85F650】
"Response code 401 (Unauthorized)"
京喜财富岛 createSuperAssistUser JoinScene API请求失败，请检查网路重试
普通助力(招工)结果:{"dwAwardExperience":500,"dwAwardMany":500,"dwCurTime":1625833865,"iRet":2009,"sErrMsg":"招工已满","strPin":"jd_46df9eaa780aa"}

去助力好友 【A9E06C370818371E014ADB8CCDBBBC74FFEED5CF0F503725481E82E73CE7E63C】
超级助力(超级工人)结果:{"dwAwardExperience":500,"dwAwardMany":500,"dwCurTime":1625833879,"iRet":2009,"sErrMsg":"招工已满","strPin":"jd_46df9eaa780aa"}

普通助力(招工)结果:{"dwAwardExperience":500,"dwAwardMany":500,"dwCurTime":1625833889,"iRet":2009,"sErrMsg":"招工已满","strPin":"jd_46df9eaa780aa"}

去助力好友 【69C9B1E2CC75DBC3BAF7F08BD293373F5102E39AFC7D6577797FBFD0908E9E69】
超级助力(超级工人)结果:{"dwAwardExperience":500,"dwAwardMany":500,"dwCurTime":1625833902,"iRet":2009,"sErrMsg":"招工已满","strPin":"jd_46df9eaa780aa"}

普通助力(招工)结果:{"dwAwardExperience":500,"dwAwardMany":500,"dwCurTime":1625833912,"iRet":2009,"sErrMsg":"招工已满","strPin":"jd_46df9eaa780aa"}

去助力好友 【F45CB4F07997DFE748E5656521A9034446A1568F6950206B0D44A5664662275D】
超级助力(超级工人)结果:{"dwAwardExperience":500,"dwAwardMany":500,"dwCurTime":1625833924,"iRet":2009,"sErrMsg":"招工已满","strPin":"jd_46df9eaa780aa"}

普通助力(招工)结果:{"dwAwardExperience":500,"dwAwardMany":500,"dwCurTime":1625833935,"iRet":2009,"sErrMsg":"招工已满","strPin":"jd_46df9eaa780aa"}


开始【京东账号5】jd_157332zdf

由于您第5个京东账号未提供shareCode,将采纳本脚本自带的助力码

开始
"Response code 530 (undefined)"
京喜财富岛 API请求失败，请检查网路重试
第5个京东账号将要助力的好友["FA00A56D50C6589BC941527DE216A632B89CC0D5A39956B11BD5AB8B02EAA6B3","A13A472C0826D29815C0E8DB1E416FF2631415379A71B880F9BC7298743E02C9","AC44A799D9BD875DA9F3CAF1D06E7EBC10F916A6BFF7E4A4053422C8289DD22F","E328E35084A30DCE3B6CDA262D241942A75FBF859B66B47F7BD6B144C715143A","3E4FCA1315E7D614686CCCC2386FDBC5AEB6E10E5EFC25AEEA12C211E8BE3509","C615955B40B3721E7AD21DF5EE697CBEC43A66D310269452600CF291E26BCF59","1C06C35CCD990D362BC4A10808EA7EE18DD56B7347A52198C9B9EC0D19F791BA","21ECA8C831E3FFD014FB5EA53A5C1EA02A835A31CFE4E7D1B5F5C676A860B6A5","44099A7213D08369EA6953377B7214B7817FEE9CB02177E09FBFEAA5232F47AD","7FF8E184072BC6A974D496188793B09243AFC4AEB971E5F559D219C20239415A","BA6B937DD9ED1D204E2410CAE804D55DE13247DE96B95B7D1D7D7CE9281D92AB","786244973ED40333D34F1A4BAE5A3FD5165FA58B320CE6C9B603D6358CD0E5C9","5F9D6DF5A4A56BCA001F0EFC20E14D0B1AAABBDE7CC6245F7DEA2D363F920AE6","69232A74C7EA864981BDFF0E96EBD094852A57B4EC0F6200E93AF1252C47CAF1","5FC094BB67D47C42C51B7980EB8A3B6D0A73B81904E60D46366396BA5B836E55","FDA07FE3254918F58F8C52B4EC19B9C86DBCF0300937E64BE5A8D2696BA57375","69232A74C7EA864981BDFF0E96EBD094852A57B4EC0F6200E93AF1252C47CAF1","AA84E76C60EEC2A2BB3BF8EBD65175527C5D3D7FCCA2781E01E2E1F8CA85F650","A9E06C370818371E014ADB8CCDBBBC74FFEED5CF0F503725481E82E73CE7E63C","69C9B1E2CC75DBC3BAF7F08BD293373F5102E39AFC7D6577797FBFD0908E9E69","F45CB4F07997DFE748E5656521A9034446A1568F6950206B0D44A5664662275D"]

获取用户信息：success


当前等级:6,财富值:284613

财富岛好友互助码每次运行都变化,旧的可继续使用

【京东账号5（jd_67f63c904d8c6）的京喜财富岛好友互助码】D8A4D3EF79A10DF7C495340816DB8BD673DD0EA92FC1264C663A7C0438A2D3D5



签到列表：success


📌签到：success，获得财富 ¥ 2000

待开通场景ID列表sceneList;["1002","1003"]

【欢乐牧场】🏝岛主 : 获取财富值：¥ 2600 


【欢乐牧场】👬好友: 没有可收取钞票 

【欢乐牧场领取红包】 招工人数不达标

获取【📆日常任务】列表 ，总共20个任务！


开始第1个【📆日常任务】：签到领现金

签到领现金【做日常任务】：


签到领现金【领日常奖励】： 获得财富值 ¥ 2000


签到领现金【做日常任务】：任务进行中或者未到任务时间


签到领现金【领日常奖励】：任务为成就任务或者未到任务时间


结束第1个【📆日常任务】：签到领现金


开始第2个【📆日常任务】：每日三餐上岛

每日三餐上岛【做日常任务】：任务进行中或者未到任务时间


每日三餐上岛【领日常奖励】：任务为成就任务或者未到任务时间


结束第2个【📆日常任务】：每日三餐上岛


开始第3个【📆日常任务】：每日三餐上岛

每日三餐上岛【做日常任务】：任务进行中或者未到任务时间


每日三餐上岛【领日常奖励】：任务为成就任务或者未到任务时间


结束第3个【📆日常任务】：每日三餐上岛


开始第4个【📆日常任务】：每日三餐上岛

每日三餐上岛【做日常任务】：任务进行中或者未到任务时间


每日三餐上岛【领日常奖励】：任务为成就任务或者未到任务时间


结束第4个【📆日常任务】：每日三餐上岛


开始第5个【📆日常任务】：出海寻宝赢红包

出海寻宝赢红包【做日常任务】：


出海寻宝赢红包【领日常奖励】： 获得财富值 ¥ 1000


出海寻宝赢红包【做日常任务】：任务进行中或者未到任务时间


出海寻宝赢红包【领日常奖励】：任务为成就任务或者未到任务时间


结束第5个【📆日常任务】：出海寻宝赢红包


开始第6个【📆日常任务】：从首页“领现金”进入财富岛

从首页“领现金”进入财富岛【做日常任务】：


从首页“领现金”进入财富岛【领日常奖励】： 获得财富值 ¥ 1000


从首页“领现金”进入财富岛【做日常任务】：任务进行中或者未到任务时间


从首页“领现金”进入财富岛【领日常奖励】：任务为成就任务或者未到任务时间


结束第6个【📆日常任务】：从首页“领现金”进入财富岛


开始第7个【📆日常任务】：提升京享值 领专属权益

提升京享值 领专属权益【做日常任务】：


提升京享值 领专属权益【领日常奖励】： 获得财富值 ¥ 2000


提升京享值 领专属权益【做日常任务】：任务进行中或者未到任务时间


提升京享值 领专属权益【领日常奖励】：任务为成就任务或者未到任务时间


结束第7个【📆日常任务】：提升京享值 领专属权益


开始第8个【📆日常任务】：领888元红包

领888元红包【做日常任务】：


领888元红包【领日常奖励】： 获得财富值 ¥ 1500


领888元红包【做日常任务】：任务进行中或者未到任务时间


领888元红包【领日常奖励】：任务为成就任务或者未到任务时间


结束第8个【📆日常任务】：领888元红包


开始第9个【📆日常任务】：半打啤酒9.9元抢

半打啤酒9.9元抢【做日常任务】：


半打啤酒9.9元抢【领日常奖励】： 获得财富值 ¥ 2000


半打啤酒9.9元抢【做日常任务】：任务进行中或者未到任务时间


半打啤酒9.9元抢【领日常奖励】：任务为成就任务或者未到任务时间


结束第9个【📆日常任务】：半打啤酒9.9元抢


开始第10个【📆日常任务】：1元兑美妆小样

1元兑美妆小样【做日常任务】：


1元兑美妆小样【领日常奖励】： 获得财富值 ¥ 2000


1元兑美妆小样【做日常任务】：任务进行中或者未到任务时间


1元兑美妆小样【领日常奖励】：任务为成就任务或者未到任务时间


结束第10个【📆日常任务】：1元兑美妆小样


开始第11个【📆日常任务】：去赢1000元红包

去赢1000元红包【做日常任务】：


去赢1000元红包【领日常奖励】： 获得财富值 ¥ 2000


去赢1000元红包【做日常任务】：任务进行中或者未到任务时间


去赢1000元红包【领日常奖励】：任务为成就任务或者未到任务时间


结束第11个【📆日常任务】：去赢1000元红包


开始第12个【📆日常任务】：关注浏览京喜好店

关注浏览京喜好店【做日常任务】：任务进行中或者未到任务时间


关注浏览京喜好店【领日常奖励】：任务为成就任务或者未到任务时间


结束第12个【📆日常任务】：关注浏览京喜好店


开始第13个【📆日常任务】：每日逛京喜爆品

每日逛京喜爆品【做日常任务】：


每日逛京喜爆品【领日常奖励】：任务为成就任务或者未到任务时间


每日逛京喜爆品【做日常任务】：


每日逛京喜爆品【做日常任务】：


每日逛京喜爆品【做日常任务】：


每日逛京喜爆品【做日常任务】：任务进行中或者未到任务时间


结束第13个【📆日常任务】：每日逛京喜爆品


开始第14个【📆日常任务】：1万份鸡蛋免费送

1万份鸡蛋免费送【做日常任务】：


1万份鸡蛋免费送【领日常奖励】： 获得财富值 ¥ 1000


1万份鸡蛋免费送【做日常任务】：任务进行中或者未到任务时间


1万份鸡蛋免费送【领日常奖励】：任务为成就任务或者未到任务时间


结束第14个【📆日常任务】：1万份鸡蛋免费送


开始第15个【📆日常任务】：特卖商品限量抢

特卖商品限量抢【做日常任务】：任务进行中或者未到任务时间


特卖商品限量抢【领日常奖励】：任务为成就任务或者未到任务时间


结束第15个【📆日常任务】：特卖商品限量抢


开始第16个【📆日常任务】：逛商品集市得财富

逛商品集市得财富【做日常任务】：


逛商品集市得财富【领日常奖励】：任务为成就任务或者未到任务时间


逛商品集市得财富【做日常任务】：


逛商品集市得财富【做日常任务】：


逛商品集市得财富【做日常任务】：


逛商品集市得财富【做日常任务】：


结束第16个【📆日常任务】：逛商品集市得财富


开始第17个【📆日常任务】：天天领免费福利

天天领免费福利【做日常任务】：


天天领免费福利【领日常奖励】：任务为成就任务或者未到任务时间


天天领免费福利【做日常任务】：


天天领免费福利【做日常任务】：任务进行中或者未到任务时间


结束第17个【📆日常任务】：天天领免费福利


开始第18个【📆日常任务】：每日逛逛赢福利

每日逛逛赢福利【做日常任务】：


每日逛逛赢福利【领日常奖励】：任务为成就任务或者未到任务时间


每日逛逛赢福利【做日常任务】：


每日逛逛赢福利【做日常任务】：


每日逛逛赢福利【做日常任务】：


每日逛逛赢福利【做日常任务】：任务进行中或者未到任务时间


结束第18个【📆日常任务】：每日逛逛赢福利


开始第19个【📆日常任务】：邀请岛民好友首次上岛

邀请岛民好友首次上岛【做日常任务】：任务进行中或者未到任务时间


邀请岛民好友首次上岛【领日常奖励】：任务为成就任务或者未到任务时间


结束第19个【📆日常任务】：邀请岛民好友首次上岛


开始第20个【📆日常任务】：去岛屿商城下一单

去岛屿商城下一单【做日常任务】：任务进行中或者未到任务时间


去岛屿商城下一单【领日常奖励】：任务为成就任务或者未到任务时间


结束第20个【📆日常任务】：去岛屿商城下一单


【small_stone】🎁寻宝： ，获取随机奖励：¥ 506 


【tree】🎁寻宝： ，获取随机奖励：¥ 909 


【wood】🎁寻宝： ，获取随机奖励：¥ 684 


获取【🎖成就任务】列表 ，总共1个任务！


开始第1个【🎖成就任务】：累计寻宝20次

累计寻宝20次【领成就奖励】： success 获得财富值：¥ 1000


结束第1个【🎖成就任务】：累计寻宝20次


【🏝寻宝大作战】【全民暴富岛】开宝箱：未达到宝箱开启条件，快去邀请好友助力吧！

【🏝寻宝大作战】【好运连连岛】开宝箱：未达到宝箱开启条件，快去邀请好友助力吧！

【🏝寻宝大作战】【平安喜乐岛】开宝箱：未达到宝箱开启条件，快去邀请好友助力吧！

【🏝寻宝大作战】【万事大吉岛】开宝箱：未达到宝箱开启条件，快去邀请好友助力吧！

【🏝寻宝大作战】success



你的【🏝寻宝大作战】互助码: Jxcfd_GroupId_351_74453240(每天都变化,旧的不可用)


去助力好友 【FA00A56D50C6589BC941527DE216A632B89CC0D5A39956B11BD5AB8B02EAA6B3】
超级助力(超级工人)结果:{"dwAwardExperience":500,"dwAwardMany":500,"dwCurTime":1625834319,"iRet":2009,"sErrMsg":"招工已满","strPin":"jd_67f63c904d8c6"}

普通助力(招工)结果:{"dwAwardExperience":500,"dwAwardMany":500,"dwCurTime":1625834335,"iRet":2009,"sErrMsg":"招工已满","strPin":"jd_67f63c904d8c6"}

去助力好友 【A13A472C0826D29815C0E8DB1E416FF2631415379A71B880F9BC7298743E02C9】
超级助力(超级工人)结果:{"dwAwardExperience":500,"dwAwardMany":500,"dwCurTime":1625834354,"iRet":2009,"sErrMsg":"招工已满","strPin":"jd_67f63c904d8c6"}

普通助力(招工)结果:{"dwAwardExperience":500,"dwAwardMany":500,"dwCurTime":1625834370,"iRet":2009,"sErrMsg":"招工已满","strPin":"jd_67f63c904d8c6"}

去助力好友 【AC44A799D9BD875DA9F3CAF1D06E7EBC10F916A6BFF7E4A4053422C8289DD22F】
超级助力(超级工人)结果:{"dwAwardExperience":500,"dwAwardMany":500,"dwCurTime":1625834391,"iRet":2009,"sErrMsg":"招工已满","strPin":"jd_67f63c904d8c6"}

普通助力(招工)结果:{"dwAwardExperience":500,"dwAwardMany":500,"dwCurTime":1625834403,"iRet":2009,"sErrMsg":"招工已满","strPin":"jd_67f63c904d8c6"}

去助力好友 【E328E35084A30DCE3B6CDA262D241942A75FBF859B66B47F7BD6B144C715143A】
超级助力(超级工人)结果:{"dwAwardExperience":500,"dwAwardMany":500,"dwCurTime":1625834415,"iRet":2009,"sErrMsg":"招工已满","strPin":"jd_67f63c904d8c6"}

普通助力(招工)结果:{"dwAwardExperience":500,"dwAwardMany":500,"dwCurTime":1625834426,"iRet":2009,"sErrMsg":"招工已满","strPin":"jd_67f63c904d8c6"}

去助力好友 【3E4FCA1315E7D614686CCCC2386FDBC5AEB6E10E5EFC25AEEA12C211E8BE3509】
超级助力(超级工人)结果:{"dwAwardExperience":500,"dwAwardMany":500,"dwCurTime":1625834438,"iRet":2009,"sErrMsg":"招工已满","strPin":"jd_67f63c904d8c6"}

普通助力(招工)结果:{"dwAwardExperience":500,"dwAwardMany":500,"dwCurTime":1625834449,"iRet":2009,"sErrMsg":"招工已满","strPin":"jd_67f63c904d8c6"}

去助力好友 【C615955B40B3721E7AD21DF5EE697CBEC43A66D310269452600CF291E26BCF59】
"Response code 401 (Unauthorized)"
京喜财富岛 createSuperAssistUser JoinScene API请求失败，请检查网路重试
"Response code 401 (Unauthorized)"
京喜财富岛 createAssistUser JoinScene API请求失败，请检查网路重试
去助力好友 【1C06C35CCD990D362BC4A10808EA7EE18DD56B7347A52198C9B9EC0D19F791BA】
"Response code 401 (Unauthorized)"
京喜财富岛 createSuperAssistUser JoinScene API请求失败，请检查网路重试
普通助力(招工)结果:{"dwAwardExperience":500,"dwAwardMany":500,"dwCurTime":1625834494,"iRet":2009,"sErrMsg":"招工已满","strPin":"jd_67f63c904d8c6"}

去助力好友 【21ECA8C831E3FFD014FB5EA53A5C1EA02A835A31CFE4E7D1B5F5C676A860B6A5】
超级助力(超级工人)结果:{"dwAwardExperience":500,"dwAwardMany":500,"dwCurTime":1625834507,"iRet":2009,"sErrMsg":"招工已满","strPin":"jd_67f63c904d8c6"}

普通助力(招工)结果:{"dwAwardExperience":500,"dwAwardMany":500,"dwCurTime":1625834517,"iRet":2009,"sErrMsg":"招工已满","strPin":"jd_67f63c904d8c6"}

去助力好友 【44099A7213D08369EA6953377B7214B7817FEE9CB02177E09FBFEAA5232F47AD】
超级助力(超级工人)结果:{"dwAwardExperience":500,"dwAwardMany":500,"dwCurTime":1625834529,"iRet":2009,"sErrMsg":"招工已满","strPin":"jd_67f63c904d8c6"}

普通助力(招工)结果:{"dwAwardExperience":500,"dwAwardMany":500,"dwCurTime":1625834539,"iRet":2009,"sErrMsg":"招工已满","strPin":"jd_67f63c904d8c6"}

去助力好友 【7FF8E184072BC6A974D496188793B09243AFC4AEB971E5F559D219C20239415A】
"Response code 401 (Unauthorized)"
京喜财富岛 createSuperAssistUser JoinScene API请求失败，请检查网路重试
"Response code 401 (Unauthorized)"
京喜财富岛 createAssistUser JoinScene API请求失败，请检查网路重试
去助力好友 【BA6B937DD9ED1D204E2410CAE804D55DE13247DE96B95B7D1D7D7CE9281D92AB】
超级助力(超级工人)结果:{"dwAwardExperience":500,"dwAwardMany":500,"dwCurTime":1625834574,"iRet":2009,"sErrMsg":"招工已满","strPin":"jd_67f63c904d8c6"}

普通助力(招工)结果:{"dwAwardExperience":500,"dwAwardMany":500,"dwCurTime":1625834585,"iRet":2009,"sErrMsg":"招工已满","strPin":"jd_67f63c904d8c6"}

去助力好友 【786244973ED40333D34F1A4BAE5A3FD5165FA58B320CE6C9B603D6358CD0E5C9】
超级助力(超级工人)结果:{"dwAwardExperience":500,"dwAwardMany":500,"dwCurTime":1625834597,"iRet":2009,"sErrMsg":"招工已满","strPin":"jd_67f63c904d8c6"}

普通助力(招工)结果:{"dwAwardExperience":500,"dwAwardMany":500,"dwCurTime":1625834607,"iRet":2009,"sErrMsg":"招工已满","strPin":"jd_67f63c904d8c6"}

去助力好友 【5F9D6DF5A4A56BCA001F0EFC20E14D0B1AAABBDE7CC6245F7DEA2D363F920AE6】
超级助力(超级工人)结果:{"dwAwardExperience":500,"dwAwardMany":500,"dwCurTime":1625834619,"iRet":2009,"sErrMsg":"招工已满","strPin":"jd_67f63c904d8c6"}

普通助力(招工)结果:{"dwAwardExperience":500,"dwAwardMany":500,"dwCurTime":1625834630,"iRet":2009,"sErrMsg":"招工已满","strPin":"jd_67f63c904d8c6"}

去助力好友 【69232A74C7EA864981BDFF0E96EBD094852A57B4EC0F6200E93AF1252C47CAF1】
"Response code 401 (Unauthorized)"
京喜财富岛 createSuperAssistUser JoinScene API请求失败，请检查网路重试
普通助力(招工)结果:{"dwAwardExperience":500,"dwAwardMany":500,"dwCurTime":1625834652,"iRet":2009,"sErrMsg":"招工已满","strPin":"jd_67f63c904d8c6"}

去助力好友 【5FC094BB67D47C42C51B7980EB8A3B6D0A73B81904E60D46366396BA5B836E55】
超级助力(超级工人)结果:{"dwAwardExperience":500,"dwAwardMany":500,"dwCurTime":1625834665,"iRet":2009,"sErrMsg":"招工已满","strPin":"jd_67f63c904d8c6"}

普通助力(招工)结果:{"dwAwardExperience":500,"dwAwardMany":500,"dwCurTime":1625834675,"iRet":2009,"sErrMsg":"招工已满","strPin":"jd_67f63c904d8c6"}

去助力好友 【FDA07FE3254918F58F8C52B4EC19B9C86DBCF0300937E64BE5A8D2696BA57375】
超级助力(超级工人)结果:{"dwAwardExperience":500,"dwAwardMany":500,"dwCurTime":1625834687,"iRet":2009,"sErrMsg":"招工已满","strPin":"jd_67f63c904d8c6"}

普通助力(招工)结果:{"dwAwardExperience":500,"dwAwardMany":500,"dwCurTime":1625834697,"iRet":2009,"sErrMsg":"招工已满","strPin":"jd_67f63c904d8c6"}

去助力好友 【69232A74C7EA864981BDFF0E96EBD094852A57B4EC0F6200E93AF1252C47CAF1】
超级助力(超级工人)结果:{"dwAwardExperience":500,"dwAwardMany":500,"dwCurTime":1625834710,"iRet":2009,"sErrMsg":"招工已满","strPin":"jd_67f63c904d8c6"}

普通助力(招工)结果:{"dwAwardExperience":500,"dwAwardMany":500,"dwCurTime":1625834720,"iRet":2009,"sErrMsg":"招工已满","strPin":"jd_67f63c904d8c6"}

去助力好友 【AA84E76C60EEC2A2BB3BF8EBD65175527C5D3D7FCCA2781E01E2E1F8CA85F650】
超级助力(超级工人)结果:{"dwAwardExperience":500,"dwAwardMany":500,"dwCurTime":1625834732,"iRet":2009,"sErrMsg":"招工已满","strPin":"jd_67f63c904d8c6"}

普通助力(招工)结果:{"dwAwardExperience":500,"dwAwardMany":500,"dwCurTime":1625834743,"iRet":2009,"sErrMsg":"招工已满","strPin":"jd_67f63c904d8c6"}

去助力好友 【A9E06C370818371E014ADB8CCDBBBC74FFEED5CF0F503725481E82E73CE7E63C】
超级助力(超级工人)结果:{"dwAwardExperience":500,"dwAwardMany":500,"dwCurTime":1625834755,"iRet":2009,"sErrMsg":"招工已满","strPin":"jd_67f63c904d8c6"}

普通助力(招工)结果:{"dwAwardExperience":500,"dwAwardMany":500,"dwCurTime":1625834765,"iRet":2009,"sErrMsg":"招工已满","strPin":"jd_67f63c904d8c6"}

去助力好友 【69C9B1E2CC75DBC3BAF7F08BD293373F5102E39AFC7D6577797FBFD0908E9E69】
超级助力(超级工人)结果:{"dwAwardExperience":500,"dwAwardMany":500,"dwCurTime":1625834777,"iRet":2009,"sErrMsg":"招工已满","strPin":"jd_67f63c904d8c6"}

"Response code 401 (Unauthorized)"
京喜财富岛 createAssistUser JoinScene API请求失败，请检查网路重试
去助力好友 【F45CB4F07997DFE748E5656521A9034446A1568F6950206B0D44A5664662275D】
"Response code 401 (Unauthorized)"
京喜财富岛 createSuperAssistUser JoinScene API请求失败，请检查网路重试
普通助力(招工)结果:{"dwAwardExperience":500,"dwAwardMany":500,"dwCurTime":1625834810,"iRet":2009,"sErrMsg":"招工已满","strPin":"jd_67f63c904d8c6"}



寻宝大作战，自己账号内部循环互助


账号15631692383_p 去参加 Jxcfd_GroupId_351_1099586663586 寻宝大作战
iRet:2013 不能给自己助力
账号15631692383_p 去参加 Jxcfd_GroupId_351_1099586765961 寻宝大作战
iRet:2005 每天打工次数上限


寻宝大作战，自己账号内部循环互助


账号jd_74a8d71c978d9 去参加 Jxcfd_GroupId_351_1099586663586 寻宝大作战
iRet:2007 已经助力
账号jd_74a8d71c978d9 去参加 Jxcfd_GroupId_351_1099586765961 寻宝大作战
iRet:2013 不能给自己助力
账号jd_74a8d71c978d9 去参加 Jxcfd_GroupId_351_1099586767249 寻宝大作战
iRet:2005 每天打工次数上限


寻宝大作战，自己账号内部循环互助


账号chao4596758 去参加 Jxcfd_GroupId_351_1099586663586 寻宝大作战
"Response code 401 (Unauthorized)"
京喜财富岛 joinGroup API请求失败，请检查网路重试
账号chao4596758 去参加 Jxcfd_GroupId_351_1099586765961 寻宝大作战
iRet:9999 未登录


寻宝大作战，自己账号内部循环互助


账号jd_46df9eaa780aa 去参加 Jxcfd_GroupId_351_1099586663586 寻宝大作战
iRet:0 success
账号jd_46df9eaa780aa 去参加 Jxcfd_GroupId_351_1099586765961 寻宝大作战
iRet:2005 每天打工次数上限


寻宝大作战，自己账号内部循环互助


账号jd_67f63c904d8c6 去参加 Jxcfd_GroupId_351_1099586663586 寻宝大作战
"Response code 401 (Unauthorized)"
京喜财富岛 joinGroup API请求失败，请检查网路重试
账号jd_67f63c904d8c6 去参加 Jxcfd_GroupId_351_1099586765961 寻宝大作战
iRet:0 success
账号jd_67f63c904d8c6 去参加 Jxcfd_GroupId_351_1099586767249 寻宝大作战
iRet:2005 每天打工次数上限

==============📣系统通知📣==============
京喜财富岛
【京东账号1】Ymh__Sirius
【💵财富值】6008232

【京东账号2】Ycp_Dream
【💵财富值】918656

【京东账号4】jd_157332ewky
【💵财富值】2572500

【京东账号5】jd_157332zdf
【💵财富值】284613


🔔京喜财富岛, 结束! 🕛 2595.333 秒

