
🔔京喜财富岛, 开始!

====================共2个京东账号Cookie=========

==================脚本执行- 北京时间(UTC+8)：7/10/2021, 8:06:39 AM=====================

开始获取京喜财富岛配置文件

您提供了0个账号的京喜财富岛助力码

获取签名参数成功！
fp: 8767141588831162
token: tk01wc5c01c79a8nQ2FWYksySm5B2jQYototjPcjN76JkiN4UQsHKycZyA1POzYm4C7mWJnZSZmFL3hn9rfK4AnDAdMk
enCryptMethodJD: function test(token,fingerprint,timestamp,appId,algo){const random='AcZkKIEDkkDq';const str=`${token}${fingerprint}${timestamp}${appId}${random}`;return algo.HmacSHA256(str,token)}

开始【京东账号1】Ymh__Sirius

由于您第1个京东账号未提供shareCode,将采纳本脚本自带的助力码

开始
"Response code 530 (undefined)"
京喜财富岛 API请求失败，请检查网路重试
第1个京东账号将要助力的好友["FA00A56D50C6589BC941527DE216A632B89CC0D5A39956B11BD5AB8B02EAA6B3","A13A472C0826D29815C0E8DB1E416FF2631415379A71B880F9BC7298743E02C9","AC44A799D9BD875DA9F3CAF1D06E7EBC10F916A6BFF7E4A4053422C8289DD22F","E328E35084A30DCE3B6CDA262D241942A75FBF859B66B47F7BD6B144C715143A","3E4FCA1315E7D614686CCCC2386FDBC5AEB6E10E5EFC25AEEA12C211E8BE3509","C615955B40B3721E7AD21DF5EE697CBEC43A66D310269452600CF291E26BCF59","1C06C35CCD990D362BC4A10808EA7EE18DD56B7347A52198C9B9EC0D19F791BA","21ECA8C831E3FFD014FB5EA53A5C1EA02A835A31CFE4E7D1B5F5C676A860B6A5","44099A7213D08369EA6953377B7214B7817FEE9CB02177E09FBFEAA5232F47AD","7FF8E184072BC6A974D496188793B09243AFC4AEB971E5F559D219C20239415A","BA6B937DD9ED1D204E2410CAE804D55DE13247DE96B95B7D1D7D7CE9281D92AB","786244973ED40333D34F1A4BAE5A3FD5165FA58B320CE6C9B603D6358CD0E5C9","5F9D6DF5A4A56BCA001F0EFC20E14D0B1AAABBDE7CC6245F7DEA2D363F920AE6","69232A74C7EA864981BDFF0E96EBD094852A57B4EC0F6200E93AF1252C47CAF1","5FC094BB67D47C42C51B7980EB8A3B6D0A73B81904E60D46366396BA5B836E55","FDA07FE3254918F58F8C52B4EC19B9C86DBCF0300937E64BE5A8D2696BA57375","69232A74C7EA864981BDFF0E96EBD094852A57B4EC0F6200E93AF1252C47CAF1","AA84E76C60EEC2A2BB3BF8EBD65175527C5D3D7FCCA2781E01E2E1F8CA85F650","A9E06C370818371E014ADB8CCDBBBC74FFEED5CF0F503725481E82E73CE7E63C","69C9B1E2CC75DBC3BAF7F08BD293373F5102E39AFC7D6577797FBFD0908E9E69","F45CB4F07997DFE748E5656521A9034446A1568F6950206B0D44A5664662275D"]

获取用户信息：success


当前等级:26,财富值:6047649

财富岛好友互助码每次运行都变化,旧的可继续使用

【京东账号1（15631692383_p）的京喜财富岛好友互助码】C28A126BC325426BDEBE8D8BBC469EFD6DF2A32AF54E5E1F7DB4552DB244201E



签到列表：success


📌签到：你今日已签到过啦，请明天再来
待开通场景ID列表sceneList;[]

【欢乐牧场】🏝岛主 : 获取财富值：¥ 39 


【欢乐牧场】👬好友: 没有可收取钞票 

【欢乐牧场领取红包】 招工人数不达标

【便利店】🏝岛主 : 获取财富值：¥ 21 


【便利店】👬好友: 没有可收取钞票 

【便利店领取红包】参数错误

【京喜餐厅】🏝岛主 : 获取财富值：¥ 26 


【京喜餐厅】👬好友: 没有可收取钞票 

【京喜餐厅领取红包】参数错误

获取【📆日常任务】列表 ，总共10个任务！


开始第1个【📆日常任务】：每日三餐上岛

每日三餐上岛【做日常任务】：任务进行中或者未到任务时间


每日三餐上岛【领日常奖励】：任务为成就任务或者未到任务时间


结束第1个【📆日常任务】：每日三餐上岛


开始第2个【📆日常任务】：每日三餐上岛

每日三餐上岛【做日常任务】：任务进行中或者未到任务时间


每日三餐上岛【领日常奖励】：任务为成就任务或者未到任务时间


结束第2个【📆日常任务】：每日三餐上岛


开始第3个【📆日常任务】：关注浏览京喜好店

关注浏览京喜好店【做日常任务】：任务进行中或者未到任务时间


关注浏览京喜好店【领日常奖励】：任务为成就任务或者未到任务时间


结束第3个【📆日常任务】：关注浏览京喜好店


开始第4个【📆日常任务】：每日逛京喜爆品

每日逛京喜爆品【做日常任务】： mission success

每日逛京喜爆品【领日常奖励】： 获得财富值 ¥ 2000


每日逛京喜爆品【领日常奖励】：任务为成就任务或者未到任务时间


结束第4个【📆日常任务】：每日逛京喜爆品


开始第5个【📆日常任务】：特卖商品限量抢

特卖商品限量抢【做日常任务】：任务进行中或者未到任务时间


特卖商品限量抢【领日常奖励】：任务为成就任务或者未到任务时间


结束第5个【📆日常任务】：特卖商品限量抢


开始第6个【📆日常任务】：逛商品集市得财富

逛商品集市得财富【做日常任务】： mission success

逛商品集市得财富【领日常奖励】： 获得财富值 ¥ 1000


逛商品集市得财富【领日常奖励】：任务为成就任务或者未到任务时间


结束第6个【📆日常任务】：逛商品集市得财富


开始第7个【📆日常任务】：天天领免费福利

天天领免费福利【做日常任务】： mission success

天天领免费福利【领日常奖励】： 获得财富值 ¥ 3000


天天领免费福利【领日常奖励】：任务为成就任务或者未到任务时间


结束第7个【📆日常任务】：天天领免费福利


开始第8个【📆日常任务】：每日逛逛赢福利

每日逛逛赢福利【做日常任务】： mission success

每日逛逛赢福利【领日常奖励】： 获得财富值 ¥ 3000


每日逛逛赢福利【领日常奖励】：任务为成就任务或者未到任务时间


结束第8个【📆日常任务】：每日逛逛赢福利


开始第9个【📆日常任务】：邀请岛民好友首次上岛

邀请岛民好友首次上岛【做日常任务】：任务进行中或者未到任务时间


邀请岛民好友首次上岛【领日常奖励】：任务为成就任务或者未到任务时间


结束第9个【📆日常任务】：邀请岛民好友首次上岛


开始第10个【📆日常任务】：去岛屿商城下一单

去岛屿商城下一单【做日常任务】：任务进行中或者未到任务时间


去岛屿商城下一单【领日常奖励】：任务为成就任务或者未到任务时间


结束第10个【📆日常任务】：去岛屿商城下一单


🎁寻宝：宝藏冷却中，请等待冷却完毕

🎁寻宝：宝藏冷却中，请等待冷却完毕

🎁寻宝：宝藏冷却中，请等待冷却完毕

获取【🎖成就任务】列表 ，总共0个任务！


【🏝寻宝大作战】【全民暴富岛】开宝箱：未达到宝箱开启条件，快去邀请好友助力吧！

【🏝寻宝大作战】【好运连连岛】开宝箱：未达到宝箱开启条件，快去邀请好友助力吧！

【🏝寻宝大作战】【平安喜乐岛】开宝箱：未达到宝箱开启条件，快去邀请好友助力吧！

【🏝寻宝大作战】【万事大吉岛】开宝箱：未达到宝箱开启条件，快去邀请好友助力吧！


你的【🏝寻宝大作战】互助码: Jxcfd_GroupId_352_1099586911141(每天都变化,旧的不可用)


去助力好友 【FA00A56D50C6589BC941527DE216A632B89CC0D5A39956B11BD5AB8B02EAA6B3】
超级助力(超级工人)结果:{"dwAwardExperience":500,"dwAwardMany":500,"dwCurTime":1625875892,"iRet":2005,"sErrMsg":"每天打工次数上限","strPin":"15631692383_p"}

"Timeout awaiting 'request' for 10000ms"
京喜财富岛 createAssistUser JoinScene API请求失败，请检查网路重试

开始【京东账号2】Ycp_Dream

由于您第2个京东账号未提供shareCode,将采纳本脚本自带的助力码

开始
第2个京东账号将要助力的好友["FA00A56D50C6589BC941527DE216A632B89CC0D5A39956B11BD5AB8B02EAA6B3","A13A472C0826D29815C0E8DB1E416FF2631415379A71B880F9BC7298743E02C9","AC44A799D9BD875DA9F3CAF1D06E7EBC10F916A6BFF7E4A4053422C8289DD22F","E328E35084A30DCE3B6CDA262D241942A75FBF859B66B47F7BD6B144C715143A","3E4FCA1315E7D614686CCCC2386FDBC5AEB6E10E5EFC25AEEA12C211E8BE3509","C615955B40B3721E7AD21DF5EE697CBEC43A66D310269452600CF291E26BCF59","1C06C35CCD990D362BC4A10808EA7EE18DD56B7347A52198C9B9EC0D19F791BA","21ECA8C831E3FFD014FB5EA53A5C1EA02A835A31CFE4E7D1B5F5C676A860B6A5","44099A7213D08369EA6953377B7214B7817FEE9CB02177E09FBFEAA5232F47AD","7FF8E184072BC6A974D496188793B09243AFC4AEB971E5F559D219C20239415A","BA6B937DD9ED1D204E2410CAE804D55DE13247DE96B95B7D1D7D7CE9281D92AB","786244973ED40333D34F1A4BAE5A3FD5165FA58B320CE6C9B603D6358CD0E5C9","5F9D6DF5A4A56BCA001F0EFC20E14D0B1AAABBDE7CC6245F7DEA2D363F920AE6","69232A74C7EA864981BDFF0E96EBD094852A57B4EC0F6200E93AF1252C47CAF1","5FC094BB67D47C42C51B7980EB8A3B6D0A73B81904E60D46366396BA5B836E55","FDA07FE3254918F58F8C52B4EC19B9C86DBCF0300937E64BE5A8D2696BA57375","69232A74C7EA864981BDFF0E96EBD094852A57B4EC0F6200E93AF1252C47CAF1","AA84E76C60EEC2A2BB3BF8EBD65175527C5D3D7FCCA2781E01E2E1F8CA85F650","A9E06C370818371E014ADB8CCDBBBC74FFEED5CF0F503725481E82E73CE7E63C","69C9B1E2CC75DBC3BAF7F08BD293373F5102E39AFC7D6577797FBFD0908E9E69","F45CB4F07997DFE748E5656521A9034446A1568F6950206B0D44A5664662275D"]

获取用户信息：success


当前等级:10,财富值:944065

财富岛好友互助码每次运行都变化,旧的可继续使用

【京东账号2（jd_74a8d71c978d9）的京喜财富岛好友互助码】8B214CC66D6AD674E5BF2B0D678AE96869D5C7256857144D093599A73A5B5D88


"Response code 530 (undefined)"
京喜财富岛 API请求失败，请检查网路重试

签到列表：success


📌签到：success，获得财富 ¥ 2150

待开通场景ID列表sceneList;["1002","1003"]

【欢乐牧场】🏝岛主 : 没有可收取钞票 


【欢乐牧场】👬好友: 没有可收取钞票 

【欢乐牧场领取红包】 招工人数不达标

获取【📆日常任务】列表 ，总共20个任务！


开始第1个【📆日常任务】：签到领现金

签到领现金【做日常任务】：


签到领现金【领日常奖励】： 获得财富值 ¥ 2000


签到领现金【做日常任务】：任务进行中或者未到任务时间


签到领现金【领日常奖励】：任务为成就任务或者未到任务时间


结束第1个【📆日常任务】：签到领现金


开始第2个【📆日常任务】：每日三餐上岛

每日三餐上岛【做日常任务】：任务进行中或者未到任务时间


每日三餐上岛【领日常奖励】：任务为成就任务或者未到任务时间


结束第2个【📆日常任务】：每日三餐上岛


开始第3个【📆日常任务】：每日三餐上岛

每日三餐上岛【做日常任务】：任务进行中或者未到任务时间


每日三餐上岛【领日常奖励】：任务为成就任务或者未到任务时间


结束第3个【📆日常任务】：每日三餐上岛


开始第4个【📆日常任务】：每日三餐上岛

每日三餐上岛【做日常任务】： mission success

每日三餐上岛【领日常奖励】： 获得财富值 ¥ 1000


每日三餐上岛【领日常奖励】：任务为成就任务或者未到任务时间


结束第4个【📆日常任务】：每日三餐上岛


开始第5个【📆日常任务】：出海寻宝赢红包

出海寻宝赢红包【做日常任务】：


出海寻宝赢红包【领日常奖励】： 获得财富值 ¥ 1000


出海寻宝赢红包【做日常任务】：任务进行中或者未到任务时间


出海寻宝赢红包【领日常奖励】：任务为成就任务或者未到任务时间


结束第5个【📆日常任务】：出海寻宝赢红包


开始第6个【📆日常任务】：从首页“领现金”进入财富岛

从首页“领现金”进入财富岛【做日常任务】：


从首页“领现金”进入财富岛【领日常奖励】： 获得财富值 ¥ 1000


从首页“领现金”进入财富岛【做日常任务】：任务进行中或者未到任务时间


从首页“领现金”进入财富岛【领日常奖励】：任务为成就任务或者未到任务时间


结束第6个【📆日常任务】：从首页“领现金”进入财富岛


开始第7个【📆日常任务】：提升京享值 领专属权益

提升京享值 领专属权益【做日常任务】：


提升京享值 领专属权益【领日常奖励】： 获得财富值 ¥ 2000


提升京享值 领专属权益【做日常任务】：任务进行中或者未到任务时间


提升京享值 领专属权益【领日常奖励】：任务为成就任务或者未到任务时间


结束第7个【📆日常任务】：提升京享值 领专属权益


开始第8个【📆日常任务】：领888元红包

领888元红包【做日常任务】：


领888元红包【领日常奖励】： 获得财富值 ¥ 1500


领888元红包【做日常任务】：任务进行中或者未到任务时间


领888元红包【领日常奖励】：任务为成就任务或者未到任务时间


结束第8个【📆日常任务】：领888元红包


开始第9个【📆日常任务】：半打啤酒9.9元抢

半打啤酒9.9元抢【做日常任务】：


半打啤酒9.9元抢【领日常奖励】： 获得财富值 ¥ 2000


半打啤酒9.9元抢【做日常任务】：任务进行中或者未到任务时间


半打啤酒9.9元抢【领日常奖励】：任务为成就任务或者未到任务时间


结束第9个【📆日常任务】：半打啤酒9.9元抢


开始第10个【📆日常任务】：1元兑美妆小样

1元兑美妆小样【做日常任务】：任务进行中或者未到任务时间


1元兑美妆小样【领日常奖励】： 获得财富值 ¥ 2000

"Timeout awaiting 'request' for 10000ms"
京喜财富岛 Award API请求失败，请检查网路重试

结束第10个【📆日常任务】：1元兑美妆小样


开始第11个【📆日常任务】：去赢1000元红包

去赢1000元红包【做日常任务】：


去赢1000元红包【领日常奖励】： 获得财富值 ¥ 2000


去赢1000元红包【做日常任务】：任务进行中或者未到任务时间


去赢1000元红包【领日常奖励】：任务为成就任务或者未到任务时间


结束第11个【📆日常任务】：去赢1000元红包


开始第12个【📆日常任务】：关注浏览京喜好店

关注浏览京喜好店【做日常任务】：任务进行中或者未到任务时间

"Timeout awaiting 'request' for 10000ms"
京喜财富岛 Award API请求失败，请检查网路重试

结束第12个【📆日常任务】：关注浏览京喜好店


开始第13个【📆日常任务】：每日逛京喜爆品
"Timeout awaiting 'request' for 10000ms"
京喜财富岛 DoTask API请求失败，请检查网路重试
"Timeout awaiting 'request' for 10000ms"
京喜财富岛 Award API请求失败，请检查网路重试

结束第13个【📆日常任务】：每日逛京喜爆品


开始第14个【📆日常任务】：1万份鸡蛋免费送
"Timeout awaiting 'request' for 10000ms"
京喜财富岛 DoTask API请求失败，请检查网路重试

1万份鸡蛋免费送【领日常奖励】：任务为成就任务或者未到任务时间


结束第14个【📆日常任务】：1万份鸡蛋免费送


开始第15个【📆日常任务】：特卖商品限量抢

特卖商品限量抢【做日常任务】：任务进行中或者未到任务时间


特卖商品限量抢【领日常奖励】：任务为成就任务或者未到任务时间


结束第15个【📆日常任务】：特卖商品限量抢


开始第16个【📆日常任务】：逛商品集市得财富

逛商品集市得财富【做日常任务】：


逛商品集市得财富【领日常奖励】：任务为成就任务或者未到任务时间


逛商品集市得财富【做日常任务】：


逛商品集市得财富【做日常任务】：

"Timeout awaiting 'request' for 10000ms"
京喜财富岛 DoTask API请求失败，请检查网路重试

结束第16个【📆日常任务】：逛商品集市得财富


开始第17个【📆日常任务】：天天领免费福利
"Timeout awaiting 'request' for 10000ms"
京喜财富岛 DoTask API请求失败，请检查网路重试
"Timeout awaiting 'request' for 10000ms"
京喜财富岛 Award API请求失败，请检查网路重试

结束第17个【📆日常任务】：天天领免费福利


开始第18个【📆日常任务】：每日逛逛赢福利

每日逛逛赢福利【做日常任务】：


每日逛逛赢福利【领日常奖励】：任务为成就任务或者未到任务时间


每日逛逛赢福利【做日常任务】：


每日逛逛赢福利【做日常任务】：


每日逛逛赢福利【做日常任务】：


每日逛逛赢福利【做日常任务】：任务进行中或者未到任务时间


结束第18个【📆日常任务】：每日逛逛赢福利


开始第19个【📆日常任务】：邀请岛民好友首次上岛

邀请岛民好友首次上岛【做日常任务】：任务进行中或者未到任务时间


邀请岛民好友首次上岛【领日常奖励】：任务为成就任务或者未到任务时间


结束第19个【📆日常任务】：邀请岛民好友首次上岛


开始第20个【📆日常任务】：去岛屿商城下一单

去岛屿商城下一单【做日常任务】：任务进行中或者未到任务时间


去岛屿商城下一单【领日常奖励】：任务为成就任务或者未到任务时间


结束第20个【📆日常任务】：去岛屿商城下一单


【small_stone】🎁寻宝： ，获取随机奖励：¥ 746 


【tree】🎁寻宝： ，获取随机奖励：¥ 825 


【wood】🎁寻宝： ，获取随机奖励：¥ 507 


获取【🎖成就任务】列表 ，总共1个任务！


开始第1个【🎖成就任务】：累计寻宝120次

累计寻宝120次【领成就奖励】： success 获得财富值：¥ 1000


结束第1个【🎖成就任务】：累计寻宝120次

"Timeout awaiting 'request' for 10000ms"
京喜财富岛 FunCenterState API请求失败，请检查网路重试
"Timeout awaiting 'request' for 10000ms"
京喜财富岛 GatherForture API请求失败，请检查网路重试
"Timeout awaiting 'request' for 10000ms"
京喜财富岛 GatherForture API请求失败，请检查网路重试
去助力好友 【FA00A56D50C6589BC941527DE216A632B89CC0D5A39956B11BD5AB8B02EAA6B3】
"Timeout awaiting 'request' for 10000ms"
京喜财富岛 createSuperAssistUser JoinScene API请求失败，请检查网路重试
普通助力(招工)结果:{"dwAwardExperience":500,"dwAwardMany":500,"dwCurTime":1625877049,"iRet":2009,"sErrMsg":"招工已满","strPin":"jd_74a8d71c978d9"}

去助力好友 【A13A472C0826D29815C0E8DB1E416FF2631415379A71B880F9BC7298743E02C9】
超级助力(超级工人)结果:{"dwAwardExperience":500,"dwAwardMany":500,"dwCurTime":1625877061,"iRet":2009,"sErrMsg":"招工已满","strPin":"jd_74a8d71c978d9"}

普通助力(招工)结果:{"dwAwardExperience":500,"dwAwardMany":500,"dwCurTime":1625877071,"iRet":2009,"sErrMsg":"招工已满","strPin":"jd_74a8d71c978d9"}

去助力好友 【AC44A799D9BD875DA9F3CAF1D06E7EBC10F916A6BFF7E4A4053422C8289DD22F】
超级助力(超级工人)结果:{"dwAwardExperience":500,"dwAwardMany":500,"dwCurTime":1625877084,"iRet":2009,"sErrMsg":"招工已满","strPin":"jd_74a8d71c978d9"}

普通助力(招工)结果:{"dwAwardExperience":500,"dwAwardMany":500,"dwCurTime":1625877098,"iRet":2009,"sErrMsg":"招工已满","strPin":"jd_74a8d71c978d9"}

去助力好友 【E328E35084A30DCE3B6CDA262D241942A75FBF859B66B47F7BD6B144C715143A】
"Response code 401 (Unauthorized)"
京喜财富岛 createSuperAssistUser JoinScene API请求失败，请检查网路重试
"Timeout awaiting 'request' for 10000ms"
京喜财富岛 createAssistUser JoinScene API请求失败，请检查网路重试
去助力好友 【3E4FCA1315E7D614686CCCC2386FDBC5AEB6E10E5EFC25AEEA12C211E8BE3509】
"Timeout awaiting 'request' for 10000ms"
京喜财富岛 createSuperAssistUser JoinScene API请求失败，请检查网路重试
"Timeout awaiting 'request' for 10000ms"
京喜财富岛 createAssistUser JoinScene API请求失败，请检查网路重试
去助力好友 【C615955B40B3721E7AD21DF5EE697CBEC43A66D310269452600CF291E26BCF59】
"Timeout awaiting 'request' for 10000ms"
京喜财富岛 createSuperAssistUser JoinScene API请求失败，请检查网路重试
"Timeout awaiting 'request' for 10000ms"
京喜财富岛 createAssistUser JoinScene API请求失败，请检查网路重试
去助力好友 【1C06C35CCD990D362BC4A10808EA7EE18DD56B7347A52198C9B9EC0D19F791BA】
"Timeout awaiting 'request' for 10000ms"
京喜财富岛 createSuperAssistUser JoinScene API请求失败，请检查网路重试
"Timeout awaiting 'request' for 10000ms"
京喜财富岛 createAssistUser JoinScene API请求失败，请检查网路重试
去助力好友 【21ECA8C831E3FFD014FB5EA53A5C1EA02A835A31CFE4E7D1B5F5C676A860B6A5】
"Timeout awaiting 'request' for 10000ms"
京喜财富岛 createSuperAssistUser JoinScene API请求失败，请检查网路重试
"Timeout awaiting 'request' for 10000ms"
京喜财富岛 createAssistUser JoinScene API请求失败，请检查网路重试
去助力好友 【44099A7213D08369EA6953377B7214B7817FEE9CB02177E09FBFEAA5232F47AD】
"Timeout awaiting 'request' for 10000ms"
京喜财富岛 createSuperAssistUser JoinScene API请求失败，请检查网路重试
"Timeout awaiting 'request' for 10000ms"
京喜财富岛 createAssistUser JoinScene API请求失败，请检查网路重试
去助力好友 【7FF8E184072BC6A974D496188793B09243AFC4AEB971E5F559D219C20239415A】
"Timeout awaiting 'request' for 10000ms"
京喜财富岛 createSuperAssistUser JoinScene API请求失败，请检查网路重试
"Timeout awaiting 'request' for 10000ms"
京喜财富岛 createAssistUser JoinScene API请求失败，请检查网路重试
去助力好友 【BA6B937DD9ED1D204E2410CAE804D55DE13247DE96B95B7D1D7D7CE9281D92AB】
"Timeout awaiting 'request' for 10000ms"
京喜财富岛 createSuperAssistUser JoinScene API请求失败，请检查网路重试
"Timeout awaiting 'request' for 10000ms"
京喜财富岛 createAssistUser JoinScene API请求失败，请检查网路重试
去助力好友 【786244973ED40333D34F1A4BAE5A3FD5165FA58B320CE6C9B603D6358CD0E5C9】
"Timeout awaiting 'request' for 10000ms"
京喜财富岛 createSuperAssistUser JoinScene API请求失败，请检查网路重试
"Timeout awaiting 'request' for 10000ms"
京喜财富岛 createAssistUser JoinScene API请求失败，请检查网路重试
去助力好友 【5F9D6DF5A4A56BCA001F0EFC20E14D0B1AAABBDE7CC6245F7DEA2D363F920AE6】
"Timeout awaiting 'request' for 10000ms"
京喜财富岛 createSuperAssistUser JoinScene API请求失败，请检查网路重试
"Timeout awaiting 'request' for 10000ms"
京喜财富岛 createAssistUser JoinScene API请求失败，请检查网路重试
去助力好友 【69232A74C7EA864981BDFF0E96EBD094852A57B4EC0F6200E93AF1252C47CAF1】
"Timeout awaiting 'request' for 10000ms"
京喜财富岛 createSuperAssistUser JoinScene API请求失败，请检查网路重试
"Timeout awaiting 'request' for 10000ms"
京喜财富岛 createAssistUser JoinScene API请求失败，请检查网路重试
去助力好友 【5FC094BB67D47C42C51B7980EB8A3B6D0A73B81904E60D46366396BA5B836E55】
"Timeout awaiting 'request' for 10000ms"
京喜财富岛 createSuperAssistUser JoinScene API请求失败，请检查网路重试
"Timeout awaiting 'request' for 10000ms"
京喜财富岛 createAssistUser JoinScene API请求失败，请检查网路重试
去助力好友 【FDA07FE3254918F58F8C52B4EC19B9C86DBCF0300937E64BE5A8D2696BA57375】
"Timeout awaiting 'request' for 10000ms"
京喜财富岛 createSuperAssistUser JoinScene API请求失败，请检查网路重试
"Timeout awaiting 'request' for 10000ms"
京喜财富岛 createAssistUser JoinScene API请求失败，请检查网路重试
去助力好友 【69232A74C7EA864981BDFF0E96EBD094852A57B4EC0F6200E93AF1252C47CAF1】
"Timeout awaiting 'request' for 10000ms"
京喜财富岛 createSuperAssistUser JoinScene API请求失败，请检查网路重试
"Timeout awaiting 'request' for 10000ms"
京喜财富岛 createAssistUser JoinScene API请求失败，请检查网路重试
去助力好友 【AA84E76C60EEC2A2BB3BF8EBD65175527C5D3D7FCCA2781E01E2E1F8CA85F650】
"Timeout awaiting 'request' for 10000ms"
京喜财富岛 createSuperAssistUser JoinScene API请求失败，请检查网路重试
"Timeout awaiting 'request' for 10000ms"
京喜财富岛 createAssistUser JoinScene API请求失败，请检查网路重试
去助力好友 【A9E06C370818371E014ADB8CCDBBBC74FFEED5CF0F503725481E82E73CE7E63C】
"Timeout awaiting 'request' for 10000ms"
京喜财富岛 createSuperAssistUser JoinScene API请求失败，请检查网路重试
普通助力(招工)结果:{"dwAwardExperience":500,"dwAwardMany":500,"dwCurTime":1625878460,"iRet":2009,"sErrMsg":"招工已满","strPin":"jd_74a8d71c978d9"}

去助力好友 【69C9B1E2CC75DBC3BAF7F08BD293373F5102E39AFC7D6577797FBFD0908E9E69】
超级助力(超级工人)结果:{"dwAwardExperience":500,"dwAwardMany":500,"dwCurTime":1625878474,"iRet":2009,"sErrMsg":"招工已满","strPin":"jd_74a8d71c978d9"}

普通助力(招工)结果:{"dwAwardExperience":500,"dwAwardMany":500,"dwCurTime":1625878490,"iRet":2009,"sErrMsg":"招工已满","strPin":"jd_74a8d71c978d9"}

去助力好友 【F45CB4F07997DFE748E5656521A9034446A1568F6950206B0D44A5664662275D】
超级助力(超级工人)结果:{"dwAwardExperience":500,"dwAwardMany":500,"dwCurTime":1625878506,"iRet":2009,"sErrMsg":"招工已满","strPin":"jd_74a8d71c978d9"}

普通助力(招工)结果:{"dwAwardExperience":500,"dwAwardMany":500,"dwCurTime":1625878518,"iRet":2009,"sErrMsg":"招工已满","strPin":"jd_74a8d71c978d9"}



寻宝大作战，自己账号内部循环互助


账号15631692383_p 去参加 Jxcfd_GroupId_352_1099586911141 寻宝大作战
iRet:2013 不能给自己助力


寻宝大作战，助力作者

账号15631692383_p 去参加寻宝大作战 Jxcfd_GroupId_351_1099586597401 等待10秒
iRet:2021 团已经过期
账号15631692383_p 去参加寻宝大作战 Jxcfd_GroupId_351_74367631 等待10秒
iRet:2021 团已经过期
账号15631692383_p 去参加寻宝大作战 Jxcfd_GroupId_351_74374012 等待10秒
iRet:2021 团已经过期
账号15631692383_p 去参加寻宝大作战 Jxcfd_GroupId_351_74368379 等待10秒
iRet:2021 团已经过期
账号15631692383_p 去参加寻宝大作战 Jxcfd_GroupId_351_1099586685345 等待10秒
iRet:2021 团已经过期
账号15631692383_p 去参加寻宝大作战 Jxcfd_GroupId_351_1099586605162 等待10秒
iRet:2021 团已经过期
账号15631692383_p 去参加寻宝大作战 Jxcfd_GroupId_351_1099586687234 等待10秒
iRet:2021 团已经过期
账号15631692383_p 去参加寻宝大作战 Jxcfd_GroupId_351_74381155 等待10秒
iRet:2021 团已经过期
账号15631692383_p 去参加寻宝大作战 Jxcfd_GroupId_351_1099586607455 等待10秒
iRet:2021 团已经过期
账号15631692383_p 去参加寻宝大作战 Jxcfd_GroupId_351_74384489 等待10秒
iRet:2021 团已经过期
账号15631692383_p 去参加寻宝大作战 Jxcfd_GroupId_351_1099586709496 等待10秒
"Response code 401 (Unauthorized)"
京喜财富岛 joinGroup API请求失败，请检查网路重试
账号15631692383_p 去参加寻宝大作战 Jxcfd_GroupId_351_74397815 等待10秒
iRet:2021 团已经过期
账号15631692383_p 去参加寻宝大作战 Jxcfd_GroupId_351_1099586710596 等待10秒
iRet:2021 团已经过期
账号15631692383_p 去参加寻宝大作战 Jxcfd_GroupId_351_1099586651420 等待10秒
iRet:2021 团已经过期
账号15631692383_p 去参加寻宝大作战 Jxcfd_GroupId_351_74394835 等待10秒
iRet:2021 团已经过期
账号15631692383_p 去参加寻宝大作战 Jxcfd_GroupId_351_1099586652025 等待10秒
"Response code 401 (Unauthorized)"
京喜财富岛 joinGroup API请求失败，请检查网路重试


寻宝大作战，自己账号内部循环互助


账号jd_74a8d71c978d9 去参加 Jxcfd_GroupId_352_1099586911141 寻宝大作战
iRet:0 success


寻宝大作战，助力作者

账号jd_74a8d71c978d9 去参加寻宝大作战 Jxcfd_GroupId_351_1099586597401 等待10秒
iRet:2021 团已经过期
账号jd_74a8d71c978d9 去参加寻宝大作战 Jxcfd_GroupId_351_74367631 等待10秒
iRet:2021 团已经过期
账号jd_74a8d71c978d9 去参加寻宝大作战 Jxcfd_GroupId_351_74374012 等待10秒
iRet:2021 团已经过期
账号jd_74a8d71c978d9 去参加寻宝大作战 Jxcfd_GroupId_351_74368379 等待10秒
"Response code 401 (Unauthorized)"
京喜财富岛 joinGroup API请求失败，请检查网路重试
账号jd_74a8d71c978d9 去参加寻宝大作战 Jxcfd_GroupId_351_1099586685345 等待10秒
iRet:2021 团已经过期
账号jd_74a8d71c978d9 去参加寻宝大作战 Jxcfd_GroupId_351_1099586605162 等待10秒
iRet:2021 团已经过期
账号jd_74a8d71c978d9 去参加寻宝大作战 Jxcfd_GroupId_351_1099586687234 等待10秒
iRet:2021 团已经过期
账号jd_74a8d71c978d9 去参加寻宝大作战 Jxcfd_GroupId_351_74381155 等待10秒
iRet:2021 团已经过期
账号jd_74a8d71c978d9 去参加寻宝大作战 Jxcfd_GroupId_351_1099586607455 等待10秒
iRet:2021 团已经过期
账号jd_74a8d71c978d9 去参加寻宝大作战 Jxcfd_GroupId_351_74384489 等待10秒
iRet:2021 团已经过期
账号jd_74a8d71c978d9 去参加寻宝大作战 Jxcfd_GroupId_351_1099586709496 等待10秒
iRet:2021 团已经过期
账号jd_74a8d71c978d9 去参加寻宝大作战 Jxcfd_GroupId_351_74397815 等待10秒
iRet:2021 团已经过期
账号jd_74a8d71c978d9 去参加寻宝大作战 Jxcfd_GroupId_351_1099586710596 等待10秒
iRet:2021 团已经过期
账号jd_74a8d71c978d9 去参加寻宝大作战 Jxcfd_GroupId_351_1099586651420 等待10秒
"Response code 401 (Unauthorized)"
京喜财富岛 joinGroup API请求失败，请检查网路重试
账号jd_74a8d71c978d9 去参加寻宝大作战 Jxcfd_GroupId_351_74394835 等待10秒
iRet:2021 团已经过期
账号jd_74a8d71c978d9 去参加寻宝大作战 Jxcfd_GroupId_351_1099586652025 等待10秒
iRet:2021 团已经过期

==============📣系统通知📣==============
京喜财富岛
【京东账号1】Ymh__Sirius
【💵财富值】6047649

【京东账号2】Ycp_Dream
【💵财富值】944065


🔔京喜财富岛, 结束! 🕛 3313.706 秒

