
🔔京喜财富岛, 开始!

====================共2个京东账号Cookie=========

==================脚本执行- 北京时间(UTC+8)：7/11/2021, 11:40:50 PM=====================

开始获取京喜财富岛配置文件

您提供了0个账号的京喜财富岛助力码

获取签名参数成功！
fp: 0117527132333162
token: tk01wacff1bd6a8nc2oxZFhmVEFyH1XCqLQq0AqMLY00ruALKdSMRst/3mjhQd3adCYDmcr2kJ+uWbgBi0PXPW07wSPG
enCryptMethodJD: function test(token,fingerprint,timestamp,appId,algo){const random='Z7KzVDqRHiL0';const str=`${token}${fingerprint}${timestamp}${appId}${random}`;return algo.SHA512(str)}

开始【京东账号1】Ymh__Sirius

由于您第1个京东账号未提供shareCode,将采纳本脚本自带的助力码

开始
"Response code 530 (undefined)"
京喜财富岛 API请求失败，请检查网路重试
第1个京东账号将要助力的好友["FA00A56D50C6589BC941527DE216A632B89CC0D5A39956B11BD5AB8B02EAA6B3","A13A472C0826D29815C0E8DB1E416FF2631415379A71B880F9BC7298743E02C9","AC44A799D9BD875DA9F3CAF1D06E7EBC10F916A6BFF7E4A4053422C8289DD22F","E328E35084A30DCE3B6CDA262D241942A75FBF859B66B47F7BD6B144C715143A","3E4FCA1315E7D614686CCCC2386FDBC5AEB6E10E5EFC25AEEA12C211E8BE3509","C615955B40B3721E7AD21DF5EE697CBEC43A66D310269452600CF291E26BCF59","1C06C35CCD990D362BC4A10808EA7EE18DD56B7347A52198C9B9EC0D19F791BA","21ECA8C831E3FFD014FB5EA53A5C1EA02A835A31CFE4E7D1B5F5C676A860B6A5","44099A7213D08369EA6953377B7214B7817FEE9CB02177E09FBFEAA5232F47AD","7FF8E184072BC6A974D496188793B09243AFC4AEB971E5F559D219C20239415A","BA6B937DD9ED1D204E2410CAE804D55DE13247DE96B95B7D1D7D7CE9281D92AB","786244973ED40333D34F1A4BAE5A3FD5165FA58B320CE6C9B603D6358CD0E5C9","5F9D6DF5A4A56BCA001F0EFC20E14D0B1AAABBDE7CC6245F7DEA2D363F920AE6","69232A74C7EA864981BDFF0E96EBD094852A57B4EC0F6200E93AF1252C47CAF1","5FC094BB67D47C42C51B7980EB8A3B6D0A73B81904E60D46366396BA5B836E55","FDA07FE3254918F58F8C52B4EC19B9C86DBCF0300937E64BE5A8D2696BA57375","69232A74C7EA864981BDFF0E96EBD094852A57B4EC0F6200E93AF1252C47CAF1","AA84E76C60EEC2A2BB3BF8EBD65175527C5D3D7FCCA2781E01E2E1F8CA85F650","A9E06C370818371E014ADB8CCDBBBC74FFEED5CF0F503725481E82E73CE7E63C","69C9B1E2CC75DBC3BAF7F08BD293373F5102E39AFC7D6577797FBFD0908E9E69","F45CB4F07997DFE748E5656521A9034446A1568F6950206B0D44A5664662275D"]

获取用户信息：success


当前等级:26,财富值:6136555

财富岛好友互助码每次运行都变化,旧的可继续使用

【京东账号1（15631692383_p）的京喜财富岛好友互助码】C28A126BC325426BDEBE8D8BBC469EFD00D17E79610F24DD3592A389A6558FED



签到列表：success


📌签到：你今日已签到过啦，请明天再来
待开通场景ID列表sceneList;[]

【欢乐牧场】🏝岛主 : 获取财富值：¥ 1759 


【欢乐牧场】👬好友: 没有可收取钞票 

【欢乐牧场领取红包】 招工人数不达标

【便利店】🏝岛主 : 获取财富值：¥ 882 


【便利店】👬好友: 没有可收取钞票 

【便利店领取红包】参数错误

【京喜餐厅】🏝岛主 : 获取财富值：¥ 1099 


【京喜餐厅】👬好友: 没有可收取钞票 

【京喜餐厅领取红包】参数错误

获取【📆日常任务】列表 ，总共4个任务！


开始第1个【📆日常任务】：关注浏览京喜好店

关注浏览京喜好店【做日常任务】：任务进行中或者未到任务时间


关注浏览京喜好店【领日常奖励】：任务为成就任务或者未到任务时间


结束第1个【📆日常任务】：关注浏览京喜好店


开始第2个【📆日常任务】：特卖商品限量抢

特卖商品限量抢【做日常任务】：任务进行中或者未到任务时间


特卖商品限量抢【领日常奖励】：任务为成就任务或者未到任务时间


结束第2个【📆日常任务】：特卖商品限量抢


开始第3个【📆日常任务】：邀请岛民好友首次上岛

邀请岛民好友首次上岛【做日常任务】：任务进行中或者未到任务时间


邀请岛民好友首次上岛【领日常奖励】：任务为成就任务或者未到任务时间


结束第3个【📆日常任务】：邀请岛民好友首次上岛


开始第4个【📆日常任务】：去岛屿商城下一单

去岛屿商城下一单【做日常任务】：任务进行中或者未到任务时间


去岛屿商城下一单【领日常奖励】：任务为成就任务或者未到任务时间


结束第4个【📆日常任务】：去岛屿商城下一单


🎁寻宝：寻宝次数不足

🤏偷取好友【jd_**6a7】【欢乐牧场】财富值：¥ 没有可偷取的钞票


🤏偷取好友【jd_**6a7】【便利店】财富值：¥ 151


🤏偷取好友【jd_**6a7】【京喜餐厅】财富值：¥ 每天偷钞票次数上限


🤏偷取好友【jd_**6a7】【】财富值：¥ 每天偷钞票次数上限


🤏偷取好友【光之暗**811】【欢乐牧场】财富值：¥ 每天偷钞票次数上限


🤏偷取好友【光之暗**811】【便利店】财富值：¥ 每天偷钞票次数上限


🤏偷取好友【光之暗**811】【京喜餐厅】财富值：¥ 每天偷钞票次数上限


🤏偷取好友【光之暗**811】【】财富值：¥ 每天偷钞票次数上限


🤏偷取好友【jd_**652】【欢乐牧场】财富值：¥ 每天偷钞票次数上限


🤏偷取好友【jd_**652】【便利店】财富值：¥ 每天偷钞票次数上限


🤏偷取好友【jd_**652】【京喜餐厅】财富值：¥ 每天偷钞票次数上限


🤏偷取好友【jd_**652】【】财富值：¥ 每天偷钞票次数上限


🤏偷取好友【jes**922】【欢乐牧场】财富值：¥ 每天偷钞票次数上限


🤏偷取好友【jes**922】【便利店】财富值：¥ 每天偷钞票次数上限


🤏偷取好友【jes**922】【】财富值：¥ 每天偷钞票次数上限


🤏偷取好友【jd_**005】【欢乐牧场】财富值：¥ 每天偷钞票次数上限


🤏偷取好友【jd_**005】【便利店】财富值：¥ 每天偷钞票次数上限


🤏偷取好友【jd_**005】【】财富值：¥ 每天偷钞票次数上限


获取【🎖成就任务】列表 ，总共0个任务！


【🏝寻宝大作战】【全民暴富岛】开宝箱：未达到宝箱开启条件，快去邀请好友助力吧！

【🏝寻宝大作战】【好运连连岛】开宝箱：未达到宝箱开启条件，快去邀请好友助力吧！

【🏝寻宝大作战】【平安喜乐岛】开宝箱：未达到宝箱开启条件，快去邀请好友助力吧！

【🏝寻宝大作战】【万事大吉岛】开宝箱：未达到宝箱开启条件，快去邀请好友助力吧！


你的【🏝寻宝大作战】互助码: Jxcfd_GroupId_353_1099587095353(每天都变化,旧的不可用)


去助力好友 【FA00A56D50C6589BC941527DE216A632B89CC0D5A39956B11BD5AB8B02EAA6B3】
超级助力(超级工人)结果:{"dwAwardExperience":500,"dwAwardMany":500,"dwCurTime":1626018209,"iRet":2005,"sErrMsg":"每天打工次数上限","strPin":"15631692383_p"}

普通助力(招工)结果:{"dwAwardExperience":500,"dwAwardMany":500,"dwCurTime":1626018220,"iRet":2005,"sErrMsg":"每天打工次数上限","strPin":"15631692383_p"}


开始【京东账号2】Ycp_Dream

由于您第2个京东账号未提供shareCode,将采纳本脚本自带的助力码

开始
"Response code 530 (undefined)"
京喜财富岛 API请求失败，请检查网路重试
第2个京东账号将要助力的好友["FA00A56D50C6589BC941527DE216A632B89CC0D5A39956B11BD5AB8B02EAA6B3","A13A472C0826D29815C0E8DB1E416FF2631415379A71B880F9BC7298743E02C9","AC44A799D9BD875DA9F3CAF1D06E7EBC10F916A6BFF7E4A4053422C8289DD22F","E328E35084A30DCE3B6CDA262D241942A75FBF859B66B47F7BD6B144C715143A","3E4FCA1315E7D614686CCCC2386FDBC5AEB6E10E5EFC25AEEA12C211E8BE3509","C615955B40B3721E7AD21DF5EE697CBEC43A66D310269452600CF291E26BCF59","1C06C35CCD990D362BC4A10808EA7EE18DD56B7347A52198C9B9EC0D19F791BA","21ECA8C831E3FFD014FB5EA53A5C1EA02A835A31CFE4E7D1B5F5C676A860B6A5","44099A7213D08369EA6953377B7214B7817FEE9CB02177E09FBFEAA5232F47AD","7FF8E184072BC6A974D496188793B09243AFC4AEB971E5F559D219C20239415A","BA6B937DD9ED1D204E2410CAE804D55DE13247DE96B95B7D1D7D7CE9281D92AB","786244973ED40333D34F1A4BAE5A3FD5165FA58B320CE6C9B603D6358CD0E5C9","5F9D6DF5A4A56BCA001F0EFC20E14D0B1AAABBDE7CC6245F7DEA2D363F920AE6","69232A74C7EA864981BDFF0E96EBD094852A57B4EC0F6200E93AF1252C47CAF1","5FC094BB67D47C42C51B7980EB8A3B6D0A73B81904E60D46366396BA5B836E55","FDA07FE3254918F58F8C52B4EC19B9C86DBCF0300937E64BE5A8D2696BA57375","69232A74C7EA864981BDFF0E96EBD094852A57B4EC0F6200E93AF1252C47CAF1","AA84E76C60EEC2A2BB3BF8EBD65175527C5D3D7FCCA2781E01E2E1F8CA85F650","A9E06C370818371E014ADB8CCDBBBC74FFEED5CF0F503725481E82E73CE7E63C","69C9B1E2CC75DBC3BAF7F08BD293373F5102E39AFC7D6577797FBFD0908E9E69","F45CB4F07997DFE748E5656521A9034446A1568F6950206B0D44A5664662275D"]

获取用户信息：success


当前等级:10,财富值:966893

财富岛好友互助码每次运行都变化,旧的可继续使用

【京东账号2（jd_74a8d71c978d9）的京喜财富岛好友互助码】8B214CC66D6AD674E5BF2B0D678AE9689BC66593E405DD0EA3F68897DAF23425



签到列表：success


📌签到：success，获得财富 ¥ 2300

待开通场景ID列表sceneList;["1002","1003"]

【欢乐牧场】🏝岛主 : 获取财富值：¥ 2600 


【欢乐牧场】👬好友: 没有可收取钞票 

【欢乐牧场领取红包】 招工人数不达标

获取【📆日常任务】列表 ，总共19个任务！


开始第1个【📆日常任务】：每日三餐上岛

每日三餐上岛【做日常任务】：任务进行中或者未到任务时间


每日三餐上岛【领日常奖励】：任务为成就任务或者未到任务时间


结束第1个【📆日常任务】：每日三餐上岛


开始第2个【📆日常任务】：每日三餐上岛

每日三餐上岛【做日常任务】：任务进行中或者未到任务时间


每日三餐上岛【领日常奖励】：任务为成就任务或者未到任务时间


结束第2个【📆日常任务】：每日三餐上岛


开始第3个【📆日常任务】：每日三餐上岛

每日三餐上岛【做日常任务】：任务进行中或者未到任务时间


每日三餐上岛【领日常奖励】：任务为成就任务或者未到任务时间


结束第3个【📆日常任务】：每日三餐上岛


开始第4个【📆日常任务】：出海寻宝赢红包

出海寻宝赢红包【做日常任务】：


出海寻宝赢红包【领日常奖励】： 获得财富值 ¥ 1000


出海寻宝赢红包【做日常任务】：任务进行中或者未到任务时间


出海寻宝赢红包【领日常奖励】：任务为成就任务或者未到任务时间


结束第4个【📆日常任务】：出海寻宝赢红包


开始第5个【📆日常任务】：从首页“领现金”进入财富岛

从首页“领现金”进入财富岛【做日常任务】：


从首页“领现金”进入财富岛【领日常奖励】： 获得财富值 ¥ 1000


从首页“领现金”进入财富岛【做日常任务】：任务进行中或者未到任务时间


从首页“领现金”进入财富岛【领日常奖励】：任务为成就任务或者未到任务时间


结束第5个【📆日常任务】：从首页“领现金”进入财富岛


开始第6个【📆日常任务】：提升京享值 领专属权益

提升京享值 领专属权益【做日常任务】：


提升京享值 领专属权益【领日常奖励】： 获得财富值 ¥ 2000


提升京享值 领专属权益【做日常任务】：任务进行中或者未到任务时间


提升京享值 领专属权益【领日常奖励】：任务为成就任务或者未到任务时间


结束第6个【📆日常任务】：提升京享值 领专属权益


开始第7个【📆日常任务】：领888元红包

领888元红包【做日常任务】：


领888元红包【领日常奖励】： 获得财富值 ¥ 1500


领888元红包【做日常任务】：任务进行中或者未到任务时间


领888元红包【领日常奖励】：任务为成就任务或者未到任务时间


结束第7个【📆日常任务】：领888元红包


开始第8个【📆日常任务】：半打啤酒9.9元抢

半打啤酒9.9元抢【做日常任务】：


半打啤酒9.9元抢【领日常奖励】： 获得财富值 ¥ 2000


半打啤酒9.9元抢【做日常任务】：任务进行中或者未到任务时间


半打啤酒9.9元抢【领日常奖励】：任务为成就任务或者未到任务时间


结束第8个【📆日常任务】：半打啤酒9.9元抢


开始第9个【📆日常任务】：1元兑美妆小样

1元兑美妆小样【做日常任务】：


1元兑美妆小样【领日常奖励】： 获得财富值 ¥ 2000


1元兑美妆小样【做日常任务】：任务进行中或者未到任务时间


1元兑美妆小样【领日常奖励】：任务为成就任务或者未到任务时间


结束第9个【📆日常任务】：1元兑美妆小样


开始第10个【📆日常任务】：去赢1000元红包

去赢1000元红包【做日常任务】：


去赢1000元红包【领日常奖励】： 获得财富值 ¥ 2000


去赢1000元红包【做日常任务】：任务进行中或者未到任务时间


去赢1000元红包【领日常奖励】：任务为成就任务或者未到任务时间


结束第10个【📆日常任务】：去赢1000元红包


开始第11个【📆日常任务】：关注浏览京喜好店

关注浏览京喜好店【做日常任务】：任务进行中或者未到任务时间


关注浏览京喜好店【领日常奖励】：任务为成就任务或者未到任务时间


结束第11个【📆日常任务】：关注浏览京喜好店


开始第12个【📆日常任务】：每日逛京喜爆品

每日逛京喜爆品【做日常任务】：


每日逛京喜爆品【领日常奖励】：任务为成就任务或者未到任务时间


每日逛京喜爆品【做日常任务】：


每日逛京喜爆品【做日常任务】：


每日逛京喜爆品【做日常任务】：


每日逛京喜爆品【做日常任务】：任务进行中或者未到任务时间


结束第12个【📆日常任务】：每日逛京喜爆品


开始第13个【📆日常任务】：1万份鸡蛋免费送

1万份鸡蛋免费送【做日常任务】：


1万份鸡蛋免费送【领日常奖励】： 获得财富值 ¥ 1000


1万份鸡蛋免费送【做日常任务】：任务进行中或者未到任务时间


1万份鸡蛋免费送【领日常奖励】：任务为成就任务或者未到任务时间


结束第13个【📆日常任务】：1万份鸡蛋免费送


开始第14个【📆日常任务】：特卖商品限量抢

特卖商品限量抢【做日常任务】：任务进行中或者未到任务时间


特卖商品限量抢【领日常奖励】：任务为成就任务或者未到任务时间


结束第14个【📆日常任务】：特卖商品限量抢


开始第15个【📆日常任务】：逛商品集市得财富

逛商品集市得财富【做日常任务】：


逛商品集市得财富【领日常奖励】：任务为成就任务或者未到任务时间


逛商品集市得财富【做日常任务】：


逛商品集市得财富【做日常任务】：


逛商品集市得财富【做日常任务】：


逛商品集市得财富【做日常任务】：


结束第15个【📆日常任务】：逛商品集市得财富


开始第16个【📆日常任务】：天天领免费福利

天天领免费福利【做日常任务】：


天天领免费福利【领日常奖励】：任务为成就任务或者未到任务时间


天天领免费福利【做日常任务】：


天天领免费福利【做日常任务】：任务进行中或者未到任务时间


结束第16个【📆日常任务】：天天领免费福利


开始第17个【📆日常任务】：每日逛逛赢福利

每日逛逛赢福利【做日常任务】：


每日逛逛赢福利【领日常奖励】：任务为成就任务或者未到任务时间


每日逛逛赢福利【做日常任务】：


每日逛逛赢福利【做日常任务】：


每日逛逛赢福利【做日常任务】：


每日逛逛赢福利【做日常任务】：任务进行中或者未到任务时间


结束第17个【📆日常任务】：每日逛逛赢福利


开始第18个【📆日常任务】：邀请岛民好友首次上岛

邀请岛民好友首次上岛【做日常任务】：任务进行中或者未到任务时间


邀请岛民好友首次上岛【领日常奖励】：任务为成就任务或者未到任务时间


结束第18个【📆日常任务】：邀请岛民好友首次上岛


开始第19个【📆日常任务】：去岛屿商城下一单

去岛屿商城下一单【做日常任务】：任务进行中或者未到任务时间


去岛屿商城下一单【领日常奖励】：任务为成就任务或者未到任务时间


结束第19个【📆日常任务】：去岛屿商城下一单


【small_stone】🎁寻宝： ，获取随机奖励：¥ 718 


【tree】🎁寻宝： ，获取随机奖励：¥ 633 


【wood】🎁寻宝： ，获取随机奖励：¥ 913 


获取【🎖成就任务】列表 ，总共0个任务！


【🏝寻宝大作战】【全民暴富岛】开宝箱：未达到宝箱开启条件，快去邀请好友助力吧！

【🏝寻宝大作战】【好运连连岛】开宝箱：未达到宝箱开启条件，快去邀请好友助力吧！

【🏝寻宝大作战】【平安喜乐岛】开宝箱：未达到宝箱开启条件，快去邀请好友助力吧！

【🏝寻宝大作战】【万事大吉岛】开宝箱：未达到宝箱开启条件，快去邀请好友助力吧！

【🏝寻宝大作战】success



你的【🏝寻宝大作战】互助码: Jxcfd_GroupId_353_1099587249231(每天都变化,旧的不可用)


去助力好友 【FA00A56D50C6589BC941527DE216A632B89CC0D5A39956B11BD5AB8B02EAA6B3】
超级助力(超级工人)结果:{"dwAwardExperience":500,"dwAwardMany":500,"dwCurTime":1626018556,"iRet":2009,"sErrMsg":"招工已满","strPin":"jd_74a8d71c978d9"}

普通助力(招工)结果:{"dwAwardExperience":500,"dwAwardMany":500,"dwCurTime":1626018567,"iRet":2009,"sErrMsg":"招工已满","strPin":"jd_74a8d71c978d9"}

去助力好友 【A13A472C0826D29815C0E8DB1E416FF2631415379A71B880F9BC7298743E02C9】
超级助力(超级工人)结果:{"dwAwardExperience":500,"dwAwardMany":500,"dwCurTime":1626018579,"iRet":2009,"sErrMsg":"招工已满","strPin":"jd_74a8d71c978d9"}

普通助力(招工)结果:{"dwAwardExperience":500,"dwAwardMany":500,"dwCurTime":1626018594,"iRet":2009,"sErrMsg":"招工已满","strPin":"jd_74a8d71c978d9"}

去助力好友 【AC44A799D9BD875DA9F3CAF1D06E7EBC10F916A6BFF7E4A4053422C8289DD22F】
超级助力(超级工人)结果:{"dwAwardExperience":500,"dwAwardMany":500,"dwCurTime":1626018606,"iRet":2009,"sErrMsg":"招工已满","strPin":"jd_74a8d71c978d9"}

普通助力(招工)结果:{"dwAwardExperience":500,"dwAwardMany":500,"dwCurTime":1626018617,"iRet":2009,"sErrMsg":"招工已满","strPin":"jd_74a8d71c978d9"}

去助力好友 【E328E35084A30DCE3B6CDA262D241942A75FBF859B66B47F7BD6B144C715143A】
超级助力(超级工人)结果:{"dwAwardExperience":500,"dwAwardMany":500,"dwCurTime":1626018629,"iRet":2009,"sErrMsg":"招工已满","strPin":"jd_74a8d71c978d9"}

普通助力(招工)结果:{"dwAwardExperience":500,"dwAwardMany":500,"dwCurTime":1626018639,"iRet":2009,"sErrMsg":"招工已满","strPin":"jd_74a8d71c978d9"}

去助力好友 【3E4FCA1315E7D614686CCCC2386FDBC5AEB6E10E5EFC25AEEA12C211E8BE3509】
超级助力(超级工人)结果:{"dwAwardExperience":500,"dwAwardMany":500,"dwCurTime":1626018652,"iRet":2009,"sErrMsg":"招工已满","strPin":"jd_74a8d71c978d9"}

普通助力(招工)结果:{"dwAwardExperience":500,"dwAwardMany":500,"dwCurTime":1626018662,"iRet":2009,"sErrMsg":"招工已满","strPin":"jd_74a8d71c978d9"}

去助力好友 【C615955B40B3721E7AD21DF5EE697CBEC43A66D310269452600CF291E26BCF59】
超级助力(超级工人)结果:{"dwAwardExperience":500,"dwAwardMany":500,"dwCurTime":1626018674,"iRet":2009,"sErrMsg":"招工已满","strPin":"jd_74a8d71c978d9"}

"Response code 401 (Unauthorized)"
京喜财富岛 createAssistUser JoinScene API请求失败，请检查网路重试
去助力好友 【1C06C35CCD990D362BC4A10808EA7EE18DD56B7347A52198C9B9EC0D19F791BA】
"Response code 401 (Unauthorized)"
京喜财富岛 createSuperAssistUser JoinScene API请求失败，请检查网路重试
普通助力(招工)结果:{"dwAwardExperience":500,"dwAwardMany":500,"dwCurTime":1626018706,"iRet":2009,"sErrMsg":"招工已满","strPin":"jd_74a8d71c978d9"}

去助力好友 【21ECA8C831E3FFD014FB5EA53A5C1EA02A835A31CFE4E7D1B5F5C676A860B6A5】
超级助力(超级工人)结果:{"dwAwardExperience":500,"dwAwardMany":500,"dwCurTime":1626018742,"iRet":2009,"sErrMsg":"招工已满","strPin":"jd_74a8d71c978d9"}

普通助力(招工)结果:{"dwAwardExperience":500,"dwAwardMany":500,"dwCurTime":1626018752,"iRet":2009,"sErrMsg":"招工已满","strPin":"jd_74a8d71c978d9"}

去助力好友 【44099A7213D08369EA6953377B7214B7817FEE9CB02177E09FBFEAA5232F47AD】
超级助力(超级工人)结果:{"dwAwardExperience":500,"dwAwardMany":500,"dwCurTime":1626018765,"iRet":2009,"sErrMsg":"招工已满","strPin":"jd_74a8d71c978d9"}

普通助力(招工)结果:{"dwAwardExperience":500,"dwAwardMany":500,"dwCurTime":1626018775,"iRet":2009,"sErrMsg":"招工已满","strPin":"jd_74a8d71c978d9"}

去助力好友 【7FF8E184072BC6A974D496188793B09243AFC4AEB971E5F559D219C20239415A】
超级助力(超级工人)结果:{"dwAwardExperience":500,"dwAwardMany":500,"dwCurTime":1626018787,"iRet":2009,"sErrMsg":"招工已满","strPin":"jd_74a8d71c978d9"}

普通助力(招工)结果:{"dwAwardExperience":500,"dwAwardMany":500,"dwCurTime":1626018798,"iRet":2009,"sErrMsg":"招工已满","strPin":"jd_74a8d71c978d9"}

去助力好友 【BA6B937DD9ED1D204E2410CAE804D55DE13247DE96B95B7D1D7D7CE9281D92AB】
超级助力(超级工人)结果:{"dwAwardExperience":500,"dwAwardMany":500,"dwCurTime":1626018810,"iRet":2009,"sErrMsg":"招工已满","strPin":"jd_74a8d71c978d9"}

"Response code 401 (Unauthorized)"
京喜财富岛 createAssistUser JoinScene API请求失败，请检查网路重试
去助力好友 【786244973ED40333D34F1A4BAE5A3FD5165FA58B320CE6C9B603D6358CD0E5C9】
超级助力(超级工人)结果:{"dwAwardExperience":500,"dwAwardMany":500,"dwCurTime":1626018832,"iRet":2009,"sErrMsg":"招工已满","strPin":"jd_74a8d71c978d9"}

普通助力(招工)结果:{"dwAwardExperience":500,"dwAwardMany":500,"dwCurTime":1626018842,"iRet":2009,"sErrMsg":"招工已满","strPin":"jd_74a8d71c978d9"}

去助力好友 【5F9D6DF5A4A56BCA001F0EFC20E14D0B1AAABBDE7CC6245F7DEA2D363F920AE6】
超级助力(超级工人)结果:{"dwAwardExperience":500,"dwAwardMany":500,"dwCurTime":1626018854,"iRet":2009,"sErrMsg":"招工已满","strPin":"jd_74a8d71c978d9"}

普通助力(招工)结果:{"dwAwardExperience":500,"dwAwardMany":500,"dwCurTime":1626018864,"iRet":2009,"sErrMsg":"招工已满","strPin":"jd_74a8d71c978d9"}

去助力好友 【69232A74C7EA864981BDFF0E96EBD094852A57B4EC0F6200E93AF1252C47CAF1】
"Response code 401 (Unauthorized)"
京喜财富岛 createSuperAssistUser JoinScene API请求失败，请检查网路重试
"Response code 401 (Unauthorized)"
京喜财富岛 createAssistUser JoinScene API请求失败，请检查网路重试
去助力好友 【5FC094BB67D47C42C51B7980EB8A3B6D0A73B81904E60D46366396BA5B836E55】
超级助力(超级工人)结果:{"dwAwardExperience":500,"dwAwardMany":500,"dwCurTime":1626018899,"iRet":2009,"sErrMsg":"招工已满","strPin":"jd_74a8d71c978d9"}

普通助力(招工)结果:{"dwAwardExperience":500,"dwAwardMany":500,"dwCurTime":1626018909,"iRet":2009,"sErrMsg":"招工已满","strPin":"jd_74a8d71c978d9"}

去助力好友 【FDA07FE3254918F58F8C52B4EC19B9C86DBCF0300937E64BE5A8D2696BA57375】
超级助力(超级工人)结果:{"dwAwardExperience":500,"dwAwardMany":500,"dwCurTime":1626018921,"iRet":2009,"sErrMsg":"招工已满","strPin":"jd_74a8d71c978d9"}

普通助力(招工)结果:{"dwAwardExperience":500,"dwAwardMany":500,"dwCurTime":1626018931,"iRet":2009,"sErrMsg":"招工已满","strPin":"jd_74a8d71c978d9"}

去助力好友 【69232A74C7EA864981BDFF0E96EBD094852A57B4EC0F6200E93AF1252C47CAF1】
超级助力(超级工人)结果:{"dwAwardExperience":500,"dwAwardMany":500,"dwCurTime":1626018944,"iRet":2009,"sErrMsg":"招工已满","strPin":"jd_74a8d71c978d9"}

普通助力(招工)结果:{"dwAwardExperience":500,"dwAwardMany":500,"dwCurTime":1626018954,"iRet":2009,"sErrMsg":"招工已满","strPin":"jd_74a8d71c978d9"}

去助力好友 【AA84E76C60EEC2A2BB3BF8EBD65175527C5D3D7FCCA2781E01E2E1F8CA85F650】
超级助力(超级工人)结果:{"dwAwardExperience":500,"dwAwardMany":500,"dwCurTime":1626018967,"iRet":2009,"sErrMsg":"招工已满","strPin":"jd_74a8d71c978d9"}

普通助力(招工)结果:{"dwAwardExperience":500,"dwAwardMany":500,"dwCurTime":1626018978,"iRet":2009,"sErrMsg":"招工已满","strPin":"jd_74a8d71c978d9"}

去助力好友 【A9E06C370818371E014ADB8CCDBBBC74FFEED5CF0F503725481E82E73CE7E63C】
超级助力(超级工人)结果:{"dwAwardExperience":500,"dwAwardMany":500,"dwCurTime":1626018993,"iRet":2009,"sErrMsg":"招工已满","strPin":"jd_74a8d71c978d9"}

普通助力(招工)结果:{"dwAwardExperience":500,"dwAwardMany":500,"dwCurTime":1626019003,"iRet":2009,"sErrMsg":"招工已满","strPin":"jd_74a8d71c978d9"}

去助力好友 【69C9B1E2CC75DBC3BAF7F08BD293373F5102E39AFC7D6577797FBFD0908E9E69】
超级助力(超级工人)结果:{"dwAwardExperience":500,"dwAwardMany":500,"dwCurTime":1626019016,"iRet":2009,"sErrMsg":"招工已满","strPin":"jd_74a8d71c978d9"}

"Response code 401 (Unauthorized)"
京喜财富岛 createAssistUser JoinScene API请求失败，请检查网路重试
去助力好友 【F45CB4F07997DFE748E5656521A9034446A1568F6950206B0D44A5664662275D】
超级助力(超级工人)结果:{"dwAwardExperience":500,"dwAwardMany":500,"dwCurTime":1626019038,"iRet":2009,"sErrMsg":"招工已满","strPin":"jd_74a8d71c978d9"}

普通助力(招工)结果:{"dwAwardExperience":500,"dwAwardMany":500,"dwCurTime":1626019048,"iRet":2009,"sErrMsg":"招工已满","strPin":"jd_74a8d71c978d9"}



寻宝大作战，自己账号内部循环互助


账号15631692383_p 去参加 Jxcfd_GroupId_353_1099587095353 寻宝大作战
iRet:2013 不能给自己助力
账号15631692383_p 去参加 Jxcfd_GroupId_353_1099587249231 寻宝大作战
iRet:2005 每天打工次数上限


寻宝大作战，自己账号内部循环互助


账号jd_74a8d71c978d9 去参加 Jxcfd_GroupId_353_1099587095353 寻宝大作战
iRet:0 success
账号jd_74a8d71c978d9 去参加 Jxcfd_GroupId_353_1099587249231 寻宝大作战
iRet:2013 不能给自己助力


寻宝大作战，助力作者

账号jd_74a8d71c978d9 去参加寻宝大作战 Jxcfd_GroupId_353_1099587175204 等待10秒
iRet:2022 已经成团
账号jd_74a8d71c978d9 去参加寻宝大作战 Jxcfd_GroupId_353_1099587090966 等待10秒
iRet:2022 已经成团
账号jd_74a8d71c978d9 去参加寻宝大作战 Jxcfd_GroupId_353_1099587181722 等待10秒
iRet:2022 已经成团
账号jd_74a8d71c978d9 去参加寻宝大作战 Jxcfd_GroupId_353_74854276 等待10秒
iRet:2022 已经成团
账号jd_74a8d71c978d9 去参加寻宝大作战 Jxcfd_GroupId_353_74867487 等待10秒
iRet:2022 已经成团
账号jd_74a8d71c978d9 去参加寻宝大作战 Jxcfd_GroupId_353_1099587104840 等待10秒
"Response code 401 (Unauthorized)"
京喜财富岛 joinGroup API请求失败，请检查网路重试
账号jd_74a8d71c978d9 去参加寻宝大作战 Jxcfd_GroupId_353_74878098 等待10秒
iRet:2022 已经成团
账号jd_74a8d71c978d9 去参加寻宝大作战 Jxcfd_GroupId_353_1099587107613 等待10秒
iRet:2022 已经成团
账号jd_74a8d71c978d9 去参加寻宝大作战 Jxcfd_GroupId_353_74894303 等待10秒
iRet:2022 已经成团
账号jd_74a8d71c978d9 去参加寻宝大作战 Jxcfd_GroupId_353_1099587096103 等待10秒
"Response code 401 (Unauthorized)"
京喜财富岛 joinGroup API请求失败，请检查网路重试
账号jd_74a8d71c978d9 去参加寻宝大作战 Jxcfd_GroupId_353_1099587210984 等待10秒
iRet:2022 已经成团
账号jd_74a8d71c978d9 去参加寻宝大作战 Jxcfd_GroupId_353_1099587200506 等待10秒
iRet:2029 没有活动
账号jd_74a8d71c978d9 去参加寻宝大作战 Jxcfd_GroupId_353_74908322 等待10秒
iRet:2029 没有活动
账号jd_74a8d71c978d9 去参加寻宝大作战 Jxcfd_GroupId_353_1099587215303 等待10秒
iRet:2029 没有活动
账号jd_74a8d71c978d9 去参加寻宝大作战 Jxcfd_GroupId_353_1099587156480 等待10秒
iRet:2029 没有活动
账号jd_74a8d71c978d9 去参加寻宝大作战 Jxcfd_GroupId_353_74916657 等待10秒
iRet:2029 没有活动
账号jd_74a8d71c978d9 去参加寻宝大作战 Jxcfd_GroupId_353_1099587308438 等待10秒
iRet:2029 没有活动

==============📣系统通知📣==============
京喜财富岛
【京东账号1】Ymh__Sirius
【💵财富值】6136555

【京东账号2】Ycp_Dream
【💵财富值】966893


🔔京喜财富岛, 结束! 🕛 1220.579 秒

