
🔔京喜财富岛, 开始!

====================共4个京东账号Cookie=========

==================脚本执行- 北京时间(UTC+8)：7/1/2021, 8:05:27 AM=====================

开始获取京喜财富岛配置文件

您提供了0个账号的京喜财富岛助力码

获取签名参数成功！
fp: 6016292611789162
token: tk01wb2af1c48a8ndTQzYkg2ZWdr4UYrGrR4R2K77eKd1dEAHwTfhMEtzAs3KjQoZqP1p5g94deQPFijTDg19tohNgOf
enCryptMethodJD: function test(token,fingerprint,timestamp,appId,algo){const random='BIVFTtVQl6C6';const str=`${token}${fingerprint}${timestamp}${appId}${random}`;return algo.HmacMD5(str,token)}

开始【京东账号1】Ymh__Sirius

由于您第1个京东账号未提供shareCode,将采纳本脚本自带的助力码

开始
第1个京东账号将要助力的好友["FA00A56D50C6589BC941527DE216A632B89CC0D5A39956B11BD5AB8B02EAA6B3","A13A472C0826D29815C0E8DB1E416FF2631415379A71B880F9BC7298743E02C9","AC44A799D9BD875DA9F3CAF1D06E7EBC10F916A6BFF7E4A4053422C8289DD22F","E328E35084A30DCE3B6CDA262D241942A75FBF859B66B47F7BD6B144C715143A","3E4FCA1315E7D614686CCCC2386FDBC5AEB6E10E5EFC25AEEA12C211E8BE3509","C615955B40B3721E7AD21DF5EE697CBEC43A66D310269452600CF291E26BCF59","1C06C35CCD990D362BC4A10808EA7EE18DD56B7347A52198C9B9EC0D19F791BA","21ECA8C831E3FFD014FB5EA53A5C1EA02A835A31CFE4E7D1B5F5C676A860B6A5","44099A7213D08369EA6953377B7214B7817FEE9CB02177E09FBFEAA5232F47AD","7FF8E184072BC6A974D496188793B09243AFC4AEB971E5F559D219C20239415A","BA6B937DD9ED1D204E2410CAE804D55DE13247DE96B95B7D1D7D7CE9281D92AB","786244973ED40333D34F1A4BAE5A3FD5165FA58B320CE6C9B603D6358CD0E5C9","5F9D6DF5A4A56BCA001F0EFC20E14D0B1AAABBDE7CC6245F7DEA2D363F920AE6","69232A74C7EA864981BDFF0E96EBD094852A57B4EC0F6200E93AF1252C47CAF1","5FC094BB67D47C42C51B7980EB8A3B6D0A73B81904E60D46366396BA5B836E55","FDA07FE3254918F58F8C52B4EC19B9C86DBCF0300937E64BE5A8D2696BA57375","69232A74C7EA864981BDFF0E96EBD094852A57B4EC0F6200E93AF1252C47CAF1","AA84E76C60EEC2A2BB3BF8EBD65175527C5D3D7FCCA2781E01E2E1F8CA85F650","A9E06C370818371E014ADB8CCDBBBC74FFEED5CF0F503725481E82E73CE7E63C","69C9B1E2CC75DBC3BAF7F08BD293373F5102E39AFC7D6577797FBFD0908E9E69","F45CB4F07997DFE748E5656521A9034446A1568F6950206B0D44A5664662275D"]

获取用户信息：success


当前等级:25,财富值:5811230

财富岛好友互助码每次运行都变化,旧的可继续使用

【京东账号1（15631692383_p）的京喜财富岛好友互助码】C28A126BC325426BDEBE8D8BBC469EFD077528939D8935314A270F846B70A183



签到列表：success


📌签到：你今日已签到过啦，请明天再来
待开通场景ID列表sceneList;["1003"]

【欢乐牧场】🏝岛主 : 获取财富值：¥ 67 


【欢乐牧场】👬好友: 没有可收取钞票 

【欢乐牧场领取红包】 招工人数不达标

【便利店】🏝岛主 : 获取财富值：¥ 33 


【便利店】👬好友: 没有可收取钞票 

【便利店领取红包】参数错误

获取【📆日常任务】列表 ，总共10个任务！

"Timeout awaiting 'request' for 10000ms"
京喜财富岛 API请求失败，请检查网路重试

开始第1个【📆日常任务】：每日三餐上岛

每日三餐上岛【做日常任务】：任务进行中或者未到任务时间


每日三餐上岛【领日常奖励】：任务为成就任务或者未到任务时间


结束第1个【📆日常任务】：每日三餐上岛


开始第2个【📆日常任务】：每日三餐上岛

每日三餐上岛【做日常任务】：任务进行中或者未到任务时间


每日三餐上岛【领日常奖励】：任务为成就任务或者未到任务时间


结束第2个【📆日常任务】：每日三餐上岛


开始第3个【📆日常任务】：关注浏览京喜好店

关注浏览京喜好店【做日常任务】：任务进行中或者未到任务时间


关注浏览京喜好店【领日常奖励】：任务为成就任务或者未到任务时间


结束第3个【📆日常任务】：关注浏览京喜好店


开始第4个【📆日常任务】：每日逛京喜爆品

每日逛京喜爆品【做日常任务】： mission success

每日逛京喜爆品【领日常奖励】： 获得财富值 ¥ 2000


每日逛京喜爆品【领日常奖励】：任务为成就任务或者未到任务时间


结束第4个【📆日常任务】：每日逛京喜爆品


开始第5个【📆日常任务】：特卖商品1元起

特卖商品1元起【做日常任务】：任务进行中或者未到任务时间


特卖商品1元起【领日常奖励】：任务为成就任务或者未到任务时间


结束第5个【📆日常任务】：特卖商品1元起


开始第6个【📆日常任务】：逛商品集市得财富

逛商品集市得财富【做日常任务】： mission success

逛商品集市得财富【领日常奖励】： 获得财富值 ¥ 1000


逛商品集市得财富【领日常奖励】：任务为成就任务或者未到任务时间


结束第6个【📆日常任务】：逛商品集市得财富


开始第7个【📆日常任务】：天天领免费福利

天天领免费福利【做日常任务】： mission success

天天领免费福利【领日常奖励】： 获得财富值 ¥ 3000


天天领免费福利【领日常奖励】：任务为成就任务或者未到任务时间


结束第7个【📆日常任务】：天天领免费福利


开始第8个【📆日常任务】：每日逛逛赢福利

每日逛逛赢福利【做日常任务】： mission success
