
🔔金榜创造营, 开始!

====================共2个京东账号Cookie=========

==================脚本执行- 北京时间(UTC+8)：7/9/2021, 8:55:21 PM=====================


******开始【京东账号1】Ymh__Sirius*********

共有5个主题
已投票5主题


******开始【京东账号2】Ycp_Dream*********

共有5个主题

做额外任务：金榜创造营-逛商品
成功，获得 0京豆


做额外任务：金榜创造营-关注店铺
成功，获得 0京豆


做额外任务：金榜创造营-逛会场
成功，获得 0京豆

已投票0主题


开始给【智能体系化趋势】主题下的商品进行投票
当前剩余投票次数：5
给 【OnePlus 9 Pro5G】 商品投票
成功，获得 0京豆


开始给【极致性价比趋势】主题下的商品进行投票
当前剩余投票次数：4
给 【惠普 暗影精灵游戏本】 商品投票
成功，获得 0京豆


开始给【个护成分党趋势】主题下的商品进行投票
当前剩余投票次数：3
给 【海飞丝 怡神冰凉型薄荷洗发水】 商品投票
成功，获得 0京豆


开始给【饮食健康管理趋势】主题下的商品进行投票
当前剩余投票次数：2
给 【Schiff 维生素D3软胶囊】 商品投票
成功，获得 0京豆


开始给【日用品质舒享趋势】主题下的商品进行投票
当前剩余投票次数：1
给 【博朗 电动剃须刀7系】 商品投票
成功，获得 0京豆


🔔金榜创造营, 结束! 🕛 20.617 秒

