
🔔金榜创造营, 开始!

====================共2个京东账号Cookie=========

==================脚本执行- 北京时间(UTC+8)：7/12/2021, 12:49:55 AM=====================


******开始【京东账号1】Ymh__Sirius*********

共有5个主题

做额外任务：金榜创造营-逛商品
成功，获得 0京豆


做额外任务：金榜创造营-关注店铺
成功，获得 0京豆


做额外任务：金榜创造营-逛会场
成功，获得 0京豆

已投票0主题


开始给【饮食健康管理趋势】主题下的商品进行投票
当前剩余投票次数：5
给 【蒙牛 特仑苏有机纯牛奶】 商品投票
成功，获得 0京豆


开始给【日用品质舒享趋势】主题下的商品进行投票
当前剩余投票次数：4
给 【维达 棉韧立体美抽纸 】 商品投票
成功，获得 0京豆


开始给【极致性价比趋势】主题下的商品进行投票
当前剩余投票次数：3
给 【ThinkPad X1Nano】 商品投票
成功，获得 0京豆


开始给【个护成分党趋势】主题下的商品进行投票
当前剩余投票次数：2
给 【兰蔻 发光肌底精华眼霜】 商品投票
成功，获得 0京豆


开始给【智能体系化趋势】主题下的商品进行投票
当前剩余投票次数：1
给 【小天鹅 滚筒洗衣机】 商品投票
成功，获得 0京豆


******开始【京东账号2】Ycp_Dream*********

共有5个主题

做额外任务：金榜创造营-逛商品
成功，获得 0京豆


做额外任务：金榜创造营-关注店铺
成功，获得 0京豆


做额外任务：金榜创造营-逛会场
成功，获得 0京豆

已投票0主题


开始给【极致性价比趋势】主题下的商品进行投票
当前剩余投票次数：5
给 【戴森Dyson 无线吸尘器】 商品投票
成功，获得 0京豆


开始给【日用品质舒享趋势】主题下的商品进行投票
当前剩余投票次数：4
给 【科勒 壁挂式马桶】 商品投票
成功，获得 0京豆


开始给【个护成分党趋势】主题下的商品进行投票
当前剩余投票次数：3
给 【OLAY 抗糖小白瓶精华面膜】 商品投票
成功，获得 0京豆


开始给【智能体系化趋势】主题下的商品进行投票
当前剩余投票次数：2
给 【realme 真我GT】 商品投票
成功，获得 0京豆


开始给【饮食健康管理趋势】主题下的商品进行投票
当前剩余投票次数：1
给 【蒙牛 特仑苏有机纯牛奶】 商品投票
成功，获得 0京豆


🔔金榜创造营, 结束! 🕛 40.282 秒

