
🔔金榜创造营, 开始!

====================共4个京东账号Cookie=========

==================脚本执行- 北京时间(UTC+8)：6/26/2021, 4:57:08 PM=====================


******开始【京东账号1】Ymh__Sirius*********

共有7个主题
已投票7主题


******开始【京东账号2】Ycp_Dream*********

共有7个主题

做额外任务：金榜创造营-逛商品
成功，获得 0京豆


做额外任务：金榜创造营-关注店铺
成功，获得 0京豆


做额外任务：金榜创造营-逛会场
成功，获得 0京豆

已投票0主题


开始给【居家个性多元趋势】主题下的商品进行投票
当前剩余投票次数：7
给 【奥普 智能浴霸】 商品投票
成功，获得 0京豆


开始给【日用全域舒享趋势】主题下的商品进行投票
当前剩余投票次数：6
给 【护舒宝 超薄亲肤卫生巾套装】 商品投票
成功，获得 0京豆


开始给【个护气味香氛趋势】主题下的商品进行投票
当前剩余投票次数：5
给 【欧乐B 漱口水】 商品投票
成功，获得 0京豆


开始给【数码极致体验趋势】主题下的商品进行投票
当前剩余投票次数：4
给 【戴尔 电脑显示器 】 商品投票
成功，获得 0京豆


开始给【家电智能生活趋势】主题下的商品进行投票
当前剩余投票次数：3
给 【飞利浦 智能液晶电视】 商品投票
成功，获得 0京豆


开始给【手机人文情怀趋势】主题下的商品进行投票
当前剩余投票次数：2
给 【Redmi Note10Pro】 商品投票
成功，获得 0京豆


开始给【饮食精细化式趋势】主题下的商品进行投票
当前剩余投票次数：1
给 【蒙牛 真果粒牛奶乳品】 商品投票
成功，获得 0京豆


******开始【京东账号3】jd_585601a83bd48*********

共有7个主题

做额外任务：金榜创造营-逛商品
成功，获得 1京豆


做额外任务：金榜创造营-关注店铺
成功，获得 1京豆


做额外任务：金榜创造营-逛会场
成功，获得 1京豆

已投票0主题


开始给【个护气味香氛趋势】主题下的商品进行投票
当前剩余投票次数：7
给 【潘婷 高保湿发膜】 商品投票
成功，获得 0京豆


开始给【饮食精细化式趋势】主题下的商品进行投票
当前剩余投票次数：6
给 【伊利 全脂高钙奶粉罐装】 商品投票
成功，获得 1京豆


开始给【手机人文情怀趋势】主题下的商品进行投票
当前剩余投票次数：5
给 【Redmi Note10Pro】 商品投票
成功，获得 1京豆


开始给【居家个性多元趋势】主题下的商品进行投票
当前剩余投票次数：4
给 【碧欧泉 无极限礼盒】 商品投票
成功，获得 0京豆


开始给【家电智能生活趋势】主题下的商品进行投票
当前剩余投票次数：3
给 【三星 QX2 超薄全面屏】 商品投票
成功，获得 0京豆


开始给【日用全域舒享趋势】主题下的商品进行投票
当前剩余投票次数：2
给 【护舒宝 夜用考拉安睡裤】 商品投票
成功，获得 1京豆


开始给【数码极致体验趋势】主题下的商品进行投票
当前剩余投票次数：1
给 【蔡司（ZEISS）镜头清洁纸巾】 商品投票
成功，获得 1京豆


==============📣系统通知📣==============
金榜创造营
【京东账号3】chao4596758
本次运行获得7京豆

******开始【京东账号4】jd_157332ewky*********

共有7个主题

做额外任务：金榜创造营-逛商品
成功，获得 0京豆


做额外任务：金榜创造营-关注店铺
成功，获得 0京豆


做额外任务：金榜创造营-逛会场
成功，获得 0京豆

已投票0主题


开始给【数码极致体验趋势】主题下的商品进行投票
当前剩余投票次数：7
给 【腾达 无线路由器】 商品投票
成功，获得 0京豆


开始给【饮食精细化式趋势】主题下的商品进行投票
当前剩余投票次数：6
给 【伊利 QQ星 配方牛奶】 商品投票
成功，获得 0京豆


开始给【日用全域舒享趋势】主题下的商品进行投票
当前剩余投票次数：5
给 【好奇 心钻装小森林纸尿裤】 商品投票
成功，获得 0京豆


开始给【手机人文情怀趋势】主题下的商品进行投票
当前剩余投票次数：4
给 【Redmi Note10Pro】 商品投票
成功，获得 0京豆


开始给【居家个性多元趋势】主题下的商品进行投票
当前剩余投票次数：3
给 【添可 无线智能洗地机】 商品投票
成功，获得 0京豆


开始给【个护气味香氛趋势】主题下的商品进行投票
当前剩余投票次数：2
给 【沙宣 锁色瓶固色护色洗发水】 商品投票
成功，获得 0京豆


开始给【家电智能生活趋势】主题下的商品进行投票
当前剩余投票次数：1
给 【博朗 往复式电动剃须刀】 商品投票
成功，获得 0京豆


🔔金榜创造营, 结束! 🕛 99.596 秒

