
🔔金榜创造营, 开始!

====================共4个京东账号Cookie=========

==================脚本执行- 北京时间(UTC+8)：6/30/2021, 3:22:14 PM=====================


******开始【京东账号1】Ymh__Sirius*********

共有7个主题
已投票7主题


******开始【京东账号2】Ycp_Dream*********

共有7个主题

做额外任务：金榜创造营-逛商品
成功，获得 0京豆


做额外任务：金榜创造营-关注店铺
成功，获得 0京豆


做额外任务：金榜创造营-逛会场
成功，获得 0京豆

已投票0主题


开始给【家电智能生活趋势】主题下的商品进行投票
当前剩余投票次数：7
给 【科沃斯 拖地机器人】 商品投票
成功，获得 0京豆


开始给【手机人文情怀趋势】主题下的商品进行投票
当前剩余投票次数：6
给 【科大讯飞 智能学习机】 商品投票
成功，获得 0京豆


开始给【日用全域舒享趋势】主题下的商品进行投票
当前剩余投票次数：5
给 【帮宝适 黑金帮拉拉裤】 商品投票
成功，获得 0京豆


开始给【个护气味香氛趋势】主题下的商品进行投票
当前剩余投票次数：4
给 【舒肤佳 红石榴氨基酸洗手液】 商品投票
成功，获得 0京豆


开始给【饮食精细化式趋势】主题下的商品进行投票
当前剩余投票次数：3
给 【雀巢 怡跃脱脂女士奶】 商品投票
成功，获得 0京豆


开始给【数码极致体验趋势】主题下的商品进行投票
当前剩余投票次数：2
给 【联想 小新Pro14笔记本电脑】 商品投票
成功，获得 0京豆


开始给【居家个性多元趋势】主题下的商品进行投票
当前剩余投票次数：1
给 【兰蔻 发光精华眼霜】 商品投票
成功，获得 0京豆


******开始【京东账号3】jd_585601a83bd48*********

共有7个主题

做额外任务：金榜创造营-逛商品
成功，获得 1京豆


做额外任务：金榜创造营-关注店铺
成功，获得 0京豆


做额外任务：金榜创造营-逛会场
成功，获得 1京豆

已投票0主题


开始给【家电智能生活趋势】主题下的商品进行投票
当前剩余投票次数：7
给 【三星 QX2 超薄全面屏】 商品投票
成功，获得 0京豆


开始给【个护气味香氛趋势】主题下的商品进行投票
当前剩余投票次数：6
给 【佳洁士 美白3D牙膏】 商品投票
成功，获得 1京豆


开始给【数码极致体验趋势】主题下的商品进行投票
当前剩余投票次数：5
给 【联想 小新Pro14笔记本电脑】 商品投票
成功，获得 1京豆


开始给【手机人文情怀趋势】主题下的商品进行投票
当前剩余投票次数：4
给 【一加OnePlus9 Pro 】 商品投票
成功，获得 0京豆


开始给【饮食精细化式趋势】主题下的商品进行投票
当前剩余投票次数：3
给 【嘉宝 米粉婴儿辅食】 商品投票
成功，获得 0京豆


开始给【日用全域舒享趋势】主题下的商品进行投票
当前剩余投票次数：2
给 【奥美生活 儿童医用印花口罩】 商品投票
成功，获得 0京豆


开始给【居家个性多元趋势】主题下的商品进行投票
当前剩余投票次数：1
给 【芝华仕  智能电动按摩椅】 商品投票
成功，获得 0京豆


==============📣系统通知📣==============
金榜创造营
【京东账号3】chao4596758
本次运行获得4京豆

******开始【京东账号4】jd_157332ewky*********

共有7个主题

做额外任务：金榜创造营-逛商品
成功，获得 0京豆


做额外任务：金榜创造营-关注店铺
成功，获得 0京豆


做额外任务：金榜创造营-逛会场
成功，获得 0京豆

已投票0主题


开始给【居家个性多元趋势】主题下的商品进行投票
当前剩余投票次数：7
给 【芝华仕  智能电动按摩椅】 商品投票
成功，获得 0京豆


开始给【家电智能生活趋势】主题下的商品进行投票
当前剩余投票次数：6
给 【美的 变频超薄霜十字对开门冰箱】 商品投票
成功，获得 0京豆


开始给【饮食精细化式趋势】主题下的商品进行投票
当前剩余投票次数：5
给 【neuriva 提升记忆力胶囊】 商品投票
成功，获得 0京豆


开始给【个护气味香氛趋势】主题下的商品进行投票
当前剩余投票次数：4
给 【沙宣 锁色瓶固色护色洗发水】 商品投票
成功，获得 0京豆


开始给【手机人文情怀趋势】主题下的商品进行投票
当前剩余投票次数：3
给 【OPPO K9双模5G】 商品投票
成功，获得 0京豆


开始给【数码极致体验趋势】主题下的商品进行投票
当前剩余投票次数：2
给 【联想 小新Pro14笔记本电脑】 商品投票
成功，获得 0京豆


开始给【日用全域舒享趋势】主题下的商品进行投票
当前剩余投票次数：1
给 【帮宝适 黑金帮拉拉裤】 商品投票
成功，获得 0京豆


🔔金榜创造营, 结束! 🕛 88.891 秒

