
🔔金榜创造营, 开始!

====================共5个京东账号Cookie=========

==================脚本执行- 北京时间(UTC+8)：7/2/2021, 9:37:15 AM=====================


******开始【京东账号1】Ymh__Sirius*********

共有7个主题
已投票7主题


******开始【京东账号2】Ycp_Dream*********

共有7个主题

做额外任务：金榜创造营-逛商品
成功，获得 0京豆


做额外任务：金榜创造营-关注店铺
成功，获得 0京豆


做额外任务：金榜创造营-逛会场
成功，获得 0京豆

已投票0主题


开始给【手机人文情怀趋势】主题下的商品进行投票
当前剩余投票次数：7
给 【OPPO K9双模5G】 商品投票
成功，获得 0京豆


开始给【家电智能生活趋势】主题下的商品进行投票
当前剩余投票次数：6
给 【海尔 对开门电冰箱】 商品投票
成功，获得 0京豆


开始给【日用全域舒享趋势】主题下的商品进行投票
当前剩余投票次数：5
给 【奥美生活 儿童医用印花口罩】 商品投票
成功，获得 0京豆


开始给【个护气味香氛趋势】主题下的商品进行投票
当前剩余投票次数：4
给 【海飞丝  控油净澈洗发水】 商品投票
成功，获得 0京豆


开始给【居家个性多元趋势】主题下的商品进行投票
当前剩余投票次数：3
给 【百雀羚 帧颜护肤套装】 商品投票
成功，获得 0京豆


开始给【数码极致体验趋势】主题下的商品进行投票
当前剩余投票次数：2
给 【华硕 路由器】 商品投票
成功，获得 0京豆


开始给【饮食精细化式趋势】主题下的商品进行投票
当前剩余投票次数：1
给 【雀巢 怡跃脱脂女士奶】 商品投票
成功，获得 0京豆


******开始【京东账号3】jd_585601a83bd48*********

共有7个主题

做额外任务：金榜创造营-逛商品
成功，获得 1京豆


做额外任务：金榜创造营-关注店铺
成功，获得 0京豆


做额外任务：金榜创造营-逛会场
成功，获得 0京豆

已投票0主题


开始给【日用全域舒享趋势】主题下的商品进行投票
当前剩余投票次数：7
给 【维达(Vinda)  3层抽纸】 商品投票
成功，获得 0京豆


开始给【饮食精细化式趋势】主题下的商品进行投票
当前剩余投票次数：6
给 【雀巢 怡跃脱脂女士奶】 商品投票
成功，获得 1京豆


开始给【个护气味香氛趋势】主题下的商品进行投票
当前剩余投票次数：5
给 【资生堂 透润美容液洗护套装】 商品投票
成功，获得 0京豆


开始给【居家个性多元趋势】主题下的商品进行投票
当前剩余投票次数：4
给 【添可 无线智能洗地机】 商品投票
成功，获得 1京豆


开始给【手机人文情怀趋势】主题下的商品进行投票
当前剩余投票次数：3
给 【iRobot 智能拖地机器人】 商品投票
成功，获得 0京豆


开始给【家电智能生活趋势】主题下的商品进行投票
当前剩余投票次数：2
给 【云米 变频对开门冰箱】 商品投票
成功，获得 0京豆


开始给【数码极致体验趋势】主题下的商品进行投票
当前剩余投票次数：1
给 【联想 小新Pro14笔记本电脑】 商品投票
成功，获得 1京豆


==============📣系统通知📣==============
金榜创造营
【京东账号3】chao4596758
本次运行获得4京豆

******开始【京东账号4】jd_157332ewky*********

共有7个主题

做额外任务：金榜创造营-逛商品
成功，获得 0京豆


做额外任务：金榜创造营-关注店铺
成功，获得 0京豆


做额外任务：金榜创造营-逛会场
成功，获得 0京豆

已投票0主题


开始给【家电智能生活趋势】主题下的商品进行投票
当前剩余投票次数：7
给 【海信 超薄智能电视机】 商品投票
成功，获得 0京豆


开始给【日用全域舒享趋势】主题下的商品进行投票
当前剩余投票次数：6
给 【好奇 心钻装小森林纸尿裤】 商品投票
成功，获得 0京豆


开始给【居家个性多元趋势】主题下的商品进行投票
当前剩余投票次数：5
给 【百雀羚 帧颜护肤套装】 商品投票
成功，获得 0京豆


开始给【饮食精细化式趋势】主题下的商品进行投票
当前剩余投票次数：4
给 【诺优能PRO 幼儿配方奶粉】 商品投票
成功，获得 0京豆


开始给【数码极致体验趋势】主题下的商品进行投票
当前剩余投票次数：3
给 【联想ThinkBook 14p】 商品投票
成功，获得 0京豆


开始给【个护气味香氛趋势】主题下的商品进行投票
当前剩余投票次数：2
给 【舒肤佳 红石榴氨基酸洗手液】 商品投票
成功，获得 0京豆


开始给【手机人文情怀趋势】主题下的商品进行投票
当前剩余投票次数：1
给 【科大讯飞 智能办公本】 商品投票
成功，获得 0京豆


******开始【京东账号5】jd_157332zdf*********

共有7个主题

做额外任务：金榜创造营-逛商品
成功，获得 1京豆


做额外任务：金榜创造营-关注店铺
成功，获得 1京豆


做额外任务：金榜创造营-逛会场
成功，获得 0京豆

已投票0主题


开始给【数码极致体验趋势】主题下的商品进行投票
当前剩余投票次数：7
给 【联想 小新Pro14笔记本电脑】 商品投票
成功，获得 0京豆


开始给【日用全域舒享趋势】主题下的商品进行投票
当前剩余投票次数：6
给 【帮宝适 黑金帮拉拉裤】 商品投票
成功，获得 0京豆


开始给【家电智能生活趋势】主题下的商品进行投票
当前剩余投票次数：5
给 【科沃斯 拖地机器人】 商品投票
成功，获得 1京豆


开始给【个护气味香氛趋势】主题下的商品进行投票
当前剩余投票次数：4
给 【发之食谱 去油洗发水】 商品投票
成功，获得 1京豆


开始给【居家个性多元趋势】主题下的商品进行投票
当前剩余投票次数：3
给 【凯迪仕 全自动智能指纹锁】 商品投票
成功，获得 0京豆


开始给【饮食精细化式趋势】主题下的商品进行投票
当前剩余投票次数：2
给 【伊利 优酸乳乳汽苏打气泡乳】 商品投票
成功，获得 1京豆


开始给【手机人文情怀趋势】主题下的商品进行投票
当前剩余投票次数：1
给 【iRobot 智能拖地机器人】 商品投票
成功，获得 1京豆


==============📣系统通知📣==============
金榜创造营
【京东账号5】jd_67f63c904d8c6
本次运行获得6京豆

🔔金榜创造营, 结束! 🕛 146.341 秒

