
🔔金榜创造营, 开始!

====================共5个京东账号Cookie=========

==================脚本执行- 北京时间(UTC+8)：7/7/2021, 10:00:03 PM=====================


******开始【京东账号1】Ymh__Sirius*********

共有5个主题
已投票5主题


******开始【京东账号2】Ycp_Dream*********

共有5个主题

做额外任务：金榜创造营-逛商品
成功，获得 0京豆


做额外任务：金榜创造营-关注店铺
成功，获得 0京豆


做额外任务：金榜创造营-逛会场
成功，获得 0京豆

已投票0主题


开始给【智能体系化趋势】主题下的商品进行投票
当前剩余投票次数：5
给 【OPPO Reno6 5G】 商品投票
成功，获得 0京豆


开始给【极致性价比趋势】主题下的商品进行投票
当前剩余投票次数：4
给 【戴森Dyson 无线吸尘器】 商品投票
成功，获得 0京豆


开始给【饮食健康管理趋势】主题下的商品进行投票
当前剩余投票次数：3
给 【伊利QQ星 儿童纯牛奶】 商品投票
成功，获得 0京豆


开始给【日用品质舒享趋势】主题下的商品进行投票
当前剩余投票次数：2
给 【碧浪 进口除菌抑菌洗衣凝珠】 商品投票
成功，获得 0京豆


开始给【个护成分党趋势】主题下的商品进行投票
当前剩余投票次数：1
给 【兰蔻 发光肌底精华眼霜】 商品投票
成功，获得 0京豆


******开始【京东账号3】jd_585601a83bd48*********

共有5个主题

做额外任务：金榜创造营-逛商品
成功，获得 1京豆


做额外任务：金榜创造营-关注店铺
成功，获得 1京豆


做额外任务：金榜创造营-逛会场
成功，获得 1京豆

已投票0主题


开始给【饮食健康管理趋势】主题下的商品进行投票
当前剩余投票次数：5
给 【伊利QQ星 儿童纯牛奶】 商品投票
成功，获得 1京豆


开始给【极致性价比趋势】主题下的商品进行投票
当前剩余投票次数：4
给 【RedmiBook Pro15】 商品投票
成功，获得 1京豆


开始给【智能体系化趋势】主题下的商品进行投票
当前剩余投票次数：3
给 【RedmiNote 10Pro】 商品投票
成功，获得 1京豆


开始给【个护成分党趋势】主题下的商品进行投票
当前剩余投票次数：2
给 【舒肤佳 深层排浊高端香皂】 商品投票
成功，获得 1京豆


开始给【日用品质舒享趋势】主题下的商品进行投票
当前剩余投票次数：1
给 【全友 家居双人床】 商品投票
成功，获得 1京豆


==============📣系统通知📣==============
金榜创造营
【京东账号3】chao4596758
本次运行获得8京豆

******开始【京东账号4】jd_157332ewky*********

共有5个主题

做额外任务：金榜创造营-逛商品
成功，获得 1京豆


做额外任务：金榜创造营-关注店铺
成功，获得 0京豆


做额外任务：金榜创造营-逛会场
成功，获得 1京豆

已投票0主题


开始给【个护成分党趋势】主题下的商品进行投票
当前剩余投票次数：5
给 【OLAY 抗糖小白瓶精华面膜】 商品投票
成功，获得 1京豆


开始给【智能体系化趋势】主题下的商品进行投票
当前剩余投票次数：4
给 【OPPO Reno6 5G】 商品投票
成功，获得 1京豆


开始给【极致性价比趋势】主题下的商品进行投票
当前剩余投票次数：3
给 【惠普 暗影精灵游戏本】 商品投票
成功，获得 1京豆


开始给【日用品质舒享趋势】主题下的商品进行投票
当前剩余投票次数：2
给 【博朗 电动剃须刀7系】 商品投票
成功，获得 0京豆


开始给【饮食健康管理趋势】主题下的商品进行投票
当前剩余投票次数：1
给 【雀巢 爱思培儿童奶粉 】 商品投票
成功，获得 1京豆


==============📣系统通知📣==============
金榜创造营
【京东账号4】jd_46df9eaa780aa
本次运行获得6京豆

******开始【京东账号5】jd_157332zdf*********

共有5个主题

做额外任务：金榜创造营-逛商品
成功，获得 0京豆


做额外任务：金榜创造营-关注店铺
成功，获得 0京豆


做额外任务：金榜创造营-逛会场
成功，获得 0京豆

已投票0主题


开始给【饮食健康管理趋势】主题下的商品进行投票
当前剩余投票次数：5
给 【伊利 安慕希AMX小黑瓶酸奶】 商品投票
成功，获得 1京豆


开始给【智能体系化趋势】主题下的商品进行投票
当前剩余投票次数：4
给 【vivo iQOO Neo5】 商品投票
成功，获得 1京豆


开始给【日用品质舒享趋势】主题下的商品进行投票
当前剩余投票次数：3
给 【全友 家居双人床】 商品投票
成功，获得 1京豆


开始给【个护成分党趋势】主题下的商品进行投票
当前剩余投票次数：2
给 【海飞丝 怡神冰凉型薄荷洗发水】 商品投票
成功，获得 0京豆


开始给【极致性价比趋势】主题下的商品进行投票
当前剩余投票次数：1
给 【戴尔 灵越15-5509 】 商品投票
成功，获得 1京豆


==============📣系统通知📣==============
金榜创造营
【京东账号5】jd_67f63c904d8c6
本次运行获得4京豆

🔔金榜创造营, 结束! 🕛 81.635 秒

