
🔔京东全民开红包, 开始!

====================共2个京东账号Cookie=========

==================脚本执行- 北京时间(UTC+8)：7/12/2021, 1:22:16 AM=====================


****开始【京东账号1】Ymh__Sirius****

    任务     状态  红包是否领取
券”逛10s   0/10      否
领3张优惠券   0/3      否
4个精选活动   4/4      是
4个精选频道   4/4      是
开始做【京东首页点击“领券”逛10s】任务
京东首页点击“领券”逛10s任务:{"code":"0","success":true,"busiCode":"0","message":"成功","result":{"msg":"OK","toast":null,"taskRet":{"taskId":"833","taskType":"1","taskStatus":"0","detail":{"taskType":"1","systemName":"jinliRedpacket","browseStartTime":null,"receivePrizePage":null,"requireBrowseSeconds":"10","alreadyReceivedCount":null,"sceneId":"833","iconUrl":"https://m.360buyimg.com/babel/jfs/t1/131142/35/18063/15799/5fc61307Ec9f34ccc/9995d56c9ad98f13.png","requireCount":null,"taskStatus":"0"}},"subCode":"0"}}

开始领取【去领券中心领3张优惠券】任务
领取任务：{"code":0,"data":{"biz_code":7,"biz_msg":"活动太火爆了，还是去买买买吧~","success":false},"rtn_code":0}
[去领券中心领3张优惠券] 功能未开发
[浏览4个精选活动] 已经领取奖励
[关注4个精选频道] 已经领取奖励


当前待拆红包ID:322688782，进度：再邀1个好友，开第1个红包。当前已拆红包：0个，剩余8个红包待开，已有0好友助力


当前可拆红包个数：0


京东全民开红包获得红包：0.07元



****开始【京东账号2】Ycp_Dream****

    任务     状态  红包是否领取
领3张优惠券   0/3      否
4个精选活动   4/4      是
4个精选频道   4/4      是
[去领券中心领3张优惠券] 功能未开发
[浏览4个精选活动] 已经领取奖励
[关注4个精选频道] 已经领取奖励


当前待拆红包ID:322707150，进度：再邀1个好友，开第1个红包。当前已拆红包：0个，剩余8个红包待开，已有0好友助力


当前可拆红包个数：0


京东全民开红包获得红包：0.04元




有剩余助力机会则给作者lxk0301进行助力

账号 1 15631692383_p 开始给作者lxk0301 322313337 进行助力
助力结果：活动已结束，下次早点来哦

账号 1 15631692383_p 开始给作者lxk0301 322323120 进行助力
助力结果：活动已结束，下次早点来哦

账号 1 15631692383_p 开始给作者lxk0301 322318198 进行助力
助力结果：活动已结束，下次早点来哦

账号 1 15631692383_p 开始给作者lxk0301 322299797 进行助力
助力结果：活动已结束，下次早点来哦

账号 1 15631692383_p 开始给作者lxk0301 322303901 进行助力
助力结果：活动已结束，下次早点来哦

账号 1 15631692383_p 开始给作者lxk0301 322318229 进行助力
助力结果：活动已结束，下次早点来哦

账号 1 15631692383_p 开始给作者lxk0301 322304720 进行助力
助力结果：活动已结束，下次早点来哦

账号 1 15631692383_p 开始给作者lxk0301 322301896 进行助力
助力结果：活动已结束，下次早点来哦

账号 1 15631692383_p 开始给作者lxk0301 322300936 进行助力
助力结果：活动已结束，下次早点来哦

账号 1 15631692383_p 开始给作者lxk0301 322309740 进行助力
助力结果：活动已结束，下次早点来哦

账号 1 15631692383_p 开始给作者lxk0301 322329181 进行助力
助力结果：活动已结束，下次早点来哦

账号 1 15631692383_p 开始给作者lxk0301 322327366 进行助力
助力结果：活动已结束，下次早点来哦

账号 1 15631692383_p 开始给作者lxk0301 322322554 进行助力
助力结果：活动已结束，下次早点来哦

账号 1 15631692383_p 开始给作者lxk0301 322312903 进行助力
助力结果：活动已结束，下次早点来哦

账号 1 15631692383_p 开始给作者lxk0301 322314993 进行助力
助力结果：活动已结束，下次早点来哦

账号 1 15631692383_p 开始给作者lxk0301 322318829 进行助力
助力结果：活动已结束，下次早点来哦

账号 1 15631692383_p 开始给作者lxk0301 322324704 进行助力
助力结果：活动已结束，下次早点来哦

账号 1 15631692383_p 开始给作者lxk0301 322321841 进行助力
助力结果：活动已结束，下次早点来哦

账号 1 15631692383_p 开始给作者lxk0301 322341133 进行助力
助力结果：活动已结束，下次早点来哦

账号 1 15631692383_p 开始给作者lxk0301 322343163 进行助力
助力结果：活动已结束，下次早点来哦

账号 1 15631692383_p 开始给作者lxk0301 322336384 进行助力
助力结果：活动已结束，下次早点来哦

账号 1 15631692383_p 开始给作者lxk0301 322322925 进行助力
助力结果：活动已结束，下次早点来哦

账号 1 15631692383_p 开始给作者lxk0301 322326818 进行助力
助力结果：活动已结束，下次早点来哦

账号 1 15631692383_p 开始给作者lxk0301 322347156 进行助力
助力结果：活动已结束，下次早点来哦

账号 1 15631692383_p 开始给作者lxk0301 322337411 进行助力
助力结果：活动已结束，下次早点来哦

账号 1 15631692383_p 开始给作者lxk0301 322331686 进行助力
助力结果：活动已结束，下次早点来哦

账号 1 15631692383_p 开始给作者lxk0301 322337452 进行助力
助力结果：活动已结束，下次早点来哦

账号 1 15631692383_p 开始给作者lxk0301 322331719 进行助力
助力结果：活动已结束，下次早点来哦

账号 1 15631692383_p 开始给作者lxk0301 322340375 进行助力
助力结果：活动已结束，下次早点来哦

账号 1 15631692383_p 开始给作者lxk0301 322338493 进行助力
助力结果：活动已结束，下次早点来哦


有剩余助力机会则给作者lxk0301进行助力

账号 2 jd_74a8d71c978d9 开始给作者lxk0301 322313337 进行助力
助力结果：活动已结束，下次早点来哦

账号 2 jd_74a8d71c978d9 开始给作者lxk0301 322323120 进行助力
助力结果：活动已结束，下次早点来哦

账号 2 jd_74a8d71c978d9 开始给作者lxk0301 322318198 进行助力
助力结果：活动已结束，下次早点来哦

账号 2 jd_74a8d71c978d9 开始给作者lxk0301 322299797 进行助力
助力结果：活动已结束，下次早点来哦

账号 2 jd_74a8d71c978d9 开始给作者lxk0301 322303901 进行助力
助力结果：活动已结束，下次早点来哦

账号 2 jd_74a8d71c978d9 开始给作者lxk0301 322318229 进行助力
助力结果：活动已结束，下次早点来哦

账号 2 jd_74a8d71c978d9 开始给作者lxk0301 322304720 进行助力
助力结果：活动已结束，下次早点来哦

账号 2 jd_74a8d71c978d9 开始给作者lxk0301 322301896 进行助力
助力结果：活动已结束，下次早点来哦

账号 2 jd_74a8d71c978d9 开始给作者lxk0301 322300936 进行助力
助力结果：活动已结束，下次早点来哦

账号 2 jd_74a8d71c978d9 开始给作者lxk0301 322309740 进行助力
助力结果：活动已结束，下次早点来哦

账号 2 jd_74a8d71c978d9 开始给作者lxk0301 322329181 进行助力
助力结果：活动已结束，下次早点来哦

账号 2 jd_74a8d71c978d9 开始给作者lxk0301 322327366 进行助力
助力结果：活动已结束，下次早点来哦

账号 2 jd_74a8d71c978d9 开始给作者lxk0301 322322554 进行助力
助力结果：活动已结束，下次早点来哦

账号 2 jd_74a8d71c978d9 开始给作者lxk0301 322312903 进行助力
助力结果：活动已结束，下次早点来哦

账号 2 jd_74a8d71c978d9 开始给作者lxk0301 322314993 进行助力
助力结果：活动已结束，下次早点来哦

账号 2 jd_74a8d71c978d9 开始给作者lxk0301 322318829 进行助力
助力结果：活动已结束，下次早点来哦

账号 2 jd_74a8d71c978d9 开始给作者lxk0301 322324704 进行助力
助力结果：活动已结束，下次早点来哦

账号 2 jd_74a8d71c978d9 开始给作者lxk0301 322321841 进行助力
助力结果：活动已结束，下次早点来哦

账号 2 jd_74a8d71c978d9 开始给作者lxk0301 322341133 进行助力
助力结果：活动已结束，下次早点来哦

账号 2 jd_74a8d71c978d9 开始给作者lxk0301 322343163 进行助力
助力结果：活动已结束，下次早点来哦

账号 2 jd_74a8d71c978d9 开始给作者lxk0301 322336384 进行助力
助力结果：活动已结束，下次早点来哦

账号 2 jd_74a8d71c978d9 开始给作者lxk0301 322322925 进行助力
助力结果：活动已结束，下次早点来哦

账号 2 jd_74a8d71c978d9 开始给作者lxk0301 322326818 进行助力
助力结果：活动已结束，下次早点来哦

账号 2 jd_74a8d71c978d9 开始给作者lxk0301 322347156 进行助力
助力结果：活动已结束，下次早点来哦

账号 2 jd_74a8d71c978d9 开始给作者lxk0301 322337411 进行助力
助力结果：活动已结束，下次早点来哦

账号 2 jd_74a8d71c978d9 开始给作者lxk0301 322331686 进行助力
助力结果：活动已结束，下次早点来哦

账号 2 jd_74a8d71c978d9 开始给作者lxk0301 322337452 进行助力
助力结果：活动已结束，下次早点来哦

账号 2 jd_74a8d71c978d9 开始给作者lxk0301 322331719 进行助力
助力结果：活动已结束，下次早点来哦

账号 2 jd_74a8d71c978d9 开始给作者lxk0301 322340375 进行助力
助力结果：活动已结束，下次早点来哦

账号 2 jd_74a8d71c978d9 开始给作者lxk0301 322338493 进行助力
助力结果：活动已结束，下次早点来哦

🔔京东全民开红包, 结束! 🕛 55.662 秒

