
🔔京东全民开红包, 开始!

====================共5个京东账号Cookie=========

==================脚本执行- 北京时间(UTC+8)：7/2/2021, 4:15:59 PM=====================


****开始【京东账号1】Ymh__Sirius****

    任务     状态  红包是否领取
领3张优惠券   0/3      否
券”逛10s   0/10      是
3个精选活动   3/3      是
4个精选频道   4/4      是
[去领券中心领3张优惠券] 功能未开发
[京东首页点击“领券”逛10s] 已经领取奖励
[浏览3个精选活动] 已经领取奖励
[关注4个精选频道] 已经领取奖励


当前待拆红包ID:318793889，进度：再邀2个好友，开第2个红包。当前已拆红包：1个，剩余6个红包待开，已有4好友助力


当前可拆红包个数：0


京东全民开红包获得红包：0.57元



****开始【京东账号2】Ycp_Dream****

    任务     状态  红包是否领取
领3张优惠券   0/3      否
3个精选活动   3/3      是
4个精选频道   4/4      是
[去领券中心领3张优惠券] 功能未开发
[浏览3个精选活动] 已经领取奖励
[关注4个精选频道] 已经领取奖励


当前待拆红包ID:318989666，进度：再邀2个好友，开第1个红包。当前已拆红包：0个，剩余7个红包待开，已有0好友助力


当前可拆红包个数：0


京东全民开红包获得红包：0.07元



****开始【京东账号3】jd_585601a83bd48****

    任务     状态  红包是否领取
领3张优惠券   0/3      否
券”逛10s   0/10      是
3个精选活动   3/3      是
4个精选频道   4/4      是
[去领券中心领3张优惠券] 功能未开发
[京东首页点击“领券”逛10s] 已经领取奖励
[浏览3个精选活动] 已经领取奖励
[关注4个精选频道] 已经领取奖励


当前待拆红包ID:318999285，进度：再邀2个好友，开第1个红包。当前已拆红包：0个，剩余7个红包待开，已有0好友助力


当前可拆红包个数：0


京东全民开红包获得红包：0.17元



****开始【京东账号4】jd_157332ewky****

    任务     状态  红包是否领取
领3张优惠券   0/3      否
3个精选活动   3/3      是
4个精选频道   4/4      是
[去领券中心领3张优惠券] 功能未开发
[浏览3个精选活动] 已经领取奖励
[关注4个精选频道] 已经领取奖励


当前待拆红包ID:318993558，进度：再邀2个好友，开第1个红包。当前已拆红包：0个，剩余7个红包待开，已有0好友助力


当前可拆红包个数：0


京东全民开红包获得红包：0.07元



****开始【京东账号5】jd_157332zdf****

    任务     状态  红包是否领取
领3张优惠券   0/3      否
券”逛10s   0/10      是
3个精选活动   3/3      是
4个精选频道   4/4      是
[去领券中心领3张优惠券] 功能未开发
[京东首页点击“领券”逛10s] 已经领取奖励
[浏览3个精选活动] 已经领取奖励
[关注4个精选频道] 已经领取奖励


当前待拆红包ID:319000274，进度：再邀2个好友，开第1个红包。当前已拆红包：0个，剩余7个红包待开，已有0好友助力


当前可拆红包个数：0


京东全民开红包获得红包：0.17元




自己账号内部互助
账号 1 15631692383_p 开始给 318793889 进行助力
助力结果：抱歉，你不能为自己助力哦
账号 1 15631692383_p 开始给 318989666 进行助力
助力结果：今日助力次数已满
次数已用完或活动火爆，跳出助力


自己账号内部互助
账号 2 jd_74a8d71c978d9 开始给 318793889 进行助力
助力结果：不能重复为好友助力哦
账号 2 jd_74a8d71c978d9 开始给 318989666 进行助力
助力结果：抱歉，你不能为自己助力哦
账号 2 jd_74a8d71c978d9 开始给 318999285 进行助力
助力结果：今日助力次数已满
次数已用完或活动火爆，跳出助力


自己账号内部互助
账号 3 chao4596758 开始给 318793889 进行助力
助力结果：不能重复为好友助力哦
账号 3 chao4596758 开始给 318989666 进行助力
助力结果：今日助力次数已满
次数已用完或活动火爆，跳出助力


自己账号内部互助
账号 4 jd_46df9eaa780aa 开始给 318793889 进行助力
助力结果：不能重复为好友助力哦
账号 4 jd_46df9eaa780aa 开始给 318989666 进行助力
助力结果：今日助力次数已满
次数已用完或活动火爆，跳出助力


自己账号内部互助
账号 5 jd_67f63c904d8c6 开始给 318793889 进行助力
助力结果：不能重复为好友助力哦
账号 5 jd_67f63c904d8c6 开始给 318989666 进行助力
助力结果：今日助力次数已满
次数已用完或活动火爆，跳出助力

🔔京东全民开红包, 结束! 🕛 41.146 秒

