
🔔京东全民开红包, 开始!

====================共2个京东账号Cookie=========

==================脚本执行- 北京时间(UTC+8)：7/10/2021, 12:15:23 AM=====================


❗️京东全民开红包, 错误!


****开始【京东账号1】15631692383_p****

"getaddrinfo ENOTFOUND api.m.jd.com"
京东全民开红包 API请求失败，请检查网路重试
"getaddrinfo ENOTFOUND api.m.jd.com"
京东全民开红包 API请求失败，请检查网路重试
"getaddrinfo ENOTFOUND api.m.jd.com"
京东全民开红包 API请求失败，请检查网路重试

京东全民开红包: API查询请求失败 ‼️‼️
"getaddrinfo ENOTFOUND api.m.jd.com"

获取任务列表异常：undefined


京东全民开红包: API查询请求失败 ‼️‼️
"getaddrinfo ENOTFOUND api.m.jd.com"

京东全民开红包: API查询请求失败 ‼️‼️
"getaddrinfo ENOTFOUND api.m.jd.com"


京东全民开红包获得红包：0元



❗️京东全民开红包, 错误!


****开始【京东账号2】jd_74a8d71c978d9****

"getaddrinfo ENOTFOUND api.m.jd.com"
京东全民开红包 API请求失败，请检查网路重试
"getaddrinfo ENOTFOUND api.m.jd.com"
京东全民开红包 API请求失败，请检查网路重试
"getaddrinfo ENOTFOUND api.m.jd.com"
京东全民开红包 API请求失败，请检查网路重试

京东全民开红包: API查询请求失败 ‼️‼️
"getaddrinfo ENOTFOUND api.m.jd.com"

获取任务列表异常：undefined


京东全民开红包: API查询请求失败 ‼️‼️
"getaddrinfo ENOTFOUND api.m.jd.com"

京东全民开红包: API查询请求失败 ‼️‼️
"getaddrinfo ENOTFOUND api.m.jd.com"


京东全民开红包获得红包：0元




有剩余助力机会则给作者lxk0301进行助力


有剩余助力机会则给作者lxk0301进行助力

🔔京东全民开红包, 结束! 🕛 286.429 秒

