
🔔京东全民开红包, 开始!

====================共5个京东账号Cookie=========

==================脚本执行- 北京时间(UTC+8)：7/2/2021, 9:01:54 PM=====================


❗️京东全民开红包, 错误!


****开始【京东账号1】15631692383_p****

"getaddrinfo ENOTFOUND api.m.jd.com"
京东全民开红包 API请求失败，请检查网路重试
"getaddrinfo ENOTFOUND api.m.jd.com"
京东全民开红包 API请求失败，请检查网路重试
"getaddrinfo ENOTFOUND api.m.jd.com"
京东全民开红包 API请求失败，请检查网路重试

京东全民开红包: API查询请求失败 ‼️‼️
"getaddrinfo ENOTFOUND api.m.jd.com"

获取任务列表异常：undefined


京东全民开红包: API查询请求失败 ‼️‼️
"getaddrinfo ENOTFOUND api.m.jd.com"

京东全民开红包: API查询请求失败 ‼️‼️
"getaddrinfo ENOTFOUND api.m.jd.com"


京东全民开红包获得红包：0元



❗️京东全民开红包, 错误!


****开始【京东账号2】jd_74a8d71c978d9****

"getaddrinfo ENOTFOUND api.m.jd.com"
京东全民开红包 API请求失败，请检查网路重试
"getaddrinfo ENOTFOUND api.m.jd.com"
京东全民开红包 API请求失败，请检查网路重试
"getaddrinfo ENOTFOUND api.m.jd.com"
京东全民开红包 API请求失败，请检查网路重试

京东全民开红包: API查询请求失败 ‼️‼️
"getaddrinfo ENOTFOUND api.m.jd.com"

获取任务列表异常：undefined


京东全民开红包: API查询请求失败 ‼️‼️
"getaddrinfo ENOTFOUND api.m.jd.com"

京东全民开红包: API查询请求失败 ‼️‼️
"getaddrinfo ENOTFOUND api.m.jd.com"


京东全民开红包获得红包：0元



❗️京东全民开红包, 错误!


****开始【京东账号3】chao4596758****

"getaddrinfo ENOTFOUND api.m.jd.com"
京东全民开红包 API请求失败，请检查网路重试
"getaddrinfo ENOTFOUND api.m.jd.com"
京东全民开红包 API请求失败，请检查网路重试
"getaddrinfo ENOTFOUND api.m.jd.com"
京东全民开红包 API请求失败，请检查网路重试

京东全民开红包: API查询请求失败 ‼️‼️
"getaddrinfo ENOTFOUND api.m.jd.com"

获取任务列表异常：undefined


京东全民开红包: API查询请求失败 ‼️‼️
"getaddrinfo ENOTFOUND api.m.jd.com"

京东全民开红包: API查询请求失败 ‼️‼️
"getaddrinfo ENOTFOUND api.m.jd.com"


京东全民开红包获得红包：0元



❗️京东全民开红包, 错误!


****开始【京东账号4】jd_46df9eaa780aa****

"getaddrinfo ENOTFOUND api.m.jd.com"
京东全民开红包 API请求失败，请检查网路重试
"getaddrinfo ENOTFOUND api.m.jd.com"
京东全民开红包 API请求失败，请检查网路重试
"getaddrinfo ENOTFOUND api.m.jd.com"
京东全民开红包 API请求失败，请检查网路重试

京东全民开红包: API查询请求失败 ‼️‼️
"getaddrinfo ENOTFOUND api.m.jd.com"

获取任务列表异常：undefined


京东全民开红包: API查询请求失败 ‼️‼️
"getaddrinfo ENOTFOUND api.m.jd.com"

京东全民开红包: API查询请求失败 ‼️‼️
"getaddrinfo ENOTFOUND api.m.jd.com"


京东全民开红包获得红包：0元



❗️京东全民开红包, 错误!


****开始【京东账号5】jd_67f63c904d8c6****

"getaddrinfo ENOTFOUND api.m.jd.com"
京东全民开红包 API请求失败，请检查网路重试
"getaddrinfo ENOTFOUND api.m.jd.com"
京东全民开红包 API请求失败，请检查网路重试
"getaddrinfo ENOTFOUND api.m.jd.com"
京东全民开红包 API请求失败，请检查网路重试

京东全民开红包: API查询请求失败 ‼️‼️
"getaddrinfo ENOTFOUND api.m.jd.com"

获取任务列表异常：undefined


京东全民开红包: API查询请求失败 ‼️‼️
"getaddrinfo ENOTFOUND api.m.jd.com"

京东全民开红包: API查询请求失败 ‼️‼️
"getaddrinfo ENOTFOUND api.m.jd.com"


京东全民开红包获得红包：0元




自己账号内部互助


有剩余助力机会则给作者lxk0301进行助力


自己账号内部互助


有剩余助力机会则给作者lxk0301进行助力


自己账号内部互助


有剩余助力机会则给作者lxk0301进行助力


自己账号内部互助


有剩余助力机会则给作者lxk0301进行助力


自己账号内部互助


有剩余助力机会则给作者lxk0301进行助力

🔔京东全民开红包, 结束! 🕛 567.997 秒

