
🔔京东全民开红包, 开始!

====================共2个京东账号Cookie=========

==================脚本执行- 北京时间(UTC+8)：7/10/2021, 8:15:19 AM=====================


****开始【京东账号1】Ymh__Sirius****

    任务     状态  红包是否领取
券”逛10s   0/10      否
领3张优惠券   0/3      否
4个精选活动   4/4      是
4个精选频道   4/4      是
开始做【京东首页点击“领券”逛10s】任务
京东首页点击“领券”逛10s任务:{"code":"0","success":true,"busiCode":"0","message":"成功","result":{"msg":"OK","toast":null,"taskRet":{"taskId":"831","taskType":"1","taskStatus":"0","detail":{"taskType":"1","systemName":"jinliRedpacket","browseStartTime":null,"receivePrizePage":null,"requireBrowseSeconds":"10","alreadyReceivedCount":null,"sceneId":"831","iconUrl":"https://m.360buyimg.com/babel/jfs/t1/131142/35/18063/15799/5fc61307Ec9f34ccc/9995d56c9ad98f13.png","requireCount":null,"taskStatus":"0"}},"subCode":"0"}}

开始领取【去领券中心领3张优惠券】任务
领取任务：{"code":0,"data":{"biz_code":7,"biz_msg":"活动太火爆了，还是去买买买吧~","success":false},"rtn_code":0}
[去领券中心领3张优惠券] 功能未开发
[浏览4个精选活动] 已经领取奖励
[关注4个精选频道] 已经领取奖励


当前待拆红包ID:321961106，进度：再邀1个好友，开第1个红包。当前已拆红包：0个，剩余8个红包待开，已有0好友助力


当前可拆红包个数：0


京东全民开红包获得红包：0.07元



****开始【京东账号2】Ycp_Dream****

    任务     状态  红包是否领取
领3张优惠券   0/3      否
4个精选活动   0/4      否
4个精选频道   0/4      否

开始领取【去领券中心领3张优惠券】任务
领取任务：{"code":0,"data":{"biz_code":0,"biz_msg":"领取任务成功","success":true},"rtn_code":0}
[去领券中心领3张优惠券] 功能未开发

开始领取【浏览4个精选活动】任务
领取任务：{"code":0,"data":{"biz_code":0,"biz_msg":"领取任务成功","success":true},"rtn_code":0}
开始做【浏览4个精选活动】任务
开始领取【浏览4个精选活动】任务所得红包奖励
红包领取成功，获得0.02元


开始领取【关注4个精选频道】任务
领取任务：{"code":0,"data":{"biz_code":0,"biz_msg":"领取任务成功","success":true},"rtn_code":0}
开始做【关注4个精选频道】任务
开始领取【关注4个精选频道】任务所得红包奖励
红包领取成功，获得0.02元



发起助力红包 成功：红包ID 322148022


京东全民开红包获得红包：0.04元




有剩余助力机会则给作者lxk0301进行助力

账号 1 15631692383_p 开始给作者lxk0301 321546946 进行助力
助力结果：活动已结束，下次早点来哦

账号 1 15631692383_p 开始给作者lxk0301 321557409 进行助力
助力结果：活动已结束，下次早点来哦

账号 1 15631692383_p 开始给作者lxk0301 321576010 进行助力
助力结果：活动已结束，下次早点来哦

账号 1 15631692383_p 开始给作者lxk0301 321566294 进行助力
助力结果：活动已结束，下次早点来哦

账号 1 15631692383_p 开始给作者lxk0301 321556552 进行助力
助力结果：活动已结束，下次早点来哦

账号 1 15631692383_p 开始给作者lxk0301 321556579 进行助力
助力结果：活动已结束，下次早点来哦

账号 1 15631692383_p 开始给作者lxk0301 321573242 进行助力
助力结果：活动已结束，下次早点来哦

账号 1 15631692383_p 开始给作者lxk0301 321564438 进行助力
助力结果：活动已结束，下次早点来哦

账号 1 15631692383_p 开始给作者lxk0301 321573299 进行助力
助力结果：活动已结束，下次早点来哦

账号 1 15631692383_p 开始给作者lxk0301 321553861 进行助力
助力结果：活动已结束，下次早点来哦

账号 1 15631692383_p 开始给作者lxk0301 321564499 进行助力
助力结果：活动已结束，下次早点来哦

账号 1 15631692383_p 开始给作者lxk0301 321557680 进行助力
助力结果：活动已结束，下次早点来哦

账号 1 15631692383_p 开始给作者lxk0301 321563577 进行助力
助力结果：活动已结束，下次早点来哦

账号 1 15631692383_p 开始给作者lxk0301 321561624 进行助力
助力结果：活动已结束，下次早点来哦

账号 1 15631692383_p 开始给作者lxk0301 321566594 进行助力
助力结果：活动已结束，下次早点来哦

账号 1 15631692383_p 开始给作者lxk0301 321575436 进行助力
助力结果：活动已结束，下次早点来哦

账号 1 15631692383_p 开始给作者lxk0301 321562708 进行助力
助力结果：活动已结束，下次早点来哦

账号 1 15631692383_p 开始给作者lxk0301 321562726 进行助力
助力结果：活动已结束，下次早点来哦

账号 1 15631692383_p 开始给作者lxk0301 321559692 进行助力
助力结果：活动已结束，下次早点来哦

账号 1 15631692383_p 开始给作者lxk0301 321563712 进行助力
助力结果：活动已结束，下次早点来哦

账号 1 15631692383_p 开始给作者lxk0301 321571542 进行助力
助力结果：活动已结束，下次早点来哦

账号 1 15631692383_p 开始给作者lxk0301 321573557 进行助力
助力结果：活动已结束，下次早点来哦

账号 1 15631692383_p 开始给作者lxk0301 321557906 进行助力
助力结果：活动已结束，下次早点来哦

账号 1 15631692383_p 开始给作者lxk0301 321566746 进行助力
助力结果：活动已结束，下次早点来哦

账号 1 15631692383_p 开始给作者lxk0301 321569718 进行助力
助力结果：活动已结束，下次早点来哦

账号 1 15631692383_p 开始给作者lxk0301 321562836 进行助力
助力结果：活动已结束，下次早点来哦

账号 1 15631692383_p 开始给作者lxk0301 321562844 进行助力
助力结果：活动已结束，下次早点来哦

账号 1 15631692383_p 开始给作者lxk0301 321581256 进行助力
助力结果：活动已结束，下次早点来哦

账号 1 15631692383_p 开始给作者lxk0301 321577459 进行助力
助力结果：活动已结束，下次早点来哦

账号 1 15631692383_p 开始给作者lxk0301 321573640 进行助力
助力结果：活动已结束，下次早点来哦


有剩余助力机会则给作者lxk0301进行助力

账号 2 jd_74a8d71c978d9 开始给作者lxk0301 321546946 进行助力
助力结果：活动已结束，下次早点来哦

账号 2 jd_74a8d71c978d9 开始给作者lxk0301 321557409 进行助力
助力结果：活动已结束，下次早点来哦

账号 2 jd_74a8d71c978d9 开始给作者lxk0301 321576010 进行助力
助力结果：活动已结束，下次早点来哦

账号 2 jd_74a8d71c978d9 开始给作者lxk0301 321566294 进行助力
助力结果：活动已结束，下次早点来哦

账号 2 jd_74a8d71c978d9 开始给作者lxk0301 321556552 进行助力
助力结果：活动已结束，下次早点来哦

账号 2 jd_74a8d71c978d9 开始给作者lxk0301 321556579 进行助力
助力结果：活动已结束，下次早点来哦

账号 2 jd_74a8d71c978d9 开始给作者lxk0301 321573242 进行助力
助力结果：活动已结束，下次早点来哦

账号 2 jd_74a8d71c978d9 开始给作者lxk0301 321564438 进行助力
助力结果：活动已结束，下次早点来哦

账号 2 jd_74a8d71c978d9 开始给作者lxk0301 321573299 进行助力
助力结果：活动已结束，下次早点来哦

账号 2 jd_74a8d71c978d9 开始给作者lxk0301 321553861 进行助力
助力结果：活动已结束，下次早点来哦

账号 2 jd_74a8d71c978d9 开始给作者lxk0301 321564499 进行助力
助力结果：活动已结束，下次早点来哦

账号 2 jd_74a8d71c978d9 开始给作者lxk0301 321557680 进行助力
助力结果：活动已结束，下次早点来哦

账号 2 jd_74a8d71c978d9 开始给作者lxk0301 321563577 进行助力
助力结果：活动已结束，下次早点来哦

账号 2 jd_74a8d71c978d9 开始给作者lxk0301 321561624 进行助力
助力结果：活动已结束，下次早点来哦

账号 2 jd_74a8d71c978d9 开始给作者lxk0301 321566594 进行助力
助力结果：活动已结束，下次早点来哦

账号 2 jd_74a8d71c978d9 开始给作者lxk0301 321575436 进行助力
助力结果：活动已结束，下次早点来哦

账号 2 jd_74a8d71c978d9 开始给作者lxk0301 321562708 进行助力
助力结果：活动已结束，下次早点来哦

账号 2 jd_74a8d71c978d9 开始给作者lxk0301 321562726 进行助力
助力结果：活动已结束，下次早点来哦

账号 2 jd_74a8d71c978d9 开始给作者lxk0301 321559692 进行助力
助力结果：活动已结束，下次早点来哦

账号 2 jd_74a8d71c978d9 开始给作者lxk0301 321563712 进行助力
助力结果：活动已结束，下次早点来哦

账号 2 jd_74a8d71c978d9 开始给作者lxk0301 321571542 进行助力
助力结果：活动已结束，下次早点来哦

账号 2 jd_74a8d71c978d9 开始给作者lxk0301 321573557 进行助力
助力结果：活动已结束，下次早点来哦

账号 2 jd_74a8d71c978d9 开始给作者lxk0301 321557906 进行助力
助力结果：活动已结束，下次早点来哦

账号 2 jd_74a8d71c978d9 开始给作者lxk0301 321566746 进行助力
助力结果：活动已结束，下次早点来哦

账号 2 jd_74a8d71c978d9 开始给作者lxk0301 321569718 进行助力
助力结果：活动已结束，下次早点来哦

账号 2 jd_74a8d71c978d9 开始给作者lxk0301 321562836 进行助力
助力结果：活动已结束，下次早点来哦

账号 2 jd_74a8d71c978d9 开始给作者lxk0301 321562844 进行助力
助力结果：活动已结束，下次早点来哦

账号 2 jd_74a8d71c978d9 开始给作者lxk0301 321581256 进行助力
助力结果：活动已结束，下次早点来哦

账号 2 jd_74a8d71c978d9 开始给作者lxk0301 321577459 进行助力
助力结果：活动已结束，下次早点来哦

账号 2 jd_74a8d71c978d9 开始给作者lxk0301 321573640 进行助力
助力结果：活动已结束，下次早点来哦

🔔京东全民开红包, 结束! 🕛 589.923 秒

