
🔔京东全民开红包, 开始!

====================共4个京东账号Cookie=========

==================脚本执行- 北京时间(UTC+8)：6/30/2021, 12:14:01 PM=====================


****开始【京东账号1】Ymh__Sirius****

    任务     状态  红包是否领取
券”逛10s   0/10      否
领3张优惠券   0/3      否
3个精选活动   3/3      是
4个精选频道   4/4      是
开始做【京东首页点击“领券”逛10s】任务
京东首页点击“领券”逛10s任务:{"code":"0","success":true,"busiCode":"0","message":"成功","result":{"msg":"OK","toast":null,"taskRet":{"taskId":"820","taskType":"1","taskStatus":"0","detail":{"taskType":"1","systemName":"jinliRedpacket","browseStartTime":null,"receivePrizePage":null,"requireBrowseSeconds":"10","alreadyReceivedCount":null,"sceneId":"820","iconUrl":"https://m.360buyimg.com/babel/jfs/t1/131142/35/18063/15799/5fc61307Ec9f34ccc/9995d56c9ad98f13.png","requireCount":null,"taskStatus":"0"}},"subCode":"0"}}

开始领取【去领券中心领3张优惠券】任务
领取任务：{"code":0,"data":{"biz_code":7,"biz_msg":"活动太火爆了，还是去买买买吧~","success":false},"rtn_code":0}
[去领券中心领3张优惠券] 功能未开发
[浏览3个精选活动] 已经领取奖励
[关注4个精选频道] 已经领取奖励


当前待拆红包ID:317778071，进度：再邀1个好友，开第1个红包。当前已拆红包：0个，剩余8个红包待开，已有0好友助力


当前可拆红包个数：0


京东全民开红包获得红包：0.07元



****开始【京东账号2】Ycp_Dream****

    任务     状态  红包是否领取
领3张优惠券   0/3      否
3个精选活动   0/3      否
4个精选频道   0/4      否

开始领取【去领券中心领3张优惠券】任务
领取任务：{"code":0,"data":{"biz_code":0,"biz_msg":"领取任务成功","success":true},"rtn_code":0}
[去领券中心领3张优惠券] 功能未开发

开始领取【浏览3个精选活动】任务
领取任务：{"code":0,"data":{"biz_code":0,"biz_msg":"领取任务成功","success":true},"rtn_code":0}
开始做【浏览3个精选活动】任务
开始领取【浏览3个精选活动】任务所得红包奖励
红包领取成功，获得0.02元


开始领取【关注4个精选频道】任务
领取任务：{"code":0,"data":{"biz_code":0,"biz_msg":"领取任务成功","success":true},"rtn_code":0}
开始做【关注4个精选频道】任务
开始领取【关注4个精选频道】任务所得红包奖励
红包领取成功，获得0.02元



发起助力红包 成功：红包ID 318000915


京东全民开红包获得红包：0.04元



****开始【京东账号3】jd_585601a83bd48****

    任务     状态  红包是否领取
券”逛10s   0/10      否
领3张优惠券   0/3      否
3个精选活动   0/3      否
4个精选频道   0/4      否

开始领取【京东首页点击“领券”逛10s】任务
领取任务：{"code":0,"data":{"biz_code":0,"biz_msg":"领取任务成功","success":true},"rtn_code":0}
开始做【京东首页点击“领券”逛10s】任务
京东首页点击“领券”逛10s任务:{"code":"0","success":true,"busiCode":"0","message":"成功","result":{"msg":"OK","toast":null,"taskRet":{"taskId":"820","taskType":"1","taskStatus":"1","detail":{"taskType":"1","systemName":"jinliRedpacket","browseStartTime":"1625026510609","receivePrizePage":"https://happy.m.jd.com/babelDiy/Zeus/3ugedFa7yA6NhxLN5gw2L3PF9sQC/index.html","requireBrowseSeconds":"10","alreadyReceivedCount":null,"sceneId":"820","iconUrl":"https://m.360buyimg.com/babel/jfs/t1/131142/35/18063/15799/5fc61307Ec9f34ccc/9995d56c9ad98f13.png","requireCount":null,"taskStatus":"1"}},"subCode":"0"}}

开始领取【去领券中心领3张优惠券】任务
领取任务：{"code":0,"data":{"biz_code":7,"biz_msg":"活动太火爆了，还是去买买买吧~","success":false},"rtn_code":0}
[去领券中心领3张优惠券] 功能未开发

开始领取【浏览3个精选活动】任务
领取任务：{"code":0,"data":{"biz_code":0,"biz_msg":"领取任务成功","success":true},"rtn_code":0}
开始做【浏览3个精选活动】任务
开始领取【浏览3个精选活动】任务所得红包奖励
红包领取成功，获得0.02元


开始领取【关注4个精选频道】任务
领取任务：{"code":0,"data":{"biz_code":0,"biz_msg":"领取任务成功","success":true},"rtn_code":0}
开始做【关注4个精选频道】任务
开始领取【关注4个精选频道】任务所得红包奖励
红包领取成功，获得0.02元



发起助力红包 成功：红包ID 318010487


京东全民开红包获得红包：0.04元



****开始【京东账号4】jd_157332ewky****

    任务     状态  红包是否领取
领3张优惠券   0/3      否
3个精选活动   0/3      否
4个精选频道   0/4      否

开始领取【去领券中心领3张优惠券】任务
领取任务：{"code":0,"data":{"biz_code":0,"biz_msg":"领取任务成功","success":true},"rtn_code":0}
[去领券中心领3张优惠券] 功能未开发

开始领取【浏览3个精选活动】任务
领取任务：{"code":0,"data":{"biz_code":0,"biz_msg":"领取任务成功","success":true},"rtn_code":0}
开始做【浏览3个精选活动】任务
开始领取【浏览3个精选活动】任务所得红包奖励
红包领取成功，获得0.02元


开始领取【关注4个精选频道】任务
领取任务：{"code":0,"data":{"biz_code":0,"biz_msg":"领取任务成功","success":true},"rtn_code":0}
开始做【关注4个精选频道】任务
开始领取【关注4个精选频道】任务所得红包奖励
红包领取成功，获得0.02元



发起助力红包 成功：红包ID 318010489


京东全民开红包获得红包：0.04元




自己账号内部互助
账号 1 15631692383_p 开始给 317778071 进行助力
助力结果：抱歉，你不能为自己助力哦
账号 1 15631692383_p 开始给 318000915 进行助力
助力结果：今日助力次数已满
次数已用完或活动火爆，跳出助力


自己账号内部互助
账号 2 jd_74a8d71c978d9 开始给 317778071 进行助力
助力结果：您已助力成功
账号 2 jd_74a8d71c978d9 开始给 318000915 进行助力
助力结果：抱歉，你不能为自己助力哦
账号 2 jd_74a8d71c978d9 开始给 318010487 进行助力
助力结果：今日助力次数已满
次数已用完或活动火爆，跳出助力


自己账号内部互助
账号 3 chao4596758 开始给 317778071 进行助力
助力结果：您已助力成功
账号 3 chao4596758 开始给 318000915 进行助力
助力结果：今日助力次数已满
次数已用完或活动火爆，跳出助力


自己账号内部互助
账号 4 jd_46df9eaa780aa 开始给 317778071 进行助力
助力结果：您已助力成功
账号 4 jd_46df9eaa780aa 开始给 318000915 进行助力
助力结果：今日助力次数已满
次数已用完或活动火爆，跳出助力

🔔京东全民开红包, 结束! 🕛 110.297 秒

