
🔔京东全民开红包, 开始!

====================共2个京东账号Cookie=========

==================脚本执行- 北京时间(UTC+8)：7/12/2021, 8:14:16 AM=====================


****开始【京东账号1】Ymh__Sirius****

    任务     状态  红包是否领取
券”逛10s   0/10      否
领3张优惠券   0/3      否
4个精选活动   4/4      是
4个精选频道   4/4      是
开始做【京东首页点击“领券”逛10s】任务
京东首页点击“领券”逛10s任务:{"code":"0","success":true,"busiCode":"0","message":"成功","result":{"msg":"OK","toast":null,"taskRet":{"taskId":"833","taskType":"1","taskStatus":"0","detail":{"taskType":"1","systemName":"jinliRedpacket","browseStartTime":null,"receivePrizePage":null,"requireBrowseSeconds":"10","alreadyReceivedCount":null,"sceneId":"833","iconUrl":"https://m.360buyimg.com/babel/jfs/t1/131142/35/18063/15799/5fc61307Ec9f34ccc/9995d56c9ad98f13.png","requireCount":null,"taskStatus":"0"}},"subCode":"0"}}

开始领取【去领券中心领3张优惠券】任务
领取任务：{"code":0,"data":{"biz_code":7,"biz_msg":"活动太火爆了，还是去买买买吧~","success":false},"rtn_code":0}
[去领券中心领3张优惠券] 功能未开发
[浏览4个精选活动] 已经领取奖励
[关注4个精选频道] 已经领取奖励


当前待拆红包ID:322688782，进度：再邀1个好友，开第1个红包。当前已拆红包：0个，剩余8个红包待开，已有0好友助力


当前可拆红包个数：0


京东全民开红包获得红包：0.07元



****开始【京东账号2】Ycp_Dream****

    任务     状态  红包是否领取
领3张优惠券   0/3      否
4个精选活动   4/4      是
4个精选频道   4/4      是
[去领券中心领3张优惠券] 功能未开发
[浏览4个精选活动] 已经领取奖励
[关注4个精选频道] 已经领取奖励


当前待拆红包ID:322707150，进度：再邀1个好友，开第1个红包。当前已拆红包：0个，剩余8个红包待开，已有0好友助力


当前可拆红包个数：0


京东全民开红包获得红包：0.04元




有剩余助力机会则给作者lxk0301进行助力

账号 1 15631692383_p 开始给作者lxk0301 322688382 进行助力
助力结果：啊偶，TA的助力已满，开启自己的红包活动吧~

账号 1 15631692383_p 开始给作者lxk0301 322668965 进行助力
助力结果：啊偶，TA的助力已满，开启自己的红包活动吧~

账号 1 15631692383_p 开始给作者lxk0301 322669982 进行助力
助力结果：啊偶，TA的助力已满，开启自己的红包活动吧~

账号 1 15631692383_p 开始给作者lxk0301 322684585 进行助力
助力结果：啊偶，TA的助力已满，开启自己的红包活动吧~

账号 1 15631692383_p 开始给作者lxk0301 322674848 进行助力
助力结果：啊偶，TA的助力已满，开启自己的红包活动吧~

账号 1 15631692383_p 开始给作者lxk0301 322689517 进行助力
助力结果：啊偶，TA的助力已满，开启自己的红包活动吧~

账号 1 15631692383_p 开始给作者lxk0301 322689615 进行助力
助力结果：啊偶，TA的助力已满，开启自己的红包活动吧~

账号 1 15631692383_p 开始给作者lxk0301 322706027 进行助力
助力结果：啊偶，TA的助力已满，开启自己的红包活动吧~

账号 1 15631692383_p 开始给作者lxk0301 322679985 进行助力
助力结果：啊偶，TA的助力已满，开启自己的红包活动吧~

账号 1 15631692383_p 开始给作者lxk0301 322685974 进行助力
助力结果：啊偶，TA的助力已满，开启自己的红包活动吧~

账号 1 15631692383_p 开始给作者lxk0301 322693760 进行助力
助力结果：啊偶，TA的助力已满，开启自己的红包活动吧~

账号 1 15631692383_p 开始给作者lxk0301 322709167 进行助力
助力结果：啊偶，TA的助力已满，开启自己的红包活动吧~

账号 1 15631692383_p 开始给作者lxk0301 322715114 进行助力
助力结果：啊偶，TA的助力已满，开启自己的红包活动吧~

账号 1 15631692383_p 开始给作者lxk0301 322706357 进行助力
助力结果：啊偶，TA的助力已满，开启自己的红包活动吧~

账号 1 15631692383_p 开始给作者lxk0301 322709315 进行助力
助力结果：啊偶，TA的助力已满，开启自己的红包活动吧~

账号 1 15631692383_p 开始给作者lxk0301 322701705 进行助力
助力结果：啊偶，TA的助力已满，开启自己的红包活动吧~

账号 1 15631692383_p 开始给作者lxk0301 322722035 进行助力
助力结果：啊偶，TA的助力已满，开启自己的红包活动吧~

账号 1 15631692383_p 开始给作者lxk0301 322717128 进行助力
助力结果：啊偶，TA的助力已满，开启自己的红包活动吧~

账号 1 15631692383_p 开始给作者lxk0301 322698784 进行助力
助力结果：啊偶，TA的助力已满，开启自己的红包活动吧~

账号 1 15631692383_p 开始给作者lxk0301 322712372 进行助力
助力结果：啊偶，TA的助力已满，开启自己的红包活动吧~

账号 1 15631692383_p 开始给作者lxk0301 322718196 进行助力
助力结果：啊偶，TA的助力已满，开启自己的红包活动吧~

账号 1 15631692383_p 开始给作者lxk0301 322701833 进行助力
助力结果：今日助力次数已满
次数已用完，跳出助力


有剩余助力机会则给作者lxk0301进行助力

账号 2 jd_74a8d71c978d9 开始给作者lxk0301 322688382 进行助力
助力结果：啊偶，TA的助力已满，开启自己的红包活动吧~

账号 2 jd_74a8d71c978d9 开始给作者lxk0301 322668965 进行助力
助力结果：啊偶，TA的助力已满，开启自己的红包活动吧~

账号 2 jd_74a8d71c978d9 开始给作者lxk0301 322669982 进行助力
助力结果：啊偶，TA的助力已满，开启自己的红包活动吧~

账号 2 jd_74a8d71c978d9 开始给作者lxk0301 322684585 进行助力
助力结果：啊偶，TA的助力已满，开启自己的红包活动吧~

账号 2 jd_74a8d71c978d9 开始给作者lxk0301 322674848 进行助力
助力结果：啊偶，TA的助力已满，开启自己的红包活动吧~

账号 2 jd_74a8d71c978d9 开始给作者lxk0301 322689517 进行助力
助力结果：啊偶，TA的助力已满，开启自己的红包活动吧~

账号 2 jd_74a8d71c978d9 开始给作者lxk0301 322689615 进行助力
助力结果：啊偶，TA的助力已满，开启自己的红包活动吧~

账号 2 jd_74a8d71c978d9 开始给作者lxk0301 322706027 进行助力
助力结果：啊偶，TA的助力已满，开启自己的红包活动吧~

账号 2 jd_74a8d71c978d9 开始给作者lxk0301 322679985 进行助力
助力结果：啊偶，TA的助力已满，开启自己的红包活动吧~

账号 2 jd_74a8d71c978d9 开始给作者lxk0301 322685974 进行助力
助力结果：啊偶，TA的助力已满，开启自己的红包活动吧~

账号 2 jd_74a8d71c978d9 开始给作者lxk0301 322693760 进行助力
助力结果：啊偶，TA的助力已满，开启自己的红包活动吧~

账号 2 jd_74a8d71c978d9 开始给作者lxk0301 322709167 进行助力
助力结果：啊偶，TA的助力已满，开启自己的红包活动吧~

账号 2 jd_74a8d71c978d9 开始给作者lxk0301 322715114 进行助力
助力结果：啊偶，TA的助力已满，开启自己的红包活动吧~

账号 2 jd_74a8d71c978d9 开始给作者lxk0301 322706357 进行助力
助力结果：啊偶，TA的助力已满，开启自己的红包活动吧~

账号 2 jd_74a8d71c978d9 开始给作者lxk0301 322709315 进行助力
助力结果：啊偶，TA的助力已满，开启自己的红包活动吧~

账号 2 jd_74a8d71c978d9 开始给作者lxk0301 322701705 进行助力
助力结果：啊偶，TA的助力已满，开启自己的红包活动吧~

账号 2 jd_74a8d71c978d9 开始给作者lxk0301 322722035 进行助力
助力结果：啊偶，TA的助力已满，开启自己的红包活动吧~

账号 2 jd_74a8d71c978d9 开始给作者lxk0301 322717128 进行助力
助力结果：啊偶，TA的助力已满，开启自己的红包活动吧~

账号 2 jd_74a8d71c978d9 开始给作者lxk0301 322698784 进行助力
助力结果：啊偶，TA的助力已满，开启自己的红包活动吧~

账号 2 jd_74a8d71c978d9 开始给作者lxk0301 322712372 进行助力
助力结果：啊偶，TA的助力已满，开启自己的红包活动吧~

账号 2 jd_74a8d71c978d9 开始给作者lxk0301 322718196 进行助力
助力结果：啊偶，TA的助力已满，开启自己的红包活动吧~

账号 2 jd_74a8d71c978d9 开始给作者lxk0301 322701833 进行助力
助力结果：您已助力成功

账号 2 jd_74a8d71c978d9 开始给作者lxk0301 322719247 进行助力
助力结果：今日助力次数已满
次数已用完，跳出助力

🔔京东全民开红包, 结束! 🕛 101.547 秒

