
🔔明星小店, 开始!

====================共4个京东账号Cookie=========

==================脚本执行- 北京时间(UTC+8)：6/30/2021, 5:55:00 PM=====================

明星小店(星店长)
助力逻辑：每个ck随机获取一个明星，然后会先内部助力，然后再助力内置助力码
抽奖：是否中奖没判断，需自行查看
更新时间：2021-06-06

==================开始执行明星小店任务==================

*****开始【京东账号1】15631692383_p*****

现共查询到42个明星小店

开始第1个明星小店，ID：UN2SU2,明星：赵雷
快来抽取山海音乐节门票吧！
去做任务：明星应援签到
签到成功
去做任务：明星应援浏览
浏览：6
成功
浏览：7
成功
任务：明星应援关注店铺，已完成
互助码：yIg3z9QQmFaAtX_xc6t3lA


开始第2个明星小店，ID：M79U5N,明星：无穷小亮
无穷小亮给你送好礼啦，快来完成任务抽取专属好礼吧~
该明星小店已完成所有抽奖


开始第3个明星小店，ID：637BQA,明星：成毅
成毅X蒙牛 邀你来京东星店长抽取好礼！
该明星小店已完成所有抽奖


开始第4个明星小店，ID：AVDKNT,明星：张嘉倪
张嘉倪X美素佳儿 邀你来京东星店长抽取好礼！
该明星小店已完成所有抽奖


开始第5个明星小店，ID：94FEDQ,明星：任嘉伦
任嘉伦X佳洁士 邀你来京东星店长抽取好礼！
该明星小店已完成所有抽奖


开始第6个明星小店，ID：4C2M75,明星：张馨予
张馨予X护舒宝 邀你来京东星店长抽取好礼！
该明星小店已完成所有抽奖


开始第7个明星小店，ID：K6DARX,明星：龚俊
龚俊X博朗 邀你来京东星店长抽取好礼！
该明星小店已完成所有抽奖


开始第8个明星小店，ID：CX522V,明星：邓伦
邓伦X清扬 邀你来京东星店长抽取好礼！
该明星小店已完成所有抽奖


开始第9个明星小店，ID：762GUB,明星：刘昊然
刘昊然Xvivo 邀你来京东星店长抽取好礼！
该明星小店已完成所有抽奖


开始第10个明星小店，ID：ZQ7TQR,明星：马家辉
马家辉X人头马 邀你来京东星店长抽取好礼！
任务：明星应援签到，已完成
去做任务：明星应援浏览
浏览：人头马星店长-马家辉
成功
浏览：店铺爆款
成功
任务：明星应援关注店铺，已完成


开始第11个明星小店，ID：ZH7TQ6,明星：李一桐
李一桐 X DW 邀你来京东星店长抽取好礼！
该明星小店已完成所有抽奖


开始第12个明星小店，ID：J8UWSP,明星：戚薇
戚薇X德龙 邀你来京东星店长抽取好礼！
该明星小店已完成所有抽奖


开始第13个明星小店，ID：TXU6GB,明星：刘雨欣
THE9-刘雨昕X哈根达斯 邀你来京东星店长抽取好礼！
该明星小店已完成所有抽奖


开始第14个明星小店，ID：3PU8SZ,明星：阿云嘎
阿云嘎X华硕 邀你来京东星店长抽取好礼！
该明星小店已完成所有抽奖


开始第15个明星小店，ID：D22Q7C,明星：孟美岐
孟美岐X雀巢冰淇淋 邀你来京东星店长抽取好礼！
该明星小店已完成所有抽奖


开始第16个明星小店，ID：2PFR4L,明星：张云龙
张云龙X心相印 邀你来京东星店长抽取好礼！
该明星小店已完成所有抽奖


开始第17个明星小店，ID：HY4HCW,明星：陈坤
陈坤X方太 邀你来京东星店长抽取好礼！
去做任务：明星应援签到
签到成功
去做任务：明星应援浏览
浏览：特权
成功
浏览：P1+TH26B
成功
任务：明星应援关注店铺，已完成


开始第18个明星小店，ID：GN949D,明星：刘宇宁
摩登兄弟刘宇宁X蒙牛 邀你来京东星店长抽取好礼！
该明星小店已完成所有抽奖


开始第19个明星小店，ID：XLDYRJ,明星：白宇
白宇X吉列 邀你来京东星店长抽取好礼！
该明星小店已完成所有抽奖


开始第20个明星小店，ID：QE9757,明星：黄弈
黄奕X雅培 邀你来京东星店长抽取好礼！
该明星小店已完成所有抽奖


开始第21个明星小店，ID：WG73ME,明星：李光洁
李光洁X金领冠 邀你来京东星店长抽取好礼！
该明星小店已完成所有抽奖


开始第22个明星小店，ID：MW9U5Z,明星：吴宇恒
吴宇恒X沙宣 邀你来京东星店长抽取好礼！
该明星小店已完成所有抽奖


开始第23个明星小店，ID：8K7JM3,明星：止庵
止庵给你送好礼啦，快来完成任务抽取专属好礼吧~
该明星小店已完成所有抽奖


开始第24个明星小店，ID：YCDXNN,明星：蔡徐坤
蔡徐坤X汤臣倍健 邀你来京东星店长抽取好礼！
该明星小店已完成所有抽奖


开始第25个明星小店，ID：VZ4PEY,明星：翟潇闻
R1SE翟潇闻X碧欧泉 邀你来京东星店长抽取好礼！
该明星小店已完成所有抽奖


开始第26个明星小店，ID：5JFCD6,明星：李纹翰
李汶翰X巧乐兹 邀你来京东星店长抽取好礼！
该明星小店已完成所有抽奖


开始第27个明星小店，ID：3FU8S5,明星：周柯宇
INTO1周柯宇X飘柔 邀你来京东星店长抽取好礼！
该明星小店已完成所有抽奖


开始第28个明星小店，ID：4A2M7K,明星：张伯芝
张柏芝X美赞臣 邀你来京东星店长抽取好礼！
该明星小店已完成所有抽奖


开始第29个明星小店，ID：S99D9G,明星：刘浩存
刘浩存X奥利奥 邀你来京东星店长抽取好礼！
该明星小店已完成所有抽奖


开始第30个明星小店，ID：FBFN48,明星：李宇春
李宇春X多芬 邀你来京东星店长抽取好礼！
该明星小店已完成所有抽奖


开始第31个明星小店，ID：KDDAR9,明星：徐凯
许凯X老板电器 邀你来京东星店长抽取好礼！
任务：明星应援签到，已完成
去做任务：明星应援浏览
浏览：老板大吸力油烟机灶具套装
成功
浏览：老板电器京东自营旗舰店
成功
浏览：老板内腔免拆洗油烟机大火力灶具套装
成功
浏览：老板电器会员页面
成功
浏览：老板大吸力油烟机
成功
去做任务：明星应援关注店铺


开始第32个明星小店，ID：2SFR44,明星：白茶
白茶给你送好礼啦，快来完成任务抽取专属好礼吧~
该明星小店已完成所有抽奖


开始第33个明星小店，ID：ET5F23,明星：吴尊
吴尊X沁园X布鲁雅尔 邀你来京东星店长抽取好礼！
该明星小店已完成所有抽奖


开始第34个明星小店，ID：P94VEU,明星：林志玲
林志玲X松下 邀你来京东星店长抽取好礼！
该明星小店已完成所有抽奖


开始第35个明星小店，ID：VS4PEM,明星：热依扎
热依扎X合生元 邀你来京东星店长抽取好礼！
该明星小店已完成所有抽奖


开始第36个明星小店，ID：5RFCD9,明星：王菲菲
王霏霏X伊利 邀你来京东星店长抽取好礼！
该明星小店已完成所有抽奖


开始第37个明星小店，ID：E55F2M,明星：雷米
作家雷米给你送好礼，快来完成任务抽取专属好礼吧~
该明星小店已完成所有抽奖


开始第38个明星小店，ID：UK2SUY,明星：虞书欣
THE9-虞书欣X欧莱雅 邀你来京东星店长抽取好礼！
该明星小店已完成所有抽奖


开始第39个明星小店，ID：877JM4,明星：张哲瀚
张哲瀚X徐福记 邀你来京东星店长抽取好礼！
该明星小店已完成所有抽奖


开始第40个明星小店，ID：LQ4LCS,明星：倪妮
倪妮XOLAY 邀你来京东星店长抽取好礼！
该明星小店已完成所有抽奖


开始第41个明星小店，ID：LW4LCK,明星：田鸿杰
田鸿杰X潘婷 邀你来京东星店长抽取好礼！
该明星小店已完成所有抽奖


开始第42个明星小店，ID：YTDXNL,明星：宫殿君
只露声音的宫殿君给你送好礼啦，快来完成任务抽取专属好礼吧~
该明星小店已完成所有抽奖


=============15631692383_p：星店长奖励汇总================
获得优惠券
获得明星照片或者视频
获得优惠券
获得明星照片或者视频
获得明星照片或者视频
获得优惠券
获得明星照片或者视频
获得优惠券
获得优惠券
获得优惠券
获得优惠券
获得明星照片或者视频
获得优惠券
获得优惠券
获得明星照片或者视频
获得明星照片或者视频
获得优惠券
获得明星照片或者视频
获得优惠券
获得明星照片或者视频

*****开始【京东账号2】15631692383_p*****

现共查询到42个明星小店

开始第1个明星小店，ID：GN949D,明星：刘宇宁
摩登兄弟刘宇宁X蒙牛 邀你来京东星店长抽取好礼！
去做任务：明星应援签到
签到成功
去做任务：明星应援浏览
浏览：星店长承接页
成功
浏览：自营会员开卡
成功
浏览：芒芒西柚
成功
浏览：樱花青梅
成功
任务：明星应援关注店铺，已完成
互助码：SvvjBJ8dkO7Zthonryg0kjBoBPNXj4ugBmNzGK482zY


开始第2个明星小店，ID：ZH7TQ6,明星：李一桐
李一桐 X DW 邀你来京东星店长抽取好礼！
去做任务：明星应援签到
签到成功
去做任务：明星应援浏览
浏览：2
成功
浏览：11
成功
浏览：DW
成功
浏览：3
成功
浏览：22
成功
任务：明星应援关注店铺，已完成


开始第3个明星小店，ID：3PU8SZ,明星：阿云嘎
阿云嘎X华硕 邀你来京东星店长抽取好礼！
去做任务：明星应援签到
签到成功
去做任务：明星应援浏览
浏览：灵耀14S
成功
浏览：灵耀X双屏
成功
浏览：华硕618
成功
浏览：华硕轻薄会场
成功
浏览：星店长集合页
成功
任务：明星应援关注店铺，已完成


开始第4个明星小店，ID：D22Q7C,明星：孟美岐
孟美岐X雀巢冰淇淋 邀你来京东星店长抽取好礼！
去做任务：明星应援签到
签到成功
去做任务：明星应援浏览
浏览：呈真冰品活动-星店长任务
成功
浏览：雀巢冰淇淋 冰爽一夏
成功
浏览：香蕉先生活动-星店长任务
成功
浏览：哈瓦那活动-星店长任务
成功
任务：明星应援关注店铺，已完成


开始第5个明星小店，ID：K6DARX,明星：龚俊
龚俊X博朗 邀你来京东星店长抽取好礼！
去做任务：明星应援签到
签到成功
去做任务：明星应援浏览
浏览：品牌链接
成功
浏览：shop
成功
浏览：44
成功
浏览：77
成功
浏览：33
成功
任务：明星应援关注店铺，已完成


开始第6个明星小店，ID：M79U5N,明星：无穷小亮
无穷小亮给你送好礼啦，快来完成任务抽取专属好礼吧~
去做任务：明星应援签到
签到成功
去做任务：明星应援浏览
浏览：1
成功
浏览：5
成功
浏览：8
成功
浏览：3
成功
浏览：2
成功
任务：明星应援关注店铺，已完成


开始第7个明星小店，ID：LW4LCK,明星：田鸿杰
田鸿杰X潘婷 邀你来京东星店长抽取好礼！
去做任务：明星应援签到
签到成功
去做任务：明星应援浏览
返回异常：undefined
任务：明星应援关注店铺，已完成


开始第8个明星小店，ID：VS4PEM,明星：热依扎
返回异常：undefined
获取活动失败，ID：VS4PEM
"Cannot read property '1' of undefined"
开始第9个明星小店，ID：4C2M75,明星：张馨予
返回异常：undefined
获取活动失败，ID：4C2M75
"Cannot read property '1' of undefined"
开始第10个明星小店，ID：QE9757,明星：黄弈
返回异常：undefined
获取活动失败，ID：QE9757
"Cannot read property '1' of undefined"
开始第11个明星小店，ID：VZ4PEY,明星：翟潇闻
返回异常：undefined
获取活动失败，ID：VZ4PEY
"Cannot read property '1' of undefined"
开始第12个明星小店，ID：5JFCD6,明星：李纹翰
返回异常：undefined
获取活动失败，ID：5JFCD6
"Cannot read property '1' of undefined"
开始第13个明星小店，ID：TXU6GB,明星：刘雨欣
返回异常：undefined
获取活动失败，ID：TXU6GB
"Cannot read property '1' of undefined"
开始第14个明星小店，ID：CX522V,明星：邓伦
返回异常：undefined
获取活动失败，ID：CX522V
"Cannot read property '1' of undefined"
开始第15个明星小店，ID：3FU8S5,明星：周柯宇
返回异常：undefined
获取活动失败，ID：3FU8S5
"Cannot read property '1' of undefined"
开始第16个明星小店，ID：2SFR44,明星：白茶
返回异常：undefined
获取活动失败，ID：2SFR44
"Cannot read property '1' of undefined"
开始第17个明星小店，ID：E55F2M,明星：雷米
返回异常：undefined
获取活动失败，ID：E55F2M
"Cannot read property '1' of undefined"
开始第18个明星小店，ID：5RFCD9,明星：王菲菲
返回异常：undefined
获取活动失败，ID：5RFCD9
"Cannot read property '1' of undefined"
开始第19个明星小店，ID：P94VEU,明星：林志玲
返回异常：undefined
获取活动失败，ID：P94VEU
"Cannot read property '1' of undefined"
开始第20个明星小店，ID：94FEDQ,明星：任嘉伦
返回异常：undefined
获取活动失败，ID：94FEDQ
"Cannot read property '1' of undefined"
开始第21个明星小店，ID：877JM4,明星：张哲瀚
返回异常：undefined
获取活动失败，ID：877JM4
"Cannot read property '1' of undefined"
开始第22个明星小店，ID：S99D9G,明星：刘浩存
返回异常：undefined
获取活动失败，ID：S99D9G
"Cannot read property '1' of undefined"
开始第23个明星小店，ID：XLDYRJ,明星：白宇
返回异常：undefined
获取活动失败，ID：XLDYRJ
"Cannot read property '1' of undefined"
开始第24个明星小店，ID：YCDXNN,明星：蔡徐坤
返回异常：undefined
获取活动失败，ID：YCDXNN
"Cannot read property '1' of undefined"
开始第25个明星小店，ID：762GUB,明星：刘昊然
返回异常：undefined
获取活动失败，ID：762GUB
"Cannot read property '1' of undefined"
开始第26个明星小店，ID：AVDKNT,明星：张嘉倪
返回异常：undefined
获取活动失败，ID：AVDKNT
"Cannot read property '1' of undefined"
开始第27个明星小店，ID：UK2SUY,明星：虞书欣
返回异常：undefined
获取活动失败，ID：UK2SUY
"Cannot read property '1' of undefined"
开始第28个明星小店，ID：8K7JM3,明星：止庵
返回异常：undefined
获取活动失败，ID：8K7JM3
"Cannot read property '1' of undefined"
开始第29个明星小店，ID：ZQ7TQR,明星：马家辉
返回异常：undefined
获取活动失败，ID：ZQ7TQR
"Cannot read property '1' of undefined"
开始第30个明星小店，ID：LQ4LCS,明星：倪妮
返回异常：undefined
获取活动失败，ID：LQ4LCS
"Cannot read property '1' of undefined"
开始第31个明星小店，ID：YTDXNL,明星：宫殿君
返回异常：undefined
获取活动失败，ID：YTDXNL
"Cannot read property '1' of undefined"
开始第32个明星小店，ID：KDDAR9,明星：徐凯
返回异常：undefined
获取活动失败，ID：KDDAR9
"Cannot read property '1' of undefined"
开始第33个明星小店，ID：MW9U5Z,明星：吴宇恒
返回异常：undefined
获取活动失败，ID：MW9U5Z
"Cannot read property '1' of undefined"
开始第34个明星小店，ID：2PFR4L,明星：张云龙
返回异常：undefined
获取活动失败，ID：2PFR4L
"Cannot read property '1' of undefined"
开始第35个明星小店，ID：WG73ME,明星：李光洁
返回异常：undefined
获取活动失败，ID：WG73ME
"Cannot read property '1' of undefined"
开始第36个明星小店，ID：ET5F23,明星：吴尊
返回异常：undefined
获取活动失败，ID：ET5F23
"Cannot read property '1' of undefined"
开始第37个明星小店，ID：FBFN48,明星：李宇春
返回异常：undefined
获取活动失败，ID：FBFN48
"Cannot read property '1' of undefined"
开始第38个明星小店，ID：UN2SU2,明星：赵雷
返回异常：undefined
获取活动失败，ID：UN2SU2
"Cannot read property '1' of undefined"
开始第39个明星小店，ID：HY4HCW,明星：陈坤
返回异常：undefined
获取活动失败，ID：HY4HCW
"Cannot read property '1' of undefined"
开始第40个明星小店，ID：637BQA,明星：成毅
返回异常：undefined
获取活动失败，ID：637BQA
"Cannot read property '1' of undefined"
开始第41个明星小店，ID：4A2M7K,明星：张伯芝
返回异常：undefined
获取活动失败，ID：4A2M7K
"Cannot read property '1' of undefined"
开始第42个明星小店，ID：J8UWSP,明星：戚薇
返回异常：undefined
获取活动失败，ID：J8UWSP
"Cannot read property '1' of undefined"
=============jd_74a8d71c978d9：星店长奖励汇总================

❗️明星小店, 错误!
SyntaxError: Unexpected token u in JSON at position 0
    at JSON.parse (<anonymous>)
    at /opt/jd/scripts/jd_star_shop.js:479:21
    at /opt/jd/scripts/jd_star_shop.js:728:4955
    at runMicrotasks (<anonymous>)
    at processTicksAndRejections (internal/process/task_queues.js:93:5)
"getaddrinfo ENOTFOUND wq.jd.com"
明星小店 API请求失败，请检查网路重试

*****开始【京东账号3】chao4596758*****

现共查询到42个明星小店

开始第1个明星小店，ID：M79U5N,明星：无穷小亮
返回异常：undefined
获取活动失败，ID：M79U5N
"Cannot read property '1' of undefined"
开始第2个明星小店，ID：YCDXNN,明星：蔡徐坤
返回异常：undefined
获取活动失败，ID：YCDXNN
"Cannot read property '1' of undefined"
开始第3个明星小店，ID：P94VEU,明星：林志玲
返回异常：undefined
获取活动失败，ID：P94VEU
"Cannot read property '1' of undefined"
开始第4个明星小店，ID：637BQA,明星：成毅
返回异常：undefined
获取活动失败，ID：637BQA
"Cannot read property '1' of undefined"
开始第5个明星小店，ID：J8UWSP,明星：戚薇
返回异常：undefined
获取活动失败，ID：J8UWSP
"Cannot read property '1' of undefined"
开始第6个明星小店，ID：3FU8S5,明星：周柯宇
返回异常：undefined
获取活动失败，ID：3FU8S5
"Cannot read property '1' of undefined"
开始第7个明星小店，ID：ZQ7TQR,明星：马家辉
返回异常：undefined
获取活动失败，ID：ZQ7TQR
"Cannot read property '1' of undefined"
开始第8个明星小店，ID：TXU6GB,明星：刘雨欣
返回异常：undefined
获取活动失败，ID：TXU6GB
"Cannot read property '1' of undefined"
开始第9个明星小店，ID：QE9757,明星：黄弈
返回异常：undefined
获取活动失败，ID：QE9757
"Cannot read property '1' of undefined"
开始第10个明星小店，ID：VS4PEM,明星：热依扎
返回异常：undefined
获取活动失败，ID：VS4PEM
"Cannot read property '1' of undefined"
开始第11个明星小店，ID：LW4LCK,明星：田鸿杰
返回异常：undefined
获取活动失败，ID：LW4LCK
"Cannot read property '1' of undefined"
开始第12个明星小店，ID：ET5F23,明星：吴尊
返回异常：undefined
获取活动失败，ID：ET5F23
"Cannot read property '1' of undefined"
开始第13个明星小店，ID：877JM4,明星：张哲瀚
返回异常：undefined
获取活动失败，ID：877JM4
"Cannot read property '1' of undefined"
开始第14个明星小店，ID：WG73ME,明星：李光洁
返回异常：undefined
获取活动失败，ID：WG73ME
"Cannot read property '1' of undefined"
开始第15个明星小店，ID：D22Q7C,明星：孟美岐
返回异常：undefined
获取活动失败，ID：D22Q7C
"Cannot read property '1' of undefined"
开始第16个明星小店，ID：KDDAR9,明星：徐凯
返回异常：undefined
获取活动失败，ID：KDDAR9
"Cannot read property '1' of undefined"
开始第17个明星小店，ID：ZH7TQ6,明星：李一桐
返回异常：undefined
获取活动失败，ID：ZH7TQ6
"Cannot read property '1' of undefined"
开始第18个明星小店，ID：8K7JM3,明星：止庵
返回异常：undefined
获取活动失败，ID：8K7JM3
"Cannot read property '1' of undefined"
开始第19个明星小店，ID：E55F2M,明星：雷米
返回异常：undefined
获取活动失败，ID：E55F2M
"Cannot read property '1' of undefined"
开始第20个明星小店，ID：XLDYRJ,明星：白宇
返回异常：undefined
获取活动失败，ID：XLDYRJ
"Cannot read property '1' of undefined"
开始第21个明星小店，ID：94FEDQ,明星：任嘉伦
返回异常：undefined
获取活动失败，ID：94FEDQ
"Cannot read property '1' of undefined"
开始第22个明星小店，ID：AVDKNT,明星：张嘉倪
返回异常：undefined
获取活动失败，ID：AVDKNT
"Cannot read property '1' of undefined"
开始第23个明星小店，ID：S99D9G,明星：刘浩存
返回异常：undefined
获取活动失败，ID：S99D9G
"Cannot read property '1' of undefined"
开始第24个明星小店，ID：UN2SU2,明星：赵雷
返回异常：undefined
获取活动失败，ID：UN2SU2
"Cannot read property '1' of undefined"
开始第25个明星小店，ID：5RFCD9,明星：王菲菲
返回异常：undefined
获取活动失败，ID：5RFCD9
"Cannot read property '1' of undefined"
开始第26个明星小店，ID：LQ4LCS,明星：倪妮
返回异常：undefined
获取活动失败，ID：LQ4LCS
"Cannot read property '1' of undefined"
开始第27个明星小店，ID：2PFR4L,明星：张云龙
返回异常：undefined
获取活动失败，ID：2PFR4L
"Cannot read property '1' of undefined"
开始第28个明星小店，ID：MW9U5Z,明星：吴宇恒
返回异常：undefined
获取活动失败，ID：MW9U5Z
"Cannot read property '1' of undefined"
开始第29个明星小店，ID：3PU8SZ,明星：阿云嘎
返回异常：undefined
获取活动失败，ID：3PU8SZ
"Cannot read property '1' of undefined"
开始第30个明星小店，ID：K6DARX,明星：龚俊
返回异常：undefined
获取活动失败，ID：K6DARX
"Cannot read property '1' of undefined"
开始第31个明星小店，ID：5JFCD6,明星：李纹翰
返回异常：undefined
获取活动失败，ID：5JFCD6
"Cannot read property '1' of undefined"
开始第32个明星小店，ID：YTDXNL,明星：宫殿君
返回异常：undefined
获取活动失败，ID：YTDXNL
"Cannot read property '1' of undefined"
开始第33个明星小店，ID：2SFR44,明星：白茶
返回异常：undefined
获取活动失败，ID：2SFR44
"Cannot read property '1' of undefined"
开始第34个明星小店，ID：VZ4PEY,明星：翟潇闻
返回异常：undefined
获取活动失败，ID：VZ4PEY
"Cannot read property '1' of undefined"
开始第35个明星小店，ID：FBFN48,明星：李宇春
返回异常：undefined
获取活动失败，ID：FBFN48
"Cannot read property '1' of undefined"
开始第36个明星小店，ID：4C2M75,明星：张馨予
返回异常：undefined
获取活动失败，ID：4C2M75
"Cannot read property '1' of undefined"
开始第37个明星小店，ID：4A2M7K,明星：张伯芝
返回异常：undefined
获取活动失败，ID：4A2M7K
"Cannot read property '1' of undefined"
开始第38个明星小店，ID：HY4HCW,明星：陈坤
返回异常：undefined
获取活动失败，ID：HY4HCW
"Cannot read property '1' of undefined"
开始第39个明星小店，ID：762GUB,明星：刘昊然
返回异常：undefined
获取活动失败，ID：762GUB
"Cannot read property '1' of undefined"
开始第40个明星小店，ID：UK2SUY,明星：虞书欣
返回异常：undefined
获取活动失败，ID：UK2SUY
"Cannot read property '1' of undefined"
开始第41个明星小店，ID：GN949D,明星：刘宇宁
返回异常：undefined
获取活动失败，ID：GN949D
"Cannot read property '1' of undefined"
开始第42个明星小店，ID：CX522V,明星：邓伦
返回异常：undefined
获取活动失败，ID：CX522V
"Cannot read property '1' of undefined"
=============chao4596758：星店长奖励汇总================

❗️明星小店, 错误!
SyntaxError: Unexpected token u in JSON at position 0
    at JSON.parse (<anonymous>)
    at /opt/jd/scripts/jd_star_shop.js:479:21
    at /opt/jd/scripts/jd_star_shop.js:728:4955
    at runMicrotasks (<anonymous>)
    at processTicksAndRejections (internal/process/task_queues.js:93:5)
"getaddrinfo ENOTFOUND wq.jd.com"
明星小店 API请求失败，请检查网路重试

*****开始【京东账号4】jd_46df9eaa780aa*****

现共查询到42个明星小店

开始第1个明星小店，ID：94FEDQ,明星：任嘉伦
返回异常：undefined
获取活动失败，ID：94FEDQ
"Cannot read property '1' of undefined"
开始第2个明星小店，ID：XLDYRJ,明星：白宇
返回异常：undefined
获取活动失败，ID：XLDYRJ
"Cannot read property '1' of undefined"
开始第3个明星小店，ID：5JFCD6,明星：李纹翰
返回异常：undefined
获取活动失败，ID：5JFCD6
"Cannot read property '1' of undefined"
开始第4个明星小店，ID：UK2SUY,明星：虞书欣
返回异常：undefined
获取活动失败，ID：UK2SUY
"Cannot read property '1' of undefined"
开始第5个明星小店，ID：E55F2M,明星：雷米
返回异常：undefined
获取活动失败，ID：E55F2M
"Cannot read property '1' of undefined"
开始第6个明星小店，ID：5RFCD9,明星：王菲菲
返回异常：undefined
获取活动失败，ID：5RFCD9
"Cannot read property '1' of undefined"
开始第7个明星小店，ID：YTDXNL,明星：宫殿君
返回异常：undefined
获取活动失败，ID：YTDXNL
"Cannot read property '1' of undefined"
开始第8个明星小店，ID：ZQ7TQR,明星：马家辉
返回异常：undefined
获取活动失败，ID：ZQ7TQR
"Cannot read property '1' of undefined"
开始第9个明星小店，ID：762GUB,明星：刘昊然
返回异常：undefined
获取活动失败，ID：762GUB
"Cannot read property '1' of undefined"
开始第10个明星小店，ID：S99D9G,明星：刘浩存
返回异常：undefined
获取活动失败，ID：S99D9G
"Cannot read property '1' of undefined"
开始第11个明星小店，ID：4C2M75,明星：张馨予
返回异常：undefined
获取活动失败，ID：4C2M75
"Cannot read property '1' of undefined"
开始第12个明星小店，ID：M79U5N,明星：无穷小亮
返回异常：undefined
获取活动失败，ID：M79U5N
"Cannot read property '1' of undefined"
开始第13个明星小店，ID：WG73ME,明星：李光洁
返回异常：undefined
获取活动失败，ID：WG73ME
"Cannot read property '1' of undefined"
开始第14个明星小店，ID：VS4PEM,明星：热依扎
返回异常：undefined
获取活动失败，ID：VS4PEM
"Cannot read property '1' of undefined"
开始第15个明星小店，ID：LQ4LCS,明星：倪妮
返回异常：undefined
获取活动失败，ID：LQ4LCS
"Cannot read property '1' of undefined"
开始第16个明星小店，ID：KDDAR9,明星：徐凯
返回异常：undefined
获取活动失败，ID：KDDAR9
"Cannot read property '1' of undefined"
开始第17个明星小店，ID：TXU6GB,明星：刘雨欣
返回异常：undefined
获取活动失败，ID：TXU6GB
"Cannot read property '1' of undefined"
开始第18个明星小店，ID：ET5F23,明星：吴尊
返回异常：undefined
获取活动失败，ID：ET5F23
"Cannot read property '1' of undefined"
开始第19个明星小店，ID：YCDXNN,明星：蔡徐坤
返回异常：undefined
获取活动失败，ID：YCDXNN
"Cannot read property '1' of undefined"
开始第20个明星小店，ID：877JM4,明星：张哲瀚
返回异常：undefined
获取活动失败，ID：877JM4
"Cannot read property '1' of undefined"
开始第21个明星小店，ID：VZ4PEY,明星：翟潇闻
返回异常：undefined
获取活动失败，ID：VZ4PEY
"Cannot read property '1' of undefined"
开始第22个明星小店，ID：CX522V,明星：邓伦
获取活动失败，ID：CX522V
"Cannot read property '1' of undefined"
开始第23个明星小店，ID：K6DARX,明星：龚俊
获取活动失败，ID：K6DARX
"Cannot read property '1' of undefined"
开始第24个明星小店，ID：ZH7TQ6,明星：李一桐
获取活动失败，ID：ZH7TQ6
"Cannot read property '1' of undefined"
开始第25个明星小店，ID：J8UWSP,明星：戚薇
获取活动失败，ID：J8UWSP
"Cannot read property '1' of undefined"
开始第26个明星小店，ID：UN2SU2,明星：赵雷
获取活动失败，ID：UN2SU2
"Cannot read property '1' of undefined"
开始第27个明星小店，ID：QE9757,明星：黄弈
获取活动失败，ID：QE9757
"Cannot read property '1' of undefined"
开始第28个明星小店，ID：D22Q7C,明星：孟美岐
获取活动失败，ID：D22Q7C
"Cannot read property '1' of undefined"
开始第29个明星小店，ID：3PU8SZ,明星：阿云嘎
获取活动失败，ID：3PU8SZ
"Cannot read property '1' of undefined"
开始第30个明星小店，ID：8K7JM3,明星：止庵
获取活动失败，ID：8K7JM3
"Cannot read property '1' of undefined"
开始第31个明星小店，ID：GN949D,明星：刘宇宁
获取活动失败，ID：GN949D
"Cannot read property '1' of undefined"
开始第32个明星小店，ID：2PFR4L,明星：张云龙
获取活动失败，ID：2PFR4L
"Cannot read property '1' of undefined"
开始第33个明星小店，ID：AVDKNT,明星：张嘉倪
获取活动失败，ID：AVDKNT
"Cannot read property '1' of undefined"
开始第34个明星小店，ID：HY4HCW,明星：陈坤
获取活动失败，ID：HY4HCW
"Cannot read property '1' of undefined"
开始第35个明星小店，ID：P94VEU,明星：林志玲
获取活动失败，ID：P94VEU
"Cannot read property '1' of undefined"
开始第36个明星小店，ID：MW9U5Z,明星：吴宇恒
获取活动失败，ID：MW9U5Z
"Cannot read property '1' of undefined"
开始第37个明星小店，ID：637BQA,明星：成毅
获取活动失败，ID：637BQA
"Cannot read property '1' of undefined"
开始第38个明星小店，ID：LW4LCK,明星：田鸿杰
获取活动失败，ID：LW4LCK
"Cannot read property '1' of undefined"
开始第39个明星小店，ID：4A2M7K,明星：张伯芝
获取活动失败，ID：4A2M7K
"Cannot read property '1' of undefined"
开始第40个明星小店，ID：3FU8S5,明星：周柯宇
获取活动失败，ID：3FU8S5
"Cannot read property '1' of undefined"
开始第41个明星小店，ID：2SFR44,明星：白茶
获取活动失败，ID：2SFR44
"Cannot read property '1' of undefined"
开始第42个明星小店，ID：FBFN48,明星：李宇春
获取活动失败，ID：FBFN48
"Cannot read property '1' of undefined"
=============jd_46df9eaa780aa：星店长奖励汇总================
15631692383_p去助力：UK2SUY 活动，助力码：yIg3z9QQmFaAtX_xc6t3lA
助力结果：{"msg":"data does not exist","code":12,"success":false}
15631692383_p去助力：UK2SUY 活动，助力码：SvvjBJ8dkO7Zthonryg0kjBoBPNXj4ugBmNzGK482zY
助力结果：{"msg":"data does not exist","code":12,"success":false}
15631692383_p去助力：UK2SUY 活动，助力码：_k4tqw3KlELJH9XxQO5CrA
助力结果：{"msg":"data does not exist","code":12,"success":false}
15631692383_p去助力：UK2SUY 活动，助力码：BAHTiQ8Nq3G3G6pNnwGeQC3trj2aBNyqM3hYs1n4-fY
助力结果：{"msg":"data does not exist","code":12,"success":false}
15631692383_p去助力：UK2SUY 活动，助力码：GYv6SLEM1HE774Oiszj3hJbzz_B9k-Nh-4lrWMylsG8
助力结果：{"msg":"data does not exist","code":12,"success":false}
15631692383_p去助力：UK2SUY 活动，助力码：WxUkszrzV_sgvHgfjeOazA
助力结果：{"msg":"data does not exist","code":12,"success":false}
15631692383_p去助力：UK2SUY 活动，助力码：qXBK2YHoFjuNubhbXrXn2g
助力结果：{"msg":"data does not exist","code":12,"success":false}
jd_74a8d71c978d9去助力：637BQA 活动，助力码：yIg3z9QQmFaAtX_xc6t3lA
助力结果：{"msg":"data does not exist","code":12,"success":false}
jd_74a8d71c978d9去助力：637BQA 活动，助力码：SvvjBJ8dkO7Zthonryg0kjBoBPNXj4ugBmNzGK482zY
助力结果：{"msg":"data does not exist","code":12,"success":false}
jd_74a8d71c978d9去助力：637BQA 活动，助力码：_k4tqw3KlELJH9XxQO5CrA
助力结果：{"msg":"data does not exist","code":12,"success":false}
jd_74a8d71c978d9去助力：637BQA 活动，助力码：BAHTiQ8Nq3G3G6pNnwGeQC3trj2aBNyqM3hYs1n4-fY
助力结果：{"msg":"data does not exist","code":12,"success":false}
jd_74a8d71c978d9去助力：637BQA 活动，助力码：GYv6SLEM1HE774Oiszj3hJbzz_B9k-Nh-4lrWMylsG8
助力结果：{"msg":"data does not exist","code":12,"success":false}
jd_74a8d71c978d9去助力：637BQA 活动，助力码：WxUkszrzV_sgvHgfjeOazA
助力结果：{"msg":"data does not exist","code":12,"success":false}
jd_74a8d71c978d9去助力：637BQA 活动，助力码：qXBK2YHoFjuNubhbXrXn2g
助力结果：{"msg":"data does not exist","code":12,"success":false}
chao4596758去助力：2PFR4L 活动，助力码：yIg3z9QQmFaAtX_xc6t3lA
助力结果：{"msg":"data does not exist","code":12,"success":false}
chao4596758去助力：2PFR4L 活动，助力码：SvvjBJ8dkO7Zthonryg0kjBoBPNXj4ugBmNzGK482zY
助力结果：{"msg":"data does not exist","code":12,"success":false}
chao4596758去助力：2PFR4L 活动，助力码：_k4tqw3KlELJH9XxQO5CrA
助力结果：{"msg":"data does not exist","code":12,"success":false}
chao4596758去助力：2PFR4L 活动，助力码：BAHTiQ8Nq3G3G6pNnwGeQC3trj2aBNyqM3hYs1n4-fY
返回异常：undefined
chao4596758去助力：2PFR4L 活动，助力码：GYv6SLEM1HE774Oiszj3hJbzz_B9k-Nh-4lrWMylsG8
助力结果：{"msg":"data does not exist","code":12,"success":false}
chao4596758去助力：2PFR4L 活动，助力码：WxUkszrzV_sgvHgfjeOazA
助力结果：{"msg":"data does not exist","code":12,"success":false}
chao4596758去助力：2PFR4L 活动，助力码：qXBK2YHoFjuNubhbXrXn2g
助力结果：{"msg":"data does not exist","code":12,"success":false}
jd_46df9eaa780aa去助力：762GUB 活动，助力码：yIg3z9QQmFaAtX_xc6t3lA
助力结果：{"msg":"data does not exist","code":12,"success":false}
jd_46df9eaa780aa去助力：762GUB 活动，助力码：SvvjBJ8dkO7Zthonryg0kjBoBPNXj4ugBmNzGK482zY
助力结果：{"msg":"data does not exist","code":12,"success":false}
jd_46df9eaa780aa去助力：762GUB 活动，助力码：_k4tqw3KlELJH9XxQO5CrA
助力结果：{"msg":"data does not exist","code":12,"success":false}
jd_46df9eaa780aa去助力：762GUB 活动，助力码：BAHTiQ8Nq3G3G6pNnwGeQC3trj2aBNyqM3hYs1n4-fY
助力结果：{"msg":"data does not exist","code":12,"success":false}
jd_46df9eaa780aa去助力：762GUB 活动，助力码：GYv6SLEM1HE774Oiszj3hJbzz_B9k-Nh-4lrWMylsG8
助力结果：{"msg":"data does not exist","code":12,"success":false}
jd_46df9eaa780aa去助力：762GUB 活动，助力码：WxUkszrzV_sgvHgfjeOazA
助力结果：{"msg":"data does not exist","code":12,"success":false}
jd_46df9eaa780aa去助力：762GUB 活动，助力码：qXBK2YHoFjuNubhbXrXn2g
助力结果：{"msg":"data does not exist","code":12,"success":false}

🔔明星小店, 结束! 🕛 51061.669 秒

