
🔔进店领豆, 开始!

====================共4个京东账号Cookie=========

==================脚本执行- 北京时间(UTC+8)：6/30/2021, 3:52:43 PM=====================


开始【京东账号1】15631692383_p

beanCount::0

开始【京东账号2】jd_74a8d71c978d9

本期任务已被抢光，明天再来吧


==============📣系统通知📣==============
进店领豆
京东账号 2 jd_74a8d71c978d9
本期任务已被抢光，明天再来吧

开始【京东账号3】chao4596758

本期任务已被抢光，明天再来吧


==============📣系统通知📣==============
进店领豆
京东账号 3 chao4596758
本期任务已被抢光，明天再来吧

开始【京东账号4】jd_46df9eaa780aa

本期任务已被抢光，明天再来吧


==============📣系统通知📣==============
进店领豆
京东账号 4 jd_46df9eaa780aa
本期任务已被抢光，明天再来吧

🔔进店领豆, 结束! 🕛 6.204 秒

