
🔔京喜农场, 开始!
开始获取配置文件


====================共2个京东账号Cookie=========

==================脚本执行- 北京时间(UTC+8)：7/12/2021, 1:06:44 AM=====================

您的京喜农场助力码选择的是用&隔开

共2个京东账号

您提供了0个账号的京喜农场助力码

************* 检查【京东账号1】15631692383_p cookie 是否有效 *************
开始【京东账号1】15631692383_p

由于您第1个京东账号未提供shareCode,将采纳本脚本自带的助力码
第1个京东账号将要助力的好友[""]
获取用户信息 & 任务列表
获取签名参数成功！
fp: 9369900793913162
token: tk01w9c001c22a8nL2pCcy9MYm95HSI9t2yIBLy4yGpuhrop5UAK4N63s8/cUwrK3XECBxgLYYemcxZAqzJFaYQm0zo1
enCryptMethodJD: function test(token,fingerprint,timestamp,appId,algo){const random='6rekPzKLlCxT';const str=`${token}${fingerprint}${timestamp}${appId}${random}`;return algo.MD5(str)}
获取任务列表  总共15个任务！
【京东账号1（15631692383_p）的京喜农场好友互助码】{"smp":"449abf5c4e21a8bec1e15dd5fa621578","active":"jdnc_1_3yuanyoutao210616_2","joinnum":1}
开始第1个任务：每日签到
每日签到[做任务]：ret:0 retmsg:"成功"
结束第1个任务：每日签到
开始第2个任务：开启明日免费领水滴提醒
开启明日免费领水滴提醒[做任务]：ret:0 retmsg:"成功"
结束第2个任务：开启明日免费领水滴提醒
开始第3个任务：同城热销低至1.9元抢
同城热销低至1.9元抢[做任务]：ret:0 retmsg:"成功"
结束第3个任务：同城热销低至1.9元抢
开始第4个任务：一万份鸡蛋免费送
结束第4个任务：一万份鸡蛋免费送
开始第5个任务：产地好货3.9元起
产地好货3.9元起[做任务]：ret:0 retmsg:"成功"
结束第5个任务：产地好货3.9元起
开始第6个任务：1元限时抢，省钱来秒杀
1元限时抢，省钱来秒杀[做任务]：ret:0 retmsg:"成功"
结束第6个任务：1元限时抢，省钱来秒杀
开始第7个任务：每日抽奖，瓜分千万京豆
每日抽奖，瓜分千万京豆[做任务]：ret:0 retmsg:"成功"
结束第7个任务：每日抽奖，瓜分千万京豆
开始第8个任务：限时9.9元秒
限时9.9元秒[做任务]：ret:0 retmsg:"成功"
结束第8个任务：限时9.9元秒
开始第9个任务：去赢1000元红包
结束第9个任务：去赢1000元红包
开始第10个任务：半打啤酒9.9元抢
半打啤酒9.9元抢[做任务]：ret:0 retmsg:"成功"
结束第10个任务：半打啤酒9.9元抢
开始第11个任务：逛产地直发会场抢好货
逛产地直发会场抢好货[做任务]：ret:1034 retmsg:"freq limit"
结束第11个任务：逛产地直发会场抢好货
开始第12个任务：上岛0元领好物
上岛0元领好物[做任务]：ret:0 retmsg:"成功"
结束第12个任务：上岛0元领好物
开始第13个任务：去工厂0元领好物
去工厂0元领好物[做任务]：ret:0 retmsg:"成功"
结束第13个任务：去工厂0元领好物
开始第14个任务：看直播 抢网红打蛋神器
看直播 抢网红打蛋神器[做任务]：ret:0 retmsg:"成功"
结束第14个任务：看直播 抢网红打蛋神器
准备做答题任务：每日答题
获取任务列表  总共4个任务！
邀请码提交失败 API 返回异常
获取随机助力码失败 API 返回异常

==============📣系统通知📣==============
京喜农场
【京东账号1】15631692383_p
【水果名称】油桃
【水滴】本次获得67 离线获得0 今日获得67 还需水滴724
【预测】还需 11 天


************* 检查【京东账号2】jd_74a8d71c978d9 cookie 是否有效 *************
开始【京东账号2】Ycp_Dream

由于您第2个京东账号未提供shareCode,将采纳本脚本自带的助力码
第2个京东账号将要助力的好友["{\"smp\":\"15736cf530275c1cb064db6d977b3cd2\",\"active\":\"jdnc_1_3yuanyoutao210616_2\",\"joinnum\":\"2\"}","{\"smp\":\"4156a5b9cc5397e69fdf7688f1fc4813\",\"active\":\"jdnc_1_3yuanyoutao210616_2\",\"joinnum\":\"1\"}","{\"smp\":\"2db3d96781186ba4b6347fddb7125082\",\"active\":\"jdnc_1_4yuantaimang210422_2\",\"joinnum\":\"1\"}","{\"smp\":\"b641d98e42a63348581f1614797471b1\",\"active\":\"jdnc_1_xuelianguo210126_2\",\"joinnum\":\"1\"}"]
获取用户信息 & 任务列表
获取任务列表  总共8个任务！
账号未选择种子，请先去京喜农场选择种子。
如果选择 APP 专属种子，必须提供 token。
京喜农场 - notify 通知已关闭
账号2 - Ycp_Dream
【京东账号2】Ycp_Dream
账号未选择种子，请先去京喜农场选择种子。
如果选择 APP 专属种子，必须提供 token。

您未提供push+推送所需的PUSH_PLUS_TOKEN，取消push+推送消息通知🚫

server酱发送通知消息成功🎉

您未提供Bark的APP推送BARK_PUSH，取消Bark推送消息通知🚫

您未提供telegram机器人推送所需的TG_BOT_TOKEN和TG_USER_ID，取消telegram推送消息通知🚫

您未提供钉钉机器人推送所需的DD_BOT_TOKEN或者DD_BOT_SECRET，取消钉钉推送消息通知🚫

您未提供企业微信机器人推送所需的QYWX_KEY，取消企业微信推送消息通知🚫

您未提供企业微信应用消息推送所需的QYWX_AM，取消企业微信应用消息推送消息通知🚫

您未提供iGot的推送IGOT_PUSH_KEY，取消iGot推送消息通知🚫


🔔京喜农场, 结束! 🕛 29.597 秒

