
🔔京喜农场, 开始!
开始获取配置文件


====================共2个京东账号Cookie=========

==================脚本执行- 北京时间(UTC+8)：7/9/2021, 9:08:44 PM=====================

您的京喜农场助力码选择的是用&隔开

共2个京东账号

您提供了0个账号的京喜农场助力码

************* 检查【京东账号1】15631692383_p cookie 是否有效 *************
开始【京东账号1】15631692383_p

由于您第1个京东账号未提供shareCode,将采纳本脚本自带的助力码
第1个京东账号将要助力的好友[""]
获取用户信息 & 任务列表
获取签名参数成功！
fp: 2970244846316162
token: tk01w7af71b08a8nZ2NJZm5VV3lnaFjD49O4fYJ92Z6d4JRBjw1ufbsOZFZ4vE5pS9FgfOYRzJqR7YQi26guRC2wET6W
enCryptMethodJD: function test(token,fingerprint,timestamp,appId,algo){const random='EQmvB7HFZ13x';const str=`${token}${fingerprint}${timestamp}${appId}${random}`;return algo.HmacSHA256(str,token)}
获取任务列表  总共1个任务！
【京东账号1（15631692383_p）的京喜农场好友互助码】{"smp":"449abf5c4e21a8bec1e15dd5fa621578","active":"jdnc_1_3yuanyoutao210616_2","joinnum":1}
准备做答题任务：每日答题
每日答题[做任务]：ret:1029 retmsg:"no today config,indexDay:5"
获取任务列表  总共1个任务！
邀请码提交失败 API 返回异常
获取随机助力码失败 API 返回异常
京喜农场 - notify 通知已关闭
账号1 - 15631692383_p
【京东账号1】15631692383_p
【水果名称】油桃
【水滴】本次获得0 离线获得0 今日获得76 还需水滴963
【预测】还需 13 天


************* 检查【京东账号2】jd_74a8d71c978d9 cookie 是否有效 *************
开始【京东账号2】Ycp_Dream

由于您第2个京东账号未提供shareCode,将采纳本脚本自带的助力码
第2个京东账号将要助力的好友["{\"smp\":\"15736cf530275c1cb064db6d977b3cd2\",\"active\":\"jdnc_1_3yuanyoutao210616_2\",\"joinnum\":\"2\"}","{\"smp\":\"2db3d96781186ba4b6347fddb7125082\",\"active\":\"jdnc_1_4yuantaimang210422_2\",\"joinnum\":\"1\"}","{\"smp\":\"b641d98e42a63348581f1614797471b1\",\"active\":\"jdnc_1_xuelianguo210126_2\",\"joinnum\":\"1\"}"]
获取用户信息 & 任务列表
获取任务列表  总共8个任务！
账号未选择种子，请先去京喜农场选择种子。
如果选择 APP 专属种子，必须提供 token。
京喜农场 - notify 通知已关闭
账号2 - Ycp_Dream
【京东账号2】Ycp_Dream
账号未选择种子，请先去京喜农场选择种子。
如果选择 APP 专属种子，必须提供 token。


🔔京喜农场, 结束! 🕛 46.514 秒

