
🔔京喜农场, 开始!
开始获取配置文件


====================共5个京东账号Cookie=========

==================脚本执行- 北京时间(UTC+8)：7/2/2021, 12:30:02 PM=====================

您的京喜农场助力码选择的是用&隔开

共5个京东账号

您提供了0个账号的京喜农场助力码

************* 检查【京东账号1】15631692383_p cookie 是否有效 *************
开始【京东账号1】Ymh__Sirius

由于您第1个京东账号未提供shareCode,将采纳本脚本自带的助力码
第1个京东账号将要助力的好友[""]
获取用户信息 & 任务列表
获取签名参数成功！
fp: 1586386462071162
token: tk01w9ae61bb5a8nY0NNSUljbDFp4uZC0ZQY74dp5+WKwmcAxRROLHlzlMoRdpOKBqDFAlH7wK5Q1OAuc4En1JgjtBBr
enCryptMethodJD: function test(token,fingerprint,timestamp,appId,algo){const random='NVXYPHhYCWmN';const str=`${token}${fingerprint}${timestamp}${appId}${random}`;return algo.HmacMD5(str,token)}
获取任务列表  总共1个任务！
账号未选择种子，请先去京喜农场选择种子。
如果选择 APP 专属种子，必须提供 token。
京喜农场 - notify 通知已关闭
账号1 - Ymh__Sirius
【京东账号1】Ymh__Sirius
【水果名称】贵妃芒
账号未选择种子，请先去京喜农场选择种子。
如果选择 APP 专属种子，必须提供 token。


************* 检查【京东账号2】jd_74a8d71c978d9 cookie 是否有效 *************
开始【京东账号2】Ycp_Dream

由于您第2个京东账号未提供shareCode,将采纳本脚本自带的助力码
第2个京东账号将要助力的好友["{\"smp\":\"2db3d96781186ba4b6347fddb7125082\",\"active\":\"jdnc_1_4yuantaimang210422_2\",\"joinnum\":\"1\"}","{\"smp\":\"dc1af0fcd00e6e7e3e65c935dd07a49e\",\"active\":\"jdnc_1_3yuantiangua210422_2\",\"joinnum\":\"1\"}"]
获取用户信息 & 任务列表
获取任务列表  总共6个任务！
账号未选择种子，请先去京喜农场选择种子。
如果选择 APP 专属种子，必须提供 token。
京喜农场 - notify 通知已关闭
账号2 - Ycp_Dream
【京东账号2】Ycp_Dream
账号未选择种子，请先去京喜农场选择种子。
如果选择 APP 专属种子，必须提供 token。


************* 检查【京东账号3】chao4596758 cookie 是否有效 *************
开始【京东账号3】jd_585601a83bd48

由于您第3个京东账号未提供shareCode,将采纳本脚本自带的助力码
第3个京东账号将要助力的好友["{\"smp\":\"2db3d96781186ba4b6347fddb7125082\",\"active\":\"jdnc_1_4yuantaimang210422_2\",\"joinnum\":\"1\"}","{\"smp\":\"dc1af0fcd00e6e7e3e65c935dd07a49e\",\"active\":\"jdnc_1_3yuantiangua210422_2\",\"joinnum\":\"1\"}"]
获取用户信息 & 任务列表
获取任务列表  总共6个任务！
账号未选择种子，请先去京喜农场选择种子。
如果选择 APP 专属种子，必须提供 token。
京喜农场 - notify 通知已关闭
账号3 - jd_585601a83bd48
【京东账号3】jd_585601a83bd48
账号未选择种子，请先去京喜农场选择种子。
如果选择 APP 专属种子，必须提供 token。


************* 检查【京东账号4】jd_46df9eaa780aa cookie 是否有效 *************
开始【京东账号4】jd_157332ewky

由于您第4个京东账号未提供shareCode,将采纳本脚本自带的助力码
第4个京东账号将要助力的好友["{\"smp\":\"2db3d96781186ba4b6347fddb7125082\",\"active\":\"jdnc_1_4yuantaimang210422_2\",\"joinnum\":\"1\"}","{\"smp\":\"dc1af0fcd00e6e7e3e65c935dd07a49e\",\"active\":\"jdnc_1_3yuantiangua210422_2\",\"joinnum\":\"1\"}"]
获取用户信息 & 任务列表
获取任务列表  总共6个任务！
账号未选择种子，请先去京喜农场选择种子。
如果选择 APP 专属种子，必须提供 token。
京喜农场 - notify 通知已关闭
账号4 - jd_157332ewky
【京东账号4】jd_157332ewky
账号未选择种子，请先去京喜农场选择种子。
如果选择 APP 专属种子，必须提供 token。


************* 检查【京东账号5】jd_67f63c904d8c6 cookie 是否有效 *************
开始【京东账号5】jd_157332zdf

由于您第5个京东账号未提供shareCode,将采纳本脚本自带的助力码
第5个京东账号将要助力的好友["{\"smp\":\"2db3d96781186ba4b6347fddb7125082\",\"active\":\"jdnc_1_4yuantaimang210422_2\",\"joinnum\":\"1\"}","{\"smp\":\"dc1af0fcd00e6e7e3e65c935dd07a49e\",\"active\":\"jdnc_1_3yuantiangua210422_2\",\"joinnum\":\"1\"}"]
获取用户信息 & 任务列表
获取任务列表  总共6个任务！
账号未选择种子，请先去京喜农场选择种子。
如果选择 APP 专属种子，必须提供 token。
京喜农场 - notify 通知已关闭
账号5 - jd_157332zdf
【京东账号5】jd_157332zdf
账号未选择种子，请先去京喜农场选择种子。
如果选择 APP 专属种子，必须提供 token。


🔔京喜农场, 结束! 🕛 4.577 秒

