
🔔领金贴, 开始!

====================共2个京东账号Cookie=========

==================脚本执行- 北京时间(UTC+8)：7/12/2021, 12:08:02 AM=====================


******开始【京东账号1】Ymh__Sirius*********

获取签到状态成功 今日已签到 连续签到 62 天

互动任务获取成功

剩余未接取任务：0
已完成任务：0

获取当前总金贴成功

京东账号1 Ymh__Sirius 当前总金贴：0.29元

******开始【京东账号2】Ycp_Dream*********

获取签到状态成功 今日已签到 连续签到 4 天

互动任务获取成功

剩余未接取任务：4
已完成任务：0


开始领取 【参与全民开红包活动】任务
任务接取成功
完成任务失败 状态不正确

开始领取 【参与摇京豆活动】任务
任务接取成功

开始领取 【参与一次签到】任务
任务接取成功

开始领取 【浏览任务中心15秒】任务
任务接取成功
完成任务失败 状态不正确
获取当前总金贴成功

京东账号2 Ycp_Dream 当前总金贴：0.73元

🔔领金贴, 结束! 🕛 3.476 秒

