
🔔领金贴, 开始!

====================共2个京东账号Cookie=========

==================脚本执行- 北京时间(UTC+8)：7/9/2021, 9:03:10 PM=====================


******开始【京东账号1】Ymh__Sirius*********

获取签到状态失败 风控用户
互动任务获取成功

剩余未接取任务：0
已完成任务：0

预计获得： 金贴 0.01 元
奖励领取成功
获取当前总金贴失败 风控用户

******开始【京东账号2】Ycp_Dream*********

获取签到状态成功 今日已签到 连续签到 1 天

互动任务获取成功

剩余未接取任务：4
已完成任务：0


开始领取 【参与全民开红包活动】任务
任务接取成功
完成任务失败 状态不正确

开始领取 【参与摇京豆活动】任务
任务接取成功

开始领取 【参与一次签到】任务
任务接取成功

开始领取 【浏览任务中心15秒】任务
任务接取成功
完成任务失败 状态不正确
获取当前总金贴成功

京东账号2 Ycp_Dream 当前总金贴：0.53元

🔔领金贴, 结束! 🕛 4.736 秒

