
🔔领金贴, 开始!

====================共4个京东账号Cookie=========

==================脚本执行- 北京时间(UTC+8)：6/30/2021, 3:30:15 PM=====================


******开始【京东账号1】Ymh__Sirius*********

获取签到状态成功 今日已签到 连续签到 50 天

互动任务获取成功

剩余未接取任务：0
已完成任务：0

预计获得： 金贴 0.01 元
奖励领取成功
获取当前总金贴成功

京东账号1 Ymh__Sirius 当前总金贴：0.44元

******开始【京东账号2】Ycp_Dream*********

获取签到状态成功 今日已签到 连续签到 1 天

互动任务获取成功

剩余未接取任务：5
已完成任务：0


开始领取 【学知识，领金贴】任务
任务接取成功
完成任务失败 状态不正确

开始领取 【参与全民开红包活动】任务
任务接取成功
完成任务失败 状态不正确

开始领取 【参与摇京豆活动】任务
任务接取成功

开始领取 【参与一次签到】任务
任务接取成功

开始领取 【浏览任务中心15秒】任务
任务接取成功
完成任务失败 状态不正确
获取当前总金贴成功

京东账号2 Ycp_Dream 当前总金贴：0.4元

******开始【京东账号3】jd_585601a83bd48*********

获取签到状态成功 今日已签到 连续签到 1 天

互动任务获取成功

剩余未接取任务：5
已完成任务：0


开始领取 【学知识，领金贴】任务
任务接取成功
完成任务失败 状态不正确

开始领取 【参与全民开红包活动】任务
任务接取成功
完成任务失败 状态不正确

开始领取 【参与摇京豆活动】任务
任务接取成功

开始领取 【参与一次签到】任务
任务接取成功

开始领取 【浏览任务中心15秒】任务
任务接取成功
完成任务失败 状态不正确
获取当前总金贴成功

京东账号3 jd_585601a83bd48 当前总金贴：0.11元

******开始【京东账号4】jd_157332ewky*********

获取签到状态成功 今日已签到 连续签到 1 天

互动任务获取成功

剩余未接取任务：5
已完成任务：0


开始领取 【学知识，领金贴】任务
任务接取成功
完成任务失败 状态不正确

开始领取 【参与全民开红包活动】任务
任务接取成功
完成任务失败 状态不正确

开始领取 【参与摇京豆活动】任务
任务接取成功

开始领取 【参与一次签到】任务
任务接取成功

开始领取 【浏览任务中心15秒】任务
任务接取成功
完成任务失败 状态不正确
获取当前总金贴成功

京东账号4 jd_157332ewky 当前总金贴：0.12元

🔔领金贴, 结束! 🕛 16.376 秒

