
🔔618动物联萌收集金币, 开始!

====================共5个京东账号Cookie=========

==================脚本执行- 北京时间(UTC+8)：7/2/2021, 5:30:02 PM=====================


小功能::仅仅是收集一下618动物联萌领金币每秒产生的金币,建议30分钟执行一次脚本


******开始【京东账号1】15631692383_p*********

"getaddrinfo ENOTFOUND api.m.jd.com"
618动物联萌收集金币 API请求失败，请检查网路重试

******开始【京东账号2】jd_74a8d71c978d9*********

"getaddrinfo ENOTFOUND api.m.jd.com"
618动物联萌收集金币 API请求失败，请检查网路重试

******开始【京东账号3】chao4596758*********

"getaddrinfo ENOTFOUND api.m.jd.com"
618动物联萌收集金币 API请求失败，请检查网路重试

******开始【京东账号4】jd_46df9eaa780aa*********

"getaddrinfo ENOTFOUND api.m.jd.com"
618动物联萌收集金币 API请求失败，请检查网路重试

******开始【京东账号5】jd_67f63c904d8c6*********

"getaddrinfo ENOTFOUND api.m.jd.com"
618动物联萌收集金币 API请求失败，请检查网路重试

🔔618动物联萌收集金币, 结束! 🕛 70.534 秒

