
🔔幸运大转盘, 开始!

====================共2个京东账号Cookie=========

==================脚本执行- 北京时间(UTC+8)：7/12/2021, 1:07:50 AM=====================

如果出现提示 ?.data. 错误，请升级nodejs版本(进入容器后，apk add nodejs-current)

******开始【京东账号1】15631692383_p*********

去完成逛店铺任务，第1次
完成任务，获得10分
去完成逛店铺任务，第2次
完成任务，获得10分
去完成领补贴任务，第1次
完成任务，获得20分
去完成赢现金任务，第1次
完成任务，获得20分
抽奖需要80，当前5250分，去抽奖
只差一丢丢哦~
抽奖需要80，当前5310分，去抽奖
只差一丢丢哦~

******开始【京东账号2】jd_74a8d71c978d9*********

去完成逛店铺任务，第1次
完成任务，获得10分
去完成逛店铺任务，第2次
完成任务，获得10分
去完成领补贴任务，第1次
完成任务，获得20分
去完成赢现金任务，第1次
完成任务，获得20分
抽奖需要80，当前1080分，去抽奖
只差一丢丢哦~
抽奖需要80，当前1140分，去抽奖
只差一丢丢哦~

==============📣系统通知📣==============
幸运大转盘
【京东账号1】15631692383_p：只差一丢丢哦~
【京东账号1】15631692383_p：只差一丢丢哦~
【京东账号2】jd_74a8d71c978d9：只差一丢丢哦~
【京东账号2】jd_74a8d71c978d9：只差一丢丢哦~


🔔幸运大转盘, 结束! 🕛 6.302 秒

