
🔔幸运大转盘, 开始!

====================共4个京东账号Cookie=========

==================脚本执行- 北京时间(UTC+8)：6/30/2021, 3:35:03 PM=====================

如果出现提示 ?.data. 错误，请升级nodejs版本(进入容器后，apk add nodejs-current)

******开始【京东账号1】15631692383_p*********

去完成领补贴任务，第1次
完成任务，获得20分
抽奖需要80，当前4680分，去抽奖
只差一丢丢哦~
抽奖需要80，当前4700分，去抽奖
只差一丢丢哦~

******开始【京东账号2】jd_74a8d71c978d9*********

抽奖需要80，当前960分，去抽奖
只差一丢丢哦~
抽奖需要80，当前960分，去抽奖
只差一丢丢哦~

******开始【京东账号3】chao4596758*********

去完成逛店铺任务，第1次
完成任务，获得10分
去完成逛店铺任务，第2次
完成任务，获得10分
去完成领补贴任务，第1次
完成任务，获得20分
去完成赢现金任务，第1次
完成任务，获得20分
抽奖需要80，当前820分，去抽奖
只差一丢丢哦~
抽奖需要80，当前880分，去抽奖
只差一丢丢哦~

******开始【京东账号4】jd_46df9eaa780aa*********

去完成逛店铺任务，第2次
完成任务，获得10分
抽奖需要80，当前950分，去抽奖
只差一丢丢哦~
抽奖需要80，当前960分，去抽奖
只差一丢丢哦~

==============📣系统通知📣==============
幸运大转盘
【京东账号1】15631692383_p：只差一丢丢哦~
【京东账号1】15631692383_p：只差一丢丢哦~
【京东账号2】jd_74a8d71c978d9：只差一丢丢哦~
【京东账号2】jd_74a8d71c978d9：只差一丢丢哦~
【京东账号3】chao4596758：只差一丢丢哦~
【京东账号3】chao4596758：只差一丢丢哦~
【京东账号4】jd_46df9eaa780aa：只差一丢丢哦~
【京东账号4】jd_46df9eaa780aa：只差一丢丢哦~


🔔幸运大转盘, 结束! 🕛 6.614 秒

