
🔔京东排行榜, 开始!

🔔京东排行榜, 开始!

====================共5个京东账号Cookie=========

==================脚本执行- 北京时间(UTC+8)：7/2/2021, 9:23:51 AM=====================

京东排行榜CDN缓存刷新成功

❗️京东排行榜, 错误!
TypeError: Cannot read property 'nickname' of undefined
    at eval (eval at main (/opt/jd/scripts/jd_rankingList.js:20:5), <anonymous>:79:38)
    at isSurge.isLoon.isQuanX.isNode.got.on.then.message (eval at main (/opt/jd/scripts/jd_rankingList.js:20:5), <anonymous>:229:4791)
    at processTicksAndRejections (internal/process/task_queues.js:93:5)
2021-07-02已签过

==============📣系统通知📣==============
京东排行榜
京东账号：
获得京豆：失败：2021-07-02已签过
请点击通知跳转至APP查看

***************开始京东账号2***************
今日王牌-逛商品
响应成功
今日王牌-逛商品
响应成功
今日王牌-逛商品
响应成功
今日王牌-逛会场
响应成功
今日王牌-关注店铺
响应成功
开始签到
响应成功

==============📣系统通知📣==============
京东排行榜
京东账号：Ycp_Dream
获得京豆：0个
请点击通知跳转至APP查看

***************开始京东账号3***************
今日王牌-逛商品
响应成功
今日王牌-逛商品
响应成功
今日王牌-逛商品
响应成功
今日王牌-逛会场
响应成功
今日王牌-关注店铺
响应成功
开始签到
响应成功

==============📣系统通知📣==============
京东排行榜
京东账号：jd_585601a83bd48
获得京豆：0个
请点击通知跳转至APP查看

***************开始京东账号4***************
今日王牌-逛商品
响应成功
今日王牌-逛商品
响应成功
今日王牌-逛商品
响应成功
今日王牌-逛会场
响应成功
今日王牌-关注店铺
响应成功
开始签到
响应成功

==============📣系统通知📣==============
京东排行榜
京东账号：jd_157332ewky
获得京豆：0个
请点击通知跳转至APP查看

***************开始京东账号5***************
今日王牌-逛商品
响应成功
今日王牌-逛商品
响应成功
今日王牌-逛商品
响应成功
今日王牌-逛会场
响应成功
今日王牌-关注店铺
响应成功
开始签到
响应成功

==============📣系统通知📣==============
京东排行榜
京东账号：jd_157332zdf
获得京豆：0个
请点击通知跳转至APP查看

🔔京东排行榜, 结束! 🕛 36.261 秒

