
🔔京东排行榜, 开始!
京东排行榜CDN缓存刷新成功
"connect ECONNREFUSED 0.0.0.0:443"

🔔京东排行榜, 开始!

====================共2个京东账号Cookie=========

==================脚本执行- 北京时间(UTC+8)：7/12/2021, 1:22:01 AM=====================


❗️京东排行榜, 错误!
TypeError: Cannot read property 'nickname' of undefined
    at eval (eval at main (/opt/jd/scripts/jd_rankingList.js:20:5), <anonymous>:79:38)
    at isSurge.isLoon.isQuanX.isNode.got.on.then.message (eval at main (/opt/jd/scripts/jd_rankingList.js:20:5), <anonymous>:229:4791)
    at processTicksAndRejections (internal/process/task_queues.js:93:5)
今日王牌-逛商品
响应成功
今日王牌-逛商品
响应成功
今日王牌-逛商品
响应成功
今日王牌-逛会场
响应成功
今日王牌-关注店铺
响应成功
开始签到
响应成功

==============📣系统通知📣==============
京东排行榜
京东账号：
获得京豆：0个
请点击通知跳转至APP查看

***************开始京东账号2***************
今日王牌-逛商品
响应成功
今日王牌-逛商品
响应成功
今日王牌-逛商品
响应成功
今日王牌-逛会场
响应成功
今日王牌-关注店铺
响应成功
开始签到
响应成功

==============📣系统通知📣==============
京东排行榜
京东账号：Ycp_Dream
获得京豆：0个
请点击通知跳转至APP查看

🔔京东排行榜, 结束! 🕛 15.098 秒

