
🔔京喜工厂, 开始!

====================共2个京东账号Cookie=========

==================脚本执行- 北京时间(UTC+8)：7/10/2021, 7:52:44 AM=====================

获取签名参数成功！
fp: 3382790738559162
token: tk01wdccb1d32a8nYmkzejRvSDlz+mL56tMgDF4nSHjGYf4Patwp6k7lMV/ohwc5aeMyDjIiMzQMg2MGzc+7gFdqRyvJ
enCryptMethodJD: function test(token,fingerprint,timestamp,appId,algo){const random='DEuC3lQjBFSE';const str=`${token}${fingerprint}${timestamp}${appId}${random}`;return algo.HmacMD5(str,token)}
拼团活动ID: 获取成功 T_zZaWP6by9yA1wehxM4mg==

开始获取京喜工厂配置文件

您的互助码选择的是用&隔开

共2个京东账号

您提供了0个账号的京喜工厂助力码


******开始【京东账号1】Ymh__Sirius*********

再加0.77%电力可开红包

当前电力：561
当前等级：8

【京东账号1（15631692383_p）的京喜工厂好友互助码】jLuj5y4OynbjOLDt2boGNg==
已投入电力：421200
所需电力：1730000
生产进度：24.35%


预计最快还需 【7.57天】生产完毕




你今日还能帮好友打工（1/3）次


【今日招工进度】0/14
由于您第1个京东账号未提供shareCode,将采纳本脚本自带的助力码

开始
第1个京东账号将要助力的好友["V5LkjP4WRyjeCKR9VRwcRX0bBuTz7MEK0-E99EJ7u0k=","0WtCMPNq7jekehT6d3AbFw=="]
"Timeout awaiting 'request' for 10000ms"
京喜工厂 API请求失败，请检查网路重试
助力朋友[V5LkjP4WRyjeCKR9VRwcRX0bBuTz7MEK0-E99EJ7u0k=]失败：正在为soso打工，27分钟后才能助力下一位好友～，跳出助力
发电机：当前 21.9 电力，最大值 510 电力

本次发电机电力集满分享后可获得双倍电力，故目前不收取电力

任务：今日投入电力可完成
领取今日投入电力任务奖励成功，收获：500电力
完成任务：共领取500电力
成功投入电力1000电力
"getaddrinfo ENOTFOUND m.jingxi.com"
京喜工厂 API请求失败，请检查网路重试
"getaddrinfo ENOTFOUND m.jingxi.com"
京喜工厂 API请求失败，请检查网路重试
"getaddrinfo ENOTFOUND m.jingxi.com"
京喜工厂 API请求失败，请检查网路重试

【京东账号1】Ymh__Sirius
【生产商品】飘柔护发素
【当前等级】研究员 8
【生产进度】24.35%
【招工进度】0/14
【发电机电力】当前 21.9 电力，未达到收获标准
【每日任务】领奖成功，共计 500 电力
【投入电力】投入成功，共计 1000 电力
【收取自己零件】获得0电力
【收取好友零件】获得0电力

"getaddrinfo ENOTFOUND wq.jd.com"
京喜工厂 API请求失败，请检查网路重试

******开始【京东账号2】jd_74a8d71c978d9*********

"getaddrinfo ENOTFOUND m.jingxi.com"
京喜工厂 API请求失败，请检查网路重试
"getaddrinfo ENOTFOUND m.jingxi.com"
京喜工厂 API请求失败，请检查网路重试
由于您第2个京东账号未提供shareCode,将采纳本脚本自带的助力码

开始
第2个京东账号将要助力的好友["gB99tYLjvPcEFloDgamoBw==","7dluIKQMp0bySgcr8AqFgw=="]
"Timeout awaiting 'request' for 10000ms"
京喜工厂 API请求失败，请检查网路重试
"getaddrinfo ENOTFOUND m.jingxi.com"
京喜工厂 API请求失败，请检查网路重试

❗️京喜工厂, 错误!
TypeError: Cannot read property 'msg' of undefined
    at helpFriends (/opt/jd/scripts/jd_dreamFactory.js:413:58)
    at processTicksAndRejections (internal/process/task_queues.js:93:5)
    at async jdDreamFactory (/opt/jd/scripts/jd_dreamFactory.js:137:5)
    at async /opt/jd/scripts/jd_dreamFactory.js:95:7
"getaddrinfo ENOTFOUND wq.jd.com"
京喜工厂 API请求失败，请检查网路重试
"getaddrinfo ENOTFOUND wq.jd.com"
京喜工厂 API请求失败，请检查网路重试

🔔京喜工厂, 结束! 🕛 2702.26 秒

