
🔔京喜工厂, 开始!

====================共5个京东账号Cookie=========

==================脚本执行- 北京时间(UTC+8)：7/9/2021, 7:53:24 PM=====================

获取签名参数成功！
fp: 0648820577334162
token: tk01wbb3c1c49a8ncHdqbnFYSFE3fwaTrlLZMNrDPqC4N0bXdLelwnQFv9AnP3P/9S3DtS1E0NwdGwTRYszfcHcg8ECx
enCryptMethodJD: function test(token,fingerprint,timestamp,appId,algo){const random='FhcOYotQnN+q';const str=`${token}${fingerprint}${timestamp}${appId}${random}`;return algo.HmacMD5(str,token)}
拼团活动ID: 获取成功 T_zZaWP6by9yA1wehxM4mg==

开始获取京喜工厂配置文件

您的互助码选择的是用&隔开

共5个京东账号

您提供了0个账号的京喜工厂助力码


******开始【京东账号1】Ymh__Sirius*********

再加0.71%电力可开红包

当前电力：25
当前等级：8

【京东账号1（15631692383_p）的京喜工厂好友互助码】jLuj5y4OynbjOLDt2boGNg==
已投入电力：400700
所需电力：1730000
生产进度：23.16%


预计最快还需 【7.69天】生产完毕




你今日还能帮好友打工（0/3）次


【今日招工进度】0/14

今日助力好友机会已耗尽

发电机：当前 375.7 电力，最大值 510 电力

本次发电机电力集满分享后不可获得双倍电力，故现在收取电力

收取电力成功: 共376 
完成任务：共领取376电力
成功投入电力400电力
查询好友列表完成，共13好友，下面开始拾取好友地下的零件


开始收取第 1 个好友 【口口】 地下零件 collectFlag：0

开始收取第 2 个好友 【口口LC】 地下零件 collectFlag：0

开始收取第 3 个好友 【soso】 地下零件 collectFlag：0

开始收取第 4 个好友 【生活要糊涂】 地下零件 collectFlag：0

开始收取第 5 个好友 【💕大美】 地下零件 collectFlag：0

开始收取第 6 个好友 【X。】 地下零件 collectFlag：0

开始收取第 7 个好友 【jd_183198xop】 地下零件 collectFlag：0

开始收取第 8 个好友 【jd*IMR】 地下零件 collectFlag：0

开始收取第 9 个好友 【WXL】 地下零件 collectFlag：0

开始收取第 10 个好友 【一粒圆🔴】 地下零件 collectFlag：0

开始收取第 11 个好友 【ㅤㅤ】 地下零件 collectFlag：0

开始收取第 12 个好友 【优优】 地下零件 collectFlag：0

开始收取第 13 个好友 【A00 茶堡客蛋糕坊 休闲吧】 地下零件 collectFlag：0

团活动ID  T_zZaWP6by9yA1wehxM4mg==
团ID  cLX7atbER8JM_Yx4pUHBcw==

今日剩余开团次数：1次

开团情况:1/6


此团未达领取团奖励人数：6人

7/9/2021, 4:50:39 PM参加团主【jLuj5y4OynbjOLDt2boGNg==】失败
7/9/2021, 3:50:39 AM参加团主【jLuj5y4OynbjOLDt2boGNg==】失败
7/8/2021, 2:50:44 PM参加团主【jLuj5y4OynbjOLDt2boGNg==】失败
7/9/2021, 12:56:51 AM参加团主【15*3_p】的奖励已经领取成功
7/8/2021, 1:53:37 AM参加团主【jLuj5y4OynbjOLDt2boGNg==】失败
7/8/2021, 12:55:57 AM参加团主【15*3_p】的奖励已经领取成功
7/7/2021, 12:54:02 PM参加团主【jLuj5y4OynbjOLDt2boGNg==】失败
7/6/2021, 11:50:59 PM参加团主【jLuj5y4OynbjOLDt2boGNg==】失败
7/7/2021, 12:56:03 AM参加团主【15*3_p】的奖励已经领取成功
7/6/2021, 11:50:51 AM参加团主【jLuj5y4OynbjOLDt2boGNg==】失败

  商品名     兑换状态
平板拖把    已兑换
芒果干    已兑换
芋泥酥6枚    已兑换
冰箱除味剂4盒    已兑换
统一干脆面    兑换超时

【京东账号1】Ymh__Sirius
【生产商品】飘柔护发素
【当前等级】研究员 8
【生产进度】23.16%
【招工进度】0/14
【收取发电站】收取成功，获得 376 电力
【每日任务】领奖成功，共计 376 电力
【投入电力】投入成功，共计 400 电力
【收取自己零件】获得0电力
【收取好友零件】获得0电力


******开始【京东账号2】Ycp_Dream*********

可以开红包了

开幸运红包：{"data":{"active":"dreamfactory_jdhb2107","awardElectric":0,"bingoLevel":2},"msg":"OK","nowTime":1625831635,"ret":0}

当前电力：3050
当前等级：3

【京东账号2（jd_74a8d71c978d9）的京喜工厂好友互助码】hVdButlHZykF-_RZaC6F1w==
已投入电力：9089300
所需电力：9560000
生产进度：95.08%


预计最快还需 【2.72天】生产完毕




你今日还能帮好友打工（3/3）次


【今日招工进度】0/10
由于您第2个京东账号未提供shareCode,将采纳本脚本自带的助力码

开始
"Response code 530 (undefined)"
京喜工厂 API请求失败，请检查网路重试
第2个京东账号将要助力的好友["gB99tYLjvPcEFloDgamoBw==","7dluIKQMp0bySgcr8AqFgw=="]
助力朋友[gB99tYLjvPcEFloDgamoBw==]失败：亲,好友的工厂暂未开启,不能去好友工厂打工啦!
助力朋友[7dluIKQMp0bySgcr8AqFgw==]失败：亲,好友的工厂的工人已经满员了,不能去好友工厂打工啦!
发电机：当前 360 电力，最大值 360 电力
发电机：电力可翻倍并收获
收取电力成功: 共720 
去做任务：*限时*邀5人得2万电
做任务完成！
领取*限时*邀5人得2万电任务奖励成功，收获：100电力
去做任务：*限时*邀5人得2万电
DoTask异常：{"data":{"awardStatus":1,"completedTimes":1,"dateTypeExtra":"20210709","updateTime":1625831640,"userStatusConfigExtra":""},"msg":"亲,活动太火爆了,请稍后再试吧!","ret":1009}
领取*限时*邀5人得2万电任务奖励失败，任务已领奖
任务：每日开工打卡可完成
领取每日开工打卡任务奖励成功，收获：800电力
任务：完成首次寻宝活动可完成
领取完成首次寻宝活动任务奖励成功，收获：600电力
去做任务：上集市做调研30s
做任务完成！
领取上集市做调研30s任务奖励成功，收获：300电力
去做任务：上集市做调研30s
DoTask异常：{"data":{"awardStatus":1,"completedTimes":1,"dateTypeExtra":"20210709","updateTime":1625831645,"userStatusConfigExtra":""},"msg":"亲,活动太火爆了,请稍后再试吧!","ret":1009}
领取上集市做调研30s任务奖励失败，任务已领奖
任务：登录APP领取奖励可完成
领取登录APP领取奖励任务奖励成功，收获：2500电力
去做任务：开宝箱找万能螺丝刀
做任务完成！
领取开宝箱找万能螺丝刀任务奖励成功，收获：100电力
去做任务：开宝箱找万能螺丝刀
DoTask异常：{"data":{"awardStatus":1,"completedTimes":1,"dateTypeExtra":"20210709","updateTime":1625831649,"userStatusConfigExtra":""},"msg":"亲,活动太火爆了,请稍后再试吧!","ret":1009}
领取开宝箱找万能螺丝刀任务奖励失败，任务已领奖
去做任务：去签到，可领现金,每日签到领红包,去京东会员领专属权益
做任务完成！
领取去签到，可领现金,每日签到领红包,去京东会员领专属权益任务奖励成功，收获：100电力
去做任务：去签到，可领现金,每日签到领红包,去京东会员领专属权益
做任务完成！
领取去签到，可领现金,每日签到领红包,去京东会员领专属权益任务奖励成功，收获：100电力
去做任务：去签到，可领现金,每日签到领红包,去京东会员领专属权益
做任务完成！
领取去签到，可领现金,每日签到领红包,去京东会员领专属权益任务奖励成功，收获：100电力
去做任务：去签到，可领现金,每日签到领红包,去京东会员领专属权益
DoTask异常：{"data":{"awardStatus":1,"completedTimes":3,"dateTypeExtra":"20210709","updateTime":1625831656,"userStatusConfigExtra":""},"msg":"亲,活动太火爆了,请稍后再试吧!","ret":1009}
领取去签到，可领现金,每日签到领红包,去京东会员领专属权益任务奖励失败，任务已领奖
去做任务：从首页“领免费商品”进工厂,8.9元抢金龙鱼油,5.4元抢抽纸6包,4.9买佳洁士牙膏,限时9.9元秒
做任务完成！
领取从首页“领免费商品”进工厂,8.9元抢金龙鱼油,5.4元抢抽纸6包,4.9买佳洁士牙膏,限时9.9元秒任务奖励成功，收获：300电力
去做任务：从首页“领免费商品”进工厂,8.9元抢金龙鱼油,5.4元抢抽纸6包,4.9买佳洁士牙膏,限时9.9元秒
做任务完成！
领取从首页“领免费商品”进工厂,8.9元抢金龙鱼油,5.4元抢抽纸6包,4.9买佳洁士牙膏,限时9.9元秒任务奖励成功，收获：300电力
去做任务：从首页“领免费商品”进工厂,8.9元抢金龙鱼油,5.4元抢抽纸6包,4.9买佳洁士牙膏,限时9.9元秒
做任务完成！
领取从首页“领免费商品”进工厂,8.9元抢金龙鱼油,5.4元抢抽纸6包,4.9买佳洁士牙膏,限时9.9元秒任务奖励成功，收获：300电力
去做任务：从首页“领免费商品”进工厂,8.9元抢金龙鱼油,5.4元抢抽纸6包,4.9买佳洁士牙膏,限时9.9元秒
做任务完成！
领取从首页“领免费商品”进工厂,8.9元抢金龙鱼油,5.4元抢抽纸6包,4.9买佳洁士牙膏,限时9.9元秒任务奖励成功，收获：300电力
去做任务：从首页“领免费商品”进工厂,8.9元抢金龙鱼油,5.4元抢抽纸6包,4.9买佳洁士牙膏,限时9.9元秒
做任务完成！
领取从首页“领免费商品”进工厂,8.9元抢金龙鱼油,5.4元抢抽纸6包,4.9买佳洁士牙膏,限时9.9元秒任务奖励成功，收获：300电力
去做任务：从首页“领免费商品”进工厂,8.9元抢金龙鱼油,5.4元抢抽纸6包,4.9买佳洁士牙膏,限时9.9元秒
DoTask异常：{"data":{"awardStatus":1,"completedTimes":5,"dateTypeExtra":"20210709","updateTime":1625831665,"userStatusConfigExtra":""},"msg":"亲,活动太火爆了,请稍后再试吧!","ret":1009}
领取从首页“领免费商品”进工厂,8.9元抢金龙鱼油,5.4元抢抽纸6包,4.9买佳洁士牙膏,限时9.9元秒任务奖励失败，任务已领奖
去做任务：去赢1000元红包,1万份鸡蛋免费送,去抢6瓶可口可乐
做任务完成！
领取去赢1000元红包,1万份鸡蛋免费送,去抢6瓶可口可乐任务奖励成功，收获：100电力
去做任务：去赢1000元红包,1万份鸡蛋免费送,去抢6瓶可口可乐
做任务完成！
领取去赢1000元红包,1万份鸡蛋免费送,去抢6瓶可口可乐任务奖励成功，收获：100电力
去做任务：去赢1000元红包,1万份鸡蛋免费送,去抢6瓶可口可乐
做任务完成！
领取去赢1000元红包,1万份鸡蛋免费送,去抢6瓶可口可乐任务奖励成功，收获：100电力
去做任务：去赢1000元红包,1万份鸡蛋免费送,去抢6瓶可口可乐
DoTask异常：{"data":{"awardStatus":1,"completedTimes":3,"dateTypeExtra":"20210709","updateTime":1625831671,"userStatusConfigExtra":""},"msg":"亲,活动太火爆了,请稍后再试吧!","ret":1009}
领取去赢1000元红包,1万份鸡蛋免费送,去抢6瓶可口可乐任务奖励失败，任务已领奖
去做任务：上岛兑0元好物,逛农场免费领水果,出海寻宝领100元红包
做任务完成！
领取上岛兑0元好物,逛农场免费领水果,出海寻宝领100元红包任务奖励成功，收获：100电力
去做任务：上岛兑0元好物,逛农场免费领水果,出海寻宝领100元红包
做任务完成！
领取上岛兑0元好物,逛农场免费领水果,出海寻宝领100元红包任务奖励成功，收获：100电力
去做任务：上岛兑0元好物,逛农场免费领水果,出海寻宝领100元红包
做任务完成！
领取上岛兑0元好物,逛农场免费领水果,出海寻宝领100元红包任务奖励成功，收获：100电力
去做任务：上岛兑0元好物,逛农场免费领水果,出海寻宝领100元红包
DoTask异常：{"data":{"awardStatus":1,"completedTimes":3,"dateTypeExtra":"20210709","updateTime":1625831678,"userStatusConfigExtra":""},"msg":"亲,活动太火爆了,请稍后再试吧!","ret":1009}
领取上岛兑0元好物,逛农场免费领水果,出海寻宝领100元红包任务奖励失败，任务已领奖
完成任务：共领取7520电力
成功投入电力10500电力
打工电力：收取成功
查询好友列表完成，共3好友，下面开始拾取好友地下的零件


开始收取第 1 个好友 【a我叫呵呵】 地下零件 collectFlag：0

开始收取第 2 个好友 【dynasty】 地下零件 collectFlag：0

开始收取第 3 个好友 【雨夜丨Design】 地下零件 collectFlag：0

团活动ID  T_zZaWP6by9yA1wehxM4mg==
团ID  ibroxAnKUPosrYwGeX7Yew==

今日剩余开团次数：3次
之前的团已过期，准备重新开团

【开团成功】tuanId为 XtWmc8hnW1CUjn4L-bb-kA==

开团情况:2/6


此团未达领取团奖励人数：6人

7/2/2021, 9:20:28 AM参加团主【hVdButlHZykF-_RZaC6F1w==】失败
7/2/2021, 9:20:10 AM参加团主【jLuj5y4OynbjOLDt2boGNg==】失败
7/1/2021, 8:55:42 PM参加团主【hVdButlHZykF-_RZaC6F1w==】失败
7/1/2021, 8:54:51 PM参加团主【jLuj5y4OynbjOLDt2boGNg==】失败
7/9/2021, 7:54:49 PM参加团主【hVdButlHZykF-_RZaC6F1w==】失败

  商品名     兑换状态
不锈钢多用盆    已兑换

【京东账号2】Ycp_Dream
【生产商品】平板拖把
【当前等级】金牌学徒 3
【生产进度】95.08%
【招工进度】0/10
【收取发电站】收取成功，获得 720 电力
【每日任务】领奖成功，共计 7520 电力
【投入电力】投入成功，共计 10500 电力
【打工电力】：收取成功
【收取自己零件】获得0电力
【收取好友零件】获得0电力


******开始【京东账号3】chao4596758*********


==============📣系统通知📣==============
京喜工厂
【提示】cookie已失效
京东账号3 chao4596758
请重新登录获取
https://bean.m.jd.com/bean/signIndex.action
您未提供push+推送所需的PUSH_PLUS_TOKEN，取消push+推送消息通知🚫

server酱发送通知消息成功🎉

您未提供Bark的APP推送BARK_PUSH，取消Bark推送消息通知🚫

您未提供telegram机器人推送所需的TG_BOT_TOKEN和TG_USER_ID，取消telegram推送消息通知🚫

您未提供钉钉机器人推送所需的DD_BOT_TOKEN或者DD_BOT_SECRET，取消钉钉推送消息通知🚫

您未提供企业微信机器人推送所需的QYWX_KEY，取消企业微信推送消息通知🚫

您未提供企业微信应用消息推送所需的QYWX_AM，取消企业微信应用消息推送消息通知🚫

您未提供iGot的推送IGOT_PUSH_KEY，取消iGot推送消息通知🚫


******开始【京东账号4】jd_157332ewky*********

【提示】京东账号4[jd_157332ewky]京喜工厂活动未开始
请手动去京东APP->游戏与互动->查看更多->京喜工厂 开启活动



你今日还能帮好友打工（3/3）次


【今日招工进度】0/8
由于您第4个京东账号未提供shareCode,将采纳本脚本自带的助力码

开始
"Response code 530 (undefined)"
京喜工厂 API请求失败，请检查网路重试
第4个京东账号将要助力的好友["GFwo6PntxDHH95ZRzZ5uAg=="]
助力朋友[GFwo6PntxDHH95ZRzZ5uAg==]失败：亲,好友的工厂的工人已经满员了,不能去好友工厂打工啦!

******开始【京东账号5】jd_157332zdf*********

【提示】京东账号5[jd_157332zdf]京喜工厂未选购商品
请手动去京东APP->游戏与互动->查看更多->京喜工厂 选购



你今日还能帮好友打工（3/3）次


【今日招工进度】0/8
由于您第5个京东账号未提供shareCode,将采纳本脚本自带的助力码

开始
"Response code 530 (undefined)"
京喜工厂 API请求失败，请检查网路重试
第5个京东账号将要助力的好友["GFwo6PntxDHH95ZRzZ5uAg=="]
助力朋友[GFwo6PntxDHH95ZRzZ5uAg==]失败：亲,好友的工厂的工人已经满员了,不能去好友工厂打工啦!

账号15631692383_p 内部相互进团


15631692383_p 去参加团 cLX7atbER8JM_Yx4pUHBcw==
参团失败：{"msg":"您已成功参团","nowTime":1625831695,"ret":10208}


15631692383_p 去参加团 XtWmc8hnW1CUjn4L-bb-kA==
参团失败：{"msg":"您今日的助力次数已用完,明天再来助力TA吧～","nowTime":1625831696,"ret":10206}


15631692383_p 去参加团 ibroxAnKUPosrYwGeX7Yew==

账号jd_74a8d71c978d9 内部相互进团


jd_74a8d71c978d9 去参加团 cLX7atbER8JM_Yx4pUHBcw==
参团成功：{"msg":"OK","nowTime":1625831698,"ret":0}


jd_74a8d71c978d9 去参加团 XtWmc8hnW1CUjn4L-bb-kA==
参团失败：{"msg":"您已成功参团","nowTime":1625831699,"ret":10208}


jd_74a8d71c978d9 去参加团 ibroxAnKUPosrYwGeX7Yew==
参团失败：{"msg":"您已成功参团","nowTime":1625831700,"ret":10208}


账号jd_74a8d71c978d9 参加作者lxk0301的团 【ixXrrkS243oHNOna15U4lQ==】
参团失败：{"msg":"您已成团","nowTime":1625831725,"ret":10209}


账号jd_46df9eaa780aa 内部相互进团


jd_46df9eaa780aa 去参加团 cLX7atbER8JM_Yx4pUHBcw==
参团成功：{"msg":"OK","nowTime":1625831727,"ret":0}


jd_46df9eaa780aa 去参加团 XtWmc8hnW1CUjn4L-bb-kA==
参团失败：{"msg":"您今日的助力次数已用完,明天再来助力TA吧～","nowTime":1625831728,"ret":10206}


jd_46df9eaa780aa 去参加团 ibroxAnKUPosrYwGeX7Yew==

账号jd_67f63c904d8c6 内部相互进团


jd_67f63c904d8c6 去参加团 cLX7atbER8JM_Yx4pUHBcw==
参团成功：{"msg":"OK","nowTime":1625831729,"ret":0}


jd_67f63c904d8c6 去参加团 XtWmc8hnW1CUjn4L-bb-kA==
参团失败：{"msg":"您今日的助力次数已用完,明天再来助力TA吧～","nowTime":1625831731,"ret":10206}


jd_67f63c904d8c6 去参加团 ibroxAnKUPosrYwGeX7Yew==

🔔京喜工厂, 结束! 🕛 127.964 秒

