
🔔京喜工厂, 开始!

====================共2个京东账号Cookie=========

==================脚本执行- 北京时间(UTC+8)：7/9/2021, 8:51:59 PM=====================

获取签名参数成功！
fp: 6905249553140162
token: tk01w9ca31be6a8nQk5xSEJHWXV2VrwFs0JOLX8tAXIIdipMoS2y14Vd4Qjz90UuBGPa8amFGSsR+yzOcrZc8e89BUtr
enCryptMethodJD: function test(token,fingerprint,timestamp,appId,algo){const random='24NI7j5w+sRM';const str=`${token}${fingerprint}${timestamp}${appId}${random}`;return algo.HmacSHA512(str,token)}
拼团活动ID: 获取成功 T_zZaWP6by9yA1wehxM4mg==

开始获取京喜工厂配置文件

您的互助码选择的是用&隔开

共2个京东账号

您提供了0个账号的京喜工厂助力码


******开始【京东账号1】15631692383_p*********

再加0.67%电力可开红包

当前电力：46
当前等级：8

【京东账号1（15631692383_p）的京喜工厂好友互助码】jLuj5y4OynbjOLDt2boGNg==
已投入电力：401400
所需电力：1730000
生产进度：23.20%


预计最快还需 【7.69天】生产完毕




你今日还能帮好友打工（0/3）次


【今日招工进度】0/14

今日助力好友机会已耗尽

发电机：当前 7.5 电力，最大值 510 电力

本次发电机电力集满分享后不可获得双倍电力，故现在收取电力

收取电力成功: 共8 
完成任务：共领取8电力
投入失败，电力不足，快去做任务吧~

团活动ID  T_zZaWP6by9yA1wehxM4mg==
团ID  cLX7atbER8JM_Yx4pUHBcw==

今日剩余开团次数：1次

开团情况:4/6


此团未达领取团奖励人数：6人

7/9/2021, 4:50:39 PM参加团主【jLuj5y4OynbjOLDt2boGNg==】失败
7/9/2021, 3:50:39 AM参加团主【jLuj5y4OynbjOLDt2boGNg==】失败
7/8/2021, 2:50:44 PM参加团主【jLuj5y4OynbjOLDt2boGNg==】失败
7/9/2021, 12:56:51 AM参加团主【15*3_p】的奖励已经领取成功
7/8/2021, 1:53:37 AM参加团主【jLuj5y4OynbjOLDt2boGNg==】失败
7/8/2021, 12:55:57 AM参加团主【15*3_p】的奖励已经领取成功
7/7/2021, 12:54:02 PM参加团主【jLuj5y4OynbjOLDt2boGNg==】失败
7/6/2021, 11:50:59 PM参加团主【jLuj5y4OynbjOLDt2boGNg==】失败
7/7/2021, 12:56:03 AM参加团主【15*3_p】的奖励已经领取成功
7/6/2021, 11:50:51 AM参加团主【jLuj5y4OynbjOLDt2boGNg==】失败

  商品名     兑换状态
平板拖把    已兑换
芒果干    已兑换
芋泥酥6枚    已兑换
冰箱除味剂4盒    已兑换
统一干脆面    兑换超时

【京东账号1】15631692383_p
【生产商品】飘柔护发素
【当前等级】研究员 8
【生产进度】23.20%
【招工进度】0/14
【收取发电站】收取成功，获得 8 电力
【每日任务】领奖成功，共计 8 电力
【投入电力】投入失败，电力不足，快去做任务吧~
【收取自己零件】获得0电力
【收取好友零件】获得0电力


******开始【京东账号2】Ycp_Dream*********

再加0.07%电力可开红包

当前电力：70
当前等级：3

【京东账号2（jd_74a8d71c978d9）的京喜工厂好友互助码】hVdButlHZykF-_RZaC6F1w==
已投入电力：9102800
所需电力：9560000
生产进度：95.22%


预计最快还需 【2.65天】生产完毕




你今日还能帮好友打工（3/3）次


【今日招工进度】0/10
由于您第2个京东账号未提供shareCode,将采纳本脚本自带的助力码

开始
"Response code 530 (undefined)"
京喜工厂 API请求失败，请检查网路重试
第2个京东账号将要助力的好友["gB99tYLjvPcEFloDgamoBw==","7dluIKQMp0bySgcr8AqFgw=="]
助力朋友[gB99tYLjvPcEFloDgamoBw==]失败：亲,好友的工厂暂未开启,不能去好友工厂打工啦!
助力朋友[7dluIKQMp0bySgcr8AqFgw==]失败：亲,好友的工厂的工人已经满员了,不能去好友工厂打工啦!
发电机：当前 349.8 电力，最大值 360 电力

本次发电机电力集满分享后可获得双倍电力，故目前不收取电力

完成任务：共领取0电力
投入失败，电力不足，快去做任务吧~

团活动ID  T_zZaWP6by9yA1wehxM4mg==
团ID  XtWmc8hnW1CUjn4L-bb-kA==

今日剩余开团次数：2次

开团情况:1/6


此团未达领取团奖励人数：6人

7/2/2021, 9:20:28 AM参加团主【hVdButlHZykF-_RZaC6F1w==】失败
7/2/2021, 9:20:10 AM参加团主【jLuj5y4OynbjOLDt2boGNg==】失败
7/1/2021, 8:55:42 PM参加团主【hVdButlHZykF-_RZaC6F1w==】失败
7/1/2021, 8:54:51 PM参加团主【jLuj5y4OynbjOLDt2boGNg==】失败
7/9/2021, 7:54:49 PM参加团主【hVdButlHZykF-_RZaC6F1w==】失败
7/9/2021, 4:50:39 PM参加团主【jLuj5y4OynbjOLDt2boGNg==】失败

  商品名     兑换状态
不锈钢多用盆    已兑换

【京东账号2】Ycp_Dream
【生产商品】平板拖把
【当前等级】金牌学徒 3
【生产进度】95.22%
【招工进度】0/10
【发电机电力】当前 349.8 电力，未达到收获标准
【每日任务】领奖成功，共计 0 电力
【投入电力】投入失败，电力不足，快去做任务吧~
【收取自己零件】获得0电力
【收取好友零件】获得0电力


账号15631692383_p 参加作者lxk0301的团 【ixXrrkS243oHNOna15U4lQ==】
参团失败：{"msg":"您已成团","nowTime":1625835171,"ret":10209}


账号jd_74a8d71c978d9 参加作者lxk0301的团 【ixXrrkS243oHNOna15U4lQ==】
参团失败：{"msg":"您已成团","nowTime":1625835203,"ret":10209}


🔔京喜工厂, 结束! 🕛 84.958 秒

