
🔔京喜工厂, 开始!

====================共4个京东账号Cookie=========

==================脚本执行- 北京时间(UTC+8)：6/26/2021, 3:53:18 PM=====================

获取签名参数成功！
fp: 8214845768133162
token: tk01w8f1e1b7da8ndTc4M2x1Wjl6fESSGqYHY13jD3q6bJL4cMuWBZzDg7kySpGfw83q4IUL6Y4SzUv87yO+stWsEKDN
enCryptMethodJD: function test(token,fingerprint,timestamp,appId,algo){const random='UC9FqpWzza1+';const str=`${token}${fingerprint}${timestamp}${appId}${random}`;return algo.SHA512(str)}
拼团活动ID: 获取成功 bozIUUFcANuUdWpw3QdvPw==

开始获取京喜工厂配置文件

您的互助码选择的是用&隔开

共4个京东账号

您提供了0个账号的京喜工厂助力码


******开始【京东账号1】15631692383_p*********

再加1.17%电力可开红包

当前电力：25
当前等级：8

【京东账号1（15631692383_p）的京喜工厂好友互助码】jLuj5y4OynbjOLDt2boGNg==
已投入电力：643700
所需电力：780000
生产进度：82.53%


预计最快还需 【0.79天】生产完毕




你今日还能帮好友打工（0/3）次


【今日招工进度】0/14

今日助力好友机会已耗尽

发电机：当前 17.8 电力，最大值 510 电力

本次发电机电力集满分享后不可获得双倍电力，故现在收取电力

收取电力成功: 共18 
完成任务：共领取18电力
投入失败，电力不足，快去做任务吧~

团活动ID  bozIUUFcANuUdWpw3QdvPw==
团ID  APXxnID5badQ6WEeLFIvVg==

今日剩余开团次数：2次
之前的团已过期，准备重新开团

【开团成功】tuanId为 9pcAwpKQ9f4i31T2aoW47A==

开团情况:1/7


此团未达领取团奖励人数：7人

6/23/2021, 11:51:10 AM参加团主【jLuj5y4OynbjOLDt2boGNg==】失败
6/26/2021, 3:53:35 PM参加团主【jLuj5y4OynbjOLDt2boGNg==】失败
6/26/2021, 3:50:59 AM参加团主【jLuj5y4OynbjOLDt2boGNg==】失败
6/25/2021, 2:51:09 PM参加团主【jLuj5y4OynbjOLDt2boGNg==】失败
6/26/2021, 12:54:23 AM参加团主【15*3_p】的奖励已经领取成功
6/25/2021, 1:54:19 AM参加团主【jLuj5y4OynbjOLDt2boGNg==】失败
6/25/2021, 12:57:08 AM参加团主【15*3_p】的奖励已经领取成功
6/24/2021, 12:53:52 PM参加团主【jLuj5y4OynbjOLDt2boGNg==】失败
6/24/2021, 12:53:23 AM参加团主【jLuj5y4OynbjOLDt2boGNg==】失败
6/24/2021, 12:54:16 AM参加团主【15*3_p】的奖励已经领取成功

  商品名     兑换状态
芒果干    已兑换
芋泥酥6枚    已兑换
冰箱除味剂4盒    已兑换
统一干脆面    兑换超时

【京东账号1】15631692383_p
【生产商品】平板拖把
【当前等级】研究员 8
【生产进度】82.53%
【招工进度】0/14
【收取发电站】收取成功，获得 18 电力
【每日任务】领奖成功，共计 18 电力
【投入电力】投入失败，电力不足，快去做任务吧~
【收取自己零件】获得0电力
【收取好友零件】获得0电力


******开始【京东账号2】Ycp_Dream*********

再加0.18%电力可开红包

当前电力：3050
当前等级：3

【京东账号2（jd_74a8d71c978d9）的京喜工厂好友互助码】hVdButlHZykF-_RZaC6F1w==
已投入电力：9034500
所需电力：9560000
生产进度：94.50%


预计最快还需 【3.04天】生产完毕




你今日还能帮好友打工（3/3）次


【今日招工进度】0/10
由于您第2个京东账号未提供shareCode,将采纳本脚本自带的助力码

开始
"connect ENETUNREACH 2606:4700:3032::ac43:b0f8:80 - Local (:::0)"
京喜工厂 API请求失败，请检查网路重试
第2个京东账号将要助力的好友["gB99tYLjvPcEFloDgamoBw==","7dluIKQMp0bySgcr8AqFgw=="]
助力朋友[gB99tYLjvPcEFloDgamoBw==]失败：亲,好友的工厂的工人已经满员了,不能去好友工厂打工啦!
助力朋友[7dluIKQMp0bySgcr8AqFgw==]失败：亲,好友的工厂的工人已经满员了,不能去好友工厂打工啦!
发电机：当前 360 电力，最大值 360 电力
发电机：电力可翻倍并收获
收取电力成功: 共720 
完成任务：共领取720电力
成功投入电力3700电力

团活动ID  bozIUUFcANuUdWpw3QdvPw==
团ID  8j0w7OUxj3pIuS1PJrqiXg==

今日剩余开团次数：2次

开团情况:1/7


此团未达领取团奖励人数：7人

6/21/2021, 7:53:48 AM参加团主【hVdButlHZykF-_RZaC6F1w==】失败
6/20/2021, 3:52:04 PM参加团主【hVdButlHZykF-_RZaC6F1w==】失败
6/26/2021, 2:53:39 PM参加团主【hVdButlHZykF-_RZaC6F1w==】失败
6/24/2021, 12:52:21 PM参加团主【hVdButlHZykF-_RZaC6F1w==】失败

  商品名     兑换状态
不锈钢多用盆    已兑换

【京东账号2】Ycp_Dream
【生产商品】平板拖把
【当前等级】金牌学徒 3
【生产进度】94.50%
【招工进度】0/10
【收取发电站】收取成功，获得 720 电力
【每日任务】领奖成功，共计 720 电力
【投入电力】投入成功，共计 3700 电力
【收取自己零件】获得0电力
【收取好友零件】获得0电力


******开始【京东账号3】jd_585601a83bd48*********

【提示】京东账号3[jd_585601a83bd48]京喜工厂活动未开始
请手动去京东APP->游戏与互动->查看更多->京喜工厂 开启活动



你今日还能帮好友打工（3/3）次


【今日招工进度】0/8
由于您第3个京东账号未提供shareCode,将采纳本脚本自带的助力码

开始
第3个京东账号将要助力的好友["-OvElMzqeyeGBWazWYjI1Q=="]
助力朋友[-OvElMzqeyeGBWazWYjI1Q==]失败：好友存储电力已达上限,暂不可打工哦~

******开始【京东账号4】jd_157332ewky*********

【提示】京东账号4[jd_157332ewky]京喜工厂活动未开始
请手动去京东APP->游戏与互动->查看更多->京喜工厂 开启活动



你今日还能帮好友打工（3/3）次


【今日招工进度】0/8
由于您第4个京东账号未提供shareCode,将采纳本脚本自带的助力码

开始
第4个京东账号将要助力的好友["GFwo6PntxDHH95ZRzZ5uAg=="]
助力朋友[GFwo6PntxDHH95ZRzZ5uAg==]失败：亲,好友的工厂的工人已经满员了,不能去好友工厂打工啦!
"Timeout awaiting 'request' for 10000ms"
京喜工厂 API请求失败，请检查网路重试
"connect ENETUNREACH 2606:4700:3030::6815:2b54:80 - Local (:::0)"
京喜工厂 API请求失败，请检查网路重试

账号15631692383_p 参加作者lxk0301的团 【B3_b2Efjp-6XUZkmmMKRlA==】
参团失败：{"msg":"您已成团","nowTime":1624694103,"ret":10209}


账号15631692383_p 参加作者lxk0301的团 【XbjZ4DCL2SI_reLWBR-WGw==】
参团失败：{"msg":"您已成团","nowTime":1624694104,"ret":10209}


账号15631692383_p 参加作者lxk0301的团 【I4STcuy8ahnshuvaGKcKUA==】
参团失败：{"msg":"您已成团","nowTime":1624694105,"ret":10209}


账号15631692383_p 参加作者lxk0301的团 【llBgZWRoTNRUu5BW3Mi0zw==】
参团失败：{"msg":"您已成团","nowTime":1624694107,"ret":10209}


账号15631692383_p 参加作者lxk0301的团 【ETuLtDiS26XrJbHZ5hjOCQ==】
参团失败：{"msg":"您已成团","nowTime":1624694108,"ret":10209}


账号15631692383_p 参加作者lxk0301的团 【mL-23nu9q2RDk3fG57y0yg==】
参团失败：{"msg":"您已成团","nowTime":1624694109,"ret":10209}


账号15631692383_p 参加作者lxk0301的团 【dSQj7RpFTKdam9RQRfm_BA==】
参团失败：{"msg":"您已成团","nowTime":1624694111,"ret":10209}


账号15631692383_p 参加作者lxk0301的团 【5MgbljTMS0CoiNX7qoLdgw==】
参团失败：{"msg":"您已成团","nowTime":1624694112,"ret":10209}


账号15631692383_p 参加作者lxk0301的团 【19I47XZpgn0MQ9IXA0Xjlw==】
参团失败：{"msg":"您已成团","nowTime":1624694113,"ret":10209}


账号15631692383_p 参加作者lxk0301的团 【LJuAW5kklwD8o58n5KmMRA==】
参团失败：{"msg":"您已成团","nowTime":1624694115,"ret":10209}


账号15631692383_p 参加作者lxk0301的团 【Xyu3_Nl3PkKfF_fiATAelw==】
参团失败：{"msg":"您已成团","nowTime":1624694116,"ret":10209}


账号15631692383_p 参加作者lxk0301的团 【RM4fXYi46Tq64UaqpOafLw==】
参团失败：{"msg":"您已成团","nowTime":1624694117,"ret":10209}


账号15631692383_p 参加作者lxk0301的团 【gxjE1p6hyUuAOIWSS7EV9Q==】
参团失败：{"msg":"您已成团","nowTime":1624694119,"ret":10209}


账号jd_74a8d71c978d9 参加作者lxk0301的团 【B3_b2Efjp-6XUZkmmMKRlA==】
参团失败：{"msg":"您已成团","nowTime":1624694144,"ret":10209}


账号jd_74a8d71c978d9 参加作者lxk0301的团 【XbjZ4DCL2SI_reLWBR-WGw==】
参团失败：{"msg":"您已成团","nowTime":1624694151,"ret":10209}


账号jd_74a8d71c978d9 参加作者lxk0301的团 【I4STcuy8ahnshuvaGKcKUA==】
参团失败：{"msg":"您已成团","nowTime":1624694154,"ret":10209}


账号jd_74a8d71c978d9 参加作者lxk0301的团 【llBgZWRoTNRUu5BW3Mi0zw==】
参团失败：{"msg":"您已成团","nowTime":1624694155,"ret":10209}


账号jd_74a8d71c978d9 参加作者lxk0301的团 【ETuLtDiS26XrJbHZ5hjOCQ==】
参团失败：{"msg":"您已成团","nowTime":1624694156,"ret":10209}


账号jd_74a8d71c978d9 参加作者lxk0301的团 【mL-23nu9q2RDk3fG57y0yg==】
参团失败：{"msg":"您已成团","nowTime":1624694157,"ret":10209}


账号jd_74a8d71c978d9 参加作者lxk0301的团 【dSQj7RpFTKdam9RQRfm_BA==】
参团失败：{"msg":"您已成团","nowTime":1624694159,"ret":10209}


账号jd_74a8d71c978d9 参加作者lxk0301的团 【5MgbljTMS0CoiNX7qoLdgw==】
参团失败：{"msg":"您已成团","nowTime":1624694160,"ret":10209}


账号jd_74a8d71c978d9 参加作者lxk0301的团 【19I47XZpgn0MQ9IXA0Xjlw==】
参团失败：{"msg":"您已成团","nowTime":1624694161,"ret":10209}


账号jd_74a8d71c978d9 参加作者lxk0301的团 【LJuAW5kklwD8o58n5KmMRA==】
参团失败：{"msg":"您已成团","nowTime":1624694163,"ret":10209}


账号jd_74a8d71c978d9 参加作者lxk0301的团 【Xyu3_Nl3PkKfF_fiATAelw==】
参团失败：{"msg":"您已成团","nowTime":1624694164,"ret":10209}


账号jd_74a8d71c978d9 参加作者lxk0301的团 【RM4fXYi46Tq64UaqpOafLw==】
参团失败：{"msg":"您已成团","nowTime":1624694166,"ret":10209}


账号jd_74a8d71c978d9 参加作者lxk0301的团 【gxjE1p6hyUuAOIWSS7EV9Q==】
参团失败：{"msg":"您已成团","nowTime":1624694167,"ret":10209}


账号chao4596758 参加作者lxk0301的团 【B3_b2Efjp-6XUZkmmMKRlA==】
参团失败：{"msg":"您已成团","nowTime":1624694203,"ret":10209}


账号chao4596758 参加作者lxk0301的团 【XbjZ4DCL2SI_reLWBR-WGw==】
参团失败：{"msg":"您已成团","nowTime":1624694204,"ret":10209}


账号chao4596758 参加作者lxk0301的团 【I4STcuy8ahnshuvaGKcKUA==】
参团失败：{"msg":"您已成团","nowTime":1624694211,"ret":10209}


账号chao4596758 参加作者lxk0301的团 【llBgZWRoTNRUu5BW3Mi0zw==】
参团失败：{"msg":"您已成团","nowTime":1624694212,"ret":10209}


账号chao4596758 参加作者lxk0301的团 【ETuLtDiS26XrJbHZ5hjOCQ==】
参团失败：{"msg":"您已成团","nowTime":1624694213,"ret":10209}


账号chao4596758 参加作者lxk0301的团 【mL-23nu9q2RDk3fG57y0yg==】
参团失败：{"msg":"您已成团","nowTime":1624694214,"ret":10209}


账号chao4596758 参加作者lxk0301的团 【dSQj7RpFTKdam9RQRfm_BA==】
参团失败：{"msg":"您已成团","nowTime":1624694216,"ret":10209}


账号chao4596758 参加作者lxk0301的团 【5MgbljTMS0CoiNX7qoLdgw==】
参团失败：{"msg":"您已成团","nowTime":1624694217,"ret":10209}


账号chao4596758 参加作者lxk0301的团 【19I47XZpgn0MQ9IXA0Xjlw==】
参团失败：{"msg":"您已成团","nowTime":1624694219,"ret":10209}


账号chao4596758 参加作者lxk0301的团 【LJuAW5kklwD8o58n5KmMRA==】
参团失败：{"msg":"您已成团","nowTime":1624694220,"ret":10209}


账号chao4596758 参加作者lxk0301的团 【Xyu3_Nl3PkKfF_fiATAelw==】
参团失败：{"msg":"您已成团","nowTime":1624694221,"ret":10209}


账号chao4596758 参加作者lxk0301的团 【RM4fXYi46Tq64UaqpOafLw==】
参团失败：{"msg":"您已成团","nowTime":1624694222,"ret":10209}


账号chao4596758 参加作者lxk0301的团 【gxjE1p6hyUuAOIWSS7EV9Q==】
参团失败：{"msg":"您已成团","nowTime":1624694223,"ret":10209}


账号jd_46df9eaa780aa 参加作者lxk0301的团 【B3_b2Efjp-6XUZkmmMKRlA==】
参团失败：{"msg":"您已成团","nowTime":1624694250,"ret":10209}


账号jd_46df9eaa780aa 参加作者lxk0301的团 【XbjZ4DCL2SI_reLWBR-WGw==】
参团失败：{"msg":"您已成团","nowTime":1624694252,"ret":10209}


账号jd_46df9eaa780aa 参加作者lxk0301的团 【I4STcuy8ahnshuvaGKcKUA==】
参团失败：{"msg":"您已成团","nowTime":1624694253,"ret":10209}


账号jd_46df9eaa780aa 参加作者lxk0301的团 【llBgZWRoTNRUu5BW3Mi0zw==】
参团失败：{"msg":"您已成团","nowTime":1624694256,"ret":10209}


账号jd_46df9eaa780aa 参加作者lxk0301的团 【ETuLtDiS26XrJbHZ5hjOCQ==】
参团失败：{"msg":"您已成团","nowTime":1624694258,"ret":10209}


账号jd_46df9eaa780aa 参加作者lxk0301的团 【mL-23nu9q2RDk3fG57y0yg==】
参团失败：{"msg":"您已成团","nowTime":1624694259,"ret":10209}


账号jd_46df9eaa780aa 参加作者lxk0301的团 【dSQj7RpFTKdam9RQRfm_BA==】
参团失败：{"msg":"您已成团","nowTime":1624694260,"ret":10209}


账号jd_46df9eaa780aa 参加作者lxk0301的团 【5MgbljTMS0CoiNX7qoLdgw==】
参团失败：{"msg":"您已成团","nowTime":1624694262,"ret":10209}


账号jd_46df9eaa780aa 参加作者lxk0301的团 【19I47XZpgn0MQ9IXA0Xjlw==】
参团失败：{"msg":"您已成团","nowTime":1624694263,"ret":10209}


账号jd_46df9eaa780aa 参加作者lxk0301的团 【LJuAW5kklwD8o58n5KmMRA==】
参团失败：{"msg":"您已成团","nowTime":1624694264,"ret":10209}


账号jd_46df9eaa780aa 参加作者lxk0301的团 【Xyu3_Nl3PkKfF_fiATAelw==】
参团失败：{"msg":"您已成团","nowTime":1624694266,"ret":10209}


账号jd_46df9eaa780aa 参加作者lxk0301的团 【RM4fXYi46Tq64UaqpOafLw==】
参团失败：{"msg":"您已成团","nowTime":1624694268,"ret":10209}


账号jd_46df9eaa780aa 参加作者lxk0301的团 【gxjE1p6hyUuAOIWSS7EV9Q==】
参团失败：{"msg":"您已成团","nowTime":1624694269,"ret":10209}


🔔京喜工厂, 结束! 🕛 272.796 秒

