
🔔京喜工厂, 开始!

====================共4个京东账号Cookie=========

==================脚本执行- 北京时间(UTC+8)：6/30/2021, 11:54:19 AM=====================

获取签名参数成功！
fp: 8677445548221162
token: tk01w95e31b10a8nS0RnZDVIK2RIOxlxIX5SVuRYoVWBLerzOf/50FiRFdZGqYRGFwYR2L4bIsY9831WAO0rLyQ3NbPD
enCryptMethodJD: function test(token,fingerprint,timestamp,appId,algo){const random='0algtfI19SKg';const str=`${token}${fingerprint}${timestamp}${appId}${random}`;return algo.HmacMD5(str,token)}
拼团活动ID: 获取成功 bozIUUFcANuUdWpw3QdvPw==

开始获取京喜工厂配置文件

您的互助码选择的是用&隔开

共4个京东账号

您提供了0个账号的京喜工厂助力码


******开始【京东账号1】15631692383_p*********

再加0.01%电力可开红包

当前电力：38
当前等级：8

【京东账号1（15631692383_p）的京喜工厂好友互助码】jLuj5y4OynbjOLDt2boGNg==
已投入电力：755300
所需电力：780000
生产进度：96.83%


预计最快还需 【0.14天】生产完毕




你今日还能帮好友打工（0/3）次


【今日招工进度】0/14

今日助力好友机会已耗尽

发电机：当前 382.7 电力，最大值 510 电力

本次发电机电力集满分享后可获得双倍电力，故目前不收取电力

完成任务：共领取0电力
投入失败，电力不足，快去做任务吧~

团活动ID  bozIUUFcANuUdWpw3QdvPw==
团ID  NgUCn1YP2Pbibn28R4PCmg==

今日剩余开团次数：2次

开团情况:1/7


此团未达领取团奖励人数：7人

6/30/2021, 5:51:19 AM参加团主【jLuj5y4OynbjOLDt2boGNg==】失败
6/29/2021, 5:50:38 PM参加团主【jLuj5y4OynbjOLDt2boGNg==】失败
6/30/2021, 12:54:16 AM参加团主【15*3_p】的奖励已经领取成功
6/29/2021, 5:50:30 AM参加团主【jLuj5y4OynbjOLDt2boGNg==】失败
6/28/2021, 4:50:47 PM参加团主【jLuj5y4OynbjOLDt2boGNg==】失败
6/29/2021, 12:53:53 AM参加团主【15*3_p】的奖励已经领取成功
6/28/2021, 4:50:45 AM参加团主【jLuj5y4OynbjOLDt2boGNg==】失败
6/27/2021, 4:50:37 PM参加团主【jLuj5y4OynbjOLDt2boGNg==】失败
6/28/2021, 12:54:13 AM参加团主【15*3_p】的奖励已经领取成功
6/27/2021, 4:50:34 AM参加团主【jLuj5y4OynbjOLDt2boGNg==】失败

  商品名     兑换状态
芒果干    已兑换
芋泥酥6枚    已兑换
冰箱除味剂4盒    已兑换
统一干脆面    兑换超时

【京东账号1】15631692383_p
【生产商品】平板拖把
【当前等级】研究员 8
【生产进度】96.83%
【招工进度】0/14
【发电机电力】当前 382.7 电力，未达到收获标准
【每日任务】领奖成功，共计 0 电力
【投入电力】投入失败，电力不足，快去做任务吧~
【收取自己零件】获得0电力
【收取好友零件】获得0电力


******开始【京东账号2】Ycp_Dream*********

再加0.06%电力可开红包

当前电力：10
当前等级：3

【京东账号2（jd_74a8d71c978d9）的京喜工厂好友互助码】hVdButlHZykF-_RZaC6F1w==
已投入电力：9046000
所需电力：9560000
生产进度：94.62%


预计最快还需 【2.97天】生产完毕




你今日还能帮好友打工（3/3）次


【今日招工进度】0/10
由于您第2个京东账号未提供shareCode,将采纳本脚本自带的助力码

开始
第2个京东账号将要助力的好友["gB99tYLjvPcEFloDgamoBw==","7dluIKQMp0bySgcr8AqFgw=="]
助力朋友[gB99tYLjvPcEFloDgamoBw==]失败：亲,好友的工厂的工人已经满员了,不能去好友工厂打工啦!
助力朋友[7dluIKQMp0bySgcr8AqFgw==]失败：亲,好友的工厂的工人已经满员了,不能去好友工厂打工啦!
发电机：当前 360 电力，最大值 360 电力
发电机：电力可翻倍并收获
收取电力成功: 共720 
完成任务：共领取720电力
成功投入电力700电力

团活动ID  bozIUUFcANuUdWpw3QdvPw==
团ID  -uXH2OZ8xLG7Cgqu8LkBdQ==

今日剩余开团次数：2次

开团情况:1/7


此团未达领取团奖励人数：7人

6/21/2021, 7:53:48 AM参加团主【hVdButlHZykF-_RZaC6F1w==】失败
6/20/2021, 3:52:04 PM参加团主【hVdButlHZykF-_RZaC6F1w==】失败
6/30/2021, 9:55:32 AM参加团主【hVdButlHZykF-_RZaC6F1w==】失败
6/26/2021, 2:53:39 PM参加团主【hVdButlHZykF-_RZaC6F1w==】失败
6/24/2021, 12:52:21 PM参加团主【hVdButlHZykF-_RZaC6F1w==】失败

  商品名     兑换状态
不锈钢多用盆    已兑换

【京东账号2】Ycp_Dream
【生产商品】平板拖把
【当前等级】金牌学徒 3
【生产进度】94.62%
【招工进度】0/10
【收取发电站】收取成功，获得 720 电力
【每日任务】领奖成功，共计 720 电力
【投入电力】投入成功，共计 700 电力
【收取自己零件】获得0电力
【收取好友零件】获得0电力


******开始【京东账号3】jd_585601a83bd48*********

【提示】京东账号3[jd_585601a83bd48]京喜工厂活动未开始
请手动去京东APP->游戏与互动->查看更多->京喜工厂 开启活动



你今日还能帮好友打工（3/3）次


【今日招工进度】0/8
由于您第3个京东账号未提供shareCode,将采纳本脚本自带的助力码

开始
"Timeout awaiting 'request' for 10000ms"
京喜工厂 API请求失败，请检查网路重试
第3个京东账号将要助力的好友["-OvElMzqeyeGBWazWYjI1Q=="]
助力朋友[-OvElMzqeyeGBWazWYjI1Q==]失败：好友存储电力已达上限,暂不可打工哦~

******开始【京东账号4】jd_157332ewky*********

【提示】京东账号4[jd_157332ewky]京喜工厂活动未开始
请手动去京东APP->游戏与互动->查看更多->京喜工厂 开启活动



你今日还能帮好友打工（3/3）次


【今日招工进度】0/8
由于您第4个京东账号未提供shareCode,将采纳本脚本自带的助力码

开始
第4个京东账号将要助力的好友["GFwo6PntxDHH95ZRzZ5uAg=="]
助力朋友[GFwo6PntxDHH95ZRzZ5uAg==]失败：亲,好友的工厂的工人已经满员了,不能去好友工厂打工啦!
"Timeout awaiting 'request' for 10000ms"
京喜工厂 API请求失败，请检查网路重试
"Timeout awaiting 'request' for 10000ms"
京喜工厂 API请求失败，请检查网路重试

账号15631692383_p 参加作者lxk0301的团 【BnoRV6Zxy71ARb8KEbx-AA==】
参团失败：{"msg":"您已成团","nowTime":1625025346,"ret":10209}


账号15631692383_p 参加作者lxk0301的团 【SCET_uqcdhmc81Hemh5FaQ==】
参团失败：{"msg":"您已成团","nowTime":1625025353,"ret":10209}


账号15631692383_p 参加作者lxk0301的团 【UWCB7E9sbOcgHWrNmpdMLw==】
参团失败：{"msg":"您已成团","nowTime":1625025354,"ret":10209}


账号15631692383_p 参加作者lxk0301的团 【Kt6UvU3IjON2P3VtkHzn5A==】
参团失败：{"msg":"您已成团","nowTime":1625025355,"ret":10209}


账号15631692383_p 参加作者lxk0301的团 【Rul-glJHVnmOWQ_0_D6DmA==】
参团失败：{"msg":"您已成团","nowTime":1625025356,"ret":10209}


账号15631692383_p 参加作者lxk0301的团 【OGtz_B8zgMV3qSPpEc9lPw==】
参团失败：{"msg":"您已成团","nowTime":1625025357,"ret":10209}


账号15631692383_p 参加作者lxk0301的团 【ijxmQt9tC5mKSKFbOA85lg==】
参团失败：{"msg":"您已成团","nowTime":1625025359,"ret":10209}


账号15631692383_p 参加作者lxk0301的团 【lkscS6j1AYn0Er-xNo7zyQ==】
参团失败：{"msg":"您已成团","nowTime":1625025360,"ret":10209}


账号15631692383_p 参加作者lxk0301的团 【6F8ojwtLQn7798sEt_tOtA==】
参团失败：{"msg":"您已成团","nowTime":1625025361,"ret":10209}


账号15631692383_p 参加作者lxk0301的团 【Cdz1ejyhn2Q_WEf9giYOow==】
参团失败：{"msg":"您已成团","nowTime":1625025362,"ret":10209}


账号15631692383_p 参加作者lxk0301的团 【WXvl3MwbE1lWqzHo5hNxvA==】
参团失败：{"msg":"您已成团","nowTime":1625025363,"ret":10209}


账号15631692383_p 参加作者lxk0301的团 【rS87f_CN17T9MREXFqGloA==】
参团失败：{"msg":"您已成团","nowTime":1625025364,"ret":10209}


账号15631692383_p 参加作者lxk0301的团 【wR31dY9bpSX2w0b0TYU7ZA==】
参团失败：{"msg":"您已成团","nowTime":1625025366,"ret":10209}


账号15631692383_p 参加作者lxk0301的团 【XKyCUC8G-vgUoCBHsSCLhw==】
参团失败：{"msg":"您已成团","nowTime":1625025367,"ret":10209}


账号15631692383_p 参加作者lxk0301的团 【-3XPaTF4nV0Z_sa1PV7S5A==】
参团失败：{"msg":"您已成团","nowTime":1625025368,"ret":10209}


账号jd_74a8d71c978d9 参加作者lxk0301的团 【BnoRV6Zxy71ARb8KEbx-AA==】
参团失败：{"msg":"您已成团","nowTime":1625025395,"ret":10209}


账号jd_74a8d71c978d9 参加作者lxk0301的团 【SCET_uqcdhmc81Hemh5FaQ==】
参团失败：{"msg":"您已成团","nowTime":1625025396,"ret":10209}


账号jd_74a8d71c978d9 参加作者lxk0301的团 【UWCB7E9sbOcgHWrNmpdMLw==】
参团失败：{"msg":"您已成团","nowTime":1625025398,"ret":10209}


账号jd_74a8d71c978d9 参加作者lxk0301的团 【Kt6UvU3IjON2P3VtkHzn5A==】
参团失败：{"msg":"您已成团","nowTime":1625025399,"ret":10209}


账号jd_74a8d71c978d9 参加作者lxk0301的团 【Rul-glJHVnmOWQ_0_D6DmA==】
参团失败：{"msg":"您已成团","nowTime":1625025405,"ret":10209}


账号jd_74a8d71c978d9 参加作者lxk0301的团 【OGtz_B8zgMV3qSPpEc9lPw==】
参团失败：{"msg":"您已成团","nowTime":1625025407,"ret":10209}


账号jd_74a8d71c978d9 参加作者lxk0301的团 【ijxmQt9tC5mKSKFbOA85lg==】
参团失败：{"msg":"您已成团","nowTime":1625025408,"ret":10209}


账号jd_74a8d71c978d9 参加作者lxk0301的团 【lkscS6j1AYn0Er-xNo7zyQ==】
参团失败：{"msg":"您已成团","nowTime":1625025410,"ret":10209}


账号jd_74a8d71c978d9 参加作者lxk0301的团 【6F8ojwtLQn7798sEt_tOtA==】
参团失败：{"msg":"您已成团","nowTime":1625025411,"ret":10209}


账号jd_74a8d71c978d9 参加作者lxk0301的团 【Cdz1ejyhn2Q_WEf9giYOow==】
参团失败：{"msg":"您已成团","nowTime":1625025417,"ret":10209}


账号jd_74a8d71c978d9 参加作者lxk0301的团 【WXvl3MwbE1lWqzHo5hNxvA==】
参团失败：{"msg":"您已成团","nowTime":1625025423,"ret":10209}


账号jd_74a8d71c978d9 参加作者lxk0301的团 【rS87f_CN17T9MREXFqGloA==】
参团失败：{"msg":"您已成团","nowTime":1625025424,"ret":10209}


账号jd_74a8d71c978d9 参加作者lxk0301的团 【wR31dY9bpSX2w0b0TYU7ZA==】
参团失败：{"msg":"您已成团","nowTime":1625025426,"ret":10209}


账号jd_74a8d71c978d9 参加作者lxk0301的团 【XKyCUC8G-vgUoCBHsSCLhw==】
参团失败：{"msg":"您已成团","nowTime":1625025432,"ret":10209}


账号jd_74a8d71c978d9 参加作者lxk0301的团 【-3XPaTF4nV0Z_sa1PV7S5A==】
参团失败：{"msg":"您已成团","nowTime":1625025433,"ret":10209}


账号chao4596758 参加作者lxk0301的团 【BnoRV6Zxy71ARb8KEbx-AA==】
参团失败：{"msg":"您已成团","nowTime":1625025455,"ret":10209}


账号chao4596758 参加作者lxk0301的团 【SCET_uqcdhmc81Hemh5FaQ==】
参团失败：{"msg":"您已成团","nowTime":1625025456,"ret":10209}


账号chao4596758 参加作者lxk0301的团 【UWCB7E9sbOcgHWrNmpdMLw==】
参团失败：{"msg":"您已成团","nowTime":1625025457,"ret":10209}


账号chao4596758 参加作者lxk0301的团 【Kt6UvU3IjON2P3VtkHzn5A==】
参团失败：{"msg":"您已成团","nowTime":1625025458,"ret":10209}


账号chao4596758 参加作者lxk0301的团 【Rul-glJHVnmOWQ_0_D6DmA==】
参团失败：{"msg":"您已成团","nowTime":1625025460,"ret":10209}


账号chao4596758 参加作者lxk0301的团 【OGtz_B8zgMV3qSPpEc9lPw==】
参团失败：{"msg":"您已成团","nowTime":1625025461,"ret":10209}


账号chao4596758 参加作者lxk0301的团 【ijxmQt9tC5mKSKFbOA85lg==】
参团失败：{"msg":"您已成团","nowTime":1625025462,"ret":10209}


账号chao4596758 参加作者lxk0301的团 【lkscS6j1AYn0Er-xNo7zyQ==】
参团失败：{"msg":"您已成团","nowTime":1625025463,"ret":10209}


账号chao4596758 参加作者lxk0301的团 【6F8ojwtLQn7798sEt_tOtA==】
参团失败：{"msg":"您已成团","nowTime":1625025465,"ret":10209}


账号chao4596758 参加作者lxk0301的团 【Cdz1ejyhn2Q_WEf9giYOow==】
参团失败：{"msg":"您已成团","nowTime":1625025466,"ret":10209}


账号chao4596758 参加作者lxk0301的团 【WXvl3MwbE1lWqzHo5hNxvA==】
参团失败：{"msg":"您已成团","nowTime":1625025467,"ret":10209}


账号chao4596758 参加作者lxk0301的团 【rS87f_CN17T9MREXFqGloA==】
参团失败：{"msg":"您已成团","nowTime":1625025468,"ret":10209}


账号chao4596758 参加作者lxk0301的团 【wR31dY9bpSX2w0b0TYU7ZA==】
参团失败：{"msg":"您已成团","nowTime":1625025469,"ret":10209}


账号chao4596758 参加作者lxk0301的团 【XKyCUC8G-vgUoCBHsSCLhw==】
参团失败：{"msg":"您已成团","nowTime":1625025471,"ret":10209}


账号chao4596758 参加作者lxk0301的团 【-3XPaTF4nV0Z_sa1PV7S5A==】
参团失败：{"msg":"您已成团","nowTime":1625025472,"ret":10209}


账号jd_46df9eaa780aa 参加作者lxk0301的团 【BnoRV6Zxy71ARb8KEbx-AA==】
参团失败：{"msg":"您已成团","nowTime":1625025495,"ret":10209}


账号jd_46df9eaa780aa 参加作者lxk0301的团 【SCET_uqcdhmc81Hemh5FaQ==】
参团失败：{"msg":"您已成团","nowTime":1625025496,"ret":10209}


账号jd_46df9eaa780aa 参加作者lxk0301的团 【UWCB7E9sbOcgHWrNmpdMLw==】
参团失败：{"msg":"您已成团","nowTime":1625025497,"ret":10209}


账号jd_46df9eaa780aa 参加作者lxk0301的团 【Kt6UvU3IjON2P3VtkHzn5A==】
参团失败：{"msg":"您已成团","nowTime":1625025498,"ret":10209}


账号jd_46df9eaa780aa 参加作者lxk0301的团 【Rul-glJHVnmOWQ_0_D6DmA==】
参团失败：{"msg":"您已成团","nowTime":1625025500,"ret":10209}


账号jd_46df9eaa780aa 参加作者lxk0301的团 【OGtz_B8zgMV3qSPpEc9lPw==】
参团失败：{"msg":"您已成团","nowTime":1625025501,"ret":10209}


账号jd_46df9eaa780aa 参加作者lxk0301的团 【ijxmQt9tC5mKSKFbOA85lg==】
参团失败：{"msg":"您已成团","nowTime":1625025502,"ret":10209}


账号jd_46df9eaa780aa 参加作者lxk0301的团 【lkscS6j1AYn0Er-xNo7zyQ==】
参团失败：{"msg":"您已成团","nowTime":1625025503,"ret":10209}


账号jd_46df9eaa780aa 参加作者lxk0301的团 【6F8ojwtLQn7798sEt_tOtA==】
参团失败：{"msg":"您已成团","nowTime":1625025504,"ret":10209}


账号jd_46df9eaa780aa 参加作者lxk0301的团 【Cdz1ejyhn2Q_WEf9giYOow==】
参团失败：{"msg":"您已成团","nowTime":1625025506,"ret":10209}


账号jd_46df9eaa780aa 参加作者lxk0301的团 【WXvl3MwbE1lWqzHo5hNxvA==】
参团失败：{"msg":"您已成团","nowTime":1625025507,"ret":10209}


账号jd_46df9eaa780aa 参加作者lxk0301的团 【rS87f_CN17T9MREXFqGloA==】
参团失败：{"msg":"您已成团","nowTime":1625025508,"ret":10209}


账号jd_46df9eaa780aa 参加作者lxk0301的团 【wR31dY9bpSX2w0b0TYU7ZA==】
参团失败：{"msg":"您已成团","nowTime":1625025514,"ret":10209}


账号jd_46df9eaa780aa 参加作者lxk0301的团 【XKyCUC8G-vgUoCBHsSCLhw==】
参团失败：{"msg":"您已成团","nowTime":1625025515,"ret":10209}


账号jd_46df9eaa780aa 参加作者lxk0301的团 【-3XPaTF4nV0Z_sa1PV7S5A==】
参团失败：{"msg":"您已成团","nowTime":1625025516,"ret":10209}


🔔京喜工厂, 结束! 🕛 258.649 秒

