
🔔京喜工厂, 开始!

====================共4个京东账号Cookie=========

==================脚本执行- 北京时间(UTC+8)：6/26/2021, 4:39:05 PM=====================

拼团活动ID: 获取成功 bozIUUFcANuUdWpw3QdvPw==

开始获取京喜工厂配置文件

您的互助码选择的是用&隔开

共4个京东账号

您提供了0个账号的京喜工厂助力码


******开始【京东账号1】15631692383_p*********

再加1.17%电力可开红包

当前电力：43
当前等级：8

【京东账号1（15631692383_p）的京喜工厂好友互助码】jLuj5y4OynbjOLDt2boGNg==
已投入电力：643700
所需电力：780000
生产进度：82.53%


预计最快还需 【0.79天】生产完毕




你今日还能帮好友打工（0/3）次


【今日招工进度】0/14

今日助力好友机会已耗尽

发电机：当前 274.8 电力，最大值 510 电力

本次发电机电力集满分享后不可获得双倍电力，故现在收取电力

收取电力失败:活动火爆，请稍后再试~

完成任务：共领取0电力
投入失败，电力不足，快去做任务吧~
获取签名参数成功！
fp: 5287160221454703
token: tk01wd2db1cdba8nRERSNlhSQVpF7z62tnpZwNrVep3naUWSlGINa1FqZZFLjqGpARits1QXvwhvnJZFR7Y92w1i3PiQ
enCryptMethodJD: function test(token,fingerprint,timestamp,appId,algo){const random='i2a7bZ5pnPrm';const str=`${token}${fingerprint}${timestamp}${appId}${random}`;return algo.HmacMD5(str,token)}

团活动ID  bozIUUFcANuUdWpw3QdvPw==
团ID  9pcAwpKQ9f4i31T2aoW47A==

今日剩余开团次数：1次

开团情况:1/7


此团未达领取团奖励人数：7人

6/23/2021, 11:51:10 AM参加团主【jLuj5y4OynbjOLDt2boGNg==】失败
6/26/2021, 3:53:35 PM参加团主【jLuj5y4OynbjOLDt2boGNg==】失败
6/26/2021, 3:50:59 AM参加团主【jLuj5y4OynbjOLDt2boGNg==】失败
6/25/2021, 2:51:09 PM参加团主【jLuj5y4OynbjOLDt2boGNg==】失败
6/26/2021, 12:54:23 AM参加团主【15*3_p】的奖励已经领取成功
6/25/2021, 1:54:19 AM参加团主【jLuj5y4OynbjOLDt2boGNg==】失败
6/25/2021, 12:57:08 AM参加团主【15*3_p】的奖励已经领取成功
6/24/2021, 12:53:52 PM参加团主【jLuj5y4OynbjOLDt2boGNg==】失败
6/24/2021, 12:53:23 AM参加团主【jLuj5y4OynbjOLDt2boGNg==】失败
6/24/2021, 12:54:16 AM参加团主【15*3_p】的奖励已经领取成功

  商品名     兑换状态
芒果干    已兑换
芋泥酥6枚    已兑换
冰箱除味剂4盒    已兑换
统一干脆面    兑换超时

【京东账号1】15631692383_p
【生产商品】平板拖把
【当前等级】研究员 8
【生产进度】82.53%
【招工进度】0/14
【每日任务】领奖成功，共计 0 电力
【投入电力】投入失败，电力不足，快去做任务吧~
【收取自己零件】获得0电力
【收取好友零件】获得0电力


******开始【京东账号2】Ycp_Dream*********

再加0.14%电力可开红包

当前电力：70
当前等级：3

【京东账号2（jd_74a8d71c978d9）的京喜工厂好友互助码】hVdButlHZykF-_RZaC6F1w==
已投入电力：9038200
所需电力：9560000
生产进度：94.54%


预计最快还需 【3.02天】生产完毕




你今日还能帮好友打工（3/3）次


【今日招工进度】0/10
由于您第2个京东账号未提供shareCode,将采纳本脚本自带的助力码

开始
"Response code 530 (undefined)"
京喜工厂 API请求失败，请检查网路重试
第2个京东账号将要助力的好友["gB99tYLjvPcEFloDgamoBw==","7dluIKQMp0bySgcr8AqFgw=="]
助力朋友[gB99tYLjvPcEFloDgamoBw==]失败：亲,好友的工厂的工人已经满员了,不能去好友工厂打工啦!
助力朋友[7dluIKQMp0bySgcr8AqFgw==]失败：亲,好友的工厂的工人已经满员了,不能去好友工厂打工啦!
发电机：当前 274.6 电力，最大值 360 电力

本次发电机电力集满分享后可获得双倍电力，故目前不收取电力

完成任务：共领取0电力
投入失败，电力不足，快去做任务吧~

团活动ID  bozIUUFcANuUdWpw3QdvPw==
团ID  8j0w7OUxj3pIuS1PJrqiXg==

今日剩余开团次数：2次

开团情况:1/7


此团未达领取团奖励人数：7人

6/21/2021, 7:53:48 AM参加团主【hVdButlHZykF-_RZaC6F1w==】失败
6/20/2021, 3:52:04 PM参加团主【hVdButlHZykF-_RZaC6F1w==】失败
6/26/2021, 2:53:39 PM参加团主【hVdButlHZykF-_RZaC6F1w==】失败
6/24/2021, 12:52:21 PM参加团主【hVdButlHZykF-_RZaC6F1w==】失败

  商品名     兑换状态
不锈钢多用盆    已兑换

【京东账号2】Ycp_Dream
【生产商品】平板拖把
【当前等级】金牌学徒 3
【生产进度】94.54%
【招工进度】0/10
【发电机电力】当前 274.6 电力，未达到收获标准
【每日任务】领奖成功，共计 0 电力
【投入电力】投入失败，电力不足，快去做任务吧~
【收取自己零件】获得0电力
【收取好友零件】获得0电力


******开始【京东账号3】jd_585601a83bd48*********

【提示】京东账号3[jd_585601a83bd48]京喜工厂活动未开始
请手动去京东APP->游戏与互动->查看更多->京喜工厂 开启活动



你今日还能帮好友打工（3/3）次


【今日招工进度】0/8
由于您第3个京东账号未提供shareCode,将采纳本脚本自带的助力码

开始
第3个京东账号将要助力的好友["-OvElMzqeyeGBWazWYjI1Q=="]
助力朋友[-OvElMzqeyeGBWazWYjI1Q==]失败：好友存储电力已达上限,暂不可打工哦~

******开始【京东账号4】jd_157332ewky*********

【提示】京东账号4[jd_157332ewky]京喜工厂活动未开始
请手动去京东APP->游戏与互动->查看更多->京喜工厂 开启活动



你今日还能帮好友打工（3/3）次


【今日招工进度】0/8
由于您第4个京东账号未提供shareCode,将采纳本脚本自带的助力码

开始
"Timeout awaiting 'request' for 10000ms"
京喜工厂 API请求失败，请检查网路重试
第4个京东账号将要助力的好友["GFwo6PntxDHH95ZRzZ5uAg=="]
助力朋友[GFwo6PntxDHH95ZRzZ5uAg==]失败：亲,好友的工厂的工人已经满员了,不能去好友工厂打工啦!
"Timeout awaiting 'request' for 10000ms"
京喜工厂 API请求失败，请检查网路重试

账号15631692383_p 参加作者lxk0301的团 【B3_b2Efjp-6XUZkmmMKRlA==】
参团失败：{"msg":"您已成团","nowTime":1624696840,"ret":10209}


账号15631692383_p 参加作者lxk0301的团 【XbjZ4DCL2SI_reLWBR-WGw==】
参团失败：{"msg":"您已成团","nowTime":1624696842,"ret":10209}


账号15631692383_p 参加作者lxk0301的团 【I4STcuy8ahnshuvaGKcKUA==】
参团失败：{"msg":"您已成团","nowTime":1624696844,"ret":10209}


账号15631692383_p 参加作者lxk0301的团 【llBgZWRoTNRUu5BW3Mi0zw==】
参团失败：{"msg":"您已成团","nowTime":1624696846,"ret":10209}


账号15631692383_p 参加作者lxk0301的团 【ETuLtDiS26XrJbHZ5hjOCQ==】
参团失败：{"msg":"您已成团","nowTime":1624696848,"ret":10209}


账号15631692383_p 参加作者lxk0301的团 【mL-23nu9q2RDk3fG57y0yg==】
参团失败：{"msg":"您已成团","nowTime":1624696849,"ret":10209}


账号15631692383_p 参加作者lxk0301的团 【dSQj7RpFTKdam9RQRfm_BA==】
参团失败：{"msg":"您已成团","nowTime":1624696851,"ret":10209}


账号15631692383_p 参加作者lxk0301的团 【5MgbljTMS0CoiNX7qoLdgw==】
参团失败：{"msg":"您已成团","nowTime":1624696852,"ret":10209}


账号15631692383_p 参加作者lxk0301的团 【19I47XZpgn0MQ9IXA0Xjlw==】
参团失败：{"msg":"您已成团","nowTime":1624696855,"ret":10209}


账号15631692383_p 参加作者lxk0301的团 【LJuAW5kklwD8o58n5KmMRA==】
参团失败：{"msg":"您已成团","nowTime":1624696857,"ret":10209}


账号15631692383_p 参加作者lxk0301的团 【Xyu3_Nl3PkKfF_fiATAelw==】
参团失败：{"msg":"您已成团","nowTime":1624696860,"ret":10209}


账号15631692383_p 参加作者lxk0301的团 【RM4fXYi46Tq64UaqpOafLw==】
参团失败：{"msg":"您已成团","nowTime":1624696863,"ret":10209}


账号15631692383_p 参加作者lxk0301的团 【gxjE1p6hyUuAOIWSS7EV9Q==】
参团失败：{"msg":"您已成团","nowTime":1624696864,"ret":10209}


账号jd_74a8d71c978d9 参加作者lxk0301的团 【B3_b2Efjp-6XUZkmmMKRlA==】
参团失败：{"msg":"您已成团","nowTime":1624696895,"ret":10209}


账号jd_74a8d71c978d9 参加作者lxk0301的团 【XbjZ4DCL2SI_reLWBR-WGw==】
参团失败：{"msg":"您已成团","nowTime":1624696897,"ret":10209}


账号jd_74a8d71c978d9 参加作者lxk0301的团 【I4STcuy8ahnshuvaGKcKUA==】
参团失败：{"msg":"您已成团","nowTime":1624696905,"ret":10209}


账号jd_74a8d71c978d9 参加作者lxk0301的团 【llBgZWRoTNRUu5BW3Mi0zw==】
参团失败：{"msg":"您已成团","nowTime":1624696911,"ret":10209}


账号jd_74a8d71c978d9 参加作者lxk0301的团 【ETuLtDiS26XrJbHZ5hjOCQ==】
参团失败：{"msg":"您已成团","nowTime":1624696919,"ret":10209}


账号jd_74a8d71c978d9 参加作者lxk0301的团 【mL-23nu9q2RDk3fG57y0yg==】
参团失败：{"msg":"您已成团","nowTime":1624696922,"ret":10209}


账号jd_74a8d71c978d9 参加作者lxk0301的团 【dSQj7RpFTKdam9RQRfm_BA==】
参团失败：{"msg":"您已成团","nowTime":1624696923,"ret":10209}


账号jd_74a8d71c978d9 参加作者lxk0301的团 【5MgbljTMS0CoiNX7qoLdgw==】
参团失败：{"msg":"您已成团","nowTime":1624696925,"ret":10209}


账号jd_74a8d71c978d9 参加作者lxk0301的团 【19I47XZpgn0MQ9IXA0Xjlw==】
参团失败：{"msg":"您已成团","nowTime":1624696926,"ret":10209}


账号jd_74a8d71c978d9 参加作者lxk0301的团 【LJuAW5kklwD8o58n5KmMRA==】
参团失败：{"msg":"您已成团","nowTime":1624696928,"ret":10209}


账号jd_74a8d71c978d9 参加作者lxk0301的团 【Xyu3_Nl3PkKfF_fiATAelw==】
参团失败：{"msg":"您已成团","nowTime":1624696930,"ret":10209}


账号jd_74a8d71c978d9 参加作者lxk0301的团 【RM4fXYi46Tq64UaqpOafLw==】
参团失败：{"msg":"您已成团","nowTime":1624696932,"ret":10209}


账号jd_74a8d71c978d9 参加作者lxk0301的团 【gxjE1p6hyUuAOIWSS7EV9Q==】
参团失败：{"msg":"您已成团","nowTime":1624696934,"ret":10209}


账号chao4596758 参加作者lxk0301的团 【B3_b2Efjp-6XUZkmmMKRlA==】
参团失败：{"msg":"您已成团","nowTime":1624696978,"ret":10209}


账号chao4596758 参加作者lxk0301的团 【XbjZ4DCL2SI_reLWBR-WGw==】
参团失败：{"msg":"您已成团","nowTime":1624696979,"ret":10209}


账号chao4596758 参加作者lxk0301的团 【I4STcuy8ahnshuvaGKcKUA==】
参团失败：{"msg":"您已成团","nowTime":1624696980,"ret":10209}


账号chao4596758 参加作者lxk0301的团 【llBgZWRoTNRUu5BW3Mi0zw==】
参团失败：{"msg":"您已成团","nowTime":1624696982,"ret":10209}


账号chao4596758 参加作者lxk0301的团 【ETuLtDiS26XrJbHZ5hjOCQ==】
参团失败：{"msg":"您已成团","nowTime":1624696985,"ret":10209}


账号chao4596758 参加作者lxk0301的团 【mL-23nu9q2RDk3fG57y0yg==】
参团失败：{"msg":"您已成团","nowTime":1624696986,"ret":10209}


账号chao4596758 参加作者lxk0301的团 【dSQj7RpFTKdam9RQRfm_BA==】
参团失败：{"msg":"您已成团","nowTime":1624696988,"ret":10209}


账号chao4596758 参加作者lxk0301的团 【5MgbljTMS0CoiNX7qoLdgw==】
参团失败：{"msg":"您已成团","nowTime":1624696990,"ret":10209}


账号chao4596758 参加作者lxk0301的团 【19I47XZpgn0MQ9IXA0Xjlw==】
参团失败：{"msg":"您已成团","nowTime":1624696991,"ret":10209}


账号chao4596758 参加作者lxk0301的团 【LJuAW5kklwD8o58n5KmMRA==】
参团失败：{"msg":"您已成团","nowTime":1624696993,"ret":10209}


账号chao4596758 参加作者lxk0301的团 【Xyu3_Nl3PkKfF_fiATAelw==】
参团失败：{"msg":"您已成团","nowTime":1624696994,"ret":10209}


账号chao4596758 参加作者lxk0301的团 【RM4fXYi46Tq64UaqpOafLw==】
参团失败：{"msg":"您已成团","nowTime":1624696996,"ret":10209}


账号chao4596758 参加作者lxk0301的团 【gxjE1p6hyUuAOIWSS7EV9Q==】
参团失败：{"msg":"您已成团","nowTime":1624696999,"ret":10209}


账号jd_46df9eaa780aa 参加作者lxk0301的团 【B3_b2Efjp-6XUZkmmMKRlA==】
参团失败：{"msg":"您已成团","nowTime":1624697030,"ret":10209}


账号jd_46df9eaa780aa 参加作者lxk0301的团 【XbjZ4DCL2SI_reLWBR-WGw==】
参团失败：{"msg":"您已成团","nowTime":1624697031,"ret":10209}


账号jd_46df9eaa780aa 参加作者lxk0301的团 【I4STcuy8ahnshuvaGKcKUA==】
参团失败：{"msg":"您已成团","nowTime":1624697034,"ret":10209}


账号jd_46df9eaa780aa 参加作者lxk0301的团 【llBgZWRoTNRUu5BW3Mi0zw==】
参团失败：{"msg":"您已成团","nowTime":1624697037,"ret":10209}


账号jd_46df9eaa780aa 参加作者lxk0301的团 【ETuLtDiS26XrJbHZ5hjOCQ==】
参团失败：{"msg":"您已成团","nowTime":1624697039,"ret":10209}


账号jd_46df9eaa780aa 参加作者lxk0301的团 【mL-23nu9q2RDk3fG57y0yg==】
参团失败：{"msg":"您已成团","nowTime":1624697042,"ret":10209}


账号jd_46df9eaa780aa 参加作者lxk0301的团 【dSQj7RpFTKdam9RQRfm_BA==】
参团失败：{"msg":"您已成团","nowTime":1624697043,"ret":10209}


账号jd_46df9eaa780aa 参加作者lxk0301的团 【5MgbljTMS0CoiNX7qoLdgw==】
参团失败：{"msg":"您已成团","nowTime":1624697049,"ret":10209}


账号jd_46df9eaa780aa 参加作者lxk0301的团 【19I47XZpgn0MQ9IXA0Xjlw==】
参团失败：{"msg":"您已成团","nowTime":1624697050,"ret":10209}


账号jd_46df9eaa780aa 参加作者lxk0301的团 【LJuAW5kklwD8o58n5KmMRA==】
参团失败：{"msg":"您已成团","nowTime":1624697052,"ret":10209}


账号jd_46df9eaa780aa 参加作者lxk0301的团 【Xyu3_Nl3PkKfF_fiATAelw==】
参团失败：{"msg":"您已成团","nowTime":1624697057,"ret":10209}


账号jd_46df9eaa780aa 参加作者lxk0301的团 【RM4fXYi46Tq64UaqpOafLw==】
参团失败：{"msg":"您已成团","nowTime":1624697058,"ret":10209}


账号jd_46df9eaa780aa 参加作者lxk0301的团 【gxjE1p6hyUuAOIWSS7EV9Q==】
参团失败：{"msg":"您已成团","nowTime":1624697060,"ret":10209}


🔔京喜工厂, 结束! 🕛 315.694 秒

