
🔔京喜工厂, 开始!

====================共4个京东账号Cookie=========

==================脚本执行- 北京时间(UTC+8)：6/30/2021, 5:51:55 PM=====================

获取签名参数成功！
fp: 7655428648874162
token: tk01wa5f81be2a8naXA0TndFeEJjJDWHuh6xz6scv0kCoMLl9YiaF2YAxNNqT1BCCEz89cDEiNVB4XQBS2nFqSdevFcz
enCryptMethodJD: function test(token,fingerprint,timestamp,appId,algo){const random='675QJvJsL6DT';const str=`${token}${fingerprint}${timestamp}${appId}${random}`;return algo.SHA256(str)}
拼团活动ID: 获取成功 bozIUUFcANuUdWpw3QdvPw==

开始获取京喜工厂配置文件

您的互助码选择的是用&隔开

共4个京东账号

您提供了0个账号的京喜工厂助力码


******开始【京东账号1】15631692383_p*********

再加电力可开红包

当前电力：18
当前等级：8

【京东账号1（15631692383_p）的京喜工厂好友互助码】jLuj5y4OynbjOLDt2boGNg==
已投入电力：758800
所需电力：780000
生产进度：97.28%


预计最快还需 【0.12天】生产完毕




你今日还能帮好友打工（0/3）次


【今日招工进度】0/14

今日助力好友机会已耗尽

发电机：当前 6.8 电力，最大值 510 电力

本次发电机电力集满分享后不可获得双倍电力，故现在收取电力

收取电力成功: 共7 
完成任务：共领取7电力
投入失败，电力不足，快去做任务吧~

团活动ID  bozIUUFcANuUdWpw3QdvPw==
团ID  NgUCn1YP2Pbibn28R4PCmg==

今日剩余开团次数：2次
之前的团已过期，准备重新开团

【开团成功】tuanId为 ttPBlMG_4lEnrtyImdfKVQ==

开团情况:1/7


此团未达领取团奖励人数：7人

6/30/2021, 5:51:59 PM参加团主【jLuj5y4OynbjOLDt2boGNg==】失败
6/30/2021, 5:51:19 AM参加团主【jLuj5y4OynbjOLDt2boGNg==】失败
6/29/2021, 5:50:38 PM参加团主【jLuj5y4OynbjOLDt2boGNg==】失败
6/30/2021, 12:54:16 AM参加团主【15*3_p】的奖励已经领取成功
6/29/2021, 5:50:30 AM参加团主【jLuj5y4OynbjOLDt2boGNg==】失败
6/28/2021, 4:50:47 PM参加团主【jLuj5y4OynbjOLDt2boGNg==】失败
6/29/2021, 12:53:53 AM参加团主【15*3_p】的奖励已经领取成功
6/28/2021, 4:50:45 AM参加团主【jLuj5y4OynbjOLDt2boGNg==】失败
6/27/2021, 4:50:37 PM参加团主【jLuj5y4OynbjOLDt2boGNg==】失败
6/28/2021, 12:54:13 AM参加团主【15*3_p】的奖励已经领取成功

  商品名     兑换状态
芒果干    已兑换
芋泥酥6枚    已兑换
冰箱除味剂4盒    已兑换
统一干脆面    兑换超时

【京东账号1】15631692383_p
【生产商品】平板拖把
【当前等级】研究员 8
【生产进度】97.28%
【招工进度】0/14
【收取发电站】收取成功，获得 7 电力
【每日任务】领奖成功，共计 7 电力
【投入电力】投入失败，电力不足，快去做任务吧~
【收取自己零件】获得0电力
【收取好友零件】获得0电力


******开始【京东账号2】jd_74a8d71c978d9*********

再加0.01%电力可开红包

当前电力：90
当前等级：3

【京东账号2（jd_74a8d71c978d9）的京喜工厂好友互助码】hVdButlHZykF-_RZaC6F1w==
已投入电力：9050300
所需电力：9560000
生产进度：94.67%


预计最快还需 【2.95天】生产完毕




你今日还能帮好友打工（3/3）次


【今日招工进度】0/10
由于您第2个京东账号未提供shareCode,将采纳本脚本自带的助力码

开始
第2个京东账号将要助力的好友["gB99tYLjvPcEFloDgamoBw==","7dluIKQMp0bySgcr8AqFgw=="]
助力朋友[gB99tYLjvPcEFloDgamoBw==]失败：亲,好友的工厂的工人已经满员了,不能去好友工厂打工啦!
助力朋友[7dluIKQMp0bySgcr8AqFgw==]失败：亲,好友的工厂的工人已经满员了,不能去好友工厂打工啦!
发电机：当前 337.5 电力，最大值 360 电力

本次发电机电力集满分享后可获得双倍电力，故目前不收取电力

完成任务：共领取0电力
投入失败，电力不足，快去做任务吧~

团活动ID  bozIUUFcANuUdWpw3QdvPw==
团ID  -uXH2OZ8xLG7Cgqu8LkBdQ==

今日剩余开团次数：2次

开团情况:1/7


此团未达领取团奖励人数：7人

6/21/2021, 7:53:48 AM参加团主【hVdButlHZykF-_RZaC6F1w==】失败
6/20/2021, 3:52:04 PM参加团主【hVdButlHZykF-_RZaC6F1w==】失败
6/30/2021, 9:55:32 AM参加团主【hVdButlHZykF-_RZaC6F1w==】失败
6/26/2021, 2:53:39 PM参加团主【hVdButlHZykF-_RZaC6F1w==】失败
6/24/2021, 12:52:21 PM参加团主【hVdButlHZykF-_RZaC6F1w==】失败

  商品名     兑换状态
不锈钢多用盆    已兑换

【京东账号2】jd_74a8d71c978d9
【生产商品】平板拖把
【当前等级】金牌学徒 3
【生产进度】94.67%
【招工进度】0/10
【发电机电力】当前 337.5 电力，未达到收获标准
【每日任务】领奖成功，共计 0 电力
【投入电力】投入失败，电力不足，快去做任务吧~
【收取自己零件】获得0电力
【收取好友零件】获得0电力


******开始【京东账号3】jd_585601a83bd48*********

【提示】京东账号3[jd_585601a83bd48]京喜工厂活动未开始
请手动去京东APP->游戏与互动->查看更多->京喜工厂 开启活动



你今日还能帮好友打工（3/3）次


【今日招工进度】0/8
由于您第3个京东账号未提供shareCode,将采纳本脚本自带的助力码

开始
"Timeout awaiting 'request' for 10000ms"
京喜工厂 API请求失败，请检查网路重试
第3个京东账号将要助力的好友["-OvElMzqeyeGBWazWYjI1Q=="]
助力朋友[-OvElMzqeyeGBWazWYjI1Q==]失败：好友存储电力已达上限,暂不可打工哦~

******开始【京东账号4】jd_157332ewky*********

【提示】京东账号4[jd_157332ewky]京喜工厂活动未开始
请手动去京东APP->游戏与互动->查看更多->京喜工厂 开启活动



你今日还能帮好友打工（3/3）次


【今日招工进度】0/8
由于您第4个京东账号未提供shareCode,将采纳本脚本自带的助力码

开始
第4个京东账号将要助力的好友["GFwo6PntxDHH95ZRzZ5uAg=="]
助力朋友[GFwo6PntxDHH95ZRzZ5uAg==]失败：亲,好友的工厂的工人已经满员了,不能去好友工厂打工啦!
"Timeout awaiting 'request' for 10000ms"
京喜工厂 API请求失败，请检查网路重试

账号15631692383_p 参加作者lxk0301的团 【5Hb-6SfNOoma4hgfsRut3A==】
参团失败：{"msg":"您已成团","nowTime":1625046793,"ret":10209}


账号15631692383_p 参加作者lxk0301的团 【LtRUC5i4DpY6UO_-raF_rA==】
参团失败：{"msg":"您已成团","nowTime":1625046794,"ret":10209}

"Timeout awaiting 'request' for 10000ms"
京喜工厂 API请求失败，请检查网路重试

账号15631692383_p 参加作者lxk0301的团 【v8_1h9NDjf-TDJSIwT9IlA==】
参团失败：{"msg":"活动火爆，请稍后再试~","nowTime":1625046795,"ret":10203}


账号15631692383_p 参加作者lxk0301的团 【wUdsXUAulBmcZONh7uiEBA==】
参团失败：{"msg":"您已成团","nowTime":1625046797,"ret":10209}


账号15631692383_p 参加作者lxk0301的团 【t2PaujI3peXpQXoErEnlOg==】
参团失败：{"msg":"您已成团","nowTime":1625046798,"ret":10209}


账号15631692383_p 参加作者lxk0301的团 【X_L-dwx8rgArQNQckhka5w==】
参团失败：{"msg":"您已成团","nowTime":1625046799,"ret":10209}


账号15631692383_p 参加作者lxk0301的团 【iOm2D9rUO_-ilxraNZAuqw==】
参团失败：{"msg":"您已成团","nowTime":1625046800,"ret":10209}


账号15631692383_p 参加作者lxk0301的团 【rEmgQfdfAL3SQAS1bP843A==】
参团失败：{"msg":"您已成团","nowTime":1625046801,"ret":10209}


账号15631692383_p 参加作者lxk0301的团 【KKRl95qxwSye_YHQ5YUGRg==】
参团失败：{"msg":"您已成团","nowTime":1625046803,"ret":10209}


账号15631692383_p 参加作者lxk0301的团 【7VFrD6b70o5bN7-8zZvZww==】
参团失败：{"msg":"您已成团","nowTime":1625046804,"ret":10209}


账号15631692383_p 参加作者lxk0301的团 【GIazjlu0pPLpAb0U6wX39Q==】
参团失败：{"msg":"您已成团","nowTime":1625046805,"ret":10209}


账号15631692383_p 参加作者lxk0301的团 【po5UOimzRyOnKWLabc5U-Q==】
参团失败：{"msg":"您已成团","nowTime":1625046806,"ret":10209}


账号jd_74a8d71c978d9 参加作者lxk0301的团 【5Hb-6SfNOoma4hgfsRut3A==】
参团失败：{"msg":"活动火爆，请稍后再试~","nowTime":1625046828,"ret":10203}


账号jd_74a8d71c978d9 参加作者lxk0301的团 【LtRUC5i4DpY6UO_-raF_rA==】
参团失败：{"msg":"您已成团","nowTime":1625046829,"ret":10209}


账号jd_74a8d71c978d9 参加作者lxk0301的团 【v8_1h9NDjf-TDJSIwT9IlA==】
参团失败：{"msg":"您已成团","nowTime":1625046830,"ret":10209}


账号jd_74a8d71c978d9 参加作者lxk0301的团 【wUdsXUAulBmcZONh7uiEBA==】
参团失败：{"msg":"您已成团","nowTime":1625046841,"ret":10209}


账号jd_74a8d71c978d9 参加作者lxk0301的团 【t2PaujI3peXpQXoErEnlOg==】
参团失败：{"msg":"您已成团","nowTime":1625046843,"ret":10209}


账号jd_74a8d71c978d9 参加作者lxk0301的团 【X_L-dwx8rgArQNQckhka5w==】
参团失败：{"msg":"您已成团","nowTime":1625046854,"ret":10209}


账号jd_74a8d71c978d9 参加作者lxk0301的团 【iOm2D9rUO_-ilxraNZAuqw==】
参团失败：{"msg":"您已成团","nowTime":1625046855,"ret":10209}


账号jd_74a8d71c978d9 参加作者lxk0301的团 【rEmgQfdfAL3SQAS1bP843A==】
参团失败：{"msg":"您已成团","nowTime":1625046856,"ret":10209}


账号jd_74a8d71c978d9 参加作者lxk0301的团 【KKRl95qxwSye_YHQ5YUGRg==】
参团失败：{"msg":"您已成团","nowTime":1625046857,"ret":10209}


账号jd_74a8d71c978d9 参加作者lxk0301的团 【7VFrD6b70o5bN7-8zZvZww==】
参团失败：{"msg":"您已成团","nowTime":1625046859,"ret":10209}


账号jd_74a8d71c978d9 参加作者lxk0301的团 【GIazjlu0pPLpAb0U6wX39Q==】
参团失败：{"msg":"您已成团","nowTime":1625046860,"ret":10209}


账号jd_74a8d71c978d9 参加作者lxk0301的团 【po5UOimzRyOnKWLabc5U-Q==】
参团失败：{"msg":"您已成团","nowTime":1625046861,"ret":10209}


账号chao4596758 参加作者lxk0301的团 【5Hb-6SfNOoma4hgfsRut3A==】
参团失败：{"msg":"您已成团","nowTime":1625046903,"ret":10209}


账号chao4596758 参加作者lxk0301的团 【LtRUC5i4DpY6UO_-raF_rA==】
参团失败：{"msg":"您已成团","nowTime":1625046904,"ret":10209}


账号chao4596758 参加作者lxk0301的团 【v8_1h9NDjf-TDJSIwT9IlA==】
参团失败：{"msg":"您已成团","nowTime":1625046905,"ret":10209}


账号chao4596758 参加作者lxk0301的团 【wUdsXUAulBmcZONh7uiEBA==】
参团失败：{"msg":"您已成团","nowTime":1625046907,"ret":10209}


账号chao4596758 参加作者lxk0301的团 【t2PaujI3peXpQXoErEnlOg==】
参团失败：{"msg":"您已成团","nowTime":1625046908,"ret":10209}


账号chao4596758 参加作者lxk0301的团 【X_L-dwx8rgArQNQckhka5w==】
参团失败：{"msg":"您已成团","nowTime":1625046909,"ret":10209}


账号chao4596758 参加作者lxk0301的团 【iOm2D9rUO_-ilxraNZAuqw==】
参团失败：{"msg":"您已成团","nowTime":1625046911,"ret":10209}


账号chao4596758 参加作者lxk0301的团 【rEmgQfdfAL3SQAS1bP843A==】
参团失败：{"msg":"您已成团","nowTime":1625046912,"ret":10209}


账号chao4596758 参加作者lxk0301的团 【KKRl95qxwSye_YHQ5YUGRg==】
参团失败：{"msg":"您已成团","nowTime":1625046913,"ret":10209}


账号chao4596758 参加作者lxk0301的团 【7VFrD6b70o5bN7-8zZvZww==】
参团失败：{"msg":"您已成团","nowTime":1625046914,"ret":10209}


账号chao4596758 参加作者lxk0301的团 【GIazjlu0pPLpAb0U6wX39Q==】
参团失败：{"msg":"您已成团","nowTime":1625046915,"ret":10209}


账号chao4596758 参加作者lxk0301的团 【po5UOimzRyOnKWLabc5U-Q==】
参团失败：{"msg":"您已成团","nowTime":1625046917,"ret":10209}


账号jd_46df9eaa780aa 参加作者lxk0301的团 【5Hb-6SfNOoma4hgfsRut3A==】
参团失败：{"msg":"您已成团","nowTime":1625046954,"ret":10209}


账号jd_46df9eaa780aa 参加作者lxk0301的团 【LtRUC5i4DpY6UO_-raF_rA==】
参团失败：{"msg":"您已成团","nowTime":1625046955,"ret":10209}


账号jd_46df9eaa780aa 参加作者lxk0301的团 【v8_1h9NDjf-TDJSIwT9IlA==】
参团失败：{"msg":"您已成团","nowTime":1625046957,"ret":10209}


账号jd_46df9eaa780aa 参加作者lxk0301的团 【wUdsXUAulBmcZONh7uiEBA==】
参团失败：{"msg":"您已成团","nowTime":1625046958,"ret":10209}


账号jd_46df9eaa780aa 参加作者lxk0301的团 【t2PaujI3peXpQXoErEnlOg==】
参团失败：{"msg":"您已成团","nowTime":1625046960,"ret":10209}


账号jd_46df9eaa780aa 参加作者lxk0301的团 【X_L-dwx8rgArQNQckhka5w==】
参团失败：{"msg":"您已成团","nowTime":1625046961,"ret":10209}


账号jd_46df9eaa780aa 参加作者lxk0301的团 【iOm2D9rUO_-ilxraNZAuqw==】
参团失败：{"msg":"您已成团","nowTime":1625046962,"ret":10209}


账号jd_46df9eaa780aa 参加作者lxk0301的团 【rEmgQfdfAL3SQAS1bP843A==】
参团失败：{"msg":"您已成团","nowTime":1625046964,"ret":10209}


账号jd_46df9eaa780aa 参加作者lxk0301的团 【KKRl95qxwSye_YHQ5YUGRg==】
参团失败：{"msg":"您已成团","nowTime":1625046965,"ret":10209}


账号jd_46df9eaa780aa 参加作者lxk0301的团 【7VFrD6b70o5bN7-8zZvZww==】
参团失败：{"msg":"您已成团","nowTime":1625046966,"ret":10209}


账号jd_46df9eaa780aa 参加作者lxk0301的团 【GIazjlu0pPLpAb0U6wX39Q==】
参团失败：{"msg":"您已成团","nowTime":1625046967,"ret":10209}


账号jd_46df9eaa780aa 参加作者lxk0301的团 【po5UOimzRyOnKWLabc5U-Q==】
参团失败：{"msg":"您已成团","nowTime":1625046968,"ret":10209}


🔔京喜工厂, 结束! 🕛 254.504 秒

