
🔔京喜工厂, 开始!

====================共2个京东账号Cookie=========

==================脚本执行- 北京时间(UTC+8)：7/12/2021, 6:50:18 AM=====================

获取签名参数成功！
fp: 4914426941000162
token: tk01w883d1b63a8nNUs5S2JDWTBCHcPzE89wK2PVeGRg6os0O1SAfDAnAKuvsfoeN8qXcov6SzJjROg4vD4TCB8Y/TkC
enCryptMethodJD: function test(token,fingerprint,timestamp,appId,algo){const random='qWDEe6L/8ttW';const str=`${token}${fingerprint}${timestamp}${appId}${random}`;return algo.MD5(str)}
拼团活动ID: 获取成功 T_zZaWP6by9yA1wehxM4mg==

开始获取京喜工厂配置文件

您的互助码选择的是用&隔开

共2个京东账号

您提供了0个账号的京喜工厂助力码


******开始【京东账号1】15631692383_p*********

再加0.90%电力可开红包

当前电力：51
当前等级：8

【京东账号1（15631692383_p）的京喜工厂好友互助码】jLuj5y4OynbjOLDt2boGNg==
已投入电力：469400
所需电力：1730000
生产进度：27.13%


预计最快还需 【7.30天】生产完毕




你今日还能帮好友打工（3/3）次


【今日招工进度】0/14
由于您第1个京东账号未提供shareCode,将采纳本脚本自带的助力码

开始
"Response code 530 (undefined)"
京喜工厂 API请求失败，请检查网路重试
第1个京东账号将要助力的好友["V5LkjP4WRyjeCKR9VRwcRX0bBuTz7MEK0-E99EJ7u0k=","0WtCMPNq7jekehT6d3AbFw=="]
助力朋友[V5LkjP4WRyjeCKR9VRwcRX0bBuTz7MEK0-E99EJ7u0k=]失败：好友存储电力已达上限,暂不可打工哦~
助力朋友[0WtCMPNq7jekehT6d3AbFw==]失败：亲,好友的工厂暂未开启,不能去好友工厂打工啦!
发电机：当前 357.4 电力，最大值 510 电力

本次发电机电力集满分享后可获得双倍电力，故目前不收取电力

完成任务：共领取0电力
投入失败，电力不足，快去做任务吧~
打工电力：收取成功

团活动ID  T_zZaWP6by9yA1wehxM4mg==
团ID  OHa0ATzWwr_mqpMQyJRuyA==

今日剩余开团次数：3次

开团情况:1/6


此团未达领取团奖励人数：6人

7/12/2021, 12:56:41 AM参加团主【15*3_p】的奖励已经领取成功
7/11/2021, 7:54:06 PM参加团主【jLuj5y4OynbjOLDt2boGNg==】失败
7/11/2021, 6:51:15 AM参加团主【jLuj5y4OynbjOLDt2boGNg==】失败
7/11/2021, 12:57:48 AM参加团主【15*3_p】的奖励已经领取成功
7/10/2021, 6:50:47 PM参加团主【jLuj5y4OynbjOLDt2boGNg==】失败
7/10/2021, 5:51:07 AM参加团主【jLuj5y4OynbjOLDt2boGNg==】失败
7/10/2021, 6:52:54 AM参加团主【15*3_p】的奖励已经领取成功
7/9/2021, 4:50:39 PM参加团主【jLuj5y4OynbjOLDt2boGNg==】失败
7/9/2021, 3:50:39 AM参加团主【jLuj5y4OynbjOLDt2boGNg==】失败
7/9/2021, 12:56:51 AM参加团主【15*3_p】的奖励已经领取成功

  商品名     兑换状态
平板拖把    已兑换
芒果干    已兑换
芋泥酥6枚    已兑换
冰箱除味剂4盒    已兑换
统一干脆面    兑换超时

【京东账号1】15631692383_p
【生产商品】飘柔护发素
【当前等级】研究员 8
【生产进度】27.13%
【招工进度】0/14
【发电机电力】当前 357.4 电力，未达到收获标准
【每日任务】领奖成功，共计 0 电力
【投入电力】投入失败，电力不足，快去做任务吧~
【打工电力】：收取成功
【收取自己零件】获得0电力
【收取好友零件】获得0电力


******开始【京东账号2】jd_74a8d71c978d9*********

可以开红包了

开幸运红包：{"data":{"active":"dreamfactory_jdhb2107","awardElectric":0,"bingoLevel":2},"msg":"OK","nowTime":1626043827,"ret":0}

当前电力：7
当前等级：3

【京东账号2（jd_74a8d71c978d9）的京喜工厂好友互助码】hVdButlHZykF-_RZaC6F1w==
已投入电力：9138000
所需电力：9560000
生产进度：95.59%


预计最快还需 【2.44天】生产完毕




你今日还能帮好友打工（3/3）次


【今日招工进度】0/10
由于您第2个京东账号未提供shareCode,将采纳本脚本自带的助力码

开始
"Response code 530 (undefined)"
京喜工厂 API请求失败，请检查网路重试
第2个京东账号将要助力的好友["gB99tYLjvPcEFloDgamoBw==","7dluIKQMp0bySgcr8AqFgw=="]
助力朋友[gB99tYLjvPcEFloDgamoBw==]失败：亲,好友的工厂暂未开启,不能去好友工厂打工啦!
助力朋友[7dluIKQMp0bySgcr8AqFgw==]失败：亲,好友的工厂的工人已经满员了,不能去好友工厂打工啦!
发电机：当前 360 电力，最大值 360 电力
发电机：电力可翻倍并收获
收取电力成功: 共720 
任务：今日收取发电机电力可完成
领取今日收取发电机电力任务奖励成功，收获：500电力
完成任务：共领取1220电力
成功投入电力1200电力
打工电力：收取成功

团活动ID  T_zZaWP6by9yA1wehxM4mg==
团ID  KJDWPyEDd5xSjpRIZ5cGqA==

今日剩余开团次数：3次

开团情况:1/6


此团未达领取团奖励人数：6人

7/2/2021, 9:20:28 AM参加团主【hVdButlHZykF-_RZaC6F1w==】失败
7/2/2021, 9:20:10 AM参加团主【jLuj5y4OynbjOLDt2boGNg==】失败
7/1/2021, 8:55:42 PM参加团主【hVdButlHZykF-_RZaC6F1w==】失败
7/1/2021, 8:54:51 PM参加团主【jLuj5y4OynbjOLDt2boGNg==】失败
7/11/2021, 11:54:56 PM参加团主【hVdButlHZykF-_RZaC6F1w==】失败
7/10/2021, 8:56:38 AM参加团主【hVdButlHZykF-_RZaC6F1w==】失败
7/9/2021, 7:54:49 PM参加团主【hVdButlHZykF-_RZaC6F1w==】失败
7/9/2021, 4:50:39 PM参加团主【jLuj5y4OynbjOLDt2boGNg==】失败

  商品名     兑换状态
不锈钢多用盆    已兑换

【京东账号2】jd_74a8d71c978d9
【生产商品】平板拖把
【当前等级】金牌学徒 3
【生产进度】95.59%
【招工进度】0/10
【收取发电站】收取成功，获得 720 电力
【每日任务】领奖成功，共计 1220 电力
【投入电力】投入成功，共计 1200 电力
【打工电力】：收取成功
【收取自己零件】获得0电力
【收取好友零件】获得0电力


账号15631692383_p 参加作者lxk0301的团 【zJ6TLnYgYLsPf1RUtvcMEg==】
参团失败：{"msg":"您已成团","nowTime":1626043855,"ret":10209}


账号15631692383_p 参加作者lxk0301的团 【v4igFYGY5Km7N0vlkrHoiQ==】
参团失败：{"msg":"活动火爆，请稍后再试~","nowTime":1626043857,"ret":10203}


账号15631692383_p 参加作者lxk0301的团 【-8JzZW-k-OusTE6iElsT-w==】
参团失败：{"msg":"您已成团","nowTime":1626043858,"ret":10209}


账号15631692383_p 参加作者lxk0301的团 【uh9rS16uCC9NnTeyQH6c7A==】
参团失败：{"msg":"您已成团","nowTime":1626043859,"ret":10209}


账号15631692383_p 参加作者lxk0301的团 【Ii4-7L-2d9jgLQQOBfijhQ==】
参团失败：{"msg":"您已成团","nowTime":1626043860,"ret":10209}


账号15631692383_p 参加作者lxk0301的团 【wELotb28szuZJYiUn8C7Ug==】
参团失败：{"msg":"您已成团","nowTime":1626043861,"ret":10209}


账号15631692383_p 参加作者lxk0301的团 【xmQ1xSCmgOH3rdPHJxovxg==】
参团失败：{"msg":"您已成团","nowTime":1626043863,"ret":10209}


账号15631692383_p 参加作者lxk0301的团 【LqeWENs6Dg4qFs1KQtTUlQ==】
参团失败：{"msg":"您已成团","nowTime":1626043864,"ret":10209}


账号15631692383_p 参加作者lxk0301的团 【i4d2PuFELT5fjP0KJzcK4w==】
参团失败：{"msg":"您已成团","nowTime":1626043865,"ret":10209}


账号15631692383_p 参加作者lxk0301的团 【2iGxTh9zi-TBBclIgh4DLA==】
参团失败：{"msg":"您已成团","nowTime":1626043866,"ret":10209}


账号15631692383_p 参加作者lxk0301的团 【iye39F6mLVQWEIOgH7_Xsw==】
参团失败：{"msg":"您已成团","nowTime":1626043867,"ret":10209}


账号15631692383_p 参加作者lxk0301的团 【MsI0mWGwNAMevFqNPnaT_g==】
参团失败：{"msg":"您已成团","nowTime":1626043869,"ret":10209}


账号15631692383_p 参加作者lxk0301的团 【2L1GpgtqEfdpXO2YJdGUtg==】
参团失败：{"msg":"活动火爆，请稍后再试~","nowTime":1626043870,"ret":10203}


账号15631692383_p 参加作者lxk0301的团 【BWxL-zqO6GL0lUV8lpjW9Q==】
参团失败：{"msg":"活动火爆，请稍后再试~","nowTime":1626043871,"ret":10203}


账号15631692383_p 参加作者lxk0301的团 【Q2CMDg7Uds1m6jC2CcIryg==】
参团失败：{"msg":"您已成团","nowTime":1626043872,"ret":10209}


账号15631692383_p 参加作者lxk0301的团 【0lLlQ8l33LT_4kLzhwcgug==】
参团失败：{"msg":"您已成团","nowTime":1626043873,"ret":10209}


账号15631692383_p 参加作者lxk0301的团 【DaFc8OKN5BwVBGnWq8RyMA==】
参团失败：{"msg":"您已成团","nowTime":1626043875,"ret":10209}


账号15631692383_p 参加作者lxk0301的团 【r0sqPHAA0UCP6qRJA1Hw6Q==】
参团失败：{"msg":"您已成团","nowTime":1626043876,"ret":10209}


账号15631692383_p 参加作者lxk0301的团 【NNU3my8B_wvngvpRIRr2wg==】
参团失败：{"msg":"您已成团","nowTime":1626043877,"ret":10209}


账号15631692383_p 参加作者lxk0301的团 【_8eT2_LP0mN2endN-FPb6A==】
参团失败：{"msg":"您已成团","nowTime":1626043878,"ret":10209}


账号15631692383_p 参加作者lxk0301的团 【gCQyNYD50eBASkB92ciBiw==】
参团失败：{"msg":"您已成团","nowTime":1626043879,"ret":10209}


账号jd_74a8d71c978d9 参加作者lxk0301的团 【zJ6TLnYgYLsPf1RUtvcMEg==】
参团失败：{"msg":"您已成团","nowTime":1626043904,"ret":10209}


账号jd_74a8d71c978d9 参加作者lxk0301的团 【v4igFYGY5Km7N0vlkrHoiQ==】
参团失败：{"msg":"您已成团","nowTime":1626043905,"ret":10209}


账号jd_74a8d71c978d9 参加作者lxk0301的团 【-8JzZW-k-OusTE6iElsT-w==】
参团失败：{"msg":"您已成团","nowTime":1626043906,"ret":10209}


账号jd_74a8d71c978d9 参加作者lxk0301的团 【uh9rS16uCC9NnTeyQH6c7A==】
参团失败：{"msg":"您已成团","nowTime":1626043907,"ret":10209}


账号jd_74a8d71c978d9 参加作者lxk0301的团 【Ii4-7L-2d9jgLQQOBfijhQ==】
参团失败：{"msg":"您已成团","nowTime":1626043908,"ret":10209}


账号jd_74a8d71c978d9 参加作者lxk0301的团 【wELotb28szuZJYiUn8C7Ug==】
参团失败：{"msg":"您已成团","nowTime":1626043910,"ret":10209}


账号jd_74a8d71c978d9 参加作者lxk0301的团 【xmQ1xSCmgOH3rdPHJxovxg==】
参团失败：{"msg":"您已成团","nowTime":1626043911,"ret":10209}


账号jd_74a8d71c978d9 参加作者lxk0301的团 【LqeWENs6Dg4qFs1KQtTUlQ==】
参团失败：{"msg":"您已成团","nowTime":1626043912,"ret":10209}


账号jd_74a8d71c978d9 参加作者lxk0301的团 【i4d2PuFELT5fjP0KJzcK4w==】
参团失败：{"msg":"您已成团","nowTime":1626043913,"ret":10209}


账号jd_74a8d71c978d9 参加作者lxk0301的团 【2iGxTh9zi-TBBclIgh4DLA==】
参团失败：{"msg":"您已成团","nowTime":1626043914,"ret":10209}


账号jd_74a8d71c978d9 参加作者lxk0301的团 【iye39F6mLVQWEIOgH7_Xsw==】
参团失败：{"msg":"您已成团","nowTime":1626043915,"ret":10209}


账号jd_74a8d71c978d9 参加作者lxk0301的团 【MsI0mWGwNAMevFqNPnaT_g==】
参团失败：{"msg":"您已成团","nowTime":1626043916,"ret":10209}


账号jd_74a8d71c978d9 参加作者lxk0301的团 【2L1GpgtqEfdpXO2YJdGUtg==】
参团失败：{"msg":"您已成团","nowTime":1626043918,"ret":10209}


账号jd_74a8d71c978d9 参加作者lxk0301的团 【BWxL-zqO6GL0lUV8lpjW9Q==】
参团失败：{"msg":"您已成团","nowTime":1626043919,"ret":10209}


账号jd_74a8d71c978d9 参加作者lxk0301的团 【Q2CMDg7Uds1m6jC2CcIryg==】
参团失败：{"msg":"您已成团","nowTime":1626043920,"ret":10209}


账号jd_74a8d71c978d9 参加作者lxk0301的团 【0lLlQ8l33LT_4kLzhwcgug==】
参团失败：{"msg":"您已成团","nowTime":1626043921,"ret":10209}


账号jd_74a8d71c978d9 参加作者lxk0301的团 【DaFc8OKN5BwVBGnWq8RyMA==】
参团失败：{"msg":"您已成团","nowTime":1626043922,"ret":10209}


账号jd_74a8d71c978d9 参加作者lxk0301的团 【r0sqPHAA0UCP6qRJA1Hw6Q==】
参团失败：{"msg":"您已成团","nowTime":1626043923,"ret":10209}


账号jd_74a8d71c978d9 参加作者lxk0301的团 【NNU3my8B_wvngvpRIRr2wg==】
参团失败：{"msg":"您已成团","nowTime":1626043925,"ret":10209}


账号jd_74a8d71c978d9 参加作者lxk0301的团 【_8eT2_LP0mN2endN-FPb6A==】
参团失败：{"msg":"您已成团","nowTime":1626043926,"ret":10209}


账号jd_74a8d71c978d9 参加作者lxk0301的团 【gCQyNYD50eBASkB92ciBiw==】
参团失败：{"msg":"您已成团","nowTime":1626043927,"ret":10209}


🔔京喜工厂, 结束! 🕛 109.709 秒

