
🔔京喜工厂, 开始!

====================共4个京东账号Cookie=========

==================脚本执行- 北京时间(UTC+8)：6/30/2021, 3:50:09 PM=====================

获取签名参数成功！
fp: 4961662721055162
token: tk01w5c751a30a8nL0JYNXNybUVPJTSC11G+kTEUOSDfUR9Y4JrbB9Kl5s/iC5qb1N/rAhTT3B4JMELap704N9b8bryw
enCryptMethodJD: function test(token,fingerprint,timestamp,appId,algo){const random='zrLxk2ZMH9rj';const str=`${token}${fingerprint}${timestamp}${appId}${random}`;return algo.SHA256(str)}
拼团活动ID: 获取成功 bozIUUFcANuUdWpw3QdvPw==

开始获取京喜工厂配置文件

您的互助码选择的是用&隔开

共4个京东账号

您提供了0个账号的京喜工厂助力码


******开始【京东账号1】15631692383_p*********

再加电力可开红包

当前电力：76
当前等级：8

【京东账号1（15631692383_p）的京喜工厂好友互助码】jLuj5y4OynbjOLDt2boGNg==
已投入电力：757800
所需电力：780000
生产进度：97.15%


预计最快还需 【0.13天】生产完毕




你今日还能帮好友打工（0/3）次


【今日招工进度】0/14

今日助力好友机会已耗尽

发电机：当前 217.6 电力，最大值 510 电力

本次发电机电力集满分享后不可获得双倍电力，故现在收取电力

收取电力成功: 共218 
完成任务：共领取218电力
成功投入电力200电力

团活动ID  bozIUUFcANuUdWpw3QdvPw==
团ID  NgUCn1YP2Pbibn28R4PCmg==

今日剩余开团次数：2次

开团情况:1/7


此团未达领取团奖励人数：7人

6/30/2021, 5:51:19 AM参加团主【jLuj5y4OynbjOLDt2boGNg==】失败
6/29/2021, 5:50:38 PM参加团主【jLuj5y4OynbjOLDt2boGNg==】失败
6/30/2021, 12:54:16 AM参加团主【15*3_p】的奖励已经领取成功
6/29/2021, 5:50:30 AM参加团主【jLuj5y4OynbjOLDt2boGNg==】失败
6/28/2021, 4:50:47 PM参加团主【jLuj5y4OynbjOLDt2boGNg==】失败
6/29/2021, 12:53:53 AM参加团主【15*3_p】的奖励已经领取成功
6/28/2021, 4:50:45 AM参加团主【jLuj5y4OynbjOLDt2boGNg==】失败
6/27/2021, 4:50:37 PM参加团主【jLuj5y4OynbjOLDt2boGNg==】失败
6/28/2021, 12:54:13 AM参加团主【15*3_p】的奖励已经领取成功
6/27/2021, 4:50:34 AM参加团主【jLuj5y4OynbjOLDt2boGNg==】失败

  商品名     兑换状态
芒果干    已兑换
芋泥酥6枚    已兑换
冰箱除味剂4盒    已兑换
统一干脆面    兑换超时

【京东账号1】15631692383_p
【生产商品】平板拖把
【当前等级】研究员 8
【生产进度】97.15%
【招工进度】0/14
【收取发电站】收取成功，获得 218 电力
【每日任务】领奖成功，共计 218 电力
【投入电力】投入成功，共计 200 电力
【收取自己零件】获得0电力
【收取好友零件】获得0电力


******开始【京东账号2】jd_74a8d71c978d9*********

再加0.03%电力可开红包

当前电力：70
当前等级：3

【京东账号2（jd_74a8d71c978d9）的京喜工厂好友互助码】hVdButlHZykF-_RZaC6F1w==
已投入电力：9048600
所需电力：9560000
生产进度：94.65%


预计最快还需 【2.96天】生产完毕




你今日还能帮好友打工（3/3）次


【今日招工进度】0/10
由于您第2个京东账号未提供shareCode,将采纳本脚本自带的助力码

开始
第2个京东账号将要助力的好友["gB99tYLjvPcEFloDgamoBw==","7dluIKQMp0bySgcr8AqFgw=="]
助力朋友[gB99tYLjvPcEFloDgamoBw==]失败：亲,好友的工厂的工人已经满员了,不能去好友工厂打工啦!
助力朋友[7dluIKQMp0bySgcr8AqFgw==]失败：亲,好友的工厂的工人已经满员了,不能去好友工厂打工啦!
发电机：当前 337.1 电力，最大值 360 电力

本次发电机电力集满分享后可获得双倍电力，故目前不收取电力

完成任务：共领取0电力
投入失败，电力不足，快去做任务吧~

团活动ID  bozIUUFcANuUdWpw3QdvPw==
团ID  -uXH2OZ8xLG7Cgqu8LkBdQ==

今日剩余开团次数：2次

开团情况:1/7


此团未达领取团奖励人数：7人

6/21/2021, 7:53:48 AM参加团主【hVdButlHZykF-_RZaC6F1w==】失败
6/20/2021, 3:52:04 PM参加团主【hVdButlHZykF-_RZaC6F1w==】失败
6/30/2021, 9:55:32 AM参加团主【hVdButlHZykF-_RZaC6F1w==】失败
6/26/2021, 2:53:39 PM参加团主【hVdButlHZykF-_RZaC6F1w==】失败
6/24/2021, 12:52:21 PM参加团主【hVdButlHZykF-_RZaC6F1w==】失败

  商品名     兑换状态
不锈钢多用盆    已兑换

【京东账号2】jd_74a8d71c978d9
【生产商品】平板拖把
【当前等级】金牌学徒 3
【生产进度】94.65%
【招工进度】0/10
【发电机电力】当前 337.1 电力，未达到收获标准
【每日任务】领奖成功，共计 0 电力
【投入电力】投入失败，电力不足，快去做任务吧~
【收取自己零件】获得0电力
【收取好友零件】获得0电力


******开始【京东账号3】chao4596758*********

【提示】京东账号3[chao4596758]京喜工厂活动未开始
请手动去京东APP->游戏与互动->查看更多->京喜工厂 开启活动



你今日还能帮好友打工（3/3）次


【今日招工进度】0/8
由于您第3个京东账号未提供shareCode,将采纳本脚本自带的助力码

开始
第3个京东账号将要助力的好友["-OvElMzqeyeGBWazWYjI1Q=="]
助力朋友[-OvElMzqeyeGBWazWYjI1Q==]失败：好友存储电力已达上限,暂不可打工哦~
"Timeout awaiting 'request' for 10000ms"
京喜工厂 API请求失败，请检查网路重试

******开始【京东账号4】jd_46df9eaa780aa*********

【提示】京东账号4[jd_46df9eaa780aa]京喜工厂活动未开始
请手动去京东APP->游戏与互动->查看更多->京喜工厂 开启活动



你今日还能帮好友打工（3/3）次


【今日招工进度】0/8
由于您第4个京东账号未提供shareCode,将采纳本脚本自带的助力码

开始
第4个京东账号将要助力的好友["GFwo6PntxDHH95ZRzZ5uAg=="]
助力朋友[GFwo6PntxDHH95ZRzZ5uAg==]失败：亲,好友的工厂的工人已经满员了,不能去好友工厂打工啦!
"Timeout awaiting 'request' for 10000ms"
京喜工厂 API请求失败，请检查网路重试
"Timeout awaiting 'request' for 10000ms"
京喜工厂 API请求失败，请检查网路重试

账号15631692383_p 参加作者lxk0301的团 【5Hb-6SfNOoma4hgfsRut3A==】
参团失败：{"msg":"您已成团","nowTime":1625039501,"ret":10209}


账号15631692383_p 参加作者lxk0301的团 【LtRUC5i4DpY6UO_-raF_rA==】
参团失败：{"msg":"您已成团","nowTime":1625039507,"ret":10209}


账号15631692383_p 参加作者lxk0301的团 【v8_1h9NDjf-TDJSIwT9IlA==】
参团失败：{"msg":"您已成团","nowTime":1625039508,"ret":10209}


账号15631692383_p 参加作者lxk0301的团 【wUdsXUAulBmcZONh7uiEBA==】
参团失败：{"msg":"您已成团","nowTime":1625039509,"ret":10209}


账号15631692383_p 参加作者lxk0301的团 【t2PaujI3peXpQXoErEnlOg==】
参团失败：{"msg":"您已成团","nowTime":1625039511,"ret":10209}


账号15631692383_p 参加作者lxk0301的团 【X_L-dwx8rgArQNQckhka5w==】
参团失败：{"msg":"您已成团","nowTime":1625039512,"ret":10209}


账号15631692383_p 参加作者lxk0301的团 【iOm2D9rUO_-ilxraNZAuqw==】
参团失败：{"msg":"您已成团","nowTime":1625039513,"ret":10209}


账号15631692383_p 参加作者lxk0301的团 【rEmgQfdfAL3SQAS1bP843A==】
参团失败：{"msg":"您已成团","nowTime":1625039514,"ret":10209}


账号15631692383_p 参加作者lxk0301的团 【KKRl95qxwSye_YHQ5YUGRg==】
参团失败：{"msg":"您已成团","nowTime":1625039515,"ret":10209}


账号15631692383_p 参加作者lxk0301的团 【7VFrD6b70o5bN7-8zZvZww==】
参团失败：{"msg":"您已成团","nowTime":1625039516,"ret":10209}


账号15631692383_p 参加作者lxk0301的团 【GIazjlu0pPLpAb0U6wX39Q==】
参团失败：{"msg":"您已成团","nowTime":1625039518,"ret":10209}


账号15631692383_p 参加作者lxk0301的团 【po5UOimzRyOnKWLabc5U-Q==】
参团失败：{"msg":"您已成团","nowTime":1625039519,"ret":10209}


账号jd_74a8d71c978d9 参加作者lxk0301的团 【5Hb-6SfNOoma4hgfsRut3A==】
参团失败：{"msg":"您已成团","nowTime":1625039554,"ret":10209}


账号jd_74a8d71c978d9 参加作者lxk0301的团 【LtRUC5i4DpY6UO_-raF_rA==】
参团失败：{"msg":"您已成团","nowTime":1625039555,"ret":10209}


账号jd_74a8d71c978d9 参加作者lxk0301的团 【v8_1h9NDjf-TDJSIwT9IlA==】
参团失败：{"msg":"您已成团","nowTime":1625039556,"ret":10209}


账号jd_74a8d71c978d9 参加作者lxk0301的团 【wUdsXUAulBmcZONh7uiEBA==】
参团失败：{"msg":"您已成团","nowTime":1625039557,"ret":10209}


账号jd_74a8d71c978d9 参加作者lxk0301的团 【t2PaujI3peXpQXoErEnlOg==】
参团失败：{"msg":"您已成团","nowTime":1625039558,"ret":10209}


账号jd_74a8d71c978d9 参加作者lxk0301的团 【X_L-dwx8rgArQNQckhka5w==】
参团失败：{"msg":"您已成团","nowTime":1625039559,"ret":10209}


账号jd_74a8d71c978d9 参加作者lxk0301的团 【iOm2D9rUO_-ilxraNZAuqw==】
参团失败：{"msg":"您已成团","nowTime":1625039561,"ret":10209}


账号jd_74a8d71c978d9 参加作者lxk0301的团 【rEmgQfdfAL3SQAS1bP843A==】
参团失败：{"msg":"您已成团","nowTime":1625039562,"ret":10209}


账号jd_74a8d71c978d9 参加作者lxk0301的团 【KKRl95qxwSye_YHQ5YUGRg==】
参团失败：{"msg":"您已成团","nowTime":1625039563,"ret":10209}


账号jd_74a8d71c978d9 参加作者lxk0301的团 【7VFrD6b70o5bN7-8zZvZww==】
参团失败：{"msg":"您已成团","nowTime":1625039564,"ret":10209}


账号jd_74a8d71c978d9 参加作者lxk0301的团 【GIazjlu0pPLpAb0U6wX39Q==】
参团失败：{"msg":"您已成团","nowTime":1625039565,"ret":10209}


账号jd_74a8d71c978d9 参加作者lxk0301的团 【po5UOimzRyOnKWLabc5U-Q==】
参团失败：{"msg":"您已成团","nowTime":1625039566,"ret":10209}


账号chao4596758 参加作者lxk0301的团 【5Hb-6SfNOoma4hgfsRut3A==】
参团失败：{"msg":"您已成团","nowTime":1625039601,"ret":10209}


账号chao4596758 参加作者lxk0301的团 【LtRUC5i4DpY6UO_-raF_rA==】
参团失败：{"msg":"您已成团","nowTime":1625039602,"ret":10209}


账号chao4596758 参加作者lxk0301的团 【v8_1h9NDjf-TDJSIwT9IlA==】
参团失败：{"msg":"您已成团","nowTime":1625039603,"ret":10209}


账号chao4596758 参加作者lxk0301的团 【wUdsXUAulBmcZONh7uiEBA==】
参团失败：{"msg":"您已成团","nowTime":1625039605,"ret":10209}


账号chao4596758 参加作者lxk0301的团 【t2PaujI3peXpQXoErEnlOg==】
参团失败：{"msg":"您已成团","nowTime":1625039606,"ret":10209}


账号chao4596758 参加作者lxk0301的团 【X_L-dwx8rgArQNQckhka5w==】
参团失败：{"msg":"您已成团","nowTime":1625039607,"ret":10209}


账号chao4596758 参加作者lxk0301的团 【iOm2D9rUO_-ilxraNZAuqw==】
参团失败：{"msg":"您已成团","nowTime":1625039613,"ret":10209}


账号chao4596758 参加作者lxk0301的团 【rEmgQfdfAL3SQAS1bP843A==】
参团失败：{"msg":"您已成团","nowTime":1625039614,"ret":10209}


账号chao4596758 参加作者lxk0301的团 【KKRl95qxwSye_YHQ5YUGRg==】
参团失败：{"msg":"您已成团","nowTime":1625039615,"ret":10209}


账号chao4596758 参加作者lxk0301的团 【7VFrD6b70o5bN7-8zZvZww==】
参团失败：{"msg":"您已成团","nowTime":1625039616,"ret":10209}


账号chao4596758 参加作者lxk0301的团 【GIazjlu0pPLpAb0U6wX39Q==】
参团失败：{"msg":"您已成团","nowTime":1625039618,"ret":10209}


账号chao4596758 参加作者lxk0301的团 【po5UOimzRyOnKWLabc5U-Q==】
参团失败：{"msg":"您已成团","nowTime":1625039619,"ret":10209}


账号jd_46df9eaa780aa 参加作者lxk0301的团 【5Hb-6SfNOoma4hgfsRut3A==】
参团失败：{"msg":"您已成团","nowTime":1625039665,"ret":10209}


账号jd_46df9eaa780aa 参加作者lxk0301的团 【LtRUC5i4DpY6UO_-raF_rA==】
参团失败：{"msg":"您已成团","nowTime":1625039666,"ret":10209}


账号jd_46df9eaa780aa 参加作者lxk0301的团 【v8_1h9NDjf-TDJSIwT9IlA==】
参团失败：{"msg":"您已成团","nowTime":1625039667,"ret":10209}


账号jd_46df9eaa780aa 参加作者lxk0301的团 【wUdsXUAulBmcZONh7uiEBA==】
参团失败：{"msg":"活动火爆，请稍后再试~","nowTime":1625039669,"ret":10203}


账号jd_46df9eaa780aa 参加作者lxk0301的团 【t2PaujI3peXpQXoErEnlOg==】
参团失败：{"msg":"您已成团","nowTime":1625039670,"ret":10209}


账号jd_46df9eaa780aa 参加作者lxk0301的团 【X_L-dwx8rgArQNQckhka5w==】
参团失败：{"msg":"您已成团","nowTime":1625039671,"ret":10209}


账号jd_46df9eaa780aa 参加作者lxk0301的团 【iOm2D9rUO_-ilxraNZAuqw==】
参团失败：{"msg":"您已成团","nowTime":1625039672,"ret":10209}


账号jd_46df9eaa780aa 参加作者lxk0301的团 【rEmgQfdfAL3SQAS1bP843A==】
参团失败：{"msg":"您已成团","nowTime":1625039673,"ret":10209}


账号jd_46df9eaa780aa 参加作者lxk0301的团 【KKRl95qxwSye_YHQ5YUGRg==】
参团失败：{"msg":"您已成团","nowTime":1625039674,"ret":10209}


账号jd_46df9eaa780aa 参加作者lxk0301的团 【7VFrD6b70o5bN7-8zZvZww==】
参团失败：{"msg":"您已成团","nowTime":1625039676,"ret":10209}


账号jd_46df9eaa780aa 参加作者lxk0301的团 【GIazjlu0pPLpAb0U6wX39Q==】
参团失败：{"msg":"您已成团","nowTime":1625039677,"ret":10209}


账号jd_46df9eaa780aa 参加作者lxk0301的团 【po5UOimzRyOnKWLabc5U-Q==】
参团失败：{"msg":"您已成团","nowTime":1625039678,"ret":10209}


🔔京喜工厂, 结束! 🕛 269.947 秒

