
🔔京喜工厂, 开始!

====================共4个京东账号Cookie=========

==================脚本执行- 北京时间(UTC+8)：6/30/2021, 1:50:53 PM=====================

获取签名参数成功！
fp: 6219204140754162
token: tk01w9cc21c35a8nS050bnF6V3pwb9r8LO5KXwKochzQ7JYvun0R7hVN+1dw3jCnwHgCfMZyfkvjf7Hg/WGpxk7RN2jW
enCryptMethodJD: function test(token,fingerprint,timestamp,appId,algo){const random='D5nHnakHMN1Z';const str=`${token}${fingerprint}${timestamp}${appId}${random}`;return algo.HmacSHA256(str,token)}
拼团活动ID: 获取成功 bozIUUFcANuUdWpw3QdvPw==

开始获取京喜工厂配置文件

您的互助码选择的是用&隔开

共4个京东账号

您提供了0个账号的京喜工厂助力码


******开始【京东账号1】15631692383_p*********

再加电力可开红包

当前电力：78
当前等级：8

【京东账号1（15631692383_p）的京喜工厂好友互助码】jLuj5y4OynbjOLDt2boGNg==
已投入电力：757300
所需电力：780000
生产进度：97.09%


预计最快还需 【0.13天】生产完毕




你今日还能帮好友打工（0/3）次


【今日招工进度】0/14

今日助力好友机会已耗尽

发电机：当前 1.3 电力，最大值 510 电力

本次发电机电力集满分享后不可获得双倍电力，故现在收取电力

收取电力成功: 共1 
完成任务：共领取1电力
投入失败，电力不足，快去做任务吧~

团活动ID  bozIUUFcANuUdWpw3QdvPw==
团ID  NgUCn1YP2Pbibn28R4PCmg==

今日剩余开团次数：2次

开团情况:1/7


此团未达领取团奖励人数：7人

6/30/2021, 5:51:19 AM参加团主【jLuj5y4OynbjOLDt2boGNg==】失败
6/29/2021, 5:50:38 PM参加团主【jLuj5y4OynbjOLDt2boGNg==】失败
6/30/2021, 12:54:16 AM参加团主【15*3_p】的奖励已经领取成功
6/29/2021, 5:50:30 AM参加团主【jLuj5y4OynbjOLDt2boGNg==】失败
6/28/2021, 4:50:47 PM参加团主【jLuj5y4OynbjOLDt2boGNg==】失败
6/29/2021, 12:53:53 AM参加团主【15*3_p】的奖励已经领取成功
6/28/2021, 4:50:45 AM参加团主【jLuj5y4OynbjOLDt2boGNg==】失败
6/27/2021, 4:50:37 PM参加团主【jLuj5y4OynbjOLDt2boGNg==】失败
6/28/2021, 12:54:13 AM参加团主【15*3_p】的奖励已经领取成功
6/27/2021, 4:50:34 AM参加团主【jLuj5y4OynbjOLDt2boGNg==】失败

  商品名     兑换状态
芒果干    已兑换
芋泥酥6枚    已兑换
冰箱除味剂4盒    已兑换
统一干脆面    兑换超时

【京东账号1】15631692383_p
【生产商品】平板拖把
【当前等级】研究员 8
【生产进度】97.09%
【招工进度】0/14
【收取发电站】收取成功，获得 1 电力
【每日任务】领奖成功，共计 1 电力
【投入电力】投入失败，电力不足，快去做任务吧~
【收取自己零件】获得0电力
【收取好友零件】获得0电力


******开始【京东账号2】Ycp_Dream*********

再加0.05%电力可开红包

当前电力：30
当前等级：3

【京东账号2（jd_74a8d71c978d9）的京喜工厂好友互助码】hVdButlHZykF-_RZaC6F1w==
已投入电力：9046700
所需电力：9560000
生产进度：94.63%


预计最快还需 【2.97天】生产完毕




你今日还能帮好友打工（3/3）次


【今日招工进度】0/10
由于您第2个京东账号未提供shareCode,将采纳本脚本自带的助力码

开始
第2个京东账号将要助力的好友["gB99tYLjvPcEFloDgamoBw==","7dluIKQMp0bySgcr8AqFgw=="]
助力朋友[gB99tYLjvPcEFloDgamoBw==]失败：亲,好友的工厂的工人已经满员了,不能去好友工厂打工啦!
助力朋友[7dluIKQMp0bySgcr8AqFgw==]失败：亲,好友的工厂的工人已经满员了,不能去好友工厂打工啦!
发电机：当前 360 电力，最大值 360 电力
发电机：电力可翻倍并收获
收取电力成功: 共720 
任务：今日收取发电机电力可完成
领取今日收取发电机电力任务奖励成功，收获：500电力
完成任务：共领取1220电力
成功投入电力1200电力

团活动ID  bozIUUFcANuUdWpw3QdvPw==
团ID  -uXH2OZ8xLG7Cgqu8LkBdQ==

今日剩余开团次数：2次

开团情况:1/7


此团未达领取团奖励人数：7人

6/21/2021, 7:53:48 AM参加团主【hVdButlHZykF-_RZaC6F1w==】失败
6/20/2021, 3:52:04 PM参加团主【hVdButlHZykF-_RZaC6F1w==】失败
6/30/2021, 9:55:32 AM参加团主【hVdButlHZykF-_RZaC6F1w==】失败
6/26/2021, 2:53:39 PM参加团主【hVdButlHZykF-_RZaC6F1w==】失败
6/24/2021, 12:52:21 PM参加团主【hVdButlHZykF-_RZaC6F1w==】失败

  商品名     兑换状态
不锈钢多用盆    已兑换

【京东账号2】Ycp_Dream
【生产商品】平板拖把
【当前等级】金牌学徒 3
【生产进度】94.63%
【招工进度】0/10
【收取发电站】收取成功，获得 720 电力
【每日任务】领奖成功，共计 1220 电力
【投入电力】投入成功，共计 1200 电力
【收取自己零件】获得0电力
【收取好友零件】获得0电力


******开始【京东账号3】chao4596758*********

【提示】京东账号3[chao4596758]京喜工厂活动未开始
请手动去京东APP->游戏与互动->查看更多->京喜工厂 开启活动



你今日还能帮好友打工（3/3）次


【今日招工进度】0/8
由于您第3个京东账号未提供shareCode,将采纳本脚本自带的助力码

开始
第3个京东账号将要助力的好友["-OvElMzqeyeGBWazWYjI1Q=="]
"Timeout awaiting 'request' for 10000ms"
京喜工厂 API请求失败，请检查网路重试
助力朋友[-OvElMzqeyeGBWazWYjI1Q==]失败：好友存储电力已达上限,暂不可打工哦~

******开始【京东账号4】jd_46df9eaa780aa*********

【提示】京东账号4[jd_46df9eaa780aa]京喜工厂活动未开始
请手动去京东APP->游戏与互动->查看更多->京喜工厂 开启活动



你今日还能帮好友打工（3/3）次


【今日招工进度】0/8
由于您第4个京东账号未提供shareCode,将采纳本脚本自带的助力码

开始
第4个京东账号将要助力的好友["GFwo6PntxDHH95ZRzZ5uAg=="]
助力朋友[GFwo6PntxDHH95ZRzZ5uAg==]失败：亲,好友的工厂的工人已经满员了,不能去好友工厂打工啦!
"Timeout awaiting 'request' for 10000ms"
京喜工厂 API请求失败，请检查网路重试
"Timeout awaiting 'request' for 10000ms"
京喜工厂 API请求失败，请检查网路重试

账号15631692383_p 参加作者lxk0301的团 【J5-wOkWbeEyhR-G9ZLFaDw==】
参团失败：{"msg":"您已成团","nowTime":1625032356,"ret":10209}


账号15631692383_p 参加作者lxk0301的团 【yCmQnKi2PHNBOPt0gmjQ0w==】
参团失败：{"msg":"您已成团","nowTime":1625032357,"ret":10209}


账号15631692383_p 参加作者lxk0301的团 【yeQfS0yoXXUIn8HealpA7g==】
参团失败：{"msg":"您已成团","nowTime":1625032358,"ret":10209}


账号15631692383_p 参加作者lxk0301的团 【FAPVsLeyhKWdATKP-q12SA==】
参团失败：{"msg":"您已成团","nowTime":1625032359,"ret":10209}


账号15631692383_p 参加作者lxk0301的团 【JlsgqU8qOBWi4OCixHiGMQ==】
参团失败：{"msg":"您已成团","nowTime":1625032360,"ret":10209}


账号15631692383_p 参加作者lxk0301的团 【fkLH2Rtgpz2dws5hRzrc3g==】
参团失败：{"msg":"您已成团","nowTime":1625032361,"ret":10209}


账号15631692383_p 参加作者lxk0301的团 【dvRPLFCcS_9ZblOJEaSX5w==】
参团失败：{"msg":"您已成团","nowTime":1625032363,"ret":10209}


账号15631692383_p 参加作者lxk0301的团 【LmbX3UxVUIBlZ3h9UGqOkA==】
参团失败：{"msg":"您已成团","nowTime":1625032364,"ret":10209}


账号15631692383_p 参加作者lxk0301的团 【U3ooU6gisMKfTCLg6E1wag==】
参团失败：{"msg":"您已成团","nowTime":1625032365,"ret":10209}


账号15631692383_p 参加作者lxk0301的团 【_T3opYFZWenM19UH3l8S4Q==】
参团失败：{"msg":"您已成团","nowTime":1625032366,"ret":10209}


账号15631692383_p 参加作者lxk0301的团 【L0urEC_F2t3tHH4dmuFS4w==】
参团失败：{"msg":"您已成团","nowTime":1625032367,"ret":10209}


账号15631692383_p 参加作者lxk0301的团 【7jPtJ2JL6_h0ffd7yEpvUQ==】
参团失败：{"msg":"您已成团","nowTime":1625032369,"ret":10209}


账号15631692383_p 参加作者lxk0301的团 【lNYSZ3NZXMM1zbw-2HCBrg==】
参团失败：{"msg":"您已成团","nowTime":1625032370,"ret":10209}


账号15631692383_p 参加作者lxk0301的团 【jGWeQYMfmZGttkMj5X3fjw==】
参团失败：{"msg":"您已成团","nowTime":1625032371,"ret":10209}


账号15631692383_p 参加作者lxk0301的团 【aOtiCp4p9AVWCY8BaIn28g==】
参团失败：{"msg":"您已成团","nowTime":1625032372,"ret":10209}


账号jd_74a8d71c978d9 参加作者lxk0301的团 【5Hb-6SfNOoma4hgfsRut3A==】
参团失败：{"msg":"您已成团","nowTime":1625032394,"ret":10209}


账号jd_74a8d71c978d9 参加作者lxk0301的团 【LtRUC5i4DpY6UO_-raF_rA==】
参团失败：{"msg":"您已成团","nowTime":1625032395,"ret":10209}


账号jd_74a8d71c978d9 参加作者lxk0301的团 【v8_1h9NDjf-TDJSIwT9IlA==】
参团失败：{"msg":"您已成团","nowTime":1625032403,"ret":10209}


账号jd_74a8d71c978d9 参加作者lxk0301的团 【wUdsXUAulBmcZONh7uiEBA==】
参团失败：{"msg":"您已成团","nowTime":1625032404,"ret":10209}


账号jd_74a8d71c978d9 参加作者lxk0301的团 【t2PaujI3peXpQXoErEnlOg==】
参团失败：{"msg":"您已成团","nowTime":1625032405,"ret":10209}


账号jd_74a8d71c978d9 参加作者lxk0301的团 【X_L-dwx8rgArQNQckhka5w==】
参团失败：{"msg":"您已成团","nowTime":1625032407,"ret":10209}


账号jd_74a8d71c978d9 参加作者lxk0301的团 【iOm2D9rUO_-ilxraNZAuqw==】
参团失败：{"msg":"您已成团","nowTime":1625032408,"ret":10209}


账号jd_74a8d71c978d9 参加作者lxk0301的团 【rEmgQfdfAL3SQAS1bP843A==】
参团失败：{"msg":"您已成团","nowTime":1625032409,"ret":10209}


账号jd_74a8d71c978d9 参加作者lxk0301的团 【KKRl95qxwSye_YHQ5YUGRg==】
参团失败：{"msg":"您已成团","nowTime":1625032411,"ret":10209}


账号jd_74a8d71c978d9 参加作者lxk0301的团 【7VFrD6b70o5bN7-8zZvZww==】
参团失败：{"msg":"您已成团","nowTime":1625032412,"ret":10209}


账号jd_74a8d71c978d9 参加作者lxk0301的团 【GIazjlu0pPLpAb0U6wX39Q==】
参团失败：{"msg":"您已成团","nowTime":1625032418,"ret":10209}


账号jd_74a8d71c978d9 参加作者lxk0301的团 【po5UOimzRyOnKWLabc5U-Q==】
参团失败：{"msg":"您已成团","nowTime":1625032420,"ret":10209}


账号chao4596758 参加作者lxk0301的团 【5Hb-6SfNOoma4hgfsRut3A==】
参团失败：{"msg":"您已成团","nowTime":1625032449,"ret":10209}


账号chao4596758 参加作者lxk0301的团 【LtRUC5i4DpY6UO_-raF_rA==】
参团失败：{"msg":"您已成团","nowTime":1625032450,"ret":10209}


账号chao4596758 参加作者lxk0301的团 【v8_1h9NDjf-TDJSIwT9IlA==】
参团失败：{"msg":"您已成团","nowTime":1625032451,"ret":10209}


账号chao4596758 参加作者lxk0301的团 【wUdsXUAulBmcZONh7uiEBA==】
参团失败：{"msg":"您已成团","nowTime":1625032453,"ret":10209}


账号chao4596758 参加作者lxk0301的团 【t2PaujI3peXpQXoErEnlOg==】
参团失败：{"msg":"您已成团","nowTime":1625032459,"ret":10209}


账号chao4596758 参加作者lxk0301的团 【X_L-dwx8rgArQNQckhka5w==】
参团失败：{"msg":"您已成团","nowTime":1625032470,"ret":10209}


账号chao4596758 参加作者lxk0301的团 【iOm2D9rUO_-ilxraNZAuqw==】
参团失败：{"msg":"您已成团","nowTime":1625032471,"ret":10209}


账号chao4596758 参加作者lxk0301的团 【rEmgQfdfAL3SQAS1bP843A==】
参团失败：{"msg":"您已成团","nowTime":1625032472,"ret":10209}


账号chao4596758 参加作者lxk0301的团 【KKRl95qxwSye_YHQ5YUGRg==】
参团失败：{"msg":"您已成团","nowTime":1625032473,"ret":10209}


账号chao4596758 参加作者lxk0301的团 【7VFrD6b70o5bN7-8zZvZww==】
参团失败：{"msg":"您已成团","nowTime":1625032475,"ret":10209}


账号chao4596758 参加作者lxk0301的团 【GIazjlu0pPLpAb0U6wX39Q==】
参团失败：{"msg":"您已成团","nowTime":1625032476,"ret":10209}


账号chao4596758 参加作者lxk0301的团 【po5UOimzRyOnKWLabc5U-Q==】
参团失败：{"msg":"您已成团","nowTime":1625032477,"ret":10209}


账号jd_46df9eaa780aa 参加作者lxk0301的团 【5Hb-6SfNOoma4hgfsRut3A==】
参团失败：{"msg":"您已成团","nowTime":1625032505,"ret":10209}


账号jd_46df9eaa780aa 参加作者lxk0301的团 【LtRUC5i4DpY6UO_-raF_rA==】
参团失败：{"msg":"您已成团","nowTime":1625032507,"ret":10209}


账号jd_46df9eaa780aa 参加作者lxk0301的团 【v8_1h9NDjf-TDJSIwT9IlA==】
参团失败：{"msg":"您已成团","nowTime":1625032508,"ret":10209}


账号jd_46df9eaa780aa 参加作者lxk0301的团 【wUdsXUAulBmcZONh7uiEBA==】
参团失败：{"msg":"您已成团","nowTime":1625032509,"ret":10209}


账号jd_46df9eaa780aa 参加作者lxk0301的团 【t2PaujI3peXpQXoErEnlOg==】
参团失败：{"msg":"您已成团","nowTime":1625032510,"ret":10209}


账号jd_46df9eaa780aa 参加作者lxk0301的团 【X_L-dwx8rgArQNQckhka5w==】
参团失败：{"msg":"您已成团","nowTime":1625032512,"ret":10209}


账号jd_46df9eaa780aa 参加作者lxk0301的团 【iOm2D9rUO_-ilxraNZAuqw==】
参团失败：{"msg":"您已成团","nowTime":1625032513,"ret":10209}


账号jd_46df9eaa780aa 参加作者lxk0301的团 【rEmgQfdfAL3SQAS1bP843A==】
参团失败：{"msg":"您已成团","nowTime":1625032524,"ret":10209}


账号jd_46df9eaa780aa 参加作者lxk0301的团 【KKRl95qxwSye_YHQ5YUGRg==】
参团失败：{"msg":"您已成团","nowTime":1625032525,"ret":10209}


账号jd_46df9eaa780aa 参加作者lxk0301的团 【7VFrD6b70o5bN7-8zZvZww==】
参团失败：{"msg":"您已成团","nowTime":1625032526,"ret":10209}


账号jd_46df9eaa780aa 参加作者lxk0301的团 【GIazjlu0pPLpAb0U6wX39Q==】
参团失败：{"msg":"您已成团","nowTime":1625032528,"ret":10209}


账号jd_46df9eaa780aa 参加作者lxk0301的团 【po5UOimzRyOnKWLabc5U-Q==】
参团失败：{"msg":"您已成团","nowTime":1625032529,"ret":10209}


🔔京喜工厂, 结束! 🕛 277.181 秒

