
🔔京喜工厂, 开始!

====================共4个京东账号Cookie=========

==================脚本执行- 北京时间(UTC+8)：6/30/2021, 9:54:18 AM=====================

获取签名参数成功！
fp: 0240096340607162
token: tk01w8dbe1b7ca8nbkQ2Kzc0a0d6ZUNQ6i7IV+0HrgLV+ywXVMdA6GwM0EyvbKsyT08mKOiq0h+cJlmeuoZh91G/OgBG
enCryptMethodJD: function test(token,fingerprint,timestamp,appId,algo){const random='Y52Enoc54U8K';const str=`${token}${fingerprint}${timestamp}${appId}${random}`;return algo.HmacMD5(str,token)}
拼团活动ID: 获取成功 bozIUUFcANuUdWpw3QdvPw==

开始获取京喜工厂配置文件

您的互助码选择的是用&隔开

共4个京东账号

您提供了0个账号的京喜工厂助力码


******开始【京东账号1】15631692383_p*********

再加0.20%电力可开红包

当前电力：18
当前等级：8

【京东账号1（15631692383_p）的京喜工厂好友互助码】jLuj5y4OynbjOLDt2boGNg==
已投入电力：753800
所需电力：780000
生产进度：96.64%


预计最快还需 【0.15天】生产完毕




你今日还能帮好友打工（0/3）次


【今日招工进度】0/14

今日助力好友机会已耗尽

发电机：当前 290.6 电力，最大值 510 电力

本次发电机电力集满分享后可获得双倍电力，故目前不收取电力

完成任务：共领取0电力
投入失败，电力不足，快去做任务吧~

团活动ID  bozIUUFcANuUdWpw3QdvPw==
团ID  NgUCn1YP2Pbibn28R4PCmg==

今日剩余开团次数：2次

开团情况:1/7


此团未达领取团奖励人数：7人

6/30/2021, 5:51:19 AM参加团主【jLuj5y4OynbjOLDt2boGNg==】失败
6/29/2021, 5:50:38 PM参加团主【jLuj5y4OynbjOLDt2boGNg==】失败
6/30/2021, 12:54:16 AM参加团主【15*3_p】的奖励已经领取成功
6/29/2021, 5:50:30 AM参加团主【jLuj5y4OynbjOLDt2boGNg==】失败
6/28/2021, 4:50:47 PM参加团主【jLuj5y4OynbjOLDt2boGNg==】失败
6/29/2021, 12:53:53 AM参加团主【15*3_p】的奖励已经领取成功
6/28/2021, 4:50:45 AM参加团主【jLuj5y4OynbjOLDt2boGNg==】失败
6/27/2021, 4:50:37 PM参加团主【jLuj5y4OynbjOLDt2boGNg==】失败
6/28/2021, 12:54:13 AM参加团主【15*3_p】的奖励已经领取成功
6/27/2021, 4:50:34 AM参加团主【jLuj5y4OynbjOLDt2boGNg==】失败

  商品名     兑换状态
芒果干    已兑换
芋泥酥6枚    已兑换
冰箱除味剂4盒    已兑换
统一干脆面    兑换超时

【京东账号1】15631692383_p
【生产商品】平板拖把
【当前等级】研究员 8
【生产进度】96.64%
【招工进度】0/14
【发电机电力】当前 290.6 电力，未达到收获标准
【每日任务】领奖成功，共计 0 电力
【投入电力】投入失败，电力不足，快去做任务吧~
【收取自己零件】获得0电力
【收取好友零件】获得0电力


******开始【京东账号2】Ycp_Dream*********

再加0.13%电力可开红包

当前电力：90
当前等级：3

【京东账号2（jd_74a8d71c978d9）的京喜工厂好友互助码】hVdButlHZykF-_RZaC6F1w==
已投入电力：9039400
所需电力：9560000
生产进度：94.55%


预计最快还需 【3.01天】生产完毕




你今日还能帮好友打工（3/3）次


【今日招工进度】0/10
由于您第2个京东账号未提供shareCode,将采纳本脚本自带的助力码

开始
第2个京东账号将要助力的好友["gB99tYLjvPcEFloDgamoBw==","7dluIKQMp0bySgcr8AqFgw=="]
助力朋友[gB99tYLjvPcEFloDgamoBw==]失败：亲,好友的工厂的工人已经满员了,不能去好友工厂打工啦!
助力朋友[7dluIKQMp0bySgcr8AqFgw==]失败：亲,好友的工厂的工人已经满员了,不能去好友工厂打工啦!
发电机：当前 360 电力，最大值 360 电力
发电机：电力可翻倍并收获
收取电力成功: 共720 
任务：每日开工打卡可完成
领取每日开工打卡任务奖励成功，收获：800电力
去做任务：上集市做调研30s
做任务完成！
领取上集市做调研30s任务奖励成功，收获：300电力
去做任务：上集市做调研30s
DoTask异常：{"data":{"awardStatus":1,"completedTimes":1,"dateTypeExtra":"20210630","updateTime":1625018097,"userStatusConfigExtra":""},"msg":"亲,活动太火爆了,请稍后再试吧!","ret":1009}
领取上集市做调研30s任务奖励失败，任务已领奖
任务：登录APP领取奖励可完成
领取登录APP领取奖励任务奖励成功，收获：2500电力
去做任务：去签到，可领现金,每日签到领红包
做任务完成！
领取去签到，可领现金,每日签到领红包任务奖励成功，收获：100电力
去做任务：去签到，可领现金,每日签到领红包
做任务完成！
领取去签到，可领现金,每日签到领红包任务奖励成功，收获：100电力
去做任务：去签到，可领现金,每日签到领红包
DoTask异常：{"data":{"awardStatus":1,"completedTimes":2,"dateTypeExtra":"20210630","updateTime":1625018103,"userStatusConfigExtra":""},"msg":"亲,活动太火爆了,请稍后再试吧!","ret":1009}
领取去签到，可领现金,每日签到领红包任务奖励失败，任务已领奖
去做任务：从首页“领免费商品”进工厂,8.9元抢金龙鱼油,5.4元抢抽纸6包,4.9买佳洁士牙膏,限时9.9元秒
做任务完成！
领取从首页“领免费商品”进工厂,8.9元抢金龙鱼油,5.4元抢抽纸6包,4.9买佳洁士牙膏,限时9.9元秒任务奖励成功，收获：300电力
去做任务：从首页“领免费商品”进工厂,8.9元抢金龙鱼油,5.4元抢抽纸6包,4.9买佳洁士牙膏,限时9.9元秒
做任务完成！
领取从首页“领免费商品”进工厂,8.9元抢金龙鱼油,5.4元抢抽纸6包,4.9买佳洁士牙膏,限时9.9元秒任务奖励成功，收获：300电力
去做任务：从首页“领免费商品”进工厂,8.9元抢金龙鱼油,5.4元抢抽纸6包,4.9买佳洁士牙膏,限时9.9元秒
做任务完成！
领取从首页“领免费商品”进工厂,8.9元抢金龙鱼油,5.4元抢抽纸6包,4.9买佳洁士牙膏,限时9.9元秒任务奖励成功，收获：300电力
去做任务：从首页“领免费商品”进工厂,8.9元抢金龙鱼油,5.4元抢抽纸6包,4.9买佳洁士牙膏,限时9.9元秒
做任务完成！
领取从首页“领免费商品”进工厂,8.9元抢金龙鱼油,5.4元抢抽纸6包,4.9买佳洁士牙膏,限时9.9元秒任务奖励成功，收获：300电力
去做任务：从首页“领免费商品”进工厂,8.9元抢金龙鱼油,5.4元抢抽纸6包,4.9买佳洁士牙膏,限时9.9元秒
做任务完成！
领取从首页“领免费商品”进工厂,8.9元抢金龙鱼油,5.4元抢抽纸6包,4.9买佳洁士牙膏,限时9.9元秒任务奖励成功，收获：300电力
去做任务：从首页“领免费商品”进工厂,8.9元抢金龙鱼油,5.4元抢抽纸6包,4.9买佳洁士牙膏,限时9.9元秒
DoTask异常：{"data":{"awardStatus":1,"completedTimes":5,"dateTypeExtra":"20210630","updateTime":1625018113,"userStatusConfigExtra":""},"msg":"亲,活动太火爆了,请稍后再试吧!","ret":1009}
领取从首页“领免费商品”进工厂,8.9元抢金龙鱼油,5.4元抢抽纸6包,4.9买佳洁士牙膏,限时9.9元秒任务奖励失败，任务已领奖
"Timeout awaiting 'request' for 10000ms"
京喜工厂 API请求失败，请检查网路重试
去做任务：1万份鸡蛋免费送,去京东会员 领专属权益
做任务完成！
领取1万份鸡蛋免费送,去京东会员 领专属权益任务奖励成功，收获：100电力
去做任务：1万份鸡蛋免费送,去京东会员 领专属权益
做任务完成！
领取1万份鸡蛋免费送,去京东会员 领专属权益任务奖励成功，收获：100电力
去做任务：1万份鸡蛋免费送,去京东会员 领专属权益
DoTask异常：{"data":{"awardStatus":1,"completedTimes":2,"dateTypeExtra":"20210630","updateTime":1625018117,"userStatusConfigExtra":""},"msg":"亲,活动太火爆了,请稍后再试吧!","ret":1009}
领取1万份鸡蛋免费送,去京东会员 领专属权益任务奖励失败，任务已领奖
去做任务：上岛兑0元好物,逛农场免费领水果,出海寻宝领100元红包
做任务完成！
领取上岛兑0元好物,逛农场免费领水果,出海寻宝领100元红包任务奖励成功，收获：100电力
去做任务：上岛兑0元好物,逛农场免费领水果,出海寻宝领100元红包
做任务完成！
领取上岛兑0元好物,逛农场免费领水果,出海寻宝领100元红包任务奖励成功，收获：100电力
去做任务：上岛兑0元好物,逛农场免费领水果,出海寻宝领100元红包
做任务完成！
领取上岛兑0元好物,逛农场免费领水果,出海寻宝领100元红包任务奖励成功，收获：100电力
去做任务：上岛兑0元好物,逛农场免费领水果,出海寻宝领100元红包
DoTask异常：{"data":{"awardStatus":1,"completedTimes":3,"dateTypeExtra":"20210630","updateTime":1625018128,"userStatusConfigExtra":""},"msg":"亲,活动太火爆了,请稍后再试吧!","ret":1009}
领取上岛兑0元好物,逛农场免费领水果,出海寻宝领100元红包任务奖励失败，任务已领奖
完成任务：共领取6520电力
成功投入电力6600电力

团活动ID  bozIUUFcANuUdWpw3QdvPw==
团ID  8j0w7OUxj3pIuS1PJrqiXg==

今日剩余开团次数：3次
之前的团已过期，准备重新开团

【开团成功】tuanId为 -uXH2OZ8xLG7Cgqu8LkBdQ==

开团情况:1/7


此团未达领取团奖励人数：7人

6/21/2021, 7:53:48 AM参加团主【hVdButlHZykF-_RZaC6F1w==】失败
6/20/2021, 3:52:04 PM参加团主【hVdButlHZykF-_RZaC6F1w==】失败
6/30/2021, 9:55:32 AM参加团主【hVdButlHZykF-_RZaC6F1w==】失败
6/26/2021, 2:53:39 PM参加团主【hVdButlHZykF-_RZaC6F1w==】失败
6/24/2021, 12:52:21 PM参加团主【hVdButlHZykF-_RZaC6F1w==】失败

  商品名     兑换状态
不锈钢多用盆    已兑换

【京东账号2】Ycp_Dream
【生产商品】平板拖把
【当前等级】金牌学徒 3
【生产进度】94.55%
【招工进度】0/10
【收取发电站】收取成功，获得 720 电力
【每日任务】领奖成功，共计 6520 电力
【投入电力】投入成功，共计 6600 电力
【收取自己零件】获得0电力
【收取好友零件】获得0电力


******开始【京东账号3】jd_585601a83bd48*********

【提示】京东账号3[jd_585601a83bd48]京喜工厂活动未开始
请手动去京东APP->游戏与互动->查看更多->京喜工厂 开启活动



你今日还能帮好友打工（3/3）次


【今日招工进度】0/8
由于您第3个京东账号未提供shareCode,将采纳本脚本自带的助力码

开始
第3个京东账号将要助力的好友["-OvElMzqeyeGBWazWYjI1Q=="]
助力朋友[-OvElMzqeyeGBWazWYjI1Q==]失败：好友存储电力已达上限,暂不可打工哦~

******开始【京东账号4】jd_157332ewky*********

【提示】京东账号4[jd_157332ewky]京喜工厂活动未开始
请手动去京东APP->游戏与互动->查看更多->京喜工厂 开启活动



你今日还能帮好友打工（3/3）次


【今日招工进度】0/8
由于您第4个京东账号未提供shareCode,将采纳本脚本自带的助力码

开始
第4个京东账号将要助力的好友["GFwo6PntxDHH95ZRzZ5uAg=="]
助力朋友[GFwo6PntxDHH95ZRzZ5uAg==]失败：亲,好友的工厂的工人已经满员了,不能去好友工厂打工啦!
"Timeout awaiting 'request' for 10000ms"
京喜工厂 API请求失败，请检查网路重试
"Timeout awaiting 'request' for 10000ms"
京喜工厂 API请求失败，请检查网路重试

账号15631692383_p 参加作者lxk0301的团 【J5-wOkWbeEyhR-G9ZLFaDw==】
参团失败：{"msg":"您已成团","nowTime":1625018195,"ret":10209}


账号15631692383_p 参加作者lxk0301的团 【yCmQnKi2PHNBOPt0gmjQ0w==】
参团失败：{"msg":"您已成团","nowTime":1625018198,"ret":10209}


账号15631692383_p 参加作者lxk0301的团 【yeQfS0yoXXUIn8HealpA7g==】
参团失败：{"msg":"您已成团","nowTime":1625018199,"ret":10209}


账号15631692383_p 参加作者lxk0301的团 【FAPVsLeyhKWdATKP-q12SA==】
参团失败：{"msg":"您已成团","nowTime":1625018202,"ret":10209}


账号15631692383_p 参加作者lxk0301的团 【JlsgqU8qOBWi4OCixHiGMQ==】
参团失败：{"msg":"您已成团","nowTime":1625018204,"ret":10209}


账号15631692383_p 参加作者lxk0301的团 【fkLH2Rtgpz2dws5hRzrc3g==】
参团失败：{"msg":"您已成团","nowTime":1625018205,"ret":10209}


账号15631692383_p 参加作者lxk0301的团 【dvRPLFCcS_9ZblOJEaSX5w==】
参团失败：{"msg":"您已成团","nowTime":1625018206,"ret":10209}


账号15631692383_p 参加作者lxk0301的团 【LmbX3UxVUIBlZ3h9UGqOkA==】
参团失败：{"msg":"您已成团","nowTime":1625018207,"ret":10209}


账号15631692383_p 参加作者lxk0301的团 【U3ooU6gisMKfTCLg6E1wag==】
参团失败：{"msg":"您已成团","nowTime":1625018208,"ret":10209}


账号15631692383_p 参加作者lxk0301的团 【_T3opYFZWenM19UH3l8S4Q==】
参团失败：{"msg":"您已成团","nowTime":1625018210,"ret":10209}


账号15631692383_p 参加作者lxk0301的团 【L0urEC_F2t3tHH4dmuFS4w==】
参团失败：{"msg":"您已成团","nowTime":1625018211,"ret":10209}


账号15631692383_p 参加作者lxk0301的团 【7jPtJ2JL6_h0ffd7yEpvUQ==】
参团失败：{"msg":"您已成团","nowTime":1625018212,"ret":10209}


账号15631692383_p 参加作者lxk0301的团 【lNYSZ3NZXMM1zbw-2HCBrg==】
参团失败：{"msg":"您已成团","nowTime":1625018213,"ret":10209}


账号15631692383_p 参加作者lxk0301的团 【jGWeQYMfmZGttkMj5X3fjw==】
参团失败：{"msg":"您已成团","nowTime":1625018214,"ret":10209}


账号15631692383_p 参加作者lxk0301的团 【aOtiCp4p9AVWCY8BaIn28g==】
参团失败：{"msg":"您已成团","nowTime":1625018216,"ret":10209}


账号jd_74a8d71c978d9 参加作者lxk0301的团 【J5-wOkWbeEyhR-G9ZLFaDw==】
参团失败：{"msg":"您已成团","nowTime":1625018252,"ret":10209}


账号jd_74a8d71c978d9 参加作者lxk0301的团 【yCmQnKi2PHNBOPt0gmjQ0w==】
参团失败：{"msg":"您已成团","nowTime":1625018253,"ret":10209}


账号jd_74a8d71c978d9 参加作者lxk0301的团 【yeQfS0yoXXUIn8HealpA7g==】
参团失败：{"msg":"您已成团","nowTime":1625018254,"ret":10209}


账号jd_74a8d71c978d9 参加作者lxk0301的团 【FAPVsLeyhKWdATKP-q12SA==】
参团失败：{"msg":"您已成团","nowTime":1625018256,"ret":10209}


账号jd_74a8d71c978d9 参加作者lxk0301的团 【JlsgqU8qOBWi4OCixHiGMQ==】
参团失败：{"msg":"您已成团","nowTime":1625018257,"ret":10209}


账号jd_74a8d71c978d9 参加作者lxk0301的团 【fkLH2Rtgpz2dws5hRzrc3g==】
参团失败：{"msg":"您已成团","nowTime":1625018258,"ret":10209}


账号jd_74a8d71c978d9 参加作者lxk0301的团 【dvRPLFCcS_9ZblOJEaSX5w==】
参团失败：{"msg":"您已成团","nowTime":1625018259,"ret":10209}


账号jd_74a8d71c978d9 参加作者lxk0301的团 【LmbX3UxVUIBlZ3h9UGqOkA==】
参团失败：{"msg":"您已成团","nowTime":1625018260,"ret":10209}


账号jd_74a8d71c978d9 参加作者lxk0301的团 【U3ooU6gisMKfTCLg6E1wag==】
参团失败：{"msg":"您已成团","nowTime":1625018261,"ret":10209}


账号jd_74a8d71c978d9 参加作者lxk0301的团 【_T3opYFZWenM19UH3l8S4Q==】
参团失败：{"msg":"您已成团","nowTime":1625018263,"ret":10209}


账号jd_74a8d71c978d9 参加作者lxk0301的团 【L0urEC_F2t3tHH4dmuFS4w==】
参团失败：{"msg":"您已成团","nowTime":1625018264,"ret":10209}


账号jd_74a8d71c978d9 参加作者lxk0301的团 【7jPtJ2JL6_h0ffd7yEpvUQ==】
参团失败：{"msg":"您已成团","nowTime":1625018266,"ret":10209}


账号jd_74a8d71c978d9 参加作者lxk0301的团 【lNYSZ3NZXMM1zbw-2HCBrg==】
参团失败：{"msg":"您已成团","nowTime":1625018268,"ret":10209}


账号jd_74a8d71c978d9 参加作者lxk0301的团 【jGWeQYMfmZGttkMj5X3fjw==】
参团失败：{"msg":"您已成团","nowTime":1625018270,"ret":10209}


账号jd_74a8d71c978d9 参加作者lxk0301的团 【aOtiCp4p9AVWCY8BaIn28g==】
参团失败：{"msg":"您已成团","nowTime":1625018271,"ret":10209}


账号chao4596758 参加作者lxk0301的团 【J5-wOkWbeEyhR-G9ZLFaDw==】
参团失败：{"msg":"您已成团","nowTime":1625018293,"ret":10209}


账号chao4596758 参加作者lxk0301的团 【yCmQnKi2PHNBOPt0gmjQ0w==】
参团失败：{"msg":"您已成团","nowTime":1625018294,"ret":10209}


账号chao4596758 参加作者lxk0301的团 【yeQfS0yoXXUIn8HealpA7g==】
参团失败：{"msg":"您已成团","nowTime":1625018295,"ret":10209}


账号chao4596758 参加作者lxk0301的团 【FAPVsLeyhKWdATKP-q12SA==】
参团失败：{"msg":"您已成团","nowTime":1625018296,"ret":10209}


账号chao4596758 参加作者lxk0301的团 【JlsgqU8qOBWi4OCixHiGMQ==】
参团失败：{"msg":"您已成团","nowTime":1625018299,"ret":10209}


账号chao4596758 参加作者lxk0301的团 【fkLH2Rtgpz2dws5hRzrc3g==】
参团失败：{"msg":"您已成团","nowTime":1625018300,"ret":10209}


账号chao4596758 参加作者lxk0301的团 【dvRPLFCcS_9ZblOJEaSX5w==】
参团失败：{"msg":"您已成团","nowTime":1625018302,"ret":10209}


账号chao4596758 参加作者lxk0301的团 【LmbX3UxVUIBlZ3h9UGqOkA==】
参团失败：{"msg":"您已成团","nowTime":1625018303,"ret":10209}


账号chao4596758 参加作者lxk0301的团 【U3ooU6gisMKfTCLg6E1wag==】
参团失败：{"msg":"您已成团","nowTime":1625018304,"ret":10209}


账号chao4596758 参加作者lxk0301的团 【_T3opYFZWenM19UH3l8S4Q==】
参团失败：{"msg":"您已成团","nowTime":1625018305,"ret":10209}


账号chao4596758 参加作者lxk0301的团 【L0urEC_F2t3tHH4dmuFS4w==】
参团失败：{"msg":"您已成团","nowTime":1625018306,"ret":10209}


账号chao4596758 参加作者lxk0301的团 【7jPtJ2JL6_h0ffd7yEpvUQ==】
参团失败：{"msg":"您已成团","nowTime":1625018307,"ret":10209}


账号chao4596758 参加作者lxk0301的团 【lNYSZ3NZXMM1zbw-2HCBrg==】
参团失败：{"msg":"您已成团","nowTime":1625018309,"ret":10209}


账号chao4596758 参加作者lxk0301的团 【jGWeQYMfmZGttkMj5X3fjw==】
参团失败：{"msg":"您已成团","nowTime":1625018310,"ret":10209}


账号chao4596758 参加作者lxk0301的团 【aOtiCp4p9AVWCY8BaIn28g==】
参团失败：{"msg":"您已成团","nowTime":1625018311,"ret":10209}


账号jd_46df9eaa780aa 参加作者lxk0301的团 【J5-wOkWbeEyhR-G9ZLFaDw==】
参团失败：{"msg":"您已成团","nowTime":1625018333,"ret":10209}


账号jd_46df9eaa780aa 参加作者lxk0301的团 【yCmQnKi2PHNBOPt0gmjQ0w==】
参团失败：{"msg":"您已成团","nowTime":1625018334,"ret":10209}


账号jd_46df9eaa780aa 参加作者lxk0301的团 【yeQfS0yoXXUIn8HealpA7g==】
参团失败：{"msg":"您已成团","nowTime":1625018336,"ret":10209}


账号jd_46df9eaa780aa 参加作者lxk0301的团 【FAPVsLeyhKWdATKP-q12SA==】
参团失败：{"msg":"您已成团","nowTime":1625018337,"ret":10209}


账号jd_46df9eaa780aa 参加作者lxk0301的团 【JlsgqU8qOBWi4OCixHiGMQ==】
参团失败：{"msg":"您已成团","nowTime":1625018338,"ret":10209}


账号jd_46df9eaa780aa 参加作者lxk0301的团 【fkLH2Rtgpz2dws5hRzrc3g==】
参团失败：{"msg":"您已成团","nowTime":1625018340,"ret":10209}


账号jd_46df9eaa780aa 参加作者lxk0301的团 【dvRPLFCcS_9ZblOJEaSX5w==】
参团失败：{"msg":"您已成团","nowTime":1625018341,"ret":10209}


账号jd_46df9eaa780aa 参加作者lxk0301的团 【LmbX3UxVUIBlZ3h9UGqOkA==】
参团失败：{"msg":"您已成团","nowTime":1625018343,"ret":10209}


账号jd_46df9eaa780aa 参加作者lxk0301的团 【U3ooU6gisMKfTCLg6E1wag==】
参团失败：{"msg":"您已成团","nowTime":1625018349,"ret":10209}


账号jd_46df9eaa780aa 参加作者lxk0301的团 【_T3opYFZWenM19UH3l8S4Q==】
参团失败：{"msg":"您已成团","nowTime":1625018350,"ret":10209}


账号jd_46df9eaa780aa 参加作者lxk0301的团 【L0urEC_F2t3tHH4dmuFS4w==】
参团失败：{"msg":"您已成团","nowTime":1625018351,"ret":10209}


账号jd_46df9eaa780aa 参加作者lxk0301的团 【7jPtJ2JL6_h0ffd7yEpvUQ==】
参团失败：{"msg":"您已成团","nowTime":1625018352,"ret":10209}


账号jd_46df9eaa780aa 参加作者lxk0301的团 【lNYSZ3NZXMM1zbw-2HCBrg==】
参团失败：{"msg":"您已成团","nowTime":1625018354,"ret":10209}


账号jd_46df9eaa780aa 参加作者lxk0301的团 【jGWeQYMfmZGttkMj5X3fjw==】
参团失败：{"msg":"您已成团","nowTime":1625018355,"ret":10209}


账号jd_46df9eaa780aa 参加作者lxk0301的团 【aOtiCp4p9AVWCY8BaIn28g==】
参团失败：{"msg":"您已成团","nowTime":1625018356,"ret":10209}


🔔京喜工厂, 结束! 🕛 299.434 秒

