
🔔京喜工厂, 开始!

====================共5个京东账号Cookie=========

==================脚本执行- 北京时间(UTC+8)：7/2/2021, 9:19:46 AM=====================

获取签名参数成功！
fp: 5793538340723162
token: tk01wbf541c3ba8nNFRtUGxpZnhx8G6BuXX7BC52iuRjOa6iboiqJmU07TfdatHiqJGL/PmDvsPICbal/dm9Z2rT3E+l
enCryptMethodJD: function test(token,fingerprint,timestamp,appId,algo){const random='VOuTerDUJByL';const str=`${token}${fingerprint}${timestamp}${appId}${random}`;return algo.SHA512(str)}
拼团活动ID: 获取成功 T_zZaWP6by9yA1wehxM4mg==

开始获取京喜工厂配置文件

您的互助码选择的是用&隔开

共5个京东账号

您提供了0个账号的京喜工厂助力码


******开始【京东账号1】15631692383_p*********

再加1.41%电力可开红包

当前电力：36
当前等级：8

【京东账号1（15631692383_p）的京喜工厂好友互助码】jLuj5y4OynbjOLDt2boGNg==
已投入电力：202900
所需电力：1730000
生产进度：11.73%


预计最快还需 【8.84天】生产完毕




你今日还能帮好友打工（0/3）次


【今日招工进度】0/14

今日助力好友机会已耗尽

发电机：当前 510 电力，最大值 510 电力
发电机：电力可翻倍并收获
收取电力成功: 共1020 
完成任务：共领取1020电力
成功投入电力1000电力

团活动ID  T_zZaWP6by9yA1wehxM4mg==
团ID  XBeempAtMG4dTRb1NaPxEQ==

今日剩余开团次数：3次
之前的团已过期，准备重新开团

【开团成功】tuanId为 MZRfagjg1F6XgUEI70Dp3Q==

开团情况:5/6


此团未达领取团奖励人数：6人

7/2/2021, 9:20:10 AM参加团主【jLuj5y4OynbjOLDt2boGNg==】失败
7/1/2021, 8:55:42 PM参加团主【hVdButlHZykF-_RZaC6F1w==】失败
7/1/2021, 8:54:51 PM参加团主【jLuj5y4OynbjOLDt2boGNg==】失败

  商品名     兑换状态
平板拖把    已兑换
芒果干    已兑换
芋泥酥6枚    已兑换
冰箱除味剂4盒    已兑换
统一干脆面    兑换超时

【京东账号1】15631692383_p
【生产商品】飘柔护发素
【当前等级】研究员 8
【生产进度】11.73%
【招工进度】0/14
【收取发电站】收取成功，获得 1020 电力
【每日任务】领奖成功，共计 1020 电力
【投入电力】投入成功，共计 1000 电力
【收取自己零件】获得0电力
【收取好友零件】获得0电力


******开始【京东账号2】Ycp_Dream*********

再加0.21%电力可开红包

当前电力：3030
当前等级：3

【京东账号2（jd_74a8d71c978d9）的京喜工厂好友互助码】hVdButlHZykF-_RZaC6F1w==
已投入电力：9067600
所需电力：9560000
生产进度：94.85%


预计最快还需 【2.85天】生产完毕




你今日还能帮好友打工（3/3）次


【今日招工进度】0/10
由于您第2个京东账号未提供shareCode,将采纳本脚本自带的助力码

开始
第2个京东账号将要助力的好友["gB99tYLjvPcEFloDgamoBw==","7dluIKQMp0bySgcr8AqFgw=="]
助力朋友[gB99tYLjvPcEFloDgamoBw==]失败：亲,好友的工厂的工人已经满员了,不能去好友工厂打工啦!
助力朋友[7dluIKQMp0bySgcr8AqFgw==]失败：亲,好友的工厂的工人已经满员了,不能去好友工厂打工啦!
发电机：当前 160.6 电力，最大值 360 电力

本次发电机电力集满分享后可获得双倍电力，故目前不收取电力

任务：累计完成逛集市次数可完成
领取累计完成逛集市次数任务奖励成功，收获：500电力
完成任务：共领取500电力
成功投入电力3500电力

团活动ID  T_zZaWP6by9yA1wehxM4mg==
团ID  QOzWLmKWGna3YmcbZlg6Yg==

今日剩余开团次数：3次
之前的团已过期，准备重新开团

【开团成功】tuanId为 ibroxAnKUPosrYwGeX7Yew==

开团情况:2/6


此团未达领取团奖励人数：6人

7/2/2021, 9:20:28 AM参加团主【hVdButlHZykF-_RZaC6F1w==】失败
7/1/2021, 8:55:42 PM参加团主【hVdButlHZykF-_RZaC6F1w==】失败
7/1/2021, 8:54:51 PM参加团主【jLuj5y4OynbjOLDt2boGNg==】失败

  商品名     兑换状态
不锈钢多用盆    已兑换

【京东账号2】Ycp_Dream
【生产商品】平板拖把
【当前等级】金牌学徒 3
【生产进度】94.85%
【招工进度】0/10
【发电机电力】当前 160.6 电力，未达到收获标准
【每日任务】领奖成功，共计 500 电力
【投入电力】投入成功，共计 3500 电力
【收取自己零件】获得0电力
【收取好友零件】获得0电力


******开始【京东账号3】jd_585601a83bd48*********

【提示】京东账号3[jd_585601a83bd48]京喜工厂活动未开始
请手动去京东APP->游戏与互动->查看更多->京喜工厂 开启活动



你今日还能帮好友打工（3/3）次


【今日招工进度】0/8
由于您第3个京东账号未提供shareCode,将采纳本脚本自带的助力码

开始
第3个京东账号将要助力的好友["-OvElMzqeyeGBWazWYjI1Q=="]
"Timeout awaiting 'request' for 10000ms"
京喜工厂 API请求失败，请检查网路重试
助力朋友[-OvElMzqeyeGBWazWYjI1Q==]失败：好友存储电力已达上限,暂不可打工哦~

******开始【京东账号4】jd_157332ewky*********

【提示】京东账号4[jd_157332ewky]京喜工厂活动未开始
请手动去京东APP->游戏与互动->查看更多->京喜工厂 开启活动



你今日还能帮好友打工（3/3）次


【今日招工进度】0/8
由于您第4个京东账号未提供shareCode,将采纳本脚本自带的助力码

开始
第4个京东账号将要助力的好友["GFwo6PntxDHH95ZRzZ5uAg=="]
助力朋友[GFwo6PntxDHH95ZRzZ5uAg==]失败：亲,好友的工厂的工人已经满员了,不能去好友工厂打工啦!

******开始【京东账号5】jd_157332zdf*********

【提示】京东账号5[jd_157332zdf]京喜工厂未选购商品
请手动去京东APP->游戏与互动->查看更多->京喜工厂 选购



你今日还能帮好友打工（3/3）次


【今日招工进度】0/8
由于您第5个京东账号未提供shareCode,将采纳本脚本自带的助力码

开始
"Timeout awaiting 'request' for 10000ms"
京喜工厂 API请求失败，请检查网路重试
第5个京东账号将要助力的好友["GFwo6PntxDHH95ZRzZ5uAg=="]
助力朋友[GFwo6PntxDHH95ZRzZ5uAg==]失败：亲,好友的工厂的工人已经满员了,不能去好友工厂打工啦!

账号15631692383_p 内部相互进团


15631692383_p 去参加团 MZRfagjg1F6XgUEI70Dp3Q==
参团失败：{"msg":"您已成功参团","nowTime":1625188869,"ret":10208}


15631692383_p 去参加团 XBeempAtMG4dTRb1NaPxEQ==
参团失败：{"msg":"您已成功参团","nowTime":1625188875,"ret":10208}


15631692383_p 去参加团 ibroxAnKUPosrYwGeX7Yew==
参团成功：{"msg":"OK","nowTime":1625188880,"ret":0}

"Timeout awaiting 'request' for 10000ms"
京喜工厂 API请求失败，请检查网路重试

15631692383_p 去参加团 QOzWLmKWGna3YmcbZlg6Yg==
参团失败：{"msg":"您已成功参团","nowTime":1625188881,"ret":10208}

"Timeout awaiting 'request' for 10000ms"
京喜工厂 API请求失败，请检查网路重试

账号15631692383_p 参加作者lxk0301的团 【xggu_P2ykpXMWgMj6GXivg==】
参团失败：{"msg":"您已成团","nowTime":1625188905,"ret":10209}


账号15631692383_p 参加作者lxk0301的团 【FgDCeS15wyLqd6WhuSQgqA==】
参团失败：{"msg":"您已成团","nowTime":1625188906,"ret":10209}


账号15631692383_p 参加作者lxk0301的团 【medxM5IjZ5cfPn25PS4xlA==】
参团失败：{"msg":"活动火爆，请稍后再试~","nowTime":1625188908,"ret":10203}


账号15631692383_p 参加作者lxk0301的团 【Y-Vix_TRk5CSr5pPtslTEg==】
参团失败：{"msg":"您已成团","nowTime":1625188909,"ret":10209}


账号15631692383_p 参加作者lxk0301的团 【4kM4vbKizDabmrFpaZxzqQ==】
参团失败：{"msg":"您已成团","nowTime":1625188910,"ret":10209}


账号15631692383_p 参加作者lxk0301的团 【ozm4B6kmm9pSmu3hTTi6ww==】
参团失败：{"msg":"您已成团","nowTime":1625188911,"ret":10209}


账号15631692383_p 参加作者lxk0301的团 【u6HyQbHhFS4juQaY0OgKbA==】
参团失败：{"msg":"您已成团","nowTime":1625188912,"ret":10209}


账号15631692383_p 参加作者lxk0301的团 【CtKnjcMUelHBuyZ97HvzQA==】
参团失败：{"msg":"您已成团","nowTime":1625188914,"ret":10209}


账号15631692383_p 参加作者lxk0301的团 【oHc7ChcDzGJjJxyXgAatxg==】
参团失败：{"msg":"您已成团","nowTime":1625188915,"ret":10209}


账号15631692383_p 参加作者lxk0301的团 【0YpdMv4vdhTkP77Zl9zrdg==】
参团失败：{"msg":"您已成团","nowTime":1625188916,"ret":10209}


账号15631692383_p 参加作者lxk0301的团 【kwlpzmmjiCPZYwsFldQrUQ==】
参团失败：{"msg":"您已成团","nowTime":1625188917,"ret":10209}


账号15631692383_p 参加作者lxk0301的团 【pkgxdW-y7Zxva01M8GqQWw==】
参团失败：{"msg":"您已成团","nowTime":1625188918,"ret":10209}


账号15631692383_p 参加作者lxk0301的团 【3XIjiv1IxL_e53nQgQYPGQ==】
参团失败：{"msg":"您已成团","nowTime":1625188920,"ret":10209}


账号15631692383_p 参加作者lxk0301的团 【y4XgbU94WSPSRa7LxD4UUA==】
参团失败：{"msg":"您已成团","nowTime":1625188921,"ret":10209}


账号15631692383_p 参加作者lxk0301的团 【jmY1ooauhZ5XmoSnqrNRZg==】
参团失败：{"msg":"您已成团","nowTime":1625188922,"ret":10209}


账号15631692383_p 参加作者lxk0301的团 【Ps17fODoY7p0aRffsQsO3Q==】
参团失败：{"msg":"您已成团","nowTime":1625188923,"ret":10209}


账号15631692383_p 参加作者lxk0301的团 【ysf-o9i8Xt1lQx0n0V2T6w==】
参团失败：{"msg":"您已成团","nowTime":1625188924,"ret":10209}


账号15631692383_p 参加作者lxk0301的团 【jFoWrHUsXWdMzMPGkrenXQ==】
参团失败：{"msg":"您已成团","nowTime":1625188926,"ret":10209}


账号15631692383_p 参加作者lxk0301的团 【cCwDTNPj0if3NhMhAyX6Zw==】
参团失败：{"msg":"您已成团","nowTime":1625188927,"ret":10209}


账号15631692383_p 参加作者lxk0301的团 【XNyYiuhT2UKFzZxidqt22Q==】
参团失败：{"msg":"您已成团","nowTime":1625188928,"ret":10209}


账号jd_74a8d71c978d9 内部相互进团


jd_74a8d71c978d9 去参加团 MZRfagjg1F6XgUEI70Dp3Q==
参团成功：{"msg":"OK","nowTime":1625188929,"ret":0}


jd_74a8d71c978d9 去参加团 XBeempAtMG4dTRb1NaPxEQ==
参团失败：{"msg":"您已成功参团","nowTime":1625188966,"ret":10208}


jd_74a8d71c978d9 去参加团 ibroxAnKUPosrYwGeX7Yew==
参团失败：{"msg":"您已成功参团","nowTime":1625188971,"ret":10208}


jd_74a8d71c978d9 去参加团 QOzWLmKWGna3YmcbZlg6Yg==
参团失败：{"msg":"您已成功参团","nowTime":1625188992,"ret":10208}


账号jd_74a8d71c978d9 参加作者lxk0301的团 【xggu_P2ykpXMWgMj6GXivg==】
参团失败：{"msg":"您已成团","nowTime":1625189039,"ret":10209}


账号jd_74a8d71c978d9 参加作者lxk0301的团 【FgDCeS15wyLqd6WhuSQgqA==】
参团失败：{"msg":"您已成团","nowTime":1625189040,"ret":10209}


账号jd_74a8d71c978d9 参加作者lxk0301的团 【medxM5IjZ5cfPn25PS4xlA==】
参团失败：{"msg":"您已成团","nowTime":1625189041,"ret":10209}


账号jd_74a8d71c978d9 参加作者lxk0301的团 【Y-Vix_TRk5CSr5pPtslTEg==】
参团失败：{"msg":"您已成团","nowTime":1625189043,"ret":10209}


账号jd_74a8d71c978d9 参加作者lxk0301的团 【4kM4vbKizDabmrFpaZxzqQ==】
参团失败：{"msg":"您已成团","nowTime":1625189044,"ret":10209}


账号jd_74a8d71c978d9 参加作者lxk0301的团 【ozm4B6kmm9pSmu3hTTi6ww==】
参团失败：{"msg":"您已成团","nowTime":1625189050,"ret":10209}


账号jd_74a8d71c978d9 参加作者lxk0301的团 【u6HyQbHhFS4juQaY0OgKbA==】
参团失败：{"msg":"您已成团","nowTime":1625189051,"ret":10209}


账号jd_74a8d71c978d9 参加作者lxk0301的团 【CtKnjcMUelHBuyZ97HvzQA==】
参团失败：{"msg":"您已成团","nowTime":1625189052,"ret":10209}


账号jd_74a8d71c978d9 参加作者lxk0301的团 【oHc7ChcDzGJjJxyXgAatxg==】
参团失败：{"msg":"您已成团","nowTime":1625189054,"ret":10209}


账号jd_74a8d71c978d9 参加作者lxk0301的团 【0YpdMv4vdhTkP77Zl9zrdg==】
参团失败：{"msg":"您已成团","nowTime":1625189055,"ret":10209}


账号jd_74a8d71c978d9 参加作者lxk0301的团 【kwlpzmmjiCPZYwsFldQrUQ==】
参团失败：{"msg":"您已成团","nowTime":1625189056,"ret":10209}


账号jd_74a8d71c978d9 参加作者lxk0301的团 【pkgxdW-y7Zxva01M8GqQWw==】
参团失败：{"msg":"您已成团","nowTime":1625189058,"ret":10209}


账号jd_74a8d71c978d9 参加作者lxk0301的团 【3XIjiv1IxL_e53nQgQYPGQ==】
参团失败：{"msg":"您已成团","nowTime":1625189059,"ret":10209}


账号jd_74a8d71c978d9 参加作者lxk0301的团 【y4XgbU94WSPSRa7LxD4UUA==】
参团失败：{"msg":"您已成团","nowTime":1625189060,"ret":10209}


账号jd_74a8d71c978d9 参加作者lxk0301的团 【jmY1ooauhZ5XmoSnqrNRZg==】
参团失败：{"msg":"您已成团","nowTime":1625189061,"ret":10209}


账号jd_74a8d71c978d9 参加作者lxk0301的团 【Ps17fODoY7p0aRffsQsO3Q==】
参团失败：{"msg":"您已成团","nowTime":1625189062,"ret":10209}


账号jd_74a8d71c978d9 参加作者lxk0301的团 【ysf-o9i8Xt1lQx0n0V2T6w==】
参团失败：{"msg":"您已成团","nowTime":1625189064,"ret":10209}


账号jd_74a8d71c978d9 参加作者lxk0301的团 【jFoWrHUsXWdMzMPGkrenXQ==】
参团失败：{"msg":"您已成团","nowTime":1625189065,"ret":10209}


账号jd_74a8d71c978d9 参加作者lxk0301的团 【cCwDTNPj0if3NhMhAyX6Zw==】
参团失败：{"msg":"您已成团","nowTime":1625189066,"ret":10209}


账号jd_74a8d71c978d9 参加作者lxk0301的团 【XNyYiuhT2UKFzZxidqt22Q==】
参团失败：{"msg":"您已成团","nowTime":1625189067,"ret":10209}


账号chao4596758 内部相互进团


chao4596758 去参加团 MZRfagjg1F6XgUEI70Dp3Q==
参团成功：{"msg":"OK","nowTime":1625189069,"ret":0}


chao4596758 去参加团 XBeempAtMG4dTRb1NaPxEQ==
参团失败：{"msg":"您已成功参团","nowTime":1625189070,"ret":10208}


chao4596758 去参加团 ibroxAnKUPosrYwGeX7Yew==
参团失败：{"msg":"您今日的助力次数已用完,明天再来助力TA吧～","nowTime":1625189072,"ret":10206}


chao4596758 去参加团 QOzWLmKWGna3YmcbZlg6Yg==

账号jd_46df9eaa780aa 内部相互进团


jd_46df9eaa780aa 去参加团 MZRfagjg1F6XgUEI70Dp3Q==
参团成功：{"msg":"OK","nowTime":1625189073,"ret":0}


jd_46df9eaa780aa 去参加团 XBeempAtMG4dTRb1NaPxEQ==
参团失败：{"msg":"您已成功参团","nowTime":1625189086,"ret":10208}


jd_46df9eaa780aa 去参加团 ibroxAnKUPosrYwGeX7Yew==
参团失败：{"msg":"您今日的助力次数已用完,明天再来助力TA吧～","nowTime":1625189092,"ret":10206}


jd_46df9eaa780aa 去参加团 QOzWLmKWGna3YmcbZlg6Yg==

账号jd_67f63c904d8c6 内部相互进团


jd_67f63c904d8c6 去参加团 MZRfagjg1F6XgUEI70Dp3Q==
参团成功：{"msg":"OK","nowTime":1625189098,"ret":0}


jd_67f63c904d8c6 去参加团 XBeempAtMG4dTRb1NaPxEQ==
参团失败：{"msg":"您已成功参团","nowTime":1625189099,"ret":10208}


jd_67f63c904d8c6 去参加团 ibroxAnKUPosrYwGeX7Yew==
参团失败：{"msg":"您今日的助力次数已用完,明天再来助力TA吧～","nowTime":1625189101,"ret":10206}


jd_67f63c904d8c6 去参加团 QOzWLmKWGna3YmcbZlg6Yg==

🔔京喜工厂, 结束! 🕛 315.396 秒

