
🔔京喜工厂, 开始!

====================共5个京东账号Cookie=========

==================脚本执行- 北京时间(UTC+8)：7/5/2021, 10:51:25 AM=====================

获取签名参数成功！
fp: 6951517032274162
token: tk01wa8271bbaa8nUVBpTDNwMzc2X1wg0x044mybuIApKT7S+Zrhvi2Ra9Sw8QzKmL+84WdrJTCRQLmjb5LebZ75c1pR
enCryptMethodJD: function test(token,fingerprint,timestamp,appId,algo){const random='jnLThKW094ZX';const str=`${token}${fingerprint}${timestamp}${appId}${random}`;return algo.MD5(str)}
拼团活动ID: 获取成功 T_zZaWP6by9yA1wehxM4mg==

开始获取京喜工厂配置文件

您的互助码选择的是用&隔开

共5个京东账号

您提供了0个账号的京喜工厂助力码


******开始【京东账号1】15631692383_p*********

再加0.99%电力可开红包

当前电力：7
当前等级：8

【京东账号1（15631692383_p）的京喜工厂好友互助码】jLuj5y4OynbjOLDt2boGNg==
已投入电力：288200
所需电力：1730000
生产进度：16.66%


预计最快还需 【8.34天】生产完毕




你今日还能帮好友打工（0/3）次


【今日招工进度】0/14

今日助力好友机会已耗尽

发电机：当前 363.7 电力，最大值 510 电力

本次发电机电力集满分享后可获得双倍电力，故目前不收取电力

完成任务：共领取0电力
投入失败，电力不足，快去做任务吧~

团活动ID  T_zZaWP6by9yA1wehxM4mg==
团ID  bNZxuG39N5DqjCOZeFMffA==

今日剩余开团次数：2次

开团情况:1/6


此团未达领取团奖励人数：6人

7/5/2021, 9:50:58 AM参加团主【jLuj5y4OynbjOLDt2boGNg==】失败
7/5/2021, 12:55:11 AM参加团主【15*3_p】的奖励已经领取成功
7/4/2021, 9:18:04 PM参加团主【jLuj5y4OynbjOLDt2boGNg==】失败
7/4/2021, 9:18:30 PM参加团主【15*3_p】的奖励已经领取成功
7/2/2021, 9:20:28 AM参加团主【hVdButlHZykF-_RZaC6F1w==】失败
7/2/2021, 9:20:10 AM参加团主【jLuj5y4OynbjOLDt2boGNg==】失败
7/1/2021, 8:55:42 PM参加团主【hVdButlHZykF-_RZaC6F1w==】失败
7/1/2021, 8:54:51 PM参加团主【jLuj5y4OynbjOLDt2boGNg==】失败

  商品名     兑换状态
平板拖把    已兑换
芒果干    已兑换
芋泥酥6枚    已兑换
冰箱除味剂4盒    已兑换
统一干脆面    兑换超时

【京东账号1】15631692383_p
【生产商品】飘柔护发素
【当前等级】研究员 8
【生产进度】16.66%
【招工进度】0/14
【发电机电力】当前 363.7 电力，未达到收获标准
【每日任务】领奖成功，共计 0 电力
【投入电力】投入失败，电力不足，快去做任务吧~
【收取自己零件】获得0电力
【收取好友零件】获得0电力


******开始【京东账号2】Ycp_Dream*********

再加0.12%电力可开红包

当前电力：10
当前等级：3

【京东账号2（jd_74a8d71c978d9）的京喜工厂好友互助码】hVdButlHZykF-_RZaC6F1w==
已投入电力：9076000
所需电力：9560000
生产进度：94.94%


预计最快还需 【2.80天】生产完毕




你今日还能帮好友打工（3/3）次


【今日招工进度】0/10
由于您第2个京东账号未提供shareCode,将采纳本脚本自带的助力码

开始
第2个京东账号将要助力的好友["gB99tYLjvPcEFloDgamoBw==","7dluIKQMp0bySgcr8AqFgw=="]
助力朋友[gB99tYLjvPcEFloDgamoBw==]失败：亲,好友的工厂暂未开启,不能去好友工厂打工啦!
"Timeout awaiting 'request' for 10000ms"
京喜工厂 API请求失败，请检查网路重试
助力朋友[7dluIKQMp0bySgcr8AqFgw==]失败：亲,好友的工厂的工人已经满员了,不能去好友工厂打工啦!
发电机：当前 360 电力，最大值 360 电力
发电机：电力可翻倍并收获
收取电力成功: 共720 
去做任务：*限时*邀5人得2万电
做任务完成！
领取*限时*邀5人得2万电任务奖励成功，收获：100电力
去做任务：*限时*邀5人得2万电
DoTask异常：{"data":{"awardStatus":1,"completedTimes":1,"dateTypeExtra":"20210705","updateTime":1625453552,"userStatusConfigExtra":""},"msg":"亲,活动太火爆了,请稍后再试吧!","ret":1009}
领取*限时*邀5人得2万电任务奖励失败，任务已领奖
任务：每日开工打卡可完成
领取每日开工打卡任务奖励成功，收获：800电力
去做任务：上集市做调研30s
做任务完成！
领取上集市做调研30s任务奖励成功，收获：300电力
去做任务：上集市做调研30s
DoTask异常：{"data":{"awardStatus":1,"completedTimes":1,"dateTypeExtra":"20210705","updateTime":1625453567,"userStatusConfigExtra":""},"msg":"亲,活动太火爆了,请稍后再试吧!","ret":1009}
领取上集市做调研30s任务奖励失败，任务已领奖
任务：累计收取发电机电力值可完成
领取累计收取发电机电力值任务奖励成功，收获：500电力
任务：登录APP领取奖励可完成
领取登录APP领取奖励任务奖励成功，收获：2500电力
去做任务：去签到，可领现金,每日签到领红包
做任务完成！
领取去签到，可领现金,每日签到领红包任务奖励成功，收获：100电力
去做任务：去签到，可领现金,每日签到领红包
做任务完成！
领取去签到，可领现金,每日签到领红包任务奖励成功，收获：100电力
去做任务：去签到，可领现金,每日签到领红包
DoTask异常：{"data":{"awardStatus":1,"completedTimes":2,"dateTypeExtra":"20210705","updateTime":1625453644,"userStatusConfigExtra":""},"msg":"亲,活动太火爆了,请稍后再试吧!","ret":1009}
领取去签到，可领现金,每日签到领红包任务奖励失败，任务已领奖
去做任务：从首页“领免费商品”进工厂,8.9元抢金龙鱼油,5.4元抢抽纸6包,4.9买佳洁士牙膏,限时9.9元秒
做任务完成！
