
🔔京喜工厂, 开始!

====================共4个京东账号Cookie=========

==================脚本执行- 北京时间(UTC+8)：6/30/2021, 12:50:46 PM=====================

获取签名参数成功！
fp: 9456865491894162
token: tk01wc16b1c96a8ndE9LUkd2aGorWKnSsWdVrwx0i0Ss1/S6y084LGX0znwiwzqOrU7JmwZ+xK2ZD5hhzZQ9YsJYLiKK
enCryptMethodJD: function test(token,fingerprint,timestamp,appId,algo){const random='n47IW3lryLOu';const str=`${token}${fingerprint}${timestamp}${appId}${random}`;return algo.SHA512(str)}
拼团活动ID: 获取成功 bozIUUFcANuUdWpw3QdvPw==

开始获取京喜工厂配置文件

您的互助码选择的是用&隔开

共4个京东账号

您提供了0个账号的京喜工厂助力码


******开始【京东账号1】15631692383_p*********

再加电力可开红包

当前电力：58
当前等级：8

【京东账号1（15631692383_p）的京喜工厂好友互助码】jLuj5y4OynbjOLDt2boGNg==
已投入电力：756300
所需电力：780000
生产进度：96.96%


预计最快还需 【0.14天】生产完毕




你今日还能帮好友打工（0/3）次


【今日招工进度】0/14

今日助力好友机会已耗尽

发电机：当前 212.2 电力，最大值 510 电力

本次发电机电力集满分享后可获得双倍电力，故目前不收取电力

完成任务：共领取0电力
投入失败，电力不足，快去做任务吧~
查询好友列表完成，共15好友，下面开始拾取好友地下的零件


开始收取第 1 个好友 【口口】 地下零件 collectFlag：0

开始收取第 2 个好友 【口口LC】 地下零件 collectFlag：0

开始收取第 3 个好友 【soso】 地下零件 collectFlag：0

开始收取第 4 个好友 【生活要糊涂】 地下零件 collectFlag：0

开始收取第 5 个好友 【💕大美】 地下零件 collectFlag：0

开始收取第 6 个好友 【彭小妞】 地下零件 collectFlag：0

开始收取第 7 个好友 【X。】 地下零件 collectFlag：0

开始收取第 8 个好友 【jd_183198xop】 地下零件 collectFlag：0

开始收取第 9 个好友 【jd*IMR】 地下零件 collectFlag：0

开始收取第 10 个好友 【WXL】 地下零件 collectFlag：0

开始收取第 11 个好友 【li*900】 地下零件 collectFlag：0

开始收取第 12 个好友 【一粒圆🔴】 地下零件 collectFlag：0

开始收取第 13 个好友 【ㅤㅤ】 地下零件 collectFlag：0

开始收取第 14 个好友 【优优】 地下零件 collectFlag：0

开始收取第 15 个好友 【A00 茶堡客蛋糕坊 休闲吧】 地下零件 collectFlag：0

团活动ID  bozIUUFcANuUdWpw3QdvPw==
团ID  NgUCn1YP2Pbibn28R4PCmg==

今日剩余开团次数：2次

开团情况:1/7


此团未达领取团奖励人数：7人

6/30/2021, 5:51:19 AM参加团主【jLuj5y4OynbjOLDt2boGNg==】失败
6/29/2021, 5:50:38 PM参加团主【jLuj5y4OynbjOLDt2boGNg==】失败
6/30/2021, 12:54:16 AM参加团主【15*3_p】的奖励已经领取成功
6/29/2021, 5:50:30 AM参加团主【jLuj5y4OynbjOLDt2boGNg==】失败
6/28/2021, 4:50:47 PM参加团主【jLuj5y4OynbjOLDt2boGNg==】失败
6/29/2021, 12:53:53 AM参加团主【15*3_p】的奖励已经领取成功
6/28/2021, 4:50:45 AM参加团主【jLuj5y4OynbjOLDt2boGNg==】失败
6/27/2021, 4:50:37 PM参加团主【jLuj5y4OynbjOLDt2boGNg==】失败
6/28/2021, 12:54:13 AM参加团主【15*3_p】的奖励已经领取成功
6/27/2021, 4:50:34 AM参加团主【jLuj5y4OynbjOLDt2boGNg==】失败

  商品名     兑换状态
芒果干    已兑换
芋泥酥6枚    已兑换
冰箱除味剂4盒    已兑换
统一干脆面    兑换超时

【京东账号1】15631692383_p
【生产商品】平板拖把
【当前等级】研究员 8
【生产进度】96.96%
【招工进度】0/14
【发电机电力】当前 212.2 电力，未达到收获标准
【每日任务】领奖成功，共计 0 电力
【投入电力】投入失败，电力不足，快去做任务吧~
【收取自己零件】获得0电力
【收取好友零件】获得0电力


******开始【京东账号2】Ycp_Dream*********

再加0.05%电力可开红包

当前电力：30
当前等级：3

【京东账号2（jd_74a8d71c978d9）的京喜工厂好友互助码】hVdButlHZykF-_RZaC6F1w==
已投入电力：9046700
所需电力：9560000
生产进度：94.63%


预计最快还需 【2.97天】生产完毕




你今日还能帮好友打工（3/3）次


【今日招工进度】0/10
由于您第2个京东账号未提供shareCode,将采纳本脚本自带的助力码

开始
第2个京东账号将要助力的好友["gB99tYLjvPcEFloDgamoBw==","7dluIKQMp0bySgcr8AqFgw=="]
助力朋友[gB99tYLjvPcEFloDgamoBw==]失败：亲,好友的工厂的工人已经满员了,不能去好友工厂打工啦!
助力朋友[7dluIKQMp0bySgcr8AqFgw==]失败：亲,好友的工厂的工人已经满员了,不能去好友工厂打工啦!
发电机：当前 345.1 电力，最大值 360 电力

本次发电机电力集满分享后可获得双倍电力，故目前不收取电力

完成任务：共领取0电力
投入失败，电力不足，快去做任务吧~
查询好友列表完成，共3好友，下面开始拾取好友地下的零件


开始收取第 1 个好友 【a我叫呵呵】 地下零件 collectFlag：0

开始收取第 2 个好友 【dynasty】 地下零件 collectFlag：0

开始收取第 3 个好友 【雨夜丨Design】 地下零件 collectFlag：0

团活动ID  bozIUUFcANuUdWpw3QdvPw==
团ID  -uXH2OZ8xLG7Cgqu8LkBdQ==

今日剩余开团次数：2次

开团情况:1/7


此团未达领取团奖励人数：7人

6/21/2021, 7:53:48 AM参加团主【hVdButlHZykF-_RZaC6F1w==】失败
6/20/2021, 3:52:04 PM参加团主【hVdButlHZykF-_RZaC6F1w==】失败
6/30/2021, 9:55:32 AM参加团主【hVdButlHZykF-_RZaC6F1w==】失败
6/26/2021, 2:53:39 PM参加团主【hVdButlHZykF-_RZaC6F1w==】失败
6/24/2021, 12:52:21 PM参加团主【hVdButlHZykF-_RZaC6F1w==】失败

  商品名     兑换状态
不锈钢多用盆    已兑换

【京东账号2】Ycp_Dream
【生产商品】平板拖把
【当前等级】金牌学徒 3
【生产进度】94.63%
【招工进度】0/10
【发电机电力】当前 345.1 电力，未达到收获标准
【每日任务】领奖成功，共计 0 电力
【投入电力】投入失败，电力不足，快去做任务吧~
【收取自己零件】获得0电力
【收取好友零件】获得0电力


******开始【京东账号3】jd_585601a83bd48*********

【提示】京东账号3[jd_585601a83bd48]京喜工厂活动未开始
请手动去京东APP->游戏与互动->查看更多->京喜工厂 开启活动



你今日还能帮好友打工（3/3）次


【今日招工进度】0/8
由于您第3个京东账号未提供shareCode,将采纳本脚本自带的助力码

开始
"Timeout awaiting 'request' for 10000ms"
京喜工厂 API请求失败，请检查网路重试
第3个京东账号将要助力的好友["-OvElMzqeyeGBWazWYjI1Q=="]
助力朋友[-OvElMzqeyeGBWazWYjI1Q==]失败：好友存储电力已达上限,暂不可打工哦~

******开始【京东账号4】jd_157332ewky*********

【提示】京东账号4[jd_157332ewky]京喜工厂活动未开始
请手动去京东APP->游戏与互动->查看更多->京喜工厂 开启活动



你今日还能帮好友打工（3/3）次


【今日招工进度】0/8
由于您第4个京东账号未提供shareCode,将采纳本脚本自带的助力码

开始
第4个京东账号将要助力的好友["GFwo6PntxDHH95ZRzZ5uAg=="]
助力朋友[GFwo6PntxDHH95ZRzZ5uAg==]失败：亲,好友的工厂的工人已经满员了,不能去好友工厂打工啦!
"Timeout awaiting 'request' for 10000ms"
京喜工厂 API请求失败，请检查网路重试
"Timeout awaiting 'request' for 10000ms"
京喜工厂 API请求失败，请检查网路重试

账号15631692383_p 参加作者lxk0301的团 【J5-wOkWbeEyhR-G9ZLFaDw==】
参团失败：{"msg":"您已成团","nowTime":1625028808,"ret":10209}


账号15631692383_p 参加作者lxk0301的团 【yCmQnKi2PHNBOPt0gmjQ0w==】
参团失败：{"msg":"您已成团","nowTime":1625028809,"ret":10209}


账号15631692383_p 参加作者lxk0301的团 【yeQfS0yoXXUIn8HealpA7g==】
参团失败：{"msg":"您已成团","nowTime":1625028810,"ret":10209}


账号15631692383_p 参加作者lxk0301的团 【FAPVsLeyhKWdATKP-q12SA==】
参团失败：{"msg":"您已成团","nowTime":1625028812,"ret":10209}


账号15631692383_p 参加作者lxk0301的团 【JlsgqU8qOBWi4OCixHiGMQ==】
参团失败：{"msg":"您已成团","nowTime":1625028813,"ret":10209}


账号15631692383_p 参加作者lxk0301的团 【fkLH2Rtgpz2dws5hRzrc3g==】
参团失败：{"msg":"您已成团","nowTime":1625028814,"ret":10209}


账号15631692383_p 参加作者lxk0301的团 【dvRPLFCcS_9ZblOJEaSX5w==】
参团失败：{"msg":"您已成团","nowTime":1625028815,"ret":10209}


账号15631692383_p 参加作者lxk0301的团 【LmbX3UxVUIBlZ3h9UGqOkA==】
参团失败：{"msg":"您已成团","nowTime":1625028816,"ret":10209}


账号15631692383_p 参加作者lxk0301的团 【U3ooU6gisMKfTCLg6E1wag==】
参团失败：{"msg":"您已成团","nowTime":1625028822,"ret":10209}


账号15631692383_p 参加作者lxk0301的团 【_T3opYFZWenM19UH3l8S4Q==】
参团失败：{"msg":"您已成团","nowTime":1625028824,"ret":10209}


账号15631692383_p 参加作者lxk0301的团 【L0urEC_F2t3tHH4dmuFS4w==】
参团失败：{"msg":"您已成团","nowTime":1625028825,"ret":10209}


账号15631692383_p 参加作者lxk0301的团 【7jPtJ2JL6_h0ffd7yEpvUQ==】
参团失败：{"msg":"您已成团","nowTime":1625028826,"ret":10209}


账号15631692383_p 参加作者lxk0301的团 【lNYSZ3NZXMM1zbw-2HCBrg==】
参团失败：{"msg":"您已成团","nowTime":1625028827,"ret":10209}


账号15631692383_p 参加作者lxk0301的团 【jGWeQYMfmZGttkMj5X3fjw==】
参团失败：{"msg":"您已成团","nowTime":1625028828,"ret":10209}


账号15631692383_p 参加作者lxk0301的团 【aOtiCp4p9AVWCY8BaIn28g==】
参团失败：{"msg":"您已成团","nowTime":1625028830,"ret":10209}


账号jd_74a8d71c978d9 参加作者lxk0301的团 【J5-wOkWbeEyhR-G9ZLFaDw==】
参团失败：{"msg":"您已成团","nowTime":1625028871,"ret":10209}


账号jd_74a8d71c978d9 参加作者lxk0301的团 【yCmQnKi2PHNBOPt0gmjQ0w==】
参团失败：{"msg":"您已成团","nowTime":1625028872,"ret":10209}


账号jd_74a8d71c978d9 参加作者lxk0301的团 【yeQfS0yoXXUIn8HealpA7g==】
参团失败：{"msg":"您已成团","nowTime":1625028873,"ret":10209}


账号jd_74a8d71c978d9 参加作者lxk0301的团 【FAPVsLeyhKWdATKP-q12SA==】
参团失败：{"msg":"您已成团","nowTime":1625028875,"ret":10209}


账号jd_74a8d71c978d9 参加作者lxk0301的团 【JlsgqU8qOBWi4OCixHiGMQ==】
参团失败：{"msg":"您已成团","nowTime":1625028876,"ret":10209}


账号jd_74a8d71c978d9 参加作者lxk0301的团 【fkLH2Rtgpz2dws5hRzrc3g==】
参团失败：{"msg":"您已成团","nowTime":1625028877,"ret":10209}


账号jd_74a8d71c978d9 参加作者lxk0301的团 【dvRPLFCcS_9ZblOJEaSX5w==】
参团失败：{"msg":"您已成团","nowTime":1625028878,"ret":10209}


账号jd_74a8d71c978d9 参加作者lxk0301的团 【LmbX3UxVUIBlZ3h9UGqOkA==】
参团失败：{"msg":"您已成团","nowTime":1625028881,"ret":10209}


账号jd_74a8d71c978d9 参加作者lxk0301的团 【U3ooU6gisMKfTCLg6E1wag==】
参团失败：{"msg":"您已成团","nowTime":1625028882,"ret":10209}


账号jd_74a8d71c978d9 参加作者lxk0301的团 【_T3opYFZWenM19UH3l8S4Q==】
参团失败：{"msg":"您已成团","nowTime":1625028883,"ret":10209}


账号jd_74a8d71c978d9 参加作者lxk0301的团 【L0urEC_F2t3tHH4dmuFS4w==】
参团失败：{"msg":"您已成团","nowTime":1625028884,"ret":10209}


账号jd_74a8d71c978d9 参加作者lxk0301的团 【7jPtJ2JL6_h0ffd7yEpvUQ==】
参团失败：{"msg":"您已成团","nowTime":1625028887,"ret":10209}


账号jd_74a8d71c978d9 参加作者lxk0301的团 【lNYSZ3NZXMM1zbw-2HCBrg==】
参团失败：{"msg":"您已成团","nowTime":1625028888,"ret":10209}


账号jd_74a8d71c978d9 参加作者lxk0301的团 【jGWeQYMfmZGttkMj5X3fjw==】
参团失败：{"msg":"您已成团","nowTime":1625028889,"ret":10209}


账号jd_74a8d71c978d9 参加作者lxk0301的团 【aOtiCp4p9AVWCY8BaIn28g==】
参团失败：{"msg":"您已成团","nowTime":1625028890,"ret":10209}


账号chao4596758 参加作者lxk0301的团 【BnoRV6Zxy71ARb8KEbx-AA==】
参团失败：{"msg":"您已成团","nowTime":1625028912,"ret":10209}


账号chao4596758 参加作者lxk0301的团 【SCET_uqcdhmc81Hemh5FaQ==】
参团失败：{"msg":"您已成团","nowTime":1625028913,"ret":10209}


账号chao4596758 参加作者lxk0301的团 【UWCB7E9sbOcgHWrNmpdMLw==】
参团失败：{"msg":"您已成团","nowTime":1625028919,"ret":10209}


账号chao4596758 参加作者lxk0301的团 【Kt6UvU3IjON2P3VtkHzn5A==】
参团失败：{"msg":"您已成团","nowTime":1625028921,"ret":10209}


账号chao4596758 参加作者lxk0301的团 【Rul-glJHVnmOWQ_0_D6DmA==】
参团失败：{"msg":"您已成团","nowTime":1625028922,"ret":10209}


账号chao4596758 参加作者lxk0301的团 【OGtz_B8zgMV3qSPpEc9lPw==】
参团失败：{"msg":"您已成团","nowTime":1625028923,"ret":10209}


账号chao4596758 参加作者lxk0301的团 【ijxmQt9tC5mKSKFbOA85lg==】
参团失败：{"msg":"您已成团","nowTime":1625028924,"ret":10209}


账号chao4596758 参加作者lxk0301的团 【lkscS6j1AYn0Er-xNo7zyQ==】
参团失败：{"msg":"您已成团","nowTime":1625028928,"ret":10209}


账号chao4596758 参加作者lxk0301的团 【6F8ojwtLQn7798sEt_tOtA==】
参团失败：{"msg":"您已成团","nowTime":1625028929,"ret":10209}


账号chao4596758 参加作者lxk0301的团 【Cdz1ejyhn2Q_WEf9giYOow==】
参团失败：{"msg":"您已成团","nowTime":1625028930,"ret":10209}


账号chao4596758 参加作者lxk0301的团 【WXvl3MwbE1lWqzHo5hNxvA==】
参团失败：{"msg":"您已成团","nowTime":1625028937,"ret":10209}


账号chao4596758 参加作者lxk0301的团 【rS87f_CN17T9MREXFqGloA==】
参团失败：{"msg":"您已成团","nowTime":1625028938,"ret":10209}


账号chao4596758 参加作者lxk0301的团 【wR31dY9bpSX2w0b0TYU7ZA==】
参团失败：{"msg":"您已成团","nowTime":1625028939,"ret":10209}


账号chao4596758 参加作者lxk0301的团 【XKyCUC8G-vgUoCBHsSCLhw==】
参团失败：{"msg":"您已成团","nowTime":1625028940,"ret":10209}


账号chao4596758 参加作者lxk0301的团 【-3XPaTF4nV0Z_sa1PV7S5A==】
参团失败：{"msg":"您已成团","nowTime":1625028942,"ret":10209}


账号jd_46df9eaa780aa 参加作者lxk0301的团 【BnoRV6Zxy71ARb8KEbx-AA==】
参团失败：{"msg":"您已成团","nowTime":1625028963,"ret":10209}


账号jd_46df9eaa780aa 参加作者lxk0301的团 【SCET_uqcdhmc81Hemh5FaQ==】
参团失败：{"msg":"您已成团","nowTime":1625028964,"ret":10209}


账号jd_46df9eaa780aa 参加作者lxk0301的团 【UWCB7E9sbOcgHWrNmpdMLw==】
参团失败：{"msg":"您已成团","nowTime":1625028966,"ret":10209}


账号jd_46df9eaa780aa 参加作者lxk0301的团 【Kt6UvU3IjON2P3VtkHzn5A==】
参团失败：{"msg":"您已成团","nowTime":1625028967,"ret":10209}


账号jd_46df9eaa780aa 参加作者lxk0301的团 【Rul-glJHVnmOWQ_0_D6DmA==】
参团失败：{"msg":"您已成团","nowTime":1625028968,"ret":10209}


账号jd_46df9eaa780aa 参加作者lxk0301的团 【OGtz_B8zgMV3qSPpEc9lPw==】
参团失败：{"msg":"您已成团","nowTime":1625028969,"ret":10209}


账号jd_46df9eaa780aa 参加作者lxk0301的团 【ijxmQt9tC5mKSKFbOA85lg==】
参团失败：{"msg":"您已成团","nowTime":1625028971,"ret":10209}


账号jd_46df9eaa780aa 参加作者lxk0301的团 【lkscS6j1AYn0Er-xNo7zyQ==】
参团失败：{"msg":"您已成团","nowTime":1625028972,"ret":10209}


账号jd_46df9eaa780aa 参加作者lxk0301的团 【6F8ojwtLQn7798sEt_tOtA==】
参团失败：{"msg":"您已成团","nowTime":1625028973,"ret":10209}


账号jd_46df9eaa780aa 参加作者lxk0301的团 【Cdz1ejyhn2Q_WEf9giYOow==】
参团失败：{"msg":"您已成团","nowTime":1625028974,"ret":10209}


账号jd_46df9eaa780aa 参加作者lxk0301的团 【WXvl3MwbE1lWqzHo5hNxvA==】
参团失败：{"msg":"您已成团","nowTime":1625028975,"ret":10209}


账号jd_46df9eaa780aa 参加作者lxk0301的团 【rS87f_CN17T9MREXFqGloA==】
参团失败：{"msg":"您已成团","nowTime":1625028976,"ret":10209}


账号jd_46df9eaa780aa 参加作者lxk0301的团 【wR31dY9bpSX2w0b0TYU7ZA==】
参团失败：{"msg":"您已成团","nowTime":1625028978,"ret":10209}


账号jd_46df9eaa780aa 参加作者lxk0301的团 【XKyCUC8G-vgUoCBHsSCLhw==】
参团失败：{"msg":"您已成团","nowTime":1625028980,"ret":10209}


账号jd_46df9eaa780aa 参加作者lxk0301的团 【-3XPaTF4nV0Z_sa1PV7S5A==】
参团失败：{"msg":"您已成团","nowTime":1625028982,"ret":10209}


🔔京喜工厂, 结束! 🕛 336.627 秒

