
🔔京喜工厂, 开始!

====================共2个京东账号Cookie=========

==================脚本执行- 北京时间(UTC+8)：7/10/2021, 8:54:09 AM=====================

获取签名参数成功！
fp: 5583958312650162
token: tk01wcfeb1d19a8nZm1HNnAvQlZrvwPg39e6qp8WrtNyDSG3HZh2aiMkW/JitINQ2FxjUaxp/DNupJyqMmLeHK9UIwzZ
enCryptMethodJD: function test(token,fingerprint,timestamp,appId,algo){const random='+1sAsnKfTddO';const str=`${token}${fingerprint}${timestamp}${appId}${random}`;return algo.HmacSHA256(str,token)}
拼团活动ID: 获取成功 T_zZaWP6by9yA1wehxM4mg==

开始获取京喜工厂配置文件

您的互助码选择的是用&隔开

共2个京东账号

您提供了0个账号的京喜工厂助力码


******开始【京东账号1】Ymh__Sirius*********

再加0.68%电力可开红包

当前电力：61
当前等级：8

【京东账号1（15631692383_p）的京喜工厂好友互助码】jLuj5y4OynbjOLDt2boGNg==
已投入电力：422700
所需电力：1730000
生产进度：24.43%


预计最快还需 【7.57天】生产完毕




你今日还能帮好友打工（0/3）次


【今日招工进度】0/14

今日助力好友机会已耗尽

发电机：当前 379.9 电力，最大值 510 电力

本次发电机电力集满分享后可获得双倍电力，故目前不收取电力

完成任务：共领取0电力
投入失败，电力不足，快去做任务吧~

团活动ID  T_zZaWP6by9yA1wehxM4mg==
团ID  dZAEAV4kselptMg1FoQVDA==

今日剩余开团次数：2次

开团情况:1/6


此团未达领取团奖励人数：6人

7/10/2021, 5:51:07 AM参加团主【jLuj5y4OynbjOLDt2boGNg==】失败
7/10/2021, 6:52:54 AM参加团主【15*3_p】的奖励已经领取成功
7/9/2021, 4:50:39 PM参加团主【jLuj5y4OynbjOLDt2boGNg==】失败
7/9/2021, 3:50:39 AM参加团主【jLuj5y4OynbjOLDt2boGNg==】失败
7/8/2021, 2:50:44 PM参加团主【jLuj5y4OynbjOLDt2boGNg==】失败
7/9/2021, 12:56:51 AM参加团主【15*3_p】的奖励已经领取成功
7/8/2021, 1:53:37 AM参加团主【jLuj5y4OynbjOLDt2boGNg==】失败
7/8/2021, 12:55:57 AM参加团主【15*3_p】的奖励已经领取成功
7/7/2021, 12:54:02 PM参加团主【jLuj5y4OynbjOLDt2boGNg==】失败
7/7/2021, 12:56:03 AM参加团主【15*3_p】的奖励已经领取成功

  商品名     兑换状态
平板拖把    已兑换
芒果干    已兑换
芋泥酥6枚    已兑换
冰箱除味剂4盒    已兑换
统一干脆面    兑换超时

【京东账号1】Ymh__Sirius
【生产商品】飘柔护发素
【当前等级】研究员 8
【生产进度】24.43%
【招工进度】0/14
【发电机电力】当前 379.9 电力，未达到收获标准
【每日任务】领奖成功，共计 0 电力
【投入电力】投入失败，电力不足，快去做任务吧~
【收取自己零件】获得0电力
【收取好友零件】获得0电力


******开始【京东账号2】Ycp_Dream*********

再加0.06%电力可开红包

当前电力：90
当前等级：3

【京东账号2（jd_74a8d71c978d9）的京喜工厂好友互助码】hVdButlHZykF-_RZaC6F1w==
已投入电力：9103500
所需电力：9560000
生产进度：95.22%


预计最快还需 【2.64天】生产完毕




你今日还能帮好友打工（3/3）次


【今日招工进度】0/10
由于您第2个京东账号未提供shareCode,将采纳本脚本自带的助力码

开始
"Response code 530 (undefined)"
京喜工厂 API请求失败，请检查网路重试
第2个京东账号将要助力的好友["gB99tYLjvPcEFloDgamoBw==","7dluIKQMp0bySgcr8AqFgw=="]
助力朋友[gB99tYLjvPcEFloDgamoBw==]失败：亲,好友的工厂暂未开启,不能去好友工厂打工啦!
助力朋友[7dluIKQMp0bySgcr8AqFgw==]失败：亲,好友的工厂的工人已经满员了,不能去好友工厂打工啦!
发电机：当前 360 电力，最大值 360 电力
发电机：电力可翻倍并收获
收取电力成功: 共720 
去做任务：*限时*邀5人得2万电
做任务完成！
领取*限时*邀5人得2万电任务奖励成功，收获：100电力
去做任务：*限时*邀5人得2万电
DoTask异常：{"data":{"awardStatus":1,"completedTimes":1,"dateTypeExtra":"20210710","updateTime":1625878530,"userStatusConfigExtra":""},"msg":"亲,活动太火爆了,请稍后再试吧!","ret":1009}
领取*限时*邀5人得2万电任务奖励失败，任务已领奖
任务：每日开工打卡可完成
领取每日开工打卡任务奖励成功，收获：800电力
去做任务：上集市做调研30s
做任务完成！
领取上集市做调研30s任务奖励成功，收获：300电力
去做任务：上集市做调研30s
DoTask异常：{"data":{"awardStatus":1,"completedTimes":1,"dateTypeExtra":"20210710","updateTime":1625878537,"userStatusConfigExtra":""},"msg":"亲,活动太火爆了,请稍后再试吧!","ret":1009}
领取上集市做调研30s任务奖励失败，任务已领奖
任务：登录APP领取奖励可完成
领取登录APP领取奖励任务奖励成功，收获：2500电力
去做任务：开宝箱找万能螺丝刀
做任务完成！
领取开宝箱找万能螺丝刀任务奖励成功，收获：100电力
去做任务：开宝箱找万能螺丝刀
DoTask异常：{"data":{"awardStatus":1,"completedTimes":1,"dateTypeExtra":"20210710","updateTime":1625878542,"userStatusConfigExtra":""},"msg":"亲,活动太火爆了,请稍后再试吧!","ret":1009}
领取开宝箱找万能螺丝刀任务奖励失败，任务已领奖
去做任务：去签到，可领现金,每日签到领红包,去京东会员领专属权益
做任务完成！
领取去签到，可领现金,每日签到领红包,去京东会员领专属权益任务奖励成功，收获：100电力
去做任务：去签到，可领现金,每日签到领红包,去京东会员领专属权益
做任务完成！
领取去签到，可领现金,每日签到领红包,去京东会员领专属权益任务奖励成功，收获：100电力
去做任务：去签到，可领现金,每日签到领红包,去京东会员领专属权益
做任务完成！
领取去签到，可领现金,每日签到领红包,去京东会员领专属权益任务奖励成功，收获：100电力
去做任务：去签到，可领现金,每日签到领红包,去京东会员领专属权益
DoTask异常：{"data":{"awardStatus":1,"completedTimes":3,"dateTypeExtra":"20210710","updateTime":1625878558,"userStatusConfigExtra":""},"msg":"亲,活动太火爆了,请稍后再试吧!","ret":1009}
领取去签到，可领现金,每日签到领红包,去京东会员领专属权益任务奖励失败，任务已领奖
去做任务：从首页“领免费商品”进工厂,8.9元抢金龙鱼油,5.4元抢抽纸6包,4.9买佳洁士牙膏,限时9.9元秒
做任务完成！
领取从首页“领免费商品”进工厂,8.9元抢金龙鱼油,5.4元抢抽纸6包,4.9买佳洁士牙膏,限时9.9元秒任务奖励成功，收获：300电力
去做任务：从首页“领免费商品”进工厂,8.9元抢金龙鱼油,5.4元抢抽纸6包,4.9买佳洁士牙膏,限时9.9元秒
做任务完成！
领取从首页“领免费商品”进工厂,8.9元抢金龙鱼油,5.4元抢抽纸6包,4.9买佳洁士牙膏,限时9.9元秒任务奖励成功，收获：300电力
去做任务：从首页“领免费商品”进工厂,8.9元抢金龙鱼油,5.4元抢抽纸6包,4.9买佳洁士牙膏,限时9.9元秒
做任务完成！
领取从首页“领免费商品”进工厂,8.9元抢金龙鱼油,5.4元抢抽纸6包,4.9买佳洁士牙膏,限时9.9元秒任务奖励成功，收获：300电力
去做任务：从首页“领免费商品”进工厂,8.9元抢金龙鱼油,5.4元抢抽纸6包,4.9买佳洁士牙膏,限时9.9元秒
做任务完成！
领取从首页“领免费商品”进工厂,8.9元抢金龙鱼油,5.4元抢抽纸6包,4.9买佳洁士牙膏,限时9.9元秒任务奖励成功，收获：300电力
去做任务：从首页“领免费商品”进工厂,8.9元抢金龙鱼油,5.4元抢抽纸6包,4.9买佳洁士牙膏,限时9.9元秒
做任务完成！
领取从首页“领免费商品”进工厂,8.9元抢金龙鱼油,5.4元抢抽纸6包,4.9买佳洁士牙膏,限时9.9元秒任务奖励成功，收获：300电力
去做任务：从首页“领免费商品”进工厂,8.9元抢金龙鱼油,5.4元抢抽纸6包,4.9买佳洁士牙膏,限时9.9元秒
DoTask异常：{"data":{"awardStatus":1,"completedTimes":5,"dateTypeExtra":"20210710","updateTime":1625878569,"userStatusConfigExtra":""},"msg":"亲,活动太火爆了,请稍后再试吧!","ret":1009}
领取从首页“领免费商品”进工厂,8.9元抢金龙鱼油,5.4元抢抽纸6包,4.9买佳洁士牙膏,限时9.9元秒任务奖励失败，任务已领奖
去做任务：去赢1000元红包,1万份鸡蛋免费送,去抢6瓶可口可乐
做任务完成！
领取去赢1000元红包,1万份鸡蛋免费送,去抢6瓶可口可乐任务奖励成功，收获：100电力
去做任务：去赢1000元红包,1万份鸡蛋免费送,去抢6瓶可口可乐
做任务完成！
领取去赢1000元红包,1万份鸡蛋免费送,去抢6瓶可口可乐任务奖励成功，收获：100电力
去做任务：去赢1000元红包,1万份鸡蛋免费送,去抢6瓶可口可乐
做任务完成！
领取去赢1000元红包,1万份鸡蛋免费送,去抢6瓶可口可乐任务奖励成功，收获：100电力
去做任务：去赢1000元红包,1万份鸡蛋免费送,去抢6瓶可口可乐
DoTask异常：{"data":{"awardStatus":1,"completedTimes":3,"dateTypeExtra":"20210710","updateTime":1625878582,"userStatusConfigExtra":""},"msg":"亲,活动太火爆了,请稍后再试吧!","ret":1009}
领取去赢1000元红包,1万份鸡蛋免费送,去抢6瓶可口可乐任务奖励失败，任务已领奖
去做任务：上岛兑0元好物,逛农场免费领水果,出海寻宝领100元红包
做任务完成！
领取上岛兑0元好物,逛农场免费领水果,出海寻宝领100元红包任务奖励成功，收获：100电力
去做任务：上岛兑0元好物,逛农场免费领水果,出海寻宝领100元红包
做任务完成！
领取上岛兑0元好物,逛农场免费领水果,出海寻宝领100元红包任务奖励成功，收获：100电力
去做任务：上岛兑0元好物,逛农场免费领水果,出海寻宝领100元红包
做任务完成！
领取上岛兑0元好物,逛农场免费领水果,出海寻宝领100元红包任务奖励成功，收获：100电力
去做任务：上岛兑0元好物,逛农场免费领水果,出海寻宝领100元红包
DoTask异常：{"data":{"awardStatus":1,"completedTimes":3,"dateTypeExtra":"20210710","updateTime":1625878590,"userStatusConfigExtra":""},"msg":"亲,活动太火爆了,请稍后再试吧!","ret":1009}
领取上岛兑0元好物,逛农场免费领水果,出海寻宝领100元红包任务奖励失败，任务已领奖
完成任务：共领取6920电力
成功投入电力7000电力
打工电力：收取成功

团活动ID  T_zZaWP6by9yA1wehxM4mg==
团ID  XtWmc8hnW1CUjn4L-bb-kA==

今日剩余开团次数：3次
之前的团已过期，准备重新开团

【开团成功】tuanId为 dw-oAoBV-ybYRlwAd8vhBw==

开团情况:1/6


此团未达领取团奖励人数：6人

7/2/2021, 9:20:28 AM参加团主【hVdButlHZykF-_RZaC6F1w==】失败
7/2/2021, 9:20:10 AM参加团主【jLuj5y4OynbjOLDt2boGNg==】失败
7/1/2021, 8:55:42 PM参加团主【hVdButlHZykF-_RZaC6F1w==】失败
7/1/2021, 8:54:51 PM参加团主【jLuj5y4OynbjOLDt2boGNg==】失败
7/10/2021, 8:56:38 AM参加团主【hVdButlHZykF-_RZaC6F1w==】失败
7/9/2021, 7:54:49 PM参加团主【hVdButlHZykF-_RZaC6F1w==】失败
7/9/2021, 4:50:39 PM参加团主【jLuj5y4OynbjOLDt2boGNg==】失败

  商品名     兑换状态
不锈钢多用盆    已兑换

【京东账号2】Ycp_Dream
【生产商品】平板拖把
【当前等级】金牌学徒 3
【生产进度】95.22%
【招工进度】0/10
【收取发电站】收取成功，获得 720 电力
【每日任务】领奖成功，共计 6920 电力
【投入电力】投入成功，共计 7000 电力
【打工电力】：收取成功
【收取自己零件】获得0电力
【收取好友零件】获得0电力


账号15631692383_p 参加作者lxk0301的团 【gCJgRwHuv7LGcLoHPgCyAA==】
参团失败：{"msg":"您已成团","nowTime":1625878630,"ret":10209}


账号15631692383_p 参加作者lxk0301的团 【NrO9BE6QDlC7rP3t5mS6iA==】
参团失败：{"msg":"您已成团","nowTime":1625878635,"ret":10209}


账号15631692383_p 参加作者lxk0301的团 【18jWVPfh8SNOQP4NUwA3fg==】
参团失败：{"msg":"您已成团","nowTime":1625878637,"ret":10209}


账号15631692383_p 参加作者lxk0301的团 【bRby54lubJ-_3jEBZMd0Ng==】
参团失败：{"msg":"您已成团","nowTime":1625878640,"ret":10209}


账号15631692383_p 参加作者lxk0301的团 【rSOYD11tZMHLPFylixikRg==】
参团失败：{"msg":"您已成团","nowTime":1625878643,"ret":10209}


账号15631692383_p 参加作者lxk0301的团 【5KDlHGuuD2KmDh_6-b6rjw==】
参团失败：{"msg":"您已成团","nowTime":1625878644,"ret":10209}


账号15631692383_p 参加作者lxk0301的团 【JFUFPkpSwM47oS94uH5Nhw==】
参团失败：{"msg":"您已成团","nowTime":1625878646,"ret":10209}


账号15631692383_p 参加作者lxk0301的团 【tnxoSk8whPDyfQOyKbzbAw==】
参团失败：{"msg":"您已成团","nowTime":1625878647,"ret":10209}


账号15631692383_p 参加作者lxk0301的团 【8pAKAvWz3ttyrzlZbntzgw==】
参团失败：{"msg":"您已成团","nowTime":1625878648,"ret":10209}


账号15631692383_p 参加作者lxk0301的团 【4fdLCYU_sK49lEOS-qwDGA==】
参团失败：{"msg":"您已成团","nowTime":1625878650,"ret":10209}


账号15631692383_p 参加作者lxk0301的团 【SI_rtZ3FkROOiX6rqZYWtw==】
参团失败：{"msg":"您已成团","nowTime":1625878651,"ret":10209}


账号15631692383_p 参加作者lxk0301的团 【jZLXpen2XH4WPVNHTug90A==】
参团失败：{"msg":"您已成团","nowTime":1625878653,"ret":10209}


账号15631692383_p 参加作者lxk0301的团 【7wYwvuBRovOtzZqcDv8ZjA==】
参团失败：{"msg":"您已成团","nowTime":1625878654,"ret":10209}


账号15631692383_p 参加作者lxk0301的团 【14HnJhwjALcaL0c6Nw63fQ==】
参团失败：{"msg":"您已成团","nowTime":1625878655,"ret":10209}


账号15631692383_p 参加作者lxk0301的团 【zi8usJV7PoU3v51LCg1OBA==】
参团失败：{"msg":"您已成团","nowTime":1625878656,"ret":10209}


账号15631692383_p 参加作者lxk0301的团 【EG7D5HYO2LOD0QxOy1bepA==】
参团失败：{"msg":"您已成团","nowTime":1625878658,"ret":10209}


账号15631692383_p 参加作者lxk0301的团 【2RHKbyiwxbEBVeIS3fvcEA==】
参团失败：{"msg":"您已成团","nowTime":1625878659,"ret":10209}


账号15631692383_p 参加作者lxk0301的团 【a0No7zjrr5wlZtkPPaYAIQ==】
参团失败：{"msg":"您已成团","nowTime":1625878660,"ret":10209}


账号15631692383_p 参加作者lxk0301的团 【JGR7cgL2p6ePDaP6rWhQCQ==】
参团失败：{"msg":"您已成团","nowTime":1625878661,"ret":10209}


账号15631692383_p 参加作者lxk0301的团 【N3_m7voxg2BTA0SQH6VEcg==】
参团失败：{"msg":"您已成团","nowTime":1625878663,"ret":10209}


账号15631692383_p 参加作者lxk0301的团 【Zs1q3s7oF9hQvtjumAHjzw==】
参团失败：{"msg":"您已成团","nowTime":1625878664,"ret":10209}


账号jd_74a8d71c978d9 参加作者lxk0301的团 【gCJgRwHuv7LGcLoHPgCyAA==】
参团失败：{"msg":"您已成团","nowTime":1625878690,"ret":10209}


账号jd_74a8d71c978d9 参加作者lxk0301的团 【NrO9BE6QDlC7rP3t5mS6iA==】
参团失败：{"msg":"您已成团","nowTime":1625878696,"ret":10209}


账号jd_74a8d71c978d9 参加作者lxk0301的团 【18jWVPfh8SNOQP4NUwA3fg==】
参团失败：{"msg":"您已成团","nowTime":1625878698,"ret":10209}


账号jd_74a8d71c978d9 参加作者lxk0301的团 【bRby54lubJ-_3jEBZMd0Ng==】
参团失败：{"msg":"您已成团","nowTime":1625878700,"ret":10209}


账号jd_74a8d71c978d9 参加作者lxk0301的团 【rSOYD11tZMHLPFylixikRg==】
参团失败：{"msg":"您已成团","nowTime":1625878701,"ret":10209}


账号jd_74a8d71c978d9 参加作者lxk0301的团 【5KDlHGuuD2KmDh_6-b6rjw==】
参团失败：{"msg":"您已成团","nowTime":1625878702,"ret":10209}


账号jd_74a8d71c978d9 参加作者lxk0301的团 【JFUFPkpSwM47oS94uH5Nhw==】
参团失败：{"msg":"您已成团","nowTime":1625878703,"ret":10209}


账号jd_74a8d71c978d9 参加作者lxk0301的团 【tnxoSk8whPDyfQOyKbzbAw==】
参团失败：{"msg":"您已成团","nowTime":1625878705,"ret":10209}


账号jd_74a8d71c978d9 参加作者lxk0301的团 【8pAKAvWz3ttyrzlZbntzgw==】
参团失败：{"msg":"您已成团","nowTime":1625878706,"ret":10209}


账号jd_74a8d71c978d9 参加作者lxk0301的团 【4fdLCYU_sK49lEOS-qwDGA==】
参团失败：{"msg":"您已成团","nowTime":1625878707,"ret":10209}


账号jd_74a8d71c978d9 参加作者lxk0301的团 【SI_rtZ3FkROOiX6rqZYWtw==】
参团失败：{"msg":"您已成团","nowTime":1625878709,"ret":10209}


账号jd_74a8d71c978d9 参加作者lxk0301的团 【jZLXpen2XH4WPVNHTug90A==】
参团失败：{"msg":"您已成团","nowTime":1625878710,"ret":10209}


账号jd_74a8d71c978d9 参加作者lxk0301的团 【7wYwvuBRovOtzZqcDv8ZjA==】
参团失败：{"msg":"您已成团","nowTime":1625878711,"ret":10209}


账号jd_74a8d71c978d9 参加作者lxk0301的团 【14HnJhwjALcaL0c6Nw63fQ==】
参团失败：{"msg":"您已成团","nowTime":1625878712,"ret":10209}


账号jd_74a8d71c978d9 参加作者lxk0301的团 【zi8usJV7PoU3v51LCg1OBA==】
参团失败：{"msg":"您已成团","nowTime":1625878714,"ret":10209}


账号jd_74a8d71c978d9 参加作者lxk0301的团 【EG7D5HYO2LOD0QxOy1bepA==】
参团失败：{"msg":"您已成团","nowTime":1625878715,"ret":10209}


账号jd_74a8d71c978d9 参加作者lxk0301的团 【2RHKbyiwxbEBVeIS3fvcEA==】
参团失败：{"msg":"您已成团","nowTime":1625878716,"ret":10209}


账号jd_74a8d71c978d9 参加作者lxk0301的团 【a0No7zjrr5wlZtkPPaYAIQ==】
参团失败：{"msg":"您已成团","nowTime":1625878718,"ret":10209}


账号jd_74a8d71c978d9 参加作者lxk0301的团 【JGR7cgL2p6ePDaP6rWhQCQ==】
参团失败：{"msg":"您已成团","nowTime":1625878719,"ret":10209}


账号jd_74a8d71c978d9 参加作者lxk0301的团 【N3_m7voxg2BTA0SQH6VEcg==】
参团失败：{"msg":"您已成团","nowTime":1625878720,"ret":10209}


账号jd_74a8d71c978d9 参加作者lxk0301的团 【Zs1q3s7oF9hQvtjumAHjzw==】
参团失败：{"msg":"您已成团","nowTime":1625878722,"ret":10209}


🔔京喜工厂, 结束! 🕛 274.117 秒

