
🔔京喜工厂, 开始!

====================共5个京东账号Cookie=========

==================脚本执行- 北京时间(UTC+8)：7/2/2021, 11:54:24 AM=====================

获取签名参数成功！
fp: 3125987993182162
token: tk01wcaf91bd5a8nWUtWVDNyYVZMJ+TvNuyen2fuWQiiRvPJTuPpf/LpKHNxrBEUbH662BW7hDBFXRIPG7iIz5gCKM+U
enCryptMethodJD: function test(token,fingerprint,timestamp,appId,algo){const random='6FfWc94qjfxn';const str=`${token}${fingerprint}${timestamp}${appId}${random}`;return algo.SHA512(str)}
拼团活动ID: 获取成功 T_zZaWP6by9yA1wehxM4mg==

开始获取京喜工厂配置文件

您的互助码选择的是用&隔开

共5个京东账号

您提供了0个账号的京喜工厂助力码


******开始【京东账号1】Ymh__Sirius*********

再加1.26%电力可开红包

当前电力：76
当前等级：8

【京东账号1（15631692383_p）的京喜工厂好友互助码】jLuj5y4OynbjOLDt2boGNg==
已投入电力：205400
所需电力：1730000
生产进度：11.87%


预计最快还需 【8.82天】生产完毕




你今日还能帮好友打工（0/3）次


【今日招工进度】0/14

今日助力好友机会已耗尽

发电机：当前 383.5 电力，最大值 510 电力

本次发电机电力集满分享后可获得双倍电力，故目前不收取电力

完成任务：共领取0电力
投入失败，电力不足，快去做任务吧~

团活动ID  T_zZaWP6by9yA1wehxM4mg==
团ID  MZRfagjg1F6XgUEI70Dp3Q==

今日剩余开团次数：2次

开团情况:5/6


此团未达领取团奖励人数：6人

7/2/2021, 9:20:28 AM参加团主【hVdButlHZykF-_RZaC6F1w==】失败
7/2/2021, 9:20:10 AM参加团主【jLuj5y4OynbjOLDt2boGNg==】失败
7/1/2021, 8:55:42 PM参加团主【hVdButlHZykF-_RZaC6F1w==】失败
7/1/2021, 8:54:51 PM参加团主【jLuj5y4OynbjOLDt2boGNg==】失败

  商品名     兑换状态
平板拖把    已兑换
芒果干    已兑换
芋泥酥6枚    已兑换
冰箱除味剂4盒    已兑换
统一干脆面    兑换超时

【京东账号1】Ymh__Sirius
【生产商品】飘柔护发素
【当前等级】研究员 8
【生产进度】11.87%
【招工进度】0/14
【发电机电力】当前 383.5 电力，未达到收获标准
【每日任务】领奖成功，共计 0 电力
【投入电力】投入失败，电力不足，快去做任务吧~
【收取自己零件】获得0电力
【收取好友零件】获得0电力


******开始【京东账号2】Ycp_Dream*********

再加0.16%电力可开红包

当前电力：50
当前等级：3

【京东账号2（jd_74a8d71c978d9）的京喜工厂好友互助码】hVdButlHZykF-_RZaC6F1w==
已投入电力：9072300
所需电力：9560000
生产进度：94.90%


预计最快还需 【2.82天】生产完毕




你今日还能帮好友打工（3/3）次


【今日招工进度】0/10
由于您第2个京东账号未提供shareCode,将采纳本脚本自带的助力码

开始
第2个京东账号将要助力的好友["gB99tYLjvPcEFloDgamoBw==","7dluIKQMp0bySgcr8AqFgw=="]
助力朋友[gB99tYLjvPcEFloDgamoBw==]失败：好友存储电力已达上限,暂不可打工哦~
助力朋友[7dluIKQMp0bySgcr8AqFgw==]失败：亲,好友的工厂的工人已经满员了,不能去好友工厂打工啦!
发电机：当前 360 电力，最大值 360 电力
发电机：电力可翻倍并收获
收取电力成功: 共720 
任务：今日收取发电机电力可完成
领取今日收取发电机电力任务奖励成功，收获：500电力
完成任务：共领取1220电力
成功投入电力1200电力

团活动ID  T_zZaWP6by9yA1wehxM4mg==
团ID  ibroxAnKUPosrYwGeX7Yew==

今日剩余开团次数：2次

开团情况:2/6


此团未达领取团奖励人数：6人

"Timeout awaiting 'request' for 10000ms"
京喜工厂 API请求失败，请检查网路重试
7/2/2021, 9:20:28 AM参加团主【hVdButlHZykF-_RZaC6F1w==】失败
7/2/2021, 9:20:10 AM参加团主【jLuj5y4OynbjOLDt2boGNg==】失败
7/1/2021, 8:55:42 PM参加团主【hVdButlHZykF-_RZaC6F1w==】失败
7/1/2021, 8:54:51 PM参加团主【jLuj5y4OynbjOLDt2boGNg==】失败

  商品名     兑换状态
不锈钢多用盆    已兑换

【京东账号2】Ycp_Dream
【生产商品】平板拖把
【当前等级】金牌学徒 3
【生产进度】94.90%
【招工进度】0/10
【收取发电站】收取成功，获得 720 电力
【每日任务】领奖成功，共计 1220 电力
【投入电力】投入成功，共计 1200 电力
【收取自己零件】获得0电力
【收取好友零件】获得0电力


******开始【京东账号3】jd_585601a83bd48*********

【提示】京东账号3[jd_585601a83bd48]京喜工厂活动未开始
请手动去京东APP->游戏与互动->查看更多->京喜工厂 开启活动



你今日还能帮好友打工（3/3）次


【今日招工进度】0/8
由于您第3个京东账号未提供shareCode,将采纳本脚本自带的助力码

开始
第3个京东账号将要助力的好友["-OvElMzqeyeGBWazWYjI1Q=="]
助力朋友[-OvElMzqeyeGBWazWYjI1Q==]失败：好友存储电力已达上限,暂不可打工哦~

******开始【京东账号4】jd_157332ewky*********

【提示】京东账号4[jd_157332ewky]京喜工厂活动未开始
请手动去京东APP->游戏与互动->查看更多->京喜工厂 开启活动



你今日还能帮好友打工（3/3）次


【今日招工进度】0/8
由于您第4个京东账号未提供shareCode,将采纳本脚本自带的助力码

开始
第4个京东账号将要助力的好友["GFwo6PntxDHH95ZRzZ5uAg=="]
"Timeout awaiting 'request' for 10000ms"
京喜工厂 API请求失败，请检查网路重试
助力朋友[GFwo6PntxDHH95ZRzZ5uAg==]失败：亲,好友的工厂的工人已经满员了,不能去好友工厂打工啦!

******开始【京东账号5】jd_157332zdf*********

【提示】京东账号5[jd_157332zdf]京喜工厂未选购商品
请手动去京东APP->游戏与互动->查看更多->京喜工厂 选购



你今日还能帮好友打工（3/3）次


【今日招工进度】0/8
由于您第5个京东账号未提供shareCode,将采纳本脚本自带的助力码

开始
第5个京东账号将要助力的好友["GFwo6PntxDHH95ZRzZ5uAg=="]
"Timeout awaiting 'request' for 10000ms"
京喜工厂 API请求失败，请检查网路重试
助力朋友[GFwo6PntxDHH95ZRzZ5uAg==]失败：亲,好友的工厂的工人已经满员了,不能去好友工厂打工啦!

账号15631692383_p 内部相互进团


15631692383_p 去参加团 MZRfagjg1F6XgUEI70Dp3Q==
参团失败：{"msg":"您已成功参团","nowTime":1625198191,"ret":10208}


15631692383_p 去参加团 ibroxAnKUPosrYwGeX7Yew==
参团失败：{"msg":"您已成功参团","nowTime":1625198193,"ret":10208}

"Timeout awaiting 'request' for 10000ms"
京喜工厂 API请求失败，请检查网路重试

账号15631692383_p 参加作者lxk0301的团 【UvGm4lTrWm356TZNyYzfVQ==】
参团失败：{"msg":"您已成团","nowTime":1625198216,"ret":10209}


账号15631692383_p 参加作者lxk0301的团 【Xjmh5HKRolb2ZxBdOGFuBg==】
参团失败：{"msg":"您已成团","nowTime":1625198222,"ret":10209}


账号15631692383_p 参加作者lxk0301的团 【O3Gmfne2XJMp92VzJv8GcQ==】
参团失败：{"msg":"您已成团","nowTime":1625198223,"ret":10209}


账号15631692383_p 参加作者lxk0301的团 【TFFyMnFluiz5u_XZsq5BQg==】
参团失败：{"msg":"您已成团","nowTime":1625198229,"ret":10209}


账号15631692383_p 参加作者lxk0301的团 【dUGkIpz1y0Ah49_PC_D_TQ==】
参团失败：{"msg":"您已成团","nowTime":1625198230,"ret":10209}


账号15631692383_p 参加作者lxk0301的团 【yp4ftgIIXAmpb0ZEsq5pew==】
参团失败：{"msg":"您已成团","nowTime":1625198231,"ret":10209}


账号15631692383_p 参加作者lxk0301的团 【XOs9zCz9_BgUv1Dzdw7EkA==】
参团失败：{"msg":"您已成团","nowTime":1625198233,"ret":10209}


账号15631692383_p 参加作者lxk0301的团 【DywRS2p-vjlnOzvbDx47jA==】
参团失败：{"msg":"您已成团","nowTime":1625198234,"ret":10209}


账号15631692383_p 参加作者lxk0301的团 【msuZQ6xAqYaXnqJMWfa8Pg==】
参团失败：{"msg":"您已成团","nowTime":1625198235,"ret":10209}


账号15631692383_p 参加作者lxk0301的团 【yn-Ptpns10Kkh15ywyovDw==】
参团失败：{"msg":"您已成团","nowTime":1625198236,"ret":10209}


账号15631692383_p 参加作者lxk0301的团 【_Ipt6FTk0lEE-ARdZermCQ==】
参团失败：{"msg":"您已成团","nowTime":1625198237,"ret":10209}


账号15631692383_p 参加作者lxk0301的团 【pepGevYfAKcf3J0x20cfNA==】
参团失败：{"msg":"您已成团","nowTime":1625198239,"ret":10209}


账号15631692383_p 参加作者lxk0301的团 【9YVXUVXfL9DClTw-A4VPcg==】
参团失败：{"msg":"您已成团","nowTime":1625198240,"ret":10209}


账号15631692383_p 参加作者lxk0301的团 【9c3ePp3APAneiB00WAXceQ==】
参团失败：{"msg":"您已成团","nowTime":1625198241,"ret":10209}


账号15631692383_p 参加作者lxk0301的团 【E3BNN2laVcOI5XJPEjlE1Q==】
参团失败：{"msg":"您已成团","nowTime":1625198242,"ret":10209}


账号15631692383_p 参加作者lxk0301的团 【QnoPcnogYZn5g6ICBfb69g==】
参团失败：{"msg":"您已成团","nowTime":1625198249,"ret":10209}


账号15631692383_p 参加作者lxk0301的团 【mrG2kt6fLXVzV-XDGcXZ_w==】
参团失败：{"msg":"您已成团","nowTime":1625198255,"ret":10209}


账号15631692383_p 参加作者lxk0301的团 【pnbHD6QdXETI8s8EWli-hg==】
参团失败：{"msg":"您已成团","nowTime":1625198256,"ret":10209}


账号15631692383_p 参加作者lxk0301的团 【YMj1-AmlQsoo9h75gr0f0Q==】
参团失败：{"msg":"您已成团","nowTime":1625198257,"ret":10209}


账号15631692383_p 参加作者lxk0301的团 【KNevAJic14-EH2UR2czt6g==】
参团失败：{"msg":"您已成团","nowTime":1625198258,"ret":10209}


账号jd_74a8d71c978d9 内部相互进团


jd_74a8d71c978d9 去参加团 MZRfagjg1F6XgUEI70Dp3Q==
参团失败：{"msg":"您已成功参团","nowTime":1625198260,"ret":10208}


jd_74a8d71c978d9 去参加团 ibroxAnKUPosrYwGeX7Yew==
参团失败：{"msg":"您已成功参团","nowTime":1625198261,"ret":10208}


账号jd_74a8d71c978d9 参加作者lxk0301的团 【UvGm4lTrWm356TZNyYzfVQ==】
参团失败：{"msg":"您已成团","nowTime":1625198289,"ret":10209}


账号jd_74a8d71c978d9 参加作者lxk0301的团 【Xjmh5HKRolb2ZxBdOGFuBg==】
参团失败：{"msg":"您已成团","nowTime":1625198293,"ret":10209}


账号jd_74a8d71c978d9 参加作者lxk0301的团 【O3Gmfne2XJMp92VzJv8GcQ==】
参团失败：{"msg":"您已成团","nowTime":1625198294,"ret":10209}


账号jd_74a8d71c978d9 参加作者lxk0301的团 【TFFyMnFluiz5u_XZsq5BQg==】
参团失败：{"msg":"您已成团","nowTime":1625198295,"ret":10209}


账号jd_74a8d71c978d9 参加作者lxk0301的团 【dUGkIpz1y0Ah49_PC_D_TQ==】
参团失败：{"msg":"您已成团","nowTime":1625198296,"ret":10209}


账号jd_74a8d71c978d9 参加作者lxk0301的团 【yp4ftgIIXAmpb0ZEsq5pew==】
参团失败：{"msg":"您已成团","nowTime":1625198297,"ret":10209}


账号jd_74a8d71c978d9 参加作者lxk0301的团 【XOs9zCz9_BgUv1Dzdw7EkA==】
参团失败：{"msg":"您已成团","nowTime":1625198299,"ret":10209}


账号jd_74a8d71c978d9 参加作者lxk0301的团 【DywRS2p-vjlnOzvbDx47jA==】
参团失败：{"msg":"您已成团","nowTime":1625198300,"ret":10209}


账号jd_74a8d71c978d9 参加作者lxk0301的团 【msuZQ6xAqYaXnqJMWfa8Pg==】
参团失败：{"msg":"您已成团","nowTime":1625198301,"ret":10209}


账号jd_74a8d71c978d9 参加作者lxk0301的团 【yn-Ptpns10Kkh15ywyovDw==】
参团失败：{"msg":"您已成团","nowTime":1625198307,"ret":10209}


账号jd_74a8d71c978d9 参加作者lxk0301的团 【_Ipt6FTk0lEE-ARdZermCQ==】
参团失败：{"msg":"您已成团","nowTime":1625198308,"ret":10209}


账号jd_74a8d71c978d9 参加作者lxk0301的团 【pepGevYfAKcf3J0x20cfNA==】
参团失败：{"msg":"您已成团","nowTime":1625198311,"ret":10209}


账号jd_74a8d71c978d9 参加作者lxk0301的团 【9YVXUVXfL9DClTw-A4VPcg==】
参团失败：{"msg":"您已成团","nowTime":1625198312,"ret":10209}


账号jd_74a8d71c978d9 参加作者lxk0301的团 【9c3ePp3APAneiB00WAXceQ==】
参团失败：{"msg":"您已成团","nowTime":1625198313,"ret":10209}


账号jd_74a8d71c978d9 参加作者lxk0301的团 【E3BNN2laVcOI5XJPEjlE1Q==】
参团失败：{"msg":"您已成团","nowTime":1625198315,"ret":10209}


账号jd_74a8d71c978d9 参加作者lxk0301的团 【QnoPcnogYZn5g6ICBfb69g==】
参团失败：{"msg":"您已成团","nowTime":1625198316,"ret":10209}


账号jd_74a8d71c978d9 参加作者lxk0301的团 【mrG2kt6fLXVzV-XDGcXZ_w==】
参团失败：{"msg":"您已成团","nowTime":1625198322,"ret":10209}


账号jd_74a8d71c978d9 参加作者lxk0301的团 【pnbHD6QdXETI8s8EWli-hg==】
参团失败：{"msg":"您已成团","nowTime":1625198324,"ret":10209}


账号jd_74a8d71c978d9 参加作者lxk0301的团 【YMj1-AmlQsoo9h75gr0f0Q==】
参团失败：{"msg":"您已成团","nowTime":1625198325,"ret":10209}


账号jd_74a8d71c978d9 参加作者lxk0301的团 【KNevAJic14-EH2UR2czt6g==】
参团失败：{"msg":"您已成团","nowTime":1625198326,"ret":10209}


账号chao4596758 内部相互进团


chao4596758 去参加团 MZRfagjg1F6XgUEI70Dp3Q==
参团失败：{"msg":"您已成功参团","nowTime":1625198327,"ret":10208}


chao4596758 去参加团 ibroxAnKUPosrYwGeX7Yew==
参团失败：{"msg":"您今日的助力次数已用完,明天再来助力TA吧～","nowTime":1625198330,"ret":10206}


账号jd_46df9eaa780aa 内部相互进团


jd_46df9eaa780aa 去参加团 MZRfagjg1F6XgUEI70Dp3Q==
参团失败：{"msg":"您已成功参团","nowTime":1625198331,"ret":10208}


jd_46df9eaa780aa 去参加团 ibroxAnKUPosrYwGeX7Yew==
参团失败：{"msg":"您今日的助力次数已用完,明天再来助力TA吧～","nowTime":1625198333,"ret":10206}


账号jd_67f63c904d8c6 内部相互进团


jd_67f63c904d8c6 去参加团 MZRfagjg1F6XgUEI70Dp3Q==
参团失败：{"msg":"您已成功参团","nowTime":1625198339,"ret":10208}


jd_67f63c904d8c6 去参加团 ibroxAnKUPosrYwGeX7Yew==
参团失败：{"msg":"您今日的助力次数已用完,明天再来助力TA吧～","nowTime":1625198340,"ret":10206}


🔔京喜工厂, 结束! 🕛 276.937 秒

