
🔔京喜工厂, 开始!

====================共4个京东账号Cookie=========

==================脚本执行- 北京时间(UTC+8)：6/26/2021, 4:53:23 PM=====================

获取签名参数成功！
fp: 3072223829854162
token: tk01w8dc61c0fa8nODNCeHFNTnZZDIY3QWQLML85+RgKldehLuz4W6b9MEnJwH/hsUjCAhfdjsMEtwMqGdenY7Fw5mr/
enCryptMethodJD: function test(token,fingerprint,timestamp,appId,algo){const random='WTsMZkYtv6gM';const str=`${token}${fingerprint}${timestamp}${appId}${random}`;return algo.MD5(str)}
拼团活动ID: 获取成功 bozIUUFcANuUdWpw3QdvPw==

开始获取京喜工厂配置文件

您的互助码选择的是用&隔开

共4个京东账号

您提供了0个账号的京喜工厂助力码


******开始【京东账号1】15631692383_p*********

再加1.13%电力可开红包

当前电力：87
当前等级：8

【京东账号1（15631692383_p）的京喜工厂好友互助码】jLuj5y4OynbjOLDt2boGNg==
已投入电力：644000
所需电力：780000
生产进度：82.56%


预计最快还需 【0.79天】生产完毕




你今日还能帮好友打工（0/3）次


【今日招工进度】0/14

今日助力好友机会已耗尽

发电机：当前 17.4 电力，最大值 510 电力

本次发电机电力集满分享后不可获得双倍电力，故现在收取电力

收取电力成功: 共17 
完成任务：共领取17电力
成功投入电力100电力

团活动ID  bozIUUFcANuUdWpw3QdvPw==
团ID  9pcAwpKQ9f4i31T2aoW47A==

今日剩余开团次数：1次

开团情况:1/7


此团未达领取团奖励人数：7人

6/23/2021, 11:51:10 AM参加团主【jLuj5y4OynbjOLDt2boGNg==】失败
6/26/2021, 3:53:35 PM参加团主【jLuj5y4OynbjOLDt2boGNg==】失败
6/26/2021, 3:50:59 AM参加团主【jLuj5y4OynbjOLDt2boGNg==】失败
6/25/2021, 2:51:09 PM参加团主【jLuj5y4OynbjOLDt2boGNg==】失败
6/26/2021, 12:54:23 AM参加团主【15*3_p】的奖励已经领取成功
6/25/2021, 1:54:19 AM参加团主【jLuj5y4OynbjOLDt2boGNg==】失败
6/25/2021, 12:57:08 AM参加团主【15*3_p】的奖励已经领取成功
6/24/2021, 12:53:52 PM参加团主【jLuj5y4OynbjOLDt2boGNg==】失败
6/24/2021, 12:53:23 AM参加团主【jLuj5y4OynbjOLDt2boGNg==】失败
6/24/2021, 12:54:16 AM参加团主【15*3_p】的奖励已经领取成功

  商品名     兑换状态
芒果干    已兑换
芋泥酥6枚    已兑换
冰箱除味剂4盒    已兑换
统一干脆面    兑换超时

【京东账号1】15631692383_p
【生产商品】平板拖把
【当前等级】研究员 8
【生产进度】82.56%
【招工进度】0/14
【收取发电站】收取成功，获得 17 电力
【每日任务】领奖成功，共计 17 电力
【投入电力】投入成功，共计 100 电力
【收取自己零件】获得0电力
【收取好友零件】获得0电力


******开始【京东账号2】Ycp_Dream*********

再加0.14%电力可开红包

当前电力：70
当前等级：3

【京东账号2（jd_74a8d71c978d9）的京喜工厂好友互助码】hVdButlHZykF-_RZaC6F1w==
已投入电力：9038200
所需电力：9560000
生产进度：94.54%


预计最快还需 【3.02天】生产完毕




你今日还能帮好友打工（3/3）次


【今日招工进度】0/10
由于您第2个京东账号未提供shareCode,将采纳本脚本自带的助力码

开始
第2个京东账号将要助力的好友["gB99tYLjvPcEFloDgamoBw==","7dluIKQMp0bySgcr8AqFgw=="]
助力朋友[gB99tYLjvPcEFloDgamoBw==]失败：亲,好友的工厂的工人已经满员了,不能去好友工厂打工啦!
助力朋友[7dluIKQMp0bySgcr8AqFgw==]失败：亲,好友的工厂的工人已经满员了,不能去好友工厂打工啦!
发电机：当前 360 电力，最大值 360 电力
发电机：电力可翻倍并收获
收取电力成功: 共720 
任务：今日收取发电机电力可完成
领取今日收取发电机电力任务奖励成功，收获：500电力
完成任务：共领取1220电力
成功投入电力1200电力

团活动ID  bozIUUFcANuUdWpw3QdvPw==
团ID  8j0w7OUxj3pIuS1PJrqiXg==

今日剩余开团次数：2次
"Timeout awaiting 'request' for 10000ms"
京喜工厂 API请求失败，请检查网路重试

开团情况:1/7


此团未达领取团奖励人数：7人

6/21/2021, 7:53:48 AM参加团主【hVdButlHZykF-_RZaC6F1w==】失败
6/20/2021, 3:52:04 PM参加团主【hVdButlHZykF-_RZaC6F1w==】失败
6/26/2021, 2:53:39 PM参加团主【hVdButlHZykF-_RZaC6F1w==】失败
6/24/2021, 12:52:21 PM参加团主【hVdButlHZykF-_RZaC6F1w==】失败

  商品名     兑换状态
不锈钢多用盆    已兑换

【京东账号2】Ycp_Dream
【生产商品】平板拖把
【当前等级】金牌学徒 3
【生产进度】94.54%
【招工进度】0/10
【收取发电站】收取成功，获得 720 电力
【每日任务】领奖成功，共计 1220 电力
【投入电力】投入成功，共计 1200 电力
【收取自己零件】获得0电力
【收取好友零件】获得0电力


******开始【京东账号3】jd_585601a83bd48*********

【提示】京东账号3[jd_585601a83bd48]京喜工厂活动未开始
请手动去京东APP->游戏与互动->查看更多->京喜工厂 开启活动



你今日还能帮好友打工（3/3）次


【今日招工进度】0/8
由于您第3个京东账号未提供shareCode,将采纳本脚本自带的助力码

开始
第3个京东账号将要助力的好友["-OvElMzqeyeGBWazWYjI1Q=="]
助力朋友[-OvElMzqeyeGBWazWYjI1Q==]失败：好友存储电力已达上限,暂不可打工哦~

******开始【京东账号4】jd_157332ewky*********

【提示】京东账号4[jd_157332ewky]京喜工厂活动未开始
请手动去京东APP->游戏与互动->查看更多->京喜工厂 开启活动



你今日还能帮好友打工（3/3）次


【今日招工进度】0/8
由于您第4个京东账号未提供shareCode,将采纳本脚本自带的助力码

开始
第4个京东账号将要助力的好友["GFwo6PntxDHH95ZRzZ5uAg=="]
助力朋友[GFwo6PntxDHH95ZRzZ5uAg==]失败：亲,好友的工厂的工人已经满员了,不能去好友工厂打工啦!
"Timeout awaiting 'request' for 10000ms"
京喜工厂 API请求失败，请检查网路重试
"Response code 530 (undefined)"
京喜工厂 API请求失败，请检查网路重试

账号15631692383_p 参加作者lxk0301的团 【B3_b2Efjp-6XUZkmmMKRlA==】
参团失败：{"msg":"您已成团","nowTime":1624697741,"ret":10209}


账号15631692383_p 参加作者lxk0301的团 【XbjZ4DCL2SI_reLWBR-WGw==】
参团失败：{"msg":"您已成团","nowTime":1624697744,"ret":10209}


账号15631692383_p 参加作者lxk0301的团 【I4STcuy8ahnshuvaGKcKUA==】
参团失败：{"msg":"您已成团","nowTime":1624697750,"ret":10209}


账号15631692383_p 参加作者lxk0301的团 【llBgZWRoTNRUu5BW3Mi0zw==】
参团失败：{"msg":"您已成团","nowTime":1624697754,"ret":10209}


账号15631692383_p 参加作者lxk0301的团 【ETuLtDiS26XrJbHZ5hjOCQ==】
参团失败：{"msg":"您已成团","nowTime":1624697758,"ret":10209}


账号15631692383_p 参加作者lxk0301的团 【mL-23nu9q2RDk3fG57y0yg==】
参团失败：{"msg":"您已成团","nowTime":1624697760,"ret":10209}


账号15631692383_p 参加作者lxk0301的团 【dSQj7RpFTKdam9RQRfm_BA==】
参团失败：{"msg":"您已成团","nowTime":1624697762,"ret":10209}


账号15631692383_p 参加作者lxk0301的团 【5MgbljTMS0CoiNX7qoLdgw==】
参团失败：{"msg":"您已成团","nowTime":1624697764,"ret":10209}


账号15631692383_p 参加作者lxk0301的团 【19I47XZpgn0MQ9IXA0Xjlw==】
参团失败：{"msg":"您已成团","nowTime":1624697765,"ret":10209}


账号15631692383_p 参加作者lxk0301的团 【LJuAW5kklwD8o58n5KmMRA==】
参团失败：{"msg":"您已成团","nowTime":1624697767,"ret":10209}


账号15631692383_p 参加作者lxk0301的团 【Xyu3_Nl3PkKfF_fiATAelw==】
参团失败：{"msg":"您已成团","nowTime":1624697815,"ret":10209}


账号15631692383_p 参加作者lxk0301的团 【RM4fXYi46Tq64UaqpOafLw==】
参团失败：{"msg":"您已成团","nowTime":1624697816,"ret":10209}


账号15631692383_p 参加作者lxk0301的团 【gxjE1p6hyUuAOIWSS7EV9Q==】
参团失败：{"msg":"您已成团","nowTime":1624697817,"ret":10209}


账号jd_74a8d71c978d9 参加作者lxk0301的团 【B3_b2Efjp-6XUZkmmMKRlA==】
参团失败：{"msg":"您已成团","nowTime":1624697842,"ret":10209}


账号jd_74a8d71c978d9 参加作者lxk0301的团 【XbjZ4DCL2SI_reLWBR-WGw==】
参团失败：{"msg":"您已成团","nowTime":1624697844,"ret":10209}


账号jd_74a8d71c978d9 参加作者lxk0301的团 【I4STcuy8ahnshuvaGKcKUA==】
参团失败：{"msg":"您已成团","nowTime":1624697845,"ret":10209}


账号jd_74a8d71c978d9 参加作者lxk0301的团 【llBgZWRoTNRUu5BW3Mi0zw==】
参团失败：{"msg":"您已成团","nowTime":1624697847,"ret":10209}


账号jd_74a8d71c978d9 参加作者lxk0301的团 【ETuLtDiS26XrJbHZ5hjOCQ==】
参团失败：{"msg":"您已成团","nowTime":1624697852,"ret":10209}


账号jd_74a8d71c978d9 参加作者lxk0301的团 【mL-23nu9q2RDk3fG57y0yg==】
参团失败：{"msg":"您已成团","nowTime":1624697853,"ret":10209}


账号jd_74a8d71c978d9 参加作者lxk0301的团 【dSQj7RpFTKdam9RQRfm_BA==】
参团失败：{"msg":"您已成团","nowTime":1624697854,"ret":10209}


账号jd_74a8d71c978d9 参加作者lxk0301的团 【5MgbljTMS0CoiNX7qoLdgw==】
参团失败：{"msg":"您已成团","nowTime":1624697856,"ret":10209}


账号jd_74a8d71c978d9 参加作者lxk0301的团 【19I47XZpgn0MQ9IXA0Xjlw==】
参团失败：{"msg":"您已成团","nowTime":1624697858,"ret":10209}


账号jd_74a8d71c978d9 参加作者lxk0301的团 【LJuAW5kklwD8o58n5KmMRA==】
参团失败：{"msg":"您已成团","nowTime":1624697859,"ret":10209}


账号jd_74a8d71c978d9 参加作者lxk0301的团 【Xyu3_Nl3PkKfF_fiATAelw==】
参团失败：{"msg":"您已成团","nowTime":1624697861,"ret":10209}


账号jd_74a8d71c978d9 参加作者lxk0301的团 【RM4fXYi46Tq64UaqpOafLw==】
参团失败：{"msg":"您已成团","nowTime":1624697862,"ret":10209}


账号jd_74a8d71c978d9 参加作者lxk0301的团 【gxjE1p6hyUuAOIWSS7EV9Q==】
参团失败：{"msg":"您已成团","nowTime":1624697864,"ret":10209}


账号chao4596758 参加作者lxk0301的团 【B3_b2Efjp-6XUZkmmMKRlA==】
参团失败：{"msg":"您已成团","nowTime":1624697889,"ret":10209}


账号chao4596758 参加作者lxk0301的团 【XbjZ4DCL2SI_reLWBR-WGw==】
参团失败：{"msg":"您已成团","nowTime":1624697890,"ret":10209}


账号chao4596758 参加作者lxk0301的团 【I4STcuy8ahnshuvaGKcKUA==】
参团失败：{"msg":"您已成团","nowTime":1624697892,"ret":10209}


账号chao4596758 参加作者lxk0301的团 【llBgZWRoTNRUu5BW3Mi0zw==】
参团失败：{"msg":"您已成团","nowTime":1624697893,"ret":10209}


账号chao4596758 参加作者lxk0301的团 【ETuLtDiS26XrJbHZ5hjOCQ==】
参团失败：{"msg":"您已成团","nowTime":1624697894,"ret":10209}


账号chao4596758 参加作者lxk0301的团 【mL-23nu9q2RDk3fG57y0yg==】
参团失败：{"msg":"您已成团","nowTime":1624697895,"ret":10209}


账号chao4596758 参加作者lxk0301的团 【dSQj7RpFTKdam9RQRfm_BA==】
参团失败：{"msg":"您已成团","nowTime":1624697897,"ret":10209}


账号chao4596758 参加作者lxk0301的团 【5MgbljTMS0CoiNX7qoLdgw==】
参团失败：{"msg":"您已成团","nowTime":1624697900,"ret":10209}


账号chao4596758 参加作者lxk0301的团 【19I47XZpgn0MQ9IXA0Xjlw==】
参团失败：{"msg":"您已成团","nowTime":1624697901,"ret":10209}


账号chao4596758 参加作者lxk0301的团 【LJuAW5kklwD8o58n5KmMRA==】
参团失败：{"msg":"您已成团","nowTime":1624697903,"ret":10209}


账号chao4596758 参加作者lxk0301的团 【Xyu3_Nl3PkKfF_fiATAelw==】
参团失败：{"msg":"您已成团","nowTime":1624697905,"ret":10209}


账号chao4596758 参加作者lxk0301的团 【RM4fXYi46Tq64UaqpOafLw==】
参团失败：{"msg":"您已成团","nowTime":1624697906,"ret":10209}


账号chao4596758 参加作者lxk0301的团 【gxjE1p6hyUuAOIWSS7EV9Q==】
参团失败：{"msg":"您已成团","nowTime":1624697907,"ret":10209}


账号jd_46df9eaa780aa 参加作者lxk0301的团 【B3_b2Efjp-6XUZkmmMKRlA==】
参团失败：{"msg":"您已成团","nowTime":1624697932,"ret":10209}


账号jd_46df9eaa780aa 参加作者lxk0301的团 【XbjZ4DCL2SI_reLWBR-WGw==】
参团失败：{"msg":"您已成团","nowTime":1624697935,"ret":10209}


账号jd_46df9eaa780aa 参加作者lxk0301的团 【I4STcuy8ahnshuvaGKcKUA==】
参团失败：{"msg":"您已成团","nowTime":1624697936,"ret":10209}


账号jd_46df9eaa780aa 参加作者lxk0301的团 【llBgZWRoTNRUu5BW3Mi0zw==】
参团失败：{"msg":"您已成团","nowTime":1624697937,"ret":10209}


账号jd_46df9eaa780aa 参加作者lxk0301的团 【ETuLtDiS26XrJbHZ5hjOCQ==】
参团失败：{"msg":"您已成团","nowTime":1624697939,"ret":10209}


账号jd_46df9eaa780aa 参加作者lxk0301的团 【mL-23nu9q2RDk3fG57y0yg==】
参团失败：{"msg":"您已成团","nowTime":1624697940,"ret":10209}


账号jd_46df9eaa780aa 参加作者lxk0301的团 【dSQj7RpFTKdam9RQRfm_BA==】
参团失败：{"msg":"您已成团","nowTime":1624697941,"ret":10209}


账号jd_46df9eaa780aa 参加作者lxk0301的团 【5MgbljTMS0CoiNX7qoLdgw==】
参团失败：{"msg":"您已成团","nowTime":1624697943,"ret":10209}


账号jd_46df9eaa780aa 参加作者lxk0301的团 【19I47XZpgn0MQ9IXA0Xjlw==】
参团失败：{"msg":"您已成团","nowTime":1624697944,"ret":10209}


账号jd_46df9eaa780aa 参加作者lxk0301的团 【LJuAW5kklwD8o58n5KmMRA==】
参团失败：{"msg":"您已成团","nowTime":1624697950,"ret":10209}


账号jd_46df9eaa780aa 参加作者lxk0301的团 【Xyu3_Nl3PkKfF_fiATAelw==】
参团失败：{"msg":"您已成团","nowTime":1624697951,"ret":10209}


账号jd_46df9eaa780aa 参加作者lxk0301的团 【RM4fXYi46Tq64UaqpOafLw==】
参团失败：{"msg":"您已成团","nowTime":1624697953,"ret":10209}


账号jd_46df9eaa780aa 参加作者lxk0301的团 【gxjE1p6hyUuAOIWSS7EV9Q==】
参团失败：{"msg":"您已成团","nowTime":1624697954,"ret":10209}


🔔京喜工厂, 结束! 🕛 352.322 秒

