
🔔京喜工厂, 开始!

====================共2个京东账号Cookie=========

==================脚本执行- 北京时间(UTC+8)：7/12/2021, 2:54:39 AM=====================

获取签名参数成功！
fp: 6486610031368162
token: tk01wc2941ca0a8nYjcyMTZGV08rfOdIoZxP+2vvMqs/qdnLMQs2+R1ZBnpK5ThhxTZ86z4tBBP0xyWVu+fSpPNTCmhk
enCryptMethodJD: function test(token,fingerprint,timestamp,appId,algo){const random='tnAkMwF2auqp';const str=`${token}${fingerprint}${timestamp}${appId}${random}`;return algo.HmacMD5(str,token)}
拼团活动ID: 获取成功 T_zZaWP6by9yA1wehxM4mg==

开始获取京喜工厂配置文件

您的互助码选择的是用&隔开

共2个京东账号

您提供了0个账号的京喜工厂助力码


******开始【京东账号1】15631692383_p*********

再加1.05%电力可开红包

当前电力：40
当前等级：8

【京东账号1（15631692383_p）的京喜工厂好友互助码】jLuj5y4OynbjOLDt2boGNg==
已投入电力：466800
所需电力：1730000
生产进度：26.98%


预计最快还需 【7.31天】生产完毕




你今日还能帮好友打工（3/3）次


【今日招工进度】0/14

未到招工时间(每日6-24点之间可招工)

发电机：当前 23.8 电力，最大值 510 电力

本次发电机电力集满分享后不可获得双倍电力，故现在收取电力

收取电力成功: 共24 
完成任务：共领取24电力
投入失败，电力不足，快去做任务吧~
打工电力：收取失败，6点后可领取

团活动ID  T_zZaWP6by9yA1wehxM4mg==
团ID  OHa0ATzWwr_mqpMQyJRuyA==

今日剩余开团次数：3次

开团情况:1/6


此团未达领取团奖励人数：6人

7/12/2021, 12:56:41 AM参加团主【15*3_p】的奖励已经领取成功
7/11/2021, 7:54:06 PM参加团主【jLuj5y4OynbjOLDt2boGNg==】失败
7/11/2021, 6:51:15 AM参加团主【jLuj5y4OynbjOLDt2boGNg==】失败
7/11/2021, 12:57:48 AM参加团主【15*3_p】的奖励已经领取成功
7/10/2021, 6:50:47 PM参加团主【jLuj5y4OynbjOLDt2boGNg==】失败
7/10/2021, 5:51:07 AM参加团主【jLuj5y4OynbjOLDt2boGNg==】失败
7/10/2021, 6:52:54 AM参加团主【15*3_p】的奖励已经领取成功
7/9/2021, 4:50:39 PM参加团主【jLuj5y4OynbjOLDt2boGNg==】失败
7/9/2021, 3:50:39 AM参加团主【jLuj5y4OynbjOLDt2boGNg==】失败
7/9/2021, 12:56:51 AM参加团主【15*3_p】的奖励已经领取成功

  商品名     兑换状态
平板拖把    已兑换
芒果干    已兑换
芋泥酥6枚    已兑换
冰箱除味剂4盒    已兑换
统一干脆面    兑换超时

【京东账号1】15631692383_p
【生产商品】飘柔护发素
【当前等级】研究员 8
【生产进度】26.98%
【招工进度】0/14
【收取发电站】收取成功，获得 24 电力
【每日任务】领奖成功，共计 24 电力
【投入电力】投入失败，电力不足，快去做任务吧~
【打工电力】收取失败，6点后可领取
【收取自己零件】获得0电力
【收取好友零件】获得0电力


******开始【京东账号2】jd_74a8d71c978d9*********

再加0.04%电力可开红包

当前电力：80
当前等级：3

【京东账号2（jd_74a8d71c978d9）的京喜工厂好友互助码】hVdButlHZykF-_RZaC6F1w==
已投入电力：9133600
所需电力：9560000
生产进度：95.54%


预计最快还需 【2.47天】生产完毕




你今日还能帮好友打工（3/3）次


【今日招工进度】0/10

未到招工时间(每日6-24点之间可招工)

发电机：当前 360 电力，最大值 360 电力
收取电力成功: 共720 
任务：今日收取发电机电力可完成
领取今日收取发电机电力任务奖励成功，收获：500电力
完成任务：共领取1220电力
成功投入电力1300电力
打工电力：收取失败，6点后可领取

团活动ID  T_zZaWP6by9yA1wehxM4mg==
团ID  KJDWPyEDd5xSjpRIZ5cGqA==

今日剩余开团次数：3次

开团情况:1/6


此团未达领取团奖励人数：6人

7/2/2021, 9:20:28 AM参加团主【hVdButlHZykF-_RZaC6F1w==】失败
7/2/2021, 9:20:10 AM参加团主【jLuj5y4OynbjOLDt2boGNg==】失败
7/1/2021, 8:55:42 PM参加团主【hVdButlHZykF-_RZaC6F1w==】失败
7/1/2021, 8:54:51 PM参加团主【jLuj5y4OynbjOLDt2boGNg==】失败
7/11/2021, 11:54:56 PM参加团主【hVdButlHZykF-_RZaC6F1w==】失败
7/10/2021, 8:56:38 AM参加团主【hVdButlHZykF-_RZaC6F1w==】失败
7/9/2021, 7:54:49 PM参加团主【hVdButlHZykF-_RZaC6F1w==】失败
7/9/2021, 4:50:39 PM参加团主【jLuj5y4OynbjOLDt2boGNg==】失败

  商品名     兑换状态
不锈钢多用盆    已兑换

【京东账号2】jd_74a8d71c978d9
【生产商品】平板拖把
【当前等级】金牌学徒 3
【生产进度】95.54%
【招工进度】0/10
【收取发电站】收取成功，获得 720 电力
【每日任务】领奖成功，共计 1220 电力
【投入电力】投入成功，共计 1300 电力
【打工电力】收取失败，6点后可领取
【收取自己零件】获得0电力
【收取好友零件】获得0电力


账号15631692383_p 参加作者lxk0301的团 【zJ6TLnYgYLsPf1RUtvcMEg==】
参团失败：{"msg":"您已成团","nowTime":1626029714,"ret":10209}


账号15631692383_p 参加作者lxk0301的团 【v4igFYGY5Km7N0vlkrHoiQ==】
参团失败：{"msg":"您已成团","nowTime":1626029715,"ret":10209}


账号15631692383_p 参加作者lxk0301的团 【-8JzZW-k-OusTE6iElsT-w==】
参团失败：{"msg":"您已成团","nowTime":1626029716,"ret":10209}


账号15631692383_p 参加作者lxk0301的团 【uh9rS16uCC9NnTeyQH6c7A==】
参团失败：{"msg":"您已成团","nowTime":1626029718,"ret":10209}


账号15631692383_p 参加作者lxk0301的团 【Ii4-7L-2d9jgLQQOBfijhQ==】
参团失败：{"msg":"您已成团","nowTime":1626029719,"ret":10209}


账号15631692383_p 参加作者lxk0301的团 【wELotb28szuZJYiUn8C7Ug==】
参团失败：{"msg":"您已成团","nowTime":1626029720,"ret":10209}


账号15631692383_p 参加作者lxk0301的团 【xmQ1xSCmgOH3rdPHJxovxg==】
参团失败：{"msg":"您已成团","nowTime":1626029721,"ret":10209}


账号15631692383_p 参加作者lxk0301的团 【LqeWENs6Dg4qFs1KQtTUlQ==】
参团失败：{"msg":"您已成团","nowTime":1626029722,"ret":10209}


账号15631692383_p 参加作者lxk0301的团 【i4d2PuFELT5fjP0KJzcK4w==】
参团失败：{"msg":"您已成团","nowTime":1626029723,"ret":10209}


账号15631692383_p 参加作者lxk0301的团 【2iGxTh9zi-TBBclIgh4DLA==】
参团失败：{"msg":"您已成团","nowTime":1626029724,"ret":10209}


账号15631692383_p 参加作者lxk0301的团 【iye39F6mLVQWEIOgH7_Xsw==】
参团失败：{"msg":"您已成团","nowTime":1626029726,"ret":10209}


账号15631692383_p 参加作者lxk0301的团 【MsI0mWGwNAMevFqNPnaT_g==】
参团失败：{"msg":"您已成团","nowTime":1626029727,"ret":10209}


账号15631692383_p 参加作者lxk0301的团 【2L1GpgtqEfdpXO2YJdGUtg==】
参团失败：{"msg":"您已成团","nowTime":1626029728,"ret":10209}


账号15631692383_p 参加作者lxk0301的团 【BWxL-zqO6GL0lUV8lpjW9Q==】
参团失败：{"msg":"您已成团","nowTime":1626029729,"ret":10209}


账号15631692383_p 参加作者lxk0301的团 【Q2CMDg7Uds1m6jC2CcIryg==】
参团失败：{"msg":"您已成团","nowTime":1626029730,"ret":10209}


账号15631692383_p 参加作者lxk0301的团 【0lLlQ8l33LT_4kLzhwcgug==】
参团失败：{"msg":"您已成团","nowTime":1626029731,"ret":10209}


账号15631692383_p 参加作者lxk0301的团 【DaFc8OKN5BwVBGnWq8RyMA==】
参团失败：{"msg":"您已成团","nowTime":1626029733,"ret":10209}


账号15631692383_p 参加作者lxk0301的团 【r0sqPHAA0UCP6qRJA1Hw6Q==】
参团失败：{"msg":"您已成团","nowTime":1626029734,"ret":10209}


账号15631692383_p 参加作者lxk0301的团 【NNU3my8B_wvngvpRIRr2wg==】
参团失败：{"msg":"您已成团","nowTime":1626029735,"ret":10209}


账号15631692383_p 参加作者lxk0301的团 【_8eT2_LP0mN2endN-FPb6A==】
参团失败：{"msg":"您已成团","nowTime":1626029736,"ret":10209}


账号15631692383_p 参加作者lxk0301的团 【gCQyNYD50eBASkB92ciBiw==】
参团失败：{"msg":"您已成团","nowTime":1626029737,"ret":10209}


账号jd_74a8d71c978d9 参加作者lxk0301的团 【zJ6TLnYgYLsPf1RUtvcMEg==】
参团失败：{"msg":"您已成团","nowTime":1626029762,"ret":10209}


账号jd_74a8d71c978d9 参加作者lxk0301的团 【v4igFYGY5Km7N0vlkrHoiQ==】
参团失败：{"msg":"您已成团","nowTime":1626029763,"ret":10209}


账号jd_74a8d71c978d9 参加作者lxk0301的团 【-8JzZW-k-OusTE6iElsT-w==】
参团失败：{"msg":"您已成团","nowTime":1626029764,"ret":10209}


账号jd_74a8d71c978d9 参加作者lxk0301的团 【uh9rS16uCC9NnTeyQH6c7A==】
参团失败：{"msg":"您已成团","nowTime":1626029765,"ret":10209}


账号jd_74a8d71c978d9 参加作者lxk0301的团 【Ii4-7L-2d9jgLQQOBfijhQ==】
参团失败：{"msg":"您已成团","nowTime":1626029766,"ret":10209}


账号jd_74a8d71c978d9 参加作者lxk0301的团 【wELotb28szuZJYiUn8C7Ug==】
参团失败：{"msg":"您已成团","nowTime":1626029768,"ret":10209}


账号jd_74a8d71c978d9 参加作者lxk0301的团 【xmQ1xSCmgOH3rdPHJxovxg==】
参团失败：{"msg":"您已成团","nowTime":1626029769,"ret":10209}


账号jd_74a8d71c978d9 参加作者lxk0301的团 【LqeWENs6Dg4qFs1KQtTUlQ==】
参团失败：{"msg":"您已成团","nowTime":1626029770,"ret":10209}


账号jd_74a8d71c978d9 参加作者lxk0301的团 【i4d2PuFELT5fjP0KJzcK4w==】
参团失败：{"msg":"您已成团","nowTime":1626029771,"ret":10209}


账号jd_74a8d71c978d9 参加作者lxk0301的团 【2iGxTh9zi-TBBclIgh4DLA==】
参团失败：{"msg":"您已成团","nowTime":1626029772,"ret":10209}


账号jd_74a8d71c978d9 参加作者lxk0301的团 【iye39F6mLVQWEIOgH7_Xsw==】
参团失败：{"msg":"您已成团","nowTime":1626029773,"ret":10209}


账号jd_74a8d71c978d9 参加作者lxk0301的团 【MsI0mWGwNAMevFqNPnaT_g==】
参团失败：{"msg":"您已成团","nowTime":1626029774,"ret":10209}


账号jd_74a8d71c978d9 参加作者lxk0301的团 【2L1GpgtqEfdpXO2YJdGUtg==】
参团失败：{"msg":"您已成团","nowTime":1626029776,"ret":10209}


账号jd_74a8d71c978d9 参加作者lxk0301的团 【BWxL-zqO6GL0lUV8lpjW9Q==】
参团失败：{"msg":"您已成团","nowTime":1626029777,"ret":10209}


账号jd_74a8d71c978d9 参加作者lxk0301的团 【Q2CMDg7Uds1m6jC2CcIryg==】
参团失败：{"msg":"您已成团","nowTime":1626029778,"ret":10209}


账号jd_74a8d71c978d9 参加作者lxk0301的团 【0lLlQ8l33LT_4kLzhwcgug==】
参团失败：{"msg":"您已成团","nowTime":1626029779,"ret":10209}


账号jd_74a8d71c978d9 参加作者lxk0301的团 【DaFc8OKN5BwVBGnWq8RyMA==】
参团失败：{"msg":"您已成团","nowTime":1626029780,"ret":10209}


账号jd_74a8d71c978d9 参加作者lxk0301的团 【r0sqPHAA0UCP6qRJA1Hw6Q==】
参团失败：{"msg":"您已成团","nowTime":1626029781,"ret":10209}


账号jd_74a8d71c978d9 参加作者lxk0301的团 【NNU3my8B_wvngvpRIRr2wg==】
参团失败：{"msg":"您已成团","nowTime":1626029783,"ret":10209}


账号jd_74a8d71c978d9 参加作者lxk0301的团 【_8eT2_LP0mN2endN-FPb6A==】
参团失败：{"msg":"您已成团","nowTime":1626029784,"ret":10209}


账号jd_74a8d71c978d9 参加作者lxk0301的团 【gCQyNYD50eBASkB92ciBiw==】
参团失败：{"msg":"您已成团","nowTime":1626029785,"ret":10209}


🔔京喜工厂, 结束! 🕛 106.95 秒

