
🔔京喜工厂, 开始!

====================共5个京东账号Cookie=========

==================脚本执行- 北京时间(UTC+8)：7/7/2021, 8:51:40 PM=====================

"getaddrinfo ENOTFOUND cactus.jd.com"
request_algo 签名参数API请求失败，请检查网路重试
拼团活动ID：获取失败，将采取脚本内置活动ID

开始获取京喜工厂配置文件

您的互助码选择的是用&隔开

共5个京东账号

您提供了0个账号的京喜工厂助力码

"getaddrinfo ENOTFOUND wq.jd.com"
京喜工厂 API请求失败，请检查网路重试

******开始【京东账号1】15631692383_p*********

再加0.55%电力可开红包

当前电力：51
当前等级：8

【京东账号1（15631692383_p）的京喜工厂好友互助码】jLuj5y4OynbjOLDt2boGNg==
已投入电力：348000
所需电力：1730000
生产进度：20.12%


预计最快还需 【8.00天】生产完毕




你今日还能帮好友打工（0/3）次


【今日招工进度】0/14

今日助力好友机会已耗尽

发电机：当前 9.7 电力，最大值 510 电力

本次发电机电力集满分享后不可获得双倍电力，故现在收取电力

收取电力失败:活动火爆，请稍后再试~

完成任务：共领取0电力
投入失败，电力不足，快去做任务吧~
QueryActiveConfig异常：{"msg":"系统君失联，请稍后重试~ ","nowTime":1625662355,"ret":10003}
QueryAllTuan异常：{"msg":"系统君失联，请稍后重试~ ","nowTime":1625662356,"ret":10003}

  商品名     兑换状态
平板拖把    已兑换
芒果干    已兑换
芋泥酥6枚    已兑换
冰箱除味剂4盒    已兑换
统一干脆面    兑换超时

【京东账号1】
【生产商品】飘柔护发素
【当前等级】研究员 8
【生产进度】20.12%
【招工进度】0/14
【每日任务】领奖成功，共计 0 电力
【投入电力】投入失败，电力不足，快去做任务吧~
【收取自己零件】获得0电力
【收取好友零件】获得0电力


******开始【京东账号2】Ycp_Dream*********

再加0.12%电力可开红包

当前电力：5430
当前等级：3

【京东账号2（jd_74a8d71c978d9）的京喜工厂好友互助码】hVdButlHZykF-_RZaC6F1w==
已投入电力：9076000
所需电力：9560000
生产进度：94.94%


预计最快还需 【2.80天】生产完毕




你今日还能帮好友打工（3/3）次


【今日招工进度】0/10
由于您第2个京东账号未提供shareCode,将采纳本脚本自带的助力码

开始
"connect ENETUNREACH 2606:4700:3032::ac43:b0f8:80 - Local (:::0)"
京喜工厂 API请求失败，请检查网路重试
第2个京东账号将要助力的好友["gB99tYLjvPcEFloDgamoBw==","7dluIKQMp0bySgcr8AqFgw=="]
助力朋友[gB99tYLjvPcEFloDgamoBw==]失败：活动火爆，请稍后再试~
助力朋友[7dluIKQMp0bySgcr8AqFgw==]失败：活动火爆，请稍后再试~
发电机：当前 360 电力，最大值 360 电力
发电机：电力可翻倍并收获
收取电力失败:活动火爆，请稍后再试~

去做任务：*限时*邀5人得2万电
DoTask异常：{"data":{},"msg":"亲,活动太火爆了,请稍后再试吧!","ret":20011}
领取*限时*邀5人得2万电任务奖励失败，任务已领奖
去做任务：*限时*邀5人得2万电
DoTask异常：{"data":{},"msg":"亲,活动太火爆了,请稍后再试吧!","ret":20011}
领取*限时*邀5人得2万电任务奖励失败，任务已领奖
任务：每日开工打卡可完成
领取每日开工打卡任务奖励成功，收获：800电力
任务：累计开工天数可完成
领取累计开工天数任务奖励成功，收获：1000电力
去做任务：上集市做调研30s
DoTask异常：{"data":{},"msg":"亲,活动太火爆了,请稍后再试吧!","ret":20011}
领取上集市做调研30s任务奖励失败，任务已领奖
去做任务：上集市做调研30s
DoTask异常：{"data":{},"msg":"亲,活动太火爆了,请稍后再试吧!","ret":20011}
领取上集市做调研30s任务奖励失败，任务已领奖
任务：登录APP领取奖励可完成
领取登录APP领取奖励任务奖励成功，收获：2500电力
去做任务：开宝箱找万能螺丝刀
DoTask异常：{"data":{},"msg":"亲,活动太火爆了,请稍后再试吧!","ret":20011}
领取开宝箱找万能螺丝刀任务奖励失败，任务已领奖
去做任务：开宝箱找万能螺丝刀
DoTask异常：{"data":{},"msg":"亲,活动太火爆了,请稍后再试吧!","ret":20011}
领取开宝箱找万能螺丝刀任务奖励失败，任务已领奖
去做任务：去签到，可领现金,每日签到领红包,去京东会员领专属权益
DoTask异常：{"data":{},"msg":"亲,活动太火爆了,请稍后再试吧!","ret":20011}
领取去签到，可领现金,每日签到领红包,去京东会员领专属权益任务奖励失败，任务已领奖
去做任务：去签到，可领现金,每日签到领红包,去京东会员领专属权益
DoTask异常：{"data":{},"msg":"亲,活动太火爆了,请稍后再试吧!","ret":20011}
领取去签到，可领现金,每日签到领红包,去京东会员领专属权益任务奖励失败，任务已领奖
去做任务：去签到，可领现金,每日签到领红包,去京东会员领专属权益
DoTask异常：{"data":{},"msg":"亲,活动太火爆了,请稍后再试吧!","ret":20011}
领取去签到，可领现金,每日签到领红包,去京东会员领专属权益任务奖励失败，任务已领奖
去做任务：去签到，可领现金,每日签到领红包,去京东会员领专属权益
DoTask异常：{"data":{},"msg":"亲,活动太火爆了,请稍后再试吧!","ret":20011}
领取去签到，可领现金,每日签到领红包,去京东会员领专属权益任务奖励失败，任务已领奖
去做任务：从首页“领免费商品”进工厂,8.9元抢金龙鱼油,5.4元抢抽纸6包,4.9买佳洁士牙膏,限时9.9元秒
DoTask异常：{"data":{},"msg":"亲,活动太火爆了,请稍后再试吧!","ret":20011}
领取从首页“领免费商品”进工厂,8.9元抢金龙鱼油,5.4元抢抽纸6包,4.9买佳洁士牙膏,限时9.9元秒任务奖励失败，任务已领奖
去做任务：从首页“领免费商品”进工厂,8.9元抢金龙鱼油,5.4元抢抽纸6包,4.9买佳洁士牙膏,限时9.9元秒
DoTask异常：{"data":{},"msg":"亲,活动太火爆了,请稍后再试吧!","ret":20011}
领取从首页“领免费商品”进工厂,8.9元抢金龙鱼油,5.4元抢抽纸6包,4.9买佳洁士牙膏,限时9.9元秒任务奖励失败，任务已领奖
去做任务：从首页“领免费商品”进工厂,8.9元抢金龙鱼油,5.4元抢抽纸6包,4.9买佳洁士牙膏,限时9.9元秒
DoTask异常：{"data":{},"msg":"亲,活动太火爆了,请稍后再试吧!","ret":20011}
领取从首页“领免费商品”进工厂,8.9元抢金龙鱼油,5.4元抢抽纸6包,4.9买佳洁士牙膏,限时9.9元秒任务奖励失败，任务已领奖
去做任务：从首页“领免费商品”进工厂,8.9元抢金龙鱼油,5.4元抢抽纸6包,4.9买佳洁士牙膏,限时9.9元秒
DoTask异常：{"data":{},"msg":"亲,活动太火爆了,请稍后再试吧!","ret":20011}
领取从首页“领免费商品”进工厂,8.9元抢金龙鱼油,5.4元抢抽纸6包,4.9买佳洁士牙膏,限时9.9元秒任务奖励失败，任务已领奖
去做任务：从首页“领免费商品”进工厂,8.9元抢金龙鱼油,5.4元抢抽纸6包,4.9买佳洁士牙膏,限时9.9元秒
DoTask异常：{"data":{},"msg":"亲,活动太火爆了,请稍后再试吧!","ret":20011}
领取从首页“领免费商品”进工厂,8.9元抢金龙鱼油,5.4元抢抽纸6包,4.9买佳洁士牙膏,限时9.9元秒任务奖励失败，任务已领奖
去做任务：从首页“领免费商品”进工厂,8.9元抢金龙鱼油,5.4元抢抽纸6包,4.9买佳洁士牙膏,限时9.9元秒
DoTask异常：{"data":{},"msg":"亲,活动太火爆了,请稍后再试吧!","ret":20011}
领取从首页“领免费商品”进工厂,8.9元抢金龙鱼油,5.4元抢抽纸6包,4.9买佳洁士牙膏,限时9.9元秒任务奖励失败，任务已领奖
去做任务：去赢1000元红包,1万份鸡蛋免费送,去抢6瓶可口可乐
DoTask异常：{"data":{},"msg":"亲,活动太火爆了,请稍后再试吧!","ret":20011}
领取去赢1000元红包,1万份鸡蛋免费送,去抢6瓶可口可乐任务奖励失败，任务已领奖
去做任务：去赢1000元红包,1万份鸡蛋免费送,去抢6瓶可口可乐
DoTask异常：{"data":{},"msg":"亲,活动太火爆了,请稍后再试吧!","ret":20011}
领取去赢1000元红包,1万份鸡蛋免费送,去抢6瓶可口可乐任务奖励失败，任务已领奖
去做任务：去赢1000元红包,1万份鸡蛋免费送,去抢6瓶可口可乐
DoTask异常：{"data":{},"msg":"亲,活动太火爆了,请稍后再试吧!","ret":20011}
领取去赢1000元红包,1万份鸡蛋免费送,去抢6瓶可口可乐任务奖励失败，任务已领奖
去做任务：去赢1000元红包,1万份鸡蛋免费送,去抢6瓶可口可乐
DoTask异常：{"data":{},"msg":"亲,活动太火爆了,请稍后再试吧!","ret":20011}
领取去赢1000元红包,1万份鸡蛋免费送,去抢6瓶可口可乐任务奖励失败，任务已领奖
去做任务：上岛兑0元好物,逛农场免费领水果,出海寻宝领100元红包
DoTask异常：{"data":{},"msg":"亲,活动太火爆了,请稍后再试吧!","ret":20011}
领取上岛兑0元好物,逛农场免费领水果,出海寻宝领100元红包任务奖励失败，任务已领奖
去做任务：上岛兑0元好物,逛农场免费领水果,出海寻宝领100元红包
DoTask异常：{"data":{},"msg":"亲,活动太火爆了,请稍后再试吧!","ret":20011}
领取上岛兑0元好物,逛农场免费领水果,出海寻宝领100元红包任务奖励失败，任务已领奖
去做任务：上岛兑0元好物,逛农场免费领水果,出海寻宝领100元红包
DoTask异常：{"data":{},"msg":"亲,活动太火爆了,请稍后再试吧!","ret":20011}
领取上岛兑0元好物,逛农场免费领水果,出海寻宝领100元红包任务奖励失败，任务已领奖
去做任务：上岛兑0元好物,逛农场免费领水果,出海寻宝领100元红包
DoTask异常：{"data":{},"msg":"亲,活动太火爆了,请稍后再试吧!","ret":20011}
领取上岛兑0元好物,逛农场免费领水果,出海寻宝领100元红包任务奖励失败，任务已领奖
完成任务：共领取4300电力
成功投入电力9700电力
打工电力：收取失败，活动火爆，请稍后再试~
QueryActiveConfig异常：{"msg":"系统君失联，请稍后重试~ ","nowTime":1625662407,"ret":10003}
QueryAllTuan异常：{"msg":"系统君失联，请稍后重试~ ","nowTime":1625662408,"ret":10003}

  商品名     兑换状态
不锈钢多用盆    已兑换

【京东账号2】Ycp_Dream
【生产商品】平板拖把
【当前等级】金牌学徒 3
【生产进度】94.94%
【招工进度】0/10
【每日任务】领奖成功，共计 4300 电力
【投入电力】投入成功，共计 9700 电力
【打工电力】收取失败，活动火爆，请稍后再试~
【收取自己零件】获得0电力
【收取好友零件】获得0电力


******开始【京东账号3】jd_585601a83bd48*********

【提示】京东账号3[jd_585601a83bd48]京喜工厂活动未开始
请手动去京东APP->游戏与互动->查看更多->京喜工厂 开启活动



你今日还能帮好友打工（3/3）次


【今日招工进度】0/8
由于您第3个京东账号未提供shareCode,将采纳本脚本自带的助力码

开始
"Response code 530 (undefined)"
京喜工厂 API请求失败，请检查网路重试
第3个京东账号将要助力的好友["-OvElMzqeyeGBWazWYjI1Q=="]
助力朋友[-OvElMzqeyeGBWazWYjI1Q==]失败：活动火爆，请稍后再试~

******开始【京东账号4】jd_157332ewky*********

【提示】京东账号4[jd_157332ewky]京喜工厂活动未开始
请手动去京东APP->游戏与互动->查看更多->京喜工厂 开启活动



你今日还能帮好友打工（3/3）次


【今日招工进度】0/8
由于您第4个京东账号未提供shareCode,将采纳本脚本自带的助力码

开始
"Response code 530 (undefined)"
京喜工厂 API请求失败，请检查网路重试
第4个京东账号将要助力的好友["GFwo6PntxDHH95ZRzZ5uAg=="]
助力朋友[GFwo6PntxDHH95ZRzZ5uAg==]失败：活动火爆，请稍后再试~

******开始【京东账号5】jd_157332zdf*********

【提示】京东账号5[jd_157332zdf]京喜工厂未选购商品
请手动去京东APP->游戏与互动->查看更多->京喜工厂 选购



你今日还能帮好友打工（3/3）次


【今日招工进度】0/8
由于您第5个京东账号未提供shareCode,将采纳本脚本自带的助力码

开始
"Response code 530 (undefined)"
京喜工厂 API请求失败，请检查网路重试
第5个京东账号将要助力的好友["GFwo6PntxDHH95ZRzZ5uAg=="]
助力朋友[GFwo6PntxDHH95ZRzZ5uAg==]失败：活动火爆，请稍后再试~

账号15631692383_p 内部相互进团


账号15631692383_p 参加作者lxk0301的团 【iCU-GfLhyPG3Fn7wtBEiWQ==】
参团失败：{"msg":"系统君失联，请稍后重试~ ","nowTime":1625662439,"ret":10003}


账号15631692383_p 参加作者lxk0301的团 【J8ZvtkJeaXAXYKTc_rtRxg==】
参团失败：{"msg":"系统君失联，请稍后重试~ ","nowTime":1625662440,"ret":10003}


账号15631692383_p 参加作者lxk0301的团 【fnOGwe9glIHbkx2bBgM8lA==】
参团失败：{"msg":"系统君失联，请稍后重试~ ","nowTime":1625662441,"ret":10003}


账号15631692383_p 参加作者lxk0301的团 【CoqrcHQIDLI4pG536y9Cpg==】
参团失败：{"msg":"系统君失联，请稍后重试~ ","nowTime":1625662442,"ret":10003}


账号15631692383_p 参加作者lxk0301的团 【JUX2X3ArDrlWgYCmtgkhVg==】
参团失败：{"msg":"系统君失联，请稍后重试~ ","nowTime":1625662443,"ret":10003}


账号15631692383_p 参加作者lxk0301的团 【B95r-ID-WQwfQtS80lOh6g==】
参团失败：{"msg":"系统君失联，请稍后重试~ ","nowTime":1625662444,"ret":10003}


账号15631692383_p 参加作者lxk0301的团 【hESr0aZtKoozZ6GRHX1W0A==】
参团失败：{"msg":"系统君失联，请稍后重试~ ","nowTime":1625662446,"ret":10003}


账号15631692383_p 参加作者lxk0301的团 【p_bgLKnzTD77jW5nFlBA4w==】
参团失败：{"msg":"系统君失联，请稍后重试~ ","nowTime":1625662447,"ret":10003}


账号15631692383_p 参加作者lxk0301的团 【TSTzCe3XdnLbJ0JfNqcT6w==】
参团失败：{"msg":"系统君失联，请稍后重试~ ","nowTime":1625662448,"ret":10003}


账号15631692383_p 参加作者lxk0301的团 【1r3M0ihpeDeQ86M6A-S-Kg==】
参团失败：{"msg":"系统君失联，请稍后重试~ ","nowTime":1625662449,"ret":10003}


账号15631692383_p 参加作者lxk0301的团 【0fHB4IFPVw7WfoyAFL1YLQ==】
参团失败：{"msg":"系统君失联，请稍后重试~ ","nowTime":1625662450,"ret":10003}


账号15631692383_p 参加作者lxk0301的团 【hKwh9nEy-Xnm2-rbkx-Ihw==】
参团失败：{"msg":"系统君失联，请稍后重试~ ","nowTime":1625662452,"ret":10003}


账号15631692383_p 参加作者lxk0301的团 【E0rND89BAAnYgBJueoP8ZQ==】
参团失败：{"msg":"系统君失联，请稍后重试~ ","nowTime":1625662453,"ret":10003}


账号15631692383_p 参加作者lxk0301的团 【xe5GwPHy2yTzMdL9A2hq1Q==】
参团失败：{"msg":"系统君失联，请稍后重试~ ","nowTime":1625662454,"ret":10003}


账号15631692383_p 参加作者lxk0301的团 【Je08bsLd81iHkRtlqAJUsQ==】
参团失败：{"msg":"系统君失联，请稍后重试~ ","nowTime":1625662455,"ret":10003}


账号15631692383_p 参加作者lxk0301的团 【nbEJxIuDGEkexXh3fe01Sw==】
参团失败：{"msg":"系统君失联，请稍后重试~ ","nowTime":1625662456,"ret":10003}


账号jd_74a8d71c978d9 内部相互进团


账号jd_74a8d71c978d9 参加作者lxk0301的团 【iCU-GfLhyPG3Fn7wtBEiWQ==】
参团失败：{"msg":"系统君失联，请稍后重试~ ","nowTime":1625662481,"ret":10003}


账号jd_74a8d71c978d9 参加作者lxk0301的团 【J8ZvtkJeaXAXYKTc_rtRxg==】
参团失败：{"msg":"系统君失联，请稍后重试~ ","nowTime":1625662482,"ret":10003}


账号jd_74a8d71c978d9 参加作者lxk0301的团 【fnOGwe9glIHbkx2bBgM8lA==】
参团失败：{"msg":"系统君失联，请稍后重试~ ","nowTime":1625662484,"ret":10003}


账号jd_74a8d71c978d9 参加作者lxk0301的团 【CoqrcHQIDLI4pG536y9Cpg==】
参团失败：{"msg":"系统君失联，请稍后重试~ ","nowTime":1625662485,"ret":10003}


账号jd_74a8d71c978d9 参加作者lxk0301的团 【JUX2X3ArDrlWgYCmtgkhVg==】
参团失败：{"msg":"系统君失联，请稍后重试~ ","nowTime":1625662486,"ret":10003}


账号jd_74a8d71c978d9 参加作者lxk0301的团 【B95r-ID-WQwfQtS80lOh6g==】
参团失败：{"msg":"系统君失联，请稍后重试~ ","nowTime":1625662487,"ret":10003}


账号jd_74a8d71c978d9 参加作者lxk0301的团 【hESr0aZtKoozZ6GRHX1W0A==】
参团失败：{"msg":"系统君失联，请稍后重试~ ","nowTime":1625662489,"ret":10003}


账号jd_74a8d71c978d9 参加作者lxk0301的团 【p_bgLKnzTD77jW5nFlBA4w==】
参团失败：{"msg":"系统君失联，请稍后重试~ ","nowTime":1625662495,"ret":10003}


账号jd_74a8d71c978d9 参加作者lxk0301的团 【TSTzCe3XdnLbJ0JfNqcT6w==】
参团失败：{"msg":"系统君失联，请稍后重试~ ","nowTime":1625662496,"ret":10003}


账号jd_74a8d71c978d9 参加作者lxk0301的团 【1r3M0ihpeDeQ86M6A-S-Kg==】
参团失败：{"msg":"系统君失联，请稍后重试~ ","nowTime":1625662497,"ret":10003}


账号jd_74a8d71c978d9 参加作者lxk0301的团 【0fHB4IFPVw7WfoyAFL1YLQ==】
参团失败：{"msg":"系统君失联，请稍后重试~ ","nowTime":1625662498,"ret":10003}


账号jd_74a8d71c978d9 参加作者lxk0301的团 【hKwh9nEy-Xnm2-rbkx-Ihw==】
参团失败：{"msg":"系统君失联，请稍后重试~ ","nowTime":1625662500,"ret":10003}


账号jd_74a8d71c978d9 参加作者lxk0301的团 【E0rND89BAAnYgBJueoP8ZQ==】
参团失败：{"msg":"系统君失联，请稍后重试~ ","nowTime":1625662501,"ret":10003}


账号jd_74a8d71c978d9 参加作者lxk0301的团 【xe5GwPHy2yTzMdL9A2hq1Q==】
参团失败：{"msg":"系统君失联，请稍后重试~ ","nowTime":1625662502,"ret":10003}


账号jd_74a8d71c978d9 参加作者lxk0301的团 【Je08bsLd81iHkRtlqAJUsQ==】
参团失败：{"msg":"系统君失联，请稍后重试~ ","nowTime":1625662503,"ret":10003}


账号jd_74a8d71c978d9 参加作者lxk0301的团 【nbEJxIuDGEkexXh3fe01Sw==】
参团失败：{"msg":"系统君失联，请稍后重试~ ","nowTime":1625662504,"ret":10003}


账号chao4596758 内部相互进团


账号chao4596758 参加作者lxk0301的团 【iCU-GfLhyPG3Fn7wtBEiWQ==】
参团失败：{"msg":"系统君失联，请稍后重试~ ","nowTime":1625662529,"ret":10003}


账号chao4596758 参加作者lxk0301的团 【J8ZvtkJeaXAXYKTc_rtRxg==】
参团失败：{"msg":"系统君失联，请稍后重试~ ","nowTime":1625662530,"ret":10003}


账号chao4596758 参加作者lxk0301的团 【fnOGwe9glIHbkx2bBgM8lA==】
参团失败：{"msg":"系统君失联，请稍后重试~ ","nowTime":1625662532,"ret":10003}


账号chao4596758 参加作者lxk0301的团 【CoqrcHQIDLI4pG536y9Cpg==】
参团失败：{"msg":"系统君失联，请稍后重试~ ","nowTime":1625662533,"ret":10003}


账号chao4596758 参加作者lxk0301的团 【JUX2X3ArDrlWgYCmtgkhVg==】
参团失败：{"msg":"系统君失联，请稍后重试~ ","nowTime":1625662535,"ret":10003}


账号chao4596758 参加作者lxk0301的团 【B95r-ID-WQwfQtS80lOh6g==】
参团失败：{"msg":"系统君失联，请稍后重试~ ","nowTime":1625662536,"ret":10003}


账号chao4596758 参加作者lxk0301的团 【hESr0aZtKoozZ6GRHX1W0A==】
参团失败：{"msg":"系统君失联，请稍后重试~ ","nowTime":1625662537,"ret":10003}


账号chao4596758 参加作者lxk0301的团 【p_bgLKnzTD77jW5nFlBA4w==】
参团失败：{"msg":"系统君失联，请稍后重试~ ","nowTime":1625662538,"ret":10003}


账号chao4596758 参加作者lxk0301的团 【TSTzCe3XdnLbJ0JfNqcT6w==】
参团失败：{"msg":"系统君失联，请稍后重试~ ","nowTime":1625662539,"ret":10003}


账号chao4596758 参加作者lxk0301的团 【1r3M0ihpeDeQ86M6A-S-Kg==】
参团失败：{"msg":"系统君失联，请稍后重试~ ","nowTime":1625662540,"ret":10003}


账号chao4596758 参加作者lxk0301的团 【0fHB4IFPVw7WfoyAFL1YLQ==】
参团失败：{"msg":"系统君失联，请稍后重试~ ","nowTime":1625662542,"ret":10003}


账号chao4596758 参加作者lxk0301的团 【hKwh9nEy-Xnm2-rbkx-Ihw==】
参团失败：{"msg":"系统君失联，请稍后重试~ ","nowTime":1625662543,"ret":10003}


账号chao4596758 参加作者lxk0301的团 【E0rND89BAAnYgBJueoP8ZQ==】
参团失败：{"msg":"系统君失联，请稍后重试~ ","nowTime":1625662544,"ret":10003}


账号chao4596758 参加作者lxk0301的团 【xe5GwPHy2yTzMdL9A2hq1Q==】
参团失败：{"msg":"系统君失联，请稍后重试~ ","nowTime":1625662545,"ret":10003}


账号chao4596758 参加作者lxk0301的团 【Je08bsLd81iHkRtlqAJUsQ==】
参团失败：{"msg":"系统君失联，请稍后重试~ ","nowTime":1625662546,"ret":10003}


账号chao4596758 参加作者lxk0301的团 【nbEJxIuDGEkexXh3fe01Sw==】
参团失败：{"msg":"系统君失联，请稍后重试~ ","nowTime":1625662548,"ret":10003}


账号jd_46df9eaa780aa 内部相互进团


账号jd_46df9eaa780aa 参加作者lxk0301的团 【iCU-GfLhyPG3Fn7wtBEiWQ==】
参团失败：{"msg":"系统君失联，请稍后重试~ ","nowTime":1625662577,"ret":10003}


账号jd_46df9eaa780aa 参加作者lxk0301的团 【J8ZvtkJeaXAXYKTc_rtRxg==】
参团失败：{"msg":"系统君失联，请稍后重试~ ","nowTime":1625662589,"ret":10003}


账号jd_46df9eaa780aa 参加作者lxk0301的团 【fnOGwe9glIHbkx2bBgM8lA==】
参团失败：{"msg":"系统君失联，请稍后重试~ ","nowTime":1625662597,"ret":10003}


账号jd_46df9eaa780aa 参加作者lxk0301的团 【CoqrcHQIDLI4pG536y9Cpg==】
参团失败：{"msg":"系统君失联，请稍后重试~ ","nowTime":1625662606,"ret":10003}


账号jd_46df9eaa780aa 参加作者lxk0301的团 【JUX2X3ArDrlWgYCmtgkhVg==】
参团失败：{"msg":"系统君失联，请稍后重试~ ","nowTime":1625662613,"ret":10003}


账号jd_46df9eaa780aa 参加作者lxk0301的团 【B95r-ID-WQwfQtS80lOh6g==】
参团失败：{"msg":"系统君失联，请稍后重试~ ","nowTime":1625662621,"ret":10003}


账号jd_46df9eaa780aa 参加作者lxk0301的团 【hESr0aZtKoozZ6GRHX1W0A==】
参团失败：{"msg":"系统君失联，请稍后重试~ ","nowTime":1625662631,"ret":10003}


账号jd_46df9eaa780aa 参加作者lxk0301的团 【p_bgLKnzTD77jW5nFlBA4w==】
参团失败：{"msg":"系统君失联，请稍后重试~ ","nowTime":1625662641,"ret":10003}


账号jd_46df9eaa780aa 参加作者lxk0301的团 【TSTzCe3XdnLbJ0JfNqcT6w==】
参团失败：{"msg":"系统君失联，请稍后重试~ ","nowTime":1625662648,"ret":10003}


账号jd_46df9eaa780aa 参加作者lxk0301的团 【1r3M0ihpeDeQ86M6A-S-Kg==】
参团失败：{"msg":"系统君失联，请稍后重试~ ","nowTime":1625662658,"ret":10003}


账号jd_46df9eaa780aa 参加作者lxk0301的团 【0fHB4IFPVw7WfoyAFL1YLQ==】
参团失败：{"msg":"系统君失联，请稍后重试~ ","nowTime":1625662667,"ret":10003}


账号jd_46df9eaa780aa 参加作者lxk0301的团 【hKwh9nEy-Xnm2-rbkx-Ihw==】
参团失败：{"msg":"系统君失联，请稍后重试~ ","nowTime":1625662674,"ret":10003}


账号jd_46df9eaa780aa 参加作者lxk0301的团 【E0rND89BAAnYgBJueoP8ZQ==】
参团失败：{"msg":"系统君失联，请稍后重试~ ","nowTime":1625662683,"ret":10003}


账号jd_46df9eaa780aa 参加作者lxk0301的团 【xe5GwPHy2yTzMdL9A2hq1Q==】
参团失败：{"msg":"系统君失联，请稍后重试~ ","nowTime":1625662690,"ret":10003}


账号jd_46df9eaa780aa 参加作者lxk0301的团 【Je08bsLd81iHkRtlqAJUsQ==】
参团失败：{"msg":"系统君失联，请稍后重试~ ","nowTime":1625662698,"ret":10003}


账号jd_46df9eaa780aa 参加作者lxk0301的团 【nbEJxIuDGEkexXh3fe01Sw==】
参团失败：{"msg":"系统君失联，请稍后重试~ ","nowTime":1625662703,"ret":10003}


账号jd_67f63c904d8c6 内部相互进团


账号jd_67f63c904d8c6 参加作者lxk0301的团 【iCU-GfLhyPG3Fn7wtBEiWQ==】
参团失败：{"msg":"系统君失联，请稍后重试~ ","nowTime":1625662749,"ret":10003}


账号jd_67f63c904d8c6 参加作者lxk0301的团 【J8ZvtkJeaXAXYKTc_rtRxg==】
参团失败：{"msg":"系统君失联，请稍后重试~ ","nowTime":1625662754,"ret":10003}


账号jd_67f63c904d8c6 参加作者lxk0301的团 【fnOGwe9glIHbkx2bBgM8lA==】
参团失败：{"msg":"系统君失联，请稍后重试~ ","nowTime":1625662760,"ret":10003}


账号jd_67f63c904d8c6 参加作者lxk0301的团 【CoqrcHQIDLI4pG536y9Cpg==】
参团失败：{"msg":"系统君失联，请稍后重试~ ","nowTime":1625662763,"ret":10003}


账号jd_67f63c904d8c6 参加作者lxk0301的团 【JUX2X3ArDrlWgYCmtgkhVg==】
参团失败：{"msg":"系统君失联，请稍后重试~ ","nowTime":1625662769,"ret":10003}


账号jd_67f63c904d8c6 参加作者lxk0301的团 【B95r-ID-WQwfQtS80lOh6g==】
参团失败：{"msg":"系统君失联，请稍后重试~ ","nowTime":1625662773,"ret":10003}


账号jd_67f63c904d8c6 参加作者lxk0301的团 【hESr0aZtKoozZ6GRHX1W0A==】
参团失败：{"msg":"系统君失联，请稍后重试~ ","nowTime":1625662776,"ret":10003}


账号jd_67f63c904d8c6 参加作者lxk0301的团 【p_bgLKnzTD77jW5nFlBA4w==】
参团失败：{"msg":"系统君失联，请稍后重试~ ","nowTime":1625662780,"ret":10003}


账号jd_67f63c904d8c6 参加作者lxk0301的团 【TSTzCe3XdnLbJ0JfNqcT6w==】
参团失败：{"msg":"系统君失联，请稍后重试~ ","nowTime":1625662783,"ret":10003}


账号jd_67f63c904d8c6 参加作者lxk0301的团 【1r3M0ihpeDeQ86M6A-S-Kg==】
参团失败：{"msg":"系统君失联，请稍后重试~ ","nowTime":1625662787,"ret":10003}


账号jd_67f63c904d8c6 参加作者lxk0301的团 【0fHB4IFPVw7WfoyAFL1YLQ==】
参团失败：{"msg":"系统君失联，请稍后重试~ ","nowTime":1625662789,"ret":10003}


账号jd_67f63c904d8c6 参加作者lxk0301的团 【hKwh9nEy-Xnm2-rbkx-Ihw==】
参团失败：{"msg":"系统君失联，请稍后重试~ ","nowTime":1625662792,"ret":10003}


账号jd_67f63c904d8c6 参加作者lxk0301的团 【E0rND89BAAnYgBJueoP8ZQ==】
参团失败：{"msg":"系统君失联，请稍后重试~ ","nowTime":1625662796,"ret":10003}


账号jd_67f63c904d8c6 参加作者lxk0301的团 【xe5GwPHy2yTzMdL9A2hq1Q==】
参团失败：{"msg":"系统君失联，请稍后重试~ ","nowTime":1625662800,"ret":10003}


账号jd_67f63c904d8c6 参加作者lxk0301的团 【Je08bsLd81iHkRtlqAJUsQ==】
参团失败：{"msg":"系统君失联，请稍后重试~ ","nowTime":1625662804,"ret":10003}


账号jd_67f63c904d8c6 参加作者lxk0301的团 【nbEJxIuDGEkexXh3fe01Sw==】
参团失败：{"msg":"系统君失联，请稍后重试~ ","nowTime":1625662807,"ret":10003}


🔔京喜工厂, 结束! 🕛 507.832 秒

