
🔔京喜工厂, 开始!

====================共4个京东账号Cookie=========

==================脚本执行- 北京时间(UTC+8)：6/26/2021, 2:52:27 PM=====================

获取签名参数成功！
fp: 9271544048936162
token: tk01w93d21c09a8nUUc3OWNIempWp1418KJC97jnnnQBnqyA3S83xRaTKJNjd7BgUbZXtaQTD5dLXMHfEDSzuivJd6rn
enCryptMethodJD: function test(token,fingerprint,timestamp,appId,algo){const random='X3t60r5gHWu6';const str=`${token}${fingerprint}${timestamp}${appId}${random}`;return algo.SHA512(str)}
拼团活动ID: 获取成功 bozIUUFcANuUdWpw3QdvPw==

开始获取京喜工厂配置文件

您的互助码选择的是用&隔开

共4个京东账号

您提供了0个账号的京喜工厂助力码


******开始【京东账号1】15631692383_p*********


==============📣系统通知📣==============
京喜工厂
【提示】cookie已失效
京东账号1 15631692383_p
请重新登录获取
https://bean.m.jd.com/bean/signIndex.action
您未提供push+推送所需的PUSH_PLUS_TOKEN，取消push+推送消息通知🚫

server酱发送通知消息成功🎉

您未提供Bark的APP推送BARK_PUSH，取消Bark推送消息通知🚫

您未提供telegram机器人推送所需的TG_BOT_TOKEN和TG_USER_ID，取消telegram推送消息通知🚫

您未提供钉钉机器人推送所需的DD_BOT_TOKEN或者DD_BOT_SECRET，取消钉钉推送消息通知🚫

您未提供企业微信机器人推送所需的QYWX_KEY，取消企业微信推送消息通知🚫

您未提供企业微信应用消息推送所需的QYWX_AM，取消企业微信应用消息推送消息通知🚫

您未提供iGot的推送IGOT_PUSH_KEY，取消iGot推送消息通知🚫


******开始【京东账号2】Ycp_Dream*********

再加0.25%电力可开红包

当前电力：30
当前等级：3

【京东账号2（jd_74a8d71c978d9）的京喜工厂好友互助码】hVdButlHZykF-_RZaC6F1w==
已投入电力：9027500
所需电力：9560000
生产进度：94.43%


预计最快还需 【3.08天】生产完毕




你今日还能帮好友打工（3/3）次


【今日招工进度】0/10
由于您第2个京东账号未提供shareCode,将采纳本脚本自带的助力码

开始
"Response code 530 (undefined)"
京喜工厂 API请求失败，请检查网路重试
第2个京东账号将要助力的好友["gB99tYLjvPcEFloDgamoBw==","7dluIKQMp0bySgcr8AqFgw=="]
助力朋友[gB99tYLjvPcEFloDgamoBw==]失败：亲,好友的工厂的工人已经满员了,不能去好友工厂打工啦!
助力朋友[7dluIKQMp0bySgcr8AqFgw==]失败：亲,好友的工厂的工人已经满员了,不能去好友工厂打工啦!
发电机：当前 360 电力，最大值 360 电力
发电机：电力可翻倍并收获
收取电力成功: 共720 
任务：每日开工打卡可完成
领取每日开工打卡任务奖励成功，收获：800电力
去做任务：上集市做调研30s
做任务完成！
领取上集市做调研30s任务奖励成功，收获：300电力
去做任务：上集市做调研30s
DoTask异常：{"data":{"awardStatus":1,"completedTimes":1,"dateTypeExtra":"20210626","updateTime":1624690370,"userStatusConfigExtra":""},"msg":"亲,活动太火爆了,请稍后再试吧!","ret":1009}
领取上集市做调研30s任务奖励失败，任务已领奖
任务：累计收取发电机电力值可完成
领取累计收取发电机电力值任务奖励成功，收获：500电力
任务：登录APP领取奖励可完成
领取登录APP领取奖励任务奖励成功，收获：2500电力
去做任务：去签到，可领现金,每日签到领红包
做任务完成！
领取去签到，可领现金,每日签到领红包任务奖励成功，收获：100电力
去做任务：去签到，可领现金,每日签到领红包
做任务完成！
领取去签到，可领现金,每日签到领红包任务奖励成功，收获：100电力
去做任务：去签到，可领现金,每日签到领红包
DoTask异常：{"data":{"awardStatus":1,"completedTimes":2,"dateTypeExtra":"20210626","updateTime":1624690387,"userStatusConfigExtra":""},"msg":"亲,活动太火爆了,请稍后再试吧!","ret":1009}
领取去签到，可领现金,每日签到领红包任务奖励失败，任务已领奖
去做任务：从首页“领免费商品”进工厂,8.9元抢金龙鱼油,5.4元抢抽纸6包,4.9买佳洁士牙膏,限时9.9元秒
做任务完成！
领取从首页“领免费商品”进工厂,8.9元抢金龙鱼油,5.4元抢抽纸6包,4.9买佳洁士牙膏,限时9.9元秒任务奖励成功，收获：300电力
去做任务：从首页“领免费商品”进工厂,8.9元抢金龙鱼油,5.4元抢抽纸6包,4.9买佳洁士牙膏,限时9.9元秒
做任务完成！
领取从首页“领免费商品”进工厂,8.9元抢金龙鱼油,5.4元抢抽纸6包,4.9买佳洁士牙膏,限时9.9元秒任务奖励成功，收获：300电力
去做任务：从首页“领免费商品”进工厂,8.9元抢金龙鱼油,5.4元抢抽纸6包,4.9买佳洁士牙膏,限时9.9元秒
做任务完成！
领取从首页“领免费商品”进工厂,8.9元抢金龙鱼油,5.4元抢抽纸6包,4.9买佳洁士牙膏,限时9.9元秒任务奖励成功，收获：300电力
去做任务：从首页“领免费商品”进工厂,8.9元抢金龙鱼油,5.4元抢抽纸6包,4.9买佳洁士牙膏,限时9.9元秒
做任务完成！
领取从首页“领免费商品”进工厂,8.9元抢金龙鱼油,5.4元抢抽纸6包,4.9买佳洁士牙膏,限时9.9元秒任务奖励成功，收获：300电力
去做任务：从首页“领免费商品”进工厂,8.9元抢金龙鱼油,5.4元抢抽纸6包,4.9买佳洁士牙膏,限时9.9元秒
做任务完成！
领取从首页“领免费商品”进工厂,8.9元抢金龙鱼油,5.4元抢抽纸6包,4.9买佳洁士牙膏,限时9.9元秒任务奖励成功，收获：300电力
去做任务：从首页“领免费商品”进工厂,8.9元抢金龙鱼油,5.4元抢抽纸6包,4.9买佳洁士牙膏,限时9.9元秒
DoTask异常：{"data":{"awardStatus":1,"completedTimes":5,"dateTypeExtra":"20210626","updateTime":1624690401,"userStatusConfigExtra":""},"msg":"亲,活动太火爆了,请稍后再试吧!","ret":1009}
领取从首页“领免费商品”进工厂,8.9元抢金龙鱼油,5.4元抢抽纸6包,4.9买佳洁士牙膏,限时9.9元秒任务奖励失败，任务已领奖
去做任务：1万份鸡蛋免费送,去京东会员 领专属权益
做任务完成！
领取1万份鸡蛋免费送,去京东会员 领专属权益任务奖励成功，收获：100电力
去做任务：1万份鸡蛋免费送,去京东会员 领专属权益
做任务完成！
领取1万份鸡蛋免费送,去京东会员 领专属权益任务奖励成功，收获：100电力
去做任务：1万份鸡蛋免费送,去京东会员 领专属权益
DoTask异常：{"data":{"awardStatus":1,"completedTimes":2,"dateTypeExtra":"20210626","updateTime":1624690406,"userStatusConfigExtra":""},"msg":"亲,活动太火爆了,请稍后再试吧!","ret":1009}
领取1万份鸡蛋免费送,去京东会员 领专属权益任务奖励失败，任务已领奖
去做任务：上岛兑0元好物,逛农场免费领水果,出海寻宝领100元红包
做任务完成！
领取上岛兑0元好物,逛农场免费领水果,出海寻宝领100元红包任务奖励成功，收获：100电力
去做任务：上岛兑0元好物,逛农场免费领水果,出海寻宝领100元红包
做任务完成！
领取上岛兑0元好物,逛农场免费领水果,出海寻宝领100元红包任务奖励成功，收获：100电力
去做任务：上岛兑0元好物,逛农场免费领水果,出海寻宝领100元红包
做任务完成！
领取上岛兑0元好物,逛农场免费领水果,出海寻宝领100元红包任务奖励成功，收获：100电力
去做任务：上岛兑0元好物,逛农场免费领水果,出海寻宝领100元红包
DoTask异常：{"data":{"awardStatus":1,"completedTimes":3,"dateTypeExtra":"20210626","updateTime":1624690413,"userStatusConfigExtra":""},"msg":"亲,活动太火爆了,请稍后再试吧!","ret":1009}
领取上岛兑0元好物,逛农场免费领水果,出海寻宝领100元红包任务奖励失败，任务已领奖
完成任务：共领取7020电力
成功投入电力7000电力
打工电力：收取成功

团活动ID  bozIUUFcANuUdWpw3QdvPw==
团ID  9GXlWQ9ELHtzmHRDJubsDw==

今日剩余开团次数：3次
之前的团已过期，准备重新开团

【开团成功】tuanId为 8j0w7OUxj3pIuS1PJrqiXg==

开团情况:1/7


此团未达领取团奖励人数：7人

6/21/2021, 7:53:48 AM参加团主【hVdButlHZykF-_RZaC6F1w==】失败
6/20/2021, 3:52:04 PM参加团主【hVdButlHZykF-_RZaC6F1w==】失败
6/26/2021, 2:53:39 PM参加团主【hVdButlHZykF-_RZaC6F1w==】失败
6/24/2021, 12:52:21 PM参加团主【hVdButlHZykF-_RZaC6F1w==】失败

  商品名     兑换状态
不锈钢多用盆    已兑换

【京东账号2】Ycp_Dream
【生产商品】平板拖把
【当前等级】金牌学徒 3
【生产进度】94.43%
【招工进度】0/10
【收取发电站】收取成功，获得 720 电力
【每日任务】领奖成功，共计 7020 电力
【投入电力】投入成功，共计 7000 电力
【打工电力】：收取成功
【收取自己零件】获得0电力
【收取好友零件】获得0电力


******开始【京东账号3】jd_585601a83bd48*********

【提示】京东账号3[jd_585601a83bd48]京喜工厂活动未开始
请手动去京东APP->游戏与互动->查看更多->京喜工厂 开启活动



你今日还能帮好友打工（3/3）次


【今日招工进度】0/8
由于您第3个京东账号未提供shareCode,将采纳本脚本自带的助力码

开始
第3个京东账号将要助力的好友["-OvElMzqeyeGBWazWYjI1Q=="]
助力朋友[-OvElMzqeyeGBWazWYjI1Q==]失败：好友存储电力已达上限,暂不可打工哦~

******开始【京东账号4】jd_157332ewky*********

【提示】京东账号4[jd_157332ewky]京喜工厂活动未开始
请手动去京东APP->游戏与互动->查看更多->京喜工厂 开启活动



你今日还能帮好友打工（3/3）次


【今日招工进度】0/8
由于您第4个京东账号未提供shareCode,将采纳本脚本自带的助力码

开始
第4个京东账号将要助力的好友["GFwo6PntxDHH95ZRzZ5uAg=="]
助力朋友[GFwo6PntxDHH95ZRzZ5uAg==]失败：亲,好友的工厂的工人已经满员了,不能去好友工厂打工啦!
"Timeout awaiting 'request' for 10000ms"
京喜工厂 API请求失败，请检查网路重试
"Timeout awaiting 'request' for 10000ms"
京喜工厂 API请求失败，请检查网路重试

账号jd_74a8d71c978d9 参加作者lxk0301的团 【eGbtvZyUW2kKVTIapQ2JBA==】
参团失败：{"msg":"您已成团","nowTime":1624690474,"ret":10209}


账号jd_74a8d71c978d9 参加作者lxk0301的团 【K3IMvmmHPHpCovKEfUulKQ==】
参团失败：{"msg":"您已成团","nowTime":1624690475,"ret":10209}


账号jd_74a8d71c978d9 参加作者lxk0301的团 【gh-kq4Yj2VihTe4JOs4nFQ==】
参团失败：{"msg":"您已成团","nowTime":1624690476,"ret":10209}


账号jd_74a8d71c978d9 参加作者lxk0301的团 【VRjRUYLnUeLKpbKzUPqjnQ==】
参团失败：{"msg":"您已成团","nowTime":1624690483,"ret":10209}


账号jd_74a8d71c978d9 参加作者lxk0301的团 【7CsZ_bDbhygMJybfc6CVmw==】
参团失败：{"msg":"您已成团","nowTime":1624690484,"ret":10209}


账号jd_74a8d71c978d9 参加作者lxk0301的团 【K2qj2zXkq405SAXMUYDdEA==】
参团失败：{"msg":"您已成团","nowTime":1624690485,"ret":10209}


账号jd_74a8d71c978d9 参加作者lxk0301的团 【e3dhOJXdkyJ9VqtPPVLGQQ==】
参团失败：{"msg":"您已成团","nowTime":1624690486,"ret":10209}


账号jd_74a8d71c978d9 参加作者lxk0301的团 【CszkGBiqJzsfxteWum7LiQ==】
参团失败：{"msg":"您已成团","nowTime":1624690488,"ret":10209}


账号jd_74a8d71c978d9 参加作者lxk0301的团 【02Jm2MMWzbFWZH81GAwCGQ==】
参团失败：{"msg":"您已成团","nowTime":1624690489,"ret":10209}


账号jd_74a8d71c978d9 参加作者lxk0301的团 【Mwg9gTHN85yBV3wqZ0SFmQ==】
参团失败：{"msg":"您已成团","nowTime":1624690490,"ret":10209}


账号jd_74a8d71c978d9 参加作者lxk0301的团 【qYFHC-Q-VPlzLxi2HvKBuQ==】
参团失败：{"msg":"您已成团","nowTime":1624690492,"ret":10209}


账号jd_74a8d71c978d9 参加作者lxk0301的团 【X1Q__uLXimMcnxEuvU7CTg==】
参团失败：{"msg":"您已成团","nowTime":1624690493,"ret":10209}


账号jd_74a8d71c978d9 参加作者lxk0301的团 【32rn6Ut8tFUCOPeCZE0aVw==】
参团失败：{"msg":"您已成团","nowTime":1624690494,"ret":10209}


账号jd_74a8d71c978d9 参加作者lxk0301的团 【gfP6YehprztcQv7Uory1XA==】
参团失败：{"msg":"您已成团","nowTime":1624690495,"ret":10209}


账号jd_74a8d71c978d9 参加作者lxk0301的团 【y0V7TNtUHI2sFQIuQAcvEQ==】
参团失败：{"msg":"您已成团","nowTime":1624690497,"ret":10209}


账号chao4596758 参加作者lxk0301的团 【eGbtvZyUW2kKVTIapQ2JBA==】
参团失败：{"msg":"您已成团","nowTime":1624690527,"ret":10209}


账号chao4596758 参加作者lxk0301的团 【K3IMvmmHPHpCovKEfUulKQ==】
参团失败：{"msg":"您已成团","nowTime":1624690528,"ret":10209}


账号chao4596758 参加作者lxk0301的团 【gh-kq4Yj2VihTe4JOs4nFQ==】
参团失败：{"msg":"您已成团","nowTime":1624690530,"ret":10209}


账号chao4596758 参加作者lxk0301的团 【VRjRUYLnUeLKpbKzUPqjnQ==】
参团失败：{"msg":"您已成团","nowTime":1624690531,"ret":10209}


账号chao4596758 参加作者lxk0301的团 【7CsZ_bDbhygMJybfc6CVmw==】
参团失败：{"msg":"您已成团","nowTime":1624690532,"ret":10209}


账号chao4596758 参加作者lxk0301的团 【K2qj2zXkq405SAXMUYDdEA==】
参团失败：{"msg":"您已成团","nowTime":1624690534,"ret":10209}


账号chao4596758 参加作者lxk0301的团 【e3dhOJXdkyJ9VqtPPVLGQQ==】
参团失败：{"msg":"您已成团","nowTime":1624690535,"ret":10209}


账号chao4596758 参加作者lxk0301的团 【CszkGBiqJzsfxteWum7LiQ==】
参团失败：{"msg":"您已成团","nowTime":1624690536,"ret":10209}


账号chao4596758 参加作者lxk0301的团 【02Jm2MMWzbFWZH81GAwCGQ==】
参团失败：{"msg":"您已成团","nowTime":1624690538,"ret":10209}


账号chao4596758 参加作者lxk0301的团 【Mwg9gTHN85yBV3wqZ0SFmQ==】
参团失败：{"msg":"您已成团","nowTime":1624690539,"ret":10209}


账号chao4596758 参加作者lxk0301的团 【qYFHC-Q-VPlzLxi2HvKBuQ==】
参团失败：{"msg":"您已成团","nowTime":1624690545,"ret":10209}


账号chao4596758 参加作者lxk0301的团 【X1Q__uLXimMcnxEuvU7CTg==】
参团失败：{"msg":"您已成团","nowTime":1624690552,"ret":10209}


账号chao4596758 参加作者lxk0301的团 【32rn6Ut8tFUCOPeCZE0aVw==】
参团失败：{"msg":"您已成团","nowTime":1624690553,"ret":10209}


账号chao4596758 参加作者lxk0301的团 【gfP6YehprztcQv7Uory1XA==】
参团失败：{"msg":"您已成团","nowTime":1624690554,"ret":10209}


账号chao4596758 参加作者lxk0301的团 【y0V7TNtUHI2sFQIuQAcvEQ==】
参团失败：{"msg":"您已成团","nowTime":1624690555,"ret":10209}


账号jd_46df9eaa780aa 参加作者lxk0301的团 【eGbtvZyUW2kKVTIapQ2JBA==】
参团失败：{"msg":"您已成团","nowTime":1624690581,"ret":10209}


账号jd_46df9eaa780aa 参加作者lxk0301的团 【K3IMvmmHPHpCovKEfUulKQ==】
参团失败：{"msg":"您已成团","nowTime":1624690582,"ret":10209}


账号jd_46df9eaa780aa 参加作者lxk0301的团 【gh-kq4Yj2VihTe4JOs4nFQ==】
参团失败：{"msg":"您已成团","nowTime":1624690583,"ret":10209}


账号jd_46df9eaa780aa 参加作者lxk0301的团 【VRjRUYLnUeLKpbKzUPqjnQ==】
参团失败：{"msg":"您已成团","nowTime":1624690584,"ret":10209}


账号jd_46df9eaa780aa 参加作者lxk0301的团 【7CsZ_bDbhygMJybfc6CVmw==】
参团失败：{"msg":"您已成团","nowTime":1624690591,"ret":10209}


账号jd_46df9eaa780aa 参加作者lxk0301的团 【K2qj2zXkq405SAXMUYDdEA==】
参团失败：{"msg":"您已成团","nowTime":1624690592,"ret":10209}


账号jd_46df9eaa780aa 参加作者lxk0301的团 【e3dhOJXdkyJ9VqtPPVLGQQ==】
参团失败：{"msg":"您已成团","nowTime":1624690593,"ret":10209}


账号jd_46df9eaa780aa 参加作者lxk0301的团 【CszkGBiqJzsfxteWum7LiQ==】
参团失败：{"msg":"您已成团","nowTime":1624690594,"ret":10209}


账号jd_46df9eaa780aa 参加作者lxk0301的团 【02Jm2MMWzbFWZH81GAwCGQ==】
参团失败：{"msg":"您已成团","nowTime":1624690596,"ret":10209}


账号jd_46df9eaa780aa 参加作者lxk0301的团 【Mwg9gTHN85yBV3wqZ0SFmQ==】
参团失败：{"msg":"您已成团","nowTime":1624690597,"ret":10209}


账号jd_46df9eaa780aa 参加作者lxk0301的团 【qYFHC-Q-VPlzLxi2HvKBuQ==】
参团失败：{"msg":"您已成团","nowTime":1624690598,"ret":10209}


账号jd_46df9eaa780aa 参加作者lxk0301的团 【X1Q__uLXimMcnxEuvU7CTg==】
参团失败：{"msg":"您已成团","nowTime":1624690600,"ret":10209}


账号jd_46df9eaa780aa 参加作者lxk0301的团 【32rn6Ut8tFUCOPeCZE0aVw==】
参团失败：{"msg":"您已成团","nowTime":1624690601,"ret":10209}


账号jd_46df9eaa780aa 参加作者lxk0301的团 【gfP6YehprztcQv7Uory1XA==】
参团失败：{"msg":"您已成团","nowTime":1624690602,"ret":10209}


账号jd_46df9eaa780aa 参加作者lxk0301的团 【y0V7TNtUHI2sFQIuQAcvEQ==】
参团失败：{"msg":"您已成团","nowTime":1624690603,"ret":10209}


🔔京喜工厂, 结束! 🕛 257.987 秒

