
🔔京喜工厂, 开始!

====================共2个京东账号Cookie=========

==================脚本执行- 北京时间(UTC+8)：7/12/2021, 12:04:10 AM=====================

获取签名参数成功！
fp: 9017942474294162
token: tk01w76fd1b0ca8ndzJ5a05rbENHA2+u/pHGnUxsX61MWJQxG+UJ24a1NJgU+fEprhe96fl1NSsdxw60HZ0KsqJ4xrT8
enCryptMethodJD: function test(token,fingerprint,timestamp,appId,algo){const random='eElqqse8Qr0d';const str=`${token}${fingerprint}${timestamp}${appId}${random}`;return algo.MD5(str)}
拼团活动ID: 获取成功 T_zZaWP6by9yA1wehxM4mg==

开始获取京喜工厂配置文件

您的互助码选择的是用&隔开

共2个京东账号

您提供了0个账号的京喜工厂助力码


******开始【京东账号1】15631692383_p*********

再加0.31%电力可开红包

当前电力：29
当前等级：8

【京东账号1（15631692383_p）的京喜工厂好友互助码】jLuj5y4OynbjOLDt2boGNg==
已投入电力：456600
所需电力：1730000
生产进度：26.39%


预计最快还需 【7.37天】生产完毕




你今日还能帮好友打工（3/3）次


【今日招工进度】0/14

未到招工时间(每日6-24点之间可招工)

发电机：当前 60.4 电力，最大值 510 电力

本次发电机电力集满分享后不可获得双倍电力，故现在收取电力

收取电力成功: 共60 
去做任务：*限时*邀5人得2万电
做任务完成！
领取*限时*邀5人得2万电任务奖励成功，收获：100电力
去做任务：*限时*邀5人得2万电
DoTask异常：{"data":{"awardStatus":1,"completedTimes":1,"dateTypeExtra":"20210712","updateTime":1626019459,"userStatusConfigExtra":""},"msg":"亲,活动太火爆了,请稍后再试吧!","ret":1009}
领取*限时*邀5人得2万电任务奖励失败，任务已领奖
任务：每日开工打卡可完成
领取每日开工打卡任务奖励成功，收获：800电力
去做任务：上集市做调研30s
做任务完成！
领取上集市做调研30s任务奖励成功，收获：300电力
去做任务：上集市做调研30s
DoTask异常：{"data":{"awardStatus":1,"completedTimes":1,"dateTypeExtra":"20210712","updateTime":1626019465,"userStatusConfigExtra":""},"msg":"亲,活动太火爆了,请稍后再试吧!","ret":1009}
领取上集市做调研30s任务奖励失败，任务已领奖
任务：登录APP领取奖励可完成
领取登录APP领取奖励任务奖励成功，收获：2500电力
去做任务：开宝箱找万能螺丝刀
做任务完成！
领取开宝箱找万能螺丝刀任务奖励成功，收获：100电力
去做任务：开宝箱找万能螺丝刀
DoTask异常：{"data":{"awardStatus":1,"completedTimes":1,"dateTypeExtra":"20210712","updateTime":1626019469,"userStatusConfigExtra":""},"msg":"亲,活动太火爆了,请稍后再试吧!","ret":1009}
领取开宝箱找万能螺丝刀任务奖励失败，任务已领奖
去做任务：去签到，可领现金,每日签到领红包,去京东会员领专属权益
做任务完成！
领取去签到，可领现金,每日签到领红包,去京东会员领专属权益任务奖励成功，收获：100电力
去做任务：去签到，可领现金,每日签到领红包,去京东会员领专属权益
做任务完成！
领取去签到，可领现金,每日签到领红包,去京东会员领专属权益任务奖励成功，收获：100电力
去做任务：去签到，可领现金,每日签到领红包,去京东会员领专属权益
做任务完成！
领取去签到，可领现金,每日签到领红包,去京东会员领专属权益任务奖励成功，收获：100电力
去做任务：去签到，可领现金,每日签到领红包,去京东会员领专属权益
DoTask异常：{"data":{"awardStatus":1,"completedTimes":3,"dateTypeExtra":"20210712","updateTime":1626019475,"userStatusConfigExtra":""},"msg":"亲,活动太火爆了,请稍后再试吧!","ret":1009}
领取去签到，可领现金,每日签到领红包,去京东会员领专属权益任务奖励失败，任务已领奖
去做任务：从首页“领免费商品”进工厂,8.9元抢金龙鱼油,5.4元抢抽纸6包,4.9买佳洁士牙膏,限时9.9元秒
做任务完成！
领取从首页“领免费商品”进工厂,8.9元抢金龙鱼油,5.4元抢抽纸6包,4.9买佳洁士牙膏,限时9.9元秒任务奖励成功，收获：300电力
去做任务：从首页“领免费商品”进工厂,8.9元抢金龙鱼油,5.4元抢抽纸6包,4.9买佳洁士牙膏,限时9.9元秒
做任务完成！
领取从首页“领免费商品”进工厂,8.9元抢金龙鱼油,5.4元抢抽纸6包,4.9买佳洁士牙膏,限时9.9元秒任务奖励成功，收获：300电力
去做任务：从首页“领免费商品”进工厂,8.9元抢金龙鱼油,5.4元抢抽纸6包,4.9买佳洁士牙膏,限时9.9元秒
做任务完成！
领取从首页“领免费商品”进工厂,8.9元抢金龙鱼油,5.4元抢抽纸6包,4.9买佳洁士牙膏,限时9.9元秒任务奖励成功，收获：300电力
去做任务：从首页“领免费商品”进工厂,8.9元抢金龙鱼油,5.4元抢抽纸6包,4.9买佳洁士牙膏,限时9.9元秒
做任务完成！
领取从首页“领免费商品”进工厂,8.9元抢金龙鱼油,5.4元抢抽纸6包,4.9买佳洁士牙膏,限时9.9元秒任务奖励成功，收获：300电力
去做任务：从首页“领免费商品”进工厂,8.9元抢金龙鱼油,5.4元抢抽纸6包,4.9买佳洁士牙膏,限时9.9元秒
做任务完成！
领取从首页“领免费商品”进工厂,8.9元抢金龙鱼油,5.4元抢抽纸6包,4.9买佳洁士牙膏,限时9.9元秒任务奖励成功，收获：300电力
去做任务：从首页“领免费商品”进工厂,8.9元抢金龙鱼油,5.4元抢抽纸6包,4.9买佳洁士牙膏,限时9.9元秒
DoTask异常：{"data":{"awardStatus":1,"completedTimes":5,"dateTypeExtra":"20210712","updateTime":1626019483,"userStatusConfigExtra":""},"msg":"亲,活动太火爆了,请稍后再试吧!","ret":1009}
领取从首页“领免费商品”进工厂,8.9元抢金龙鱼油,5.4元抢抽纸6包,4.9买佳洁士牙膏,限时9.9元秒任务奖励失败，任务已领奖
去做任务：去赢1000元红包,1万份鸡蛋免费送,去抢6瓶可口可乐
做任务完成！
领取去赢1000元红包,1万份鸡蛋免费送,去抢6瓶可口可乐任务奖励成功，收获：100电力
去做任务：去赢1000元红包,1万份鸡蛋免费送,去抢6瓶可口可乐
做任务完成！
领取去赢1000元红包,1万份鸡蛋免费送,去抢6瓶可口可乐任务奖励成功，收获：100电力
去做任务：去赢1000元红包,1万份鸡蛋免费送,去抢6瓶可口可乐
做任务完成！
领取去赢1000元红包,1万份鸡蛋免费送,去抢6瓶可口可乐任务奖励成功，收获：100电力
去做任务：去赢1000元红包,1万份鸡蛋免费送,去抢6瓶可口可乐
DoTask异常：{"data":{"awardStatus":1,"completedTimes":3,"dateTypeExtra":"20210712","updateTime":1626019488,"userStatusConfigExtra":""},"msg":"亲,活动太火爆了,请稍后再试吧!","ret":1009}
领取去赢1000元红包,1万份鸡蛋免费送,去抢6瓶可口可乐任务奖励失败，任务已领奖
去做任务：上岛兑0元好物,逛农场免费领水果,出海寻宝领100元红包
做任务完成！
领取上岛兑0元好物,逛农场免费领水果,出海寻宝领100元红包任务奖励成功，收获：100电力
去做任务：上岛兑0元好物,逛农场免费领水果,出海寻宝领100元红包
做任务完成！
领取上岛兑0元好物,逛农场免费领水果,出海寻宝领100元红包任务奖励成功，收获：100电力
去做任务：上岛兑0元好物,逛农场免费领水果,出海寻宝领100元红包
做任务完成！
领取上岛兑0元好物,逛农场免费领水果,出海寻宝领100元红包任务奖励成功，收获：100电力
去做任务：上岛兑0元好物,逛农场免费领水果,出海寻宝领100元红包
DoTask异常：{"data":{"awardStatus":1,"completedTimes":3,"dateTypeExtra":"20210712","updateTime":1626019493,"userStatusConfigExtra":""},"msg":"亲,活动太火爆了,请稍后再试吧!","ret":1009}
领取上岛兑0元好物,逛农场免费领水果,出海寻宝领100元红包任务奖励失败，任务已领奖
完成任务：共领取6260电力
成功投入电力6200电力
打工电力：收取失败，6点后可领取

团活动ID  T_zZaWP6by9yA1wehxM4mg==
团ID  OHa0ATzWwr_mqpMQyJRuyA==

今日剩余开团次数：3次

开团情况:1/6


此团未达领取团奖励人数：6人

7/11/2021, 7:54:06 PM参加团主【jLuj5y4OynbjOLDt2boGNg==】失败
7/11/2021, 6:51:15 AM参加团主【jLuj5y4OynbjOLDt2boGNg==】失败
7/11/2021, 12:57:48 AM参加团主【15*3_p】的奖励已经领取成功
7/10/2021, 6:50:47 PM参加团主【jLuj5y4OynbjOLDt2boGNg==】失败
7/10/2021, 5:51:07 AM参加团主【jLuj5y4OynbjOLDt2boGNg==】失败
7/10/2021, 6:52:54 AM参加团主【15*3_p】的奖励已经领取成功
7/9/2021, 4:50:39 PM参加团主【jLuj5y4OynbjOLDt2boGNg==】失败
7/9/2021, 3:50:39 AM参加团主【jLuj5y4OynbjOLDt2boGNg==】失败
7/8/2021, 2:50:44 PM参加团主【jLuj5y4OynbjOLDt2boGNg==】失败
7/9/2021, 12:56:51 AM参加团主【15*3_p】的奖励已经领取成功

  商品名     兑换状态
平板拖把    已兑换
芒果干    已兑换
芋泥酥6枚    已兑换
冰箱除味剂4盒    已兑换
统一干脆面    兑换超时

【京东账号1】15631692383_p
【生产商品】飘柔护发素
【当前等级】研究员 8
【生产进度】26.39%
【招工进度】0/14
【收取发电站】收取成功，获得 60 电力
【每日任务】领奖成功，共计 6260 电力
【投入电力】投入成功，共计 6200 电力
【打工电力】收取失败，6点后可领取
【收取自己零件】获得0电力
【收取好友零件】获得0电力


******开始【京东账号2】Ycp_Dream*********

再加0.17%电力可开红包

当前电力：3030
当前等级：3

【京东账号2（jd_74a8d71c978d9）的京喜工厂好友互助码】hVdButlHZykF-_RZaC6F1w==
已投入电力：9121400
所需电力：9560000
生产进度：95.41%


预计最快还需 【2.54天】生产完毕




你今日还能帮好友打工（3/3）次


【今日招工进度】0/10

未到招工时间(每日6-24点之间可招工)

发电机：当前 63.9 电力，最大值 360 电力

本次发电机电力集满分享后不可获得双倍电力，故现在收取电力

收取电力成功: 共64 
去做任务：*限时*邀5人得2万电
做任务完成！
领取*限时*邀5人得2万电任务奖励成功，收获：100电力
去做任务：*限时*邀5人得2万电
DoTask异常：{"data":{"awardStatus":1,"completedTimes":1,"dateTypeExtra":"20210712","updateTime":1626019499,"userStatusConfigExtra":""},"msg":"亲,活动太火爆了,请稍后再试吧!","ret":1009}
领取*限时*邀5人得2万电任务奖励失败，任务已领奖
任务：每日开工打卡可完成
领取每日开工打卡任务奖励成功，收获：800电力
去做任务：上集市做调研30s
做任务完成！
领取上集市做调研30s任务奖励成功，收获：300电力
去做任务：上集市做调研30s
DoTask异常：{"data":{"awardStatus":1,"completedTimes":1,"dateTypeExtra":"20210712","updateTime":1626019503,"userStatusConfigExtra":""},"msg":"亲,活动太火爆了,请稍后再试吧!","ret":1009}
领取上集市做调研30s任务奖励失败，任务已领奖
任务：累计投入电力值可完成
领取累计投入电力值任务奖励成功，收获：500电力
任务：登录APP领取奖励可完成
领取登录APP领取奖励任务奖励成功，收获：2500电力
任务：累计完成逛集市次数可完成
领取累计完成逛集市次数任务奖励成功，收获：500电力
去做任务：开宝箱找万能螺丝刀
做任务完成！
领取开宝箱找万能螺丝刀任务奖励成功，收获：100电力
去做任务：开宝箱找万能螺丝刀
DoTask异常：{"data":{"awardStatus":1,"completedTimes":1,"dateTypeExtra":"20210712","updateTime":1626019509,"userStatusConfigExtra":""},"msg":"亲,活动太火爆了,请稍后再试吧!","ret":1009}
领取开宝箱找万能螺丝刀任务奖励失败，任务已领奖
去做任务：去签到，可领现金,每日签到领红包,去京东会员领专属权益
做任务完成！
领取去签到，可领现金,每日签到领红包,去京东会员领专属权益任务奖励成功，收获：100电力
去做任务：去签到，可领现金,每日签到领红包,去京东会员领专属权益
做任务完成！
领取去签到，可领现金,每日签到领红包,去京东会员领专属权益任务奖励成功，收获：100电力
去做任务：去签到，可领现金,每日签到领红包,去京东会员领专属权益
做任务完成！
领取去签到，可领现金,每日签到领红包,去京东会员领专属权益任务奖励成功，收获：100电力
去做任务：去签到，可领现金,每日签到领红包,去京东会员领专属权益
DoTask异常：{"data":{"awardStatus":1,"completedTimes":3,"dateTypeExtra":"20210712","updateTime":1626019514,"userStatusConfigExtra":""},"msg":"亲,活动太火爆了,请稍后再试吧!","ret":1009}
领取去签到，可领现金,每日签到领红包,去京东会员领专属权益任务奖励失败，任务已领奖
去做任务：从首页“领免费商品”进工厂,8.9元抢金龙鱼油,5.4元抢抽纸6包,4.9买佳洁士牙膏,限时9.9元秒
做任务完成！
领取从首页“领免费商品”进工厂,8.9元抢金龙鱼油,5.4元抢抽纸6包,4.9买佳洁士牙膏,限时9.9元秒任务奖励成功，收获：300电力
去做任务：从首页“领免费商品”进工厂,8.9元抢金龙鱼油,5.4元抢抽纸6包,4.9买佳洁士牙膏,限时9.9元秒
做任务完成！
领取从首页“领免费商品”进工厂,8.9元抢金龙鱼油,5.4元抢抽纸6包,4.9买佳洁士牙膏,限时9.9元秒任务奖励成功，收获：300电力
去做任务：从首页“领免费商品”进工厂,8.9元抢金龙鱼油,5.4元抢抽纸6包,4.9买佳洁士牙膏,限时9.9元秒
做任务完成！
领取从首页“领免费商品”进工厂,8.9元抢金龙鱼油,5.4元抢抽纸6包,4.9买佳洁士牙膏,限时9.9元秒任务奖励成功，收获：300电力
去做任务：从首页“领免费商品”进工厂,8.9元抢金龙鱼油,5.4元抢抽纸6包,4.9买佳洁士牙膏,限时9.9元秒
做任务完成！
领取从首页“领免费商品”进工厂,8.9元抢金龙鱼油,5.4元抢抽纸6包,4.9买佳洁士牙膏,限时9.9元秒任务奖励成功，收获：300电力
去做任务：从首页“领免费商品”进工厂,8.9元抢金龙鱼油,5.4元抢抽纸6包,4.9买佳洁士牙膏,限时9.9元秒
做任务完成！
领取从首页“领免费商品”进工厂,8.9元抢金龙鱼油,5.4元抢抽纸6包,4.9买佳洁士牙膏,限时9.9元秒任务奖励成功，收获：300电力
去做任务：从首页“领免费商品”进工厂,8.9元抢金龙鱼油,5.4元抢抽纸6包,4.9买佳洁士牙膏,限时9.9元秒
DoTask异常：{"data":{"awardStatus":1,"completedTimes":5,"dateTypeExtra":"20210712","updateTime":1626019522,"userStatusConfigExtra":""},"msg":"亲,活动太火爆了,请稍后再试吧!","ret":1009}
领取从首页“领免费商品”进工厂,8.9元抢金龙鱼油,5.4元抢抽纸6包,4.9买佳洁士牙膏,限时9.9元秒任务奖励失败，任务已领奖
去做任务：去赢1000元红包,1万份鸡蛋免费送,去抢6瓶可口可乐
做任务完成！
领取去赢1000元红包,1万份鸡蛋免费送,去抢6瓶可口可乐任务奖励成功，收获：100电力
去做任务：去赢1000元红包,1万份鸡蛋免费送,去抢6瓶可口可乐
做任务完成！
领取去赢1000元红包,1万份鸡蛋免费送,去抢6瓶可口可乐任务奖励成功，收获：100电力
去做任务：去赢1000元红包,1万份鸡蛋免费送,去抢6瓶可口可乐
做任务完成！
领取去赢1000元红包,1万份鸡蛋免费送,去抢6瓶可口可乐任务奖励成功，收获：100电力
去做任务：去赢1000元红包,1万份鸡蛋免费送,去抢6瓶可口可乐
DoTask异常：{"data":{"awardStatus":1,"completedTimes":3,"dateTypeExtra":"20210712","updateTime":1626019529,"userStatusConfigExtra":""},"msg":"亲,活动太火爆了,请稍后再试吧!","ret":1009}
领取去赢1000元红包,1万份鸡蛋免费送,去抢6瓶可口可乐任务奖励失败，任务已领奖
去做任务：上岛兑0元好物,逛农场免费领水果,出海寻宝领100元红包
做任务完成！
领取上岛兑0元好物,逛农场免费领水果,出海寻宝领100元红包任务奖励成功，收获：100电力
去做任务：上岛兑0元好物,逛农场免费领水果,出海寻宝领100元红包
做任务完成！
领取上岛兑0元好物,逛农场免费领水果,出海寻宝领100元红包任务奖励成功，收获：100电力
去做任务：上岛兑0元好物,逛农场免费领水果,出海寻宝领100元红包
做任务完成！
领取上岛兑0元好物,逛农场免费领水果,出海寻宝领100元红包任务奖励成功，收获：100电力
去做任务：上岛兑0元好物,逛农场免费领水果,出海寻宝领100元红包
DoTask异常：{"data":{"awardStatus":1,"completedTimes":3,"dateTypeExtra":"20210712","updateTime":1626019535,"userStatusConfigExtra":""},"msg":"亲,活动太火爆了,请稍后再试吧!","ret":1009}
领取上岛兑0元好物,逛农场免费领水果,出海寻宝领100元红包任务奖励失败，任务已领奖
完成任务：共领取7264电力
成功投入电力10200电力
打工电力：收取失败，6点后可领取

团活动ID  T_zZaWP6by9yA1wehxM4mg==
团ID  KJDWPyEDd5xSjpRIZ5cGqA==

今日剩余开团次数：3次

开团情况:1/6


此团未达领取团奖励人数：6人

7/2/2021, 9:20:28 AM参加团主【hVdButlHZykF-_RZaC6F1w==】失败
7/2/2021, 9:20:10 AM参加团主【jLuj5y4OynbjOLDt2boGNg==】失败
7/1/2021, 8:55:42 PM参加团主【hVdButlHZykF-_RZaC6F1w==】失败
7/1/2021, 8:54:51 PM参加团主【jLuj5y4OynbjOLDt2boGNg==】失败
7/11/2021, 11:54:56 PM参加团主【hVdButlHZykF-_RZaC6F1w==】失败
7/10/2021, 8:56:38 AM参加团主【hVdButlHZykF-_RZaC6F1w==】失败
7/9/2021, 7:54:49 PM参加团主【hVdButlHZykF-_RZaC6F1w==】失败
7/9/2021, 4:50:39 PM参加团主【jLuj5y4OynbjOLDt2boGNg==】失败

  商品名     兑换状态
不锈钢多用盆    已兑换

【京东账号2】Ycp_Dream
【生产商品】平板拖把
【当前等级】金牌学徒 3
【生产进度】95.41%
【招工进度】0/10
【收取发电站】收取成功，获得 64 电力
【每日任务】领奖成功，共计 7264 电力
【投入电力】投入成功，共计 10200 电力
【打工电力】收取失败，6点后可领取
【收取自己零件】获得0电力
【收取好友零件】获得0电力


账号15631692383_p 参加作者lxk0301的团 【_Pr4IA4V994C9jewYGHvew==】
参团失败：{"msg":"您已成团","nowTime":1626019563,"ret":10209}


账号15631692383_p 参加作者lxk0301的团 【bnFz2B7s0V0K8qu_mOKzRw==】
参团失败：{"msg":"您已成团","nowTime":1626019564,"ret":10209}


账号15631692383_p 参加作者lxk0301的团 【LZlsuir4aNhnWES1PeH1bg==】
参团失败：{"msg":"您已成团","nowTime":1626019566,"ret":10209}


账号15631692383_p 参加作者lxk0301的团 【zeKy2N9GHDfCIj6kw4ozDQ==】
参团失败：{"msg":"您已成团","nowTime":1626019567,"ret":10209}


账号15631692383_p 参加作者lxk0301的团 【BBJyUJJKcLWB6_AKU0wPqQ==】
参团失败：{"msg":"您已成团","nowTime":1626019568,"ret":10209}


账号15631692383_p 参加作者lxk0301的团 【8danjF-UDznLfvBXKFnxew==】
参团失败：{"msg":"您已成团","nowTime":1626019570,"ret":10209}


账号15631692383_p 参加作者lxk0301的团 【EDZFLkkRSF0T4BsbyCDsJQ==】
参团失败：{"msg":"您已成团","nowTime":1626019571,"ret":10209}


账号15631692383_p 参加作者lxk0301的团 【fXzRNXvgQKRNovHU9Gxc6Q==】
参团失败：{"msg":"您已成团","nowTime":1626019572,"ret":10209}


账号15631692383_p 参加作者lxk0301的团 【-F5YyZbEeCu3cVXAa2NewQ==】
参团失败：{"msg":"您已成团","nowTime":1626019574,"ret":10209}


账号15631692383_p 参加作者lxk0301的团 【fAA9pL_x05oGWjF9faHwzw==】
参团失败：{"msg":"您已成团","nowTime":1626019575,"ret":10209}


账号15631692383_p 参加作者lxk0301的团 【csf8PQAlLxxleqqErry3pw==】
参团失败：{"msg":"您已成团","nowTime":1626019576,"ret":10209}


账号15631692383_p 参加作者lxk0301的团 【cuq_Ry0DyqqUs6vrNchmGw==】
参团失败：{"msg":"您已成团","nowTime":1626019578,"ret":10209}


账号15631692383_p 参加作者lxk0301的团 【1XMS0Mfsjh1cf4HybiCXqA==】
参团失败：{"msg":"您已成团","nowTime":1626019579,"ret":10209}


账号15631692383_p 参加作者lxk0301的团 【zgAX2lkrZsVGkpAtmr0nSw==】
参团失败：{"msg":"您已成团","nowTime":1626019580,"ret":10209}


账号15631692383_p 参加作者lxk0301的团 【E3EPPqrzDipr-sP0wxt4tg==】
参团失败：{"msg":"您已成团","nowTime":1626019581,"ret":10209}


账号15631692383_p 参加作者lxk0301的团 【7o_a-aE5QNaCNneEw4xDQQ==】
参团失败：{"msg":"您已成团","nowTime":1626019582,"ret":10209}


账号15631692383_p 参加作者lxk0301的团 【eODgjmjLFEA3DfZWaLN1Ow==】
参团失败：{"msg":"您已成团","nowTime":1626019584,"ret":10209}


账号jd_74a8d71c978d9 参加作者lxk0301的团 【_Pr4IA4V994C9jewYGHvew==】
参团失败：{"msg":"您已成团","nowTime":1626019608,"ret":10209}


账号jd_74a8d71c978d9 参加作者lxk0301的团 【bnFz2B7s0V0K8qu_mOKzRw==】
参团失败：{"msg":"您已成团","nowTime":1626019609,"ret":10209}


账号jd_74a8d71c978d9 参加作者lxk0301的团 【LZlsuir4aNhnWES1PeH1bg==】
参团失败：{"msg":"您已成团","nowTime":1626019610,"ret":10209}


账号jd_74a8d71c978d9 参加作者lxk0301的团 【zeKy2N9GHDfCIj6kw4ozDQ==】
参团失败：{"msg":"您已成团","nowTime":1626019612,"ret":10209}


账号jd_74a8d71c978d9 参加作者lxk0301的团 【BBJyUJJKcLWB6_AKU0wPqQ==】
参团失败：{"msg":"您已成团","nowTime":1626019613,"ret":10209}


账号jd_74a8d71c978d9 参加作者lxk0301的团 【8danjF-UDznLfvBXKFnxew==】
参团失败：{"msg":"您已成团","nowTime":1626019614,"ret":10209}


账号jd_74a8d71c978d9 参加作者lxk0301的团 【EDZFLkkRSF0T4BsbyCDsJQ==】
参团失败：{"msg":"您已成团","nowTime":1626019615,"ret":10209}


账号jd_74a8d71c978d9 参加作者lxk0301的团 【fXzRNXvgQKRNovHU9Gxc6Q==】
参团失败：{"msg":"您已成团","nowTime":1626019616,"ret":10209}


账号jd_74a8d71c978d9 参加作者lxk0301的团 【-F5YyZbEeCu3cVXAa2NewQ==】
参团失败：{"msg":"您已成团","nowTime":1626019617,"ret":10209}


账号jd_74a8d71c978d9 参加作者lxk0301的团 【fAA9pL_x05oGWjF9faHwzw==】
参团失败：{"msg":"您已成团","nowTime":1626019619,"ret":10209}


账号jd_74a8d71c978d9 参加作者lxk0301的团 【csf8PQAlLxxleqqErry3pw==】
参团失败：{"msg":"您已成团","nowTime":1626019620,"ret":10209}


账号jd_74a8d71c978d9 参加作者lxk0301的团 【cuq_Ry0DyqqUs6vrNchmGw==】
参团失败：{"msg":"您已成团","nowTime":1626019621,"ret":10209}


账号jd_74a8d71c978d9 参加作者lxk0301的团 【1XMS0Mfsjh1cf4HybiCXqA==】
参团失败：{"msg":"您已成团","nowTime":1626019622,"ret":10209}


账号jd_74a8d71c978d9 参加作者lxk0301的团 【zgAX2lkrZsVGkpAtmr0nSw==】
参团失败：{"msg":"您已成团","nowTime":1626019623,"ret":10209}


账号jd_74a8d71c978d9 参加作者lxk0301的团 【E3EPPqrzDipr-sP0wxt4tg==】
参团失败：{"msg":"您已成团","nowTime":1626019624,"ret":10209}


账号jd_74a8d71c978d9 参加作者lxk0301的团 【7o_a-aE5QNaCNneEw4xDQQ==】
参团失败：{"msg":"您已成团","nowTime":1626019625,"ret":10209}


账号jd_74a8d71c978d9 参加作者lxk0301的团 【eODgjmjLFEA3DfZWaLN1Ow==】
参团失败：{"msg":"您已成团","nowTime":1626019627,"ret":10209}


🔔京喜工厂, 结束! 🕛 177.36 秒

