
🔔京喜工厂, 开始!

====================共5个京东账号Cookie=========

==================脚本执行- 北京时间(UTC+8)：7/2/2021, 12:53:26 PM=====================

获取签名参数成功！
fp: 5641675732342162
token: tk01w87061a60a8nK2xvSlBhdW40FKjjtInv6L5F/sPIJZN7qVZ7uBBJ0P2o9KfDenJM+8JUpo2CaHAYOR8IZ1BN0BjA
enCryptMethodJD: function test(token,fingerprint,timestamp,appId,algo){const random='exYbxwUC10eO';const str=`${token}${fingerprint}${timestamp}${appId}${random}`;return algo.SHA512(str)}
拼团活动ID: 获取成功 T_zZaWP6by9yA1wehxM4mg==

开始获取京喜工厂配置文件

您的互助码选择的是用&隔开

共5个京东账号

您提供了0个账号的京喜工厂助力码


******开始【京东账号1】15631692383_p*********

再加1.21%电力可开红包

当前电力：96
当前等级：8

【京东账号1（15631692383_p）的京喜工厂好友互助码】jLuj5y4OynbjOLDt2boGNg==
已投入电力：206400
所需电力：1730000
生产进度：11.93%


预计最快还需 【8.82天】生产完毕




你今日还能帮好友打工（0/3）次


【今日招工进度】0/14

今日助力好友机会已耗尽

发电机：当前 1.9 电力，最大值 510 电力

本次发电机电力集满分享后不可获得双倍电力，故现在收取电力

收取电力成功: 共2 
完成任务：共领取2电力
投入失败，电力不足，快去做任务吧~
查询好友列表完成，共15好友，下面开始拾取好友地下的零件


开始收取第 1 个好友 【口口】 地下零件 collectFlag：0

开始收取第 2 个好友 【口口LC】 地下零件 collectFlag：0

开始收取第 3 个好友 【soso】 地下零件 collectFlag：0

开始收取第 4 个好友 【生活要糊涂】 地下零件 collectFlag：0

开始收取第 5 个好友 【💕大美】 地下零件 collectFlag：0

开始收取第 6 个好友 【彭小妞】 地下零件 collectFlag：0

开始收取第 7 个好友 【X。】 地下零件 collectFlag：0

开始收取第 8 个好友 【jd_183198xop】 地下零件 collectFlag：0

开始收取第 9 个好友 【jd*IMR】 地下零件 collectFlag：0

开始收取第 10 个好友 【WXL】 地下零件 collectFlag：0

开始收取第 11 个好友 【li*900】 地下零件 collectFlag：0

开始收取第 12 个好友 【一粒圆🔴】 地下零件 collectFlag：0

开始收取第 13 个好友 【ㅤㅤ】 地下零件 collectFlag：0

开始收取第 14 个好友 【优优】 地下零件 collectFlag：0

开始收取第 15 个好友 【A00 茶堡客蛋糕坊 休闲吧】 地下零件 collectFlag：0

团活动ID  T_zZaWP6by9yA1wehxM4mg==
团ID  MZRfagjg1F6XgUEI70Dp3Q==

今日剩余开团次数：2次

开团情况:5/6


此团未达领取团奖励人数：6人

7/2/2021, 9:20:28 AM参加团主【hVdButlHZykF-_RZaC6F1w==】失败
7/2/2021, 9:20:10 AM参加团主【jLuj5y4OynbjOLDt2boGNg==】失败
7/1/2021, 8:55:42 PM参加团主【hVdButlHZykF-_RZaC6F1w==】失败
7/1/2021, 8:54:51 PM参加团主【jLuj5y4OynbjOLDt2boGNg==】失败

  商品名     兑换状态
平板拖把    已兑换
芒果干    已兑换
芋泥酥6枚    已兑换
冰箱除味剂4盒    已兑换
统一干脆面    兑换超时

【京东账号1】15631692383_p
【生产商品】飘柔护发素
【当前等级】研究员 8
【生产进度】11.93%
【招工进度】0/14
【收取发电站】收取成功，获得 2 电力
【每日任务】领奖成功，共计 2 电力
【投入电力】投入失败，电力不足，快去做任务吧~
【收取自己零件】获得0电力
【收取好友零件】获得0电力


******开始【京东账号2】Ycp_Dream*********

再加0.15%电力可开红包

当前电力：70
当前等级：3

【京东账号2（jd_74a8d71c978d9）的京喜工厂好友互助码】hVdButlHZykF-_RZaC6F1w==
已投入电力：9073500
所需电力：9560000
生产进度：94.91%


预计最快还需 【2.82天】生产完毕




你今日还能帮好友打工（3/3）次


【今日招工进度】0/10
由于您第2个京东账号未提供shareCode,将采纳本脚本自带的助力码

开始
第2个京东账号将要助力的好友["gB99tYLjvPcEFloDgamoBw==","7dluIKQMp0bySgcr8AqFgw=="]
助力朋友[gB99tYLjvPcEFloDgamoBw==]失败：好友存储电力已达上限,暂不可打工哦~
助力朋友[7dluIKQMp0bySgcr8AqFgw==]失败：亲,好友的工厂的工人已经满员了,不能去好友工厂打工啦!
发电机：当前 356.7 电力，最大值 360 电力

本次发电机电力集满分享后可获得双倍电力，故目前不收取电力

任务：今日投入电力可完成
领取今日投入电力任务奖励成功，收获：500电力
完成任务：共领取500电力
成功投入电力500电力
查询好友列表完成，共3好友，下面开始拾取好友地下的零件


开始收取第 1 个好友 【a我叫呵呵】 地下零件 collectFlag：0

开始收取第 2 个好友 【dynasty】 地下零件 collectFlag：0

开始收取第 3 个好友 【雨夜丨Design】 地下零件 collectFlag：0

团活动ID  T_zZaWP6by9yA1wehxM4mg==
团ID  ibroxAnKUPosrYwGeX7Yew==

今日剩余开团次数：2次

开团情况:2/6


此团未达领取团奖励人数：6人

7/2/2021, 9:20:28 AM参加团主【hVdButlHZykF-_RZaC6F1w==】失败
7/2/2021, 9:20:10 AM参加团主【jLuj5y4OynbjOLDt2boGNg==】失败
7/1/2021, 8:55:42 PM参加团主【hVdButlHZykF-_RZaC6F1w==】失败
7/1/2021, 8:54:51 PM参加团主【jLuj5y4OynbjOLDt2boGNg==】失败

  商品名     兑换状态
不锈钢多用盆    已兑换

【京东账号2】Ycp_Dream
【生产商品】平板拖把
【当前等级】金牌学徒 3
【生产进度】94.91%
【招工进度】0/10
【发电机电力】当前 356.7 电力，未达到收获标准
【每日任务】领奖成功，共计 500 电力
【投入电力】投入成功，共计 500 电力
【收取自己零件】获得0电力
【收取好友零件】获得0电力


******开始【京东账号3】jd_585601a83bd48*********

【提示】京东账号3[jd_585601a83bd48]京喜工厂活动未开始
请手动去京东APP->游戏与互动->查看更多->京喜工厂 开启活动



你今日还能帮好友打工（3/3）次


【今日招工进度】0/8
由于您第3个京东账号未提供shareCode,将采纳本脚本自带的助力码

开始
"Timeout awaiting 'request' for 10000ms"
京喜工厂 API请求失败，请检查网路重试
第3个京东账号将要助力的好友["-OvElMzqeyeGBWazWYjI1Q=="]
助力朋友[-OvElMzqeyeGBWazWYjI1Q==]失败：好友存储电力已达上限,暂不可打工哦~

******开始【京东账号4】jd_157332ewky*********

【提示】京东账号4[jd_157332ewky]京喜工厂活动未开始
请手动去京东APP->游戏与互动->查看更多->京喜工厂 开启活动



你今日还能帮好友打工（3/3）次


【今日招工进度】0/8
由于您第4个京东账号未提供shareCode,将采纳本脚本自带的助力码

开始
第4个京东账号将要助力的好友["GFwo6PntxDHH95ZRzZ5uAg=="]
助力朋友[GFwo6PntxDHH95ZRzZ5uAg==]失败：亲,好友的工厂的工人已经满员了,不能去好友工厂打工啦!

******开始【京东账号5】jd_157332zdf*********

【提示】京东账号5[jd_157332zdf]京喜工厂未选购商品
请手动去京东APP->游戏与互动->查看更多->京喜工厂 选购


==============📣系统通知📣==============
京喜工厂
提醒⏰
京东账号5[jd_157332zdf]京喜工厂未选择商品
请手动去京东APP->游戏与互动->查看更多->京喜工厂 选择商品


你今日还能帮好友打工（3/3）次


【今日招工进度】0/8
由于您第5个京东账号未提供shareCode,将采纳本脚本自带的助力码

开始
第5个京东账号将要助力的好友["GFwo6PntxDHH95ZRzZ5uAg=="]
助力朋友[GFwo6PntxDHH95ZRzZ5uAg==]失败：亲,好友的工厂的工人已经满员了,不能去好友工厂打工啦!

账号15631692383_p 内部相互进团


15631692383_p 去参加团 MZRfagjg1F6XgUEI70Dp3Q==
参团失败：{"msg":"您已成功参团","nowTime":1625201706,"ret":10208}

"Timeout awaiting 'request' for 10000ms"
京喜工厂 API请求失败，请检查网路重试

15631692383_p 去参加团 ibroxAnKUPosrYwGeX7Yew==
参团失败：{"msg":"您已成功参团","nowTime":1625201716,"ret":10208}

"Timeout awaiting 'request' for 10000ms"
京喜工厂 API请求失败，请检查网路重试
"Timeout awaiting 'request' for 10000ms"
京喜工厂 API请求失败，请检查网路重试

账号15631692383_p 参加作者lxk0301的团 【UvGm4lTrWm356TZNyYzfVQ==】
参团失败：{"msg":"您已成团","nowTime":1625201737,"ret":10209}


账号15631692383_p 参加作者lxk0301的团 【Xjmh5HKRolb2ZxBdOGFuBg==】
参团失败：{"msg":"您已成团","nowTime":1625201738,"ret":10209}


账号15631692383_p 参加作者lxk0301的团 【O3Gmfne2XJMp92VzJv8GcQ==】
参团失败：{"msg":"您已成团","nowTime":1625201740,"ret":10209}


账号15631692383_p 参加作者lxk0301的团 【TFFyMnFluiz5u_XZsq5BQg==】
参团失败：{"msg":"您已成团","nowTime":1625201741,"ret":10209}


账号15631692383_p 参加作者lxk0301的团 【dUGkIpz1y0Ah49_PC_D_TQ==】
参团失败：{"msg":"您已成团","nowTime":1625201742,"ret":10209}


账号15631692383_p 参加作者lxk0301的团 【yp4ftgIIXAmpb0ZEsq5pew==】
参团失败：{"msg":"您已成团","nowTime":1625201743,"ret":10209}


账号15631692383_p 参加作者lxk0301的团 【XOs9zCz9_BgUv1Dzdw7EkA==】
参团失败：{"msg":"您已成团","nowTime":1625201744,"ret":10209}


账号15631692383_p 参加作者lxk0301的团 【DywRS2p-vjlnOzvbDx47jA==】
参团失败：{"msg":"您已成团","nowTime":1625201746,"ret":10209}


账号15631692383_p 参加作者lxk0301的团 【msuZQ6xAqYaXnqJMWfa8Pg==】
参团失败：{"msg":"您已成团","nowTime":1625201747,"ret":10209}


账号15631692383_p 参加作者lxk0301的团 【yn-Ptpns10Kkh15ywyovDw==】
参团失败：{"msg":"您已成团","nowTime":1625201748,"ret":10209}


账号15631692383_p 参加作者lxk0301的团 【_Ipt6FTk0lEE-ARdZermCQ==】
参团失败：{"msg":"您已成团","nowTime":1625201749,"ret":10209}


账号15631692383_p 参加作者lxk0301的团 【pepGevYfAKcf3J0x20cfNA==】
参团失败：{"msg":"您已成团","nowTime":1625201750,"ret":10209}


账号15631692383_p 参加作者lxk0301的团 【9YVXUVXfL9DClTw-A4VPcg==】
参团失败：{"msg":"您已成团","nowTime":1625201752,"ret":10209}


账号15631692383_p 参加作者lxk0301的团 【9c3ePp3APAneiB00WAXceQ==】
参团失败：{"msg":"您已成团","nowTime":1625201753,"ret":10209}


账号15631692383_p 参加作者lxk0301的团 【E3BNN2laVcOI5XJPEjlE1Q==】
参团失败：{"msg":"您已成团","nowTime":1625201754,"ret":10209}


账号15631692383_p 参加作者lxk0301的团 【QnoPcnogYZn5g6ICBfb69g==】
参团失败：{"msg":"您已成团","nowTime":1625201756,"ret":10209}


账号15631692383_p 参加作者lxk0301的团 【mrG2kt6fLXVzV-XDGcXZ_w==】
参团失败：{"msg":"您已成团","nowTime":1625201757,"ret":10209}


账号15631692383_p 参加作者lxk0301的团 【pnbHD6QdXETI8s8EWli-hg==】
参团失败：{"msg":"您已成团","nowTime":1625201758,"ret":10209}


账号15631692383_p 参加作者lxk0301的团 【YMj1-AmlQsoo9h75gr0f0Q==】
参团失败：{"msg":"您已成团","nowTime":1625201759,"ret":10209}


账号15631692383_p 参加作者lxk0301的团 【KNevAJic14-EH2UR2czt6g==】
参团失败：{"msg":"您已成团","nowTime":1625201760,"ret":10209}


账号jd_74a8d71c978d9 内部相互进团


jd_74a8d71c978d9 去参加团 MZRfagjg1F6XgUEI70Dp3Q==
参团失败：{"msg":"您已成功参团","nowTime":1625201762,"ret":10208}


jd_74a8d71c978d9 去参加团 ibroxAnKUPosrYwGeX7Yew==
参团失败：{"msg":"您已成功参团","nowTime":1625201763,"ret":10208}


账号jd_74a8d71c978d9 参加作者lxk0301的团 【UvGm4lTrWm356TZNyYzfVQ==】
参团失败：{"msg":"您已成团","nowTime":1625201785,"ret":10209}


账号jd_74a8d71c978d9 参加作者lxk0301的团 【Xjmh5HKRolb2ZxBdOGFuBg==】
参团失败：{"msg":"您已成团","nowTime":1625201786,"ret":10209}


账号jd_74a8d71c978d9 参加作者lxk0301的团 【O3Gmfne2XJMp92VzJv8GcQ==】
参团失败：{"msg":"您已成团","nowTime":1625201787,"ret":10209}


账号jd_74a8d71c978d9 参加作者lxk0301的团 【TFFyMnFluiz5u_XZsq5BQg==】
参团失败：{"msg":"您已成团","nowTime":1625201788,"ret":10209}


账号jd_74a8d71c978d9 参加作者lxk0301的团 【dUGkIpz1y0Ah49_PC_D_TQ==】
参团失败：{"msg":"您已成团","nowTime":1625201789,"ret":10209}


账号jd_74a8d71c978d9 参加作者lxk0301的团 【yp4ftgIIXAmpb0ZEsq5pew==】
参团失败：{"msg":"您已成团","nowTime":1625201790,"ret":10209}


账号jd_74a8d71c978d9 参加作者lxk0301的团 【XOs9zCz9_BgUv1Dzdw7EkA==】
参团失败：{"msg":"您已成团","nowTime":1625201793,"ret":10209}


账号jd_74a8d71c978d9 参加作者lxk0301的团 【DywRS2p-vjlnOzvbDx47jA==】
参团失败：{"msg":"您已成团","nowTime":1625201794,"ret":10209}


账号jd_74a8d71c978d9 参加作者lxk0301的团 【msuZQ6xAqYaXnqJMWfa8Pg==】
参团失败：{"msg":"您已成团","nowTime":1625201795,"ret":10209}


账号jd_74a8d71c978d9 参加作者lxk0301的团 【yn-Ptpns10Kkh15ywyovDw==】
参团失败：{"msg":"您已成团","nowTime":1625201796,"ret":10209}


账号jd_74a8d71c978d9 参加作者lxk0301的团 【_Ipt6FTk0lEE-ARdZermCQ==】
参团失败：{"msg":"您已成团","nowTime":1625201797,"ret":10209}


账号jd_74a8d71c978d9 参加作者lxk0301的团 【pepGevYfAKcf3J0x20cfNA==】
参团失败：{"msg":"您已成团","nowTime":1625201799,"ret":10209}


账号jd_74a8d71c978d9 参加作者lxk0301的团 【9YVXUVXfL9DClTw-A4VPcg==】
参团失败：{"msg":"您已成团","nowTime":1625201800,"ret":10209}


账号jd_74a8d71c978d9 参加作者lxk0301的团 【9c3ePp3APAneiB00WAXceQ==】
参团失败：{"msg":"您已成团","nowTime":1625201801,"ret":10209}


账号jd_74a8d71c978d9 参加作者lxk0301的团 【E3BNN2laVcOI5XJPEjlE1Q==】
参团失败：{"msg":"您已成团","nowTime":1625201802,"ret":10209}


账号jd_74a8d71c978d9 参加作者lxk0301的团 【QnoPcnogYZn5g6ICBfb69g==】
参团失败：{"msg":"您已成团","nowTime":1625201803,"ret":10209}


账号jd_74a8d71c978d9 参加作者lxk0301的团 【mrG2kt6fLXVzV-XDGcXZ_w==】
参团失败：{"msg":"您已成团","nowTime":1625201805,"ret":10209}


账号jd_74a8d71c978d9 参加作者lxk0301的团 【pnbHD6QdXETI8s8EWli-hg==】
参团失败：{"msg":"您已成团","nowTime":1625201806,"ret":10209}


账号jd_74a8d71c978d9 参加作者lxk0301的团 【YMj1-AmlQsoo9h75gr0f0Q==】
参团失败：{"msg":"您已成团","nowTime":1625201807,"ret":10209}


账号jd_74a8d71c978d9 参加作者lxk0301的团 【KNevAJic14-EH2UR2czt6g==】
参团失败：{"msg":"您已成团","nowTime":1625201808,"ret":10209}


账号chao4596758 内部相互进团


chao4596758 去参加团 MZRfagjg1F6XgUEI70Dp3Q==
参团失败：{"msg":"您已成功参团","nowTime":1625201811,"ret":10208}


chao4596758 去参加团 ibroxAnKUPosrYwGeX7Yew==
参团失败：{"msg":"您今日的助力次数已用完,明天再来助力TA吧～","nowTime":1625201812,"ret":10206}


账号jd_46df9eaa780aa 内部相互进团


jd_46df9eaa780aa 去参加团 MZRfagjg1F6XgUEI70Dp3Q==
参团失败：{"msg":"您已成功参团","nowTime":1625201813,"ret":10208}


jd_46df9eaa780aa 去参加团 ibroxAnKUPosrYwGeX7Yew==
参团失败：{"msg":"您今日的助力次数已用完,明天再来助力TA吧～","nowTime":1625201815,"ret":10206}


账号jd_67f63c904d8c6 内部相互进团


jd_67f63c904d8c6 去参加团 MZRfagjg1F6XgUEI70Dp3Q==
参团失败：{"msg":"您已成功参团","nowTime":1625201816,"ret":10208}


jd_67f63c904d8c6 去参加团 ibroxAnKUPosrYwGeX7Yew==
参团失败：{"msg":"您今日的助力次数已用完,明天再来助力TA吧～","nowTime":1625201817,"ret":10206}

您未提供push+推送所需的PUSH_PLUS_TOKEN，取消push+推送消息通知🚫

server酱发送通知消息成功🎉

您未提供Bark的APP推送BARK_PUSH，取消Bark推送消息通知🚫

您未提供telegram机器人推送所需的TG_BOT_TOKEN和TG_USER_ID，取消telegram推送消息通知🚫

您未提供钉钉机器人推送所需的DD_BOT_TOKEN或者DD_BOT_SECRET，取消钉钉推送消息通知🚫

您未提供企业微信机器人推送所需的QYWX_KEY，取消企业微信推送消息通知🚫

您未提供企业微信应用消息推送所需的QYWX_AM，取消企业微信应用消息推送消息通知🚫

您未提供iGot的推送IGOT_PUSH_KEY，取消iGot推送消息通知🚫


🔔京喜工厂, 结束! 🕛 214.554 秒

