
🔔京喜工厂, 开始!

====================共4个京东账号Cookie=========

==================脚本执行- 北京时间(UTC+8)：6/30/2021, 10:50:18 AM=====================

获取签名参数成功！
fp: 5917157621248162
token: tk01wafd41bdaa8ndnJ0azRWdk1Mqmhe+QEzm6vFA3JFQXpKV7S32N9yzpsZE14WrLior7+BZ24gmtslPRWksp52y622
enCryptMethodJD: function test(token,fingerprint,timestamp,appId,algo){const random='ng9o4q3+yqB5';const str=`${token}${fingerprint}${timestamp}${appId}${random}`;return algo.HmacSHA256(str,token)}
拼团活动ID: 获取成功 bozIUUFcANuUdWpw3QdvPw==

开始获取京喜工厂配置文件

您的互助码选择的是用&隔开

共4个京东账号

您提供了0个账号的京喜工厂助力码


******开始【京东账号1】15631692383_p*********

再加0.01%电力可开红包

当前电力：38
当前等级：8

【京东账号1（15631692383_p）的京喜工厂好友互助码】jLuj5y4OynbjOLDt2boGNg==
已投入电力：755300
所需电力：780000
生产进度：96.83%


预计最快还需 【0.14天】生产完毕




你今日还能帮好友打工（0/3）次


【今日招工进度】0/14

今日助力好友机会已耗尽

发电机：当前 5.2 电力，最大值 510 电力

本次发电机电力集满分享后可获得双倍电力，故目前不收取电力

完成任务：共领取0电力
投入失败，电力不足，快去做任务吧~

团活动ID  bozIUUFcANuUdWpw3QdvPw==
团ID  NgUCn1YP2Pbibn28R4PCmg==

今日剩余开团次数：2次

开团情况:1/7


此团未达领取团奖励人数：7人

6/30/2021, 5:51:19 AM参加团主【jLuj5y4OynbjOLDt2boGNg==】失败
6/29/2021, 5:50:38 PM参加团主【jLuj5y4OynbjOLDt2boGNg==】失败
6/30/2021, 12:54:16 AM参加团主【15*3_p】的奖励已经领取成功
6/29/2021, 5:50:30 AM参加团主【jLuj5y4OynbjOLDt2boGNg==】失败
6/28/2021, 4:50:47 PM参加团主【jLuj5y4OynbjOLDt2boGNg==】失败
6/29/2021, 12:53:53 AM参加团主【15*3_p】的奖励已经领取成功
6/28/2021, 4:50:45 AM参加团主【jLuj5y4OynbjOLDt2boGNg==】失败
6/27/2021, 4:50:37 PM参加团主【jLuj5y4OynbjOLDt2boGNg==】失败
6/28/2021, 12:54:13 AM参加团主【15*3_p】的奖励已经领取成功
6/27/2021, 4:50:34 AM参加团主【jLuj5y4OynbjOLDt2boGNg==】失败

  商品名     兑换状态
芒果干    已兑换
芋泥酥6枚    已兑换
冰箱除味剂4盒    已兑换
统一干脆面    兑换超时

【京东账号1】15631692383_p
【生产商品】平板拖把
【当前等级】研究员 8
【生产进度】96.83%
【招工进度】0/14
【发电机电力】当前 5.2 电力，未达到收获标准
【每日任务】领奖成功，共计 0 电力
【投入电力】投入失败，电力不足，快去做任务吧~
【收取自己零件】获得0电力
【收取好友零件】获得0电力


******开始【京东账号2】Ycp_Dream*********

再加0.06%电力可开红包

当前电力：10
当前等级：3

【京东账号2（jd_74a8d71c978d9）的京喜工厂好友互助码】hVdButlHZykF-_RZaC6F1w==
已投入电力：9046000
所需电力：9560000
生产进度：94.62%


预计最快还需 【2.97天】生产完毕




你今日还能帮好友打工（3/3）次


【今日招工进度】0/10
由于您第2个京东账号未提供shareCode,将采纳本脚本自带的助力码

开始
第2个京东账号将要助力的好友["gB99tYLjvPcEFloDgamoBw==","7dluIKQMp0bySgcr8AqFgw=="]
"Timeout awaiting 'request' for 10000ms"
京喜工厂 API请求失败，请检查网路重试
助力朋友[gB99tYLjvPcEFloDgamoBw==]失败：亲,好友的工厂的工人已经满员了,不能去好友工厂打工啦!
助力朋友[7dluIKQMp0bySgcr8AqFgw==]失败：亲,好友的工厂的工人已经满员了,不能去好友工厂打工啦!
发电机：当前 357.3 电力，最大值 360 电力

本次发电机电力集满分享后可获得双倍电力，故目前不收取电力

完成任务：共领取0电力
投入失败，电力不足，快去做任务吧~

团活动ID  bozIUUFcANuUdWpw3QdvPw==
团ID  -uXH2OZ8xLG7Cgqu8LkBdQ==

今日剩余开团次数：2次

开团情况:1/7


此团未达领取团奖励人数：7人

6/21/2021, 7:53:48 AM参加团主【hVdButlHZykF-_RZaC6F1w==】失败
6/20/2021, 3:52:04 PM参加团主【hVdButlHZykF-_RZaC6F1w==】失败
6/30/2021, 9:55:32 AM参加团主【hVdButlHZykF-_RZaC6F1w==】失败
6/26/2021, 2:53:39 PM参加团主【hVdButlHZykF-_RZaC6F1w==】失败
6/24/2021, 12:52:21 PM参加团主【hVdButlHZykF-_RZaC6F1w==】失败

  商品名     兑换状态
不锈钢多用盆    已兑换

【京东账号2】Ycp_Dream
【生产商品】平板拖把
【当前等级】金牌学徒 3
【生产进度】94.62%
【招工进度】0/10
【发电机电力】当前 357.3 电力，未达到收获标准
【每日任务】领奖成功，共计 0 电力
【投入电力】投入失败，电力不足，快去做任务吧~
【收取自己零件】获得0电力
【收取好友零件】获得0电力


******开始【京东账号3】jd_585601a83bd48*********

【提示】京东账号3[jd_585601a83bd48]京喜工厂活动未开始
请手动去京东APP->游戏与互动->查看更多->京喜工厂 开启活动



你今日还能帮好友打工（3/3）次


【今日招工进度】0/8
由于您第3个京东账号未提供shareCode,将采纳本脚本自带的助力码

开始
第3个京东账号将要助力的好友["-OvElMzqeyeGBWazWYjI1Q=="]
助力朋友[-OvElMzqeyeGBWazWYjI1Q==]失败：好友存储电力已达上限,暂不可打工哦~

******开始【京东账号4】jd_157332ewky*********

【提示】京东账号4[jd_157332ewky]京喜工厂活动未开始
请手动去京东APP->游戏与互动->查看更多->京喜工厂 开启活动



你今日还能帮好友打工（3/3）次


【今日招工进度】0/8
由于您第4个京东账号未提供shareCode,将采纳本脚本自带的助力码

开始
第4个京东账号将要助力的好友["GFwo6PntxDHH95ZRzZ5uAg=="]
助力朋友[GFwo6PntxDHH95ZRzZ5uAg==]失败：亲,好友的工厂的工人已经满员了,不能去好友工厂打工啦!
"Timeout awaiting 'request' for 10000ms"
京喜工厂 API请求失败，请检查网路重试

账号15631692383_p 参加作者lxk0301的团 【J5-wOkWbeEyhR-G9ZLFaDw==】
参团失败：{"msg":"您已成团","nowTime":1625021732,"ret":10209}

"Timeout awaiting 'request' for 10000ms"
京喜工厂 API请求失败，请检查网路重试

账号15631692383_p 参加作者lxk0301的团 【yCmQnKi2PHNBOPt0gmjQ0w==】
参团失败：{"msg":"您已成团","nowTime":1625021733,"ret":10209}


账号15631692383_p 参加作者lxk0301的团 【yeQfS0yoXXUIn8HealpA7g==】
参团失败：{"msg":"您已成团","nowTime":1625021735,"ret":10209}


账号15631692383_p 参加作者lxk0301的团 【FAPVsLeyhKWdATKP-q12SA==】
参团失败：{"msg":"您已成团","nowTime":1625021737,"ret":10209}


账号15631692383_p 参加作者lxk0301的团 【JlsgqU8qOBWi4OCixHiGMQ==】
参团失败：{"msg":"您已成团","nowTime":1625021738,"ret":10209}


账号15631692383_p 参加作者lxk0301的团 【fkLH2Rtgpz2dws5hRzrc3g==】
参团失败：{"msg":"您已成团","nowTime":1625021739,"ret":10209}


账号15631692383_p 参加作者lxk0301的团 【dvRPLFCcS_9ZblOJEaSX5w==】
参团失败：{"msg":"您已成团","nowTime":1625021745,"ret":10209}


账号15631692383_p 参加作者lxk0301的团 【LmbX3UxVUIBlZ3h9UGqOkA==】
参团失败：{"msg":"您已成团","nowTime":1625021747,"ret":10209}


账号15631692383_p 参加作者lxk0301的团 【U3ooU6gisMKfTCLg6E1wag==】
参团失败：{"msg":"您已成团","nowTime":1625021748,"ret":10209}


账号15631692383_p 参加作者lxk0301的团 【_T3opYFZWenM19UH3l8S4Q==】
参团失败：{"msg":"您已成团","nowTime":1625021749,"ret":10209}


账号15631692383_p 参加作者lxk0301的团 【L0urEC_F2t3tHH4dmuFS4w==】
参团失败：{"msg":"您已成团","nowTime":1625021750,"ret":10209}


账号15631692383_p 参加作者lxk0301的团 【7jPtJ2JL6_h0ffd7yEpvUQ==】
参团失败：{"msg":"您已成团","nowTime":1625021752,"ret":10209}


账号15631692383_p 参加作者lxk0301的团 【lNYSZ3NZXMM1zbw-2HCBrg==】
参团失败：{"msg":"您已成团","nowTime":1625021753,"ret":10209}


账号15631692383_p 参加作者lxk0301的团 【jGWeQYMfmZGttkMj5X3fjw==】
参团失败：{"msg":"您已成团","nowTime":1625021754,"ret":10209}


账号15631692383_p 参加作者lxk0301的团 【aOtiCp4p9AVWCY8BaIn28g==】
参团失败：{"msg":"您已成团","nowTime":1625021756,"ret":10209}


账号jd_74a8d71c978d9 参加作者lxk0301的团 【J5-wOkWbeEyhR-G9ZLFaDw==】
参团失败：{"msg":"您已成团","nowTime":1625021780,"ret":10209}


账号jd_74a8d71c978d9 参加作者lxk0301的团 【yCmQnKi2PHNBOPt0gmjQ0w==】
参团失败：{"msg":"您已成团","nowTime":1625021786,"ret":10209}


账号jd_74a8d71c978d9 参加作者lxk0301的团 【yeQfS0yoXXUIn8HealpA7g==】
参团失败：{"msg":"您已成团","nowTime":1625021789,"ret":10209}


账号jd_74a8d71c978d9 参加作者lxk0301的团 【FAPVsLeyhKWdATKP-q12SA==】
参团失败：{"msg":"您已成团","nowTime":1625021790,"ret":10209}


账号jd_74a8d71c978d9 参加作者lxk0301的团 【JlsgqU8qOBWi4OCixHiGMQ==】
参团失败：{"msg":"您已成团","nowTime":1625021796,"ret":10209}


账号jd_74a8d71c978d9 参加作者lxk0301的团 【fkLH2Rtgpz2dws5hRzrc3g==】
参团失败：{"msg":"您已成团","nowTime":1625021808,"ret":10209}


账号jd_74a8d71c978d9 参加作者lxk0301的团 【dvRPLFCcS_9ZblOJEaSX5w==】
参团失败：{"msg":"您已成团","nowTime":1625021809,"ret":10209}


账号jd_74a8d71c978d9 参加作者lxk0301的团 【LmbX3UxVUIBlZ3h9UGqOkA==】
参团失败：{"msg":"您已成团","nowTime":1625021811,"ret":10209}


账号jd_74a8d71c978d9 参加作者lxk0301的团 【U3ooU6gisMKfTCLg6E1wag==】
参团失败：{"msg":"您已成团","nowTime":1625021817,"ret":10209}


账号jd_74a8d71c978d9 参加作者lxk0301的团 【_T3opYFZWenM19UH3l8S4Q==】
参团失败：{"msg":"您已成团","nowTime":1625021818,"ret":10209}


账号jd_74a8d71c978d9 参加作者lxk0301的团 【L0urEC_F2t3tHH4dmuFS4w==】
参团失败：{"msg":"您已成团","nowTime":1625021819,"ret":10209}


账号jd_74a8d71c978d9 参加作者lxk0301的团 【7jPtJ2JL6_h0ffd7yEpvUQ==】
参团失败：{"msg":"您已成团","nowTime":1625021821,"ret":10209}


账号jd_74a8d71c978d9 参加作者lxk0301的团 【lNYSZ3NZXMM1zbw-2HCBrg==】
参团失败：{"msg":"您已成团","nowTime":1625021825,"ret":10209}


账号jd_74a8d71c978d9 参加作者lxk0301的团 【jGWeQYMfmZGttkMj5X3fjw==】
参团失败：{"msg":"您已成团","nowTime":1625021826,"ret":10209}


账号jd_74a8d71c978d9 参加作者lxk0301的团 【aOtiCp4p9AVWCY8BaIn28g==】
参团失败：{"msg":"您已成团","nowTime":1625021827,"ret":10209}


账号chao4596758 参加作者lxk0301的团 【J5-wOkWbeEyhR-G9ZLFaDw==】
参团失败：{"msg":"您已成团","nowTime":1625021849,"ret":10209}


账号chao4596758 参加作者lxk0301的团 【yCmQnKi2PHNBOPt0gmjQ0w==】
参团失败：{"msg":"您已成团","nowTime":1625021851,"ret":10209}


账号chao4596758 参加作者lxk0301的团 【yeQfS0yoXXUIn8HealpA7g==】
参团失败：{"msg":"您已成团","nowTime":1625021852,"ret":10209}


账号chao4596758 参加作者lxk0301的团 【FAPVsLeyhKWdATKP-q12SA==】
参团失败：{"msg":"您已成团","nowTime":1625021853,"ret":10209}


账号chao4596758 参加作者lxk0301的团 【JlsgqU8qOBWi4OCixHiGMQ==】
参团失败：{"msg":"您已成团","nowTime":1625021854,"ret":10209}


账号chao4596758 参加作者lxk0301的团 【fkLH2Rtgpz2dws5hRzrc3g==】
参团失败：{"msg":"您已成团","nowTime":1625021855,"ret":10209}


账号chao4596758 参加作者lxk0301的团 【dvRPLFCcS_9ZblOJEaSX5w==】
参团失败：{"msg":"您已成团","nowTime":1625021856,"ret":10209}


账号chao4596758 参加作者lxk0301的团 【LmbX3UxVUIBlZ3h9UGqOkA==】
参团失败：{"msg":"您已成团","nowTime":1625021863,"ret":10209}


账号chao4596758 参加作者lxk0301的团 【U3ooU6gisMKfTCLg6E1wag==】
参团失败：{"msg":"您已成团","nowTime":1625021864,"ret":10209}


账号chao4596758 参加作者lxk0301的团 【_T3opYFZWenM19UH3l8S4Q==】
参团失败：{"msg":"您已成团","nowTime":1625021865,"ret":10209}


账号chao4596758 参加作者lxk0301的团 【L0urEC_F2t3tHH4dmuFS4w==】
参团失败：{"msg":"您已成团","nowTime":1625021867,"ret":10209}


账号chao4596758 参加作者lxk0301的团 【7jPtJ2JL6_h0ffd7yEpvUQ==】
参团失败：{"msg":"您已成团","nowTime":1625021868,"ret":10209}


账号chao4596758 参加作者lxk0301的团 【lNYSZ3NZXMM1zbw-2HCBrg==】
参团失败：{"msg":"您已成团","nowTime":1625021869,"ret":10209}


账号chao4596758 参加作者lxk0301的团 【jGWeQYMfmZGttkMj5X3fjw==】
参团失败：{"msg":"您已成团","nowTime":1625021871,"ret":10209}


账号chao4596758 参加作者lxk0301的团 【aOtiCp4p9AVWCY8BaIn28g==】
参团失败：{"msg":"您已成团","nowTime":1625021872,"ret":10209}


账号jd_46df9eaa780aa 参加作者lxk0301的团 【J5-wOkWbeEyhR-G9ZLFaDw==】
参团失败：{"msg":"您已成团","nowTime":1625021913,"ret":10209}


账号jd_46df9eaa780aa 参加作者lxk0301的团 【yCmQnKi2PHNBOPt0gmjQ0w==】
参团失败：{"msg":"您已成团","nowTime":1625021915,"ret":10209}


账号jd_46df9eaa780aa 参加作者lxk0301的团 【yeQfS0yoXXUIn8HealpA7g==】
参团失败：{"msg":"您已成团","nowTime":1625021921,"ret":10209}


账号jd_46df9eaa780aa 参加作者lxk0301的团 【FAPVsLeyhKWdATKP-q12SA==】
参团失败：{"msg":"您已成团","nowTime":1625021922,"ret":10209}


账号jd_46df9eaa780aa 参加作者lxk0301的团 【JlsgqU8qOBWi4OCixHiGMQ==】
参团失败：{"msg":"您已成团","nowTime":1625021923,"ret":10209}


账号jd_46df9eaa780aa 参加作者lxk0301的团 【fkLH2Rtgpz2dws5hRzrc3g==】
参团失败：{"msg":"您已成团","nowTime":1625021924,"ret":10209}


账号jd_46df9eaa780aa 参加作者lxk0301的团 【dvRPLFCcS_9ZblOJEaSX5w==】
参团失败：{"msg":"您已成团","nowTime":1625021926,"ret":10209}


账号jd_46df9eaa780aa 参加作者lxk0301的团 【LmbX3UxVUIBlZ3h9UGqOkA==】
参团失败：{"msg":"您已成团","nowTime":1625021927,"ret":10209}


账号jd_46df9eaa780aa 参加作者lxk0301的团 【U3ooU6gisMKfTCLg6E1wag==】
参团失败：{"msg":"您已成团","nowTime":1625021928,"ret":10209}


账号jd_46df9eaa780aa 参加作者lxk0301的团 【_T3opYFZWenM19UH3l8S4Q==】
参团失败：{"msg":"您已成团","nowTime":1625021929,"ret":10209}


账号jd_46df9eaa780aa 参加作者lxk0301的团 【L0urEC_F2t3tHH4dmuFS4w==】
参团失败：{"msg":"您已成团","nowTime":1625021936,"ret":10209}


账号jd_46df9eaa780aa 参加作者lxk0301的团 【7jPtJ2JL6_h0ffd7yEpvUQ==】
参团失败：{"msg":"您已成团","nowTime":1625021945,"ret":10209}


账号jd_46df9eaa780aa 参加作者lxk0301的团 【lNYSZ3NZXMM1zbw-2HCBrg==】
参团失败：{"msg":"您已成团","nowTime":1625021946,"ret":10209}


账号jd_46df9eaa780aa 参加作者lxk0301的团 【jGWeQYMfmZGttkMj5X3fjw==】
参团失败：{"msg":"您已成团","nowTime":1625021947,"ret":10209}


账号jd_46df9eaa780aa 参加作者lxk0301的团 【aOtiCp4p9AVWCY8BaIn28g==】
参团失败：{"msg":"您已成团","nowTime":1625021948,"ret":10209}


🔔京喜工厂, 结束! 🕛 531.327 秒

