
🔔京喜工厂, 开始!

====================共5个京东账号Cookie=========

==================脚本执行- 北京时间(UTC+8)：7/2/2021, 2:52:57 PM=====================

获取签名参数成功！
fp: 8046991731811162
token: tk01wa2461b6da8neVBLNENwNy951lY+Amvojb0qcBDV/py7UX/KvjdxJCtINNNCZixmLEaJIQ9+KQhKHIkTuI0Be/R8
enCryptMethodJD: function test(token,fingerprint,timestamp,appId,algo){const random='TNOxE39jMBkx';const str=`${token}${fingerprint}${timestamp}${appId}${random}`;return algo.MD5(str)}
拼团活动ID: 获取成功 T_zZaWP6by9yA1wehxM4mg==

开始获取京喜工厂配置文件

您的互助码选择的是用&隔开

共5个京东账号

您提供了0个账号的京喜工厂助力码


******开始【京东账号1】15631692383_p*********

再加1.16%电力可开红包

当前电力：3
当前等级：8

【京东账号1（15631692383_p）的京喜工厂好友互助码】jLuj5y4OynbjOLDt2boGNg==
已投入电力：207200
所需电力：1730000
生产进度：11.98%


预计最快还需 【8.81天】生产完毕




你今日还能帮好友打工（0/3）次


【今日招工进度】0/14

今日助力好友机会已耗尽

发电机：当前 12.1 电力，最大值 510 电力

本次发电机电力集满分享后不可获得双倍电力，故现在收取电力

收取电力成功: 共12 
完成任务：共领取12电力
投入失败，电力不足，快去做任务吧~

团活动ID  T_zZaWP6by9yA1wehxM4mg==
团ID  MZRfagjg1F6XgUEI70Dp3Q==

今日剩余开团次数：2次

开团情况:5/6


此团未达领取团奖励人数：6人

7/2/2021, 9:20:28 AM参加团主【hVdButlHZykF-_RZaC6F1w==】失败
7/2/2021, 9:20:10 AM参加团主【jLuj5y4OynbjOLDt2boGNg==】失败
7/1/2021, 8:55:42 PM参加团主【hVdButlHZykF-_RZaC6F1w==】失败
7/1/2021, 8:54:51 PM参加团主【jLuj5y4OynbjOLDt2boGNg==】失败

  商品名     兑换状态
平板拖把    已兑换
芒果干    已兑换
芋泥酥6枚    已兑换
冰箱除味剂4盒    已兑换
统一干脆面    兑换超时

【京东账号1】15631692383_p
【生产商品】飘柔护发素
【当前等级】研究员 8
【生产进度】11.98%
【招工进度】0/14
【收取发电站】收取成功，获得 12 电力
【每日任务】领奖成功，共计 12 电力
【投入电力】投入失败，电力不足，快去做任务吧~
【收取自己零件】获得0电力
【收取好友零件】获得0电力


******开始【京东账号2】jd_74a8d71c978d9*********

再加0.14%电力可开红包

当前电力：90
当前等级：3

【京东账号2（jd_74a8d71c978d9）的京喜工厂好友互助码】hVdButlHZykF-_RZaC6F1w==
已投入电力：9074700
所需电力：9560000
生产进度：94.92%


预计最快还需 【2.81天】生产完毕




你今日还能帮好友打工（3/3）次


【今日招工进度】0/10
由于您第2个京东账号未提供shareCode,将采纳本脚本自带的助力码

开始
第2个京东账号将要助力的好友["gB99tYLjvPcEFloDgamoBw==","7dluIKQMp0bySgcr8AqFgw=="]
助力朋友[gB99tYLjvPcEFloDgamoBw==]失败：好友存储电力已达上限,暂不可打工哦~
助力朋友[7dluIKQMp0bySgcr8AqFgw==]失败：亲,好友的工厂的工人已经满员了,不能去好友工厂打工啦!
发电机：当前 347.8 电力，最大值 360 电力

本次发电机电力集满分享后可获得双倍电力，故目前不收取电力

完成任务：共领取0电力
投入失败，电力不足，快去做任务吧~

团活动ID  T_zZaWP6by9yA1wehxM4mg==
团ID  ibroxAnKUPosrYwGeX7Yew==

今日剩余开团次数：2次

开团情况:2/6


此团未达领取团奖励人数：6人

7/2/2021, 9:20:28 AM参加团主【hVdButlHZykF-_RZaC6F1w==】失败
7/2/2021, 9:20:10 AM参加团主【jLuj5y4OynbjOLDt2boGNg==】失败
7/1/2021, 8:55:42 PM参加团主【hVdButlHZykF-_RZaC6F1w==】失败
7/1/2021, 8:54:51 PM参加团主【jLuj5y4OynbjOLDt2boGNg==】失败

  商品名     兑换状态
不锈钢多用盆    已兑换

【京东账号2】jd_74a8d71c978d9
【生产商品】平板拖把
【当前等级】金牌学徒 3
【生产进度】94.92%
【招工进度】0/10
【发电机电力】当前 347.8 电力，未达到收获标准
【每日任务】领奖成功，共计 0 电力
【投入电力】投入失败，电力不足，快去做任务吧~
【收取自己零件】获得0电力
【收取好友零件】获得0电力


******开始【京东账号3】chao4596758*********

【提示】京东账号3[chao4596758]京喜工厂活动未开始
请手动去京东APP->游戏与互动->查看更多->京喜工厂 开启活动



你今日还能帮好友打工（3/3）次


【今日招工进度】0/8
由于您第3个京东账号未提供shareCode,将采纳本脚本自带的助力码

开始
"Timeout awaiting 'request' for 10000ms"
京喜工厂 API请求失败，请检查网路重试
第3个京东账号将要助力的好友["-OvElMzqeyeGBWazWYjI1Q=="]
助力朋友[-OvElMzqeyeGBWazWYjI1Q==]失败：好友存储电力已达上限,暂不可打工哦~

******开始【京东账号4】jd_46df9eaa780aa*********

【提示】京东账号4[jd_46df9eaa780aa]京喜工厂活动未开始
请手动去京东APP->游戏与互动->查看更多->京喜工厂 开启活动



你今日还能帮好友打工（3/3）次


【今日招工进度】0/8
由于您第4个京东账号未提供shareCode,将采纳本脚本自带的助力码

开始
"Timeout awaiting 'request' for 10000ms"
京喜工厂 API请求失败，请检查网路重试
第4个京东账号将要助力的好友["GFwo6PntxDHH95ZRzZ5uAg=="]
助力朋友[GFwo6PntxDHH95ZRzZ5uAg==]失败：亲,好友的工厂的工人已经满员了,不能去好友工厂打工啦!

******开始【京东账号5】jd_157332zdf*********

【提示】京东账号5[jd_157332zdf]京喜工厂未选购商品
请手动去京东APP->游戏与互动->查看更多->京喜工厂 选购



你今日还能帮好友打工（3/3）次


【今日招工进度】0/8
由于您第5个京东账号未提供shareCode,将采纳本脚本自带的助力码

开始
第5个京东账号将要助力的好友["GFwo6PntxDHH95ZRzZ5uAg=="]
助力朋友[GFwo6PntxDHH95ZRzZ5uAg==]失败：亲,好友的工厂的工人已经满员了,不能去好友工厂打工啦!

账号15631692383_p 内部相互进团


15631692383_p 去参加团 MZRfagjg1F6XgUEI70Dp3Q==
参团失败：{"msg":"您已成功参团","nowTime":1625208866,"ret":10208}


15631692383_p 去参加团 ibroxAnKUPosrYwGeX7Yew==
参团失败：{"msg":"您已成功参团","nowTime":1625208867,"ret":10208}

"Timeout awaiting 'request' for 10000ms"
京喜工厂 API请求失败，请检查网路重试
"Timeout awaiting 'request' for 10000ms"
京喜工厂 API请求失败，请检查网路重试

账号15631692383_p 参加作者lxk0301的团 【6TnFrwubHJBClAJf0NSlhQ==】
参团失败：{"msg":"您已成团","nowTime":1625208910,"ret":10209}


账号15631692383_p 参加作者lxk0301的团 【tZqhx3wbdAeH_s-I1M82yQ==】
参团失败：{"msg":"您已成团","nowTime":1625208912,"ret":10209}


账号15631692383_p 参加作者lxk0301的团 【aCjS3DXkEPJNJOymFMCWKA==】
参团失败：{"msg":"您已成团","nowTime":1625208913,"ret":10209}


账号15631692383_p 参加作者lxk0301的团 【WtVUpAOarBUwbc4sg3qxSQ==】
参团失败：{"msg":"您已成团","nowTime":1625208914,"ret":10209}


账号15631692383_p 参加作者lxk0301的团 【SaCFzZfm_D7CWwpDI8szPg==】
参团失败：{"msg":"您已成团","nowTime":1625208916,"ret":10209}


账号15631692383_p 参加作者lxk0301的团 【U5rLBF1LxFnA22nYpMVe6Q==】
参团失败：{"msg":"您已成团","nowTime":1625208917,"ret":10209}


账号15631692383_p 参加作者lxk0301的团 【RAKCnViZrv8UzJPCBhKsmA==】
参团失败：{"msg":"您已成团","nowTime":1625208918,"ret":10209}


账号15631692383_p 参加作者lxk0301的团 【KVaE_nRvJFXN75jSvl3PoQ==】
参团失败：{"msg":"您已成团","nowTime":1625208920,"ret":10209}


账号15631692383_p 参加作者lxk0301的团 【KOZlHZOMuQy_kMYzPoYlVQ==】
参团失败：{"msg":"您已成团","nowTime":1625208921,"ret":10209}


账号15631692383_p 参加作者lxk0301的团 【RqEcxX03Lor78YiuadXlkg==】
参团失败：{"msg":"您已成团","nowTime":1625208922,"ret":10209}


账号15631692383_p 参加作者lxk0301的团 【-M3_hrXEYCQoYtkiFKxnvg==】
参团失败：{"msg":"您已成团","nowTime":1625208924,"ret":10209}


账号15631692383_p 参加作者lxk0301的团 【TEyIBLowJTxCibYKFcAhXg==】
参团失败：{"msg":"您已成团","nowTime":1625208926,"ret":10209}


账号15631692383_p 参加作者lxk0301的团 【D-3C4TU_XvTfZImoHBhN4w==】
参团失败：{"msg":"您已成团","nowTime":1625208927,"ret":10209}


账号15631692383_p 参加作者lxk0301的团 【bC9DOxzB8qp47LsrjQsV6w==】
参团失败：{"msg":"您已成团","nowTime":1625208928,"ret":10209}


账号15631692383_p 参加作者lxk0301的团 【ezCvpQnISFUH7dThE1hkKg==】
参团失败：{"msg":"您已成团","nowTime":1625208929,"ret":10209}


账号15631692383_p 参加作者lxk0301的团 【pZLFNUnHJ7WLcsjP6iiBzA==】
参团失败：{"msg":"您已成团","nowTime":1625208930,"ret":10209}


账号15631692383_p 参加作者lxk0301的团 【LwaDlMgUl6ARiaHBKII2dA==】
参团失败：{"msg":"您已成团","nowTime":1625208932,"ret":10209}


账号15631692383_p 参加作者lxk0301的团 【8OUc711f-zQsFDn3VWJ66w==】
参团失败：{"msg":"您已成团","nowTime":1625208933,"ret":10209}


账号15631692383_p 参加作者lxk0301的团 【kc0i9bz-a2odQboT2Hn4tw==】
参团失败：{"msg":"您已成团","nowTime":1625208934,"ret":10209}


账号jd_74a8d71c978d9 内部相互进团


jd_74a8d71c978d9 去参加团 MZRfagjg1F6XgUEI70Dp3Q==
参团失败：{"msg":"您已成功参团","nowTime":1625208936,"ret":10208}


jd_74a8d71c978d9 去参加团 ibroxAnKUPosrYwGeX7Yew==
参团失败：{"msg":"您已成功参团","nowTime":1625208937,"ret":10208}


账号jd_74a8d71c978d9 参加作者lxk0301的团 【UvGm4lTrWm356TZNyYzfVQ==】
参团失败：{"msg":"您已成团","nowTime":1625208983,"ret":10209}


账号jd_74a8d71c978d9 参加作者lxk0301的团 【Xjmh5HKRolb2ZxBdOGFuBg==】
参团失败：{"msg":"您已成团","nowTime":1625208989,"ret":10209}


账号jd_74a8d71c978d9 参加作者lxk0301的团 【O3Gmfne2XJMp92VzJv8GcQ==】
参团失败：{"msg":"您已成团","nowTime":1625208991,"ret":10209}


账号jd_74a8d71c978d9 参加作者lxk0301的团 【TFFyMnFluiz5u_XZsq5BQg==】
参团失败：{"msg":"您已成团","nowTime":1625208992,"ret":10209}


账号jd_74a8d71c978d9 参加作者lxk0301的团 【dUGkIpz1y0Ah49_PC_D_TQ==】
参团失败：{"msg":"您已成团","nowTime":1625208994,"ret":10209}


账号jd_74a8d71c978d9 参加作者lxk0301的团 【yp4ftgIIXAmpb0ZEsq5pew==】
参团失败：{"msg":"您已成团","nowTime":1625208995,"ret":10209}


账号jd_74a8d71c978d9 参加作者lxk0301的团 【XOs9zCz9_BgUv1Dzdw7EkA==】
参团失败：{"msg":"您已成团","nowTime":1625208996,"ret":10209}


账号jd_74a8d71c978d9 参加作者lxk0301的团 【DywRS2p-vjlnOzvbDx47jA==】
参团失败：{"msg":"您已成团","nowTime":1625208997,"ret":10209}


账号jd_74a8d71c978d9 参加作者lxk0301的团 【msuZQ6xAqYaXnqJMWfa8Pg==】
参团失败：{"msg":"您已成团","nowTime":1625208999,"ret":10209}


账号jd_74a8d71c978d9 参加作者lxk0301的团 【yn-Ptpns10Kkh15ywyovDw==】
参团失败：{"msg":"您已成团","nowTime":1625209005,"ret":10209}


账号jd_74a8d71c978d9 参加作者lxk0301的团 【_Ipt6FTk0lEE-ARdZermCQ==】
参团失败：{"msg":"您已成团","nowTime":1625209006,"ret":10209}


账号jd_74a8d71c978d9 参加作者lxk0301的团 【pepGevYfAKcf3J0x20cfNA==】
参团失败：{"msg":"您已成团","nowTime":1625209007,"ret":10209}


账号jd_74a8d71c978d9 参加作者lxk0301的团 【9YVXUVXfL9DClTw-A4VPcg==】
参团失败：{"msg":"您已成团","nowTime":1625209008,"ret":10209}


账号jd_74a8d71c978d9 参加作者lxk0301的团 【9c3ePp3APAneiB00WAXceQ==】
参团失败：{"msg":"您已成团","nowTime":1625209010,"ret":10209}


账号jd_74a8d71c978d9 参加作者lxk0301的团 【E3BNN2laVcOI5XJPEjlE1Q==】
参团失败：{"msg":"您已成团","nowTime":1625209011,"ret":10209}


账号jd_74a8d71c978d9 参加作者lxk0301的团 【QnoPcnogYZn5g6ICBfb69g==】
参团失败：{"msg":"您已成团","nowTime":1625209012,"ret":10209}


账号jd_74a8d71c978d9 参加作者lxk0301的团 【mrG2kt6fLXVzV-XDGcXZ_w==】
参团失败：{"msg":"您已成团","nowTime":1625209013,"ret":10209}


账号jd_74a8d71c978d9 参加作者lxk0301的团 【pnbHD6QdXETI8s8EWli-hg==】
参团失败：{"msg":"您已成团","nowTime":1625209014,"ret":10209}


账号jd_74a8d71c978d9 参加作者lxk0301的团 【YMj1-AmlQsoo9h75gr0f0Q==】
参团失败：{"msg":"您已成团","nowTime":1625209016,"ret":10209}


账号jd_74a8d71c978d9 参加作者lxk0301的团 【KNevAJic14-EH2UR2czt6g==】
参团失败：{"msg":"您已成团","nowTime":1625209017,"ret":10209}


账号chao4596758 内部相互进团


chao4596758 去参加团 MZRfagjg1F6XgUEI70Dp3Q==
参团失败：{"msg":"您已成功参团","nowTime":1625209019,"ret":10208}


chao4596758 去参加团 ibroxAnKUPosrYwGeX7Yew==
参团失败：{"msg":"您今日的助力次数已用完,明天再来助力TA吧～","nowTime":1625209020,"ret":10206}


账号jd_46df9eaa780aa 内部相互进团


jd_46df9eaa780aa 去参加团 MZRfagjg1F6XgUEI70Dp3Q==
参团失败：{"msg":"您已成功参团","nowTime":1625209024,"ret":10208}


jd_46df9eaa780aa 去参加团 ibroxAnKUPosrYwGeX7Yew==
参团失败：{"msg":"您今日的助力次数已用完,明天再来助力TA吧～","nowTime":1625209025,"ret":10206}


账号jd_67f63c904d8c6 内部相互进团


jd_67f63c904d8c6 去参加团 MZRfagjg1F6XgUEI70Dp3Q==
参团失败：{"msg":"您已成功参团","nowTime":1625209027,"ret":10208}


jd_67f63c904d8c6 去参加团 ibroxAnKUPosrYwGeX7Yew==
参团失败：{"msg":"您今日的助力次数已用完,明天再来助力TA吧～","nowTime":1625209028,"ret":10206}


🔔京喜工厂, 结束! 🕛 252.373 秒

