
🔔京喜工厂, 开始!

====================共5个京东账号Cookie=========

==================脚本执行- 北京时间(UTC+8)：7/2/2021, 3:51:54 PM=====================

获取签名参数成功！
fp: 5150109032816162
token: tk01wcaa31c76a8nYU5ZNEZYZXNBJMrpdVsyvlUjvA3ks+MlTYy4IrrrP3Ic/ACTHhsGlbozsIQMC8P2u7ZqRDF8n1Of
enCryptMethodJD: function test(token,fingerprint,timestamp,appId,algo){const random='DVpv0NyxupCl';const str=`${token}${fingerprint}${timestamp}${appId}${random}`;return algo.SHA256(str)}
拼团活动ID: 获取成功 T_zZaWP6by9yA1wehxM4mg==

开始获取京喜工厂配置文件

您的互助码选择的是用&隔开

共5个京东账号

您提供了0个账号的京喜工厂助力码


******开始【京东账号1】15631692383_p*********

再加1.14%电力可开红包

当前电力：63
当前等级：8

【京东账号1（15631692383_p）的京喜工厂好友互助码】jLuj5y4OynbjOLDt2boGNg==
已投入电力：207500
所需电力：1730000
生产进度：11.99%


预计最快还需 【8.81天】生产完毕




你今日还能帮好友打工（0/3）次


【今日招工进度】0/14

今日助力好友机会已耗尽

发电机：当前 4.9 电力，最大值 510 电力

本次发电机电力集满分享后不可获得双倍电力，故现在收取电力

收取电力成功: 共5 
完成任务：共领取5电力
投入失败，电力不足，快去做任务吧~

团活动ID  T_zZaWP6by9yA1wehxM4mg==
团ID  MZRfagjg1F6XgUEI70Dp3Q==

今日剩余开团次数：2次

开团情况:5/6


此团未达领取团奖励人数：6人

7/2/2021, 9:20:28 AM参加团主【hVdButlHZykF-_RZaC6F1w==】失败
7/2/2021, 9:20:10 AM参加团主【jLuj5y4OynbjOLDt2boGNg==】失败
7/1/2021, 8:55:42 PM参加团主【hVdButlHZykF-_RZaC6F1w==】失败
7/1/2021, 8:54:51 PM参加团主【jLuj5y4OynbjOLDt2boGNg==】失败

  商品名     兑换状态
平板拖把    已兑换
芒果干    已兑换
芋泥酥6枚    已兑换
冰箱除味剂4盒    已兑换
统一干脆面    兑换超时

【京东账号1】15631692383_p
【生产商品】飘柔护发素
【当前等级】研究员 8
【生产进度】11.99%
【招工进度】0/14
【收取发电站】收取成功，获得 5 电力
【每日任务】领奖成功，共计 5 电力
【投入电力】投入失败，电力不足，快去做任务吧~
【收取自己零件】获得0电力
【收取好友零件】获得0电力


******开始【京东账号2】jd_74a8d71c978d9*********

再加0.14%电力可开红包

当前电力：90
当前等级：3

【京东账号2（jd_74a8d71c978d9）的京喜工厂好友互助码】hVdButlHZykF-_RZaC6F1w==
已投入电力：9074700
所需电力：9560000
生产进度：94.92%


预计最快还需 【2.81天】生产完毕




你今日还能帮好友打工（3/3）次


【今日招工进度】0/10
由于您第2个京东账号未提供shareCode,将采纳本脚本自带的助力码

开始
第2个京东账号将要助力的好友["gB99tYLjvPcEFloDgamoBw==","7dluIKQMp0bySgcr8AqFgw=="]
助力朋友[gB99tYLjvPcEFloDgamoBw==]失败：好友存储电力已达上限,暂不可打工哦~
助力朋友[7dluIKQMp0bySgcr8AqFgw==]失败：亲,好友的工厂的工人已经满员了,不能去好友工厂打工啦!
发电机：当前 360 电力，最大值 360 电力
发电机：电力可翻倍并收获
收取电力成功: 共720 
任务：今日收取发电机电力可完成
领取今日收取发电机电力任务奖励成功，收获：500电力
完成任务：共领取1220电力
成功投入电力1300电力

团活动ID  T_zZaWP6by9yA1wehxM4mg==
团ID  ibroxAnKUPosrYwGeX7Yew==

今日剩余开团次数：2次

开团情况:2/6


此团未达领取团奖励人数：6人

7/2/2021, 9:20:28 AM参加团主【hVdButlHZykF-_RZaC6F1w==】失败
7/2/2021, 9:20:10 AM参加团主【jLuj5y4OynbjOLDt2boGNg==】失败
7/1/2021, 8:55:42 PM参加团主【hVdButlHZykF-_RZaC6F1w==】失败
7/1/2021, 8:54:51 PM参加团主【jLuj5y4OynbjOLDt2boGNg==】失败

  商品名     兑换状态
不锈钢多用盆    已兑换

【京东账号2】jd_74a8d71c978d9
【生产商品】平板拖把
【当前等级】金牌学徒 3
【生产进度】94.92%
【招工进度】0/10
【收取发电站】收取成功，获得 720 电力
【每日任务】领奖成功，共计 1220 电力
【投入电力】投入成功，共计 1300 电力
【收取自己零件】获得0电力
【收取好友零件】获得0电力


******开始【京东账号3】chao4596758*********

【提示】京东账号3[chao4596758]京喜工厂活动未开始
请手动去京东APP->游戏与互动->查看更多->京喜工厂 开启活动



你今日还能帮好友打工（3/3）次


【今日招工进度】0/8
由于您第3个京东账号未提供shareCode,将采纳本脚本自带的助力码

开始
"Timeout awaiting 'request' for 10000ms"
京喜工厂 API请求失败，请检查网路重试
第3个京东账号将要助力的好友["-OvElMzqeyeGBWazWYjI1Q=="]
助力朋友[-OvElMzqeyeGBWazWYjI1Q==]失败：好友存储电力已达上限,暂不可打工哦~

******开始【京东账号4】jd_46df9eaa780aa*********

【提示】京东账号4[jd_46df9eaa780aa]京喜工厂活动未开始
请手动去京东APP->游戏与互动->查看更多->京喜工厂 开启活动



你今日还能帮好友打工（3/3）次


【今日招工进度】0/8
由于您第4个京东账号未提供shareCode,将采纳本脚本自带的助力码

开始
第4个京东账号将要助力的好友["GFwo6PntxDHH95ZRzZ5uAg=="]
助力朋友[GFwo6PntxDHH95ZRzZ5uAg==]失败：亲,好友的工厂的工人已经满员了,不能去好友工厂打工啦!

******开始【京东账号5】jd_67f63c904d8c6*********

【提示】京东账号5[jd_67f63c904d8c6]京喜工厂未选购商品
请手动去京东APP->游戏与互动->查看更多->京喜工厂 选购

"Timeout awaiting 'request' for 10000ms"
京喜工厂 API请求失败，请检查网路重试


你今日还能帮好友打工（3/3）次


【今日招工进度】0/8
由于您第5个京东账号未提供shareCode,将采纳本脚本自带的助力码

开始
第5个京东账号将要助力的好友["GFwo6PntxDHH95ZRzZ5uAg=="]
助力朋友[GFwo6PntxDHH95ZRzZ5uAg==]失败：亲,好友的工厂的工人已经满员了,不能去好友工厂打工啦!
"Timeout awaiting 'request' for 10000ms"
京喜工厂 API请求失败，请检查网路重试

账号15631692383_p 内部相互进团


15631692383_p 去参加团 MZRfagjg1F6XgUEI70Dp3Q==
参团失败：{"msg":"您已成功参团","nowTime":1625212397,"ret":10208}


15631692383_p 去参加团 ibroxAnKUPosrYwGeX7Yew==
参团失败：{"msg":"您已成功参团","nowTime":1625212398,"ret":10208}

"Timeout awaiting 'request' for 10000ms"
京喜工厂 API请求失败，请检查网路重试

账号15631692383_p 参加作者lxk0301的团 【6TnFrwubHJBClAJf0NSlhQ==】
参团失败：{"msg":"您已成团","nowTime":1625212425,"ret":10209}


账号15631692383_p 参加作者lxk0301的团 【tZqhx3wbdAeH_s-I1M82yQ==】
参团失败：{"msg":"您已成团","nowTime":1625212428,"ret":10209}


账号15631692383_p 参加作者lxk0301的团 【aCjS3DXkEPJNJOymFMCWKA==】
参团失败：{"msg":"您已成团","nowTime":1625212429,"ret":10209}


账号15631692383_p 参加作者lxk0301的团 【WtVUpAOarBUwbc4sg3qxSQ==】
参团失败：{"msg":"您已成团","nowTime":1625212431,"ret":10209}


账号15631692383_p 参加作者lxk0301的团 【SaCFzZfm_D7CWwpDI8szPg==】
参团失败：{"msg":"您已成团","nowTime":1625212433,"ret":10209}


账号15631692383_p 参加作者lxk0301的团 【U5rLBF1LxFnA22nYpMVe6Q==】
参团失败：{"msg":"您已成团","nowTime":1625212441,"ret":10209}


账号15631692383_p 参加作者lxk0301的团 【RAKCnViZrv8UzJPCBhKsmA==】
参团失败：{"msg":"您已成团","nowTime":1625212443,"ret":10209}


账号15631692383_p 参加作者lxk0301的团 【KVaE_nRvJFXN75jSvl3PoQ==】
参团失败：{"msg":"您已成团","nowTime":1625212445,"ret":10209}


账号15631692383_p 参加作者lxk0301的团 【KOZlHZOMuQy_kMYzPoYlVQ==】
参团失败：{"msg":"您已成团","nowTime":1625212447,"ret":10209}


账号15631692383_p 参加作者lxk0301的团 【RqEcxX03Lor78YiuadXlkg==】
参团失败：{"msg":"您已成团","nowTime":1625212448,"ret":10209}


账号15631692383_p 参加作者lxk0301的团 【-M3_hrXEYCQoYtkiFKxnvg==】
参团失败：{"msg":"您已成团","nowTime":1625212449,"ret":10209}


账号15631692383_p 参加作者lxk0301的团 【TEyIBLowJTxCibYKFcAhXg==】
参团失败：{"msg":"您已成团","nowTime":1625212450,"ret":10209}


账号15631692383_p 参加作者lxk0301的团 【D-3C4TU_XvTfZImoHBhN4w==】
参团失败：{"msg":"您已成团","nowTime":1625212452,"ret":10209}


账号15631692383_p 参加作者lxk0301的团 【bC9DOxzB8qp47LsrjQsV6w==】
参团失败：{"msg":"您已成团","nowTime":1625212453,"ret":10209}


账号15631692383_p 参加作者lxk0301的团 【ezCvpQnISFUH7dThE1hkKg==】
参团失败：{"msg":"您已成团","nowTime":1625212459,"ret":10209}


账号15631692383_p 参加作者lxk0301的团 【pZLFNUnHJ7WLcsjP6iiBzA==】
参团失败：{"msg":"您已成团","nowTime":1625212460,"ret":10209}


账号15631692383_p 参加作者lxk0301的团 【LwaDlMgUl6ARiaHBKII2dA==】
参团失败：{"msg":"您已成团","nowTime":1625212461,"ret":10209}


账号15631692383_p 参加作者lxk0301的团 【8OUc711f-zQsFDn3VWJ66w==】
参团失败：{"msg":"您已成团","nowTime":1625212462,"ret":10209}


账号15631692383_p 参加作者lxk0301的团 【kc0i9bz-a2odQboT2Hn4tw==】
参团失败：{"msg":"您已成团","nowTime":1625212469,"ret":10209}


账号jd_74a8d71c978d9 内部相互进团


jd_74a8d71c978d9 去参加团 MZRfagjg1F6XgUEI70Dp3Q==
参团失败：{"msg":"您已成功参团","nowTime":1625212470,"ret":10208}


jd_74a8d71c978d9 去参加团 ibroxAnKUPosrYwGeX7Yew==
参团失败：{"msg":"您已成功参团","nowTime":1625212471,"ret":10208}


账号jd_74a8d71c978d9 参加作者lxk0301的团 【6TnFrwubHJBClAJf0NSlhQ==】
参团失败：{"msg":"您已成团","nowTime":1625212493,"ret":10209}


账号jd_74a8d71c978d9 参加作者lxk0301的团 【tZqhx3wbdAeH_s-I1M82yQ==】
参团失败：{"msg":"您已成团","nowTime":1625212495,"ret":10209}


账号jd_74a8d71c978d9 参加作者lxk0301的团 【aCjS3DXkEPJNJOymFMCWKA==】
参团失败：{"msg":"您已成团","nowTime":1625212496,"ret":10209}


账号jd_74a8d71c978d9 参加作者lxk0301的团 【WtVUpAOarBUwbc4sg3qxSQ==】
参团失败：{"msg":"您已成团","nowTime":1625212497,"ret":10209}


账号jd_74a8d71c978d9 参加作者lxk0301的团 【SaCFzZfm_D7CWwpDI8szPg==】
参团失败：{"msg":"您已成团","nowTime":1625212498,"ret":10209}


账号jd_74a8d71c978d9 参加作者lxk0301的团 【U5rLBF1LxFnA22nYpMVe6Q==】
参团失败：{"msg":"您已成团","nowTime":1625212499,"ret":10209}


账号jd_74a8d71c978d9 参加作者lxk0301的团 【RAKCnViZrv8UzJPCBhKsmA==】
参团失败：{"msg":"您已成团","nowTime":1625212501,"ret":10209}


账号jd_74a8d71c978d9 参加作者lxk0301的团 【KVaE_nRvJFXN75jSvl3PoQ==】
参团失败：{"msg":"您已成团","nowTime":1625212503,"ret":10209}


账号jd_74a8d71c978d9 参加作者lxk0301的团 【KOZlHZOMuQy_kMYzPoYlVQ==】
参团失败：{"msg":"您已成团","nowTime":1625212504,"ret":10209}


账号jd_74a8d71c978d9 参加作者lxk0301的团 【RqEcxX03Lor78YiuadXlkg==】
参团失败：{"msg":"您已成团","nowTime":1625212505,"ret":10209}


账号jd_74a8d71c978d9 参加作者lxk0301的团 【-M3_hrXEYCQoYtkiFKxnvg==】
参团失败：{"msg":"您已成团","nowTime":1625212506,"ret":10209}


账号jd_74a8d71c978d9 参加作者lxk0301的团 【TEyIBLowJTxCibYKFcAhXg==】
参团失败：{"msg":"您已成团","nowTime":1625212507,"ret":10209}


账号jd_74a8d71c978d9 参加作者lxk0301的团 【D-3C4TU_XvTfZImoHBhN4w==】
参团失败：{"msg":"您已成团","nowTime":1625212509,"ret":10209}


账号jd_74a8d71c978d9 参加作者lxk0301的团 【bC9DOxzB8qp47LsrjQsV6w==】
参团失败：{"msg":"您已成团","nowTime":1625212510,"ret":10209}


账号jd_74a8d71c978d9 参加作者lxk0301的团 【ezCvpQnISFUH7dThE1hkKg==】
参团失败：{"msg":"您已成团","nowTime":1625212511,"ret":10209}


账号jd_74a8d71c978d9 参加作者lxk0301的团 【pZLFNUnHJ7WLcsjP6iiBzA==】
参团失败：{"msg":"您已成团","nowTime":1625212512,"ret":10209}


账号jd_74a8d71c978d9 参加作者lxk0301的团 【LwaDlMgUl6ARiaHBKII2dA==】
参团失败：{"msg":"您已成团","nowTime":1625212513,"ret":10209}


账号jd_74a8d71c978d9 参加作者lxk0301的团 【8OUc711f-zQsFDn3VWJ66w==】
参团失败：{"msg":"您已成团","nowTime":1625212515,"ret":10209}


账号jd_74a8d71c978d9 参加作者lxk0301的团 【kc0i9bz-a2odQboT2Hn4tw==】
参团失败：{"msg":"您已成团","nowTime":1625212527,"ret":10209}


账号chao4596758 内部相互进团


chao4596758 去参加团 MZRfagjg1F6XgUEI70Dp3Q==
参团失败：{"msg":"您已成功参团","nowTime":1625212538,"ret":10208}


chao4596758 去参加团 ibroxAnKUPosrYwGeX7Yew==
参团失败：{"msg":"您今日的助力次数已用完,明天再来助力TA吧～","nowTime":1625212549,"ret":10206}


账号jd_46df9eaa780aa 内部相互进团


jd_46df9eaa780aa 去参加团 MZRfagjg1F6XgUEI70Dp3Q==
参团失败：{"msg":"您已成功参团","nowTime":1625212568,"ret":10208}


jd_46df9eaa780aa 去参加团 ibroxAnKUPosrYwGeX7Yew==
参团失败：{"msg":"您今日的助力次数已用完,明天再来助力TA吧～","nowTime":1625212571,"ret":10206}


账号jd_67f63c904d8c6 内部相互进团


jd_67f63c904d8c6 去参加团 MZRfagjg1F6XgUEI70Dp3Q==
参团失败：{"msg":"您已成功参团","nowTime":1625212580,"ret":10208}


jd_67f63c904d8c6 去参加团 ibroxAnKUPosrYwGeX7Yew==
参团失败：{"msg":"您今日的助力次数已用完,明天再来助力TA吧～","nowTime":1625212590,"ret":10206}


🔔京喜工厂, 结束! 🕛 277.63 秒

