
🔔京喜工厂, 开始!

====================共5个京东账号Cookie=========

==================脚本执行- 北京时间(UTC+8)：7/2/2021, 9:53:24 AM=====================

获取签名参数成功！
fp: 0321584941235162
token: tk01wa41b1c0aa8nL1ozaExMYjZPaRyvI0K4QAAS0NIzYfrOgB00L1VrkCNC6EIkb6p9udSReSk0txa6CBuszNVFynS0
enCryptMethodJD: function test(token,fingerprint,timestamp,appId,algo){const random='g7J7cbZq64dZ';const str=`${token}${fingerprint}${timestamp}${appId}${random}`;return algo.SHA512(str)}
拼团活动ID: 获取成功 T_zZaWP6by9yA1wehxM4mg==

开始获取京喜工厂配置文件

您的互助码选择的是用&隔开

共5个京东账号

您提供了0个账号的京喜工厂助力码


******开始【京东账号1】15631692383_p*********

再加1.35%电力可开红包

当前电力：56
当前等级：8

【京东账号1（15631692383_p）的京喜工厂好友互助码】jLuj5y4OynbjOLDt2boGNg==
已投入电力：203900
所需电力：1730000
生产进度：11.79%


预计最快还需 【8.83天】生产完毕




你今日还能帮好友打工（0/3）次


【今日招工进度】0/14

今日助力好友机会已耗尽

发电机：当前 199.8 电力，最大值 510 电力

本次发电机电力集满分享后可获得双倍电力，故目前不收取电力

完成任务：共领取0电力
投入失败，电力不足，快去做任务吧~

团活动ID  T_zZaWP6by9yA1wehxM4mg==
团ID  MZRfagjg1F6XgUEI70Dp3Q==

今日剩余开团次数：2次

开团情况:5/6


此团未达领取团奖励人数：6人

7/2/2021, 9:20:28 AM参加团主【hVdButlHZykF-_RZaC6F1w==】失败
7/2/2021, 9:20:10 AM参加团主【jLuj5y4OynbjOLDt2boGNg==】失败
7/1/2021, 8:55:42 PM参加团主【hVdButlHZykF-_RZaC6F1w==】失败
7/1/2021, 8:54:51 PM参加团主【jLuj5y4OynbjOLDt2boGNg==】失败

  商品名     兑换状态
平板拖把    已兑换
芒果干    已兑换
芋泥酥6枚    已兑换
冰箱除味剂4盒    已兑换
统一干脆面    兑换超时

【京东账号1】15631692383_p
【生产商品】飘柔护发素
【当前等级】研究员 8
【生产进度】11.79%
【招工进度】0/14
【发电机电力】当前 199.8 电力，未达到收获标准
【每日任务】领奖成功，共计 0 电力
【投入电力】投入失败，电力不足，快去做任务吧~
【收取自己零件】获得0电力
【收取好友零件】获得0电力


******开始【京东账号2】Ycp_Dream*********

再加0.17%电力可开红包

当前电力：30
当前等级：3

【京东账号2（jd_74a8d71c978d9）的京喜工厂好友互助码】hVdButlHZykF-_RZaC6F1w==
已投入电力：9071100
所需电力：9560000
生产进度：94.89%


预计最快还需 【2.83天】生产完毕




你今日还能帮好友打工（3/3）次


【今日招工进度】0/10
由于您第2个京东账号未提供shareCode,将采纳本脚本自带的助力码

开始
第2个京东账号将要助力的好友["gB99tYLjvPcEFloDgamoBw==","7dluIKQMp0bySgcr8AqFgw=="]
助力朋友[gB99tYLjvPcEFloDgamoBw==]失败：亲,好友的工厂的工人已经满员了,不能去好友工厂打工啦!
助力朋友[7dluIKQMp0bySgcr8AqFgw==]失败：亲,好友的工厂的工人已经满员了,不能去好友工厂打工啦!
发电机：当前 360 电力，最大值 360 电力
发电机：电力可翻倍并收获
收取电力成功: 共720 
任务：累计投入电力值可完成
领取累计投入电力值任务奖励成功，收获：500电力
完成任务：共领取1220电力
成功投入电力1200电力

团活动ID  T_zZaWP6by9yA1wehxM4mg==
团ID  ibroxAnKUPosrYwGeX7Yew==

今日剩余开团次数：2次

开团情况:2/6


此团未达领取团奖励人数：6人

7/2/2021, 9:20:28 AM参加团主【hVdButlHZykF-_RZaC6F1w==】失败
7/2/2021, 9:20:10 AM参加团主【jLuj5y4OynbjOLDt2boGNg==】失败
7/1/2021, 8:55:42 PM参加团主【hVdButlHZykF-_RZaC6F1w==】失败
7/1/2021, 8:54:51 PM参加团主【jLuj5y4OynbjOLDt2boGNg==】失败

  商品名     兑换状态
不锈钢多用盆    已兑换

【京东账号2】Ycp_Dream
【生产商品】平板拖把
【当前等级】金牌学徒 3
【生产进度】94.89%
【招工进度】0/10
【收取发电站】收取成功，获得 720 电力
【每日任务】领奖成功，共计 1220 电力
【投入电力】投入成功，共计 1200 电力
【收取自己零件】获得0电力
【收取好友零件】获得0电力


******开始【京东账号3】jd_585601a83bd48*********

【提示】京东账号3[jd_585601a83bd48]京喜工厂活动未开始
请手动去京东APP->游戏与互动->查看更多->京喜工厂 开启活动



你今日还能帮好友打工（3/3）次


【今日招工进度】0/8
由于您第3个京东账号未提供shareCode,将采纳本脚本自带的助力码

开始
第3个京东账号将要助力的好友["-OvElMzqeyeGBWazWYjI1Q=="]
"Timeout awaiting 'request' for 10000ms"
京喜工厂 API请求失败，请检查网路重试
助力朋友[-OvElMzqeyeGBWazWYjI1Q==]失败：好友存储电力已达上限,暂不可打工哦~

******开始【京东账号4】jd_157332ewky*********

【提示】京东账号4[jd_157332ewky]京喜工厂活动未开始
请手动去京东APP->游戏与互动->查看更多->京喜工厂 开启活动



你今日还能帮好友打工（3/3）次


【今日招工进度】0/8
由于您第4个京东账号未提供shareCode,将采纳本脚本自带的助力码

开始
第4个京东账号将要助力的好友["GFwo6PntxDHH95ZRzZ5uAg=="]
助力朋友[GFwo6PntxDHH95ZRzZ5uAg==]失败：亲,好友的工厂的工人已经满员了,不能去好友工厂打工啦!
"Timeout awaiting 'request' for 10000ms"
京喜工厂 API请求失败，请检查网路重试

******开始【京东账号5】jd_157332zdf*********

【提示】京东账号5[jd_157332zdf]京喜工厂未选购商品
请手动去京东APP->游戏与互动->查看更多->京喜工厂 选购



你今日还能帮好友打工（3/3）次


【今日招工进度】0/8
由于您第5个京东账号未提供shareCode,将采纳本脚本自带的助力码

开始
第5个京东账号将要助力的好友["GFwo6PntxDHH95ZRzZ5uAg=="]
助力朋友[GFwo6PntxDHH95ZRzZ5uAg==]失败：亲,好友的工厂的工人已经满员了,不能去好友工厂打工啦!

账号15631692383_p 内部相互进团


15631692383_p 去参加团 MZRfagjg1F6XgUEI70Dp3Q==
参团失败：{"msg":"您已成功参团","nowTime":1625190877,"ret":10208}


15631692383_p 去参加团 ibroxAnKUPosrYwGeX7Yew==
"Timeout awaiting 'request' for 10000ms"
京喜工厂 API请求失败，请检查网路重试
参团失败：{"msg":"您已成功参团","nowTime":1625190880,"ret":10208}

"Timeout awaiting 'request' for 10000ms"
京喜工厂 API请求失败，请检查网路重试

账号15631692383_p 参加作者lxk0301的团 【xggu_P2ykpXMWgMj6GXivg==】
参团失败：{"msg":"您已成团","nowTime":1625190902,"ret":10209}


账号15631692383_p 参加作者lxk0301的团 【FgDCeS15wyLqd6WhuSQgqA==】
参团失败：{"msg":"您已成团","nowTime":1625190903,"ret":10209}


账号15631692383_p 参加作者lxk0301的团 【medxM5IjZ5cfPn25PS4xlA==】
参团失败：{"msg":"您已成团","nowTime":1625190905,"ret":10209}


账号15631692383_p 参加作者lxk0301的团 【Y-Vix_TRk5CSr5pPtslTEg==】
参团失败：{"msg":"您已成团","nowTime":1625190906,"ret":10209}


账号15631692383_p 参加作者lxk0301的团 【4kM4vbKizDabmrFpaZxzqQ==】
参团失败：{"msg":"您已成团","nowTime":1625190907,"ret":10209}


账号15631692383_p 参加作者lxk0301的团 【ozm4B6kmm9pSmu3hTTi6ww==】
参团失败：{"msg":"您已成团","nowTime":1625190910,"ret":10209}


账号15631692383_p 参加作者lxk0301的团 【u6HyQbHhFS4juQaY0OgKbA==】
参团失败：{"msg":"您已成团","nowTime":1625190911,"ret":10209}


账号15631692383_p 参加作者lxk0301的团 【CtKnjcMUelHBuyZ97HvzQA==】
参团失败：{"msg":"您已成团","nowTime":1625190913,"ret":10209}


账号15631692383_p 参加作者lxk0301的团 【oHc7ChcDzGJjJxyXgAatxg==】
参团失败：{"msg":"您已成团","nowTime":1625190914,"ret":10209}


账号15631692383_p 参加作者lxk0301的团 【0YpdMv4vdhTkP77Zl9zrdg==】
参团失败：{"msg":"您已成团","nowTime":1625190915,"ret":10209}


账号15631692383_p 参加作者lxk0301的团 【kwlpzmmjiCPZYwsFldQrUQ==】
参团失败：{"msg":"您已成团","nowTime":1625190916,"ret":10209}


账号15631692383_p 参加作者lxk0301的团 【pkgxdW-y7Zxva01M8GqQWw==】
参团失败：{"msg":"您已成团","nowTime":1625190917,"ret":10209}


账号15631692383_p 参加作者lxk0301的团 【3XIjiv1IxL_e53nQgQYPGQ==】
参团失败：{"msg":"您已成团","nowTime":1625190919,"ret":10209}


账号15631692383_p 参加作者lxk0301的团 【y4XgbU94WSPSRa7LxD4UUA==】
参团失败：{"msg":"您已成团","nowTime":1625190920,"ret":10209}


账号15631692383_p 参加作者lxk0301的团 【jmY1ooauhZ5XmoSnqrNRZg==】
参团失败：{"msg":"您已成团","nowTime":1625190921,"ret":10209}


账号15631692383_p 参加作者lxk0301的团 【Ps17fODoY7p0aRffsQsO3Q==】
参团失败：{"msg":"您已成团","nowTime":1625190927,"ret":10209}


账号15631692383_p 参加作者lxk0301的团 【ysf-o9i8Xt1lQx0n0V2T6w==】
参团失败：{"msg":"您已成团","nowTime":1625190928,"ret":10209}


账号15631692383_p 参加作者lxk0301的团 【jFoWrHUsXWdMzMPGkrenXQ==】
参团失败：{"msg":"您已成团","nowTime":1625190930,"ret":10209}


账号15631692383_p 参加作者lxk0301的团 【cCwDTNPj0if3NhMhAyX6Zw==】
参团失败：{"msg":"您已成团","nowTime":1625190931,"ret":10209}


账号15631692383_p 参加作者lxk0301的团 【XNyYiuhT2UKFzZxidqt22Q==】
参团失败：{"msg":"您已成团","nowTime":1625190932,"ret":10209}


账号jd_74a8d71c978d9 内部相互进团


jd_74a8d71c978d9 去参加团 MZRfagjg1F6XgUEI70Dp3Q==
参团失败：{"msg":"您已成功参团","nowTime":1625190933,"ret":10208}


jd_74a8d71c978d9 去参加团 ibroxAnKUPosrYwGeX7Yew==
参团失败：{"msg":"您已成功参团","nowTime":1625190935,"ret":10208}


账号jd_74a8d71c978d9 参加作者lxk0301的团 【xggu_P2ykpXMWgMj6GXivg==】
参团失败：{"msg":"您已成团","nowTime":1625190956,"ret":10209}


账号jd_74a8d71c978d9 参加作者lxk0301的团 【FgDCeS15wyLqd6WhuSQgqA==】
参团失败：{"msg":"您已成团","nowTime":1625190957,"ret":10209}


账号jd_74a8d71c978d9 参加作者lxk0301的团 【medxM5IjZ5cfPn25PS4xlA==】
参团失败：{"msg":"您已成团","nowTime":1625190959,"ret":10209}


账号jd_74a8d71c978d9 参加作者lxk0301的团 【Y-Vix_TRk5CSr5pPtslTEg==】
参团失败：{"msg":"您已成团","nowTime":1625190960,"ret":10209}


账号jd_74a8d71c978d9 参加作者lxk0301的团 【4kM4vbKizDabmrFpaZxzqQ==】
参团失败：{"msg":"您已成团","nowTime":1625190961,"ret":10209}


账号jd_74a8d71c978d9 参加作者lxk0301的团 【ozm4B6kmm9pSmu3hTTi6ww==】
参团失败：{"msg":"您已成团","nowTime":1625190962,"ret":10209}


账号jd_74a8d71c978d9 参加作者lxk0301的团 【u6HyQbHhFS4juQaY0OgKbA==】
参团失败：{"msg":"您已成团","nowTime":1625190963,"ret":10209}


账号jd_74a8d71c978d9 参加作者lxk0301的团 【CtKnjcMUelHBuyZ97HvzQA==】
参团失败：{"msg":"您已成团","nowTime":1625190965,"ret":10209}


账号jd_74a8d71c978d9 参加作者lxk0301的团 【oHc7ChcDzGJjJxyXgAatxg==】
参团失败：{"msg":"您已成团","nowTime":1625190966,"ret":10209}


账号jd_74a8d71c978d9 参加作者lxk0301的团 【0YpdMv4vdhTkP77Zl9zrdg==】
参团失败：{"msg":"您已成团","nowTime":1625190967,"ret":10209}


账号jd_74a8d71c978d9 参加作者lxk0301的团 【kwlpzmmjiCPZYwsFldQrUQ==】
参团失败：{"msg":"您已成团","nowTime":1625190968,"ret":10209}


账号jd_74a8d71c978d9 参加作者lxk0301的团 【pkgxdW-y7Zxva01M8GqQWw==】
参团失败：{"msg":"您已成团","nowTime":1625190969,"ret":10209}


账号jd_74a8d71c978d9 参加作者lxk0301的团 【3XIjiv1IxL_e53nQgQYPGQ==】
参团失败：{"msg":"您已成团","nowTime":1625190972,"ret":10209}


账号jd_74a8d71c978d9 参加作者lxk0301的团 【y4XgbU94WSPSRa7LxD4UUA==】
参团失败：{"msg":"您已成团","nowTime":1625190973,"ret":10209}


账号jd_74a8d71c978d9 参加作者lxk0301的团 【jmY1ooauhZ5XmoSnqrNRZg==】
参团失败：{"msg":"您已成团","nowTime":1625190975,"ret":10209}


账号jd_74a8d71c978d9 参加作者lxk0301的团 【Ps17fODoY7p0aRffsQsO3Q==】
参团失败：{"msg":"您已成团","nowTime":1625190976,"ret":10209}


账号jd_74a8d71c978d9 参加作者lxk0301的团 【ysf-o9i8Xt1lQx0n0V2T6w==】
参团失败：{"msg":"您已成团","nowTime":1625190977,"ret":10209}


账号jd_74a8d71c978d9 参加作者lxk0301的团 【jFoWrHUsXWdMzMPGkrenXQ==】
参团失败：{"msg":"您已成团","nowTime":1625190978,"ret":10209}


账号jd_74a8d71c978d9 参加作者lxk0301的团 【cCwDTNPj0if3NhMhAyX6Zw==】
参团失败：{"msg":"您已成团","nowTime":1625190979,"ret":10209}


账号jd_74a8d71c978d9 参加作者lxk0301的团 【XNyYiuhT2UKFzZxidqt22Q==】
参团失败：{"msg":"您已成团","nowTime":1625190980,"ret":10209}


账号chao4596758 内部相互进团


chao4596758 去参加团 MZRfagjg1F6XgUEI70Dp3Q==
参团失败：{"msg":"您已成功参团","nowTime":1625190982,"ret":10208}


chao4596758 去参加团 ibroxAnKUPosrYwGeX7Yew==
参团失败：{"msg":"您今日的助力次数已用完,明天再来助力TA吧～","nowTime":1625190983,"ret":10206}


账号jd_46df9eaa780aa 内部相互进团


jd_46df9eaa780aa 去参加团 MZRfagjg1F6XgUEI70Dp3Q==
参团失败：{"msg":"您已成功参团","nowTime":1625190984,"ret":10208}


jd_46df9eaa780aa 去参加团 ibroxAnKUPosrYwGeX7Yew==
参团失败：{"msg":"您今日的助力次数已用完,明天再来助力TA吧～","nowTime":1625190986,"ret":10206}


账号jd_67f63c904d8c6 内部相互进团


jd_67f63c904d8c6 去参加团 MZRfagjg1F6XgUEI70Dp3Q==
参团失败：{"msg":"您已成功参团","nowTime":1625190987,"ret":10208}


jd_67f63c904d8c6 去参加团 ibroxAnKUPosrYwGeX7Yew==
参团失败：{"msg":"您今日的助力次数已用完,明天再来助力TA吧～","nowTime":1625190988,"ret":10206}


🔔京喜工厂, 结束! 🕛 184.757 秒

