
🔔京喜工厂, 开始!

====================共5个京东账号Cookie=========

==================脚本执行- 北京时间(UTC+8)：7/2/2021, 8:53:09 AM=====================

获取签名参数成功！
fp: 1028944994833162
token: tk01w95171ae8a8nNi9jdGtkWW14getZ/pYC5J+As9fgDTOv/YfFMWSgjNEHz5bg69mT2l/5W1sbpCN2jG52QH5AXgDa
enCryptMethodJD: function test(token,fingerprint,timestamp,appId,algo){const random='vZNiUqWcJgPP';const str=`${token}${fingerprint}${timestamp}${appId}${random}`;return algo.SHA512(str)}
拼团活动ID: 获取成功 T_zZaWP6by9yA1wehxM4mg==

开始获取京喜工厂配置文件

您的互助码选择的是用&隔开

共5个京东账号

您提供了0个账号的京喜工厂助力码


******开始【京东账号1】15631692383_p*********

再加1.41%电力可开红包

当前电力：36
当前等级：8

【京东账号1（15631692383_p）的京喜工厂好友互助码】jLuj5y4OynbjOLDt2boGNg==
已投入电力：202900
所需电力：1730000
生产进度：11.73%


预计最快还需 【8.84天】生产完毕




你今日还能帮好友打工（0/3）次


【今日招工进度】0/14

今日助力好友机会已耗尽

发电机：当前 373.1 电力，最大值 510 电力

本次发电机电力集满分享后可获得双倍电力，故目前不收取电力

完成任务：共领取0电力
投入失败，电力不足，快去做任务吧~

团活动ID  T_zZaWP6by9yA1wehxM4mg==
团ID  XBeempAtMG4dTRb1NaPxEQ==

今日剩余开团次数：3次

开团情况:5/6


此团未达领取团奖励人数：6人

7/1/2021, 8:55:42 PM参加团主【hVdButlHZykF-_RZaC6F1w==】失败
7/1/2021, 8:54:51 PM参加团主【jLuj5y4OynbjOLDt2boGNg==】失败

  商品名     兑换状态
平板拖把    已兑换
芒果干    已兑换
芋泥酥6枚    已兑换
冰箱除味剂4盒    已兑换
统一干脆面    兑换超时

【京东账号1】15631692383_p
【生产商品】飘柔护发素
【当前等级】研究员 8
【生产进度】11.73%
【招工进度】0/14
【发电机电力】当前 373.1 电力，未达到收获标准
【每日任务】领奖成功，共计 0 电力
【投入电力】投入失败，电力不足，快去做任务吧~
【收取自己零件】获得0电力
【收取好友零件】获得0电力


******开始【京东账号2】Ycp_Dream*********

可以开红包了

开幸运红包：{"data":{"active":"dreamfactory_jdhb2107","awardElectric":0,"bingoLevel":3},"msg":"OK","nowTime":1625187204,"ret":0}

当前电力：3010
当前等级：3

【京东账号2（jd_74a8d71c978d9）的京喜工厂好友互助码】hVdButlHZykF-_RZaC6F1w==
已投入电力：9058000
所需电力：9560000
生产进度：94.75%


预计最快还需 【2.91天】生产完毕




你今日还能帮好友打工（3/3）次


【今日招工进度】0/10
由于您第2个京东账号未提供shareCode,将采纳本脚本自带的助力码

开始
第2个京东账号将要助力的好友["gB99tYLjvPcEFloDgamoBw==","7dluIKQMp0bySgcr8AqFgw=="]
助力朋友[gB99tYLjvPcEFloDgamoBw==]失败：亲,好友的工厂的工人已经满员了,不能去好友工厂打工啦!
助力朋友[7dluIKQMp0bySgcr8AqFgw==]失败：亲,好友的工厂的工人已经满员了,不能去好友工厂打工啦!
发电机：当前 360 电力，最大值 360 电力
发电机：电力可翻倍并收获
收取电力成功: 共720 
去做任务：*限时*邀5人得2万电
做任务完成！
领取*限时*邀5人得2万电任务奖励成功，收获：100电力
去做任务：*限时*邀5人得2万电
DoTask异常：{"data":{"awardStatus":1,"completedTimes":1,"dateTypeExtra":"20210702","updateTime":1625187215,"userStatusConfigExtra":""},"msg":"亲,活动太火爆了,请稍后再试吧!","ret":1009}
领取*限时*邀5人得2万电任务奖励失败，任务已领奖
任务：每日开工打卡可完成
领取每日开工打卡任务奖励成功，收获：800电力
去做任务：上集市做调研30s
做任务完成！
领取上集市做调研30s任务奖励成功，收获：300电力
去做任务：上集市做调研30s
DoTask异常：{"data":{"awardStatus":1,"completedTimes":1,"dateTypeExtra":"20210702","updateTime":1625187222,"userStatusConfigExtra":""},"msg":"亲,活动太火爆了,请稍后再试吧!","ret":1009}
领取上集市做调研30s任务奖励失败，任务已领奖
任务：登录APP领取奖励可完成
领取登录APP领取奖励任务奖励成功，收获：2500电力
去做任务：去签到，可领现金,每日签到领红包
做任务完成！
领取去签到，可领现金,每日签到领红包任务奖励成功，收获：100电力
去做任务：去签到，可领现金,每日签到领红包
做任务完成！
领取去签到，可领现金,每日签到领红包任务奖励成功，收获：100电力
去做任务：去签到，可领现金,每日签到领红包
DoTask异常：{"data":{"awardStatus":1,"completedTimes":2,"dateTypeExtra":"20210702","updateTime":1625187228,"userStatusConfigExtra":""},"msg":"亲,活动太火爆了,请稍后再试吧!","ret":1009}
领取去签到，可领现金,每日签到领红包任务奖励失败，任务已领奖
去做任务：从首页“领免费商品”进工厂,8.9元抢金龙鱼油,5.4元抢抽纸6包,4.9买佳洁士牙膏,限时9.9元秒
做任务完成！
领取从首页“领免费商品”进工厂,8.9元抢金龙鱼油,5.4元抢抽纸6包,4.9买佳洁士牙膏,限时9.9元秒任务奖励成功，收获：300电力
去做任务：从首页“领免费商品”进工厂,8.9元抢金龙鱼油,5.4元抢抽纸6包,4.9买佳洁士牙膏,限时9.9元秒
做任务完成！
领取从首页“领免费商品”进工厂,8.9元抢金龙鱼油,5.4元抢抽纸6包,4.9买佳洁士牙膏,限时9.9元秒任务奖励成功，收获：300电力
去做任务：从首页“领免费商品”进工厂,8.9元抢金龙鱼油,5.4元抢抽纸6包,4.9买佳洁士牙膏,限时9.9元秒
做任务完成！
领取从首页“领免费商品”进工厂,8.9元抢金龙鱼油,5.4元抢抽纸6包,4.9买佳洁士牙膏,限时9.9元秒任务奖励成功，收获：300电力
去做任务：从首页“领免费商品”进工厂,8.9元抢金龙鱼油,5.4元抢抽纸6包,4.9买佳洁士牙膏,限时9.9元秒
做任务完成！
领取从首页“领免费商品”进工厂,8.9元抢金龙鱼油,5.4元抢抽纸6包,4.9买佳洁士牙膏,限时9.9元秒任务奖励成功，收获：300电力
"Timeout awaiting 'request' for 10000ms"
京喜工厂 API请求失败，请检查网路重试
去做任务：从首页“领免费商品”进工厂,8.9元抢金龙鱼油,5.4元抢抽纸6包,4.9买佳洁士牙膏,限时9.9元秒
做任务完成！
领取从首页“领免费商品”进工厂,8.9元抢金龙鱼油,5.4元抢抽纸6包,4.9买佳洁士牙膏,限时9.9元秒任务奖励成功，收获：300电力
去做任务：从首页“领免费商品”进工厂,8.9元抢金龙鱼油,5.4元抢抽纸6包,4.9买佳洁士牙膏,限时9.9元秒
DoTask异常：{"data":{"awardStatus":1,"completedTimes":5,"dateTypeExtra":"20210702","updateTime":1625187238,"userStatusConfigExtra":""},"msg":"亲,活动太火爆了,请稍后再试吧!","ret":1009}
领取从首页“领免费商品”进工厂,8.9元抢金龙鱼油,5.4元抢抽纸6包,4.9买佳洁士牙膏,限时9.9元秒任务奖励失败，任务已领奖
去做任务：1万份鸡蛋免费送,去1分抢6瓶可口可乐
做任务完成！
领取1万份鸡蛋免费送,去1分抢6瓶可口可乐任务奖励成功，收获：100电力
去做任务：1万份鸡蛋免费送,去1分抢6瓶可口可乐
做任务完成！
领取1万份鸡蛋免费送,去1分抢6瓶可口可乐任务奖励成功，收获：100电力
去做任务：1万份鸡蛋免费送,去1分抢6瓶可口可乐
DoTask异常：{"data":{"awardStatus":1,"completedTimes":2,"dateTypeExtra":"20210702","updateTime":1625187242,"userStatusConfigExtra":""},"msg":"亲,活动太火爆了,请稍后再试吧!","ret":1009}
领取1万份鸡蛋免费送,去1分抢6瓶可口可乐任务奖励失败，任务已领奖
去做任务：上岛兑0元好物,逛农场免费领水果,出海寻宝领100元红包
做任务完成！
领取上岛兑0元好物,逛农场免费领水果,出海寻宝领100元红包任务奖励成功，收获：100电力
去做任务：上岛兑0元好物,逛农场免费领水果,出海寻宝领100元红包
做任务完成！
领取上岛兑0元好物,逛农场免费领水果,出海寻宝领100元红包任务奖励成功，收获：100电力
去做任务：上岛兑0元好物,逛农场免费领水果,出海寻宝领100元红包
做任务完成！
领取上岛兑0元好物,逛农场免费领水果,出海寻宝领100元红包任务奖励成功，收获：100电力
去做任务：上岛兑0元好物,逛农场免费领水果,出海寻宝领100元红包
DoTask异常：{"data":{"awardStatus":1,"completedTimes":3,"dateTypeExtra":"20210702","updateTime":1625187248,"userStatusConfigExtra":""},"msg":"亲,活动太火爆了,请稍后再试吧!","ret":1009}
领取上岛兑0元好物,逛农场免费领水果,出海寻宝领100元红包任务奖励失败，任务已领奖
完成任务：共领取6620电力
成功投入电力9600电力
打工电力：收取成功

团活动ID  T_zZaWP6by9yA1wehxM4mg==
团ID  QOzWLmKWGna3YmcbZlg6Yg==

今日剩余开团次数：3次

开团情况:2/6


此团未达领取团奖励人数：6人

7/1/2021, 8:55:42 PM参加团主【hVdButlHZykF-_RZaC6F1w==】失败
7/1/2021, 8:54:51 PM参加团主【jLuj5y4OynbjOLDt2boGNg==】失败

  商品名     兑换状态
不锈钢多用盆    已兑换

【京东账号2】Ycp_Dream
【生产商品】平板拖把
【当前等级】金牌学徒 3
【生产进度】94.75%
【招工进度】0/10
【收取发电站】收取成功，获得 720 电力
【每日任务】领奖成功，共计 6620 电力
【投入电力】投入成功，共计 9600 电力
【打工电力】：收取成功
【收取自己零件】获得0电力
【收取好友零件】获得0电力


******开始【京东账号3】jd_585601a83bd48*********

【提示】京东账号3[jd_585601a83bd48]京喜工厂活动未开始
请手动去京东APP->游戏与互动->查看更多->京喜工厂 开启活动



你今日还能帮好友打工（3/3）次


【今日招工进度】0/8
由于您第3个京东账号未提供shareCode,将采纳本脚本自带的助力码

开始
第3个京东账号将要助力的好友["-OvElMzqeyeGBWazWYjI1Q=="]
助力朋友[-OvElMzqeyeGBWazWYjI1Q==]失败：好友存储电力已达上限,暂不可打工哦~

******开始【京东账号4】jd_157332ewky*********

【提示】京东账号4[jd_157332ewky]京喜工厂活动未开始
请手动去京东APP->游戏与互动->查看更多->京喜工厂 开启活动



你今日还能帮好友打工（3/3）次


【今日招工进度】0/8
由于您第4个京东账号未提供shareCode,将采纳本脚本自带的助力码

开始
第4个京东账号将要助力的好友["GFwo6PntxDHH95ZRzZ5uAg=="]
助力朋友[GFwo6PntxDHH95ZRzZ5uAg==]失败：亲,好友的工厂的工人已经满员了,不能去好友工厂打工啦!

******开始【京东账号5】jd_157332zdf*********

【提示】京东账号5[jd_157332zdf]京喜工厂未选购商品
请手动去京东APP->游戏与互动->查看更多->京喜工厂 选购



你今日还能帮好友打工（3/3）次


【今日招工进度】0/8
由于您第5个京东账号未提供shareCode,将采纳本脚本自带的助力码

开始
第5个京东账号将要助力的好友["GFwo6PntxDHH95ZRzZ5uAg=="]
"Timeout awaiting 'request' for 10000ms"
京喜工厂 API请求失败，请检查网路重试
助力朋友[GFwo6PntxDHH95ZRzZ5uAg==]失败：亲,好友的工厂的工人已经满员了,不能去好友工厂打工啦!
"Timeout awaiting 'request' for 10000ms"
京喜工厂 API请求失败，请检查网路重试

账号15631692383_p 内部相互进团


15631692383_p 去参加团 XBeempAtMG4dTRb1NaPxEQ==
参团失败：{"msg":"您已成功参团","nowTime":1625187308,"ret":10208}


15631692383_p 去参加团 QOzWLmKWGna3YmcbZlg6Yg==
参团失败：{"msg":"您已成功参团","nowTime":1625187309,"ret":10208}

"Timeout awaiting 'request' for 10000ms"
京喜工厂 API请求失败，请检查网路重试

账号15631692383_p 参加作者lxk0301的团 【xggu_P2ykpXMWgMj6GXivg==】
参团失败：{"msg":"您已成团","nowTime":1625187339,"ret":10209}


账号15631692383_p 参加作者lxk0301的团 【FgDCeS15wyLqd6WhuSQgqA==】
参团失败：{"msg":"您已成团","nowTime":1625187340,"ret":10209}


账号15631692383_p 参加作者lxk0301的团 【medxM5IjZ5cfPn25PS4xlA==】
参团失败：{"msg":"您已成团","nowTime":1625187341,"ret":10209}


账号15631692383_p 参加作者lxk0301的团 【Y-Vix_TRk5CSr5pPtslTEg==】
参团失败：{"msg":"您已成团","nowTime":1625187342,"ret":10209}


账号15631692383_p 参加作者lxk0301的团 【4kM4vbKizDabmrFpaZxzqQ==】
参团失败：{"msg":"您已成团","nowTime":1625187344,"ret":10209}


账号15631692383_p 参加作者lxk0301的团 【ozm4B6kmm9pSmu3hTTi6ww==】
参团失败：{"msg":"您已成团","nowTime":1625187345,"ret":10209}


账号15631692383_p 参加作者lxk0301的团 【u6HyQbHhFS4juQaY0OgKbA==】
参团失败：{"msg":"您已成团","nowTime":1625187346,"ret":10209}


账号15631692383_p 参加作者lxk0301的团 【CtKnjcMUelHBuyZ97HvzQA==】
参团失败：{"msg":"您已成团","nowTime":1625187347,"ret":10209}


账号15631692383_p 参加作者lxk0301的团 【oHc7ChcDzGJjJxyXgAatxg==】
参团失败：{"msg":"您已成团","nowTime":1625187348,"ret":10209}


账号15631692383_p 参加作者lxk0301的团 【0YpdMv4vdhTkP77Zl9zrdg==】
参团失败：{"msg":"您已成团","nowTime":1625187350,"ret":10209}


账号15631692383_p 参加作者lxk0301的团 【kwlpzmmjiCPZYwsFldQrUQ==】
参团失败：{"msg":"您已成团","nowTime":1625187351,"ret":10209}


账号15631692383_p 参加作者lxk0301的团 【pkgxdW-y7Zxva01M8GqQWw==】
参团失败：{"msg":"您已成团","nowTime":1625187352,"ret":10209}


账号15631692383_p 参加作者lxk0301的团 【3XIjiv1IxL_e53nQgQYPGQ==】
参团失败：{"msg":"您已成团","nowTime":1625187353,"ret":10209}


账号15631692383_p 参加作者lxk0301的团 【y4XgbU94WSPSRa7LxD4UUA==】
参团失败：{"msg":"您已成团","nowTime":1625187355,"ret":10209}


账号15631692383_p 参加作者lxk0301的团 【jmY1ooauhZ5XmoSnqrNRZg==】
参团失败：{"msg":"您已成团","nowTime":1625187356,"ret":10209}


账号15631692383_p 参加作者lxk0301的团 【Ps17fODoY7p0aRffsQsO3Q==】
参团失败：{"msg":"您已成团","nowTime":1625187357,"ret":10209}


账号15631692383_p 参加作者lxk0301的团 【ysf-o9i8Xt1lQx0n0V2T6w==】
参团失败：{"msg":"您已成团","nowTime":1625187358,"ret":10209}


账号15631692383_p 参加作者lxk0301的团 【jFoWrHUsXWdMzMPGkrenXQ==】
参团失败：{"msg":"您已成团","nowTime":1625187360,"ret":10209}


账号15631692383_p 参加作者lxk0301的团 【cCwDTNPj0if3NhMhAyX6Zw==】
参团失败：{"msg":"您已成团","nowTime":1625187361,"ret":10209}


账号15631692383_p 参加作者lxk0301的团 【XNyYiuhT2UKFzZxidqt22Q==】
参团失败：{"msg":"您已成团","nowTime":1625187362,"ret":10209}


账号jd_74a8d71c978d9 内部相互进团


jd_74a8d71c978d9 去参加团 XBeempAtMG4dTRb1NaPxEQ==
参团失败：{"msg":"您已成功参团","nowTime":1625187363,"ret":10208}


jd_74a8d71c978d9 去参加团 QOzWLmKWGna3YmcbZlg6Yg==
参团失败：{"msg":"您已成功参团","nowTime":1625187365,"ret":10208}


账号jd_74a8d71c978d9 参加作者lxk0301的团 【xggu_P2ykpXMWgMj6GXivg==】
参团失败：{"msg":"您已成团","nowTime":1625187386,"ret":10209}


账号jd_74a8d71c978d9 参加作者lxk0301的团 【FgDCeS15wyLqd6WhuSQgqA==】
参团失败：{"msg":"您已成团","nowTime":1625187387,"ret":10209}


账号jd_74a8d71c978d9 参加作者lxk0301的团 【medxM5IjZ5cfPn25PS4xlA==】
参团失败：{"msg":"您已成团","nowTime":1625187389,"ret":10209}


账号jd_74a8d71c978d9 参加作者lxk0301的团 【Y-Vix_TRk5CSr5pPtslTEg==】
参团失败：{"msg":"您已成团","nowTime":1625187390,"ret":10209}


账号jd_74a8d71c978d9 参加作者lxk0301的团 【4kM4vbKizDabmrFpaZxzqQ==】
参团失败：{"msg":"您已成团","nowTime":1625187391,"ret":10209}


账号jd_74a8d71c978d9 参加作者lxk0301的团 【ozm4B6kmm9pSmu3hTTi6ww==】
参团失败：{"msg":"您已成团","nowTime":1625187392,"ret":10209}


账号jd_74a8d71c978d9 参加作者lxk0301的团 【u6HyQbHhFS4juQaY0OgKbA==】
参团失败：{"msg":"您已成团","nowTime":1625187393,"ret":10209}


账号jd_74a8d71c978d9 参加作者lxk0301的团 【CtKnjcMUelHBuyZ97HvzQA==】
参团失败：{"msg":"您已成团","nowTime":1625187395,"ret":10209}


账号jd_74a8d71c978d9 参加作者lxk0301的团 【oHc7ChcDzGJjJxyXgAatxg==】
参团失败：{"msg":"您已成团","nowTime":1625187396,"ret":10209}


账号jd_74a8d71c978d9 参加作者lxk0301的团 【0YpdMv4vdhTkP77Zl9zrdg==】
参团失败：{"msg":"您已成团","nowTime":1625187397,"ret":10209}


账号jd_74a8d71c978d9 参加作者lxk0301的团 【kwlpzmmjiCPZYwsFldQrUQ==】
参团失败：{"msg":"您已成团","nowTime":1625187398,"ret":10209}


账号jd_74a8d71c978d9 参加作者lxk0301的团 【pkgxdW-y7Zxva01M8GqQWw==】
参团失败：{"msg":"您已成团","nowTime":1625187399,"ret":10209}


账号jd_74a8d71c978d9 参加作者lxk0301的团 【3XIjiv1IxL_e53nQgQYPGQ==】
参团失败：{"msg":"您已成团","nowTime":1625187401,"ret":10209}


账号jd_74a8d71c978d9 参加作者lxk0301的团 【y4XgbU94WSPSRa7LxD4UUA==】
参团失败：{"msg":"您已成团","nowTime":1625187402,"ret":10209}


账号jd_74a8d71c978d9 参加作者lxk0301的团 【jmY1ooauhZ5XmoSnqrNRZg==】
参团失败：{"msg":"您已成团","nowTime":1625187403,"ret":10209}


账号jd_74a8d71c978d9 参加作者lxk0301的团 【Ps17fODoY7p0aRffsQsO3Q==】
参团失败：{"msg":"您已成团","nowTime":1625187404,"ret":10209}


账号jd_74a8d71c978d9 参加作者lxk0301的团 【ysf-o9i8Xt1lQx0n0V2T6w==】
参团失败：{"msg":"您已成团","nowTime":1625187405,"ret":10209}


账号jd_74a8d71c978d9 参加作者lxk0301的团 【jFoWrHUsXWdMzMPGkrenXQ==】
参团失败：{"msg":"您已成团","nowTime":1625187406,"ret":10209}


账号jd_74a8d71c978d9 参加作者lxk0301的团 【cCwDTNPj0if3NhMhAyX6Zw==】
参团失败：{"msg":"您已成团","nowTime":1625187408,"ret":10209}


账号jd_74a8d71c978d9 参加作者lxk0301的团 【XNyYiuhT2UKFzZxidqt22Q==】
参团失败：{"msg":"您已成团","nowTime":1625187409,"ret":10209}


账号chao4596758 内部相互进团


chao4596758 去参加团 XBeempAtMG4dTRb1NaPxEQ==
参团失败：{"msg":"您已成功参团","nowTime":1625187410,"ret":10208}


chao4596758 去参加团 QOzWLmKWGna3YmcbZlg6Yg==
参团失败：{"msg":"该团已结束,您可以参加其它的团~","nowTime":1625187411,"ret":10216}


账号chao4596758 参加作者lxk0301的团 【xggu_P2ykpXMWgMj6GXivg==】
参团失败：{"msg":"您已成团","nowTime":1625187433,"ret":10209}


账号chao4596758 参加作者lxk0301的团 【FgDCeS15wyLqd6WhuSQgqA==】
参团失败：{"msg":"您已成团","nowTime":1625187434,"ret":10209}


账号chao4596758 参加作者lxk0301的团 【medxM5IjZ5cfPn25PS4xlA==】
参团失败：{"msg":"您已成团","nowTime":1625187436,"ret":10209}


账号chao4596758 参加作者lxk0301的团 【Y-Vix_TRk5CSr5pPtslTEg==】
参团失败：{"msg":"您已成团","nowTime":1625187437,"ret":10209}


账号chao4596758 参加作者lxk0301的团 【4kM4vbKizDabmrFpaZxzqQ==】
参团失败：{"msg":"您已成团","nowTime":1625187438,"ret":10209}


账号chao4596758 参加作者lxk0301的团 【ozm4B6kmm9pSmu3hTTi6ww==】
参团失败：{"msg":"您已成团","nowTime":1625187439,"ret":10209}


账号chao4596758 参加作者lxk0301的团 【u6HyQbHhFS4juQaY0OgKbA==】
参团失败：{"msg":"您已成团","nowTime":1625187440,"ret":10209}


账号chao4596758 参加作者lxk0301的团 【CtKnjcMUelHBuyZ97HvzQA==】
参团失败：{"msg":"您已成团","nowTime":1625187442,"ret":10209}


账号chao4596758 参加作者lxk0301的团 【oHc7ChcDzGJjJxyXgAatxg==】
参团失败：{"msg":"您已成团","nowTime":1625187443,"ret":10209}


账号chao4596758 参加作者lxk0301的团 【0YpdMv4vdhTkP77Zl9zrdg==】
参团失败：{"msg":"您已成团","nowTime":1625187444,"ret":10209}


账号chao4596758 参加作者lxk0301的团 【kwlpzmmjiCPZYwsFldQrUQ==】
参团失败：{"msg":"您已成团","nowTime":1625187445,"ret":10209}


账号chao4596758 参加作者lxk0301的团 【pkgxdW-y7Zxva01M8GqQWw==】
参团失败：{"msg":"您已成团","nowTime":1625187446,"ret":10209}


账号chao4596758 参加作者lxk0301的团 【3XIjiv1IxL_e53nQgQYPGQ==】
参团失败：{"msg":"您已成团","nowTime":1625187447,"ret":10209}


账号chao4596758 参加作者lxk0301的团 【y4XgbU94WSPSRa7LxD4UUA==】
参团失败：{"msg":"您已成团","nowTime":1625187449,"ret":10209}


账号chao4596758 参加作者lxk0301的团 【jmY1ooauhZ5XmoSnqrNRZg==】
参团失败：{"msg":"您已成团","nowTime":1625187450,"ret":10209}


账号chao4596758 参加作者lxk0301的团 【Ps17fODoY7p0aRffsQsO3Q==】
参团失败：{"msg":"您已成团","nowTime":1625187451,"ret":10209}


账号chao4596758 参加作者lxk0301的团 【ysf-o9i8Xt1lQx0n0V2T6w==】
参团失败：{"msg":"您已成团","nowTime":1625187452,"ret":10209}


账号chao4596758 参加作者lxk0301的团 【jFoWrHUsXWdMzMPGkrenXQ==】
参团失败：{"msg":"您已成团","nowTime":1625187454,"ret":10209}


账号chao4596758 参加作者lxk0301的团 【cCwDTNPj0if3NhMhAyX6Zw==】
参团失败：{"msg":"您已成团","nowTime":1625187455,"ret":10209}


账号chao4596758 参加作者lxk0301的团 【XNyYiuhT2UKFzZxidqt22Q==】
参团失败：{"msg":"您已成团","nowTime":1625187456,"ret":10209}


账号jd_46df9eaa780aa 内部相互进团


jd_46df9eaa780aa 去参加团 XBeempAtMG4dTRb1NaPxEQ==
参团失败：{"msg":"您已成功参团","nowTime":1625187457,"ret":10208}


jd_46df9eaa780aa 去参加团 QOzWLmKWGna3YmcbZlg6Yg==
参团失败：{"msg":"该团已结束,您可以参加其它的团~","nowTime":1625187459,"ret":10216}


账号jd_46df9eaa780aa 参加作者lxk0301的团 【xggu_P2ykpXMWgMj6GXivg==】
参团失败：{"msg":"您已成团","nowTime":1625187481,"ret":10209}


账号jd_46df9eaa780aa 参加作者lxk0301的团 【FgDCeS15wyLqd6WhuSQgqA==】
参团失败：{"msg":"您已成团","nowTime":1625187482,"ret":10209}


账号jd_46df9eaa780aa 参加作者lxk0301的团 【medxM5IjZ5cfPn25PS4xlA==】
参团失败：{"msg":"您已成团","nowTime":1625187484,"ret":10209}


账号jd_46df9eaa780aa 参加作者lxk0301的团 【Y-Vix_TRk5CSr5pPtslTEg==】
参团失败：{"msg":"您已成团","nowTime":1625187486,"ret":10209}


账号jd_46df9eaa780aa 参加作者lxk0301的团 【4kM4vbKizDabmrFpaZxzqQ==】
参团失败：{"msg":"您已成团","nowTime":1625187494,"ret":10209}


账号jd_46df9eaa780aa 参加作者lxk0301的团 【ozm4B6kmm9pSmu3hTTi6ww==】
参团失败：{"msg":"您已成团","nowTime":1625187497,"ret":10209}


账号jd_46df9eaa780aa 参加作者lxk0301的团 【u6HyQbHhFS4juQaY0OgKbA==】
参团失败：{"msg":"您已成团","nowTime":1625187498,"ret":10209}


账号jd_46df9eaa780aa 参加作者lxk0301的团 【CtKnjcMUelHBuyZ97HvzQA==】
参团失败：{"msg":"您已成团","nowTime":1625187499,"ret":10209}


账号jd_46df9eaa780aa 参加作者lxk0301的团 【oHc7ChcDzGJjJxyXgAatxg==】
参团失败：{"msg":"您已成团","nowTime":1625187501,"ret":10209}


账号jd_46df9eaa780aa 参加作者lxk0301的团 【0YpdMv4vdhTkP77Zl9zrdg==】
参团失败：{"msg":"您已成团","nowTime":1625187502,"ret":10209}


账号jd_46df9eaa780aa 参加作者lxk0301的团 【kwlpzmmjiCPZYwsFldQrUQ==】
参团失败：{"msg":"您已成团","nowTime":1625187503,"ret":10209}


账号jd_46df9eaa780aa 参加作者lxk0301的团 【pkgxdW-y7Zxva01M8GqQWw==】
参团失败：{"msg":"您已成团","nowTime":1625187504,"ret":10209}


账号jd_46df9eaa780aa 参加作者lxk0301的团 【3XIjiv1IxL_e53nQgQYPGQ==】
参团失败：{"msg":"您已成团","nowTime":1625187505,"ret":10209}


账号jd_46df9eaa780aa 参加作者lxk0301的团 【y4XgbU94WSPSRa7LxD4UUA==】
参团失败：{"msg":"您已成团","nowTime":1625187506,"ret":10209}


账号jd_46df9eaa780aa 参加作者lxk0301的团 【jmY1ooauhZ5XmoSnqrNRZg==】
参团失败：{"msg":"您已成团","nowTime":1625187508,"ret":10209}


账号jd_46df9eaa780aa 参加作者lxk0301的团 【Ps17fODoY7p0aRffsQsO3Q==】
参团失败：{"msg":"您已成团","nowTime":1625187509,"ret":10209}


账号jd_46df9eaa780aa 参加作者lxk0301的团 【ysf-o9i8Xt1lQx0n0V2T6w==】
参团失败：{"msg":"您已成团","nowTime":1625187511,"ret":10209}


账号jd_46df9eaa780aa 参加作者lxk0301的团 【jFoWrHUsXWdMzMPGkrenXQ==】
参团失败：{"msg":"您已成团","nowTime":1625187512,"ret":10209}


账号jd_46df9eaa780aa 参加作者lxk0301的团 【cCwDTNPj0if3NhMhAyX6Zw==】
参团失败：{"msg":"您已成团","nowTime":1625187514,"ret":10209}


账号jd_46df9eaa780aa 参加作者lxk0301的团 【XNyYiuhT2UKFzZxidqt22Q==】
参团失败：{"msg":"您已成团","nowTime":1625187515,"ret":10209}


账号jd_67f63c904d8c6 内部相互进团


jd_67f63c904d8c6 去参加团 XBeempAtMG4dTRb1NaPxEQ==
参团失败：{"msg":"您已成功参团","nowTime":1625187516,"ret":10208}


jd_67f63c904d8c6 去参加团 QOzWLmKWGna3YmcbZlg6Yg==
参团失败：{"msg":"该团已结束,您可以参加其它的团~","nowTime":1625187517,"ret":10216}


账号jd_67f63c904d8c6 参加作者lxk0301的团 【xggu_P2ykpXMWgMj6GXivg==】
参团失败：{"msg":"您已成团","nowTime":1625187539,"ret":10209}


账号jd_67f63c904d8c6 参加作者lxk0301的团 【FgDCeS15wyLqd6WhuSQgqA==】
参团失败：{"msg":"您已成团","nowTime":1625187540,"ret":10209}


账号jd_67f63c904d8c6 参加作者lxk0301的团 【medxM5IjZ5cfPn25PS4xlA==】
参团失败：{"msg":"您已成团","nowTime":1625187542,"ret":10209}


账号jd_67f63c904d8c6 参加作者lxk0301的团 【Y-Vix_TRk5CSr5pPtslTEg==】
参团失败：{"msg":"您已成团","nowTime":1625187543,"ret":10209}


账号jd_67f63c904d8c6 参加作者lxk0301的团 【4kM4vbKizDabmrFpaZxzqQ==】
参团失败：{"msg":"您已成团","nowTime":1625187544,"ret":10209}


账号jd_67f63c904d8c6 参加作者lxk0301的团 【ozm4B6kmm9pSmu3hTTi6ww==】
参团失败：{"msg":"您已成团","nowTime":1625187545,"ret":10209}


账号jd_67f63c904d8c6 参加作者lxk0301的团 【u6HyQbHhFS4juQaY0OgKbA==】
参团失败：{"msg":"您已成团","nowTime":1625187546,"ret":10209}


账号jd_67f63c904d8c6 参加作者lxk0301的团 【CtKnjcMUelHBuyZ97HvzQA==】
参团失败：{"msg":"您已成团","nowTime":1625187548,"ret":10209}


账号jd_67f63c904d8c6 参加作者lxk0301的团 【oHc7ChcDzGJjJxyXgAatxg==】
参团失败：{"msg":"您已成团","nowTime":1625187549,"ret":10209}


账号jd_67f63c904d8c6 参加作者lxk0301的团 【0YpdMv4vdhTkP77Zl9zrdg==】
参团失败：{"msg":"您已成团","nowTime":1625187550,"ret":10209}


账号jd_67f63c904d8c6 参加作者lxk0301的团 【kwlpzmmjiCPZYwsFldQrUQ==】
参团失败：{"msg":"您已成团","nowTime":1625187551,"ret":10209}


账号jd_67f63c904d8c6 参加作者lxk0301的团 【pkgxdW-y7Zxva01M8GqQWw==】
参团失败：{"msg":"您已成团","nowTime":1625187552,"ret":10209}


账号jd_67f63c904d8c6 参加作者lxk0301的团 【3XIjiv1IxL_e53nQgQYPGQ==】
参团失败：{"msg":"您已成团","nowTime":1625187554,"ret":10209}


账号jd_67f63c904d8c6 参加作者lxk0301的团 【y4XgbU94WSPSRa7LxD4UUA==】
参团失败：{"msg":"您已成团","nowTime":1625187555,"ret":10209}


账号jd_67f63c904d8c6 参加作者lxk0301的团 【jmY1ooauhZ5XmoSnqrNRZg==】
参团失败：{"msg":"您已成团","nowTime":1625187556,"ret":10209}


账号jd_67f63c904d8c6 参加作者lxk0301的团 【Ps17fODoY7p0aRffsQsO3Q==】
参团失败：{"msg":"您已成团","nowTime":1625187557,"ret":10209}


账号jd_67f63c904d8c6 参加作者lxk0301的团 【ysf-o9i8Xt1lQx0n0V2T6w==】
参团失败：{"msg":"您已成团","nowTime":1625187558,"ret":10209}


账号jd_67f63c904d8c6 参加作者lxk0301的团 【jFoWrHUsXWdMzMPGkrenXQ==】
参团失败：{"msg":"您已成团","nowTime":1625187559,"ret":10209}


账号jd_67f63c904d8c6 参加作者lxk0301的团 【cCwDTNPj0if3NhMhAyX6Zw==】
参团失败：{"msg":"您已成团","nowTime":1625187561,"ret":10209}


账号jd_67f63c904d8c6 参加作者lxk0301的团 【XNyYiuhT2UKFzZxidqt22Q==】
参团失败：{"msg":"您已成团","nowTime":1625187562,"ret":10209}


🔔京喜工厂, 结束! 🕛 374.299 秒

