
🔔京喜工厂, 开始!

====================共5个京东账号Cookie=========

==================脚本执行- 北京时间(UTC+8)：7/2/2021, 1:54:54 PM=====================

获取签名参数成功！
fp: 1217395085799162
token: tk01w6e9e1a0aa8nQ3FtMHVMT2dJQr9eWX+QpLwscOl953Ld68214LtYz34Vu17b8oBUUaaTVw0nM/FMF66EGjIPZ+BA
enCryptMethodJD: function test(token,fingerprint,timestamp,appId,algo){const random='o0fdlym/8k2q';const str=`${token}${fingerprint}${timestamp}${appId}${random}`;return algo.SHA512(str)}
拼团活动ID: 获取成功 T_zZaWP6by9yA1wehxM4mg==

开始获取京喜工厂配置文件

您的互助码选择的是用&隔开

共5个京东账号

您提供了0个账号的京喜工厂助力码


******开始【京东账号1】15631692383_p*********

再加1.18%电力可开红包

当前电力：41
当前等级：8

【京东账号1（15631692383_p）的京喜工厂好友互助码】jLuj5y4OynbjOLDt2boGNg==
已投入电力：206800
所需电力：1730000
生产进度：11.95%


预计最快还需 【8.81天】生产完毕




你今日还能帮好友打工（0/3）次


【今日招工进度】0/14

今日助力好友机会已耗尽

发电机：当前 26 电力，最大值 510 电力

本次发电机电力集满分享后不可获得双倍电力，故现在收取电力

收取电力成功: 共26 
完成任务：共领取26电力
投入失败，电力不足，快去做任务吧~

团活动ID  T_zZaWP6by9yA1wehxM4mg==
团ID  MZRfagjg1F6XgUEI70Dp3Q==

今日剩余开团次数：2次

开团情况:5/6


此团未达领取团奖励人数：6人

7/2/2021, 9:20:28 AM参加团主【hVdButlHZykF-_RZaC6F1w==】失败
7/2/2021, 9:20:10 AM参加团主【jLuj5y4OynbjOLDt2boGNg==】失败
7/1/2021, 8:55:42 PM参加团主【hVdButlHZykF-_RZaC6F1w==】失败
7/1/2021, 8:54:51 PM参加团主【jLuj5y4OynbjOLDt2boGNg==】失败

  商品名     兑换状态
平板拖把    已兑换
芒果干    已兑换
芋泥酥6枚    已兑换
冰箱除味剂4盒    已兑换
统一干脆面    兑换超时

【京东账号1】15631692383_p
【生产商品】飘柔护发素
【当前等级】研究员 8
【生产进度】11.95%
【招工进度】0/14
【收取发电站】收取成功，获得 26 电力
【每日任务】领奖成功，共计 26 电力
【投入电力】投入失败，电力不足，快去做任务吧~
【收取自己零件】获得0电力
【收取好友零件】获得0电力


******开始【京东账号2】Ycp_Dream*********

再加0.14%电力可开红包

当前电力：70
当前等级：3

【京东账号2（jd_74a8d71c978d9）的京喜工厂好友互助码】hVdButlHZykF-_RZaC6F1w==
已投入电力：9074000
所需电力：9560000
生产进度：94.92%


预计最快还需 【2.81天】生产完毕




你今日还能帮好友打工（3/3）次


【今日招工进度】0/10
由于您第2个京东账号未提供shareCode,将采纳本脚本自带的助力码

开始
第2个京东账号将要助力的好友["gB99tYLjvPcEFloDgamoBw==","7dluIKQMp0bySgcr8AqFgw=="]
助力朋友[gB99tYLjvPcEFloDgamoBw==]失败：好友存储电力已达上限,暂不可打工哦~
助力朋友[7dluIKQMp0bySgcr8AqFgw==]失败：亲,好友的工厂的工人已经满员了,不能去好友工厂打工啦!
发电机：当前 360 电力，最大值 360 电力
发电机：电力可翻倍并收获
收取电力成功: 共720 
完成任务：共领取720电力
成功投入电力700电力

团活动ID  T_zZaWP6by9yA1wehxM4mg==
团ID  ibroxAnKUPosrYwGeX7Yew==

今日剩余开团次数：2次

开团情况:2/6


此团未达领取团奖励人数：6人

7/2/2021, 9:20:28 AM参加团主【hVdButlHZykF-_RZaC6F1w==】失败
7/2/2021, 9:20:10 AM参加团主【jLuj5y4OynbjOLDt2boGNg==】失败
7/1/2021, 8:55:42 PM参加团主【hVdButlHZykF-_RZaC6F1w==】失败
7/1/2021, 8:54:51 PM参加团主【jLuj5y4OynbjOLDt2boGNg==】失败

  商品名     兑换状态
不锈钢多用盆    已兑换

【京东账号2】Ycp_Dream
【生产商品】平板拖把
【当前等级】金牌学徒 3
【生产进度】94.92%
【招工进度】0/10
【收取发电站】收取成功，获得 720 电力
【每日任务】领奖成功，共计 720 电力
【投入电力】投入成功，共计 700 电力
【收取自己零件】获得0电力
【收取好友零件】获得0电力


******开始【京东账号3】jd_585601a83bd48*********

【提示】京东账号3[jd_585601a83bd48]京喜工厂活动未开始
请手动去京东APP->游戏与互动->查看更多->京喜工厂 开启活动



你今日还能帮好友打工（3/3）次


【今日招工进度】0/8
由于您第3个京东账号未提供shareCode,将采纳本脚本自带的助力码

开始
第3个京东账号将要助力的好友["-OvElMzqeyeGBWazWYjI1Q=="]
助力朋友[-OvElMzqeyeGBWazWYjI1Q==]失败：好友存储电力已达上限,暂不可打工哦~
"Timeout awaiting 'request' for 10000ms"
京喜工厂 API请求失败，请检查网路重试

******开始【京东账号4】jd_157332ewky*********

【提示】京东账号4[jd_157332ewky]京喜工厂活动未开始
请手动去京东APP->游戏与互动->查看更多->京喜工厂 开启活动



你今日还能帮好友打工（3/3）次


【今日招工进度】0/8
由于您第4个京东账号未提供shareCode,将采纳本脚本自带的助力码

开始
第4个京东账号将要助力的好友["GFwo6PntxDHH95ZRzZ5uAg=="]
助力朋友[GFwo6PntxDHH95ZRzZ5uAg==]失败：亲,好友的工厂的工人已经满员了,不能去好友工厂打工啦!

******开始【京东账号5】jd_67f63c904d8c6*********

"Timeout awaiting 'request' for 10000ms"
京喜工厂 API请求失败，请检查网路重试
【提示】京东账号5[jd_67f63c904d8c6]京喜工厂未选购商品
请手动去京东APP->游戏与互动->查看更多->京喜工厂 选购



你今日还能帮好友打工（3/3）次


【今日招工进度】0/8
由于您第5个京东账号未提供shareCode,将采纳本脚本自带的助力码

开始
第5个京东账号将要助力的好友["GFwo6PntxDHH95ZRzZ5uAg=="]
助力朋友[GFwo6PntxDHH95ZRzZ5uAg==]失败：亲,好友的工厂的工人已经满员了,不能去好友工厂打工啦!

账号15631692383_p 内部相互进团


15631692383_p 去参加团 MZRfagjg1F6XgUEI70Dp3Q==
参团失败：{"msg":"您已成功参团","nowTime":1625205378,"ret":10208}


15631692383_p 去参加团 ibroxAnKUPosrYwGeX7Yew==
"Timeout awaiting 'request' for 10000ms"
京喜工厂 API请求失败，请检查网路重试
参团失败：{"msg":"您已成功参团","nowTime":1625205384,"ret":10208}

"Timeout awaiting 'request' for 10000ms"
京喜工厂 API请求失败，请检查网路重试

账号15631692383_p 参加作者lxk0301的团 【6TnFrwubHJBClAJf0NSlhQ==】
参团失败：{"msg":"您已成团","nowTime":1625205417,"ret":10209}


账号15631692383_p 参加作者lxk0301的团 【tZqhx3wbdAeH_s-I1M82yQ==】
参团失败：{"msg":"您已成团","nowTime":1625205418,"ret":10209}


账号15631692383_p 参加作者lxk0301的团 【aCjS3DXkEPJNJOymFMCWKA==】
参团失败：{"msg":"您已成团","nowTime":1625205420,"ret":10209}


账号15631692383_p 参加作者lxk0301的团 【WtVUpAOarBUwbc4sg3qxSQ==】
参团失败：{"msg":"您已成团","nowTime":1625205421,"ret":10209}


账号15631692383_p 参加作者lxk0301的团 【SaCFzZfm_D7CWwpDI8szPg==】
参团失败：{"msg":"您已成团","nowTime":1625205422,"ret":10209}


账号15631692383_p 参加作者lxk0301的团 【U5rLBF1LxFnA22nYpMVe6Q==】
参团失败：{"msg":"您已成团","nowTime":1625205423,"ret":10209}


账号15631692383_p 参加作者lxk0301的团 【RAKCnViZrv8UzJPCBhKsmA==】
参团失败：{"msg":"您已成团","nowTime":1625205424,"ret":10209}


账号15631692383_p 参加作者lxk0301的团 【KVaE_nRvJFXN75jSvl3PoQ==】
参团失败：{"msg":"您已成团","nowTime":1625205426,"ret":10209}


账号15631692383_p 参加作者lxk0301的团 【KOZlHZOMuQy_kMYzPoYlVQ==】
参团失败：{"msg":"您已成团","nowTime":1625205427,"ret":10209}


账号15631692383_p 参加作者lxk0301的团 【RqEcxX03Lor78YiuadXlkg==】
参团失败：{"msg":"您已成团","nowTime":1625205428,"ret":10209}


账号15631692383_p 参加作者lxk0301的团 【-M3_hrXEYCQoYtkiFKxnvg==】
参团失败：{"msg":"您已成团","nowTime":1625205434,"ret":10209}


账号15631692383_p 参加作者lxk0301的团 【TEyIBLowJTxCibYKFcAhXg==】
参团失败：{"msg":"您已成团","nowTime":1625205440,"ret":10209}


账号15631692383_p 参加作者lxk0301的团 【D-3C4TU_XvTfZImoHBhN4w==】
参团失败：{"msg":"您已成团","nowTime":1625205442,"ret":10209}


账号15631692383_p 参加作者lxk0301的团 【bC9DOxzB8qp47LsrjQsV6w==】
参团失败：{"msg":"您已成团","nowTime":1625205443,"ret":10209}


账号15631692383_p 参加作者lxk0301的团 【ezCvpQnISFUH7dThE1hkKg==】
参团失败：{"msg":"您已成团","nowTime":1625205444,"ret":10209}


账号15631692383_p 参加作者lxk0301的团 【pZLFNUnHJ7WLcsjP6iiBzA==】
参团失败：{"msg":"您已成团","nowTime":1625205445,"ret":10209}


账号15631692383_p 参加作者lxk0301的团 【LwaDlMgUl6ARiaHBKII2dA==】
参团失败：{"msg":"您已成团","nowTime":1625205446,"ret":10209}


账号15631692383_p 参加作者lxk0301的团 【8OUc711f-zQsFDn3VWJ66w==】
参团失败：{"msg":"您已成团","nowTime":1625205448,"ret":10209}


账号15631692383_p 参加作者lxk0301的团 【kc0i9bz-a2odQboT2Hn4tw==】
参团失败：{"msg":"您已成团","nowTime":1625205449,"ret":10209}


账号jd_74a8d71c978d9 内部相互进团


jd_74a8d71c978d9 去参加团 MZRfagjg1F6XgUEI70Dp3Q==
参团失败：{"msg":"您已成功参团","nowTime":1625205450,"ret":10208}


jd_74a8d71c978d9 去参加团 ibroxAnKUPosrYwGeX7Yew==
参团失败：{"msg":"您已成功参团","nowTime":1625205451,"ret":10208}


账号jd_74a8d71c978d9 参加作者lxk0301的团 【6TnFrwubHJBClAJf0NSlhQ==】
参团失败：{"msg":"您已成团","nowTime":1625205474,"ret":10209}


账号jd_74a8d71c978d9 参加作者lxk0301的团 【tZqhx3wbdAeH_s-I1M82yQ==】
参团失败：{"msg":"您已成团","nowTime":1625205475,"ret":10209}


账号jd_74a8d71c978d9 参加作者lxk0301的团 【aCjS3DXkEPJNJOymFMCWKA==】
参团失败：{"msg":"您已成团","nowTime":1625205476,"ret":10209}


账号jd_74a8d71c978d9 参加作者lxk0301的团 【WtVUpAOarBUwbc4sg3qxSQ==】
参团失败：{"msg":"您已成团","nowTime":1625205478,"ret":10209}


账号jd_74a8d71c978d9 参加作者lxk0301的团 【SaCFzZfm_D7CWwpDI8szPg==】
参团失败：{"msg":"您已成团","nowTime":1625205479,"ret":10209}


账号jd_74a8d71c978d9 参加作者lxk0301的团 【U5rLBF1LxFnA22nYpMVe6Q==】
参团失败：{"msg":"您已成团","nowTime":1625205480,"ret":10209}


账号jd_74a8d71c978d9 参加作者lxk0301的团 【RAKCnViZrv8UzJPCBhKsmA==】
参团失败：{"msg":"您已成团","nowTime":1625205481,"ret":10209}


账号jd_74a8d71c978d9 参加作者lxk0301的团 【KVaE_nRvJFXN75jSvl3PoQ==】
参团失败：{"msg":"您已成团","nowTime":1625205482,"ret":10209}


账号jd_74a8d71c978d9 参加作者lxk0301的团 【KOZlHZOMuQy_kMYzPoYlVQ==】
参团失败：{"msg":"您已成团","nowTime":1625205484,"ret":10209}


账号jd_74a8d71c978d9 参加作者lxk0301的团 【RqEcxX03Lor78YiuadXlkg==】
参团失败：{"msg":"您已成团","nowTime":1625205485,"ret":10209}


账号jd_74a8d71c978d9 参加作者lxk0301的团 【-M3_hrXEYCQoYtkiFKxnvg==】
参团失败：{"msg":"您已成团","nowTime":1625205486,"ret":10209}


账号jd_74a8d71c978d9 参加作者lxk0301的团 【TEyIBLowJTxCibYKFcAhXg==】
参团失败：{"msg":"您已成团","nowTime":1625205487,"ret":10209}


账号jd_74a8d71c978d9 参加作者lxk0301的团 【D-3C4TU_XvTfZImoHBhN4w==】
参团失败：{"msg":"您已成团","nowTime":1625205488,"ret":10209}


账号jd_74a8d71c978d9 参加作者lxk0301的团 【bC9DOxzB8qp47LsrjQsV6w==】
参团失败：{"msg":"您已成团","nowTime":1625205489,"ret":10209}


账号jd_74a8d71c978d9 参加作者lxk0301的团 【ezCvpQnISFUH7dThE1hkKg==】
参团失败：{"msg":"您已成团","nowTime":1625205491,"ret":10209}


账号jd_74a8d71c978d9 参加作者lxk0301的团 【pZLFNUnHJ7WLcsjP6iiBzA==】
参团失败：{"msg":"您已成团","nowTime":1625205492,"ret":10209}


账号jd_74a8d71c978d9 参加作者lxk0301的团 【LwaDlMgUl6ARiaHBKII2dA==】
参团失败：{"msg":"您已成团","nowTime":1625205493,"ret":10209}


账号jd_74a8d71c978d9 参加作者lxk0301的团 【8OUc711f-zQsFDn3VWJ66w==】
参团失败：{"msg":"您已成团","nowTime":1625205494,"ret":10209}


账号jd_74a8d71c978d9 参加作者lxk0301的团 【kc0i9bz-a2odQboT2Hn4tw==】
参团失败：{"msg":"您已成团","nowTime":1625205495,"ret":10209}


账号chao4596758 内部相互进团


chao4596758 去参加团 MZRfagjg1F6XgUEI70Dp3Q==
参团失败：{"msg":"您已成功参团","nowTime":1625205497,"ret":10208}


chao4596758 去参加团 ibroxAnKUPosrYwGeX7Yew==
参团失败：{"msg":"您今日的助力次数已用完,明天再来助力TA吧～","nowTime":1625205498,"ret":10206}


账号jd_46df9eaa780aa 内部相互进团


jd_46df9eaa780aa 去参加团 MZRfagjg1F6XgUEI70Dp3Q==
参团失败：{"msg":"您已成功参团","nowTime":1625205500,"ret":10208}


jd_46df9eaa780aa 去参加团 ibroxAnKUPosrYwGeX7Yew==
参团失败：{"msg":"您今日的助力次数已用完,明天再来助力TA吧～","nowTime":1625205501,"ret":10206}


账号jd_67f63c904d8c6 内部相互进团


jd_67f63c904d8c6 去参加团 MZRfagjg1F6XgUEI70Dp3Q==
参团失败：{"msg":"您已成功参团","nowTime":1625205502,"ret":10208}


jd_67f63c904d8c6 去参加团 ibroxAnKUPosrYwGeX7Yew==
参团失败：{"msg":"您今日的助力次数已用完,明天再来助力TA吧～","nowTime":1625205504,"ret":10206}


🔔京喜工厂, 结束! 🕛 211.021 秒

