
🔔京喜工厂, 开始!

====================共5个京东账号Cookie=========

==================脚本执行- 北京时间(UTC+8)：7/1/2021, 8:54:44 PM=====================

获取签名参数成功！
fp: 2879036178534162
token: tk01wd65e1cb8a8nbzdweWRNaGUz5Szweb+4MaHo4vB+xpS4sQ7zJeN4jhg0TLFHatoss9Ce8AhZxGlIJZQxgLaKTB8T
enCryptMethodJD: function test(token,fingerprint,timestamp,appId,algo){const random='hHvfmcvUjtws';const str=`${token}${fingerprint}${timestamp}${appId}${random}`;return algo.HmacMD5(str,token)}
拼团活动ID: 获取成功 T_zZaWP6by9yA1wehxM4mg==

开始获取京喜工厂配置文件

您的互助码选择的是用&隔开

共5个京东账号

您提供了0个账号的京喜工厂助力码


******开始【京东账号1】15631692383_p*********

再加0.99%电力可开红包

当前电力：15
当前等级：8

【京东账号1（15631692383_p）的京喜工厂好友互助码】jLuj5y4OynbjOLDt2boGNg==
已投入电力：183000
所需电力：1730000
生产进度：10.58%


预计最快还需 【8.95天】生产完毕




你今日还能帮好友打工（0/3）次


【今日招工进度】0/14

今日助力好友机会已耗尽

发电机：当前 24.3 电力，最大值 510 电力

本次发电机电力集满分享后不可获得双倍电力，故现在收取电力

收取电力成功: 共24 
完成任务：共领取24电力
投入失败，电力不足，快去做任务吧~

团活动ID  T_zZaWP6by9yA1wehxM4mg==
团ID  

今日剩余开团次数：3次
准备开团
【开团成功】tuanId为 XBeempAtMG4dTRb1NaPxEQ==
7/1/2021, 8:54:51 PM参加团主【jLuj5y4OynbjOLDt2boGNg==】失败

  商品名     兑换状态
平板拖把    已兑换
芒果干    已兑换
芋泥酥6枚    已兑换
冰箱除味剂4盒    已兑换
统一干脆面    兑换超时

【京东账号1】15631692383_p
【生产商品】飘柔护发素
【当前等级】研究员 8
【生产进度】10.58%
【招工进度】0/14
【收取发电站】收取成功，获得 24 电力
【每日任务】领奖成功，共计 24 电力
【投入电力】投入失败，电力不足，快去做任务吧~
【收取自己零件】获得0电力
【收取好友零件】获得0电力


******开始【京东账号2】Ycp_Dream*********

再加0.01%电力可开红包

当前电力：90
当前等级：3

【京东账号2（jd_74a8d71c978d9）的京喜工厂好友互助码】hVdButlHZykF-_RZaC6F1w==
已投入电力：9050300
所需电力：9560000
生产进度：94.67%


预计最快还需 【2.95天】生产完毕




你今日还能帮好友打工（3/3）次


【今日招工进度】0/10
由于您第2个京东账号未提供shareCode,将采纳本脚本自带的助力码

开始
第2个京东账号将要助力的好友["gB99tYLjvPcEFloDgamoBw==","7dluIKQMp0bySgcr8AqFgw=="]
助力朋友[gB99tYLjvPcEFloDgamoBw==]失败：好友存储电力已达上限,暂不可打工哦~
助力朋友[7dluIKQMp0bySgcr8AqFgw==]失败：亲,好友的工厂的工人已经满员了,不能去好友工厂打工啦!
发电机：当前 360 电力，最大值 360 电力
发电机：电力可翻倍并收获
收取电力成功: 共720 
去做任务：*限时*邀5人得2万电
做任务完成！
领取*限时*邀5人得2万电任务奖励成功，收获：100电力
去做任务：*限时*邀5人得2万电
DoTask异常：{"data":{"awardStatus":1,"completedTimes":1,"dateTypeExtra":"20210701","updateTime":1625144102,"userStatusConfigExtra":""},"msg":"亲,活动太火爆了,请稍后再试吧!","ret":1009}
领取*限时*邀5人得2万电任务奖励失败，任务已领奖
任务：每日开工打卡可完成
领取每日开工打卡任务奖励成功，收获：800电力
任务：累计开工天数可完成
领取累计开工天数任务奖励成功，收获：1000电力
去做任务：上集市做调研30s
做任务完成！
领取上集市做调研30s任务奖励成功，收获：300电力
去做任务：上集市做调研30s
DoTask异常：{"data":{"awardStatus":1,"completedTimes":1,"dateTypeExtra":"20210701","updateTime":1625144113,"userStatusConfigExtra":""},"msg":"亲,活动太火爆了,请稍后再试吧!","ret":1009}
领取上集市做调研30s任务奖励失败，任务已领奖
任务：登录APP领取奖励可完成
领取登录APP领取奖励任务奖励成功，收获：2500电力
去做任务：去签到，可领现金,每日签到领红包
做任务完成！
领取去签到，可领现金,每日签到领红包任务奖励成功，收获：100电力
去做任务：去签到，可领现金,每日签到领红包
做任务完成！
领取去签到，可领现金,每日签到领红包任务奖励成功，收获：100电力
去做任务：去签到，可领现金,每日签到领红包
DoTask异常：{"data":{"awardStatus":1,"completedTimes":2,"dateTypeExtra":"20210701","updateTime":1625144120,"userStatusConfigExtra":""},"msg":"亲,活动太火爆了,请稍后再试吧!","ret":1009}
领取去签到，可领现金,每日签到领红包任务奖励失败，任务已领奖
去做任务：从首页“领免费商品”进工厂,8.9元抢金龙鱼油,5.4元抢抽纸6包,4.9买佳洁士牙膏,限时9.9元秒
做任务完成！
领取从首页“领免费商品”进工厂,8.9元抢金龙鱼油,5.4元抢抽纸6包,4.9买佳洁士牙膏,限时9.9元秒任务奖励成功，收获：300电力
去做任务：从首页“领免费商品”进工厂,8.9元抢金龙鱼油,5.4元抢抽纸6包,4.9买佳洁士牙膏,限时9.9元秒
做任务完成！
领取从首页“领免费商品”进工厂,8.9元抢金龙鱼油,5.4元抢抽纸6包,4.9买佳洁士牙膏,限时9.9元秒任务奖励成功，收获：300电力
"Timeout awaiting 'request' for 10000ms"
京喜工厂 API请求失败，请检查网路重试
去做任务：从首页“领免费商品”进工厂,8.9元抢金龙鱼油,5.4元抢抽纸6包,4.9买佳洁士牙膏,限时9.9元秒
做任务完成！
领取从首页“领免费商品”进工厂,8.9元抢金龙鱼油,5.4元抢抽纸6包,4.9买佳洁士牙膏,限时9.9元秒任务奖励成功，收获：300电力
去做任务：从首页“领免费商品”进工厂,8.9元抢金龙鱼油,5.4元抢抽纸6包,4.9买佳洁士牙膏,限时9.9元秒
做任务完成！
领取从首页“领免费商品”进工厂,8.9元抢金龙鱼油,5.4元抢抽纸6包,4.9买佳洁士牙膏,限时9.9元秒任务奖励成功，收获：300电力
去做任务：从首页“领免费商品”进工厂,8.9元抢金龙鱼油,5.4元抢抽纸6包,4.9买佳洁士牙膏,限时9.9元秒
做任务完成！
领取从首页“领免费商品”进工厂,8.9元抢金龙鱼油,5.4元抢抽纸6包,4.9买佳洁士牙膏,限时9.9元秒任务奖励成功，收获：300电力
去做任务：从首页“领免费商品”进工厂,8.9元抢金龙鱼油,5.4元抢抽纸6包,4.9买佳洁士牙膏,限时9.9元秒
DoTask异常：{"data":{"awardStatus":1,"completedTimes":5,"dateTypeExtra":"20210701","updateTime":1625144128,"userStatusConfigExtra":""},"msg":"亲,活动太火爆了,请稍后再试吧!","ret":1009}
领取从首页“领免费商品”进工厂,8.9元抢金龙鱼油,5.4元抢抽纸6包,4.9买佳洁士牙膏,限时9.9元秒任务奖励失败，任务已领奖
去做任务：1万份鸡蛋免费送,去1分抢6瓶可口可乐
做任务完成！
领取1万份鸡蛋免费送,去1分抢6瓶可口可乐任务奖励成功，收获：100电力
去做任务：1万份鸡蛋免费送,去1分抢6瓶可口可乐
做任务完成！
领取1万份鸡蛋免费送,去1分抢6瓶可口可乐任务奖励成功，收获：100电力
去做任务：1万份鸡蛋免费送,去1分抢6瓶可口可乐
DoTask异常：{"data":{"awardStatus":1,"completedTimes":2,"dateTypeExtra":"20210701","updateTime":1625144132,"userStatusConfigExtra":""},"msg":"亲,活动太火爆了,请稍后再试吧!","ret":1009}
领取1万份鸡蛋免费送,去1分抢6瓶可口可乐任务奖励失败，任务已领奖
去做任务：上岛兑0元好物,逛农场免费领水果,出海寻宝领100元红包
做任务完成！
领取上岛兑0元好物,逛农场免费领水果,出海寻宝领100元红包任务奖励成功，收获：100电力
去做任务：上岛兑0元好物,逛农场免费领水果,出海寻宝领100元红包
做任务完成！
领取上岛兑0元好物,逛农场免费领水果,出海寻宝领100元红包任务奖励成功，收获：100电力
去做任务：上岛兑0元好物,逛农场免费领水果,出海寻宝领100元红包
做任务完成！
领取上岛兑0元好物,逛农场免费领水果,出海寻宝领100元红包任务奖励成功，收获：100电力
去做任务：上岛兑0元好物,逛农场免费领水果,出海寻宝领100元红包
DoTask异常：{"data":{"awardStatus":1,"completedTimes":3,"dateTypeExtra":"20210701","updateTime":1625144137,"userStatusConfigExtra":""},"msg":"亲,活动太火爆了,请稍后再试吧!","ret":1009}
领取上岛兑0元好物,逛农场免费领水果,出海寻宝领100元红包任务奖励失败，任务已领奖
完成任务：共领取7620电力
成功投入电力7700电力
打工电力：收取成功

团活动ID  T_zZaWP6by9yA1wehxM4mg==
团ID  

今日剩余开团次数：3次
准备开团
【开团成功】tuanId为 QOzWLmKWGna3YmcbZlg6Yg==
7/1/2021, 8:55:42 PM参加团主【hVdButlHZykF-_RZaC6F1w==】失败

  商品名     兑换状态
不锈钢多用盆    已兑换

【京东账号2】Ycp_Dream
【生产商品】平板拖把
【当前等级】金牌学徒 3
【生产进度】94.67%
【招工进度】0/10
【收取发电站】收取成功，获得 720 电力
【每日任务】领奖成功，共计 7620 电力
【投入电力】投入成功，共计 7700 电力
【打工电力】：收取成功
【收取自己零件】获得0电力
【收取好友零件】获得0电力


******开始【京东账号3】jd_585601a83bd48*********

【提示】京东账号3[jd_585601a83bd48]京喜工厂活动未开始
请手动去京东APP->游戏与互动->查看更多->京喜工厂 开启活动



你今日还能帮好友打工（3/3）次


【今日招工进度】0/8
由于您第3个京东账号未提供shareCode,将采纳本脚本自带的助力码

开始
第3个京东账号将要助力的好友["-OvElMzqeyeGBWazWYjI1Q=="]
助力朋友[-OvElMzqeyeGBWazWYjI1Q==]失败：好友存储电力已达上限,暂不可打工哦~

******开始【京东账号4】jd_157332ewky*********

【提示】京东账号4[jd_157332ewky]京喜工厂活动未开始
请手动去京东APP->游戏与互动->查看更多->京喜工厂 开启活动



你今日还能帮好友打工（3/3）次


【今日招工进度】0/8
由于您第4个京东账号未提供shareCode,将采纳本脚本自带的助力码

开始
第4个京东账号将要助力的好友["GFwo6PntxDHH95ZRzZ5uAg=="]
助力朋友[GFwo6PntxDHH95ZRzZ5uAg==]失败：亲,好友的工厂的工人已经满员了,不能去好友工厂打工啦!

******开始【京东账号5】jd_157332zdf*********

【提示】京东账号5[jd_157332zdf]京喜工厂未选购商品
请手动去京东APP->游戏与互动->查看更多->京喜工厂 选购



你今日还能帮好友打工（3/3）次


【今日招工进度】0/8
由于您第5个京东账号未提供shareCode,将采纳本脚本自带的助力码

开始
第5个京东账号将要助力的好友["GFwo6PntxDHH95ZRzZ5uAg=="]
"Timeout awaiting 'request' for 10000ms"
京喜工厂 API请求失败，请检查网路重试
助力朋友[GFwo6PntxDHH95ZRzZ5uAg==]失败：亲,好友的工厂的工人已经满员了,不能去好友工厂打工啦!
"Timeout awaiting 'request' for 10000ms"
京喜工厂 API请求失败，请检查网路重试

账号15631692383_p 内部相互进团


15631692383_p 去参加团 XBeempAtMG4dTRb1NaPxEQ==
参团失败：{"msg":"您已成功参团","nowTime":1625144194,"ret":10208}


15631692383_p 去参加团 QOzWLmKWGna3YmcbZlg6Yg==
参团成功：{"msg":"OK","nowTime":1625144195,"ret":0}

"Timeout awaiting 'request' for 10000ms"
京喜工厂 API请求失败，请检查网路重试

账号15631692383_p 参加作者lxk0301的团 【CjTGe9mxEG2fhEYXSUnAag==】
参团失败：{"msg":"您已成团","nowTime":1625144221,"ret":10209}


账号15631692383_p 参加作者lxk0301的团 【mH5m_SQLOInDGVKOv_y0sA==】
参团失败：{"msg":"您已成团","nowTime":1625144222,"ret":10209}


账号15631692383_p 参加作者lxk0301的团 【LZIYY9fs5h9GAqoHFKg-hA==】
参团失败：{"msg":"您已成团","nowTime":1625144223,"ret":10209}


账号15631692383_p 参加作者lxk0301的团 【kOcba_GuBDaxCqZeqt_rjQ==】
参团失败：{"msg":"您已成团","nowTime":1625144224,"ret":10209}


账号15631692383_p 参加作者lxk0301的团 【wGC816eF5CFPeWCsjsiL-w==】
参团失败：{"msg":"您已成团","nowTime":1625144225,"ret":10209}


账号15631692383_p 参加作者lxk0301的团 【9uILgKKHsfux9B8SKMP2aQ==】
参团失败：{"msg":"您已成团","nowTime":1625144226,"ret":10209}


账号15631692383_p 参加作者lxk0301的团 【9wKYyHUu3MGZSiHOy2POEw==】
参团失败：{"msg":"您已成团","nowTime":1625144228,"ret":10209}


账号15631692383_p 参加作者lxk0301的团 【KLlRi33I174q7lNIBeKV6g==】
参团失败：{"msg":"您已成团","nowTime":1625144229,"ret":10209}


账号15631692383_p 参加作者lxk0301的团 【OJvwsYEae_5ER8t0nOskhw==】
参团失败：{"msg":"活动火爆，请稍后再试~","nowTime":1625144230,"ret":10203}


账号15631692383_p 参加作者lxk0301的团 【yca55wJ1vddBspRlJT43eQ==】
参团失败：{"msg":"您已成团","nowTime":1625144231,"ret":10209}


账号15631692383_p 参加作者lxk0301的团 【6NASqnLnUq-11UAYWqL85g==】
参团失败：{"msg":"您已成团","nowTime":1625144232,"ret":10209}


账号15631692383_p 参加作者lxk0301的团 【q1AUiNt-W-_1H5dJ45qGSA==】
参团失败：{"msg":"您已成团","nowTime":1625144233,"ret":10209}


账号15631692383_p 参加作者lxk0301的团 【XoPJXtjfz1Pt6zMvrPgT5g==】
参团失败：{"msg":"您已成团","nowTime":1625144234,"ret":10209}


账号15631692383_p 参加作者lxk0301的团 【0dpxDHH6-sPPUUSrxdPxAA==】
参团失败：{"msg":"您已成团","nowTime":1625144236,"ret":10209}


账号15631692383_p 参加作者lxk0301的团 【D6_2s3vOKdabz3AMz0yGeA==】
参团失败：{"msg":"您已成团","nowTime":1625144237,"ret":10209}


账号15631692383_p 参加作者lxk0301的团 【fqIPBZqcuSixY2NH787KRQ==】
参团失败：{"msg":"您已成团","nowTime":1625144238,"ret":10209}


账号15631692383_p 参加作者lxk0301的团 【VKb7Ekd78wFkh_EYgEV9BQ==】
参团失败：{"msg":"您已成团","nowTime":1625144239,"ret":10209}


账号15631692383_p 参加作者lxk0301的团 【tRWSB8SalzyMYif8Y9yYiw==】
参团失败：{"msg":"您已成团","nowTime":1625144240,"ret":10209}


账号15631692383_p 参加作者lxk0301的团 【Xgm97xnkkftbh_L2Kec5jQ==】
参团失败：{"msg":"您已成团","nowTime":1625144241,"ret":10209}


账号15631692383_p 参加作者lxk0301的团 【nmDRlsd3J4OfMtNSXrBLnA==】
参团失败：{"msg":"您已成团","nowTime":1625144243,"ret":10209}


账号jd_74a8d71c978d9 内部相互进团


jd_74a8d71c978d9 去参加团 XBeempAtMG4dTRb1NaPxEQ==
参团成功：{"msg":"OK","nowTime":1625144244,"ret":0}


jd_74a8d71c978d9 去参加团 QOzWLmKWGna3YmcbZlg6Yg==
参团失败：{"msg":"您已成功参团","nowTime":1625144245,"ret":10208}


账号jd_74a8d71c978d9 参加作者lxk0301的团 【CjTGe9mxEG2fhEYXSUnAag==】
参团失败：{"msg":"您已成团","nowTime":1625144270,"ret":10209}


账号jd_74a8d71c978d9 参加作者lxk0301的团 【mH5m_SQLOInDGVKOv_y0sA==】
参团失败：{"msg":"您已成团","nowTime":1625144271,"ret":10209}


账号jd_74a8d71c978d9 参加作者lxk0301的团 【LZIYY9fs5h9GAqoHFKg-hA==】
参团失败：{"msg":"您已成团","nowTime":1625144272,"ret":10209}


账号jd_74a8d71c978d9 参加作者lxk0301的团 【kOcba_GuBDaxCqZeqt_rjQ==】
参团失败：{"msg":"您已成团","nowTime":1625144273,"ret":10209}


账号jd_74a8d71c978d9 参加作者lxk0301的团 【wGC816eF5CFPeWCsjsiL-w==】
参团失败：{"msg":"您已成团","nowTime":1625144274,"ret":10209}


账号jd_74a8d71c978d9 参加作者lxk0301的团 【9uILgKKHsfux9B8SKMP2aQ==】
参团失败：{"msg":"您已成团","nowTime":1625144276,"ret":10209}


账号jd_74a8d71c978d9 参加作者lxk0301的团 【9wKYyHUu3MGZSiHOy2POEw==】
参团失败：{"msg":"您已成团","nowTime":1625144277,"ret":10209}


账号jd_74a8d71c978d9 参加作者lxk0301的团 【KLlRi33I174q7lNIBeKV6g==】
参团失败：{"msg":"您已成团","nowTime":1625144278,"ret":10209}


账号jd_74a8d71c978d9 参加作者lxk0301的团 【OJvwsYEae_5ER8t0nOskhw==】
参团失败：{"msg":"您已成团","nowTime":1625144279,"ret":10209}


账号jd_74a8d71c978d9 参加作者lxk0301的团 【yca55wJ1vddBspRlJT43eQ==】
参团失败：{"msg":"您已成团","nowTime":1625144280,"ret":10209}


账号jd_74a8d71c978d9 参加作者lxk0301的团 【6NASqnLnUq-11UAYWqL85g==】
参团失败：{"msg":"您已成团","nowTime":1625144281,"ret":10209}


账号jd_74a8d71c978d9 参加作者lxk0301的团 【q1AUiNt-W-_1H5dJ45qGSA==】
参团失败：{"msg":"您已成团","nowTime":1625144282,"ret":10209}


账号jd_74a8d71c978d9 参加作者lxk0301的团 【XoPJXtjfz1Pt6zMvrPgT5g==】
参团失败：{"msg":"您已成团","nowTime":1625144284,"ret":10209}


账号jd_74a8d71c978d9 参加作者lxk0301的团 【0dpxDHH6-sPPUUSrxdPxAA==】
参团失败：{"msg":"您已成团","nowTime":1625144285,"ret":10209}


账号jd_74a8d71c978d9 参加作者lxk0301的团 【D6_2s3vOKdabz3AMz0yGeA==】
参团失败：{"msg":"您已成团","nowTime":1625144286,"ret":10209}


账号jd_74a8d71c978d9 参加作者lxk0301的团 【fqIPBZqcuSixY2NH787KRQ==】
参团失败：{"msg":"您已成团","nowTime":1625144287,"ret":10209}


账号jd_74a8d71c978d9 参加作者lxk0301的团 【VKb7Ekd78wFkh_EYgEV9BQ==】
参团失败：{"msg":"您已成团","nowTime":1625144288,"ret":10209}


账号jd_74a8d71c978d9 参加作者lxk0301的团 【tRWSB8SalzyMYif8Y9yYiw==】
参团失败：{"msg":"您已成团","nowTime":1625144289,"ret":10209}


账号jd_74a8d71c978d9 参加作者lxk0301的团 【Xgm97xnkkftbh_L2Kec5jQ==】
参团失败：{"msg":"您已成团","nowTime":1625144291,"ret":10209}


账号jd_74a8d71c978d9 参加作者lxk0301的团 【nmDRlsd3J4OfMtNSXrBLnA==】
参团失败：{"msg":"您已成团","nowTime":1625144292,"ret":10209}


账号chao4596758 内部相互进团


chao4596758 去参加团 XBeempAtMG4dTRb1NaPxEQ==
参团成功：{"msg":"OK","nowTime":1625144293,"ret":0}


chao4596758 去参加团 QOzWLmKWGna3YmcbZlg6Yg==
参团失败：{"msg":"您今日的助力次数已用完,明天再来助力TA吧～","nowTime":1625144294,"ret":10206}


账号jd_46df9eaa780aa 内部相互进团


jd_46df9eaa780aa 去参加团 XBeempAtMG4dTRb1NaPxEQ==
参团成功：{"msg":"OK","nowTime":1625144296,"ret":0}


jd_46df9eaa780aa 去参加团 QOzWLmKWGna3YmcbZlg6Yg==
参团失败：{"msg":"您今日的助力次数已用完,明天再来助力TA吧～","nowTime":1625144297,"ret":10206}


账号jd_67f63c904d8c6 内部相互进团


jd_67f63c904d8c6 去参加团 XBeempAtMG4dTRb1NaPxEQ==
参团成功：{"msg":"OK","nowTime":1625144298,"ret":0}


jd_67f63c904d8c6 去参加团 QOzWLmKWGna3YmcbZlg6Yg==
参团失败：{"msg":"您今日的助力次数已用完,明天再来助力TA吧～","nowTime":1625144299,"ret":10206}


🔔京喜工厂, 结束! 🕛 216.63 秒

