
🔔京喜工厂, 开始!

====================共4个京东账号Cookie=========

==================脚本执行- 北京时间(UTC+8)：6/30/2021, 4:54:15 PM=====================

获取签名参数成功！
fp: 7899721446053162
token: tk01wb8f71cb4a8nOHBuWFB3TzRmEeDaHyhStKS+J8bMKXHLrdY7ywVzJbLz+sJkon3tPn9mDeP2MUkMEyysBQowAAHS
enCryptMethodJD: function test(token,fingerprint,timestamp,appId,algo){const random='y+pTuJodUcM+';const str=`${token}${fingerprint}${timestamp}${appId}${random}`;return algo.HmacMD5(str,token)}
拼团活动ID：获取失败，将采取脚本内置活动ID

开始获取京喜工厂配置文件

您的互助码选择的是用&隔开

共4个京东账号

您提供了0个账号的京喜工厂助力码


******开始【京东账号1】15631692383_p*********

再加电力可开红包

当前电力：57
当前等级：8

【京东账号1（15631692383_p）的京喜工厂好友互助码】jLuj5y4OynbjOLDt2boGNg==
已投入电力：758400
所需电力：780000
生产进度：97.23%


预计最快还需 【0.13天】生产完毕




你今日还能帮好友打工（0/3）次


【今日招工进度】0/14

今日助力好友机会已耗尽

发电机：当前 27.2 电力，最大值 510 电力

本次发电机电力集满分享后不可获得双倍电力，故现在收取电力

收取电力成功: 共29 
完成任务：共领取29电力
投入失败，电力不足，快去做任务吧~
QueryActiveConfig异常：{"msg":"系统君失联，请稍后重试~ ","nowTime":1625043344,"ret":10003}
QueryAllTuan异常：{"msg":"系统君失联，请稍后重试~ ","nowTime":1625043345,"ret":10003}

  商品名     兑换状态
芒果干    已兑换
芋泥酥6枚    已兑换
冰箱除味剂4盒    已兑换
统一干脆面    兑换超时

【京东账号1】15631692383_p
【生产商品】平板拖把
【当前等级】研究员 8
【生产进度】97.23%
【招工进度】0/14
【收取发电站】收取成功，获得 29 电力
【每日任务】领奖成功，共计 29 电力
【投入电力】投入失败，电力不足，快去做任务吧~
【收取自己零件】获得0电力
【收取好友零件】获得0电力


******开始【京东账号2】Ycp_Dream*********

再加0.03%电力可开红包

当前电力：70
当前等级：3

【京东账号2（jd_74a8d71c978d9）的京喜工厂好友互助码】hVdButlHZykF-_RZaC6F1w==
已投入电力：9048600
所需电力：9560000
生产进度：94.65%


预计最快还需 【2.96天】生产完毕




你今日还能帮好友打工（3/3）次


【今日招工进度】0/10
由于您第2个京东账号未提供shareCode,将采纳本脚本自带的助力码

开始
第2个京东账号将要助力的好友["gB99tYLjvPcEFloDgamoBw==","7dluIKQMp0bySgcr8AqFgw=="]
助力朋友[gB99tYLjvPcEFloDgamoBw==]失败：亲,好友的工厂的工人已经满员了,不能去好友工厂打工啦!
助力朋友[7dluIKQMp0bySgcr8AqFgw==]失败：亲,好友的工厂的工人已经满员了,不能去好友工厂打工啦!
发电机：当前 360 电力，最大值 360 电力
发电机：电力可翻倍并收获
收取电力成功: 共720 
任务：累计收取发电机电力值可完成
领取累计收取发电机电力值任务奖励成功，收获：500电力
任务：今日收取发电机电力可完成
领取今日收取发电机电力任务奖励成功，收获：500电力
完成任务：共领取1720电力
成功投入电力1700电力
QueryActiveConfig异常：{"msg":"系统君失联，请稍后重试~ ","nowTime":1625043361,"ret":10003}
QueryAllTuan异常：{"msg":"系统君失联，请稍后重试~ ","nowTime":1625043362,"ret":10003}

  商品名     兑换状态
不锈钢多用盆    已兑换

【京东账号2】Ycp_Dream
【生产商品】平板拖把
【当前等级】金牌学徒 3
【生产进度】94.65%
【招工进度】0/10
【收取发电站】收取成功，获得 720 电力
【每日任务】领奖成功，共计 1720 电力
【投入电力】投入成功，共计 1700 电力
【收取自己零件】获得0电力
【收取好友零件】获得0电力


******开始【京东账号3】jd_585601a83bd48*********

【提示】京东账号3[jd_585601a83bd48]京喜工厂活动未开始
请手动去京东APP->游戏与互动->查看更多->京喜工厂 开启活动



你今日还能帮好友打工（3/3）次


【今日招工进度】0/8
由于您第3个京东账号未提供shareCode,将采纳本脚本自带的助力码

开始
第3个京东账号将要助力的好友["-OvElMzqeyeGBWazWYjI1Q=="]
"Timeout awaiting 'request' for 10000ms"
京喜工厂 API请求失败，请检查网路重试
助力朋友[-OvElMzqeyeGBWazWYjI1Q==]失败：好友存储电力已达上限,暂不可打工哦~

******开始【京东账号4】jd_157332ewky*********

【提示】京东账号4[jd_157332ewky]京喜工厂活动未开始
请手动去京东APP->游戏与互动->查看更多->京喜工厂 开启活动



你今日还能帮好友打工（3/3）次


【今日招工进度】0/8
由于您第4个京东账号未提供shareCode,将采纳本脚本自带的助力码

开始
第4个京东账号将要助力的好友["GFwo6PntxDHH95ZRzZ5uAg=="]
助力朋友[GFwo6PntxDHH95ZRzZ5uAg==]失败：亲,好友的工厂的工人已经满员了,不能去好友工厂打工啦!
"Timeout awaiting 'request' for 10000ms"
京喜工厂 API请求失败，请检查网路重试

账号15631692383_p 参加作者lxk0301的团 【5Hb-6SfNOoma4hgfsRut3A==】
参团失败：{"msg":"系统君失联，请稍后重试~ ","nowTime":1625043421,"ret":10003}


账号15631692383_p 参加作者lxk0301的团 【LtRUC5i4DpY6UO_-raF_rA==】
"Timeout awaiting 'request' for 10000ms"
京喜工厂 API请求失败，请检查网路重试
参团失败：{"msg":"系统君失联，请稍后重试~ ","nowTime":1625043424,"ret":10003}


账号15631692383_p 参加作者lxk0301的团 【v8_1h9NDjf-TDJSIwT9IlA==】
参团失败：{"msg":"系统君失联，请稍后重试~ ","nowTime":1625043425,"ret":10003}


账号15631692383_p 参加作者lxk0301的团 【wUdsXUAulBmcZONh7uiEBA==】
参团失败：{"msg":"系统君失联，请稍后重试~ ","nowTime":1625043427,"ret":10003}


账号15631692383_p 参加作者lxk0301的团 【t2PaujI3peXpQXoErEnlOg==】
参团失败：{"msg":"系统君失联，请稍后重试~ ","nowTime":1625043428,"ret":10003}


账号15631692383_p 参加作者lxk0301的团 【X_L-dwx8rgArQNQckhka5w==】
参团失败：{"msg":"系统君失联，请稍后重试~ ","nowTime":1625043429,"ret":10003}


账号15631692383_p 参加作者lxk0301的团 【iOm2D9rUO_-ilxraNZAuqw==】
参团失败：{"msg":"系统君失联，请稍后重试~ ","nowTime":1625043431,"ret":10003}


账号15631692383_p 参加作者lxk0301的团 【rEmgQfdfAL3SQAS1bP843A==】
参团失败：{"msg":"系统君失联，请稍后重试~ ","nowTime":1625043433,"ret":10003}


账号15631692383_p 参加作者lxk0301的团 【KKRl95qxwSye_YHQ5YUGRg==】
参团失败：{"msg":"系统君失联，请稍后重试~ ","nowTime":1625043434,"ret":10003}


账号15631692383_p 参加作者lxk0301的团 【7VFrD6b70o5bN7-8zZvZww==】
参团失败：{"msg":"系统君失联，请稍后重试~ ","nowTime":1625043435,"ret":10003}


账号15631692383_p 参加作者lxk0301的团 【GIazjlu0pPLpAb0U6wX39Q==】
参团失败：{"msg":"系统君失联，请稍后重试~ ","nowTime":1625043436,"ret":10003}


账号15631692383_p 参加作者lxk0301的团 【po5UOimzRyOnKWLabc5U-Q==】
参团失败：{"msg":"系统君失联，请稍后重试~ ","nowTime":1625043438,"ret":10003}


账号jd_74a8d71c978d9 参加作者lxk0301的团 【5Hb-6SfNOoma4hgfsRut3A==】
参团失败：{"msg":"系统君失联，请稍后重试~ ","nowTime":1625043460,"ret":10003}


账号jd_74a8d71c978d9 参加作者lxk0301的团 【LtRUC5i4DpY6UO_-raF_rA==】
参团失败：{"msg":"系统君失联，请稍后重试~ ","nowTime":1625043461,"ret":10003}


账号jd_74a8d71c978d9 参加作者lxk0301的团 【v8_1h9NDjf-TDJSIwT9IlA==】
参团失败：{"msg":"系统君失联，请稍后重试~ ","nowTime":1625043462,"ret":10003}


账号jd_74a8d71c978d9 参加作者lxk0301的团 【wUdsXUAulBmcZONh7uiEBA==】
参团失败：{"msg":"系统君失联，请稍后重试~ ","nowTime":1625043463,"ret":10003}


账号jd_74a8d71c978d9 参加作者lxk0301的团 【t2PaujI3peXpQXoErEnlOg==】
参团失败：{"msg":"系统君失联，请稍后重试~ ","nowTime":1625043464,"ret":10003}


账号jd_74a8d71c978d9 参加作者lxk0301的团 【X_L-dwx8rgArQNQckhka5w==】
参团失败：{"msg":"系统君失联，请稍后重试~ ","nowTime":1625043466,"ret":10003}


账号jd_74a8d71c978d9 参加作者lxk0301的团 【iOm2D9rUO_-ilxraNZAuqw==】
参团失败：{"msg":"系统君失联，请稍后重试~ ","nowTime":1625043467,"ret":10003}


账号jd_74a8d71c978d9 参加作者lxk0301的团 【rEmgQfdfAL3SQAS1bP843A==】
参团失败：{"msg":"系统君失联，请稍后重试~ ","nowTime":1625043468,"ret":10003}


账号jd_74a8d71c978d9 参加作者lxk0301的团 【KKRl95qxwSye_YHQ5YUGRg==】
参团失败：{"msg":"系统君失联，请稍后重试~ ","nowTime":1625043470,"ret":10003}


账号jd_74a8d71c978d9 参加作者lxk0301的团 【7VFrD6b70o5bN7-8zZvZww==】
参团失败：{"msg":"系统君失联，请稍后重试~ ","nowTime":1625043471,"ret":10003}


账号jd_74a8d71c978d9 参加作者lxk0301的团 【GIazjlu0pPLpAb0U6wX39Q==】
参团失败：{"msg":"系统君失联，请稍后重试~ ","nowTime":1625043472,"ret":10003}


账号jd_74a8d71c978d9 参加作者lxk0301的团 【po5UOimzRyOnKWLabc5U-Q==】
参团失败：{"msg":"系统君失联，请稍后重试~ ","nowTime":1625043473,"ret":10003}


账号chao4596758 参加作者lxk0301的团 【5Hb-6SfNOoma4hgfsRut3A==】
参团失败：{"msg":"系统君失联，请稍后重试~ ","nowTime":1625043496,"ret":10003}


账号chao4596758 参加作者lxk0301的团 【LtRUC5i4DpY6UO_-raF_rA==】
参团失败：{"msg":"系统君失联，请稍后重试~ ","nowTime":1625043497,"ret":10003}


账号chao4596758 参加作者lxk0301的团 【v8_1h9NDjf-TDJSIwT9IlA==】
参团失败：{"msg":"系统君失联，请稍后重试~ ","nowTime":1625043498,"ret":10003}


账号chao4596758 参加作者lxk0301的团 【wUdsXUAulBmcZONh7uiEBA==】
参团失败：{"msg":"系统君失联，请稍后重试~ ","nowTime":1625043499,"ret":10003}


账号chao4596758 参加作者lxk0301的团 【t2PaujI3peXpQXoErEnlOg==】
参团失败：{"msg":"系统君失联，请稍后重试~ ","nowTime":1625043500,"ret":10003}


账号chao4596758 参加作者lxk0301的团 【X_L-dwx8rgArQNQckhka5w==】
参团失败：{"msg":"系统君失联，请稍后重试~ ","nowTime":1625043502,"ret":10003}


账号chao4596758 参加作者lxk0301的团 【iOm2D9rUO_-ilxraNZAuqw==】
参团失败：{"msg":"系统君失联，请稍后重试~ ","nowTime":1625043503,"ret":10003}


账号chao4596758 参加作者lxk0301的团 【rEmgQfdfAL3SQAS1bP843A==】
参团失败：{"msg":"系统君失联，请稍后重试~ ","nowTime":1625043504,"ret":10003}


账号chao4596758 参加作者lxk0301的团 【KKRl95qxwSye_YHQ5YUGRg==】
参团失败：{"msg":"系统君失联，请稍后重试~ ","nowTime":1625043508,"ret":10003}


账号chao4596758 参加作者lxk0301的团 【7VFrD6b70o5bN7-8zZvZww==】
参团失败：{"msg":"系统君失联，请稍后重试~ ","nowTime":1625043509,"ret":10003}


账号chao4596758 参加作者lxk0301的团 【GIazjlu0pPLpAb0U6wX39Q==】
参团失败：{"msg":"系统君失联，请稍后重试~ ","nowTime":1625043510,"ret":10003}


账号chao4596758 参加作者lxk0301的团 【po5UOimzRyOnKWLabc5U-Q==】
参团失败：{"msg":"系统君失联，请稍后重试~ ","nowTime":1625043512,"ret":10003}


账号jd_46df9eaa780aa 参加作者lxk0301的团 【5Hb-6SfNOoma4hgfsRut3A==】
参团失败：{"msg":"系统君失联，请稍后重试~ ","nowTime":1625043539,"ret":10003}


账号jd_46df9eaa780aa 参加作者lxk0301的团 【LtRUC5i4DpY6UO_-raF_rA==】
参团失败：{"msg":"系统君失联，请稍后重试~ ","nowTime":1625043540,"ret":10003}


账号jd_46df9eaa780aa 参加作者lxk0301的团 【v8_1h9NDjf-TDJSIwT9IlA==】
参团失败：{"msg":"系统君失联，请稍后重试~ ","nowTime":1625043541,"ret":10003}


账号jd_46df9eaa780aa 参加作者lxk0301的团 【wUdsXUAulBmcZONh7uiEBA==】
参团失败：{"msg":"系统君失联，请稍后重试~ ","nowTime":1625043542,"ret":10003}


账号jd_46df9eaa780aa 参加作者lxk0301的团 【t2PaujI3peXpQXoErEnlOg==】
参团失败：{"msg":"系统君失联，请稍后重试~ ","nowTime":1625043544,"ret":10003}


账号jd_46df9eaa780aa 参加作者lxk0301的团 【X_L-dwx8rgArQNQckhka5w==】
参团失败：{"msg":"系统君失联，请稍后重试~ ","nowTime":1625043546,"ret":10003}


账号jd_46df9eaa780aa 参加作者lxk0301的团 【iOm2D9rUO_-ilxraNZAuqw==】
参团失败：{"msg":"系统君失联，请稍后重试~ ","nowTime":1625043547,"ret":10003}


账号jd_46df9eaa780aa 参加作者lxk0301的团 【rEmgQfdfAL3SQAS1bP843A==】
参团失败：{"msg":"系统君失联，请稍后重试~ ","nowTime":1625043548,"ret":10003}


账号jd_46df9eaa780aa 参加作者lxk0301的团 【KKRl95qxwSye_YHQ5YUGRg==】
参团失败：{"msg":"系统君失联，请稍后重试~ ","nowTime":1625043549,"ret":10003}


账号jd_46df9eaa780aa 参加作者lxk0301的团 【7VFrD6b70o5bN7-8zZvZww==】
参团失败：{"msg":"系统君失联，请稍后重试~ ","nowTime":1625043551,"ret":10003}


账号jd_46df9eaa780aa 参加作者lxk0301的团 【GIazjlu0pPLpAb0U6wX39Q==】
参团失败：{"msg":"系统君失联，请稍后重试~ ","nowTime":1625043552,"ret":10003}


账号jd_46df9eaa780aa 参加作者lxk0301的团 【po5UOimzRyOnKWLabc5U-Q==】
参团失败：{"msg":"系统君失联，请稍后重试~ ","nowTime":1625043554,"ret":10003}


🔔京喜工厂, 结束! 🕛 300.354 秒

