
🔔金融养猪, 开始!

====================共4个京东账号Cookie=========

==================脚本执行- 北京时间(UTC+8)：6/30/2021, 1:29:13 PM=====================


开始【京东账号1】15631692383_p


京东账号1 15631692383_p 未开启养猪活动,请手动去京东金融APP开启此活动


开始【京东账号2】Ycp_Dream


京东账号2 Ycp_Dream 未开启养猪活动,请手动去京东金融APP开启此活动


开始【京东账号3】jd_585601a83bd48

第5天已签到

开宝箱失败:宝箱次数上限
当前大转盘剩余免费抽奖次数：：1

浏览一次锦鲤活动未完成

浏览东东农场未完成

逛逛积分福利未完成

逛逛爆款低价未完成

逛逛大牌好货未完成

逛逛领新鲜鸡蛋未完成

逛逛分期商城提币机未完成

查看更多趣味游戏未完成

为自己充1笔话费未完成

一分获取话费福利未完成

免费领两百万账户保障未完成

小金库还信用卡未完成

花金贴兑权益未完成

报名理财课得猪粮未完成

购买黄金产品未完成

去领金贴页面签到未完成

浏览京喜财富岛活动未完成

浏览金融签到活动未完成

浏览天天提鹅活动未完成

完成每日分享已领取

食物名称     数量
普通猪粮      18g
南瓜      17g
白菜      12g
胡萝卜      10g

开始【京东账号4】jd_157332ewky


京东账号4 jd_157332ewky 未开启养猪活动,请手动去京东金融APP开启此活动


🔔金融养猪, 结束! 🕛 8.354 秒

