
🔔金融养猪, 开始!

====================共5个京东账号Cookie=========

==================脚本执行- 北京时间(UTC+8)：7/2/2021, 5:27:24 PM=====================

"getaddrinfo ENOTFOUND wq.jd.com"
金融养猪 API请求失败，请检查网路重试

开始【京东账号1】15631692383_p

"getaddrinfo ENOTFOUND ms.jr.jd.com"
金融养猪 API请求失败，请检查网路重试
"getaddrinfo ENOTFOUND wq.jd.com"
金融养猪 API请求失败，请检查网路重试

开始【京东账号2】jd_74a8d71c978d9

"getaddrinfo ENOTFOUND ms.jr.jd.com"
金融养猪 API请求失败，请检查网路重试
"getaddrinfo ENOTFOUND wq.jd.com"
金融养猪 API请求失败，请检查网路重试

开始【京东账号3】chao4596758

"getaddrinfo ENOTFOUND ms.jr.jd.com"
金融养猪 API请求失败，请检查网路重试
"getaddrinfo ENOTFOUND wq.jd.com"
金融养猪 API请求失败，请检查网路重试

开始【京东账号4】jd_46df9eaa780aa

"getaddrinfo ENOTFOUND ms.jr.jd.com"
金融养猪 API请求失败，请检查网路重试
"getaddrinfo ENOTFOUND wq.jd.com"
金融养猪 API请求失败，请检查网路重试

开始【京东账号5】jd_67f63c904d8c6

"getaddrinfo ENOTFOUND ms.jr.jd.com"
金融养猪 API请求失败，请检查网路重试

🔔金融养猪, 结束! 🕛 120.674 秒

