
🔔金融养猪, 开始!

====================共5个京东账号Cookie=========

==================脚本执行- 北京时间(UTC+8)：7/9/2021, 5:26:17 PM=====================


开始【京东账号1】Ymh__Sirius


京东账号1 Ymh__Sirius 未开启养猪活动,请手动去京东金融APP开启此活动


开始【京东账号2】Ycp_Dream


京东账号2 Ycp_Dream 未开启养猪活动,请手动去京东金融APP开启此活动


开始【京东账号3】chao4596758


==============📣系统通知📣==============
金融养猪
【提示】cookie已失效
京东账号3 chao4596758
请重新登录获取
https://bean.m.jd.com/bean/signIndex.action
您未提供push+推送所需的PUSH_PLUS_TOKEN，取消push+推送消息通知🚫

server酱发送通知消息成功🎉

您未提供Bark的APP推送BARK_PUSH，取消Bark推送消息通知🚫

您未提供telegram机器人推送所需的TG_BOT_TOKEN和TG_USER_ID，取消telegram推送消息通知🚫

您未提供钉钉机器人推送所需的DD_BOT_TOKEN或者DD_BOT_SECRET，取消钉钉推送消息通知🚫

您未提供企业微信机器人推送所需的QYWX_KEY，取消企业微信推送消息通知🚫

您未提供企业微信应用消息推送所需的QYWX_AM，取消企业微信应用消息推送消息通知🚫

您未提供iGot的推送IGOT_PUSH_KEY，取消iGot推送消息通知🚫


开始【京东账号4】jd_157332ewky


京东账号4 jd_157332ewky 未开启养猪活动,请手动去京东金融APP开启此活动


开始【京东账号5】jd_157332zdf


京东账号5 jd_157332zdf 未开启养猪活动,请手动去京东金融APP开启此活动


🔔金融养猪, 结束! 🕛 4.864 秒

