
🔔金融养猪, 开始!

====================共4个京东账号Cookie=========

==================脚本执行- 北京时间(UTC+8)：6/30/2021, 11:25:25 AM=====================


开始【京东账号1】15631692383_p


京东账号1 15631692383_p 未开启养猪活动,请手动去京东金融APP开启此活动


开始【京东账号2】Ycp_Dream


京东账号2 Ycp_Dream 未开启养猪活动,请手动去京东金融APP开启此活动


开始【京东账号3】jd_585601a83bd48

第5天已签到

开宝箱失败:宝箱次数上限
当前大转盘剩余免费抽奖次数：：2

完成每日分享任务已做完,开始领取奖励
pigPetDoMission {"resultCode":0,"resultMsg":"操作成功","resultData":{"resultCode":0,"resultData":{"buttonText":"已领取","opResult":0,"award":{"random":false,"picUrl":"https://img30.360buyimg.com/jr_image/jfs/t1/59028/12/13431/3362/5daea574E62dfa507/433321942a395813.png","count":5,"name":"普通猪粮","rfid":"","position":1,"id":"1","sku":"1001003003","category":"1001","content":"普通猪粮","needApp":false},"operate":4,"status":5},"resultMsg":"成功"},"channelEncrypt":0}
奖励普通猪粮,数量:5

浏览一次锦鲤活动未完成

浏览东东农场未完成

逛逛积分福利未完成

逛逛爆款低价未完成

逛逛大牌好货未完成

逛逛领新鲜鸡蛋未完成

逛逛分期商城提币机未完成

查看更多趣味游戏未完成

为自己充1笔话费未完成

一分获取话费福利未完成

免费领两百万账户保障未完成

小金库还信用卡未完成

花金贴兑权益未完成

报名理财课得猪粮未完成

购买黄金产品未完成

去领金贴页面签到未完成

浏览京喜财富岛活动未完成

浏览金融签到活动未完成

浏览天天提鹅活动未完成

食物名称     数量
普通猪粮      18g
南瓜      16g
白菜      11g
胡萝卜      10g

开始【京东账号4】jd_157332ewky


京东账号4 jd_157332ewky 未开启养猪活动,请手动去京东金融APP开启此活动


🔔金融养猪, 结束! 🕛 8.498 秒

