
🔔京东极速版, 开始!

====================共2个京东账号Cookie=========

==================脚本执行- 北京时间(UTC+8)：7/12/2021, 1:23:45 AM=====================


******开始【京东账号1】15631692383_p*********

【幸运大转盘】剩余抽奖机会：1
幸运大转盘抽奖获得：【39-30福利神券-老人】

去做任务转盘抽奖逛会场
任务完成成功
【幸运大转盘】剩余抽奖机会：1
幸运大转盘抽奖获得：【14-10福利神券-老人】

签到获得0.08现金，共计获得6.83
逛商品赚金币已完成
逛活动赚金币已完成
看视频赚金币已完成
邀好友赚金币任务完成成功，预计获得60金币
签到提现任务完成成功，预计获得60金币
东东爱消除任务完成成功，预计获得60金币
汪汪乐园任务完成成功，预计获得60金币
购券抽大奖任务完成成功，预计获得60金币
幸运转盘任务完成成功，预计获得60金币
现金签到任务完成成功，预计获得60金币
推推赚大钱任务完成成功，预计获得60金币
天天抽奖任务完成成功，预计获得60金币
水果免费领任务完成成功，预计获得60金币
砍价免费拿任务完成成功，预计获得60金币
气泡收取成功，获得60金币
气泡收取成功，获得60金币
气泡收取成功，获得60金币
气泡收取成功，获得60金币
气泡收取成功，获得60金币
气泡收取成功，获得60金币
气泡收取成功，获得60金币
气泡收取成功，获得60金币
气泡收取成功，获得60金币
气泡收取成功，获得60金币
气泡收取成功，获得60金币

==============📣系统通知📣==============
京东极速版
京东账号115631692383_p
幸运大转盘抽奖获得：【39-30福利神券-老人】
幸运大转盘抽奖获得：【14-10福利神券-老人】
本次运行获得660金币，共计130548金币
可兑换 13.05 元京东红包
兑换入口：京东极速版->我的->金币

******开始【京东账号2】jd_74a8d71c978d9*********

【幸运大转盘】剩余抽奖机会：1
幸运大转盘抽奖获得：【39-30福利神券-老人】

去做任务转盘抽奖逛会场
任务完成成功
【幸运大转盘】剩余抽奖机会：1
幸运大转盘抽奖获得：【18-10福利神券-老人】

签到获得0.03现金，共计获得3.53
【1/55】浏览商品任务记录成功，等待5秒
逛商品赚金币任务完成，获得46金币
【2/55】浏览商品任务记录成功，等待5秒
逛商品赚金币任务完成，获得34金币
【3/55】浏览商品任务记录成功，等待5秒
逛商品赚金币任务完成，获得45金币
【4/55】浏览商品任务记录成功，等待5秒
逛商品赚金币任务完成，获得35金币
【5/55】浏览商品任务记录成功，等待5秒
逛商品赚金币任务完成，获得77金币
【6/55】浏览商品任务记录成功，等待5秒
逛商品赚金币任务完成，获得32金币
【7/55】浏览商品任务记录成功，等待5秒
逛商品赚金币任务完成，获得44金币
【8/55】浏览商品任务记录成功，等待5秒
逛商品赚金币任务完成，获得36金币
【9/55】浏览商品任务记录成功，等待5秒
逛商品赚金币任务完成，获得46金币
【10/55】浏览商品任务记录成功，等待5秒
逛商品赚金币任务完成，获得62金币
【11/55】浏览商品任务记录成功，等待5秒
逛商品赚金币任务完成，获得46金币
【12/55】浏览商品任务记录成功，等待5秒
逛商品赚金币任务完成，获得34金币
【13/55】浏览商品任务记录成功，等待5秒
逛商品赚金币任务完成，获得44金币
【14/55】浏览商品任务记录成功，等待5秒
逛商品赚金币任务完成，获得36金币
【15/55】浏览商品任务记录成功，等待5秒
逛商品赚金币任务完成，获得27金币
【17/55】浏览商品任务记录成功，等待5秒
逛商品赚金币任务完成，获得26金币
【19/55】浏览商品任务记录成功，等待5秒
逛商品赚金币任务完成，获得71金币
【21/55】浏览商品任务记录成功，等待5秒
逛商品赚金币任务完成，获得27金币
【23/55】浏览商品任务记录成功，等待5秒
逛商品赚金币任务完成，获得66金币
【26/55】浏览商品任务记录成功，等待5秒
逛商品赚金币任务完成，获得33金币
【28/55】浏览商品任务记录成功，等待5秒
逛商品赚金币任务完成，获得23金币
【30/55】浏览商品任务记录成功，等待5秒
逛商品赚金币任务完成，获得64金币
【31/55】浏览商品任务记录成功，等待5秒
逛商品赚金币任务完成，获得18金币
【33/55】浏览商品任务记录成功，等待5秒
逛商品赚金币任务完成，获得18金币
【35/55】浏览商品任务记录成功，等待5秒
逛商品赚金币任务完成，获得18金币
【37/55】浏览商品任务记录成功，等待5秒
逛商品赚金币任务完成，获得18金币
【39/55】浏览商品任务记录成功，等待5秒
逛商品赚金币任务完成，获得61金币
【41/55】浏览商品任务记录成功，等待5秒
逛商品赚金币任务完成，获得8金币
【43/55】浏览商品任务记录成功，等待5秒
逛商品赚金币任务完成，获得9金币
【45/55】浏览商品任务记录成功，等待5秒
逛商品赚金币任务完成，获得9金币
【47/55】浏览商品任务记录成功，等待5秒
逛商品赚金币任务完成，获得9金币
【49/55】浏览商品任务记录成功，等待5秒
逛商品赚金币任务完成，获得72金币
【51/55】浏览商品任务记录成功，等待5秒
逛商品赚金币任务完成，获得9金币
【53/55】浏览商品任务记录成功，等待5秒
逛商品赚金币任务完成，获得9金币
【55/55】浏览商品任务记录成功，等待5秒
逛商品赚金币任务结束失败，任务已达上限
逛商品赚金币任务开启失败，任务已达上限
【1/10】浏览商品任务记录成功，等待10秒
逛活动赚金币任务结束失败，当前任务已完成
【2/10】浏览商品任务记录成功，等待10秒
逛活动赚金币任务结束失败，当前任务已完成
【3/10】浏览商品任务记录成功，等待10秒
逛活动赚金币任务完成，获得120金币
【5/10】浏览商品任务记录成功，等待10秒
逛活动赚金币任务完成，获得120金币
【7/10】浏览商品任务记录成功，等待10秒
逛活动赚金币任务完成，获得120金币
【9/10】浏览商品任务记录成功，等待10秒
逛活动赚金币任务完成，获得120金币
逛活动赚金币任务开启失败，任务已达上限
【1/85】浏览商品任务记录成功，等待15秒
看视频赚金币任务完成，获得30金币
【2/85】浏览商品任务记录成功，等待15秒
看视频赚金币任务完成，获得30金币
【4/85】浏览商品任务记录成功，等待15秒
看视频赚金币任务完成，获得120金币
【6/85】浏览商品任务记录成功，等待15秒
看视频赚金币任务完成，获得30金币
【8/85】浏览商品任务记录成功，等待15秒
看视频赚金币任务完成，获得30金币
【10/85】浏览商品任务记录成功，等待15秒
看视频赚金币任务完成，获得30金币
【12/85】浏览商品任务记录成功，等待15秒
看视频赚金币任务完成，获得30金币
【14/85】浏览商品任务记录成功，等待15秒
看视频赚金币任务完成，获得120金币
【16/85】浏览商品任务记录成功，等待15秒
看视频赚金币任务完成，获得30金币
【18/85】浏览商品任务记录成功，等待15秒
看视频赚金币任务完成，获得30金币
【20/85】浏览商品任务记录成功，等待15秒
看视频赚金币任务完成，获得30金币
【22/85】浏览商品任务记录成功，等待15秒
看视频赚金币任务完成，获得30金币
【24/85】浏览商品任务记录成功，等待15秒
看视频赚金币任务完成，获得120金币
【26/85】浏览商品任务记录成功，等待15秒
看视频赚金币任务完成，获得30金币
【28/85】浏览商品任务记录成功，等待15秒
看视频赚金币任务完成，获得30金币
【30/85】浏览商品任务记录成功，等待15秒
看视频赚金币任务完成，获得30金币
【32/85】浏览商品任务记录成功，等待15秒
看视频赚金币任务完成，获得30金币
【34/85】浏览商品任务记录成功，等待15秒
看视频赚金币任务完成，获得120金币
【36/85】浏览商品任务记录成功，等待18秒
看视频赚金币任务完成，获得25金币
【38/85】浏览商品任务记录成功，等待18秒
看视频赚金币任务完成，获得25金币
【40/85】浏览商品任务记录成功，等待18秒
看视频赚金币任务完成，获得25金币
【42/85】浏览商品任务记录成功，等待18秒
看视频赚金币任务完成，获得25金币
【44/85】浏览商品任务记录成功，等待18秒
看视频赚金币任务完成，获得120金币
【46/85】浏览商品任务记录成功，等待18秒
看视频赚金币任务完成，获得25金币
【48/85】浏览商品任务记录成功，等待18秒
看视频赚金币任务完成，获得25金币
【50/85】浏览商品任务记录成功，等待18秒
看视频赚金币任务完成，获得25金币
【52/85】浏览商品任务记录成功，等待18秒
看视频赚金币任务完成，获得25金币
【54/85】浏览商品任务记录成功，等待18秒
看视频赚金币任务完成，获得120金币
【56/85】浏览商品任务记录成功，等待18秒
看视频赚金币任务完成，获得25金币
【58/85】浏览商品任务记录成功，等待18秒
看视频赚金币任务完成，获得25金币
【60/85】浏览商品任务记录成功，等待18秒
看视频赚金币任务完成，获得1金币
【62/85】浏览商品任务记录成功，等待20秒
看视频赚金币任务完成，获得10金币
【64/85】浏览商品任务记录成功，等待20秒
看视频赚金币任务完成，获得60金币
【66/85】浏览商品任务记录成功，等待20秒
看视频赚金币任务完成，获得10金币
【68/85】浏览商品任务记录成功，等待20秒
看视频赚金币任务完成，获得10金币
【70/85】浏览商品任务记录成功，等待20秒
看视频赚金币任务完成，获得10金币
【72/85】浏览商品任务记录成功，等待20秒
看视频赚金币任务完成，获得10金币
【74/85】浏览商品任务记录成功，等待20秒
看视频赚金币任务完成，获得60金币
【76/85】浏览商品任务记录成功，等待30秒
看视频赚金币任务完成，获得5金币
【78/85】浏览商品任务记录成功，等待30秒
看视频赚金币任务完成，获得5金币
【80/85】浏览商品任务记录成功，等待30秒
看视频赚金币任务完成，获得5金币
【82/85】浏览商品任务记录成功，等待30秒
看视频赚金币任务完成，获得5金币
【84/85】浏览商品任务记录成功，等待30秒
看视频赚金币任务完成，获得40金币
看视频赚金币任务已达上限
邀好友赚金币任务完成成功，预计获得60金币
签到提现任务完成成功，预计获得60金币
东东爱消除任务完成成功，预计获得60金币
汪汪乐园任务完成成功，预计获得60金币
购券抽大奖任务完成成功，预计获得60金币
幸运转盘任务完成成功，预计获得60金币
现金签到任务完成成功，预计获得60金币
推推赚大钱任务完成成功，预计获得60金币
天天抽奖任务完成成功，预计获得60金币
水果免费领任务完成成功，预计获得60金币
砍价免费拿任务完成成功，预计获得60金币
气泡收取成功，获得60金币
气泡收取成功，获得60金币
气泡收取成功，获得60金币
气泡收取成功，获得60金币
气泡收取成功，获得60金币
气泡收取成功，获得60金币
气泡收取成功，获得60金币
气泡收取成功，获得60金币
气泡收取成功，获得60金币
气泡收取成功，获得60金币
气泡收取成功，获得60金币

==============📣系统通知📣==============
京东极速版
京东账号2jd_74a8d71c978d9
幸运大转盘抽奖获得：【39-30福利神券-老人】
幸运大转盘抽奖获得：【18-10福利神券-老人】
本次运行获得3973金币，共计140084金币
可兑换 14.01 元京东红包
兑换入口：京东极速版->我的->金币

🔔京东极速版, 结束! 🕛 1116.729 秒

