
🔔京东极速版, 开始!

====================共2个京东账号Cookie=========

==================脚本执行- 北京时间(UTC+8)：7/12/2021, 1:25:21 AM=====================


******开始【京东账号1】15631692383_p*********

【幸运大转盘】剩余抽奖机会：0
【幸运大转盘】剩余抽奖机会：0
签到失败，用户已签到
逛商品赚金币已完成
逛活动赚金币已完成
看视频赚金币已完成
邀好友赚金币已完成
签到提现已完成
东东爱消除已完成
汪汪乐园已完成
购券抽大奖已完成
幸运转盘已完成
现金签到已完成
推推赚大钱已完成
天天抽奖已完成
水果免费领已完成
砍价免费拿已完成

==============📣系统通知📣==============
京东极速版
京东账号115631692383_p
本次运行获得0金币，共计130548金币
可兑换 13.05 元京东红包
兑换入口：京东极速版->我的->金币

******开始【京东账号2】Ycp_Dream*********

【幸运大转盘】剩余抽奖机会：0
【幸运大转盘】剩余抽奖机会：0
签到失败，用户已签到
【14/55】浏览商品任务记录成功，等待5秒
逛商品赚金币任务完成，获得68金币
【16/55】浏览商品任务记录成功，等待5秒
逛商品赚金币任务完成，获得34金币
【18/55】浏览商品任务记录成功，等待5秒
逛商品赚金币任务完成，获得34金币
【20/55】浏览商品任务记录成功，等待5秒
逛商品赚金币任务完成，获得33金币
【22/55】浏览商品任务记录成功，等待5秒
逛商品赚金币任务完成，获得33金币
【24/55】浏览商品任务记录成功，等待5秒
逛商品赚金币任务完成，获得27金币
【25/55】浏览商品任务记录成功，等待5秒
逛商品赚金币任务完成，获得26金币
【27/55】浏览商品任务记录成功，等待5秒
逛商品赚金币任务完成，获得27金币
【30/55】浏览商品任务记录成功，等待5秒
逛商品赚金币任务完成，获得22金币
【32/55】浏览商品任务记录成功，等待5秒
逛商品赚金币任务完成，获得22金币
【34/55】浏览商品任务记录成功，等待5秒
逛商品赚金币任务完成，获得79金币
【36/55】浏览商品任务记录成功，等待5秒
逛商品赚金币任务完成，获得22金币
【38/55】浏览商品任务记录成功，等待5秒
逛商品赚金币任务完成，获得22金币
【40/55】浏览商品任务记录成功，等待5秒
逛商品赚金币任务完成，获得12金币
【42/55】浏览商品任务记录成功，等待5秒
逛商品赚金币任务完成，获得11金币
【44/55】浏览商品任务记录成功，等待5秒
逛商品赚金币任务完成，获得66金币
【46/55】浏览商品任务记录成功，等待5秒
逛商品赚金币任务完成，获得11金币
【48/55】浏览商品任务记录成功，等待5秒
逛商品赚金币任务完成，获得11金币
【50/55】浏览商品任务记录成功，等待5秒
逛商品赚金币任务完成，获得11金币
【52/55】浏览商品任务记录成功，等待5秒
逛商品赚金币任务完成，获得11金币
【54/55】浏览商品任务记录成功，等待5秒
逛商品赚金币任务完成，获得75金币
逛商品赚金币任务开启失败，任务已达上限
【1/10】浏览商品任务记录成功，等待10秒
逛活动赚金币任务完成，获得60金币
【2/10】浏览商品任务记录成功，等待10秒
逛活动赚金币任务完成，获得120金币
【3/10】浏览商品任务记录成功，等待10秒
逛活动赚金币任务完成，获得60金币
【4/10】浏览商品任务记录成功，等待10秒
逛活动赚金币任务完成，获得60金币
【6/10】浏览商品任务记录成功，等待10秒
逛活动赚金币任务完成，获得60金币
【8/10】浏览商品任务记录成功，等待10秒
逛活动赚金币任务完成，获得60金币
【10/10】浏览商品任务记录成功，等待10秒
逛活动赚金币任务结束失败，任务已达上限
逛活动赚金币任务开启失败，任务已达上限
【1/85】浏览商品任务记录成功，等待15秒
看视频赚金币任务完成，获得30金币
【3/85】浏览商品任务记录成功，等待15秒
看视频赚金币任务完成，获得30金币
【5/85】浏览商品任务记录成功，等待15秒
看视频赚金币任务完成，获得30金币
【7/85】浏览商品任务记录成功，等待15秒
看视频赚金币任务完成，获得30金币
【9/85】浏览商品任务记录成功，等待15秒
看视频赚金币任务完成，获得120金币
【11/85】浏览商品任务记录成功，等待15秒
看视频赚金币任务完成，获得30金币
【13/85】浏览商品任务记录成功，等待15秒
看视频赚金币任务完成，获得30金币
【15/85】浏览商品任务记录成功，等待15秒
看视频赚金币任务完成，获得30金币
【17/85】浏览商品任务记录成功，等待15秒
看视频赚金币任务完成，获得30金币
【19/85】浏览商品任务记录成功，等待15秒
看视频赚金币任务完成，获得120金币
【21/85】浏览商品任务记录成功，等待15秒
看视频赚金币任务完成，获得30金币
【23/85】浏览商品任务记录成功，等待15秒
看视频赚金币任务完成，获得30金币
【25/85】浏览商品任务记录成功，等待15秒
看视频赚金币任务完成，获得30金币
【27/85】浏览商品任务记录成功，等待15秒
看视频赚金币任务完成，获得30金币
【29/85】浏览商品任务记录成功，等待15秒
看视频赚金币任务完成，获得120金币
【31/85】浏览商品任务记录成功，等待15秒
看视频赚金币任务完成，获得30金币
【33/85】浏览商品任务记录成功，等待15秒
看视频赚金币任务完成，获得30金币
【35/85】浏览商品任务记录成功，等待15秒
看视频赚金币任务完成，获得1金币
【37/85】浏览商品任务记录成功，等待18秒
看视频赚金币任务完成，获得25金币
【39/85】浏览商品任务记录成功，等待18秒
看视频赚金币任务完成，获得120金币
【41/85】浏览商品任务记录成功，等待18秒
看视频赚金币任务完成，获得25金币
【43/85】浏览商品任务记录成功，等待18秒
看视频赚金币任务完成，获得25金币
【45/85】浏览商品任务记录成功，等待18秒
看视频赚金币任务完成，获得25金币
【47/85】浏览商品任务记录成功，等待18秒
看视频赚金币任务完成，获得25金币
【49/85】浏览商品任务记录成功，等待18秒
看视频赚金币任务完成，获得120金币
【51/85】浏览商品任务记录成功，等待18秒
看视频赚金币任务完成，获得25金币
【53/85】浏览商品任务记录成功，等待18秒
看视频赚金币任务完成，获得25金币
【55/85】浏览商品任务记录成功，等待18秒
看视频赚金币任务完成，获得25金币
【57/85】浏览商品任务记录成功，等待18秒
看视频赚金币任务完成，获得25金币
【59/85】浏览商品任务记录成功，等待18秒
看视频赚金币任务完成，获得120金币
【61/85】浏览商品任务记录成功，等待20秒
看视频赚金币任务完成，获得10金币
【63/85】浏览商品任务记录成功，等待20秒
看视频赚金币任务完成，获得10金币
【65/85】浏览商品任务记录成功，等待20秒
看视频赚金币任务完成，获得10金币
【67/85】浏览商品任务记录成功，等待20秒
看视频赚金币任务完成，获得10金币
【69/85】浏览商品任务记录成功，等待20秒
看视频赚金币任务完成，获得60金币
【71/85】浏览商品任务记录成功，等待20秒
看视频赚金币任务完成，获得10金币
【73/85】浏览商品任务记录成功，等待20秒
看视频赚金币任务完成，获得10金币
【75/85】浏览商品任务记录成功，等待20秒
看视频赚金币任务完成，获得1金币
【77/85】浏览商品任务记录成功，等待30秒
看视频赚金币任务完成，获得5金币
【79/85】浏览商品任务记录成功，等待30秒
看视频赚金币任务完成，获得40金币
【81/85】浏览商品任务记录成功，等待30秒
看视频赚金币任务完成，获得5金币
【83/85】浏览商品任务记录成功，等待30秒
看视频赚金币任务完成，获得5金币
【85/85】浏览商品任务记录成功，等待30秒
看视频赚金币任务结束失败，任务已达上限
看视频赚金币任务已达上限
任务完成失败，当前任务已完成
任务完成失败，当前任务已完成
任务完成失败，当前任务已完成
任务完成失败，当前任务已完成
任务完成失败，当前任务已完成
任务完成失败，当前任务已完成
任务完成失败，当前任务已完成
任务完成失败，当前任务已完成
任务完成失败，当前任务已完成
任务完成失败，当前任务已完成
任务完成失败，当前任务已完成

==============📣系统通知📣==============
京东极速版
京东账号2Ycp_Dream
本次运行获得2619金币，共计140084金币
可兑换 14.01 元京东红包
兑换入口：京东极速版->我的->金币

🔔京东极速版, 结束! 🕛 1027.018 秒

