
🔔东东小窝, 开始!

====================共2个京东账号Cookie=========

==================脚本执行- 北京时间(UTC+8)：7/9/2021, 11:50:25 PM=====================

"getaddrinfo ENOTFOUND wq.jd.com"
东东小窝 API请求失败，请检查网路重试

*******开始【京东账号1】15631692383_p********

"getaddrinfo ENOTFOUND jdhome.m.jd.com"
东东小窝 API请求失败，请检查网路重试
"getaddrinfo ENOTFOUND lkyl.dianpusoft.cn"
东东小窝 API请求失败，请检查网路重试
"getaddrinfo ENOTFOUND wq.jd.com"
东东小窝 API请求失败，请检查网路重试

*******开始【京东账号2】jd_74a8d71c978d9********

"getaddrinfo ENOTFOUND jdhome.m.jd.com"
东东小窝 API请求失败，请检查网路重试
"getaddrinfo ENOTFOUND lkyl.dianpusoft.cn"
东东小窝 API请求失败，请检查网路重试

去帮助作者:LXK9301


去帮助作者:LXK9301


🔔东东小窝, 结束! 🕛 139.788 秒

"getaddrinfo ENOTFOUND cdn.jsdelivr.net"
东东小窝 API请求失败，请检查网路重试
