
🔔赚京豆, 开始!

====================共2个京东账号Cookie=========

==================脚本执行- 北京时间(UTC+8)：7/12/2021, 12:16:27 AM=====================

随机取【赚京豆-瓜分京豆】20个邀请码成功


******开始【京东账号1】Ymh__Sirius*********

【做任务 天天领京豆】 10京豆已领取
赚京豆(微信小程序)-瓜分京豆】获取【活动信息失败 {"message":"活动太火爆，请稍后再试","officialDocument":"活动太火爆，请稍后再试","resultCode":"2400001","resultTips":"活动太火爆，请稍后再试","success":false}


******开始【京东账号2】Ycp_Dream*********

【做任务 天天领京豆】 活动未开启，现在去开启此活动

活动开启成功，初始：2京豆

领取 返20倍京豆 任务
去完成 返20倍京豆 任务
领取 返20倍京豆 任务奖励


领取 浏览店铺10秒 任务
去完成 浏览店铺10秒 任务
领取 浏览店铺10秒 任务奖励


领取 浏览店铺10秒 任务
去完成 浏览店铺10秒 任务
领取 浏览店铺10秒 任务奖励


领取 浏览店铺10秒 任务
去完成 浏览店铺10秒 任务
领取 浏览店铺10秒 任务奖励


领取 浏览店铺10秒 任务
去完成 浏览店铺10秒 任务
领取 浏览店铺10秒 任务奖励


领取 浏览店铺10秒 任务
去完成 浏览店铺10秒 任务
领取 浏览店铺10秒 任务奖励


领取 浏览店铺10秒 任务
去完成 浏览店铺10秒 任务
领取 浏览店铺10秒 任务奖励


领取 浏览店铺10秒 任务
去完成 浏览店铺10秒 任务
领取 浏览店铺10秒 任务奖励


领取 话费充值 任务
去完成 话费充值 任务
领取 话费充值 任务奖励


领取 抽大奖 任务
去完成 抽大奖 任务
领取 抽大奖 任务奖励


领取 瓜分话费券 任务
去完成 瓜分话费券 任务
领取 瓜分话费券 任务奖励


领取 买化妆棉得京豆 任务
去完成 买化妆棉得京豆 任务
领取 买化妆棉得京豆 任务奖励


领取 购物得京豆 任务
去完成 购物得京豆 任务
领取 购物得京豆 任务奖励


领取 浏览商品10秒 任务
去完成 浏览商品10秒 任务
领取 浏览商品10秒 任务奖励


领取 浏览商品10秒 任务
去完成 浏览商品10秒 任务
领取 浏览商品10秒 任务奖励


领取 浏览商品10秒 任务
去完成 浏览商品10秒 任务
领取 浏览商品10秒 任务奖励


领取 浏览商品10秒 任务
去完成 浏览商品10秒 任务
领取 浏览商品10秒 任务奖励


领取 浏览商品10秒 任务
去完成 浏览商品10秒 任务
领取 浏览商品10秒 任务奖励


领取 浏览商品10秒 任务
去完成 浏览商品10秒 任务
领取 浏览商品10秒 任务奖励


领取 浏览商品10秒 任务
去完成 浏览商品10秒 任务
领取 浏览商品10秒 任务奖励


领取 浏览商品10秒 任务
去完成 浏览商品10秒 任务
领取 浏览商品10秒 任务奖励


领取 浏览商品10秒 任务
去完成 浏览商品10秒 任务
领取 浏览商品10秒 任务奖励


领取 浏览商品10秒 任务
去完成 浏览商品10秒 任务
领取 浏览商品10秒 任务奖励

【做任务 天天领京豆】 累计到10京豆可领取到京东账户
【做任务 天天领京豆】当前进度：20/10
【做任务 天天领京豆】 当前已到领取京豆条件。开始领取京豆

【做任务 天天领京豆】10京豆领取成功
赚京豆(微信小程序)-瓜分京豆】获取【活动信息失败 {"message":"活动太火爆，请稍后再试","officialDocument":"活动太火爆，请稍后再试","resultCode":"2400001","resultTips":"活动太火爆，请稍后再试","success":false}


==============📣系统通知📣==============
赚京豆
【京东账号2】Ycp_Dream
【做任务 天天领京豆】10京豆


内部互助 【赚京豆(微信小程序)-瓜分京豆】活动(优先内部账号互助(需内部cookie数量大于4个)，如有剩余助力次数则给作者lxk0301和随机团助力)

开始账号内部互助 赚京豆-瓜分京豆 活动，如有剩余则给作者lxk0301和随机团助力
账号 15631692383_p 开始给作者lxk0301和随机团 undefined助力
助力结果：活动火爆，跳出

开始账号内部互助 赚京豆-瓜分京豆 活动，如有剩余则给作者lxk0301和随机团助力
账号 jd_74a8d71c978d9 开始给作者lxk0301和随机团 undefined助力
助力结果：活动火爆，跳出


🔔赚京豆, 结束! 🕛 75.328 秒

