
🔔赚京豆, 开始!

====================共5个京东账号Cookie=========

==================脚本执行- 北京时间(UTC+8)：7/2/2021, 1:38:53 PM=====================

随机取【赚京豆-瓜分京豆】20个邀请码成功


******开始【京东账号1】Ymh__Sirius*********

【做任务 天天领京豆】 30京豆已领取


当前【赚京豆(微信小程序)-瓜分京豆】能否再次开团: 否
assistStatus 2

******开始【京东账号2】Ycp_Dream*********


【京东账号2（Ycp_Dream）的【赚京豆-瓜分京豆】好友互助码提交成功

【做任务 天天领京豆】 活动未开启，现在去开启此活动

活动开启成功，初始：10京豆

领取 京豆兑彩 任务
去完成 京豆兑彩 任务
领取 京豆兑彩 任务奖励


领取 话费充值 任务
去完成 话费充值 任务
领取 话费充值 任务奖励


领取 瓜分话费券 任务
去完成 瓜分话费券 任务
领取 瓜分话费券 任务奖励


领取 抽大奖 任务
去完成 抽大奖 任务
领取 抽大奖 任务奖励


领取 签到领京豆 任务
去完成 签到领京豆 任务
领取 签到领京豆 任务奖励


领取 浏览商品10秒 任务
去完成 浏览商品10秒 任务
领取 浏览商品10秒 任务奖励


领取 浏览商品10秒 任务
去完成 浏览商品10秒 任务
领取 浏览商品10秒 任务奖励


领取 浏览商品10秒 任务
去完成 浏览商品10秒 任务
领取 浏览商品10秒 任务奖励


领取 浏览商品10秒 任务
去完成 浏览商品10秒 任务
领取 浏览商品10秒 任务奖励


领取 浏览商品10秒 任务
去完成 浏览商品10秒 任务
领取 浏览商品10秒 任务奖励


领取 浏览商品10秒 任务
去完成 浏览商品10秒 任务
领取 浏览商品10秒 任务奖励


领取 浏览商品10秒 任务
去完成 浏览商品10秒 任务
领取 浏览商品10秒 任务奖励


领取 浏览商品10秒 任务
去完成 浏览商品10秒 任务
领取 浏览商品10秒 任务奖励


领取 浏览商品10秒 任务
去完成 浏览商品10秒 任务
领取 浏览商品10秒 任务奖励


领取 浏览商品10秒 任务
去完成 浏览商品10秒 任务
领取 浏览商品10秒 任务奖励


领取 浏览商品10秒 任务
去完成 浏览商品10秒 任务
领取 浏览商品10秒 任务奖励


领取 浏览商品10秒 任务
去完成 浏览商品10秒 任务
领取 浏览商品10秒 任务奖励


领取 浏览商品10秒 任务
去完成 浏览商品10秒 任务
领取 浏览商品10秒 任务奖励


领取 浏览商品10秒 任务
去完成 浏览商品10秒 任务
领取 浏览商品10秒 任务奖励


领取 浏览商品10秒 任务
去完成 浏览商品10秒 任务
领取 浏览商品10秒 任务奖励


领取 浏览商品10秒 任务
去完成 浏览商品10秒 任务
领取 浏览商品10秒 任务奖励


领取 浏览商品10秒 任务
去完成 浏览商品10秒 任务
领取 浏览商品10秒 任务奖励


领取 浏览商品10秒 任务
去完成 浏览商品10秒 任务
领取 浏览商品10秒 任务奖励


领取 浏览商品10秒 任务
去完成 浏览商品10秒 任务
领取 浏览商品10秒 任务奖励


领取 买洗衣液得京豆 任务
去完成 买洗衣液得京豆 任务
领取 买洗衣液得京豆 任务奖励


领取 购物得京豆 任务
去完成 购物得京豆 任务
领取 购物得京豆 任务奖励

【做任务 天天领京豆】 累计到30京豆可领取到京东账户
【做任务 天天领京豆】当前进度：31/30
【做任务 天天领京豆】 当前已到领取京豆条件。开始领取京豆

【做任务 天天领京豆】30京豆领取成功


当前【赚京豆(微信小程序)-瓜分京豆】能否再次开团: 可以
assistStatus 0
准备再次开团
【赚京豆(微信小程序)-瓜分京豆】开团成功


当前【赚京豆(微信小程序)-瓜分京豆】能否再次开团: 否
assistStatus 1
已开团(未达上限)，但团成员人未满



==============📣系统通知📣==============
赚京豆
【京东账号2】Ycp_Dream
【做任务 天天领京豆】30京豆

【京东账号3（chao4596758）的【赚京豆-瓜分京豆】好友互助码提交成功


******开始【京东账号3】jd_585601a83bd48*********

【做任务 天天领京豆】 活动未开启，现在去开启此活动

活动开启成功，初始：10京豆

领取 京豆兑彩 任务
去完成 京豆兑彩 任务
领取 京豆兑彩 任务奖励


领取 话费充值 任务
去完成 话费充值 任务
领取 话费充值 任务奖励


领取 瓜分话费券 任务
去完成 瓜分话费券 任务
领取 瓜分话费券 任务奖励


领取 抽大奖 任务
去完成 抽大奖 任务
领取 抽大奖 任务奖励


领取 签到领京豆 任务
去完成 签到领京豆 任务
领取 签到领京豆 任务奖励


领取 浏览商品10秒 任务
去完成 浏览商品10秒 任务
领取 浏览商品10秒 任务奖励


领取 浏览商品10秒 任务
去完成 浏览商品10秒 任务
领取 浏览商品10秒 任务奖励


领取 浏览商品10秒 任务
去完成 浏览商品10秒 任务
领取 浏览商品10秒 任务奖励


领取 浏览商品10秒 任务
去完成 浏览商品10秒 任务
领取 浏览商品10秒 任务奖励


领取 浏览商品10秒 任务
去完成 浏览商品10秒 任务
领取 浏览商品10秒 任务奖励


领取 浏览商品10秒 任务
去完成 浏览商品10秒 任务
领取 浏览商品10秒 任务奖励


领取 浏览商品10秒 任务
去完成 浏览商品10秒 任务
领取 浏览商品10秒 任务奖励


领取 浏览商品10秒 任务
去完成 浏览商品10秒 任务
领取 浏览商品10秒 任务奖励


领取 浏览商品10秒 任务
去完成 浏览商品10秒 任务
领取 浏览商品10秒 任务奖励


领取 浏览商品10秒 任务
去完成 浏览商品10秒 任务
领取 浏览商品10秒 任务奖励


领取 浏览商品10秒 任务
去完成 浏览商品10秒 任务
领取 浏览商品10秒 任务奖励


领取 浏览商品10秒 任务
去完成 浏览商品10秒 任务
领取 浏览商品10秒 任务奖励


领取 浏览商品10秒 任务
去完成 浏览商品10秒 任务
领取 浏览商品10秒 任务奖励


领取 浏览商品10秒 任务
去完成 浏览商品10秒 任务
领取 浏览商品10秒 任务奖励


领取 浏览商品10秒 任务
去完成 浏览商品10秒 任务
领取 浏览商品10秒 任务奖励


领取 浏览商品10秒 任务
去完成 浏览商品10秒 任务
领取 浏览商品10秒 任务奖励


领取 浏览商品10秒 任务
去完成 浏览商品10秒 任务
领取 浏览商品10秒 任务奖励


领取 浏览商品10秒 任务
去完成 浏览商品10秒 任务
领取 浏览商品10秒 任务奖励


领取 浏览商品10秒 任务
去完成 浏览商品10秒 任务
领取 浏览商品10秒 任务奖励


领取 买洗衣液得京豆 任务
去完成 买洗衣液得京豆 任务
领取 买洗衣液得京豆 任务奖励


领取 购物得京豆 任务
去完成 购物得京豆 任务
领取 购物得京豆 任务奖励

【做任务 天天领京豆】 累计到30京豆可领取到京东账户
【做任务 天天领京豆】当前进度：30/30
【做任务 天天领京豆】 当前已到领取京豆条件。开始领取京豆

【做任务 天天领京豆】30京豆领取成功


当前【赚京豆(微信小程序)-瓜分京豆】能否再次开团: 可以
assistStatus 0
准备再次开团
【赚京豆(微信小程序)-瓜分京豆】开团成功


当前【赚京豆(微信小程序)-瓜分京豆】能否再次开团: 否
assistStatus 1
已开团(未达上限)，但团成员人未满



==============📣系统通知📣==============
赚京豆
【京东账号3】jd_585601a83bd48
【做任务 天天领京豆】30京豆

【京东账号4（jd_46df9eaa780aa）的【赚京豆-瓜分京豆】好友互助码提交成功


******开始【京东账号4】jd_157332ewky*********

【做任务 天天领京豆】 活动未开启，现在去开启此活动

活动开启成功，初始：10京豆

领取 京豆兑彩 任务
去完成 京豆兑彩 任务
领取 京豆兑彩 任务奖励


领取 话费充值 任务
去完成 话费充值 任务
领取 话费充值 任务奖励


领取 瓜分话费券 任务
去完成 瓜分话费券 任务
领取 瓜分话费券 任务奖励


领取 抽大奖 任务
去完成 抽大奖 任务
领取 抽大奖 任务奖励


领取 签到领京豆 任务
去完成 签到领京豆 任务
领取 签到领京豆 任务奖励


领取 浏览商品10秒 任务
去完成 浏览商品10秒 任务
领取 浏览商品10秒 任务奖励


领取 浏览商品10秒 任务
去完成 浏览商品10秒 任务
领取 浏览商品10秒 任务奖励


领取 浏览商品10秒 任务
去完成 浏览商品10秒 任务
领取 浏览商品10秒 任务奖励


领取 浏览商品10秒 任务
去完成 浏览商品10秒 任务
领取 浏览商品10秒 任务奖励


领取 浏览商品10秒 任务
去完成 浏览商品10秒 任务
领取 浏览商品10秒 任务奖励


领取 浏览商品10秒 任务
去完成 浏览商品10秒 任务
领取 浏览商品10秒 任务奖励


领取 浏览商品10秒 任务
去完成 浏览商品10秒 任务
领取 浏览商品10秒 任务奖励


领取 浏览商品10秒 任务
去完成 浏览商品10秒 任务
领取 浏览商品10秒 任务奖励


领取 浏览商品10秒 任务
去完成 浏览商品10秒 任务
领取 浏览商品10秒 任务奖励


领取 浏览商品10秒 任务
去完成 浏览商品10秒 任务
领取 浏览商品10秒 任务奖励


领取 浏览商品10秒 任务
去完成 浏览商品10秒 任务
领取 浏览商品10秒 任务奖励


领取 浏览商品10秒 任务
去完成 浏览商品10秒 任务
领取 浏览商品10秒 任务奖励


领取 浏览商品10秒 任务
去完成 浏览商品10秒 任务
领取 浏览商品10秒 任务奖励


领取 浏览商品10秒 任务
去完成 浏览商品10秒 任务
领取 浏览商品10秒 任务奖励


领取 浏览商品10秒 任务
去完成 浏览商品10秒 任务
领取 浏览商品10秒 任务奖励


领取 浏览商品10秒 任务
去完成 浏览商品10秒 任务
领取 浏览商品10秒 任务奖励


领取 浏览商品10秒 任务
去完成 浏览商品10秒 任务
领取 浏览商品10秒 任务奖励


领取 浏览商品10秒 任务
去完成 浏览商品10秒 任务
领取 浏览商品10秒 任务奖励


领取 浏览商品10秒 任务
去完成 浏览商品10秒 任务
领取 浏览商品10秒 任务奖励


领取 买洗衣液得京豆 任务
去完成 买洗衣液得京豆 任务
领取 买洗衣液得京豆 任务奖励


领取 购物得京豆 任务
去完成 购物得京豆 任务
领取 购物得京豆 任务奖励

【做任务 天天领京豆】 累计到30京豆可领取到京东账户
【做任务 天天领京豆】当前进度：30/30
【做任务 天天领京豆】 当前已到领取京豆条件。开始领取京豆

【做任务 天天领京豆】30京豆领取成功


当前【赚京豆(微信小程序)-瓜分京豆】能否再次开团: 可以
assistStatus 0
准备再次开团
【赚京豆(微信小程序)-瓜分京豆】开团成功


当前【赚京豆(微信小程序)-瓜分京豆】能否再次开团: 否
assistStatus 1
已开团(未达上限)，但团成员人未满



==============📣系统通知📣==============
赚京豆
【京东账号4】jd_157332ewky
【做任务 天天领京豆】30京豆

【京东账号5（jd_67f63c904d8c6）的【赚京豆-瓜分京豆】好友互助码提交成功


******开始【京东账号5】jd_157332zdf*********

【做任务 天天领京豆】 活动未开启，现在去开启此活动

活动开启成功，初始：10京豆

领取 京豆兑彩 任务
去完成 京豆兑彩 任务
领取 京豆兑彩 任务奖励


领取 话费充值 任务
去完成 话费充值 任务
领取 话费充值 任务奖励


领取 瓜分话费券 任务
去完成 瓜分话费券 任务
领取 瓜分话费券 任务奖励


领取 抽大奖 任务
去完成 抽大奖 任务
领取 抽大奖 任务奖励


领取 签到领京豆 任务
去完成 签到领京豆 任务
领取 签到领京豆 任务奖励


领取 浏览商品10秒 任务
去完成 浏览商品10秒 任务
领取 浏览商品10秒 任务奖励


领取 浏览商品10秒 任务
去完成 浏览商品10秒 任务
领取 浏览商品10秒 任务奖励


领取 浏览商品10秒 任务
去完成 浏览商品10秒 任务
领取 浏览商品10秒 任务奖励


领取 浏览商品10秒 任务
去完成 浏览商品10秒 任务
领取 浏览商品10秒 任务奖励


领取 浏览商品10秒 任务
去完成 浏览商品10秒 任务
领取 浏览商品10秒 任务奖励


领取 浏览商品10秒 任务
去完成 浏览商品10秒 任务
领取 浏览商品10秒 任务奖励


领取 浏览商品10秒 任务
去完成 浏览商品10秒 任务
领取 浏览商品10秒 任务奖励


领取 浏览商品10秒 任务
去完成 浏览商品10秒 任务
领取 浏览商品10秒 任务奖励


领取 浏览商品10秒 任务
去完成 浏览商品10秒 任务
领取 浏览商品10秒 任务奖励


领取 浏览商品10秒 任务
去完成 浏览商品10秒 任务
领取 浏览商品10秒 任务奖励


领取 浏览商品10秒 任务
去完成 浏览商品10秒 任务
领取 浏览商品10秒 任务奖励


领取 浏览商品10秒 任务
去完成 浏览商品10秒 任务
领取 浏览商品10秒 任务奖励


领取 浏览商品10秒 任务
去完成 浏览商品10秒 任务
领取 浏览商品10秒 任务奖励


领取 浏览商品10秒 任务
去完成 浏览商品10秒 任务
领取 浏览商品10秒 任务奖励


领取 浏览商品10秒 任务
去完成 浏览商品10秒 任务
领取 浏览商品10秒 任务奖励


领取 浏览商品10秒 任务
去完成 浏览商品10秒 任务
领取 浏览商品10秒 任务奖励


领取 浏览商品10秒 任务
去完成 浏览商品10秒 任务
领取 浏览商品10秒 任务奖励


领取 浏览商品10秒 任务
去完成 浏览商品10秒 任务
领取 浏览商品10秒 任务奖励


领取 浏览商品10秒 任务
去完成 浏览商品10秒 任务
领取 浏览商品10秒 任务奖励


领取 买洗衣液得京豆 任务
去完成 买洗衣液得京豆 任务
领取 买洗衣液得京豆 任务奖励


领取 购物得京豆 任务
去完成 购物得京豆 任务
领取 购物得京豆 任务奖励

【做任务 天天领京豆】 累计到30京豆可领取到京东账户
【做任务 天天领京豆】当前进度：31/30
【做任务 天天领京豆】 当前已到领取京豆条件。开始领取京豆

【做任务 天天领京豆】30京豆领取成功


当前【赚京豆(微信小程序)-瓜分京豆】能否再次开团: 可以
assistStatus 0
准备再次开团
【赚京豆(微信小程序)-瓜分京豆】开团成功


当前【赚京豆(微信小程序)-瓜分京豆】能否再次开团: 否
assistStatus 1
已开团(未达上限)，但团成员人未满



==============📣系统通知📣==============
赚京豆
【京东账号5】jd_157332zdf
【做任务 天天领京豆】30京豆


内部互助 【赚京豆(微信小程序)-瓜分京豆】活动(优先内部账号互助(需内部cookie数量大于4个)，如有剩余助力次数则给作者lxk0301和随机团助力)

开始账号内部互助 赚京豆-瓜分京豆 活动，优先内部账号互助
账号 15631692383_p 开始给 【kNSVkpjUyGDwTllOzTeYaA==
】助力
助力结果：不能助力自己


【京东账号5（jd_157332zdf）的【赚京豆-瓜分京豆】好友互助码提交成功

账号 15631692383_p 开始给 【rieerZGU-9ifNMFV3tXcY0bCOLQDCrQB
】助力
助力结果：助力次数已耗尽

开始账号内部互助 赚京豆-瓜分京豆 活动，优先内部账号互助
账号 jd_74a8d71c978d9 开始给 【kNSVkpjUyGDwTllOzTeYaA==
】助力
助力结果：未知错误
{"message":"活动太火爆，请稍后再试","officialDocument":"活动太火爆，请稍后再试","resultCode":"2400201","resultTips":"活动太火爆，请稍后再试","success":false}


账号 jd_74a8d71c978d9 开始给 【rieerZGU-9ifNMFV3tXcY0bCOLQDCrQB
】助力
助力结果：不能助力自己

账号 jd_74a8d71c978d9 开始给 【Upb9N_DlSyzALR6AbIF-vQ==
】助力
助力结果：助力成功

账号 jd_74a8d71c978d9 开始给 【UKphRiWl5zTKgQ922AjpvkbCOLQDCrQB
】助力
助力结果：助力成功

账号 jd_74a8d71c978d9 开始给 【DdfnGeTzyJgLl49WGMdnakbCOLQDCrQB
】助力
助力结果：助力成功

开始账号内部互助 赚京豆-瓜分京豆 活动，如有剩余则给作者lxk0301和随机团助力
账号 jd_74a8d71c978d9 开始给作者lxk0301和随机团 O5_KJMkJJIhq33IbzlU60EbCOLQDCrQB
助力
助力结果：未知错误
{"message":"活动太火爆，请稍后再试","officialDocument":"活动太火爆，请稍后再试","resultCode":"2400201","resultTips":"活动太火爆，请稍后再试","success":false}


账号 jd_74a8d71c978d9 开始给作者lxk0301和随机团 2aK5wph5lJRrALFo6V8E1g==
助力
助力结果：未知错误
{"message":"活动太火爆，请稍后再试","officialDocument":"活动太火爆，请稍后再试","resultCode":"90000014","resultTips":"活动太火爆，请稍后再试","success":false}


账号 jd_74a8d71c978d9 开始给作者lxk0301和随机团 7xiLGL7Uuzw=
助力
助力结果：未知错误
{"message":"活动太火爆，请稍后再试","officialDocument":"活动太火爆，请稍后再试","resultCode":"2400201","resultTips":"活动太火爆，请稍后再试","success":false}


账号 jd_74a8d71c978d9 开始给作者lxk0301和随机团 hdOuhDI-aBWpQoLtnpkPH0bCOLQDCrQB
助力
助力结果：未知错误
{"message":"活动太火爆，请稍后再试","officialDocument":"活动太火爆，请稍后再试","resultCode":"2400201","resultTips":"活动太火爆，请稍后再试","success":false}


账号 jd_74a8d71c978d9 开始给作者lxk0301和随机团 Gfg26Dv3xyFtjrEE_XDOIkbCOLQDCrQB
助力
助力结果：未知错误
{"message":"活动太火爆，请稍后再试","officialDocument":"活动太火爆，请稍后再试","resultCode":"2400201","resultTips":"活动太火爆，请稍后再试","success":false}


账号 jd_74a8d71c978d9 开始给作者lxk0301和随机团 oHTfvJbWSJcsccgwbgLjrUbCOLQDCrQB
助力
助力结果：助力次数已耗尽

开始账号内部互助 赚京豆-瓜分京豆 活动，优先内部账号互助
账号 chao4596758 开始给 【kNSVkpjUyGDwTllOzTeYaA==
】助力
助力结果：未知错误
{"message":"活动太火爆，请稍后再试","officialDocument":"活动太火爆，请稍后再试","resultCode":"2400201","resultTips":"活动太火爆，请稍后再试","success":false}


账号 chao4596758 开始给 【rieerZGU-9ifNMFV3tXcY0bCOLQDCrQB
】助力
助力结果：助力成功

账号 chao4596758 开始给 【Upb9N_DlSyzALR6AbIF-vQ==
】助力
助力结果：不能助力自己

账号 chao4596758 开始给 【UKphRiWl5zTKgQ922AjpvkbCOLQDCrQB
】助力
助力结果：助力成功

账号 chao4596758 开始给 【DdfnGeTzyJgLl49WGMdnakbCOLQDCrQB
】助力
助力结果：助力成功

开始账号内部互助 赚京豆-瓜分京豆 活动，如有剩余则给作者lxk0301和随机团助力
账号 chao4596758 开始给作者lxk0301和随机团 O5_KJMkJJIhq33IbzlU60EbCOLQDCrQB
助力
助力结果：未知错误
{"message":"活动太火爆，请稍后再试","officialDocument":"活动太火爆，请稍后再试","resultCode":"2400201","resultTips":"活动太火爆，请稍后再试","success":false}


账号 chao4596758 开始给作者lxk0301和随机团 2aK5wph5lJRrALFo6V8E1g==
助力
助力结果：未知错误
{"message":"活动太火爆，请稍后再试","officialDocument":"活动太火爆，请稍后再试","resultCode":"90000014","resultTips":"活动太火爆，请稍后再试","success":false}


账号 chao4596758 开始给作者lxk0301和随机团 7xiLGL7Uuzw=
助力
助力结果：未知错误
{"message":"活动太火爆，请稍后再试","officialDocument":"活动太火爆，请稍后再试","resultCode":"2400201","resultTips":"活动太火爆，请稍后再试","success":false}


账号 chao4596758 开始给作者lxk0301和随机团 hdOuhDI-aBWpQoLtnpkPH0bCOLQDCrQB
助力
助力结果：未知错误
{"message":"活动太火爆，请稍后再试","officialDocument":"活动太火爆，请稍后再试","resultCode":"2400201","resultTips":"活动太火爆，请稍后再试","success":false}


账号 chao4596758 开始给作者lxk0301和随机团 Gfg26Dv3xyFtjrEE_XDOIkbCOLQDCrQB
助力
助力结果：未知错误
{"message":"活动太火爆，请稍后再试","officialDocument":"活动太火爆，请稍后再试","resultCode":"2400201","resultTips":"活动太火爆，请稍后再试","success":false}


账号 chao4596758 开始给作者lxk0301和随机团 oHTfvJbWSJcsccgwbgLjrUbCOLQDCrQB
助力
助力结果：助力次数已耗尽

开始账号内部互助 赚京豆-瓜分京豆 活动，优先内部账号互助
账号 jd_46df9eaa780aa 开始给 【kNSVkpjUyGDwTllOzTeYaA==
】助力
助力结果：未知错误
{"message":"活动太火爆，请稍后再试","officialDocument":"活动太火爆，请稍后再试","resultCode":"2400201","resultTips":"活动太火爆，请稍后再试","success":false}


账号 jd_46df9eaa780aa 开始给 【rieerZGU-9ifNMFV3tXcY0bCOLQDCrQB
】助力
助力结果：助力成功

账号 jd_46df9eaa780aa 开始给 【Upb9N_DlSyzALR6AbIF-vQ==
】助力
助力结果：助力成功

账号 jd_46df9eaa780aa 开始给 【UKphRiWl5zTKgQ922AjpvkbCOLQDCrQB
】助力
助力结果：不能助力自己

账号 jd_46df9eaa780aa 开始给 【DdfnGeTzyJgLl49WGMdnakbCOLQDCrQB
】助力
助力结果：助力成功

开始账号内部互助 赚京豆-瓜分京豆 活动，如有剩余则给作者lxk0301和随机团助力
账号 jd_46df9eaa780aa 开始给作者lxk0301和随机团 O5_KJMkJJIhq33IbzlU60EbCOLQDCrQB
助力
助力结果：未知错误
{"message":"活动太火爆，请稍后再试","officialDocument":"活动太火爆，请稍后再试","resultCode":"2400201","resultTips":"活动太火爆，请稍后再试","success":false}


账号 jd_46df9eaa780aa 开始给作者lxk0301和随机团 2aK5wph5lJRrALFo6V8E1g==
助力
助力结果：未知错误
{"message":"活动太火爆，请稍后再试","officialDocument":"活动太火爆，请稍后再试","resultCode":"90000014","resultTips":"活动太火爆，请稍后再试","success":false}


账号 jd_46df9eaa780aa 开始给作者lxk0301和随机团 7xiLGL7Uuzw=
助力
助力结果：未知错误
{"message":"活动太火爆，请稍后再试","officialDocument":"活动太火爆，请稍后再试","resultCode":"2400201","resultTips":"活动太火爆，请稍后再试","success":false}


账号 jd_46df9eaa780aa 开始给作者lxk0301和随机团 hdOuhDI-aBWpQoLtnpkPH0bCOLQDCrQB
助力
助力结果：未知错误
{"message":"活动太火爆，请稍后再试","officialDocument":"活动太火爆，请稍后再试","resultCode":"2400201","resultTips":"活动太火爆，请稍后再试","success":false}


账号 jd_46df9eaa780aa 开始给作者lxk0301和随机团 Gfg26Dv3xyFtjrEE_XDOIkbCOLQDCrQB
助力
助力结果：未知错误
{"message":"活动太火爆，请稍后再试","officialDocument":"活动太火爆，请稍后再试","resultCode":"2400201","resultTips":"活动太火爆，请稍后再试","success":false}


账号 jd_46df9eaa780aa 开始给作者lxk0301和随机团 oHTfvJbWSJcsccgwbgLjrUbCOLQDCrQB
助力
助力结果：助力次数已耗尽

开始账号内部互助 赚京豆-瓜分京豆 活动，优先内部账号互助
账号 jd_67f63c904d8c6 开始给 【kNSVkpjUyGDwTllOzTeYaA==
】助力
助力结果：未知错误
{"message":"活动太火爆，请稍后再试","officialDocument":"活动太火爆，请稍后再试","resultCode":"2400201","resultTips":"活动太火爆，请稍后再试","success":false}


账号 jd_67f63c904d8c6 开始给 【rieerZGU-9ifNMFV3tXcY0bCOLQDCrQB
】助力
助力结果：助力成功

账号 jd_67f63c904d8c6 开始给 【Upb9N_DlSyzALR6AbIF-vQ==
】助力
助力结果：助力成功

账号 jd_67f63c904d8c6 开始给 【UKphRiWl5zTKgQ922AjpvkbCOLQDCrQB
】助力
助力结果：助力成功

账号 jd_67f63c904d8c6 开始给 【DdfnGeTzyJgLl49WGMdnakbCOLQDCrQB
】助力
助力结果：不能助力自己

开始账号内部互助 赚京豆-瓜分京豆 活动，如有剩余则给作者lxk0301和随机团助力
账号 jd_67f63c904d8c6 开始给作者lxk0301和随机团 O5_KJMkJJIhq33IbzlU60EbCOLQDCrQB
助力
助力结果：未知错误
{"message":"活动太火爆，请稍后再试","officialDocument":"活动太火爆，请稍后再试","resultCode":"2400201","resultTips":"活动太火爆，请稍后再试","success":false}


账号 jd_67f63c904d8c6 开始给作者lxk0301和随机团 2aK5wph5lJRrALFo6V8E1g==
助力
助力结果：未知错误
{"message":"活动太火爆，请稍后再试","officialDocument":"活动太火爆，请稍后再试","resultCode":"2400201","resultTips":"活动太火爆，请稍后再试","success":false}


账号 jd_67f63c904d8c6 开始给作者lxk0301和随机团 7xiLGL7Uuzw=
助力
助力结果：未知错误
{"message":"活动太火爆，请稍后再试","officialDocument":"活动太火爆，请稍后再试","resultCode":"2400201","resultTips":"活动太火爆，请稍后再试","success":false}


账号 jd_67f63c904d8c6 开始给作者lxk0301和随机团 hdOuhDI-aBWpQoLtnpkPH0bCOLQDCrQB
助力
助力结果：未知错误
{"message":"活动太火爆，请稍后再试","officialDocument":"活动太火爆，请稍后再试","resultCode":"2400201","resultTips":"活动太火爆，请稍后再试","success":false}


账号 jd_67f63c904d8c6 开始给作者lxk0301和随机团 Gfg26Dv3xyFtjrEE_XDOIkbCOLQDCrQB
助力
助力结果：未知错误
{"message":"活动太火爆，请稍后再试","officialDocument":"活动太火爆，请稍后再试","resultCode":"2400201","resultTips":"活动太火爆，请稍后再试","success":false}


账号 jd_67f63c904d8c6 开始给作者lxk0301和随机团 oHTfvJbWSJcsccgwbgLjrUbCOLQDCrQB
助力
助力结果：助力次数已耗尽


🔔赚京豆, 结束! 🕛 387.018 秒

