
🔔赚京豆, 开始!

====================共4个京东账号Cookie=========

==================脚本执行- 北京时间(UTC+8)：6/30/2021, 7:50:32 PM=====================

随机取【赚京豆-瓜分京豆】20个邀请码异常:getaddrinfo ENOTFOUND go.chiang.fun

❗️赚京豆, 错误!


******开始【京东账号1】15631692383_p*********

"getaddrinfo ENOTFOUND api.m.jd.com"
赚京豆 API请求失败，请检查网路重试
"getaddrinfo ENOTFOUND api.m.jd.com"
赚京豆 API请求失败，请检查网路重试
"getaddrinfo ENOTFOUND api.m.jd.com"
赚京豆 API请求失败，请检查网路重试

❗️赚京豆, 错误!


******开始【京东账号2】jd_74a8d71c978d9*********

"getaddrinfo ENOTFOUND api.m.jd.com"
赚京豆 API请求失败，请检查网路重试
"getaddrinfo ENOTFOUND api.m.jd.com"
赚京豆 API请求失败，请检查网路重试
"getaddrinfo ENOTFOUND api.m.jd.com"
赚京豆 API请求失败，请检查网路重试

❗️赚京豆, 错误!


******开始【京东账号3】chao4596758*********

"getaddrinfo ENOTFOUND api.m.jd.com"
赚京豆 API请求失败，请检查网路重试
"getaddrinfo ENOTFOUND api.m.jd.com"
赚京豆 API请求失败，请检查网路重试
"getaddrinfo ENOTFOUND api.m.jd.com"
赚京豆 API请求失败，请检查网路重试

❗️赚京豆, 错误!


******开始【京东账号4】jd_46df9eaa780aa*********

"getaddrinfo ENOTFOUND api.m.jd.com"
赚京豆 API请求失败，请检查网路重试
"getaddrinfo ENOTFOUND api.m.jd.com"
赚京豆 API请求失败，请检查网路重试
"getaddrinfo ENOTFOUND api.m.jd.com"
赚京豆 API请求失败，请检查网路重试


内部互助 【赚京豆(微信小程序)-瓜分京豆】活动(优先内部账号互助(需内部cookie数量大于4个)，如有剩余助力次数则给作者lxk0301和随机团助力)


🔔赚京豆, 结束! 🕛 43997.81 秒

