
🔔京东抽奖机&内部互助, 开始!

====================共4个京东账号Cookie=========

==================脚本执行- 北京时间(UTC+8)：6/30/2021, 12:00:02 PM=====================



当前共有11个抽奖机活动



第1个抽奖活动【1EFRRxA】
functionId：interact_template_getHomeData

***************开始京东账号1 15631692383_p***************
邀请码：T018v_h1Qx8f_FbUKBmb1ACjVWmIaW5kRrbA
邀请好友助力：0/10


***************开始京东账号2 jd_74a8d71c978d9***************
邀请码：T0225KkcRxpI_QDQIUn9k_9efQCjVWmIaW5kRrbA
邀请好友助力：0/10


***************开始京东账号3 chao4596758***************
邀请码：T0157aUiHxoc_FLQJRICjVWmIaW5kRrbA
邀请好友助力：0/10


***************开始京东账号4 jd_46df9eaa780aa***************
邀请码：T0225KkcRBhNo12CcUvznPdbJQCjVWmIaW5kRrbA
邀请好友助力：0/10


第2个抽奖活动【1EFRQwA】
functionId：interact_template_getHomeData

***************开始京东账号1 15631692383_p***************
邀请码：T018v_h1Qx8f_FbUKBmb1ACjVXnIaW5kRrbA
邀请好友助力：0/10


***************开始京东账号2 jd_74a8d71c978d9***************
邀请码：T0225KkcRxpI_QDQIUn9k_9efQCjVXnIaW5kRrbA
邀请好友助力：0/10


***************开始京东账号3 chao4596758***************
邀请码：T0157aUiHxoc_FLQJRICjVXnIaW5kRrbA
邀请好友助力：0/10


***************开始京东账号4 jd_46df9eaa780aa***************
邀请码：T0225KkcRBhNo12CcUvznPdbJQCjVXnIaW5kRrbA
邀请好友助力：0/10


第3个抽奖活动【1EFRYxQ】
functionId：harmony_template_getHomeData

***************开始京东账号1 15631692383_p***************

第3个抽奖活动【1EFRYxQ】,不需要助力

第4个抽奖活动【1EFRXxg】
functionId：healthyDay_getHomeData

***************开始京东账号1 15631692383_p***************
邀请码：T018v_h1Qx8f_FbUKBmb1ACjVQmoaT5kRrbA
邀请好友助力：0/10


***************开始京东账号2 jd_74a8d71c978d9***************
邀请码：T0225KkcRxpI_QDQIUn9k_9efQCjVQmoaT5kRrbA
邀请好友助力：0/10


***************开始京东账号3 chao4596758***************
邀请码：T0157aUiHxoc_FLQJRICjVQmoaT5kRrbA
邀请好友助力：0/10


***************开始京东账号4 jd_46df9eaa780aa***************
邀请码：T0225KkcRBhNo12CcUvznPdbJQCjVQmoaT5kRrbA
邀请好友助力：0/10


第5个抽奖活动【1EFVRwA】
functionId：healthyDay_getHomeData

***************开始京东账号1 15631692383_p***************
邀请码：T018v_h1Qx8f_FbUKBmb1ACjRWnIaW5kRrbA
邀请好友助力：3/3


***************开始京东账号2 jd_74a8d71c978d9***************
邀请码：T0225KkcRxpI_QDQIUn9k_9efQCjRWnIaW5kRrbA
邀请好友助力：0/3


***************开始京东账号3 chao4596758***************
邀请码：T0157aUiHxoc_FLQJRICjRWnIaW5kRrbA
邀请好友助力：0/3


***************开始京东账号4 jd_46df9eaa780aa***************
邀请码：T0225KkcRBhNo12CcUvznPdbJQCjRWnIaW5kRrbA
邀请好友助力：0/3


第6个抽奖活动【1EFVRxw】
functionId：healthyDay_getHomeData

***************开始京东账号1 15631692383_p***************
获取抽奖活动数据失败：活动已结束

***************开始京东账号2 jd_74a8d71c978d9***************
获取抽奖活动数据失败：活动已结束

***************开始京东账号3 chao4596758***************
获取抽奖活动数据失败：活动已结束

***************开始京东账号4 jd_46df9eaa780aa***************
获取抽奖活动数据失败：活动已结束

第7个抽奖活动【1EFRZwA】
functionId：healthyDay_getHomeData

***************开始京东账号1 15631692383_p***************
获取抽奖活动数据失败：活动已结束

***************开始京东账号2 jd_74a8d71c978d9***************
获取抽奖活动数据失败：活动已结束

***************开始京东账号3 chao4596758***************
获取抽奖活动数据失败：活动已结束

***************开始京东账号4 jd_46df9eaa780aa***************
获取抽奖活动数据失败：活动已结束

第8个抽奖活动【1EFRZwQ】
functionId：healthyDay_getHomeData

***************开始京东账号1 15631692383_p***************
获取抽奖活动数据失败：活动已结束

***************开始京东账号2 jd_74a8d71c978d9***************
获取抽奖活动数据失败：活动已结束

***************开始京东账号3 chao4596758***************
获取抽奖活动数据失败：活动已结束

***************开始京东账号4 jd_46df9eaa780aa***************
获取抽奖活动数据失败：活动已结束

第9个抽奖活动【1EFRYwA】
functionId：healthyDay_getHomeData

***************开始京东账号1 15631692383_p***************
获取抽奖活动数据失败：活动已结束

***************开始京东账号2 jd_74a8d71c978d9***************
获取抽奖活动数据失败：活动已结束

***************开始京东账号3 chao4596758***************
获取抽奖活动数据失败：活动已结束

***************开始京东账号4 jd_46df9eaa780aa***************
获取抽奖活动数据失败：活动已结束

第10个抽奖活动【1EFVRxg】
functionId：healthyDay_getHomeData

***************开始京东账号1 15631692383_p***************

第10个抽奖活动【1EFVRxg】,不需要助力

第11个抽奖活动【1EFVRxQ】
functionId：healthyDay_getHomeData

***************开始京东账号1 15631692383_p***************
邀请码：T018v_h1Qx8f_FbUKBmb1ACjRWmYaW5kRrbA
邀请好友助力：3/3


***************开始京东账号2 jd_74a8d71c978d9***************
邀请码：T0225KkcRxpI_QDQIUn9k_9efQCjRWmYaW5kRrbA
邀请好友助力：0/3


***************开始京东账号3 chao4596758***************
邀请码：T0157aUiHxoc_FLQJRICjRWmYaW5kRrbA
邀请好友助力：0/3


***************开始京东账号4 jd_46df9eaa780aa***************
邀请码：T0225KkcRBhNo12CcUvznPdbJQCjRWmYaW5kRrbA
邀请好友助力：0/3

账号1 15631692383_p 去助力账号 jd_74a8d71c978d9的第1个抽奖活动【1EFRRxA】，邀请码 【T0225KkcRxpI_QDQIUn9k_9efQCjVWmIaW5kRrbA】
助力失败：已达到助力上限

账号1 15631692383_p 去助力账号 jd_74a8d71c978d9的第2个抽奖活动【1EFRQwA】，邀请码 【T0225KkcRxpI_QDQIUn9k_9efQCjVXnIaW5kRrbA】
助力失败：已达到助力上限

账号1 15631692383_p 去助力账号 jd_74a8d71c978d9的第4个抽奖活动【1EFRXxg】，邀请码 【T0225KkcRxpI_QDQIUn9k_9efQCjVQmoaT5kRrbA】
助力失败：已达到助力上限

账号1 15631692383_p 去助力账号 jd_74a8d71c978d9的第5个抽奖活动【1EFVRwA】，邀请码 【T0225KkcRxpI_QDQIUn9k_9efQCjRWnIaW5kRrbA】
助力失败：已达到助力上限

账号1 15631692383_p 去助力账号 jd_74a8d71c978d9的第11个抽奖活动【1EFVRxQ】，邀请码 【T0225KkcRxpI_QDQIUn9k_9efQCjRWmYaW5kRrbA】
助力失败：已达到助力上限

账号2 jd_74a8d71c978d9 去助力账号 15631692383_p的第1个抽奖活动【1EFRRxA】，邀请码 【T018v_h1Qx8f_FbUKBmb1ACjVWmIaW5kRrbA】
助力结果：success🎉

账号2 jd_74a8d71c978d9 去助力账号 chao4596758的第1个抽奖活动【1EFRRxA】，邀请码 【T0157aUiHxoc_FLQJRICjVWmIaW5kRrbA】
助力结果：success🎉

账号2 jd_74a8d71c978d9 去助力账号 jd_46df9eaa780aa的第1个抽奖活动【1EFRRxA】，邀请码 【T0225KkcRBhNo12CcUvznPdbJQCjVWmIaW5kRrbA】
助力结果：success🎉

账号2 jd_74a8d71c978d9 去助力账号 15631692383_p的第2个抽奖活动【1EFRQwA】，邀请码 【T018v_h1Qx8f_FbUKBmb1ACjVXnIaW5kRrbA】
助力结果：success🎉

账号2 jd_74a8d71c978d9 去助力账号 chao4596758的第2个抽奖活动【1EFRQwA】，邀请码 【T0157aUiHxoc_FLQJRICjVXnIaW5kRrbA】
助力结果：success🎉

账号2 jd_74a8d71c978d9 去助力账号 jd_46df9eaa780aa的第2个抽奖活动【1EFRQwA】，邀请码 【T0225KkcRBhNo12CcUvznPdbJQCjVXnIaW5kRrbA】
助力结果：success🎉

账号2 jd_74a8d71c978d9 去助力账号 15631692383_p的第4个抽奖活动【1EFRXxg】，邀请码 【T018v_h1Qx8f_FbUKBmb1ACjVQmoaT5kRrbA】
助力结果：success🎉

账号2 jd_74a8d71c978d9 去助力账号 chao4596758的第4个抽奖活动【1EFRXxg】，邀请码 【T0157aUiHxoc_FLQJRICjVQmoaT5kRrbA】
助力结果：success🎉

账号2 jd_74a8d71c978d9 去助力账号 jd_46df9eaa780aa的第4个抽奖活动【1EFRXxg】，邀请码 【T0225KkcRBhNo12CcUvznPdbJQCjVQmoaT5kRrbA】
助力结果：success🎉

账号2 jd_74a8d71c978d9 去助力账号 chao4596758的第5个抽奖活动【1EFVRwA】，邀请码 【T0157aUiHxoc_FLQJRICjRWnIaW5kRrbA】
助力结果：success🎉

账号2 jd_74a8d71c978d9 去助力账号 jd_46df9eaa780aa的第5个抽奖活动【1EFVRwA】，邀请码 【T0225KkcRBhNo12CcUvznPdbJQCjRWnIaW5kRrbA】
助力结果：success🎉

账号2 jd_74a8d71c978d9 去助力账号 chao4596758的第11个抽奖活动【1EFVRxQ】，邀请码 【T0157aUiHxoc_FLQJRICjRWmYaW5kRrbA】
助力结果：success🎉

账号2 jd_74a8d71c978d9 去助力账号 jd_46df9eaa780aa的第11个抽奖活动【1EFVRxQ】，邀请码 【T0225KkcRBhNo12CcUvznPdbJQCjRWmYaW5kRrbA】
助力结果：success🎉

账号3 chao4596758 去助力账号 15631692383_p的第1个抽奖活动【1EFRRxA】，邀请码 【T018v_h1Qx8f_FbUKBmb1ACjVWmIaW5kRrbA】
助力结果：success🎉

账号3 chao4596758 去助力账号 jd_74a8d71c978d9的第1个抽奖活动【1EFRRxA】，邀请码 【T0225KkcRxpI_QDQIUn9k_9efQCjVWmIaW5kRrbA】
助力结果：success🎉

账号3 chao4596758 去助力账号 jd_46df9eaa780aa的第1个抽奖活动【1EFRRxA】，邀请码 【T0225KkcRBhNo12CcUvznPdbJQCjVWmIaW5kRrbA】
助力结果：success🎉

账号3 chao4596758 去助力账号 15631692383_p的第2个抽奖活动【1EFRQwA】，邀请码 【T018v_h1Qx8f_FbUKBmb1ACjVXnIaW5kRrbA】
助力结果：success🎉

账号3 chao4596758 去助力账号 jd_74a8d71c978d9的第2个抽奖活动【1EFRQwA】，邀请码 【T0225KkcRxpI_QDQIUn9k_9efQCjVXnIaW5kRrbA】
助力结果：success🎉

账号3 chao4596758 去助力账号 jd_46df9eaa780aa的第2个抽奖活动【1EFRQwA】，邀请码 【T0225KkcRBhNo12CcUvznPdbJQCjVXnIaW5kRrbA】
助力结果：success🎉

账号3 chao4596758 去助力账号 15631692383_p的第4个抽奖活动【1EFRXxg】，邀请码 【T018v_h1Qx8f_FbUKBmb1ACjVQmoaT5kRrbA】
助力结果：success🎉

账号3 chao4596758 去助力账号 jd_74a8d71c978d9的第4个抽奖活动【1EFRXxg】，邀请码 【T0225KkcRxpI_QDQIUn9k_9efQCjVQmoaT5kRrbA】
助力结果：success🎉

账号3 chao4596758 去助力账号 jd_46df9eaa780aa的第4个抽奖活动【1EFRXxg】，邀请码 【T0225KkcRBhNo12CcUvznPdbJQCjVQmoaT5kRrbA】
助力结果：success🎉

账号3 chao4596758 去助力账号 jd_74a8d71c978d9的第5个抽奖活动【1EFVRwA】，邀请码 【T0225KkcRxpI_QDQIUn9k_9efQCjRWnIaW5kRrbA】
助力结果：success🎉

账号3 chao4596758 去助力账号 jd_46df9eaa780aa的第5个抽奖活动【1EFVRwA】，邀请码 【T0225KkcRBhNo12CcUvznPdbJQCjRWnIaW5kRrbA】
助力结果：success🎉

账号3 chao4596758 去助力账号 jd_74a8d71c978d9的第11个抽奖活动【1EFVRxQ】，邀请码 【T0225KkcRxpI_QDQIUn9k_9efQCjRWmYaW5kRrbA】
助力结果：success🎉

账号3 chao4596758 去助力账号 jd_46df9eaa780aa的第11个抽奖活动【1EFVRxQ】，邀请码 【T0225KkcRBhNo12CcUvznPdbJQCjRWmYaW5kRrbA】
助力结果：success🎉

账号4 jd_46df9eaa780aa 去助力账号 15631692383_p的第1个抽奖活动【1EFRRxA】，邀请码 【T018v_h1Qx8f_FbUKBmb1ACjVWmIaW5kRrbA】
助力结果：success🎉

账号4 jd_46df9eaa780aa 去助力账号 jd_74a8d71c978d9的第1个抽奖活动【1EFRRxA】，邀请码 【T0225KkcRxpI_QDQIUn9k_9efQCjVWmIaW5kRrbA】
助力结果：success🎉

账号4 jd_46df9eaa780aa 去助力账号 chao4596758的第1个抽奖活动【1EFRRxA】，邀请码 【T0157aUiHxoc_FLQJRICjVWmIaW5kRrbA】
助力结果：success🎉

账号4 jd_46df9eaa780aa 去助力账号 15631692383_p的第2个抽奖活动【1EFRQwA】，邀请码 【T018v_h1Qx8f_FbUKBmb1ACjVXnIaW5kRrbA】
助力结果：success🎉

账号4 jd_46df9eaa780aa 去助力账号 jd_74a8d71c978d9的第2个抽奖活动【1EFRQwA】，邀请码 【T0225KkcRxpI_QDQIUn9k_9efQCjVXnIaW5kRrbA】
助力结果：success🎉

账号4 jd_46df9eaa780aa 去助力账号 chao4596758的第2个抽奖活动【1EFRQwA】，邀请码 【T0157aUiHxoc_FLQJRICjVXnIaW5kRrbA】
助力结果：success🎉

账号4 jd_46df9eaa780aa 去助力账号 15631692383_p的第4个抽奖活动【1EFRXxg】，邀请码 【T018v_h1Qx8f_FbUKBmb1ACjVQmoaT5kRrbA】
助力结果：success🎉

账号4 jd_46df9eaa780aa 去助力账号 jd_74a8d71c978d9的第4个抽奖活动【1EFRXxg】，邀请码 【T0225KkcRxpI_QDQIUn9k_9efQCjVQmoaT5kRrbA】
助力结果：success🎉

账号4 jd_46df9eaa780aa 去助力账号 chao4596758的第4个抽奖活动【1EFRXxg】，邀请码 【T0157aUiHxoc_FLQJRICjVQmoaT5kRrbA】
助力结果：success🎉

账号4 jd_46df9eaa780aa 去助力账号 jd_74a8d71c978d9的第5个抽奖活动【1EFVRwA】，邀请码 【T0225KkcRxpI_QDQIUn9k_9efQCjRWnIaW5kRrbA】
助力结果：success🎉

账号4 jd_46df9eaa780aa 去助力账号 chao4596758的第5个抽奖活动【1EFVRwA】，邀请码 【T0157aUiHxoc_FLQJRICjRWnIaW5kRrbA】
助力结果：success🎉

账号4 jd_46df9eaa780aa 去助力账号 jd_74a8d71c978d9的第11个抽奖活动【1EFVRxQ】，邀请码 【T0225KkcRxpI_QDQIUn9k_9efQCjRWmYaW5kRrbA】
助力结果：success🎉

账号4 jd_46df9eaa780aa 去助力账号 chao4596758的第11个抽奖活动【1EFVRxQ】，邀请码 【T0157aUiHxoc_FLQJRICjRWmYaW5kRrbA】
助力结果：success🎉


🔔京东抽奖机, 开始!
共4个京东账号


❗️京东抽奖机, 错误!
TypeError: Cannot read property 'nickname' of undefined
    at eval (eval at main (/opt/jd/scripts/jd_lotteryMachine.js:32:5), <anonymous>:86:38)
    at isSurge.isLoon.isQuanX.isNode.got.on.then.message (eval at main (/opt/jd/scripts/jd_lotteryMachine.js:32:5), <anonymous>:373:4791)
    at processTicksAndRejections (internal/process/task_queues.js:93:5)

14-邀人助力任务-已完成3-未完成10
活动太火爆啦
请稍后尝试~

2-黛米珠宝 浓情 淡水珍珠项链【附证书】送妈妈 9-10mm43cm-全部已完成

1-A21京东自营旗舰店-全部已完成

3-逛今日必拼活动-全部已完成

3-逛品牌闪购频道-全部已完成

开始抽奖
快去完成任务获得抽奖资格吧

开始第2个抽奖活动

13-连续签到任务（7天）-全部已完成

14-邀人助力任务-已完成3-未完成10
活动太火爆啦
请稍后尝试~

2-聚鑫昌 太谷饼 饼 山西特产 糕点早点早餐零食酥饼点心小吃 2100g原味(70gx30袋）-全部已完成

3-9.9买到爽-全部已完成

3-好物1元抢-全部已完成

1-汤臣倍健京东自营旗舰店-全部已完成

21-图书会员-已完成0-未完成3

开始抽奖
快去完成任务获得抽奖资格吧

开始第3个抽奖活动

3-关注PLUS公众号-全部已完成

9-浏览PLUS频道页-全部已完成

9-浏览PLUS生活特权-已完成9-未完成10

9-浏览PLUS会员店-全部已完成

9-浏览PLUS鲜花权益-全部已完成

3-浏览民生京东PLUS联名卡开通页-全部已完成
jd_lotteryMachine.js文件  CDN刷新成功

开始抽奖
快去完成任务获得抽奖资格吧

开始第4个抽奖活动

14-邀请好友助力-已完成3-未完成10
助力已满员！谢谢你哦~

开始抽奖

8-【领券满99减60】浙梅山楂 山楂条饴山楂卷山楂球果丹皮山楂片果干蜜饯儿童休闲零食 山楂条150g*3袋-全部已完成

7-上鲜京东自营旗舰店-全部已完成

26-浏览并关注优惠日历-全部已完成

9-寻找你感兴趣的部落-全部已完成

开始抽奖
快去完成任务获得抽奖资格吧

开始第5个抽奖活动

0-为乐队打call-全部已完成

9-浏览海信618会场-全部已完成

9-浏览京东保险品牌会场-已完成7-未完成10

8-瞧瞧爆款商品-全部已完成

1-融创乐园旗舰店-全部已完成

21-开通格力品牌会员-已完成0-未完成10

14-邀请好友给JOY打气-全部已完成
助力已满员！谢谢你哦~

9-浏览当前会场-全部已完成

开始抽奖
抽奖次数已经完

开始第6个抽奖活动
活动已结束

开始第7个抽奖活动
活动已结束

开始第8个抽奖活动
活动已结束

开始第9个抽奖活动
活动已结束

开始第10个抽奖活动

13-连续签到-全部已完成

9-领吃喝玩乐超值权益-全部已完成

9-领滴滴无门槛快车券-全部已完成

9-领诺心蛋糕3折特权-全部已完成

9-5折吃必胜客招牌比萨-全部已完成

9-领Apple Music会员-全部已完成

开始抽奖
快去完成任务获得抽奖资格吧

开始第11个抽奖活动

26-关注众筹频道-全部已完成

9-浏览众筹频道-全部已完成

8-浏览爆款商品-全部已完成

14-邀请好友助力-全部已完成
助力已满员！谢谢你哦~

13-连签-全部已完成

开始抽奖
兑奖次数已用完

==============📣系统通知📣==============
京东抽奖机
京东账号：
抽得京豆：失败：兑奖次数已用完
请点击通知跳转至APP查看

***************开始京东账号2***************

14-邀人助力任务-已完成2-未完成10
您今日已为好友助力过了哦~

开始抽奖

开始抽奖

开始抽奖
快去完成任务获得抽奖资格吧

2-【领券满99减60】浙梅山楂 山楂条饴山楂卷山楂球果丹皮山楂片果干蜜饯儿童休闲零食 山楂条150g*3袋-已完成0-未完成2

【领券满99减60】浙梅山楂 山楂条饴山楂卷山楂球果丹皮山楂片果干蜜饯儿童休闲零食 山楂条150g*3袋
success

LAN兰千层熬夜面霜 补水保湿熬夜救星唤醒肌肤50g
success

开始抽奖

开始抽奖

1-大宇电器家电京东自营旗舰店-已完成0-未完成2

大宇电器家电京东自营旗舰店
success

浪凡（LANVIN）香氛京东自营专区
success

开始抽奖

开始抽奖

3-逛今日必拼活动-已完成0-未完成2

逛今日必拼活动
success

浏览锦鲤红包
success

开始抽奖

开始抽奖

3-逛京东秒杀频道-已完成0-未完成2

逛京东秒杀频道
success

浏览特价频道
success

开始抽奖

开始抽奖

开始抽奖
快去完成任务获得抽奖资格吧

开始第2个抽奖活动

13-连续签到任务（7天）-已完成0-未完成1
success

14-邀人助力任务-已完成2-未完成10
您今日已为好友助力过了哦~

2-聚鑫昌 太谷饼 饼 山西特产 糕点早点早餐零食酥饼点心小吃 2100g原味(70gx30袋）-已完成0-未完成3

聚鑫昌 太谷饼 饼 山西特产 糕点早点早餐零食酥饼点心小吃 2100g原味(70gx30袋）
success

【固原馆】中团梦 若羌红枣200g/罐 休闲食品 蜜饯果干 特产枣子 零食灰枣 小枣 两罐
success

人之初 宝宝米粉高铁大米米糊 铁锌钙原味有机婴儿辅食 营养好吸收 480g（6-36个月适用） 小米 铁锌钙米粉
success

开始抽奖

3-9.9买到爽-已完成0-未完成2

9.9买到爽
success

查看精选补贴好物
success

开始抽奖

3-好物1元抢-已完成0-未完成3

好物1元抢
success

查看京品好物
success

宠汪汪-兑换iPhone
success

开始抽奖
快去完成任务获得抽奖资格吧

1-汤臣倍健京东自营旗舰店-已完成0-未完成3

汤臣倍健京东自营旗舰店
success

闪魔旗舰店
success

鲜次方旗舰店
success

开始抽奖

21-图书会员-已完成0-未完成3

开始抽奖
快去完成任务获得抽奖资格吧

开始第3个抽奖活动

3-关注PLUS公众号-全部已完成

9-浏览PLUS频道页-已完成0-未完成2

浏览PLUS频道页
任务领取成功
success

浏览PLUS省钱攻略页
任务领取成功
success

开始抽奖

开始抽奖

9-浏览PLUS生活特权-已完成0-未完成10

浏览PLUS生活特权
任务领取成功
success

PLUS免费享滴滴9折券
任务领取成功
success

浏览超值福利
任务领取成功
success

PLUS享COSTA买一赠一
任务领取成功
success

0元领学而思精品课程
任务领取成功
success

领每月9.9元洗车优惠
任务领取成功
success

领携程酒店折上折
任务领取成功
success

天天领外卖红包
任务领取成功
success

0元追芒果TV热播剧
任务领取成功
success

9-浏览PLUS会员店-已完成0-未完成1

浏览PLUS会员店
任务领取成功
success

开始抽奖

开始抽奖

开始抽奖

开始抽奖

开始抽奖

开始抽奖

9-浏览PLUS鲜花权益-已完成0-未完成6

浏览PLUS鲜花权益
任务领取成功
success

浏览PLUS健康权益
任务领取成功
success

浏览PLUS读书权益
任务领取成功
success

浏览寄件特权
任务领取成功
success

浏览PLUS理财权益
任务领取成功
success

购物送PLUS会员
任务领取成功
success

开始抽奖

开始抽奖

3-浏览民生京东PLUS联名卡开通页-已完成0-未完成5

浏览民生京东PLUS联名卡开通页
success

浏览光大京东PLUS联名卡开通页
success

浏览交行京东PLUS联名卡
success

浏览中信PLUS联名卡
success

理财联名卡
success

开始抽奖

开始抽奖

开始抽奖
快去完成任务获得抽奖资格吧

开始第4个抽奖活动

14-邀请好友助力-已完成2-未完成10
您今日已为好友助力过了哦~

开始抽奖

开始抽奖

开始抽奖
快去完成任务获得抽奖资格吧

8-【领券满99减60】浙梅山楂 山楂条饴山楂卷山楂球果丹皮山楂片果干蜜饯儿童休闲零食 山楂条150g*3袋-已完成0-未完成2

【领券满99减60】浙梅山楂 山楂条饴山楂卷山楂球果丹皮山楂片果干蜜饯儿童休闲零食 山楂条150g*3袋
任务领取成功
success

LAN兰千层熬夜面霜 补水保湿熬夜救星唤醒肌肤50g
任务领取成功
success

开始抽奖

开始抽奖

7-大宇电器家电京东自营旗舰店-已完成0-未完成2

大宇电器家电京东自营旗舰店
任务领取成功
success

浪凡（LANVIN）香氛京东自营专区
任务领取成功
success

开始抽奖

开始抽奖
京豆:1

26-浏览并关注秒杀频道-已完成0-未完成3

浏览并关注秒杀频道
success

浏览并关注闪购频道
success

浏览并关注优惠日历
success

开始抽奖

开始抽奖
京豆:1

开始抽奖

9-浏览锦鲤红包-已完成0-未完成2

浏览锦鲤红包
任务领取成功
success

寻找你感兴趣的部落
任务领取成功
success

开始抽奖

开始抽奖
京豆:1

开始抽奖
快去完成任务获得抽奖资格吧

开始第5个抽奖活动

0-为乐队打call-已完成0-未完成1
success

9-浏览小米618会场-已完成0-未完成10

浏览小米618会场
任务领取成功
success

浏览海信618会场
任务领取成功
success

浏览海信618会场
任务领取成功
success

浏览西门子618会场
任务领取成功
success

浏览京东保险品牌会场
任务领取成功
success

浏览海尔618会场
任务领取成功
success

浏览美的618会场
任务领取成功
success

浏览长虹/美菱618会场
任务领取成功
success

浏览欧乐B618会场
任务领取成功
success

浏览飞利浦618会场
任务领取成功
success

开始抽奖
抽奖次数已经完

9-浏览箱包会场-已完成0-未完成10

浏览箱包会场
任务领取成功
success

全民瓜分20亿
任务领取成功
success

浏览京东保险品牌会场
任务领取成功
success

浏览文旅会场
任务领取成功
success

浏览佳佰会场
任务领取成功
success

浏览安联店铺
任务领取成功
success

浏览物流会场
任务领取成功
success

8-瞧瞧爆款商品-已完成0-未完成10

飞利浦Sonicare 星耀钻石系列智能声波震动电动牙刷  黑色 HX9912/77 
任务领取成功
success

【京东保险】京东安联保险境内旅行险 国内旅游意外保险 户外短期出行   意外医疗保障 猝死保障
任务领取成功
success

【暑促专享】上海海昌海洋公园 鲸奇错峰年卡 海洋世界亲子乐园 免预约 年卡 鲸奇错峰年卡 成人年卡
任务领取成功
success

欧乐B电动牙刷成人 情侣礼物自动3D声波旋转摆动充电式（含刷头*2+旅行盒） P4000 【京品家电】
任务领取成功
success

老板（Robam）抽油烟机烟灶套装炫彩星耀灰屏22风量欧式油烟机燃气灶家用以旧换新65D1+57B2（天然气）
任务领取成功
success

海信（Hisense）65E7G-PRO 65英寸电视4K超清液晶智能平板超薄全面屏ULED量子点120Hz游戏社交智慧屏以旧换新
任务领取成功
success

海尔（Haier）600升变频风冷无霜全空间保鲜对开门电冰箱家用干湿分储除菌净味BCD-600WGHSS19B8U1
任务领取成功
success

西门子（SIEMENS）953W+231MP欧式21风量双腔油烟机5.0kW灶具燃气灶家用烟灶套装热风自清洁（天然气）
任务领取成功
success

长虹55D7P PRO 55英寸4K超高清 智能语音 光鼠遥控 手机投屏 物联 2+32GB平板LED液晶电视机 以旧换新
任务领取成功
success

【京东保险】京东安联成长优享高端儿童医疗保险2021款 未成年人门急诊医疗费用保障
任务领取成功
success

开始抽奖
抽奖次数已经完

1-融创乐园旗舰店-已完成0-未完成20

融创乐园旗舰店
success

辉柏嘉京东自营官方旗舰店
success

长隆旅游官方旗舰店
success

小米京东自营旗舰店
success

上海迪士尼度假区官方旗舰店
success

香格里拉酒店集团旗舰店
success

苏泊尔厨卫京东自营旗舰店
success

欧乐B口腔护理京东自营旗舰店
success

长虹京东自营旗舰店
success

浙江浙旅投酒店集团专营店
success

格力京东自营旗舰店
success

飞利浦官方旗舰店
success

海尔京东自营旗舰店
success

海信京东自营旗舰店
success

老板电器京东自营旗舰店
success

海昌旅游官方旗舰店
success

京东保险官方旗舰店
success

京东酒店官方旗舰店
success

佳佰京东自营旗舰店
success

西门子家电京东自营旗舰店
success

开始抽奖
抽奖次数已经完

21-开通海尔品牌会员-已完成0-未完成10

14-邀请好友给JOY打气-已完成2-未完成3
助力已满员！谢谢你哦~

9-浏览当前会场-已完成0-未完成1

浏览当前会场
任务领取成功
success

开始抽奖
抽奖次数已经完

开始抽奖
抽奖次数已经完

开始第6个抽奖活动
活动已结束

开始第7个抽奖活动
活动已结束

开始第8个抽奖活动
活动已结束

开始第9个抽奖活动
活动已结束

开始第10个抽奖活动

13-连续签到-已完成0-未完成1
success

9-领吃喝玩乐超值权益-已完成0-未完成1

领吃喝玩乐超值权益
任务领取成功
success

开始抽奖

9-领滴滴无门槛快车券-已完成0-未完成1

领滴滴无门槛快车券
任务领取成功
success

开始抽奖

9-领诺心蛋糕3折特权-已完成0-未完成1

领诺心蛋糕3折特权
任务领取成功
success

开始抽奖

9-5折吃必胜客招牌比萨-已完成0-未完成1

5折吃必胜客招牌比萨
任务领取成功
success

开始抽奖
快去完成任务获得抽奖资格吧

9-领Apple Music会员-已完成0-未完成1

领Apple Music会员
任务领取成功
success

开始抽奖

开始抽奖
快去完成任务获得抽奖资格吧

开始第11个抽奖活动

26-关注众筹频道-全部已完成

9-浏览众筹频道-已完成0-未完成1

浏览众筹频道
任务领取成功
success

开始抽奖
兑奖次数已用完

8-浏览爆款商品-已完成0-未完成5

宾多康智能刮痧拔罐器 负压经络疏通刷 砭石按摩仪吸痧仪拔火罐磁疗热敷祛湿器 柿子橙
任务领取成功
success

京东佳佰 枕头 荞麦枕 草本养生护颈枕 高山苦荞全棉花草枕舒睡枕芯科学分区高度可调
任务领取成功
success

京东京造 电动绞蒜器绞肉机 便携大容量250ml 动力强劲安全设计 无线搅蒜拉蒜切菜调料迷你蒜蓉辅食机
任务领取成功
success

AD飞力士棒健身弹力训练棒多功能运动震颤飞力仕菲利斯震震燃脂甩脂棒 旗舰款
任务领取成功
success

定金  【众筹】618元享限时众筹礼遇 天际ME5 PLUS京东定制版新能源增程式超长续航智能SUV ME5 PLUS 京东定制版
任务领取成功
success

开始抽奖
兑奖次数已用完

14-邀请好友助力-已完成2-未完成3
助力已满员！谢谢你哦~

13-连签-已完成0-未完成1
success

开始抽奖
兑奖次数已用完

==============📣系统通知📣==============
京东抽奖机
京东账号：Ycp_Dream
抽得京豆：3个
请点击通知跳转至APP查看

***************开始京东账号3***************

14-邀人助力任务-已完成2-未完成10
您今日已为好友助力过了哦~

开始抽奖

开始抽奖

开始抽奖
快去完成任务获得抽奖资格吧

2-蔻一 Cnoles 女士钱包长款牛皮多功能零钱包多卡位拉链手拿包大容量钱夹 黑色-已完成0-未完成2

蔻一 Cnoles 女士钱包长款牛皮多功能零钱包多卡位拉链手拿包大容量钱夹 黑色
success

友谷【软边】苹果12PRO\11Pro Max背夹电池无线充电宝手机壳移动电源小巧便携mini 苹果12mini背夹（4700毫安）
success

开始抽奖

开始抽奖

1-魔漫京东自营旗舰店-已完成0-未完成2

魔漫京东自营旗舰店
success

施巴（sebamed）婴童京东自营旗舰店
success

开始抽奖

开始抽奖

3-逛今日必拼活动-已完成0-未完成2

逛今日必拼活动
success

浏览锦鲤红包
success

开始抽奖

开始抽奖

3-逛京东秒杀频道-已完成0-未完成2

逛京东秒杀频道
success

浏览特价频道
success

开始抽奖

开始抽奖

开始抽奖
快去完成任务获得抽奖资格吧

开始第2个抽奖活动

13-连续签到任务（7天）-已完成0-未完成1
success

14-邀人助力任务-已完成2-未完成10
您今日已为好友助力过了哦~

2-聚鑫昌 太谷饼 饼 山西特产 糕点早点早餐零食酥饼点心小吃 2100g原味(70gx30袋）-已完成0-未完成3

聚鑫昌 太谷饼 饼 山西特产 糕点早点早餐零食酥饼点心小吃 2100g原味(70gx30袋）
success

【固原馆】中团梦 若羌红枣200g/罐 休闲食品 蜜饯果干 特产枣子 零食灰枣 小枣 两罐
success

人之初 宝宝米粉高铁大米米糊 铁锌钙原味有机婴儿辅食 营养好吸收 480g（6-36个月适用） 小米 铁锌钙米粉
success

开始抽奖

开始抽奖

3-9.9买到爽-已完成0-未完成2

9.9买到爽
success

查看精选补贴好物
success

开始抽奖
快去完成任务获得抽奖资格吧

3-好物1元抢-已完成0-未完成3

好物1元抢
success

查看京品好物
success

宠汪汪-兑换iPhone
success

开始抽奖

1-汤臣倍健京东自营旗舰店-已完成0-未完成3

汤臣倍健京东自营旗舰店
success

闪魔旗舰店
success

鲜次方旗舰店
success

开始抽奖
快去完成任务获得抽奖资格吧

21-图书会员-已完成0-未完成3

开始抽奖
快去完成任务获得抽奖资格吧

开始第3个抽奖活动

3-关注PLUS公众号-全部已完成

9-浏览PLUS频道页-已完成0-未完成2

浏览PLUS频道页
任务领取成功
success

浏览PLUS省钱攻略页
任务领取成功
success

开始抽奖

开始抽奖

9-浏览PLUS生活特权-已完成0-未完成10

浏览PLUS生活特权
任务领取成功
success

PLUS免费享滴滴9折券
任务领取成功
success

浏览超值福利
任务领取成功
success

PLUS享COSTA买一赠一
任务领取成功
success

0元领学而思精品课程
任务领取成功
success

领每月9.9元洗车优惠
任务领取成功
success

领携程酒店折上折
任务领取成功
success

天天领外卖红包
任务领取成功
success

0元追芒果TV热播剧
任务领取成功
success

9-浏览PLUS会员店-已完成0-未完成1

浏览PLUS会员店
任务领取成功
success

开始抽奖

开始抽奖

开始抽奖

开始抽奖

开始抽奖

开始抽奖

9-浏览PLUS鲜花权益-已完成0-未完成6

浏览PLUS鲜花权益
任务领取成功
success

浏览PLUS健康权益
任务领取成功
success

浏览PLUS读书权益
任务领取成功
success

浏览寄件特权
任务领取成功
success

浏览PLUS理财权益
任务领取成功
success

购物送PLUS会员
任务领取成功
success

开始抽奖

开始抽奖

3-浏览民生京东PLUS联名卡开通页-已完成0-未完成5

浏览民生京东PLUS联名卡开通页
success

浏览光大京东PLUS联名卡开通页
success

浏览交行京东PLUS联名卡
success

浏览中信PLUS联名卡
success

理财联名卡
success

开始抽奖

开始抽奖

开始抽奖
快去完成任务获得抽奖资格吧

开始第4个抽奖活动

14-邀请好友助力-已完成2-未完成10
您今日已为好友助力过了哦~

开始抽奖

开始抽奖

开始抽奖
快去完成任务获得抽奖资格吧

8-Tigerfamily儿童书包小学生一年级1-3 女男儿童轻便背包6-12周岁超轻耐磨减负护脊双肩包 （1-3年级）【特别设计】流星相遇-已完成0-未完成2

Tigerfamily儿童书包小学生一年级1-3 女男儿童轻便背包6-12周岁超轻耐磨减负护脊双肩包 （1-3年级）【特别设计】流星相遇
任务领取成功
success

骆驼（CAMEL） 商务休闲鞋潮流商务鞋柔软驾车男皮鞋 A112211580 棕色 39
任务领取成功
success

开始抽奖

开始抽奖

7-森森京东自营旗舰店-已完成0-未完成2

森森京东自营旗舰店
任务领取成功
success

潜水艇京东自营旗舰店
任务领取成功
success

开始抽奖

开始抽奖

26-浏览并关注优惠日历-已完成0-未完成3

浏览并关注优惠日历
success

浏览并关注秒杀频道
success

浏览并关注闪购频道
success

开始抽奖

开始抽奖

开始抽奖

9-浏览锦鲤红包-已完成0-未完成2

浏览锦鲤红包
任务领取成功
success

寻找你感兴趣的部落
任务领取成功
success

开始抽奖
京豆:1

开始抽奖

开始抽奖
快去完成任务获得抽奖资格吧

开始第5个抽奖活动

0-为乐队打call-已完成0-未完成1
success

9-浏览小米618会场-已完成0-未完成10

浏览小米618会场
任务领取成功
success

浏览海信618会场
任务领取成功
success

浏览海信618会场
任务领取成功
success

浏览西门子618会场
任务领取成功
success

浏览京东保险品牌会场
任务领取成功
success

浏览海尔618会场
任务领取成功
success

浏览美的618会场
任务领取成功
success

浏览长虹/美菱618会场
任务领取成功
success

浏览欧乐B618会场
任务领取成功
success

浏览飞利浦618会场
任务领取成功
success

开始抽奖
抽奖次数已经完

9-全民瓜分20亿-已完成0-未完成10

全民瓜分20亿
任务领取成功
success

浏览京东保险品牌会场
任务领取成功
success

浏览文旅会场
任务领取成功
success

浏览佳佰会场
任务领取成功
success

浏览安联店铺
任务领取成功
success

浏览物流会场
任务领取成功
success

浏览箱包会场
任务领取成功
success

8-瞧瞧爆款商品-已完成0-未完成10

飞利浦Sonicare 星耀钻石系列智能声波震动电动牙刷  黑色 HX9912/77 
任务领取成功
success

【京东保险】京东安联保险境内旅行险 国内旅游意外保险 户外短期出行   意外医疗保障 猝死保障
任务领取成功
success

【暑促专享】上海海昌海洋公园 鲸奇错峰年卡 海洋世界亲子乐园 免预约 年卡 鲸奇错峰年卡 成人年卡
任务领取成功
success

欧乐B电动牙刷成人 情侣礼物自动3D声波旋转摆动充电式（含刷头*2+旅行盒） P4000 【京品家电】
任务领取成功
success

老板（Robam）抽油烟机烟灶套装炫彩星耀灰屏22风量欧式油烟机燃气灶家用以旧换新65D1+57B2（天然气）
任务领取成功
success

海信（Hisense）65E7G-PRO 65英寸电视4K超清液晶智能平板超薄全面屏ULED量子点120Hz游戏社交智慧屏以旧换新
任务领取成功
success

海尔（Haier）600升变频风冷无霜全空间保鲜对开门电冰箱家用干湿分储除菌净味BCD-600WGHSS19B8U1
任务领取成功
success

西门子（SIEMENS）953W+231MP欧式21风量双腔油烟机5.0kW灶具燃气灶家用烟灶套装热风自清洁（天然气）
任务领取成功
success

长虹55D7P PRO 55英寸4K超高清 智能语音 光鼠遥控 手机投屏 物联 2+32GB平板LED液晶电视机 以旧换新
任务领取成功
success

【京东保险】京东安联成长优享高端儿童医疗保险2021款 未成年人门急诊医疗费用保障
任务领取成功
success

开始抽奖
抽奖次数已经完

1-融创乐园旗舰店-已完成0-未完成20

融创乐园旗舰店
success

辉柏嘉京东自营官方旗舰店
success

长隆旅游官方旗舰店
success

小米京东自营旗舰店
success

上海迪士尼度假区官方旗舰店
success

香格里拉酒店集团旗舰店
success

苏泊尔厨卫京东自营旗舰店
success

欧乐B口腔护理京东自营旗舰店
success

长虹京东自营旗舰店
success

浙江浙旅投酒店集团专营店
success

格力京东自营旗舰店
success

飞利浦官方旗舰店
success

海尔京东自营旗舰店
success

海信京东自营旗舰店
success

老板电器京东自营旗舰店
success

海昌旅游官方旗舰店
success

京东保险官方旗舰店
success

京东酒店官方旗舰店
success

佳佰京东自营旗舰店
success

西门子家电京东自营旗舰店
success

开始抽奖
抽奖次数已经完

21-开通小米品牌会员-已完成0-未完成10

14-邀请好友给JOY打气-已完成2-未完成3
助力已满员！谢谢你哦~

9-浏览当前会场-已完成0-未完成1

浏览当前会场
任务领取成功
success

开始抽奖
抽奖次数已经完

开始抽奖
抽奖次数已经完

开始第6个抽奖活动
活动已结束

开始第7个抽奖活动
活动已结束

开始第8个抽奖活动
活动已结束

开始第9个抽奖活动
活动已结束

开始第10个抽奖活动

13-连续签到-已完成0-未完成1
success

9-领吃喝玩乐超值权益-已完成0-未完成1

领吃喝玩乐超值权益
任务领取成功
success

开始抽奖

9-领滴滴无门槛快车券-已完成0-未完成1

领滴滴无门槛快车券
任务领取成功
success

开始抽奖

9-领诺心蛋糕3折特权-已完成0-未完成1

领诺心蛋糕3折特权
任务领取成功
success

开始抽奖

9-5折吃必胜客招牌比萨-已完成0-未完成1

5折吃必胜客招牌比萨
任务领取成功
success

开始抽奖
快去完成任务获得抽奖资格吧

9-领Apple Music会员-已完成0-未完成1

领Apple Music会员
任务领取成功
success

开始抽奖

开始抽奖
快去完成任务获得抽奖资格吧

开始第11个抽奖活动

26-关注众筹频道-全部已完成

9-浏览众筹频道-已完成0-未完成1

浏览众筹频道
任务领取成功
success

开始抽奖
兑奖次数已用完

8-浏览爆款商品-已完成0-未完成5

京东京造 电动绞蒜器绞肉机 便携大容量250ml 动力强劲安全设计 无线搅蒜拉蒜切菜调料迷你蒜蓉辅食机
任务领取成功
success

AD飞力士棒健身弹力训练棒多功能运动震颤飞力仕菲利斯震震燃脂甩脂棒 旗舰款
任务领取成功
success

定金  【众筹】618元享限时众筹礼遇 天际ME5 PLUS京东定制版新能源增程式超长续航智能SUV ME5 PLUS 京东定制版
任务领取成功
success

宾多康智能刮痧拔罐器 负压经络疏通刷 砭石按摩仪吸痧仪拔火罐磁疗热敷祛湿器 柿子橙
任务领取成功
success

京东佳佰 枕头 荞麦枕 草本养生护颈枕 高山苦荞全棉花草枕舒睡枕芯科学分区高度可调
任务领取成功
success

开始抽奖
兑奖次数已用完

14-邀请好友助力-已完成2-未完成3
助力已满员！谢谢你哦~

13-连签-已完成0-未完成1
success

开始抽奖
兑奖次数已用完

==============📣系统通知📣==============
京东抽奖机
京东账号：jd_585601a83bd48
抽得京豆：1个
请点击通知跳转至APP查看

***************开始京东账号4***************

14-邀人助力任务-已完成2-未完成10
您今日已为好友助力过了哦~

开始抽奖

开始抽奖

开始抽奖
快去完成任务获得抽奖资格吧

2-棉花史密斯内裤男石墨烯抗菌内裤轻薄无痕防夹臀男内裤轻薄透气一体织男士内裤 深灰/浅灰/黑 M-已完成0-未完成2

棉花史密斯内裤男石墨烯抗菌内裤轻薄无痕防夹臀男内裤轻薄透气一体织男士内裤 深灰/浅灰/黑 M
success

羽西 YUE-SAI 灵芝生机焕初纯琼元萃调理液 150ml（新生水 深层补水  提亮肤色 爽肤水）
success

开始抽奖

开始抽奖

1-SOFT99京东自营旗舰店-已完成0-未完成2

SOFT99京东自营旗舰店
success

LOLA ROSE手表京东自营旗舰店
success

开始抽奖

开始抽奖

3-浏览锦鲤红包-已完成0-未完成2

浏览锦鲤红包
success

逛今日必拼活动
success

开始抽奖

开始抽奖

3-逛京东秒杀频道-已完成0-未完成2

逛京东秒杀频道
success

浏览特价频道
success

开始抽奖

开始抽奖

开始抽奖
快去完成任务获得抽奖资格吧

开始第2个抽奖活动

13-连续签到任务（7天）-已完成0-未完成1
success

14-邀人助力任务-已完成2-未完成10
您今日已为好友助力过了哦~

2-VT老虎蜂蜜黄金洗面奶洁面乳膏控油韩国洗面奶女学生温和不刺激卸妆清洁毛孔氨基酸敏感肌面部洗面奶男进口 黄金蜂蜜洗面奶300ml-已完成0-未完成3

VT老虎蜂蜜黄金洗面奶洁面乳膏控油韩国洗面奶女学生温和不刺激卸妆清洁毛孔氨基酸敏感肌面部洗面奶男进口 黄金蜂蜜洗面奶300ml
success

【固原馆】金河 奶啤乳酸菌风味牛奶饮品 奶啤2罐
success

人之初 宝宝米粉高铁大米米糊 铁锌钙原味有机婴儿辅食 营养好吸收 480g（6-36个月适用） 小米 铁锌钙米粉
success

开始抽奖

开始抽奖

3-9.9买到爽-已完成0-未完成2

9.9买到爽
success

查看精选补贴好物
success

开始抽奖
快去完成任务获得抽奖资格吧

3-好物1元抢-已完成0-未完成3

好物1元抢
success

查看京品好物
success

宠汪汪-兑换iPhone
success

开始抽奖

1-汤臣倍健京东自营旗舰店-已完成0-未完成3

汤臣倍健京东自营旗舰店
success

闪魔旗舰店
success

鲜次方旗舰店
success

开始抽奖
快去完成任务获得抽奖资格吧

21-图书会员-已完成0-未完成3

开始抽奖
快去完成任务获得抽奖资格吧

开始第3个抽奖活动

3-关注PLUS公众号-全部已完成

9-浏览PLUS频道页-已完成0-未完成2

浏览PLUS频道页
任务领取成功
success

浏览PLUS省钱攻略页
任务领取成功
success

开始抽奖

9-浏览PLUS生活特权-已完成0-未完成10

浏览PLUS生活特权
任务领取成功
success

PLUS免费享滴滴9折券
任务领取成功
success

浏览超值福利
任务领取成功
success

PLUS享COSTA买一赠一
任务领取成功
success

0元领学而思精品课程
任务领取成功
success

领每月9.9元洗车优惠
任务领取成功
success

领携程酒店折上折
任务领取成功
success

天天领外卖红包
任务领取成功
success

0元追芒果TV热播剧
任务领取成功
success

9-浏览PLUS会员店-已完成0-未完成1

浏览PLUS会员店
任务领取成功
success

开始抽奖

开始抽奖

开始抽奖

开始抽奖

开始抽奖

开始抽奖

开始抽奖

9-浏览PLUS鲜花权益-已完成0-未完成6

浏览PLUS鲜花权益
任务领取成功
success

浏览PLUS健康权益
任务领取成功
success

浏览PLUS读书权益
任务领取成功
success

浏览寄件特权
任务领取成功
success

浏览PLUS理财权益
任务领取成功
success

购物送PLUS会员
任务领取成功
success

开始抽奖

开始抽奖

3-浏览民生京东PLUS联名卡开通页-已完成0-未完成5

浏览民生京东PLUS联名卡开通页
success

浏览光大京东PLUS联名卡开通页
success

浏览交行京东PLUS联名卡
success

浏览中信PLUS联名卡
success

理财联名卡
success

开始抽奖

开始抽奖

开始抽奖
快去完成任务获得抽奖资格吧

开始第4个抽奖活动

14-邀请好友助力-已完成2-未完成10
您今日已为好友助力过了哦~

开始抽奖

开始抽奖
京豆:1

开始抽奖
快去完成任务获得抽奖资格吧

8-Feiyue/飞跃星河主题系列休闲鞋女2021春季新款时尚超纤板鞋185 185米黄色 41-已完成0-未完成2

Feiyue/飞跃星河主题系列休闲鞋女2021春季新款时尚超纤板鞋185 185米黄色 41
任务领取成功
success

颜域圆领条纹短款毛衣女春装2021年新款女士复古百搭气质针织上衣 橙花 L
任务领取成功
success

开始抽奖

开始抽奖

7-红豆内衣京东自营旗舰店-已完成0-未完成2

红豆内衣京东自营旗舰店
任务领取成功
success

山泽数码京东自营旗舰店
任务领取成功
success

开始抽奖

开始抽奖

26-浏览并关注秒杀频道-已完成0-未完成3

浏览并关注秒杀频道
success

浏览并关注闪购频道
success

浏览并关注优惠日历
success

开始抽奖

开始抽奖

开始抽奖

9-寻找你感兴趣的部落-已完成0-未完成2

寻找你感兴趣的部落
任务领取成功
success

浏览锦鲤红包
任务领取成功
success

开始抽奖

开始抽奖

开始抽奖
快去完成任务获得抽奖资格吧

开始第5个抽奖活动

0-为乐队打call-已完成0-未完成1
success

9-浏览飞利浦618会场-已完成0-未完成10

浏览飞利浦618会场
任务领取成功
success

浏览小米618会场
任务领取成功
success

浏览海信618会场
任务领取成功
success

浏览海信618会场
任务领取成功
success

浏览西门子618会场
任务领取成功
success

浏览京东保险品牌会场
任务领取成功
success

浏览海尔618会场
任务领取成功
success

浏览美的618会场
任务领取成功
success

浏览长虹/美菱618会场
任务领取成功
success

浏览欧乐B618会场
任务领取成功
success

开始抽奖
抽奖次数已经完

9-全民瓜分20亿-已完成0-未完成10

全民瓜分20亿
任务领取成功
success

浏览京东保险品牌会场
任务领取成功
success

浏览文旅会场
任务领取成功
success

浏览佳佰会场
任务领取成功
success

浏览安联店铺
任务领取成功
success

浏览物流会场
任务领取成功
success

浏览箱包会场
任务领取成功
success

8-瞧瞧爆款商品-已完成0-未完成10

飞利浦Sonicare 星耀钻石系列智能声波震动电动牙刷  黑色 HX9912/77 
任务领取成功
success

【京东保险】京东安联保险境内旅行险 国内旅游意外保险 户外短期出行   意外医疗保障 猝死保障
任务领取成功
success

【暑促专享】上海海昌海洋公园 鲸奇错峰年卡 海洋世界亲子乐园 免预约 年卡 鲸奇错峰年卡 成人年卡
任务领取成功
success

欧乐B电动牙刷成人 情侣礼物自动3D声波旋转摆动充电式（含刷头*2+旅行盒） P4000 【京品家电】
任务领取成功
success

老板（Robam）抽油烟机烟灶套装炫彩星耀灰屏22风量欧式油烟机燃气灶家用以旧换新65D1+57B2（天然气）
任务领取成功
success

海信（Hisense）65E7G-PRO 65英寸电视4K超清液晶智能平板超薄全面屏ULED量子点120Hz游戏社交智慧屏以旧换新
任务领取成功
success

海尔（Haier）600升变频风冷无霜全空间保鲜对开门电冰箱家用干湿分储除菌净味BCD-600WGHSS19B8U1
任务领取成功
success

西门子（SIEMENS）953W+231MP欧式21风量双腔油烟机5.0kW灶具燃气灶家用烟灶套装热风自清洁（天然气）
任务领取成功
success

长虹55D7P PRO 55英寸4K超高清 智能语音 光鼠遥控 手机投屏 物联 2+32GB平板LED液晶电视机 以旧换新
任务领取成功
success

【京东保险】京东安联成长优享高端儿童医疗保险2021款 未成年人门急诊医疗费用保障
任务领取成功
success

开始抽奖
抽奖次数已经完

1-融创乐园旗舰店-已完成0-未完成20

融创乐园旗舰店
success

辉柏嘉京东自营官方旗舰店
success

长隆旅游官方旗舰店
success

小米京东自营旗舰店
success

上海迪士尼度假区官方旗舰店
success

香格里拉酒店集团旗舰店
success

苏泊尔厨卫京东自营旗舰店
success

欧乐B口腔护理京东自营旗舰店
success

长虹京东自营旗舰店
success

浙江浙旅投酒店集团专营店
success

格力京东自营旗舰店
success

飞利浦官方旗舰店
success

海尔京东自营旗舰店
success

海信京东自营旗舰店
success

老板电器京东自营旗舰店
success

海昌旅游官方旗舰店
success

京东保险官方旗舰店
success

京东酒店官方旗舰店
success

佳佰京东自营旗舰店
success

西门子家电京东自营旗舰店
success

开始抽奖
抽奖次数已经完

21-开通西门子品牌会员-已完成0-未完成10

14-邀请好友给JOY打气-已完成2-未完成3
助力已满员！谢谢你哦~

9-浏览当前会场-已完成0-未完成1

浏览当前会场
任务领取成功
success

开始抽奖
抽奖次数已经完

开始抽奖
抽奖次数已经完

开始第6个抽奖活动
活动已结束

开始第7个抽奖活动
活动已结束

开始第8个抽奖活动
活动已结束

开始第9个抽奖活动
活动已结束

开始第10个抽奖活动

13-连续签到-已完成0-未完成1
success

9-领吃喝玩乐超值权益-已完成0-未完成1

领吃喝玩乐超值权益
任务领取成功
success

开始抽奖

9-领滴滴无门槛快车券-已完成0-未完成1

领滴滴无门槛快车券
任务领取成功
success

开始抽奖

9-领诺心蛋糕3折特权-已完成0-未完成1

领诺心蛋糕3折特权
任务领取成功
success

开始抽奖

9-5折吃必胜客招牌比萨-已完成0-未完成1

5折吃必胜客招牌比萨
任务领取成功
success

开始抽奖
快去完成任务获得抽奖资格吧

9-领Apple Music会员-已完成0-未完成1

领Apple Music会员
任务领取成功
success

开始抽奖

开始抽奖
快去完成任务获得抽奖资格吧

开始第11个抽奖活动

26-关注众筹频道-全部已完成

9-浏览众筹频道-已完成0-未完成1

浏览众筹频道
任务领取成功
success

开始抽奖
兑奖次数已用完

8-浏览爆款商品-已完成0-未完成5

AD飞力士棒健身弹力训练棒多功能运动震颤飞力仕菲利斯震震燃脂甩脂棒 旗舰款
任务领取成功
success

定金  【众筹】618元享限时众筹礼遇 天际ME5 PLUS京东定制版新能源增程式超长续航智能SUV ME5 PLUS 京东定制版
任务领取成功
success

宾多康智能刮痧拔罐器 负压经络疏通刷 砭石按摩仪吸痧仪拔火罐磁疗热敷祛湿器 柿子橙
任务领取成功
success

京东佳佰 枕头 荞麦枕 草本养生护颈枕 高山苦荞全棉花草枕舒睡枕芯科学分区高度可调
任务领取成功
success

京东京造 电动绞蒜器绞肉机 便携大容量250ml 动力强劲安全设计 无线搅蒜拉蒜切菜调料迷你蒜蓉辅食机
任务领取成功
success

开始抽奖
兑奖次数已用完

14-邀请好友助力-已完成2-未完成3
助力已满员！谢谢你哦~

13-连签-已完成0-未完成1
success

开始抽奖
兑奖次数已用完

==============📣系统通知📣==============
京东抽奖机
京东账号：jd_157332ewky
抽得京豆：1个
请点击通知跳转至APP查看

🔔京东抽奖机, 结束! 🕛 1781.169 秒

