
🔔京东抽奖机&内部互助, 开始!

====================共5个京东账号Cookie=========

==================脚本执行- 北京时间(UTC+8)：7/2/2021, 12:00:03 PM=====================



当前共有11个抽奖机活动



第1个抽奖活动【1EFRRxA】
functionId：interact_template_getHomeData

***************开始京东账号1 15631692383_p***************
邀请码：T018v_h1Qx8f_FbUKBmb1ACjVWmIaW5kRrbA
邀请好友助力：4/10


***************开始京东账号2 jd_74a8d71c978d9***************
邀请码：T0225KkcRxpI_QDQIUn9k_9efQCjVWmIaW5kRrbA
邀请好友助力：0/10


***************开始京东账号3 chao4596758***************
邀请码：T0157aUiHxoc_FLQJRICjVWmIaW5kRrbA
邀请好友助力：0/10


***************开始京东账号4 jd_46df9eaa780aa***************
邀请码：T0225KkcRBhNo12CcUvznPdbJQCjVWmIaW5kRrbA
邀请好友助力：0/10


***************开始京东账号5 jd_67f63c904d8c6***************
邀请码：T0225KkcRhlP81eEKRrwwP9ZcgCjVWmIaW5kRrbA
邀请好友助力：0/10


第2个抽奖活动【1EFRQwA】
functionId：interact_template_getHomeData

***************开始京东账号1 15631692383_p***************
邀请码：T018v_h1Qx8f_FbUKBmb1ACjVXnIaW5kRrbA
邀请好友助力：4/10


***************开始京东账号2 jd_74a8d71c978d9***************
邀请码：T0225KkcRxpI_QDQIUn9k_9efQCjVXnIaW5kRrbA
邀请好友助力：0/10


***************开始京东账号3 chao4596758***************
邀请码：T0157aUiHxoc_FLQJRICjVXnIaW5kRrbA
邀请好友助力：0/10


***************开始京东账号4 jd_46df9eaa780aa***************
邀请码：T0225KkcRBhNo12CcUvznPdbJQCjVXnIaW5kRrbA
邀请好友助力：0/10


***************开始京东账号5 jd_67f63c904d8c6***************
邀请码：T0225KkcRhlP81eEKRrwwP9ZcgCjVXnIaW5kRrbA
邀请好友助力：0/10


第3个抽奖活动【1EFRYxQ】
functionId：harmony_template_getHomeData

***************开始京东账号1 15631692383_p***************

第3个抽奖活动【1EFRYxQ】,不需要助力

第4个抽奖活动【1EFRXxg】
functionId：healthyDay_getHomeData

***************开始京东账号1 15631692383_p***************
邀请码：T018v_h1Qx8f_FbUKBmb1ACjVQmoaT5kRrbA
邀请好友助力：4/10


***************开始京东账号2 jd_74a8d71c978d9***************
邀请码：T0225KkcRxpI_QDQIUn9k_9efQCjVQmoaT5kRrbA
邀请好友助力：0/10


***************开始京东账号3 chao4596758***************
邀请码：T0157aUiHxoc_FLQJRICjVQmoaT5kRrbA
邀请好友助力：0/10


***************开始京东账号4 jd_46df9eaa780aa***************
邀请码：T0225KkcRBhNo12CcUvznPdbJQCjVQmoaT5kRrbA
邀请好友助力：0/10


***************开始京东账号5 jd_67f63c904d8c6***************
邀请码：T0225KkcRhlP81eEKRrwwP9ZcgCjVQmoaT5kRrbA
邀请好友助力：0/10


第5个抽奖活动【1EFVRwA】
functionId：healthyDay_getHomeData

***************开始京东账号1 15631692383_p***************
获取抽奖活动数据失败：活动已结束

***************开始京东账号2 jd_74a8d71c978d9***************
获取抽奖活动数据失败：活动已结束

***************开始京东账号3 chao4596758***************
获取抽奖活动数据失败：活动已结束

***************开始京东账号4 jd_46df9eaa780aa***************
获取抽奖活动数据失败：活动已结束

***************开始京东账号5 jd_67f63c904d8c6***************
获取抽奖活动数据失败：活动已结束

第6个抽奖活动【1EFVRxw】
functionId：healthyDay_getHomeData

***************开始京东账号1 15631692383_p***************
获取抽奖活动数据失败：活动已结束

***************开始京东账号2 jd_74a8d71c978d9***************
获取抽奖活动数据失败：活动已结束

***************开始京东账号3 chao4596758***************
获取抽奖活动数据失败：活动已结束

***************开始京东账号4 jd_46df9eaa780aa***************
获取抽奖活动数据失败：活动已结束

***************开始京东账号5 jd_67f63c904d8c6***************
获取抽奖活动数据失败：活动已结束

第7个抽奖活动【1EFRZwA】
functionId：healthyDay_getHomeData

***************开始京东账号1 15631692383_p***************
获取抽奖活动数据失败：活动已结束

***************开始京东账号2 jd_74a8d71c978d9***************
获取抽奖活动数据失败：活动已结束

***************开始京东账号3 chao4596758***************
获取抽奖活动数据失败：活动已结束

***************开始京东账号4 jd_46df9eaa780aa***************
获取抽奖活动数据失败：活动已结束

***************开始京东账号5 jd_67f63c904d8c6***************
获取抽奖活动数据失败：活动已结束

第8个抽奖活动【1EFRZwQ】
functionId：healthyDay_getHomeData

***************开始京东账号1 15631692383_p***************
获取抽奖活动数据失败：活动已结束

***************开始京东账号2 jd_74a8d71c978d9***************
获取抽奖活动数据失败：活动已结束

***************开始京东账号3 chao4596758***************
获取抽奖活动数据失败：活动已结束

***************开始京东账号4 jd_46df9eaa780aa***************
获取抽奖活动数据失败：活动已结束

***************开始京东账号5 jd_67f63c904d8c6***************
获取抽奖活动数据失败：活动已结束

第9个抽奖活动【1EFRYwA】
functionId：healthyDay_getHomeData

***************开始京东账号1 15631692383_p***************
获取抽奖活动数据失败：活动已结束

***************开始京东账号2 jd_74a8d71c978d9***************
获取抽奖活动数据失败：活动已结束

***************开始京东账号3 chao4596758***************
获取抽奖活动数据失败：活动已结束

***************开始京东账号4 jd_46df9eaa780aa***************
获取抽奖活动数据失败：活动已结束

***************开始京东账号5 jd_67f63c904d8c6***************
获取抽奖活动数据失败：活动已结束

第10个抽奖活动【1EFVRxg】
functionId：healthyDay_getHomeData

***************开始京东账号1 15631692383_p***************

第10个抽奖活动【1EFVRxg】,不需要助力

第11个抽奖活动【1EFVRxQ】
functionId：healthyDay_getHomeData

***************开始京东账号1 15631692383_p***************
获取抽奖活动数据失败：活动已结束

***************开始京东账号2 jd_74a8d71c978d9***************
获取抽奖活动数据失败：活动已结束

***************开始京东账号3 chao4596758***************
获取抽奖活动数据失败：活动已结束

***************开始京东账号4 jd_46df9eaa780aa***************
获取抽奖活动数据失败：活动已结束

***************开始京东账号5 jd_67f63c904d8c6***************
获取抽奖活动数据失败：活动已结束
账号1 15631692383_p 去助力账号 jd_74a8d71c978d9的第1个抽奖活动【1EFRRxA】，邀请码 【T0225KkcRxpI_QDQIUn9k_9efQCjVWmIaW5kRrbA】
助力失败：活动已结束

账号1 15631692383_p 去助力账号 chao4596758的第1个抽奖活动【1EFRRxA】，邀请码 【T0157aUiHxoc_FLQJRICjVWmIaW5kRrbA】
助力失败：活动已结束

账号1 15631692383_p 去助力账号 jd_46df9eaa780aa的第1个抽奖活动【1EFRRxA】，邀请码 【T0225KkcRBhNo12CcUvznPdbJQCjVWmIaW5kRrbA】
助力失败：活动已结束

账号1 15631692383_p 去助力账号 jd_67f63c904d8c6的第1个抽奖活动【1EFRRxA】，邀请码 【T0225KkcRhlP81eEKRrwwP9ZcgCjVWmIaW5kRrbA】
助力失败：活动已结束

账号1 15631692383_p 去助力账号 jd_74a8d71c978d9的第2个抽奖活动【1EFRQwA】，邀请码 【T0225KkcRxpI_QDQIUn9k_9efQCjVXnIaW5kRrbA】
助力失败：活动已结束

账号1 15631692383_p 去助力账号 chao4596758的第2个抽奖活动【1EFRQwA】，邀请码 【T0157aUiHxoc_FLQJRICjVXnIaW5kRrbA】
助力失败：活动已结束

账号1 15631692383_p 去助力账号 jd_46df9eaa780aa的第2个抽奖活动【1EFRQwA】，邀请码 【T0225KkcRBhNo12CcUvznPdbJQCjVXnIaW5kRrbA】
助力失败：活动已结束

账号1 15631692383_p 去助力账号 jd_67f63c904d8c6的第2个抽奖活动【1EFRQwA】，邀请码 【T0225KkcRhlP81eEKRrwwP9ZcgCjVXnIaW5kRrbA】
助力失败：活动已结束

账号1 15631692383_p 去助力账号 jd_74a8d71c978d9的第4个抽奖活动【1EFRXxg】，邀请码 【T0225KkcRxpI_QDQIUn9k_9efQCjVQmoaT5kRrbA】
助力失败：活动已结束

账号1 15631692383_p 去助力账号 chao4596758的第4个抽奖活动【1EFRXxg】，邀请码 【T0157aUiHxoc_FLQJRICjVQmoaT5kRrbA】
助力失败：活动已结束

账号1 15631692383_p 去助力账号 jd_46df9eaa780aa的第4个抽奖活动【1EFRXxg】，邀请码 【T0225KkcRBhNo12CcUvznPdbJQCjVQmoaT5kRrbA】
助力失败：活动已结束

账号1 15631692383_p 去助力账号 jd_67f63c904d8c6的第4个抽奖活动【1EFRXxg】，邀请码 【T0225KkcRhlP81eEKRrwwP9ZcgCjVQmoaT5kRrbA】
助力失败：活动已结束

账号2 jd_74a8d71c978d9 去助力账号 15631692383_p的第1个抽奖活动【1EFRRxA】，邀请码 【T018v_h1Qx8f_FbUKBmb1ACjVWmIaW5kRrbA】
助力失败：活动已结束

账号2 jd_74a8d71c978d9 去助力账号 chao4596758的第1个抽奖活动【1EFRRxA】，邀请码 【T0157aUiHxoc_FLQJRICjVWmIaW5kRrbA】
助力失败：活动已结束

账号2 jd_74a8d71c978d9 去助力账号 jd_46df9eaa780aa的第1个抽奖活动【1EFRRxA】，邀请码 【T0225KkcRBhNo12CcUvznPdbJQCjVWmIaW5kRrbA】
助力失败：活动已结束

账号2 jd_74a8d71c978d9 去助力账号 jd_67f63c904d8c6的第1个抽奖活动【1EFRRxA】，邀请码 【T0225KkcRhlP81eEKRrwwP9ZcgCjVWmIaW5kRrbA】
助力失败：活动已结束

账号2 jd_74a8d71c978d9 去助力账号 15631692383_p的第2个抽奖活动【1EFRQwA】，邀请码 【T018v_h1Qx8f_FbUKBmb1ACjVXnIaW5kRrbA】
助力失败：活动已结束

账号2 jd_74a8d71c978d9 去助力账号 chao4596758的第2个抽奖活动【1EFRQwA】，邀请码 【T0157aUiHxoc_FLQJRICjVXnIaW5kRrbA】
助力失败：活动已结束

账号2 jd_74a8d71c978d9 去助力账号 jd_46df9eaa780aa的第2个抽奖活动【1EFRQwA】，邀请码 【T0225KkcRBhNo12CcUvznPdbJQCjVXnIaW5kRrbA】
助力失败：活动已结束

账号2 jd_74a8d71c978d9 去助力账号 jd_67f63c904d8c6的第2个抽奖活动【1EFRQwA】，邀请码 【T0225KkcRhlP81eEKRrwwP9ZcgCjVXnIaW5kRrbA】
助力失败：活动已结束

账号2 jd_74a8d71c978d9 去助力账号 15631692383_p的第4个抽奖活动【1EFRXxg】，邀请码 【T018v_h1Qx8f_FbUKBmb1ACjVQmoaT5kRrbA】
助力失败：活动已结束

账号2 jd_74a8d71c978d9 去助力账号 chao4596758的第4个抽奖活动【1EFRXxg】，邀请码 【T0157aUiHxoc_FLQJRICjVQmoaT5kRrbA】
助力失败：活动已结束

账号2 jd_74a8d71c978d9 去助力账号 jd_46df9eaa780aa的第4个抽奖活动【1EFRXxg】，邀请码 【T0225KkcRBhNo12CcUvznPdbJQCjVQmoaT5kRrbA】
助力失败：活动已结束

账号2 jd_74a8d71c978d9 去助力账号 jd_67f63c904d8c6的第4个抽奖活动【1EFRXxg】，邀请码 【T0225KkcRhlP81eEKRrwwP9ZcgCjVQmoaT5kRrbA】
助力失败：活动已结束

账号3 chao4596758 去助力账号 15631692383_p的第1个抽奖活动【1EFRRxA】，邀请码 【T018v_h1Qx8f_FbUKBmb1ACjVWmIaW5kRrbA】
助力失败：活动已结束

账号3 chao4596758 去助力账号 jd_74a8d71c978d9的第1个抽奖活动【1EFRRxA】，邀请码 【T0225KkcRxpI_QDQIUn9k_9efQCjVWmIaW5kRrbA】
助力失败：活动已结束

账号3 chao4596758 去助力账号 jd_46df9eaa780aa的第1个抽奖活动【1EFRRxA】，邀请码 【T0225KkcRBhNo12CcUvznPdbJQCjVWmIaW5kRrbA】
助力失败：活动已结束

账号3 chao4596758 去助力账号 jd_67f63c904d8c6的第1个抽奖活动【1EFRRxA】，邀请码 【T0225KkcRhlP81eEKRrwwP9ZcgCjVWmIaW5kRrbA】
助力失败：活动已结束

账号3 chao4596758 去助力账号 15631692383_p的第2个抽奖活动【1EFRQwA】，邀请码 【T018v_h1Qx8f_FbUKBmb1ACjVXnIaW5kRrbA】
助力失败：活动已结束

账号3 chao4596758 去助力账号 jd_74a8d71c978d9的第2个抽奖活动【1EFRQwA】，邀请码 【T0225KkcRxpI_QDQIUn9k_9efQCjVXnIaW5kRrbA】
助力失败：活动已结束

账号3 chao4596758 去助力账号 jd_46df9eaa780aa的第2个抽奖活动【1EFRQwA】，邀请码 【T0225KkcRBhNo12CcUvznPdbJQCjVXnIaW5kRrbA】
助力失败：活动已结束

账号3 chao4596758 去助力账号 jd_67f63c904d8c6的第2个抽奖活动【1EFRQwA】，邀请码 【T0225KkcRhlP81eEKRrwwP9ZcgCjVXnIaW5kRrbA】
助力失败：活动已结束

账号3 chao4596758 去助力账号 15631692383_p的第4个抽奖活动【1EFRXxg】，邀请码 【T018v_h1Qx8f_FbUKBmb1ACjVQmoaT5kRrbA】
助力失败：活动已结束

账号3 chao4596758 去助力账号 jd_74a8d71c978d9的第4个抽奖活动【1EFRXxg】，邀请码 【T0225KkcRxpI_QDQIUn9k_9efQCjVQmoaT5kRrbA】
助力失败：活动已结束

账号3 chao4596758 去助力账号 jd_46df9eaa780aa的第4个抽奖活动【1EFRXxg】，邀请码 【T0225KkcRBhNo12CcUvznPdbJQCjVQmoaT5kRrbA】
助力失败：活动已结束

账号3 chao4596758 去助力账号 jd_67f63c904d8c6的第4个抽奖活动【1EFRXxg】，邀请码 【T0225KkcRhlP81eEKRrwwP9ZcgCjVQmoaT5kRrbA】
助力失败：活动已结束

账号4 jd_46df9eaa780aa 去助力账号 15631692383_p的第1个抽奖活动【1EFRRxA】，邀请码 【T018v_h1Qx8f_FbUKBmb1ACjVWmIaW5kRrbA】
助力失败：活动已结束

账号4 jd_46df9eaa780aa 去助力账号 jd_74a8d71c978d9的第1个抽奖活动【1EFRRxA】，邀请码 【T0225KkcRxpI_QDQIUn9k_9efQCjVWmIaW5kRrbA】
助力失败：活动已结束

账号4 jd_46df9eaa780aa 去助力账号 chao4596758的第1个抽奖活动【1EFRRxA】，邀请码 【T0157aUiHxoc_FLQJRICjVWmIaW5kRrbA】
助力失败：活动已结束

账号4 jd_46df9eaa780aa 去助力账号 jd_67f63c904d8c6的第1个抽奖活动【1EFRRxA】，邀请码 【T0225KkcRhlP81eEKRrwwP9ZcgCjVWmIaW5kRrbA】
助力失败：活动已结束

账号4 jd_46df9eaa780aa 去助力账号 15631692383_p的第2个抽奖活动【1EFRQwA】，邀请码 【T018v_h1Qx8f_FbUKBmb1ACjVXnIaW5kRrbA】
助力失败：活动已结束

账号4 jd_46df9eaa780aa 去助力账号 jd_74a8d71c978d9的第2个抽奖活动【1EFRQwA】，邀请码 【T0225KkcRxpI_QDQIUn9k_9efQCjVXnIaW5kRrbA】
助力失败：活动已结束

账号4 jd_46df9eaa780aa 去助力账号 chao4596758的第2个抽奖活动【1EFRQwA】，邀请码 【T0157aUiHxoc_FLQJRICjVXnIaW5kRrbA】
助力失败：活动已结束

账号4 jd_46df9eaa780aa 去助力账号 jd_67f63c904d8c6的第2个抽奖活动【1EFRQwA】，邀请码 【T0225KkcRhlP81eEKRrwwP9ZcgCjVXnIaW5kRrbA】
助力失败：活动已结束

账号4 jd_46df9eaa780aa 去助力账号 15631692383_p的第4个抽奖活动【1EFRXxg】，邀请码 【T018v_h1Qx8f_FbUKBmb1ACjVQmoaT5kRrbA】
助力失败：活动已结束

账号4 jd_46df9eaa780aa 去助力账号 jd_74a8d71c978d9的第4个抽奖活动【1EFRXxg】，邀请码 【T0225KkcRxpI_QDQIUn9k_9efQCjVQmoaT5kRrbA】
助力失败：活动已结束

账号4 jd_46df9eaa780aa 去助力账号 chao4596758的第4个抽奖活动【1EFRXxg】，邀请码 【T0157aUiHxoc_FLQJRICjVQmoaT5kRrbA】
助力失败：活动已结束

账号4 jd_46df9eaa780aa 去助力账号 jd_67f63c904d8c6的第4个抽奖活动【1EFRXxg】，邀请码 【T0225KkcRhlP81eEKRrwwP9ZcgCjVQmoaT5kRrbA】
助力失败：活动已结束

账号5 jd_67f63c904d8c6 去助力账号 15631692383_p的第1个抽奖活动【1EFRRxA】，邀请码 【T018v_h1Qx8f_FbUKBmb1ACjVWmIaW5kRrbA】
助力失败：活动已结束

账号5 jd_67f63c904d8c6 去助力账号 jd_74a8d71c978d9的第1个抽奖活动【1EFRRxA】，邀请码 【T0225KkcRxpI_QDQIUn9k_9efQCjVWmIaW5kRrbA】
助力失败：活动已结束

账号5 jd_67f63c904d8c6 去助力账号 chao4596758的第1个抽奖活动【1EFRRxA】，邀请码 【T0157aUiHxoc_FLQJRICjVWmIaW5kRrbA】
助力失败：活动已结束

账号5 jd_67f63c904d8c6 去助力账号 jd_46df9eaa780aa的第1个抽奖活动【1EFRRxA】，邀请码 【T0225KkcRBhNo12CcUvznPdbJQCjVWmIaW5kRrbA】
助力失败：活动已结束

账号5 jd_67f63c904d8c6 去助力账号 15631692383_p的第2个抽奖活动【1EFRQwA】，邀请码 【T018v_h1Qx8f_FbUKBmb1ACjVXnIaW5kRrbA】
助力失败：活动已结束

账号5 jd_67f63c904d8c6 去助力账号 jd_74a8d71c978d9的第2个抽奖活动【1EFRQwA】，邀请码 【T0225KkcRxpI_QDQIUn9k_9efQCjVXnIaW5kRrbA】
助力失败：活动已结束

账号5 jd_67f63c904d8c6 去助力账号 chao4596758的第2个抽奖活动【1EFRQwA】，邀请码 【T0157aUiHxoc_FLQJRICjVXnIaW5kRrbA】
助力失败：活动已结束

账号5 jd_67f63c904d8c6 去助力账号 jd_46df9eaa780aa的第2个抽奖活动【1EFRQwA】，邀请码 【T0225KkcRBhNo12CcUvznPdbJQCjVXnIaW5kRrbA】
助力失败：活动已结束

账号5 jd_67f63c904d8c6 去助力账号 15631692383_p的第4个抽奖活动【1EFRXxg】，邀请码 【T018v_h1Qx8f_FbUKBmb1ACjVQmoaT5kRrbA】
助力失败：活动已结束

账号5 jd_67f63c904d8c6 去助力账号 jd_74a8d71c978d9的第4个抽奖活动【1EFRXxg】，邀请码 【T0225KkcRxpI_QDQIUn9k_9efQCjVQmoaT5kRrbA】
助力失败：活动已结束

账号5 jd_67f63c904d8c6 去助力账号 chao4596758的第4个抽奖活动【1EFRXxg】，邀请码 【T0157aUiHxoc_FLQJRICjVQmoaT5kRrbA】
助力失败：活动已结束

账号5 jd_67f63c904d8c6 去助力账号 jd_46df9eaa780aa的第4个抽奖活动【1EFRXxg】，邀请码 【T0225KkcRBhNo12CcUvznPdbJQCjVQmoaT5kRrbA】
助力失败：活动已结束


🔔京东抽奖机, 开始!
共5个京东账号


14-邀人助力任务-已完成4-未完成10
活动太火爆啦
请稍后尝试~

开始抽奖

开始抽奖
jd_lotteryMachine.js文件  CDN刷新成功

开始抽奖

开始抽奖

开始抽奖
快去完成任务获得抽奖资格吧

开始抽奖
快去完成任务获得抽奖资格吧

开始抽奖
快去完成任务获得抽奖资格吧

2-骆驼（CAMEL）男鞋 秋季商务休闲皮鞋系带通勤软底皮鞋男 A032211410  卡其 39-全部已完成

1-山泽数码京东自营旗舰店-全部已完成

3-逛今日必拼活动-全部已完成

3-逛品牌闪购频道-全部已完成

开始抽奖
快去完成任务获得抽奖资格吧

开始第2个抽奖活动

13-连续签到任务（7天）-全部已完成

14-邀人助力任务-已完成4-未完成10
活动太火爆啦
请稍后尝试~

2-储山手工大米锅巴非油炸原味 柴火土灶休闲零食泡 海苔锅巴150g*2盒（薄脆）-全部已完成

3-9.9买到爽-全部已完成

3-好物1元抢-全部已完成

1-汤臣倍健京东自营旗舰店-全部已完成

21-图书会员-已完成0-未完成3

开始抽奖

开始抽奖

开始第3个抽奖活动

3-关注PLUS公众号-全部已完成

9-浏览PLUS频道页-全部已完成

9-浏览PLUS生活特权-已完成9-未完成10

9-浏览PLUS会员店-全部已完成

9-浏览PLUS鲜花权益-全部已完成

3-浏览民生京东PLUS联名卡开通页-全部已完成

开始抽奖
快去完成任务获得抽奖资格吧

开始第4个抽奖活动

14-邀请好友助力-已完成4-未完成10
助力已满员！谢谢你哦~

8-【领券满199减130】锅巴 苦荞片45g*3 膨化-全部已完成

7-大宇电器家电京东自营旗舰店-全部已完成

26-浏览并关注闪购频道-全部已完成

9-寻找你感兴趣的部落-全部已完成

开始抽奖
快去完成任务获得抽奖资格吧

开始第5个抽奖活动
活动已结束

开始第6个抽奖活动
活动已结束

开始第7个抽奖活动
活动已结束

开始第8个抽奖活动
活动已结束

开始第9个抽奖活动
活动已结束

开始第10个抽奖活动

13-连续签到-全部已完成

9-领免费吃喝玩乐福利-全部已完成

9-领无门槛打车券-全部已完成

9-领全国乐园免费四项票-全部已完成

9-领0元吃鸡翅套餐-全部已完成

9-领Apple Music会员-全部已完成

开始抽奖
快去完成任务获得抽奖资格吧

开始第11个抽奖活动
活动已结束

==============📣系统通知📣==============
京东抽奖机
京东账号：Ymh__Sirius
抽得京豆：失败：活动已结束
请点击通知跳转至APP查看

***************开始京东账号2***************

14-邀人助力任务-已完成0-未完成10
您今日已为好友助力过了哦~

2-自然堂(CHANDO)男士喜马拉雅冰川保湿露70mL（男士爽肤水补水保湿控油平衡细致毛孔清爽舒适易吸收）-全部已完成

1-墨斗鱼园艺京东自营旗舰店-全部已完成

3-逛今日必拼活动-全部已完成

3-逛品牌闪购频道-全部已完成

开始抽奖
快去完成任务获得抽奖资格吧

开始第2个抽奖活动

13-连续签到任务（7天）-全部已完成

14-邀人助力任务-已完成0-未完成10
您今日已为好友助力过了哦~

2-储山手工大米锅巴非油炸原味 柴火土灶休闲零食泡 海苔锅巴150g*2盒（薄脆）-全部已完成

3-9.9买到爽-全部已完成

3-好物1元抢-全部已完成

1-汤臣倍健京东自营旗舰店-全部已完成

21-图书会员-已完成0-未完成3

开始抽奖
快去完成任务获得抽奖资格吧

开始第3个抽奖活动

3-关注PLUS公众号-全部已完成

9-浏览PLUS频道页-全部已完成

9-浏览PLUS生活特权-已完成9-未完成10

9-浏览PLUS会员店-全部已完成

9-浏览PLUS鲜花权益-全部已完成

3-浏览民生京东PLUS联名卡开通页-全部已完成

开始抽奖
快去完成任务获得抽奖资格吧

开始第4个抽奖活动

14-邀请好友助力-已完成0-未完成10
您今日已为好友助力过了哦~

8-Nike Air Jordan 耐克童装男童纯棉短袖T恤夏季儿童短T上衣110S-160L 正黑色 160L(XL)-全部已完成

7-托马斯＆朋友母婴京东自营专区-全部已完成

26-浏览并关注闪购频道-全部已完成

9-浏览锦鲤红包-全部已完成

开始抽奖
快去完成任务获得抽奖资格吧

开始第5个抽奖活动
活动已结束

开始第6个抽奖活动
活动已结束

开始第7个抽奖活动
活动已结束

开始第8个抽奖活动
活动已结束

开始第9个抽奖活动
活动已结束

开始第10个抽奖活动

13-连续签到-全部已完成

9-领免费吃喝玩乐福利-全部已完成

9-领无门槛打车券-全部已完成

9-领全国乐园免费四项票-全部已完成

9-领0元吃鸡翅套餐-全部已完成

9-领Apple Music会员-全部已完成

开始抽奖
快去完成任务获得抽奖资格吧

开始第11个抽奖活动
活动已结束

==============📣系统通知📣==============
京东抽奖机
京东账号：Ycp_Dream
抽得京豆：失败：活动已结束
请点击通知跳转至APP查看

***************开始京东账号3***************

14-邀人助力任务-已完成0-未完成10
您今日已为好友助力过了哦~

2-【领券满199减130】锅巴 苦荞片45g*3 膨化-全部已完成

1-飞利浦热水器京东自营旗舰店-全部已完成

3-逛今日必拼活动-全部已完成

3-逛品牌闪购频道-全部已完成

开始抽奖
快去完成任务获得抽奖资格吧

开始第2个抽奖活动

13-连续签到任务（7天）-全部已完成

14-邀人助力任务-已完成0-未完成10
您今日已为好友助力过了哦~

2-储山手工大米锅巴非油炸原味 柴火土灶休闲零食泡 海苔锅巴150g*2盒（薄脆）-全部已完成

3-9.9买到爽-全部已完成

3-好物1元抢-全部已完成

1-汤臣倍健京东自营旗舰店-全部已完成

21-图书会员-已完成0-未完成3

开始抽奖
快去完成任务获得抽奖资格吧

开始第3个抽奖活动

3-关注PLUS公众号-全部已完成

9-浏览PLUS频道页-全部已完成

9-浏览PLUS生活特权-已完成9-未完成10

9-浏览PLUS会员店-全部已完成

9-浏览PLUS鲜花权益-全部已完成

3-浏览民生京东PLUS联名卡开通页-全部已完成

开始抽奖
快去完成任务获得抽奖资格吧

开始第4个抽奖活动

14-邀请好友助力-已完成0-未完成10
您今日已为好友助力过了哦~

8-【领券满199减130】锅巴 苦荞片45g*3 膨化-全部已完成

7-潜水艇京东自营旗舰店-全部已完成

26-浏览并关注秒杀频道-全部已完成

9-浏览锦鲤红包-全部已完成

开始抽奖
快去完成任务获得抽奖资格吧

开始第5个抽奖活动
活动已结束

开始第6个抽奖活动
活动已结束

开始第7个抽奖活动
活动已结束

开始第8个抽奖活动
活动已结束

开始第9个抽奖活动
活动已结束

开始第10个抽奖活动

13-连续签到-全部已完成

9-领免费吃喝玩乐福利-全部已完成

9-领无门槛打车券-全部已完成

9-领全国乐园免费四项票-全部已完成

9-领0元吃鸡翅套餐-全部已完成

9-领Apple Music会员-全部已完成

开始抽奖
快去完成任务获得抽奖资格吧

开始第11个抽奖活动
活动已结束

==============📣系统通知📣==============
京东抽奖机
京东账号：jd_585601a83bd48
抽得京豆：失败：活动已结束
请点击通知跳转至APP查看

***************开始京东账号4***************

14-邀人助力任务-已完成0-未完成10
您今日已为好友助力过了哦~

2-【领券满199减130】锅巴 苦荞片45g*3 膨化-全部已完成

1-大宇电器家电京东自营旗舰店-全部已完成

3-逛今日必拼活动-全部已完成

3-逛品牌闪购频道-全部已完成

开始抽奖
快去完成任务获得抽奖资格吧

开始第2个抽奖活动

13-连续签到任务（7天）-全部已完成

14-邀人助力任务-已完成0-未完成10
您今日已为好友助力过了哦~

2-储山手工大米锅巴非油炸原味 柴火土灶休闲零食泡 海苔锅巴150g*2盒（薄脆）-全部已完成

3-9.9买到爽-全部已完成

3-好物1元抢-全部已完成

1-汤臣倍健京东自营旗舰店-全部已完成

21-图书会员-已完成0-未完成3

开始抽奖
快去完成任务获得抽奖资格吧

开始第3个抽奖活动

3-关注PLUS公众号-全部已完成

9-浏览PLUS频道页-全部已完成

9-浏览PLUS生活特权-已完成9-未完成10

9-浏览PLUS会员店-全部已完成

9-浏览PLUS鲜花权益-全部已完成

3-浏览民生京东PLUS联名卡开通页-全部已完成

开始抽奖
快去完成任务获得抽奖资格吧

开始第4个抽奖活动

14-邀请好友助力-已完成0-未完成10
您今日已为好友助力过了哦~

8-【领券满199减130】锅巴 苦荞片45g*3 膨化-全部已完成

7-潜水艇京东自营旗舰店-全部已完成

26-浏览并关注闪购频道-全部已完成

9-寻找你感兴趣的部落-全部已完成

开始抽奖
快去完成任务获得抽奖资格吧

开始第5个抽奖活动
活动已结束

开始第6个抽奖活动
活动已结束

开始第7个抽奖活动
活动已结束

开始第8个抽奖活动
活动已结束

开始第9个抽奖活动
活动已结束

开始第10个抽奖活动

13-连续签到-全部已完成

9-领免费吃喝玩乐福利-全部已完成

9-领无门槛打车券-全部已完成

9-领全国乐园免费四项票-全部已完成

9-领0元吃鸡翅套餐-全部已完成

9-领Apple Music会员-全部已完成

开始抽奖
快去完成任务获得抽奖资格吧

开始第11个抽奖活动
活动已结束

==============📣系统通知📣==============
京东抽奖机
京东账号：jd_157332ewky
抽得京豆：失败：活动已结束
请点击通知跳转至APP查看

***************开始京东账号5***************

14-邀人助力任务-已完成0-未完成10
您今日已为好友助力过了哦~

2-【领券满199减130】锅巴 苦荞片45g*3 膨化-全部已完成

1-江博士健康童鞋京东自营旗舰店-全部已完成

3-逛今日必拼活动-全部已完成

3-逛品牌闪购频道-全部已完成

开始抽奖
快去完成任务获得抽奖资格吧

开始第2个抽奖活动

13-连续签到任务（7天）-全部已完成

14-邀人助力任务-已完成0-未完成10
您今日已为好友助力过了哦~

2-储山手工大米锅巴非油炸原味 柴火土灶休闲零食泡 海苔锅巴150g*2盒（薄脆）-全部已完成

3-9.9买到爽-全部已完成

3-好物1元抢-全部已完成

1-汤臣倍健京东自营旗舰店-全部已完成

21-图书会员-已完成0-未完成3

开始抽奖
快去完成任务获得抽奖资格吧

开始第3个抽奖活动

3-关注PLUS公众号-全部已完成

9-浏览PLUS频道页-全部已完成

9-浏览PLUS生活特权-已完成9-未完成10

9-浏览PLUS会员店-全部已完成

9-浏览PLUS鲜花权益-全部已完成

3-浏览民生京东PLUS联名卡开通页-全部已完成

开始抽奖
快去完成任务获得抽奖资格吧

开始第4个抽奖活动

14-邀请好友助力-已完成0-未完成10
您今日已为好友助力过了哦~

8-【领券满199减130】锅巴 苦荞片45g*3 膨化-全部已完成

7-宫明茶叶京东自营旗舰店-全部已完成

26-浏览并关注秒杀频道-全部已完成

9-寻找你感兴趣的部落-全部已完成

开始抽奖
快去完成任务获得抽奖资格吧

开始第5个抽奖活动
活动已结束

开始第6个抽奖活动
活动已结束

开始第7个抽奖活动
活动已结束

开始第8个抽奖活动
活动已结束

开始第9个抽奖活动
活动已结束

开始第10个抽奖活动

13-连续签到-全部已完成

9-领免费吃喝玩乐福利-全部已完成

9-领无门槛打车券-全部已完成

9-领全国乐园免费四项票-全部已完成

9-领0元吃鸡翅套餐-全部已完成

9-领Apple Music会员-全部已完成

开始抽奖
快去完成任务获得抽奖资格吧

开始第11个抽奖活动
活动已结束

==============📣系统通知📣==============
京东抽奖机
京东账号：jd_157332zdf
抽得京豆：失败：活动已结束
请点击通知跳转至APP查看

🔔京东抽奖机, 结束! 🕛 47.129 秒

