
🔔京东抽奖机&内部互助, 开始!

====================共5个京东账号Cookie=========

==================脚本执行- 北京时间(UTC+8)：7/2/2021, 10:19:02 AM=====================



当前共有11个抽奖机活动



第1个抽奖活动【1EFRRxA】
functionId：interact_template_getHomeData

***************开始京东账号1 15631692383_p***************
邀请码：T018v_h1Qx8f_FbUKBmb1ACjVWmIaW5kRrbA
邀请好友助力：0/10


***************开始京东账号2 jd_74a8d71c978d9***************
邀请码：T0225KkcRxpI_QDQIUn9k_9efQCjVWmIaW5kRrbA
邀请好友助力：0/10


***************开始京东账号3 chao4596758***************
邀请码：T0157aUiHxoc_FLQJRICjVWmIaW5kRrbA
邀请好友助力：0/10


***************开始京东账号4 jd_46df9eaa780aa***************
邀请码：T0225KkcRBhNo12CcUvznPdbJQCjVWmIaW5kRrbA
邀请好友助力：0/10


***************开始京东账号5 jd_67f63c904d8c6***************
邀请码：T0225KkcRhlP81eEKRrwwP9ZcgCjVWmIaW5kRrbA
邀请好友助力：0/10


第2个抽奖活动【1EFRQwA】
functionId：interact_template_getHomeData

***************开始京东账号1 15631692383_p***************
邀请码：T018v_h1Qx8f_FbUKBmb1ACjVXnIaW5kRrbA
邀请好友助力：0/10


***************开始京东账号2 jd_74a8d71c978d9***************
邀请码：T0225KkcRxpI_QDQIUn9k_9efQCjVXnIaW5kRrbA
邀请好友助力：0/10


***************开始京东账号3 chao4596758***************
邀请码：T0157aUiHxoc_FLQJRICjVXnIaW5kRrbA
邀请好友助力：0/10


***************开始京东账号4 jd_46df9eaa780aa***************
邀请码：T0225KkcRBhNo12CcUvznPdbJQCjVXnIaW5kRrbA
邀请好友助力：0/10


***************开始京东账号5 jd_67f63c904d8c6***************
邀请码：T0225KkcRhlP81eEKRrwwP9ZcgCjVXnIaW5kRrbA
邀请好友助力：0/10


第3个抽奖活动【1EFRYxQ】
functionId：harmony_template_getHomeData

***************开始京东账号1 15631692383_p***************

第3个抽奖活动【1EFRYxQ】,不需要助力

第4个抽奖活动【1EFRXxg】
functionId：healthyDay_getHomeData

***************开始京东账号1 15631692383_p***************
邀请码：T018v_h1Qx8f_FbUKBmb1ACjVQmoaT5kRrbA
邀请好友助力：0/10


***************开始京东账号2 jd_74a8d71c978d9***************
邀请码：T0225KkcRxpI_QDQIUn9k_9efQCjVQmoaT5kRrbA
邀请好友助力：0/10


***************开始京东账号3 chao4596758***************
邀请码：T0157aUiHxoc_FLQJRICjVQmoaT5kRrbA
邀请好友助力：0/10


***************开始京东账号4 jd_46df9eaa780aa***************
邀请码：T0225KkcRBhNo12CcUvznPdbJQCjVQmoaT5kRrbA
邀请好友助力：0/10


***************开始京东账号5 jd_67f63c904d8c6***************
邀请码：T0225KkcRhlP81eEKRrwwP9ZcgCjVQmoaT5kRrbA
邀请好友助力：0/10


第5个抽奖活动【1EFVRwA】
functionId：healthyDay_getHomeData

***************开始京东账号1 15631692383_p***************
获取抽奖活动数据失败：活动已结束

***************开始京东账号2 jd_74a8d71c978d9***************
获取抽奖活动数据失败：活动已结束

***************开始京东账号3 chao4596758***************
获取抽奖活动数据失败：活动已结束

***************开始京东账号4 jd_46df9eaa780aa***************
获取抽奖活动数据失败：活动已结束

***************开始京东账号5 jd_67f63c904d8c6***************
获取抽奖活动数据失败：活动已结束

第6个抽奖活动【1EFVRxw】
functionId：healthyDay_getHomeData

***************开始京东账号1 15631692383_p***************
获取抽奖活动数据失败：活动已结束

***************开始京东账号2 jd_74a8d71c978d9***************
获取抽奖活动数据失败：活动已结束

***************开始京东账号3 chao4596758***************
获取抽奖活动数据失败：活动已结束

***************开始京东账号4 jd_46df9eaa780aa***************
获取抽奖活动数据失败：活动已结束

***************开始京东账号5 jd_67f63c904d8c6***************
获取抽奖活动数据失败：活动已结束

第7个抽奖活动【1EFRZwA】
functionId：healthyDay_getHomeData

***************开始京东账号1 15631692383_p***************
获取抽奖活动数据失败：活动已结束

***************开始京东账号2 jd_74a8d71c978d9***************
获取抽奖活动数据失败：活动已结束

***************开始京东账号3 chao4596758***************
获取抽奖活动数据失败：活动已结束

***************开始京东账号4 jd_46df9eaa780aa***************
获取抽奖活动数据失败：活动已结束

***************开始京东账号5 jd_67f63c904d8c6***************
获取抽奖活动数据失败：活动已结束

第8个抽奖活动【1EFRZwQ】
functionId：healthyDay_getHomeData

***************开始京东账号1 15631692383_p***************
获取抽奖活动数据失败：活动已结束

***************开始京东账号2 jd_74a8d71c978d9***************
获取抽奖活动数据失败：活动已结束

***************开始京东账号3 chao4596758***************
获取抽奖活动数据失败：活动已结束

***************开始京东账号4 jd_46df9eaa780aa***************
获取抽奖活动数据失败：活动已结束

***************开始京东账号5 jd_67f63c904d8c6***************
获取抽奖活动数据失败：活动已结束

第9个抽奖活动【1EFRYwA】
functionId：healthyDay_getHomeData

***************开始京东账号1 15631692383_p***************
获取抽奖活动数据失败：活动已结束

***************开始京东账号2 jd_74a8d71c978d9***************
获取抽奖活动数据失败：活动已结束

***************开始京东账号3 chao4596758***************
获取抽奖活动数据失败：活动已结束

***************开始京东账号4 jd_46df9eaa780aa***************
获取抽奖活动数据失败：活动已结束

***************开始京东账号5 jd_67f63c904d8c6***************
获取抽奖活动数据失败：活动已结束

第10个抽奖活动【1EFVRxg】
functionId：healthyDay_getHomeData

***************开始京东账号1 15631692383_p***************

第10个抽奖活动【1EFVRxg】,不需要助力

第11个抽奖活动【1EFVRxQ】
functionId：healthyDay_getHomeData

***************开始京东账号1 15631692383_p***************
获取抽奖活动数据失败：活动已结束

***************开始京东账号2 jd_74a8d71c978d9***************
获取抽奖活动数据失败：活动已结束

***************开始京东账号3 chao4596758***************
获取抽奖活动数据失败：活动已结束

***************开始京东账号4 jd_46df9eaa780aa***************
获取抽奖活动数据失败：活动已结束

***************开始京东账号5 jd_67f63c904d8c6***************
获取抽奖活动数据失败：活动已结束
账号1 15631692383_p 去助力账号 jd_74a8d71c978d9的第1个抽奖活动【1EFRRxA】，邀请码 【T0225KkcRxpI_QDQIUn9k_9efQCjVWmIaW5kRrbA】
助力失败：活动已结束

账号1 15631692383_p 去助力账号 chao4596758的第1个抽奖活动【1EFRRxA】，邀请码 【T0157aUiHxoc_FLQJRICjVWmIaW5kRrbA】
助力失败：活动已结束

账号1 15631692383_p 去助力账号 jd_46df9eaa780aa的第1个抽奖活动【1EFRRxA】，邀请码 【T0225KkcRBhNo12CcUvznPdbJQCjVWmIaW5kRrbA】
助力失败：活动已结束

账号1 15631692383_p 去助力账号 jd_67f63c904d8c6的第1个抽奖活动【1EFRRxA】，邀请码 【T0225KkcRhlP81eEKRrwwP9ZcgCjVWmIaW5kRrbA】
助力失败：活动已结束

账号1 15631692383_p 去助力账号 jd_74a8d71c978d9的第2个抽奖活动【1EFRQwA】，邀请码 【T0225KkcRxpI_QDQIUn9k_9efQCjVXnIaW5kRrbA】
助力失败：活动已结束

账号1 15631692383_p 去助力账号 chao4596758的第2个抽奖活动【1EFRQwA】，邀请码 【T0157aUiHxoc_FLQJRICjVXnIaW5kRrbA】
助力失败：活动已结束

账号1 15631692383_p 去助力账号 jd_46df9eaa780aa的第2个抽奖活动【1EFRQwA】，邀请码 【T0225KkcRBhNo12CcUvznPdbJQCjVXnIaW5kRrbA】
助力失败：活动已结束

账号1 15631692383_p 去助力账号 jd_67f63c904d8c6的第2个抽奖活动【1EFRQwA】，邀请码 【T0225KkcRhlP81eEKRrwwP9ZcgCjVXnIaW5kRrbA】
助力失败：活动已结束

账号1 15631692383_p 去助力账号 jd_74a8d71c978d9的第4个抽奖活动【1EFRXxg】，邀请码 【T0225KkcRxpI_QDQIUn9k_9efQCjVQmoaT5kRrbA】
助力失败：活动已结束

账号1 15631692383_p 去助力账号 chao4596758的第4个抽奖活动【1EFRXxg】，邀请码 【T0157aUiHxoc_FLQJRICjVQmoaT5kRrbA】
助力失败：活动已结束

账号1 15631692383_p 去助力账号 jd_46df9eaa780aa的第4个抽奖活动【1EFRXxg】，邀请码 【T0225KkcRBhNo12CcUvznPdbJQCjVQmoaT5kRrbA】
助力失败：活动已结束

账号1 15631692383_p 去助力账号 jd_67f63c904d8c6的第4个抽奖活动【1EFRXxg】，邀请码 【T0225KkcRhlP81eEKRrwwP9ZcgCjVQmoaT5kRrbA】
助力失败：活动已结束

账号2 jd_74a8d71c978d9 去助力账号 15631692383_p的第1个抽奖活动【1EFRRxA】，邀请码 【T018v_h1Qx8f_FbUKBmb1ACjVWmIaW5kRrbA】
助力失败：活动已结束

账号2 jd_74a8d71c978d9 去助力账号 chao4596758的第1个抽奖活动【1EFRRxA】，邀请码 【T0157aUiHxoc_FLQJRICjVWmIaW5kRrbA】
助力失败：活动已结束

账号2 jd_74a8d71c978d9 去助力账号 jd_46df9eaa780aa的第1个抽奖活动【1EFRRxA】，邀请码 【T0225KkcRBhNo12CcUvznPdbJQCjVWmIaW5kRrbA】
助力失败：活动已结束

账号2 jd_74a8d71c978d9 去助力账号 jd_67f63c904d8c6的第1个抽奖活动【1EFRRxA】，邀请码 【T0225KkcRhlP81eEKRrwwP9ZcgCjVWmIaW5kRrbA】
助力失败：活动已结束

账号2 jd_74a8d71c978d9 去助力账号 15631692383_p的第2个抽奖活动【1EFRQwA】，邀请码 【T018v_h1Qx8f_FbUKBmb1ACjVXnIaW5kRrbA】
助力失败：活动已结束

账号2 jd_74a8d71c978d9 去助力账号 chao4596758的第2个抽奖活动【1EFRQwA】，邀请码 【T0157aUiHxoc_FLQJRICjVXnIaW5kRrbA】
助力失败：活动已结束

账号2 jd_74a8d71c978d9 去助力账号 jd_46df9eaa780aa的第2个抽奖活动【1EFRQwA】，邀请码 【T0225KkcRBhNo12CcUvznPdbJQCjVXnIaW5kRrbA】
助力失败：活动已结束

账号2 jd_74a8d71c978d9 去助力账号 jd_67f63c904d8c6的第2个抽奖活动【1EFRQwA】，邀请码 【T0225KkcRhlP81eEKRrwwP9ZcgCjVXnIaW5kRrbA】
助力失败：活动已结束

账号2 jd_74a8d71c978d9 去助力账号 15631692383_p的第4个抽奖活动【1EFRXxg】，邀请码 【T018v_h1Qx8f_FbUKBmb1ACjVQmoaT5kRrbA】
助力失败：活动已结束

账号2 jd_74a8d71c978d9 去助力账号 chao4596758的第4个抽奖活动【1EFRXxg】，邀请码 【T0157aUiHxoc_FLQJRICjVQmoaT5kRrbA】
助力失败：活动已结束

账号2 jd_74a8d71c978d9 去助力账号 jd_46df9eaa780aa的第4个抽奖活动【1EFRXxg】，邀请码 【T0225KkcRBhNo12CcUvznPdbJQCjVQmoaT5kRrbA】
助力失败：活动已结束

账号2 jd_74a8d71c978d9 去助力账号 jd_67f63c904d8c6的第4个抽奖活动【1EFRXxg】，邀请码 【T0225KkcRhlP81eEKRrwwP9ZcgCjVQmoaT5kRrbA】
助力失败：活动已结束

账号3 chao4596758 去助力账号 15631692383_p的第1个抽奖活动【1EFRRxA】，邀请码 【T018v_h1Qx8f_FbUKBmb1ACjVWmIaW5kRrbA】
助力失败：活动已结束

账号3 chao4596758 去助力账号 jd_74a8d71c978d9的第1个抽奖活动【1EFRRxA】，邀请码 【T0225KkcRxpI_QDQIUn9k_9efQCjVWmIaW5kRrbA】
助力失败：活动已结束

账号3 chao4596758 去助力账号 jd_46df9eaa780aa的第1个抽奖活动【1EFRRxA】，邀请码 【T0225KkcRBhNo12CcUvznPdbJQCjVWmIaW5kRrbA】
助力失败：活动已结束

账号3 chao4596758 去助力账号 jd_67f63c904d8c6的第1个抽奖活动【1EFRRxA】，邀请码 【T0225KkcRhlP81eEKRrwwP9ZcgCjVWmIaW5kRrbA】
助力失败：活动已结束

账号3 chao4596758 去助力账号 15631692383_p的第2个抽奖活动【1EFRQwA】，邀请码 【T018v_h1Qx8f_FbUKBmb1ACjVXnIaW5kRrbA】
助力失败：活动已结束

账号3 chao4596758 去助力账号 jd_74a8d71c978d9的第2个抽奖活动【1EFRQwA】，邀请码 【T0225KkcRxpI_QDQIUn9k_9efQCjVXnIaW5kRrbA】
助力失败：活动已结束

账号3 chao4596758 去助力账号 jd_46df9eaa780aa的第2个抽奖活动【1EFRQwA】，邀请码 【T0225KkcRBhNo12CcUvznPdbJQCjVXnIaW5kRrbA】
助力失败：活动已结束

账号3 chao4596758 去助力账号 jd_67f63c904d8c6的第2个抽奖活动【1EFRQwA】，邀请码 【T0225KkcRhlP81eEKRrwwP9ZcgCjVXnIaW5kRrbA】
助力失败：活动已结束

账号3 chao4596758 去助力账号 15631692383_p的第4个抽奖活动【1EFRXxg】，邀请码 【T018v_h1Qx8f_FbUKBmb1ACjVQmoaT5kRrbA】
助力失败：活动已结束

账号3 chao4596758 去助力账号 jd_74a8d71c978d9的第4个抽奖活动【1EFRXxg】，邀请码 【T0225KkcRxpI_QDQIUn9k_9efQCjVQmoaT5kRrbA】
助力失败：活动已结束

账号3 chao4596758 去助力账号 jd_46df9eaa780aa的第4个抽奖活动【1EFRXxg】，邀请码 【T0225KkcRBhNo12CcUvznPdbJQCjVQmoaT5kRrbA】
助力失败：活动已结束

账号3 chao4596758 去助力账号 jd_67f63c904d8c6的第4个抽奖活动【1EFRXxg】，邀请码 【T0225KkcRhlP81eEKRrwwP9ZcgCjVQmoaT5kRrbA】
助力失败：活动已结束

账号4 jd_46df9eaa780aa 去助力账号 15631692383_p的第1个抽奖活动【1EFRRxA】，邀请码 【T018v_h1Qx8f_FbUKBmb1ACjVWmIaW5kRrbA】
助力失败：活动已结束

账号4 jd_46df9eaa780aa 去助力账号 jd_74a8d71c978d9的第1个抽奖活动【1EFRRxA】，邀请码 【T0225KkcRxpI_QDQIUn9k_9efQCjVWmIaW5kRrbA】
助力失败：活动已结束

账号4 jd_46df9eaa780aa 去助力账号 chao4596758的第1个抽奖活动【1EFRRxA】，邀请码 【T0157aUiHxoc_FLQJRICjVWmIaW5kRrbA】
助力失败：活动已结束

账号4 jd_46df9eaa780aa 去助力账号 jd_67f63c904d8c6的第1个抽奖活动【1EFRRxA】，邀请码 【T0225KkcRhlP81eEKRrwwP9ZcgCjVWmIaW5kRrbA】
助力失败：活动已结束

账号4 jd_46df9eaa780aa 去助力账号 15631692383_p的第2个抽奖活动【1EFRQwA】，邀请码 【T018v_h1Qx8f_FbUKBmb1ACjVXnIaW5kRrbA】
助力失败：活动已结束

账号4 jd_46df9eaa780aa 去助力账号 jd_74a8d71c978d9的第2个抽奖活动【1EFRQwA】，邀请码 【T0225KkcRxpI_QDQIUn9k_9efQCjVXnIaW5kRrbA】
助力失败：活动已结束

账号4 jd_46df9eaa780aa 去助力账号 chao4596758的第2个抽奖活动【1EFRQwA】，邀请码 【T0157aUiHxoc_FLQJRICjVXnIaW5kRrbA】
助力失败：活动已结束

账号4 jd_46df9eaa780aa 去助力账号 jd_67f63c904d8c6的第2个抽奖活动【1EFRQwA】，邀请码 【T0225KkcRhlP81eEKRrwwP9ZcgCjVXnIaW5kRrbA】
助力失败：活动已结束

账号4 jd_46df9eaa780aa 去助力账号 15631692383_p的第4个抽奖活动【1EFRXxg】，邀请码 【T018v_h1Qx8f_FbUKBmb1ACjVQmoaT5kRrbA】
助力失败：活动已结束

账号4 jd_46df9eaa780aa 去助力账号 jd_74a8d71c978d9的第4个抽奖活动【1EFRXxg】，邀请码 【T0225KkcRxpI_QDQIUn9k_9efQCjVQmoaT5kRrbA】
助力失败：活动已结束

账号4 jd_46df9eaa780aa 去助力账号 chao4596758的第4个抽奖活动【1EFRXxg】，邀请码 【T0157aUiHxoc_FLQJRICjVQmoaT5kRrbA】
助力失败：活动已结束

账号4 jd_46df9eaa780aa 去助力账号 jd_67f63c904d8c6的第4个抽奖活动【1EFRXxg】，邀请码 【T0225KkcRhlP81eEKRrwwP9ZcgCjVQmoaT5kRrbA】
助力失败：活动已结束

账号5 jd_67f63c904d8c6 去助力账号 15631692383_p的第1个抽奖活动【1EFRRxA】，邀请码 【T018v_h1Qx8f_FbUKBmb1ACjVWmIaW5kRrbA】
助力失败：活动已结束

账号5 jd_67f63c904d8c6 去助力账号 jd_74a8d71c978d9的第1个抽奖活动【1EFRRxA】，邀请码 【T0225KkcRxpI_QDQIUn9k_9efQCjVWmIaW5kRrbA】
助力失败：活动已结束

账号5 jd_67f63c904d8c6 去助力账号 chao4596758的第1个抽奖活动【1EFRRxA】，邀请码 【T0157aUiHxoc_FLQJRICjVWmIaW5kRrbA】
助力失败：活动已结束

账号5 jd_67f63c904d8c6 去助力账号 jd_46df9eaa780aa的第1个抽奖活动【1EFRRxA】，邀请码 【T0225KkcRBhNo12CcUvznPdbJQCjVWmIaW5kRrbA】
助力失败：活动已结束

账号5 jd_67f63c904d8c6 去助力账号 15631692383_p的第2个抽奖活动【1EFRQwA】，邀请码 【T018v_h1Qx8f_FbUKBmb1ACjVXnIaW5kRrbA】
助力失败：活动已结束

账号5 jd_67f63c904d8c6 去助力账号 jd_74a8d71c978d9的第2个抽奖活动【1EFRQwA】，邀请码 【T0225KkcRxpI_QDQIUn9k_9efQCjVXnIaW5kRrbA】
助力失败：活动已结束

账号5 jd_67f63c904d8c6 去助力账号 chao4596758的第2个抽奖活动【1EFRQwA】，邀请码 【T0157aUiHxoc_FLQJRICjVXnIaW5kRrbA】
助力失败：活动已结束

账号5 jd_67f63c904d8c6 去助力账号 jd_46df9eaa780aa的第2个抽奖活动【1EFRQwA】，邀请码 【T0225KkcRBhNo12CcUvznPdbJQCjVXnIaW5kRrbA】
助力失败：活动已结束

账号5 jd_67f63c904d8c6 去助力账号 15631692383_p的第4个抽奖活动【1EFRXxg】，邀请码 【T018v_h1Qx8f_FbUKBmb1ACjVQmoaT5kRrbA】
助力失败：活动已结束

账号5 jd_67f63c904d8c6 去助力账号 jd_74a8d71c978d9的第4个抽奖活动【1EFRXxg】，邀请码 【T0225KkcRxpI_QDQIUn9k_9efQCjVQmoaT5kRrbA】
助力失败：活动已结束

账号5 jd_67f63c904d8c6 去助力账号 chao4596758的第4个抽奖活动【1EFRXxg】，邀请码 【T0157aUiHxoc_FLQJRICjVQmoaT5kRrbA】
助力失败：活动已结束

账号5 jd_67f63c904d8c6 去助力账号 jd_46df9eaa780aa的第4个抽奖活动【1EFRXxg】，邀请码 【T0225KkcRBhNo12CcUvznPdbJQCjVQmoaT5kRrbA】
助力失败：活动已结束

请求访问 【raw.githubusercontent.com】 的jd_lotteryMachine.js文件失败："Timeout awaiting 'request' for 10000ms"

下面使用 【cdn.jsdelivr.net】请求访问jd_lotteryMachine.js文件

🔔京东抽奖机, 开始!
共5个京东账号


❗️京东抽奖机, 错误!
TypeError: Cannot read property 'nickname' of undefined
    at eval (eval at main (/opt/jd/scripts/jd_lotteryMachine.js:32:5), <anonymous>:86:38)
    at isSurge.isLoon.isQuanX.isNode.got.on.then.message (eval at main (/opt/jd/scripts/jd_lotteryMachine.js:32:5), <anonymous>:373:4791)
    at runMicrotasks (<anonymous>)
    at processTicksAndRejections (internal/process/task_queues.js:93:5)

14-邀人助力任务-已完成0-未完成10
活动太火爆啦
请稍后尝试~

2-【老北京艾草足贴】【买3盒送2盒 买5盒送5盒 10盒一周期】-全部已完成

1-零点在线京东自营旗舰店-全部已完成

3-逛今日必拼活动-全部已完成

3-逛品牌闪购频道-全部已完成

开始抽奖
快去完成任务获得抽奖资格吧

开始第2个抽奖活动

13-连续签到任务（7天）-全部已完成

14-邀人助力任务-已完成0-未完成10
活动太火爆啦
请稍后尝试~

2-港荣蒸蛋糕 早餐蛋糕奶香味900g/箱 饼干蛋糕 营养早餐食品 手撕面包口袋吐司 休闲零食小吃 900g蒸蛋糕-全部已完成

3-9.9买到爽-全部已完成

3-好物1元抢-全部已完成

1-汤臣倍健京东自营旗舰店-全部已完成

21-图书会员-已完成0-未完成3

开始抽奖
快去完成任务获得抽奖资格吧

开始第3个抽奖活动

3-关注PLUS公众号-全部已完成

9-浏览PLUS频道页-全部已完成

9-浏览PLUS生活特权-已完成9-未完成10

9-浏览PLUS会员店-全部已完成

9-浏览PLUS鲜花权益-全部已完成

3-浏览民生京东PLUS联名卡开通页-全部已完成

开始抽奖
快去完成任务获得抽奖资格吧

开始第4个抽奖活动

14-邀请好友助力-已完成0-未完成10
jd_lotteryMachine.js文件  CDN刷新成功
助力已满员！谢谢你哦~

8-千丝巧趣杯 整箱400g巧克力夹心饼干儿童零食休闲小吃下午茶点心 P【每】 巧趣杯整箱400g-全部已完成

7-SOFT99京东自营旗舰店-全部已完成

26-浏览并关注秒杀频道-全部已完成

9-浏览锦鲤红包-全部已完成

开始抽奖
快去完成任务获得抽奖资格吧

开始第5个抽奖活动
活动已结束

开始第6个抽奖活动
活动已结束

开始第7个抽奖活动
活动已结束

开始第8个抽奖活动
活动已结束

开始第9个抽奖活动
活动已结束

开始第10个抽奖活动

13-连续签到-全部已完成

9-领免费吃喝玩乐福利-全部已完成

9-领无门槛打车券-全部已完成

9-领全国乐园免费四项票-全部已完成

9-领0元吃鸡翅套餐-全部已完成

9-领Apple Music会员-全部已完成

开始抽奖
快去完成任务获得抽奖资格吧

开始第11个抽奖活动
活动已结束

==============📣系统通知📣==============
京东抽奖机
京东账号：
抽得京豆：失败：活动已结束
请点击通知跳转至APP查看

***************开始京东账号2***************

14-邀人助力任务-已完成0-未完成10
success

2-魔法色彩眼影盘ins超火透明九色初学者哑光裸妆持久闪粉珠光亮片防水大地色不脱妆 Q-九宫格南瓜盘-已完成0-未完成2

魔法色彩眼影盘ins超火透明九色初学者哑光裸妆持久闪粉珠光亮片防水大地色不脱妆 Q-九宫格南瓜盘
success

藤琉 多效地板清洁片拖地擦木地板瓷砖厕所打扫卫生家用多效留香清洁剂 30片/包（带自封条）
success

开始抽奖

开始抽奖

1-大宇电器家电京东自营旗舰店-已完成0-未完成2

大宇电器家电京东自营旗舰店
success

浪凡（LANVIN）香氛京东自营专区
success

开始抽奖

开始抽奖

3-逛今日必拼活动-已完成0-未完成2

逛今日必拼活动
success

浏览锦鲤红包
success

开始抽奖

开始抽奖

3-逛京东秒杀频道-已完成0-未完成2

逛京东秒杀频道
success

浏览特价频道
success

开始抽奖

开始抽奖

开始抽奖
快去完成任务获得抽奖资格吧

开始第2个抽奖活动

13-连续签到任务（7天）-已完成0-未完成1
success

14-邀人助力任务-已完成0-未完成10
success

2-港荣蒸蛋糕 早餐蛋糕奶香味900g/箱 饼干蛋糕 营养早餐食品 手撕面包口袋吐司 休闲零食小吃 900g蒸蛋糕-已完成0-未完成3

港荣蒸蛋糕 早餐蛋糕奶香味900g/箱 饼干蛋糕 营养早餐食品 手撕面包口袋吐司 休闲零食小吃 900g蒸蛋糕
success

【两盒再减5元】每日坚果 混合坚果仁540g/盒共30袋独立包装儿童孕妇女友休闲零食大礼包
success

栗源 河北唐山特产 地瓜干薯类制品袋红薯干甘薯条特产果干零食 5*80g
success

开始抽奖

3-9.9买到爽-已完成0-未完成2

9.9买到爽
success

查看精选补贴好物
success

开始抽奖
快去完成任务获得抽奖资格吧

3-好物1元抢-已完成0-未完成3

好物1元抢
success

查看京品好物
success

宠汪汪-兑换iPhone
success

开始抽奖

1-汤臣倍健京东自营旗舰店-已完成0-未完成3

汤臣倍健京东自营旗舰店
success

闪魔旗舰店
success

鲜次方旗舰店
success

开始抽奖
快去完成任务获得抽奖资格吧

21-图书会员-已完成0-未完成3

开始抽奖
快去完成任务获得抽奖资格吧

开始第3个抽奖活动

3-关注PLUS公众号-全部已完成

9-浏览PLUS频道页-已完成0-未完成2

浏览PLUS频道页
任务领取成功
success

浏览PLUS省钱攻略页
任务领取成功
success

开始抽奖

9-浏览PLUS生活特权-已完成0-未完成10

浏览PLUS生活特权
任务领取成功
success

PLUS免费享滴滴9折券
任务领取成功
success

浏览超值福利
任务领取成功
success

PLUS享COSTA买一赠一
任务领取成功
success

0元领学而思精品课程
任务领取成功
success

领每月9.9元洗车优惠
任务领取成功
success

领携程酒店折上折
任务领取成功
success

天天领外卖红包
任务领取成功
success

0元追芒果TV热播剧
任务领取成功
success

9-浏览PLUS会员店-已完成0-未完成1

浏览PLUS会员店
任务领取成功
success

开始抽奖

开始抽奖

开始抽奖

开始抽奖

开始抽奖

开始抽奖

开始抽奖

9-浏览PLUS鲜花权益-已完成0-未完成6

浏览PLUS鲜花权益
任务领取成功
success

浏览PLUS健康权益
任务领取成功
success

浏览PLUS读书权益
任务领取成功
success

浏览寄件特权
任务领取成功
success

浏览PLUS理财权益
任务领取成功
success

购物送PLUS会员
任务领取成功
success

开始抽奖

开始抽奖

3-浏览民生京东PLUS联名卡开通页-已完成0-未完成5

浏览民生京东PLUS联名卡开通页
success

浏览光大京东PLUS联名卡开通页
success

浏览交行京东PLUS联名卡
success

浏览中信PLUS联名卡
success

理财联名卡
success

开始抽奖

开始抽奖

开始抽奖
快去完成任务获得抽奖资格吧

开始第4个抽奖活动

14-邀请好友助力-已完成0-未完成10
success

8-倩滋(QIANZI)金盏花植萃爽肤水200ml（补水保湿 调节水油平衡） 金盏花爽肤水（活动8）一瓶-全部已完成

7-上鲜京东自营旗舰店-全部已完成

26-浏览并关注优惠日历-全部已完成

9-浏览锦鲤红包-全部已完成

开始抽奖
快去完成任务获得抽奖资格吧

开始第5个抽奖活动
活动已结束

开始第6个抽奖活动
活动已结束

开始第7个抽奖活动
活动已结束

开始第8个抽奖活动
活动已结束

开始第9个抽奖活动
活动已结束

开始第10个抽奖活动

13-连续签到-已完成0-未完成1
success

9-领免费吃喝玩乐福利-已完成0-未完成1

领免费吃喝玩乐福利
任务领取成功
success

开始抽奖
京豆:1

9-领无门槛打车券-已完成0-未完成1

领无门槛打车券
任务领取成功
success

开始抽奖

9-领全国乐园免费四项票-已完成0-未完成1

领全国乐园免费四项票
任务领取成功
success

开始抽奖
快去完成任务获得抽奖资格吧

9-领0元吃鸡翅套餐-已完成0-未完成1

领0元吃鸡翅套餐
任务领取成功
success

开始抽奖

9-领Apple Music会员-已完成0-未完成1

领Apple Music会员
任务领取成功
success

开始抽奖

开始抽奖
快去完成任务获得抽奖资格吧

开始第11个抽奖活动
活动已结束

==============📣系统通知📣==============
京东抽奖机
京东账号：Ycp_Dream
抽得京豆：1个
请点击通知跳转至APP查看

***************开始京东账号3***************

❗️京东抽奖机, 错误!
TypeError: Cannot read property 'nickname' of undefined
    at eval (eval at main (/opt/jd/scripts/jd_lotteryMachine.js:32:5), <anonymous>:86:38)
    at isSurge.isLoon.isQuanX.isNode.got.on.then.message (eval at main (/opt/jd/scripts/jd_lotteryMachine.js:32:5), <anonymous>:373:4791)
    at runMicrotasks (<anonymous>)
    at processTicksAndRejections (internal/process/task_queues.js:93:5)

14-邀人助力任务-已完成0-未完成10
success

2-【2021新货】新鲜三华李应当季水果新鲜青脆李子珍珠酸孕妇 5斤精选大果-已完成0-未完成2

【2021新货】新鲜三华李应当季水果新鲜青脆李子珍珠酸孕妇 5斤精选大果
success

魅洁 洗衣机槽清洗剂泡腾片块去污渍全自动波轮滚筒式家用清洁除垢 6片袋装
success

开始抽奖

开始抽奖

1-恒源祥服饰京东自营专卖店-已完成0-未完成2

恒源祥服饰京东自营专卖店
success

开丽(Kaili)京东自营旗舰店
success

开始抽奖

开始抽奖

3-逛今日必拼活动-已完成0-未完成2

逛今日必拼活动
success

浏览锦鲤红包
success

开始抽奖

开始抽奖

3-逛京东秒杀频道-已完成0-未完成2

逛京东秒杀频道
success

浏览特价频道
success

开始抽奖

开始抽奖

开始抽奖
快去完成任务获得抽奖资格吧

开始第2个抽奖活动

13-连续签到任务（7天）-已完成0-未完成1
success

14-邀人助力任务-已完成0-未完成10
success

2-港荣蒸蛋糕 早餐蛋糕奶香味900g/箱 饼干蛋糕 营养早餐食品 手撕面包口袋吐司 休闲零食小吃 900g蒸蛋糕-已完成0-未完成3

港荣蒸蛋糕 早餐蛋糕奶香味900g/箱 饼干蛋糕 营养早餐食品 手撕面包口袋吐司 休闲零食小吃 900g蒸蛋糕
success

【两盒再减5元】每日坚果 混合坚果仁540g/盒共30袋独立包装儿童孕妇女友休闲零食大礼包
success

栗源 河北唐山特产 地瓜干薯类制品袋红薯干甘薯条特产果干零食 5*80g
success

开始抽奖

3-9.9买到爽-已完成0-未完成2

9.9买到爽
success

查看精选补贴好物
success

开始抽奖
快去完成任务获得抽奖资格吧

3-好物1元抢-已完成0-未完成3

好物1元抢
success

查看京品好物
success

宠汪汪-兑换iPhone
success

开始抽奖

1-汤臣倍健京东自营旗舰店-已完成0-未完成3

汤臣倍健京东自营旗舰店
success

闪魔旗舰店
success

鲜次方旗舰店
success

开始抽奖

21-图书会员-已完成0-未完成3

开始抽奖
快去完成任务获得抽奖资格吧

开始第3个抽奖活动

3-关注PLUS公众号-全部已完成

9-浏览PLUS频道页-已完成0-未完成2

浏览PLUS频道页
任务领取成功
success

浏览PLUS省钱攻略页
任务领取成功
success

开始抽奖

9-浏览PLUS生活特权-已完成0-未完成10

浏览PLUS生活特权
任务领取成功
success

PLUS免费享滴滴9折券
任务领取成功
success

浏览超值福利
任务领取成功
success

PLUS享COSTA买一赠一
任务领取成功
success

0元领学而思精品课程
任务领取成功
success

领每月9.9元洗车优惠
任务领取成功
success

领携程酒店折上折
任务领取成功
success

天天领外卖红包
任务领取成功
success

0元追芒果TV热播剧
任务领取成功
success

9-浏览PLUS会员店-已完成0-未完成1

浏览PLUS会员店
任务领取成功
success

开始抽奖

开始抽奖

开始抽奖

开始抽奖

开始抽奖

开始抽奖

开始抽奖

9-浏览PLUS鲜花权益-已完成0-未完成6

浏览PLUS鲜花权益
任务领取成功
success

浏览PLUS健康权益
任务领取成功
success

浏览PLUS读书权益
任务领取成功
success

浏览寄件特权
任务领取成功
success

浏览PLUS理财权益
任务领取成功
success

购物送PLUS会员
任务领取成功
success

开始抽奖

开始抽奖

3-浏览民生京东PLUS联名卡开通页-已完成0-未完成5

浏览民生京东PLUS联名卡开通页
success

浏览光大京东PLUS联名卡开通页
success

浏览交行京东PLUS联名卡
success

浏览中信PLUS联名卡
success

理财联名卡
success

开始抽奖

开始抽奖

开始抽奖
快去完成任务获得抽奖资格吧

开始第4个抽奖活动

14-邀请好友助力-已完成0-未完成10
success

8-Jeep短袖t恤女 户外透气速干衣女士运动排汗干爽健身训练圆领短袖女 4596 哈密粉 XL(170)-全部已完成

7-开丽(Kaili)京东自营旗舰店-全部已完成

26-浏览并关注优惠日历-全部已完成

9-浏览锦鲤红包-全部已完成

开始抽奖
快去完成任务获得抽奖资格吧

开始第5个抽奖活动
活动已结束

开始第6个抽奖活动
活动已结束

开始第7个抽奖活动
活动已结束

开始第8个抽奖活动
活动已结束

开始第9个抽奖活动
活动已结束

开始第10个抽奖活动

13-连续签到-已完成0-未完成1
success

9-领免费吃喝玩乐福利-已完成0-未完成1

领免费吃喝玩乐福利
任务领取成功
success

开始抽奖
京豆:1

9-领无门槛打车券-已完成0-未完成1

领无门槛打车券
任务领取成功
success

开始抽奖

9-领全国乐园免费四项票-已完成0-未完成1

领全国乐园免费四项票
任务领取成功
success

开始抽奖
快去完成任务获得抽奖资格吧

9-领0元吃鸡翅套餐-已完成0-未完成1

领0元吃鸡翅套餐
任务领取成功
success

开始抽奖

9-领Apple Music会员-已完成0-未完成1

领Apple Music会员
任务领取成功
success

开始抽奖

开始抽奖
快去完成任务获得抽奖资格吧

开始第11个抽奖活动
活动已结束

==============📣系统通知📣==============
京东抽奖机
京东账号：
抽得京豆：1个
请点击通知跳转至APP查看

***************开始京东账号4***************

❗️京东抽奖机, 错误!
TypeError: Cannot read property 'nickname' of undefined
    at eval (eval at main (/opt/jd/scripts/jd_lotteryMachine.js:32:5), <anonymous>:86:38)
    at isSurge.isLoon.isQuanX.isNode.got.on.then.message (eval at main (/opt/jd/scripts/jd_lotteryMachine.js:32:5), <anonymous>:373:4791)
    at runMicrotasks (<anonymous>)
    at processTicksAndRejections (internal/process/task_queues.js:93:5)

14-邀人助力任务-已完成0-未完成10
success

2-华亚（HUAYA） 电镀哑铃杠铃套装组合 男士举重杠铃 家用健身器材 40kg哑铃杠铃两用套装含1.2米杠铃杆（总重）-已完成0-未完成2

华亚（HUAYA） 电镀哑铃杠铃套装组合 男士举重杠铃 家用健身器材 40kg哑铃杠铃两用套装含1.2米杠铃杆（总重）
success

GLO-STORY 真丝领带 8cm男士正装商务休闲韩版潮流西装宴会新郎伴郎桑蚕丝领带礼盒装MLD824060 蓝色细斜纹
success

开始抽奖

开始抽奖

1-圣荷京东自营旗舰店-已完成0-未完成2

圣荷京东自营旗舰店
success

瑶妹家居日用京东自营官方旗舰店
success

开始抽奖

开始抽奖

3-逛今日必拼活动-已完成0-未完成2

逛今日必拼活动
success

浏览锦鲤红包
success

开始抽奖

开始抽奖

3-逛京东秒杀频道-已完成0-未完成2

逛京东秒杀频道
success

浏览特价频道
success

开始抽奖

开始抽奖

开始抽奖
快去完成任务获得抽奖资格吧

开始第2个抽奖活动

13-连续签到任务（7天）-已完成0-未完成1
success

14-邀人助力任务-已完成0-未完成10
success

2-港荣蒸蛋糕 早餐蛋糕奶香味900g/箱 饼干蛋糕 营养早餐食品 手撕面包口袋吐司 休闲零食小吃 900g蒸蛋糕-已完成0-未完成3

港荣蒸蛋糕 早餐蛋糕奶香味900g/箱 饼干蛋糕 营养早餐食品 手撕面包口袋吐司 休闲零食小吃 900g蒸蛋糕
success

【两盒再减5元】每日坚果 混合坚果仁540g/盒共30袋独立包装儿童孕妇女友休闲零食大礼包
success

栗源 河北唐山特产 地瓜干薯类制品袋红薯干甘薯条特产果干零食 5*80g
success

开始抽奖

3-9.9买到爽-已完成0-未完成2

9.9买到爽
success

查看精选补贴好物
success

开始抽奖
快去完成任务获得抽奖资格吧

3-好物1元抢-已完成0-未完成3

好物1元抢
success

查看京品好物
success

宠汪汪-兑换iPhone
success

开始抽奖

1-汤臣倍健京东自营旗舰店-已完成0-未完成3

汤臣倍健京东自营旗舰店
success

闪魔旗舰店
success

鲜次方旗舰店
success

开始抽奖

21-图书会员-已完成0-未完成3

开始抽奖
快去完成任务获得抽奖资格吧

开始第3个抽奖活动

3-关注PLUS公众号-全部已完成

9-浏览PLUS频道页-已完成0-未完成2

浏览PLUS频道页
任务领取成功
success

浏览PLUS省钱攻略页
任务领取成功
success

开始抽奖

9-浏览PLUS生活特权-已完成0-未完成10

浏览PLUS生活特权
任务领取成功
success

PLUS免费享滴滴9折券
任务领取成功
success

浏览超值福利
任务领取成功
success

PLUS享COSTA买一赠一
任务领取成功
success

0元领学而思精品课程
任务领取成功
success

领每月9.9元洗车优惠
任务领取成功
success

领携程酒店折上折
任务领取成功
success

天天领外卖红包
任务领取成功
success

0元追芒果TV热播剧
任务领取成功
success

9-浏览PLUS会员店-已完成0-未完成1

浏览PLUS会员店
任务领取成功
success

开始抽奖

开始抽奖

开始抽奖

开始抽奖

开始抽奖

开始抽奖

开始抽奖

9-浏览PLUS鲜花权益-已完成0-未完成6

浏览PLUS鲜花权益
任务领取成功
success

浏览PLUS健康权益
任务领取成功
success

浏览PLUS读书权益
任务领取成功
success

浏览寄件特权
任务领取成功
success

浏览PLUS理财权益
任务领取成功
success

购物送PLUS会员
任务领取成功
success

开始抽奖

开始抽奖

3-浏览民生京东PLUS联名卡开通页-已完成0-未完成5

浏览民生京东PLUS联名卡开通页
success

浏览光大京东PLUS联名卡开通页
success

浏览交行京东PLUS联名卡
success

浏览中信PLUS联名卡
success

理财联名卡
success

开始抽奖

开始抽奖
快去完成任务获得抽奖资格吧

开始第4个抽奖活动

14-邀请好友助力-已完成0-未完成10
success

8-OSA欧莎高腰毛呢短裙不规则格子半身裙女秋冬季2020年新款时尚a字裙子 黑白格 L-全部已完成

7-高端美妆机场云购京东自营专区-全部已完成

26-浏览并关注秒杀频道-全部已完成

9-寻找你感兴趣的部落-全部已完成

开始抽奖
快去完成任务获得抽奖资格吧

开始第5个抽奖活动
活动已结束

开始第6个抽奖活动
活动已结束

开始第7个抽奖活动
活动已结束

开始第8个抽奖活动
活动已结束

开始第9个抽奖活动
活动已结束

开始第10个抽奖活动

13-连续签到-已完成0-未完成1
success

9-领免费吃喝玩乐福利-已完成0-未完成1

领免费吃喝玩乐福利
任务领取成功
success

开始抽奖

9-领无门槛打车券-已完成0-未完成1

领无门槛打车券
任务领取成功
success

开始抽奖

9-领全国乐园免费四项票-已完成0-未完成1

领全国乐园免费四项票
任务领取成功
success

开始抽奖
快去完成任务获得抽奖资格吧

9-领0元吃鸡翅套餐-已完成0-未完成1

领0元吃鸡翅套餐
任务领取成功
success

开始抽奖

9-领Apple Music会员-已完成0-未完成1

领Apple Music会员
任务领取成功
success

开始抽奖

开始抽奖
快去完成任务获得抽奖资格吧

开始第11个抽奖活动
活动已结束

==============📣系统通知📣==============
京东抽奖机
京东账号：
抽得京豆：失败：活动已结束
请点击通知跳转至APP查看

***************开始京东账号5***************

14-邀人助力任务-已完成0-未完成10
success

2-Teenmix/天美意2021夏新款商场同款烫钻条带度假休闲女凉拖鞋CY603BT1 杏粉 36-已完成0-未完成2

Teenmix/天美意2021夏新款商场同款烫钻条带度假休闲女凉拖鞋CY603BT1 杏粉 36
success

Teenmix/天美意2021夏新款商场同款烫钻条带一字扣厚底休闲女凉鞋CY305BL1 粉色 36
success

开始抽奖

开始抽奖

1-大宇电器家电京东自营旗舰店-已完成0-未完成2

大宇电器家电京东自营旗舰店
success

浪凡（LANVIN）香氛京东自营专区
success

开始抽奖

开始抽奖

3-逛今日必拼活动-已完成0-未完成2

逛今日必拼活动
success

浏览锦鲤红包
success

开始抽奖

开始抽奖

3-逛京东秒杀频道-已完成0-未完成2

逛京东秒杀频道
success

浏览特价频道
success

开始抽奖

开始抽奖

开始抽奖
快去完成任务获得抽奖资格吧

开始第2个抽奖活动

13-连续签到任务（7天）-已完成0-未完成1
success

14-邀人助力任务-已完成0-未完成10
success

2-肉松饼 面包早餐休闲零食儿童网红小吃 肉松饼 5斤（共2500g）-已完成0-未完成3

肉松饼 面包早餐休闲零食儿童网红小吃 肉松饼 5斤（共2500g）
success

【诚成果】山东烟台红富士苹果当季新鲜孕妇生鲜水果 3斤中果
success

栗源 河北唐山特产 地瓜干薯类制品袋红薯干甘薯条特产果干零食 5*80g
success

开始抽奖

3-9.9买到爽-已完成0-未完成2

9.9买到爽
success

查看精选补贴好物
success

开始抽奖
快去完成任务获得抽奖资格吧

3-好物1元抢-已完成0-未完成3

好物1元抢
success

查看京品好物
success

宠汪汪-兑换iPhone
success

开始抽奖

1-汤臣倍健京东自营旗舰店-已完成0-未完成3

汤臣倍健京东自营旗舰店
success

闪魔旗舰店
success

鲜次方旗舰店
success

开始抽奖

21-图书会员-已完成0-未完成3

开始抽奖
快去完成任务获得抽奖资格吧

开始第3个抽奖活动

3-关注PLUS公众号-全部已完成

9-浏览PLUS频道页-已完成0-未完成2

浏览PLUS频道页
任务领取成功
success

浏览PLUS省钱攻略页
任务领取成功
success

开始抽奖

9-浏览PLUS生活特权-已完成0-未完成10

浏览PLUS生活特权
任务领取成功
success

PLUS免费享滴滴9折券
任务领取成功
success

浏览超值福利
任务领取成功
success

PLUS享COSTA买一赠一
任务领取成功
success

0元领学而思精品课程
任务领取成功
success

领每月9.9元洗车优惠
任务领取成功
success

领携程酒店折上折
任务领取成功
success

天天领外卖红包
任务领取成功
success

0元追芒果TV热播剧
任务领取成功
success

9-浏览PLUS会员店-已完成0-未完成1

浏览PLUS会员店
任务领取成功
success

开始抽奖

开始抽奖

开始抽奖

开始抽奖

开始抽奖

开始抽奖

开始抽奖

9-浏览PLUS鲜花权益-已完成0-未完成6

浏览PLUS鲜花权益
任务领取成功
success

浏览PLUS健康权益
任务领取成功
success

浏览PLUS读书权益
任务领取成功
success

浏览寄件特权
任务领取成功
success

浏览PLUS理财权益
任务领取成功
success

购物送PLUS会员
任务领取成功
success

开始抽奖

开始抽奖

3-浏览民生京东PLUS联名卡开通页-已完成0-未完成5

浏览民生京东PLUS联名卡开通页
success

浏览光大京东PLUS联名卡开通页
success

浏览交行京东PLUS联名卡
success

浏览中信PLUS联名卡
success

理财联名卡
success

开始抽奖

开始抽奖
快去完成任务获得抽奖资格吧

开始第4个抽奖活动

14-邀请好友助力-已完成0-未完成10
success

8-Jeep 吉普2021个性两用凉拖韩版春夏季户外潮流舒适沙滩鞋 JD11300100AC 黑色 38-全部已完成

7-英氏京东自营旗舰店-全部已完成

26-浏览并关注闪购频道-全部已完成

9-寻找你感兴趣的部落-全部已完成

开始抽奖
快去完成任务获得抽奖资格吧

开始第5个抽奖活动
活动已结束

开始第6个抽奖活动
活动已结束

开始第7个抽奖活动
活动已结束

开始第8个抽奖活动
活动已结束

开始第9个抽奖活动
活动已结束

开始第10个抽奖活动

13-连续签到-已完成0-未完成1
success

9-领免费吃喝玩乐福利-已完成0-未完成1

领免费吃喝玩乐福利
任务领取成功
success

开始抽奖

9-领无门槛打车券-已完成0-未完成1

领无门槛打车券
任务领取成功
success

开始抽奖

9-领全国乐园免费四项票-已完成0-未完成1

领全国乐园免费四项票
任务领取成功
success

开始抽奖
快去完成任务获得抽奖资格吧

9-领0元吃鸡翅套餐-已完成0-未完成1

领0元吃鸡翅套餐
任务领取成功
success

开始抽奖

9-领Apple Music会员-已完成0-未完成1

领Apple Music会员
任务领取成功
success

开始抽奖

开始抽奖
快去完成任务获得抽奖资格吧

开始第11个抽奖活动
活动已结束

==============📣系统通知📣==============
京东抽奖机
京东账号：jd_157332zdf
抽得京豆：失败：活动已结束
请点击通知跳转至APP查看

🔔京东抽奖机, 结束! 🕛 810.647 秒

