
🔔京东抽奖机&内部互助, 开始!

====================共2个京东账号Cookie=========

==================脚本执行- 北京时间(UTC+8)：7/12/2021, 1:07:31 AM=====================



当前共有11个抽奖机活动



第1个抽奖活动【1EFRRxA】
functionId：interact_template_getHomeData

***************开始京东账号1 15631692383_p***************
邀请码：T018v_h1Qx8f_FbUKBmb1ACjVWmIaW5kRrbA
邀请好友助力：1/10


***************开始京东账号2 jd_74a8d71c978d9***************
邀请码：T0225KkcRxpI_QDQIUn9k_9efQCjVWmIaW5kRrbA
邀请好友助力：0/10


第2个抽奖活动【1EFRQwA】
functionId：interact_template_getHomeData

***************开始京东账号1 15631692383_p***************
邀请码：T018v_h1Qx8f_FbUKBmb1ACjVXnIaW5kRrbA
邀请好友助力：1/10


***************开始京东账号2 jd_74a8d71c978d9***************
邀请码：T0225KkcRxpI_QDQIUn9k_9efQCjVXnIaW5kRrbA
邀请好友助力：0/10


第3个抽奖活动【1EFRYxQ】
functionId：harmony_template_getHomeData

***************开始京东账号1 15631692383_p***************

第3个抽奖活动【1EFRYxQ】,不需要助力

第4个抽奖活动【1EFRXxg】
functionId：healthyDay_getHomeData

***************开始京东账号1 15631692383_p***************
邀请码：T018v_h1Qx8f_FbUKBmb1ACjVQmoaT5kRrbA
邀请好友助力：1/10


***************开始京东账号2 jd_74a8d71c978d9***************
邀请码：T0225KkcRxpI_QDQIUn9k_9efQCjVQmoaT5kRrbA
邀请好友助力：0/10


第5个抽奖活动【1EFVRwA】
functionId：healthyDay_getHomeData

***************开始京东账号1 15631692383_p***************
获取抽奖活动数据失败：活动已结束

***************开始京东账号2 jd_74a8d71c978d9***************
获取抽奖活动数据失败：活动已结束

第6个抽奖活动【1EFVRxw】
functionId：healthyDay_getHomeData

***************开始京东账号1 15631692383_p***************
获取抽奖活动数据失败：活动已结束

***************开始京东账号2 jd_74a8d71c978d9***************
获取抽奖活动数据失败：活动已结束

第7个抽奖活动【1EFRZwA】
functionId：healthyDay_getHomeData

***************开始京东账号1 15631692383_p***************
获取抽奖活动数据失败：活动已结束

***************开始京东账号2 jd_74a8d71c978d9***************
获取抽奖活动数据失败：活动已结束

第8个抽奖活动【1EFRZwQ】
functionId：healthyDay_getHomeData

***************开始京东账号1 15631692383_p***************
获取抽奖活动数据失败：活动已结束

***************开始京东账号2 jd_74a8d71c978d9***************
获取抽奖活动数据失败：活动已结束

第9个抽奖活动【1EFRYwA】
functionId：healthyDay_getHomeData

***************开始京东账号1 15631692383_p***************
获取抽奖活动数据失败：活动已结束

***************开始京东账号2 jd_74a8d71c978d9***************
获取抽奖活动数据失败：活动已结束

第10个抽奖活动【1EFVRxg】
functionId：healthyDay_getHomeData

***************开始京东账号1 15631692383_p***************

第10个抽奖活动【1EFVRxg】,不需要助力

第11个抽奖活动【1EFVRxQ】
functionId：healthyDay_getHomeData

***************开始京东账号1 15631692383_p***************
获取抽奖活动数据失败：活动已结束

***************开始京东账号2 jd_74a8d71c978d9***************
获取抽奖活动数据失败：活动已结束
账号1 15631692383_p 去助力账号 jd_74a8d71c978d9的第1个抽奖活动【1EFRRxA】，邀请码 【T0225KkcRxpI_QDQIUn9k_9efQCjVWmIaW5kRrbA】
助力失败：活动已结束

账号1 15631692383_p 去助力账号 jd_74a8d71c978d9的第2个抽奖活动【1EFRQwA】，邀请码 【T0225KkcRxpI_QDQIUn9k_9efQCjVXnIaW5kRrbA】
助力失败：活动已结束

账号1 15631692383_p 去助力账号 jd_74a8d71c978d9的第4个抽奖活动【1EFRXxg】，邀请码 【T0225KkcRxpI_QDQIUn9k_9efQCjVQmoaT5kRrbA】
助力失败：活动已结束

账号2 jd_74a8d71c978d9 去助力账号 15631692383_p的第1个抽奖活动【1EFRRxA】，邀请码 【T018v_h1Qx8f_FbUKBmb1ACjVWmIaW5kRrbA】
助力失败：活动已结束

账号2 jd_74a8d71c978d9 去助力账号 15631692383_p的第2个抽奖活动【1EFRQwA】，邀请码 【T018v_h1Qx8f_FbUKBmb1ACjVXnIaW5kRrbA】
助力失败：活动已结束

账号2 jd_74a8d71c978d9 去助力账号 15631692383_p的第4个抽奖活动【1EFRXxg】，邀请码 【T018v_h1Qx8f_FbUKBmb1ACjVQmoaT5kRrbA】
助力失败：活动已结束

请求访问 【raw.githubusercontent.com】 的jd_lotteryMachine.js文件失败："connect ECONNREFUSED 0.0.0.0:443"

下面使用 【cdn.jsdelivr.net】请求访问jd_lotteryMachine.js文件

🔔京东抽奖机, 开始!
共2个京东账号


❗️京东抽奖机, 错误!
TypeError: Cannot read property 'nickname' of undefined
    at eval (eval at main (/opt/jd/scripts/jd_lotteryMachine.js:32:5), <anonymous>:86:38)
    at isSurge.isLoon.isQuanX.isNode.got.on.then.message (eval at main (/opt/jd/scripts/jd_lotteryMachine.js:32:5), <anonymous>:374:4791)
    at processTicksAndRejections (internal/process/task_queues.js:93:5)

14-邀人助力任务-已完成1-未完成10
助力已满员！谢谢你哦~

开始抽奖

2-芬腾可安 内裤女4条装透气棉质高弹力中腰学生女士三角内裤Q93207013 组合一 XL-全部已完成

1-欧孕京东自营旗舰店-全部已完成

3-逛今日必拼活动-全部已完成

3-逛品牌闪购频道-全部已完成

开始抽奖
快去完成任务获得抽奖资格吧

开始第2个抽奖活动

13-连续签到任务（7天）-全部已完成

14-邀人助力任务-已完成1-未完成10
助力已满员！谢谢你哦~

2-【当天发货】九叶草小金管遮瑕膏 防水防汗遮盖斑点纹身黑眼圈脸部高光修容 【店长推荐】2支装【适合暗沉皮肤：自然色】-全部已完成

3-9.9买到爽-全部已完成

3-好物1元抢-全部已完成

1-汤臣倍健京东自营旗舰店-全部已完成

21-图书会员-已完成0-未完成3

开始抽奖

开始第3个抽奖活动
jd_lotteryMachine.js文件  CDN刷新成功

3-关注PLUS公众号-全部已完成

9-浏览PLUS频道页-全部已完成

9-浏览PLUS生活特权-已完成9-未完成10

9-浏览PLUS会员店-全部已完成

9-浏览PLUS鲜花权益-全部已完成

3-浏览民生京东PLUS联名卡开通页-全部已完成

开始抽奖
快去完成任务获得抽奖资格吧

开始第4个抽奖活动

14-邀请好友助力-已完成1-未完成10
助力已满员！谢谢你哦~

开始抽奖

8-恒源祥家纺 支撑荞麦枕 拉伸颈枕放松安眠枕芯 瑟调老虎枕-黄色（拉伸颈枕） 42*16cm-全部已完成

7-施巴（sebamed）婴童京东自营旗舰店-全部已完成

26-浏览并关注秒杀频道-全部已完成

9-寻找你感兴趣的部落-全部已完成

开始抽奖
快去完成任务获得抽奖资格吧

开始第5个抽奖活动

13-连续签到-全部已完成

9-领免费吃喝玩乐福利-全部已完成

9-领B站大会员-全部已完成

9-吃真功夫半价工作餐-全部已完成

9-领0元吃鸡翅套餐-全部已完成

9-领诺心蛋糕3折券-全部已完成

开始抽奖
快去完成任务获得抽奖资格吧

开始第6个抽奖活动

26-关注众筹频道-全部已完成

9-浏览众筹频道-全部已完成

8-浏览爆款商品-全部已完成

14-邀请好友助力-已完成1-未完成3
助力已满员！谢谢你哦~

1-茗伶尚品青风阁专卖店-全部已完成

13-连签-全部已完成

开始抽奖
快去完成任务获得抽奖资格吧

==============📣系统通知📣==============
京东抽奖机
京东账号：
抽得京豆：失败：无机会
请点击通知跳转至APP查看

***************开始京东账号2***************

❗️京东抽奖机, 错误!
TypeError: Cannot read property 'nickname' of undefined
    at eval (eval at main (/opt/jd/scripts/jd_lotteryMachine.js:32:5), <anonymous>:86:38)
    at isSurge.isLoon.isQuanX.isNode.got.on.then.message (eval at main (/opt/jd/scripts/jd_lotteryMachine.js:32:5), <anonymous>:374:4791)
    at processTicksAndRejections (internal/process/task_queues.js:93:5)

14-邀人助力任务-已完成0-未完成10
您今日已为好友助力过了哦~

2-Tata他她冬商场同款拼接绑带车缝线休闲女短靴WFF01DD0 白色（单里） 38-全部已完成

1-大宇电器家电京东自营旗舰店-全部已完成

3-逛今日必拼活动-全部已完成

3-逛品牌闪购频道-全部已完成

开始抽奖
快去完成任务获得抽奖资格吧

开始第2个抽奖活动

13-连续签到任务（7天）-全部已完成

14-邀人助力任务-已完成0-未完成10
您今日已为好友助力过了哦~

2-【当天发货】九叶草小金管遮瑕膏 防水防汗遮盖斑点纹身黑眼圈脸部高光修容 【店长推荐】2支装【适合暗沉皮肤：自然色】-全部已完成

3-9.9买到爽-全部已完成

3-好物1元抢-全部已完成

1-汤臣倍健京东自营旗舰店-全部已完成

21-图书会员-已完成0-未完成3

开始抽奖
快去完成任务获得抽奖资格吧

开始第3个抽奖活动

3-关注PLUS公众号-全部已完成

9-浏览PLUS频道页-全部已完成

9-浏览PLUS生活特权-已完成9-未完成10

9-浏览PLUS会员店-全部已完成

9-浏览PLUS鲜花权益-全部已完成

3-浏览民生京东PLUS联名卡开通页-全部已完成

开始抽奖
快去完成任务获得抽奖资格吧

开始第4个抽奖活动

14-邀请好友助力-已完成0-未完成10
您今日已为好友助力过了哦~

8-雀巢(Nestle) 脆脆鲨巧克力花生牛奶口味威化饼干640g（32条*20g）/盒休闲零食夹心饼干 巧克力味*2盒-全部已完成

7-大宇电器家电京东自营旗舰店-全部已完成

26-浏览并关注闪购频道-全部已完成

9-寻找你感兴趣的部落-全部已完成

开始抽奖
快去完成任务获得抽奖资格吧

开始第5个抽奖活动

13-连续签到-全部已完成

9-领免费吃喝玩乐福利-全部已完成

9-领B站大会员-全部已完成

9-吃真功夫半价工作餐-全部已完成

9-领0元吃鸡翅套餐-全部已完成

9-领诺心蛋糕3折券-全部已完成

开始抽奖
快去完成任务获得抽奖资格吧

开始第6个抽奖活动

26-关注众筹频道-全部已完成

9-浏览众筹频道-全部已完成

8-浏览爆款商品-全部已完成

14-邀请好友助力-已完成0-未完成3
您今日已为好友助力过了哦~

1-奥美旗舰店-全部已完成

13-连签-全部已完成

开始抽奖
快去完成任务获得抽奖资格吧

==============📣系统通知📣==============
京东抽奖机
京东账号：
抽得京豆：失败：无机会
请点击通知跳转至APP查看

🔔京东抽奖机, 结束! 🕛 12.028 秒

