
🔔京东抽奖机&内部互助, 开始!

====================共4个京东账号Cookie=========

==================脚本执行- 北京时间(UTC+8)：6/30/2021, 3:34:38 PM=====================



当前共有11个抽奖机活动



第1个抽奖活动【1EFRRxA】
functionId：interact_template_getHomeData

***************开始京东账号1 15631692383_p***************
邀请码：T018v_h1Qx8f_FbUKBmb1ACjVWmIaW5kRrbA
邀请好友助力：3/10


***************开始京东账号2 jd_74a8d71c978d9***************
邀请码：T0225KkcRxpI_QDQIUn9k_9efQCjVWmIaW5kRrbA
邀请好友助力：2/10


***************开始京东账号3 chao4596758***************
邀请码：T0157aUiHxoc_FLQJRICjVWmIaW5kRrbA
邀请好友助力：2/10


***************开始京东账号4 jd_46df9eaa780aa***************
邀请码：T0225KkcRBhNo12CcUvznPdbJQCjVWmIaW5kRrbA
邀请好友助力：2/10


第2个抽奖活动【1EFRQwA】
functionId：interact_template_getHomeData

***************开始京东账号1 15631692383_p***************
邀请码：T018v_h1Qx8f_FbUKBmb1ACjVXnIaW5kRrbA
邀请好友助力：3/10


***************开始京东账号2 jd_74a8d71c978d9***************
邀请码：T0225KkcRxpI_QDQIUn9k_9efQCjVXnIaW5kRrbA
邀请好友助力：2/10


***************开始京东账号3 chao4596758***************
邀请码：T0157aUiHxoc_FLQJRICjVXnIaW5kRrbA
邀请好友助力：2/10


***************开始京东账号4 jd_46df9eaa780aa***************
邀请码：T0225KkcRBhNo12CcUvznPdbJQCjVXnIaW5kRrbA
邀请好友助力：2/10


第3个抽奖活动【1EFRYxQ】
functionId：harmony_template_getHomeData

***************开始京东账号1 15631692383_p***************

第3个抽奖活动【1EFRYxQ】,不需要助力

第4个抽奖活动【1EFRXxg】
functionId：healthyDay_getHomeData

***************开始京东账号1 15631692383_p***************
邀请码：T018v_h1Qx8f_FbUKBmb1ACjVQmoaT5kRrbA
邀请好友助力：3/10


***************开始京东账号2 jd_74a8d71c978d9***************
邀请码：T0225KkcRxpI_QDQIUn9k_9efQCjVQmoaT5kRrbA
邀请好友助力：2/10


***************开始京东账号3 chao4596758***************
邀请码：T0157aUiHxoc_FLQJRICjVQmoaT5kRrbA
邀请好友助力：2/10


***************开始京东账号4 jd_46df9eaa780aa***************
邀请码：T0225KkcRBhNo12CcUvznPdbJQCjVQmoaT5kRrbA
邀请好友助力：2/10


第5个抽奖活动【1EFVRwA】
functionId：healthyDay_getHomeData

***************开始京东账号1 15631692383_p***************
邀请码：T018v_h1Qx8f_FbUKBmb1ACjRWnIaW5kRrbA
邀请好友助力：3/3


***************开始京东账号2 jd_74a8d71c978d9***************
邀请码：T0225KkcRxpI_QDQIUn9k_9efQCjRWnIaW5kRrbA
邀请好友助力：2/3


***************开始京东账号3 chao4596758***************
邀请码：T0157aUiHxoc_FLQJRICjRWnIaW5kRrbA
邀请好友助力：2/3


***************开始京东账号4 jd_46df9eaa780aa***************
邀请码：T0225KkcRBhNo12CcUvznPdbJQCjRWnIaW5kRrbA
邀请好友助力：2/3


第6个抽奖活动【1EFVRxw】
functionId：healthyDay_getHomeData

***************开始京东账号1 15631692383_p***************
获取抽奖活动数据失败：活动已结束

***************开始京东账号2 jd_74a8d71c978d9***************
获取抽奖活动数据失败：活动已结束

***************开始京东账号3 chao4596758***************
获取抽奖活动数据失败：活动已结束

***************开始京东账号4 jd_46df9eaa780aa***************
获取抽奖活动数据失败：活动已结束

第7个抽奖活动【1EFRZwA】
functionId：healthyDay_getHomeData

***************开始京东账号1 15631692383_p***************
获取抽奖活动数据失败：活动已结束

***************开始京东账号2 jd_74a8d71c978d9***************
获取抽奖活动数据失败：活动已结束

***************开始京东账号3 chao4596758***************
获取抽奖活动数据失败：活动已结束

***************开始京东账号4 jd_46df9eaa780aa***************
获取抽奖活动数据失败：活动已结束

第8个抽奖活动【1EFRZwQ】
functionId：healthyDay_getHomeData

***************开始京东账号1 15631692383_p***************
获取抽奖活动数据失败：活动已结束

***************开始京东账号2 jd_74a8d71c978d9***************
获取抽奖活动数据失败：活动已结束

***************开始京东账号3 chao4596758***************
获取抽奖活动数据失败：活动已结束

***************开始京东账号4 jd_46df9eaa780aa***************
获取抽奖活动数据失败：活动已结束

第9个抽奖活动【1EFRYwA】
functionId：healthyDay_getHomeData

***************开始京东账号1 15631692383_p***************
获取抽奖活动数据失败：活动已结束

***************开始京东账号2 jd_74a8d71c978d9***************
获取抽奖活动数据失败：活动已结束

***************开始京东账号3 chao4596758***************
获取抽奖活动数据失败：活动已结束

***************开始京东账号4 jd_46df9eaa780aa***************
获取抽奖活动数据失败：活动已结束

第10个抽奖活动【1EFVRxg】
functionId：healthyDay_getHomeData

***************开始京东账号1 15631692383_p***************

第10个抽奖活动【1EFVRxg】,不需要助力

第11个抽奖活动【1EFVRxQ】
functionId：healthyDay_getHomeData

***************开始京东账号1 15631692383_p***************
邀请码：T018v_h1Qx8f_FbUKBmb1ACjRWmYaW5kRrbA
邀请好友助力：3/3


***************开始京东账号2 jd_74a8d71c978d9***************
邀请码：T0225KkcRxpI_QDQIUn9k_9efQCjRWmYaW5kRrbA
邀请好友助力：2/3


***************开始京东账号3 chao4596758***************
邀请码：T0157aUiHxoc_FLQJRICjRWmYaW5kRrbA
邀请好友助力：2/3


***************开始京东账号4 jd_46df9eaa780aa***************
邀请码：T0225KkcRBhNo12CcUvznPdbJQCjRWmYaW5kRrbA
邀请好友助力：2/3

账号1 15631692383_p 去助力账号 jd_74a8d71c978d9的第1个抽奖活动【1EFRRxA】，邀请码 【T0225KkcRxpI_QDQIUn9k_9efQCjVWmIaW5kRrbA】
助力失败：已达到助力上限

账号1 15631692383_p 去助力账号 jd_74a8d71c978d9的第2个抽奖活动【1EFRQwA】，邀请码 【T0225KkcRxpI_QDQIUn9k_9efQCjVXnIaW5kRrbA】
助力失败：已达到助力上限

账号1 15631692383_p 去助力账号 jd_74a8d71c978d9的第4个抽奖活动【1EFRXxg】，邀请码 【T0225KkcRxpI_QDQIUn9k_9efQCjVQmoaT5kRrbA】
助力失败：已达到助力上限

账号1 15631692383_p 去助力账号 jd_74a8d71c978d9的第5个抽奖活动【1EFVRwA】，邀请码 【T0225KkcRxpI_QDQIUn9k_9efQCjRWnIaW5kRrbA】
助力失败：已达到助力上限

账号1 15631692383_p 去助力账号 jd_74a8d71c978d9的第11个抽奖活动【1EFVRxQ】，邀请码 【T0225KkcRxpI_QDQIUn9k_9efQCjRWmYaW5kRrbA】
助力失败：已达到助力上限

账号2 jd_74a8d71c978d9 去助力账号 15631692383_p的第1个抽奖活动【1EFRRxA】，邀请码 【T018v_h1Qx8f_FbUKBmb1ACjVWmIaW5kRrbA】
助力失败：您今日已为好友助力过了哦~

账号2 jd_74a8d71c978d9 去助力账号 chao4596758的第1个抽奖活动【1EFRRxA】，邀请码 【T0157aUiHxoc_FLQJRICjVWmIaW5kRrbA】
助力失败：您今日已为好友助力过了哦~

账号2 jd_74a8d71c978d9 去助力账号 jd_46df9eaa780aa的第1个抽奖活动【1EFRRxA】，邀请码 【T0225KkcRBhNo12CcUvznPdbJQCjVWmIaW5kRrbA】
助力失败：您今日已为好友助力过了哦~

账号2 jd_74a8d71c978d9 去助力账号 15631692383_p的第2个抽奖活动【1EFRQwA】，邀请码 【T018v_h1Qx8f_FbUKBmb1ACjVXnIaW5kRrbA】
助力失败：您今日已为好友助力过了哦~

账号2 jd_74a8d71c978d9 去助力账号 chao4596758的第2个抽奖活动【1EFRQwA】，邀请码 【T0157aUiHxoc_FLQJRICjVXnIaW5kRrbA】
助力失败：您今日已为好友助力过了哦~

账号2 jd_74a8d71c978d9 去助力账号 jd_46df9eaa780aa的第2个抽奖活动【1EFRQwA】，邀请码 【T0225KkcRBhNo12CcUvznPdbJQCjVXnIaW5kRrbA】
助力失败：您今日已为好友助力过了哦~

账号2 jd_74a8d71c978d9 去助力账号 15631692383_p的第4个抽奖活动【1EFRXxg】，邀请码 【T018v_h1Qx8f_FbUKBmb1ACjVQmoaT5kRrbA】
助力失败：您今日已为好友助力过了哦~

账号2 jd_74a8d71c978d9 去助力账号 chao4596758的第4个抽奖活动【1EFRXxg】，邀请码 【T0157aUiHxoc_FLQJRICjVQmoaT5kRrbA】
助力失败：您今日已为好友助力过了哦~

账号2 jd_74a8d71c978d9 去助力账号 jd_46df9eaa780aa的第4个抽奖活动【1EFRXxg】，邀请码 【T0225KkcRBhNo12CcUvznPdbJQCjVQmoaT5kRrbA】
助力失败：您今日已为好友助力过了哦~

账号2 jd_74a8d71c978d9 去助力账号 chao4596758的第5个抽奖活动【1EFVRwA】，邀请码 【T0157aUiHxoc_FLQJRICjRWnIaW5kRrbA】
助力失败：您今日已为好友助力过了哦~

账号2 jd_74a8d71c978d9 去助力账号 jd_46df9eaa780aa的第5个抽奖活动【1EFVRwA】，邀请码 【T0225KkcRBhNo12CcUvznPdbJQCjRWnIaW5kRrbA】
助力失败：您今日已为好友助力过了哦~

账号2 jd_74a8d71c978d9 去助力账号 chao4596758的第11个抽奖活动【1EFVRxQ】，邀请码 【T0157aUiHxoc_FLQJRICjRWmYaW5kRrbA】
助力失败：您今日已为好友助力过了哦~

账号2 jd_74a8d71c978d9 去助力账号 jd_46df9eaa780aa的第11个抽奖活动【1EFVRxQ】，邀请码 【T0225KkcRBhNo12CcUvznPdbJQCjRWmYaW5kRrbA】
助力失败：您今日已为好友助力过了哦~

账号3 chao4596758 去助力账号 15631692383_p的第1个抽奖活动【1EFRRxA】，邀请码 【T018v_h1Qx8f_FbUKBmb1ACjVWmIaW5kRrbA】
助力失败：您今日已为好友助力过了哦~

账号3 chao4596758 去助力账号 jd_74a8d71c978d9的第1个抽奖活动【1EFRRxA】，邀请码 【T0225KkcRxpI_QDQIUn9k_9efQCjVWmIaW5kRrbA】
助力失败：您今日已为好友助力过了哦~

账号3 chao4596758 去助力账号 jd_46df9eaa780aa的第1个抽奖活动【1EFRRxA】，邀请码 【T0225KkcRBhNo12CcUvznPdbJQCjVWmIaW5kRrbA】
助力失败：您今日已为好友助力过了哦~

账号3 chao4596758 去助力账号 15631692383_p的第2个抽奖活动【1EFRQwA】，邀请码 【T018v_h1Qx8f_FbUKBmb1ACjVXnIaW5kRrbA】
助力失败：您今日已为好友助力过了哦~

账号3 chao4596758 去助力账号 jd_74a8d71c978d9的第2个抽奖活动【1EFRQwA】，邀请码 【T0225KkcRxpI_QDQIUn9k_9efQCjVXnIaW5kRrbA】
助力失败：您今日已为好友助力过了哦~

账号3 chao4596758 去助力账号 jd_46df9eaa780aa的第2个抽奖活动【1EFRQwA】，邀请码 【T0225KkcRBhNo12CcUvznPdbJQCjVXnIaW5kRrbA】
助力失败：您今日已为好友助力过了哦~

账号3 chao4596758 去助力账号 15631692383_p的第4个抽奖活动【1EFRXxg】，邀请码 【T018v_h1Qx8f_FbUKBmb1ACjVQmoaT5kRrbA】
助力失败：您今日已为好友助力过了哦~

账号3 chao4596758 去助力账号 jd_74a8d71c978d9的第4个抽奖活动【1EFRXxg】，邀请码 【T0225KkcRxpI_QDQIUn9k_9efQCjVQmoaT5kRrbA】
助力失败：您今日已为好友助力过了哦~

账号3 chao4596758 去助力账号 jd_46df9eaa780aa的第4个抽奖活动【1EFRXxg】，邀请码 【T0225KkcRBhNo12CcUvznPdbJQCjVQmoaT5kRrbA】
助力失败：您今日已为好友助力过了哦~

账号3 chao4596758 去助力账号 jd_74a8d71c978d9的第5个抽奖活动【1EFVRwA】，邀请码 【T0225KkcRxpI_QDQIUn9k_9efQCjRWnIaW5kRrbA】
助力失败：您今日已为好友助力过了哦~

账号3 chao4596758 去助力账号 jd_46df9eaa780aa的第5个抽奖活动【1EFVRwA】，邀请码 【T0225KkcRBhNo12CcUvznPdbJQCjRWnIaW5kRrbA】
助力失败：您今日已为好友助力过了哦~

账号3 chao4596758 去助力账号 jd_74a8d71c978d9的第11个抽奖活动【1EFVRxQ】，邀请码 【T0225KkcRxpI_QDQIUn9k_9efQCjRWmYaW5kRrbA】
助力失败：您今日已为好友助力过了哦~

账号3 chao4596758 去助力账号 jd_46df9eaa780aa的第11个抽奖活动【1EFVRxQ】，邀请码 【T0225KkcRBhNo12CcUvznPdbJQCjRWmYaW5kRrbA】
助力失败：您今日已为好友助力过了哦~

账号4 jd_46df9eaa780aa 去助力账号 15631692383_p的第1个抽奖活动【1EFRRxA】，邀请码 【T018v_h1Qx8f_FbUKBmb1ACjVWmIaW5kRrbA】
助力失败：您今日已为好友助力过了哦~

账号4 jd_46df9eaa780aa 去助力账号 jd_74a8d71c978d9的第1个抽奖活动【1EFRRxA】，邀请码 【T0225KkcRxpI_QDQIUn9k_9efQCjVWmIaW5kRrbA】
助力失败：您今日已为好友助力过了哦~

账号4 jd_46df9eaa780aa 去助力账号 chao4596758的第1个抽奖活动【1EFRRxA】，邀请码 【T0157aUiHxoc_FLQJRICjVWmIaW5kRrbA】
助力失败：您今日已为好友助力过了哦~

账号4 jd_46df9eaa780aa 去助力账号 15631692383_p的第2个抽奖活动【1EFRQwA】，邀请码 【T018v_h1Qx8f_FbUKBmb1ACjVXnIaW5kRrbA】
助力失败：您今日已为好友助力过了哦~

账号4 jd_46df9eaa780aa 去助力账号 jd_74a8d71c978d9的第2个抽奖活动【1EFRQwA】，邀请码 【T0225KkcRxpI_QDQIUn9k_9efQCjVXnIaW5kRrbA】
助力失败：您今日已为好友助力过了哦~

账号4 jd_46df9eaa780aa 去助力账号 chao4596758的第2个抽奖活动【1EFRQwA】，邀请码 【T0157aUiHxoc_FLQJRICjVXnIaW5kRrbA】
助力失败：您今日已为好友助力过了哦~

账号4 jd_46df9eaa780aa 去助力账号 15631692383_p的第4个抽奖活动【1EFRXxg】，邀请码 【T018v_h1Qx8f_FbUKBmb1ACjVQmoaT5kRrbA】
助力失败：您今日已为好友助力过了哦~

账号4 jd_46df9eaa780aa 去助力账号 jd_74a8d71c978d9的第4个抽奖活动【1EFRXxg】，邀请码 【T0225KkcRxpI_QDQIUn9k_9efQCjVQmoaT5kRrbA】
助力失败：您今日已为好友助力过了哦~

账号4 jd_46df9eaa780aa 去助力账号 chao4596758的第4个抽奖活动【1EFRXxg】，邀请码 【T0157aUiHxoc_FLQJRICjVQmoaT5kRrbA】
助力失败：您今日已为好友助力过了哦~

账号4 jd_46df9eaa780aa 去助力账号 jd_74a8d71c978d9的第5个抽奖活动【1EFVRwA】，邀请码 【T0225KkcRxpI_QDQIUn9k_9efQCjRWnIaW5kRrbA】
助力失败：您今日已为好友助力过了哦~

账号4 jd_46df9eaa780aa 去助力账号 chao4596758的第5个抽奖活动【1EFVRwA】，邀请码 【T0157aUiHxoc_FLQJRICjRWnIaW5kRrbA】
助力失败：您今日已为好友助力过了哦~

账号4 jd_46df9eaa780aa 去助力账号 jd_74a8d71c978d9的第11个抽奖活动【1EFVRxQ】，邀请码 【T0225KkcRxpI_QDQIUn9k_9efQCjRWmYaW5kRrbA】
助力失败：您今日已为好友助力过了哦~

账号4 jd_46df9eaa780aa 去助力账号 chao4596758的第11个抽奖活动【1EFVRxQ】，邀请码 【T0157aUiHxoc_FLQJRICjRWmYaW5kRrbA】
助力失败：您今日已为好友助力过了哦~


🔔京东抽奖机, 开始!
共4个京东账号


❗️京东抽奖机, 错误!
TypeError: Cannot read property 'nickname' of undefined
    at eval (eval at main (/opt/jd/scripts/jd_lotteryMachine.js:32:5), <anonymous>:86:38)
    at isSurge.isLoon.isQuanX.isNode.got.on.then.message (eval at main (/opt/jd/scripts/jd_lotteryMachine.js:32:5), <anonymous>:373:4791)
    at processTicksAndRejections (internal/process/task_queues.js:93:5)

14-邀人助力任务-已完成3-未完成10
活动太火爆啦
请稍后尝试~

2-江铭 苹果6/6s手机壳iPhone6/6s保护套全包防摔硅胶男女款潮牌钟表时光女神 【就近发货 闪电到家】苹果手机壳-全部已完成

1-COACH京东自营店-全部已完成

3-逛今日必拼活动-全部已完成

3-逛品牌闪购频道-全部已完成

开始抽奖
快去完成任务获得抽奖资格吧

开始第2个抽奖活动

13-连续签到任务（7天）-全部已完成

14-邀人助力任务-已完成3-未完成10
活动太火爆啦
请稍后尝试~

2-港荣特色蒸蛋糕早餐蛋糕 900g 蛋糕营养早餐食品小包装手撕面包口袋吐司休闲零食小吃送礼零食 蒸蛋挞900g*1箱-全部已完成

3-9.9买到爽-全部已完成

3-好物1元抢-全部已完成

1-汤臣倍健京东自营旗舰店-全部已完成

21-图书会员-已完成0-未完成3

开始抽奖
快去完成任务获得抽奖资格吧

开始第3个抽奖活动

3-关注PLUS公众号-全部已完成

9-浏览PLUS频道页-全部已完成

9-浏览PLUS生活特权-已完成9-未完成10

9-浏览PLUS会员店-全部已完成

9-浏览PLUS鲜花权益-全部已完成

3-浏览民生京东PLUS联名卡开通页-全部已完成

开始抽奖
快去完成任务获得抽奖资格吧

开始第4个抽奖活动

14-邀请好友助力-已完成3-未完成10
助力已满员！谢谢你哦~

8-南极人 雪纺背心女外穿2021夏季新款无袖圆领女装上衣韩版时尚百搭宽松显瘦洋气小衫 NRE516-5536-粉色 4XL-全部已完成

7-SOFT99京东自营旗舰店-全部已完成

26-浏览并关注秒杀频道-全部已完成

9-寻找你感兴趣的部落-全部已完成

开始抽奖
快去完成任务获得抽奖资格吧

开始第5个抽奖活动

0-为乐队打call-全部已完成

9-浏览长虹/美菱618会场-全部已完成

9-浏览物流会场-已完成7-未完成10

8-瞧瞧爆款商品-全部已完成

1-融创乐园旗舰店-全部已完成

21-开通飞利浦品牌会员-已完成0-未完成10

14-邀请好友给JOY打气-全部已完成
助力已满员！谢谢你哦~

9-浏览当前会场-全部已完成

开始抽奖
抽奖次数已经完

开始第6个抽奖活动
活动已结束

开始第7个抽奖活动
活动已结束

开始第8个抽奖活动
活动已结束

开始第9个抽奖活动
活动已结束

开始第10个抽奖活动

13-连续签到-全部已完成

9-领吃喝玩乐超值权益-全部已完成

9-领滴滴无门槛快车券-全部已完成

9-领诺心蛋糕3折特权-全部已完成

9-5折吃必胜客招牌比萨-全部已完成

9-领Apple Music会员-全部已完成

开始抽奖
快去完成任务获得抽奖资格吧

开始第11个抽奖活动

26-关注众筹频道-全部已完成

9-浏览众筹频道-全部已完成

8-浏览爆款商品-全部已完成

14-邀请好友助力-全部已完成
助力已满员！谢谢你哦~

13-连签-全部已完成

开始抽奖
兑奖次数已用完

==============📣系统通知📣==============
京东抽奖机
京东账号：
抽得京豆：失败：兑奖次数已用完
请点击通知跳转至APP查看

***************开始京东账号2***************

❗️京东抽奖机, 错误!
TypeError: Cannot read property 'nickname' of undefined
    at eval (eval at main (/opt/jd/scripts/jd_lotteryMachine.js:32:5), <anonymous>:86:38)
    at isSurge.isLoon.isQuanX.isNode.got.on.then.message (eval at main (/opt/jd/scripts/jd_lotteryMachine.js:32:5), <anonymous>:373:4791)
    at processTicksAndRejections (internal/process/task_queues.js:93:5)
jd_lotteryMachine.js文件  CDN刷新成功

14-邀人助力任务-已完成2-未完成10
您今日已为好友助力过了哦~

2-蒙牛特仑苏CBP高钙牛奶全脂利乐梦幻盖250ml整箱学生儿童营养早餐奶 高钙牛奶250ml*10盒-全部已完成

1-A21京东自营旗舰店-全部已完成

3-逛今日必拼活动-全部已完成

3-逛品牌闪购频道-全部已完成

开始抽奖
快去完成任务获得抽奖资格吧

开始第2个抽奖活动

13-连续签到任务（7天）-全部已完成

14-邀人助力任务-已完成2-未完成10
您今日已为好友助力过了哦~

2-港荣特色蒸蛋糕早餐蛋糕 900g 蛋糕营养早餐食品小包装手撕面包口袋吐司休闲零食小吃送礼零食 蒸蛋挞900g*1箱-全部已完成

3-9.9买到爽-全部已完成

3-好物1元抢-全部已完成

1-汤臣倍健京东自营旗舰店-全部已完成

21-图书会员-已完成0-未完成3

开始抽奖
快去完成任务获得抽奖资格吧

开始第3个抽奖活动

3-关注PLUS公众号-全部已完成

9-浏览PLUS频道页-全部已完成

9-浏览PLUS生活特权-已完成9-未完成10

9-浏览PLUS会员店-全部已完成

9-浏览PLUS鲜花权益-全部已完成

3-浏览民生京东PLUS联名卡开通页-全部已完成

开始抽奖
快去完成任务获得抽奖资格吧

开始第4个抽奖活动

14-邀请好友助力-已完成2-未完成10
您今日已为好友助力过了哦~

8-南极人 防晒衣女2021夏季新款小个子白色薄连帽长袖休闲百搭短款透气防晒服 BH509-1220-优雅白 2XL建议130-140斤-全部已完成

7-查干湖京东自营旗舰店-全部已完成

26-浏览并关注闪购频道-全部已完成

9-浏览锦鲤红包-全部已完成

开始抽奖
快去完成任务获得抽奖资格吧

开始第5个抽奖活动

0-为乐队打call-全部已完成

9-浏览美的618会场-全部已完成

9-浏览京东保险品牌会场-已完成7-未完成10

8-瞧瞧爆款商品-全部已完成

1-融创乐园旗舰店-全部已完成

21-开通格力品牌会员-已完成0-未完成10

14-邀请好友给JOY打气-已完成2-未完成3
助力已满员！谢谢你哦~

9-浏览当前会场-全部已完成

开始抽奖
抽奖次数已经完

开始第6个抽奖活动
活动已结束

开始第7个抽奖活动
活动已结束

开始第8个抽奖活动
活动已结束

开始第9个抽奖活动
活动已结束

开始第10个抽奖活动

13-连续签到-全部已完成

9-领吃喝玩乐超值权益-全部已完成

9-领滴滴无门槛快车券-全部已完成

9-领诺心蛋糕3折特权-全部已完成

9-5折吃必胜客招牌比萨-全部已完成

9-领Apple Music会员-全部已完成

开始抽奖
快去完成任务获得抽奖资格吧

开始第11个抽奖活动

26-关注众筹频道-全部已完成

9-浏览众筹频道-全部已完成

8-浏览爆款商品-全部已完成

14-邀请好友助力-已完成2-未完成3
助力已满员！谢谢你哦~

13-连签-全部已完成

开始抽奖
兑奖次数已用完

==============📣系统通知📣==============
京东抽奖机
京东账号：
抽得京豆：失败：兑奖次数已用完
请点击通知跳转至APP查看

***************开始京东账号3***************

❗️京东抽奖机, 错误!
TypeError: Cannot read property 'nickname' of undefined
    at eval (eval at main (/opt/jd/scripts/jd_lotteryMachine.js:32:5), <anonymous>:86:38)
    at isSurge.isLoon.isQuanX.isNode.got.on.then.message (eval at main (/opt/jd/scripts/jd_lotteryMachine.js:32:5), <anonymous>:373:4791)
    at processTicksAndRejections (internal/process/task_queues.js:93:5)

14-邀人助力任务-已完成2-未完成10
您今日已为好友助力过了哦~

2-蒙牛特仑苏CBP高钙牛奶全脂利乐梦幻盖250ml整箱学生儿童营养早餐奶 高钙牛奶250ml*10盒-全部已完成

1-大宇电器家电京东自营旗舰店-全部已完成

3-逛今日必拼活动-全部已完成

3-逛品牌闪购频道-全部已完成

开始抽奖
快去完成任务获得抽奖资格吧

开始第2个抽奖活动

13-连续签到任务（7天）-全部已完成

14-邀人助力任务-已完成2-未完成10
您今日已为好友助力过了哦~

2-港荣特色蒸蛋糕早餐蛋糕 900g 蛋糕营养早餐食品小包装手撕面包口袋吐司休闲零食小吃送礼零食 蒸蛋挞900g*1箱-全部已完成

3-9.9买到爽-全部已完成

3-好物1元抢-全部已完成

1-汤臣倍健京东自营旗舰店-全部已完成

21-图书会员-已完成0-未完成3

开始抽奖
快去完成任务获得抽奖资格吧

开始第3个抽奖活动

3-关注PLUS公众号-全部已完成

9-浏览PLUS频道页-全部已完成

9-浏览PLUS生活特权-已完成9-未完成10

9-浏览PLUS会员店-全部已完成

9-浏览PLUS鲜花权益-全部已完成

3-浏览民生京东PLUS联名卡开通页-全部已完成

开始抽奖
快去完成任务获得抽奖资格吧

开始第4个抽奖活动

14-邀请好友助力-已完成2-未完成10
您今日已为好友助力过了哦~

8-美厨（maxcook）304不锈钢蒸锅28CM 三层复底 燃气炉电磁炉通用MCZ693-全部已完成

7-美国网件NETGEAR京东自营旗舰店-全部已完成

26-浏览并关注秒杀频道-全部已完成

9-浏览锦鲤红包-全部已完成

开始抽奖
快去完成任务获得抽奖资格吧

开始第5个抽奖活动

0-为乐队打call-全部已完成

9-浏览美的618会场-全部已完成

9-浏览安联店铺-已完成7-未完成10

8-瞧瞧爆款商品-全部已完成

1-融创乐园旗舰店-全部已完成

21-开通长虹京东自营品牌会员-已完成0-未完成10

14-邀请好友给JOY打气-已完成2-未完成3
助力已满员！谢谢你哦~

9-浏览当前会场-全部已完成

开始抽奖
抽奖次数已经完

开始第6个抽奖活动
活动已结束

开始第7个抽奖活动
活动已结束

开始第8个抽奖活动
活动已结束

开始第9个抽奖活动
活动已结束

开始第10个抽奖活动

13-连续签到-全部已完成

9-领吃喝玩乐超值权益-全部已完成

9-领滴滴无门槛快车券-全部已完成

9-领诺心蛋糕3折特权-全部已完成

9-5折吃必胜客招牌比萨-全部已完成

9-领Apple Music会员-全部已完成

开始抽奖
快去完成任务获得抽奖资格吧

开始第11个抽奖活动

26-关注众筹频道-全部已完成

9-浏览众筹频道-全部已完成

8-浏览爆款商品-全部已完成

14-邀请好友助力-已完成2-未完成3
助力已满员！谢谢你哦~

13-连签-全部已完成

开始抽奖
兑奖次数已用完

==============📣系统通知📣==============
京东抽奖机
京东账号：
抽得京豆：失败：兑奖次数已用完
请点击通知跳转至APP查看

***************开始京东账号4***************

❗️京东抽奖机, 错误!
TypeError: Cannot read property 'nickname' of undefined
    at eval (eval at main (/opt/jd/scripts/jd_lotteryMachine.js:32:5), <anonymous>:86:38)
    at isSurge.isLoon.isQuanX.isNode.got.on.then.message (eval at main (/opt/jd/scripts/jd_lotteryMachine.js:32:5), <anonymous>:373:4791)
    at processTicksAndRejections (internal/process/task_queues.js:93:5)

14-邀人助力任务-已完成2-未完成10
您今日已为好友助力过了哦~

2-【官方旗舰】Jeep吉普男鞋2021春夏季新品时尚休闲凉鞋男士青年户外潮流百搭罗马鞋轻便舒适沙滩鞋子 黑色 45(运动鞋尺码)-全部已完成

1-喜安智京东自营旗舰店-全部已完成

3-逛今日必拼活动-全部已完成

3-逛品牌闪购频道-全部已完成

开始抽奖
快去完成任务获得抽奖资格吧

开始第2个抽奖活动

13-连续签到任务（7天）-全部已完成

14-邀人助力任务-已完成2-未完成10
您今日已为好友助力过了哦~

2-港荣特色蒸蛋糕早餐蛋糕 900g 蛋糕营养早餐食品小包装手撕面包口袋吐司休闲零食小吃送礼零食 蒸蛋挞900g*1箱-全部已完成

3-9.9买到爽-全部已完成

3-好物1元抢-全部已完成

1-汤臣倍健京东自营旗舰店-全部已完成

21-图书会员-已完成0-未完成3

开始抽奖
快去完成任务获得抽奖资格吧

开始第3个抽奖活动

3-关注PLUS公众号-全部已完成

9-浏览PLUS频道页-全部已完成

9-浏览PLUS生活特权-已完成9-未完成10

9-浏览PLUS会员店-全部已完成

9-浏览PLUS鲜花权益-全部已完成

3-浏览民生京东PLUS联名卡开通页-全部已完成

开始抽奖
快去完成任务获得抽奖资格吧

开始第4个抽奖活动

14-邀请好友助力-已完成2-未完成10
您今日已为好友助力过了哦~

8-天喜（TIANXI） 揉面垫食品级硅胶面板揉面垫擀面垫家用加大加厚 加厚特大号粉色+切面刀+分体油刷+擀面杖-全部已完成

7-coolnice京东自营旗舰店-全部已完成

26-浏览并关注优惠日历-全部已完成

9-寻找你感兴趣的部落-全部已完成

开始抽奖
快去完成任务获得抽奖资格吧

开始第5个抽奖活动

0-为乐队打call-全部已完成

9-浏览飞利浦618会场-全部已完成

9-全民瓜分20亿-已完成7-未完成10

8-瞧瞧爆款商品-全部已完成

1-融创乐园旗舰店-全部已完成

21-开通创维品牌会员-已完成0-未完成10

14-邀请好友给JOY打气-已完成2-未完成3
助力已满员！谢谢你哦~

9-浏览当前会场-全部已完成

开始抽奖
抽奖次数已经完

开始第6个抽奖活动
活动已结束

开始第7个抽奖活动
活动已结束

开始第8个抽奖活动
活动已结束

开始第9个抽奖活动
活动已结束

开始第10个抽奖活动

13-连续签到-全部已完成

9-领吃喝玩乐超值权益-全部已完成

9-领滴滴无门槛快车券-全部已完成

9-领诺心蛋糕3折特权-全部已完成

9-5折吃必胜客招牌比萨-全部已完成

9-领Apple Music会员-全部已完成

开始抽奖
快去完成任务获得抽奖资格吧

开始第11个抽奖活动

26-关注众筹频道-全部已完成

9-浏览众筹频道-全部已完成

8-浏览爆款商品-全部已完成

14-邀请好友助力-已完成2-未完成3
助力已满员！谢谢你哦~

13-连签-全部已完成

开始抽奖
兑奖次数已用完

==============📣系统通知📣==============
京东抽奖机
京东账号：
抽得京豆：失败：兑奖次数已用完
请点击通知跳转至APP查看

🔔京东抽奖机, 结束! 🕛 11.491 秒

