
🔔京东抽奖机&内部互助, 开始!

====================共2个京东账号Cookie=========

==================脚本执行- 北京时间(UTC+8)：7/12/2021, 12:00:04 AM=====================



当前共有11个抽奖机活动



第1个抽奖活动【1EFRRxA】
functionId：interact_template_getHomeData

***************开始京东账号1 15631692383_p***************
邀请码：T018v_h1Qx8f_FbUKBmb1ACjVWmIaW5kRrbA
邀请好友助力：0/10


***************开始京东账号2 jd_74a8d71c978d9***************
邀请码：T0225KkcRxpI_QDQIUn9k_9efQCjVWmIaW5kRrbA
邀请好友助力：0/10


第2个抽奖活动【1EFRQwA】
functionId：interact_template_getHomeData

***************开始京东账号1 15631692383_p***************
邀请码：T018v_h1Qx8f_FbUKBmb1ACjVXnIaW5kRrbA
邀请好友助力：0/10


***************开始京东账号2 jd_74a8d71c978d9***************
邀请码：T0225KkcRxpI_QDQIUn9k_9efQCjVXnIaW5kRrbA
邀请好友助力：0/10


第3个抽奖活动【1EFRYxQ】
functionId：harmony_template_getHomeData

***************开始京东账号1 15631692383_p***************

第3个抽奖活动【1EFRYxQ】,不需要助力

第4个抽奖活动【1EFRXxg】
functionId：healthyDay_getHomeData

***************开始京东账号1 15631692383_p***************
邀请码：T018v_h1Qx8f_FbUKBmb1ACjVQmoaT5kRrbA
邀请好友助力：0/10


***************开始京东账号2 jd_74a8d71c978d9***************
邀请码：T0225KkcRxpI_QDQIUn9k_9efQCjVQmoaT5kRrbA
邀请好友助力：0/10


第5个抽奖活动【1EFVRwA】
functionId：healthyDay_getHomeData

***************开始京东账号1 15631692383_p***************
获取抽奖活动数据失败：活动已结束

***************开始京东账号2 jd_74a8d71c978d9***************
获取抽奖活动数据失败：活动已结束

第6个抽奖活动【1EFVRxw】
functionId：healthyDay_getHomeData

***************开始京东账号1 15631692383_p***************
获取抽奖活动数据失败：活动已结束

***************开始京东账号2 jd_74a8d71c978d9***************
获取抽奖活动数据失败：活动已结束

第7个抽奖活动【1EFRZwA】
functionId：healthyDay_getHomeData

***************开始京东账号1 15631692383_p***************
获取抽奖活动数据失败：活动已结束

***************开始京东账号2 jd_74a8d71c978d9***************
获取抽奖活动数据失败：活动已结束

第8个抽奖活动【1EFRZwQ】
functionId：healthyDay_getHomeData

***************开始京东账号1 15631692383_p***************
获取抽奖活动数据失败：活动已结束

***************开始京东账号2 jd_74a8d71c978d9***************
获取抽奖活动数据失败：活动已结束

第9个抽奖活动【1EFRYwA】
functionId：healthyDay_getHomeData

***************开始京东账号1 15631692383_p***************
获取抽奖活动数据失败：活动已结束

***************开始京东账号2 jd_74a8d71c978d9***************
获取抽奖活动数据失败：活动已结束

第10个抽奖活动【1EFVRxg】
functionId：healthyDay_getHomeData

***************开始京东账号1 15631692383_p***************

第10个抽奖活动【1EFVRxg】,不需要助力

第11个抽奖活动【1EFVRxQ】
functionId：healthyDay_getHomeData

***************开始京东账号1 15631692383_p***************
获取抽奖活动数据失败：活动已结束

***************开始京东账号2 jd_74a8d71c978d9***************
获取抽奖活动数据失败：活动已结束
账号1 15631692383_p 去助力账号 jd_74a8d71c978d9的第1个抽奖活动【1EFRRxA】，邀请码 【T0225KkcRxpI_QDQIUn9k_9efQCjVWmIaW5kRrbA】
助力失败：活动已结束

账号1 15631692383_p 去助力账号 jd_74a8d71c978d9的第2个抽奖活动【1EFRQwA】，邀请码 【T0225KkcRxpI_QDQIUn9k_9efQCjVXnIaW5kRrbA】
助力失败：活动已结束

账号1 15631692383_p 去助力账号 jd_74a8d71c978d9的第4个抽奖活动【1EFRXxg】，邀请码 【T0225KkcRxpI_QDQIUn9k_9efQCjVQmoaT5kRrbA】
助力失败：活动已结束

账号2 jd_74a8d71c978d9 去助力账号 15631692383_p的第1个抽奖活动【1EFRRxA】，邀请码 【T018v_h1Qx8f_FbUKBmb1ACjVWmIaW5kRrbA】
助力失败：活动已结束

账号2 jd_74a8d71c978d9 去助力账号 15631692383_p的第2个抽奖活动【1EFRQwA】，邀请码 【T018v_h1Qx8f_FbUKBmb1ACjVXnIaW5kRrbA】
助力失败：活动已结束

账号2 jd_74a8d71c978d9 去助力账号 15631692383_p的第4个抽奖活动【1EFRXxg】，邀请码 【T018v_h1Qx8f_FbUKBmb1ACjVQmoaT5kRrbA】
助力失败：活动已结束

请求访问 【raw.githubusercontent.com】 的jd_lotteryMachine.js文件失败："connect ECONNREFUSED 0.0.0.0:443"

下面使用 【cdn.jsdelivr.net】请求访问jd_lotteryMachine.js文件

🔔京东抽奖机, 开始!
共2个京东账号


❗️京东抽奖机, 错误!
TypeError: Cannot read property 'nickname' of undefined
    at eval (eval at main (/opt/jd/scripts/jd_lotteryMachine.js:32:5), <anonymous>:86:38)
    at isSurge.isLoon.isQuanX.isNode.got.on.then.message (eval at main (/opt/jd/scripts/jd_lotteryMachine.js:32:5), <anonymous>:374:4791)
    at processTicksAndRejections (internal/process/task_queues.js:93:5)

14-邀人助力任务-已完成0-未完成10
助力已满员！谢谢你哦~

开始抽奖

2-一卫（yweel）免打孔太空铝卫生间置物架毛巾架浴室厕所洗手间收纳浴巾架 11093-黑色双层40cm-升级无痕贴-已完成0-未完成2

一卫（yweel）免打孔太空铝卫生间置物架毛巾架浴室厕所洗手间收纳浴巾架 11093-黑色双层40cm-升级无痕贴
success

霸时代 华为P30手机壳液态硅胶软壳P30pro麻将逢赌必赢pro直边方形镜头全包保护套 【麻将逢赌必赢】经典黑 华为 P30
success

开始抽奖

开始抽奖

1-大宇电器家电京东自营旗舰店-已完成0-未完成2

大宇电器家电京东自营旗舰店
success

浪凡（LANVIN）香氛京东自营专区
success

开始抽奖

开始抽奖

3-逛今日必拼活动-已完成0-未完成2

逛今日必拼活动
success

浏览锦鲤红包
success

开始抽奖

开始抽奖

3-逛京东秒杀频道-已完成0-未完成2

逛京东秒杀频道
success

浏览特价频道
success

开始抽奖

开始抽奖

开始抽奖
快去完成任务获得抽奖资格吧

开始第2个抽奖活动

13-连续签到任务（7天）-已完成0-未完成1
success

14-邀人助力任务-已完成0-未完成10
助力已满员！谢谢你哦~

2-河南特产正道 炒熟黑芝麻220g免洗即食 独立包装 袋装220g-已完成0-未完成3

河南特产正道 炒熟黑芝麻220g免洗即食 独立包装 袋装220g
success

康恩贝 钙铁锌咀嚼片钙片青少年儿童钙片6-13岁补钙补锌补铁可配长高增高儿童4-17岁儿童补锌 1瓶装（90粒）
success

【当阳馆】农家瓦仓南方长粒大米稻花香米10斤装生态秋收新米
success

开始抽奖

开始抽奖

3-9.9买到爽-已完成0-未完成2

9.9买到爽
success

查看精选补贴好物
success

开始抽奖
快去完成任务获得抽奖资格吧

3-好物1元抢-已完成0-未完成3

好物1元抢
success

查看京品好物
success

宠汪汪-兑换iPhone
success

开始抽奖

1-汤臣倍健京东自营旗舰店-已完成0-未完成3

汤臣倍健京东自营旗舰店
success

闪魔旗舰店
success

鲜次方旗舰店
success

开始抽奖
快去完成任务获得抽奖资格吧

21-图书会员-已完成0-未完成3

开始抽奖
快去完成任务获得抽奖资格吧

开始第3个抽奖活动

3-关注PLUS公众号-全部已完成

9-浏览PLUS频道页-已完成0-未完成2

浏览PLUS频道页
任务领取成功
jd_lotteryMachine.js文件  CDN刷新成功
success

浏览PLUS省钱攻略页
任务领取成功
success

开始抽奖

9-浏览PLUS生活特权-已完成0-未完成10

浏览PLUS生活特权
任务领取成功
success

PLUS免费享滴滴9折券
任务领取成功
success

浏览超值福利
任务领取成功
success

PLUS享COSTA买一赠一
任务领取成功
success

0元领学而思精品课程
任务领取成功
success

领每月9.9元洗车优惠
任务领取成功
success

领携程酒店折上折
任务领取成功
success

天天领外卖红包
任务领取成功
success

0元追芒果TV热播剧
任务领取成功
success

9-浏览PLUS会员店-已完成0-未完成1

浏览PLUS会员店
任务领取成功
success

开始抽奖

开始抽奖

开始抽奖

开始抽奖

开始抽奖

开始抽奖

开始抽奖

9-浏览PLUS鲜花权益-已完成0-未完成6

浏览PLUS鲜花权益
任务领取成功
success

浏览PLUS健康权益
任务领取成功
success

浏览PLUS读书权益
任务领取成功
success

浏览寄件特权
任务领取成功
success

浏览PLUS理财权益
任务领取成功
success

购物送PLUS会员
任务领取成功
success

开始抽奖

开始抽奖

3-浏览民生京东PLUS联名卡开通页-已完成0-未完成5

浏览民生京东PLUS联名卡开通页
success

浏览光大京东PLUS联名卡开通页
success

浏览交行京东PLUS联名卡
success

浏览中信PLUS联名卡
success

理财联名卡
success

开始抽奖

开始抽奖
快去完成任务获得抽奖资格吧

开始第4个抽奖活动

14-邀请好友助力-已完成0-未完成10
助力已满员！谢谢你哦~

8-霸时代 华为P30手机壳液态硅胶软壳P30pro麻将逢赌必赢pro直边方形镜头全包保护套 【麻将逢赌必赢】经典黑 华为 P30-已完成0-未完成2

霸时代 华为P30手机壳液态硅胶软壳P30pro麻将逢赌必赢pro直边方形镜头全包保护套 【麻将逢赌必赢】经典黑 华为 P30
任务领取成功
success

JG【配送证书】银戒指莫桑钻求婚戒指女款时尚经典镶钻戒女款一克拉戒子指环礼物 1克拉
任务领取成功
success

开始抽奖

开始抽奖

7-沙巴哇京东自营旗舰店-已完成0-未完成2

沙巴哇京东自营旗舰店
任务领取成功
success

美国网件NETGEAR京东自营旗舰店
任务领取成功
success

开始抽奖

开始抽奖

26-浏览并关注优惠日历-已完成0-未完成3

浏览并关注优惠日历
success

浏览并关注秒杀频道
success

浏览并关注闪购频道
success

开始抽奖

开始抽奖

开始抽奖

9-去赢1000元红包-已完成0-未完成2

去赢1000元红包
任务领取成功
success

寻找你感兴趣的部落
任务领取成功
success

开始抽奖

开始抽奖

开始抽奖
快去完成任务获得抽奖资格吧

开始第5个抽奖活动

13-连续签到-已完成0-未完成1
success

9-领免费吃喝玩乐福利-已完成0-未完成1

领免费吃喝玩乐福利
任务领取成功
success

开始抽奖

9-领B站大会员-已完成0-未完成1

领B站大会员
任务领取成功
success

开始抽奖
快去完成任务获得抽奖资格吧

9-吃真功夫半价工作餐-已完成0-未完成1

吃真功夫半价工作餐
任务领取成功
success

开始抽奖

9-领0元吃鸡翅套餐-已完成0-未完成1

领0元吃鸡翅套餐
任务领取成功
success

开始抽奖

9-领诺心蛋糕3折券-已完成0-未完成1

领诺心蛋糕3折券
任务领取成功
success

开始抽奖
快去完成任务获得抽奖资格吧

开始抽奖
快去完成任务获得抽奖资格吧

开始第6个抽奖活动

26-关注众筹频道-全部已完成

9-浏览众筹频道-已完成0-未完成1

浏览众筹频道
任务领取成功
success

开始抽奖
京豆:3

8-浏览爆款商品-已完成0-未完成5

汉霸智能懒人桌面小鱼缸 超白玻璃生态免换水两栖复古电视迷你小鱼缸
任务领取成功
success

京东京造 智能电动窗帘 自动窗帘4m轨道套餐 语音控制APP控制遥控器开合
任务领取成功
success

奥美医疗温感变色口罩一次性成人医用变色口罩三层防护熔喷布防尘防飞沫 儿童温感口罩【沙漠仙人掌】7只
任务领取成功
success

IDMIX（大麦）65W充电器4口快充输出10W无线充适用于苹果华为小米手机macbook笔记本 65W充电器+CtoC 线+苹果头数据线（绿色）
任务领取成功
success

【青风阁】茗伶尚品原创唐制汉服女 极乐之宴改良齐胸襦裙印花褶裙套装学生女 夏季日常款 杏色上衣+粉色褶裙+红色披帛 L码
任务领取成功
success

开始抽奖
京豆:1

开始抽奖
京豆:3

14-邀请好友助力-已完成0-未完成3
助力已满员！谢谢你哦~

1-茗伶尚品青风阁专卖店-已完成0-未完成3

茗伶尚品青风阁专卖店
success

奥美旗舰店
success

IDMIX官方旗舰店
success

开始抽奖
京豆:1

13-连签-已完成0-未完成1
success

开始抽奖
京豆:1

==============📣系统通知📣==============
京东抽奖机
京东账号：
抽得京豆：9个
请点击通知跳转至APP查看

***************开始京东账号2***************

14-邀人助力任务-已完成0-未完成10
success

2-透真日夜紧致双层赋活精华套装护肤品抗皱淡化保湿滋润提拉紧致改善松弛化妆品礼盒女 日夜双层精华套装-已完成0-未完成2

透真日夜紧致双层赋活精华套装护肤品抗皱淡化保湿滋润提拉紧致改善松弛化妆品礼盒女 日夜双层精华套装
success

雀巢(Nestle) 脆脆鲨巧克力花生牛奶口味威化饼干640g（32条*20g）/盒休闲零食夹心饼干 巧克力味*2盒
success

开始抽奖

开始抽奖

1-花西子京东自营旗舰店-已完成0-未完成2

花西子京东自营旗舰店
success

迪士尼爬行垫京东自营专区
success

开始抽奖

开始抽奖

3-逛今日必拼活动-已完成0-未完成2

逛今日必拼活动
success

浏览锦鲤红包
success

开始抽奖

开始抽奖

3-逛京东秒杀频道-已完成0-未完成2

逛京东秒杀频道
success

浏览特价频道
success

开始抽奖

开始抽奖

开始抽奖
快去完成任务获得抽奖资格吧

开始第2个抽奖活动

13-连续签到任务（7天）-已完成0-未完成1
success

14-邀人助力任务-已完成0-未完成10
success

2-河南特产正道 炒熟黑芝麻220g免洗即食 独立包装 袋装220g-已完成0-未完成3

河南特产正道 炒熟黑芝麻220g免洗即食 独立包装 袋装220g
success

康恩贝 钙铁锌咀嚼片钙片青少年儿童钙片6-13岁补钙补锌补铁可配长高增高儿童4-17岁儿童补锌 1瓶装（90粒）
success

【当阳馆】农家瓦仓南方长粒大米稻花香米10斤装生态秋收新米
success

开始抽奖
快去完成任务获得抽奖资格吧

3-9.9买到爽-已完成0-未完成2

9.9买到爽
success

查看精选补贴好物
success

开始抽奖

3-好物1元抢-已完成0-未完成3

好物1元抢
success

查看京品好物
success

宠汪汪-兑换iPhone
success

开始抽奖
快去完成任务获得抽奖资格吧

1-汤臣倍健京东自营旗舰店-已完成0-未完成3

汤臣倍健京东自营旗舰店
success

闪魔旗舰店
success

鲜次方旗舰店
success

开始抽奖

21-图书会员-已完成0-未完成3

开始抽奖
快去完成任务获得抽奖资格吧

开始第3个抽奖活动

3-关注PLUS公众号-全部已完成

9-浏览PLUS频道页-已完成0-未完成2

浏览PLUS频道页
任务领取成功
success

浏览PLUS省钱攻略页
任务领取成功
success

开始抽奖

开始抽奖

9-浏览PLUS生活特权-已完成0-未完成10

浏览PLUS生活特权
任务领取成功
success

PLUS免费享滴滴9折券
任务领取成功
success

浏览超值福利
任务领取成功
success

PLUS享COSTA买一赠一
任务领取成功
success

0元领学而思精品课程
任务领取成功
success

领每月9.9元洗车优惠
任务领取成功
success

领携程酒店折上折
任务领取成功
success

天天领外卖红包
任务领取成功
success

0元追芒果TV热播剧
任务领取成功
success

9-浏览PLUS会员店-已完成0-未完成1

浏览PLUS会员店
任务领取成功
success

开始抽奖

开始抽奖

开始抽奖

开始抽奖

开始抽奖

开始抽奖

9-浏览PLUS鲜花权益-已完成0-未完成6

浏览PLUS鲜花权益
任务领取成功
success

浏览PLUS健康权益
任务领取成功
success

浏览PLUS读书权益
任务领取成功
success

浏览寄件特权
任务领取成功
success

浏览PLUS理财权益
任务领取成功
success

购物送PLUS会员
任务领取成功
success

开始抽奖

开始抽奖

3-浏览民生京东PLUS联名卡开通页-已完成0-未完成5

浏览民生京东PLUS联名卡开通页
success

浏览光大京东PLUS联名卡开通页
success

浏览交行京东PLUS联名卡
success

浏览中信PLUS联名卡
success

理财联名卡
success

开始抽奖

开始抽奖

开始抽奖
快去完成任务获得抽奖资格吧

开始第4个抽奖活动

14-邀请好友助力-已完成0-未完成10
success

8-安踏儿童(ANTA)官方旗舰店儿童童装男小童2020针织运动套装A35039701艳番红-1/130-已完成0-未完成2

安踏儿童(ANTA)官方旗舰店儿童童装男小童2020针织运动套装A35039701艳番红-1/130
任务领取成功
success

Cabbeen/卡宾男装休闲黑色短袖POLO衫2021新款卡通手绘绣花青春B 煤黑色01 50/175/L
任务领取成功
success

开始抽奖

开始抽奖
京豆:1

7-摩恩京东自营官方旗舰店-已完成0-未完成2

摩恩京东自营官方旗舰店
任务领取成功
success

贝德玛（BIODERMA）海外京东自营专区
任务领取成功
success

开始抽奖
京豆:1

开始抽奖

26-浏览并关注优惠日历-已完成0-未完成3

浏览并关注优惠日历
success

浏览并关注秒杀频道
success

浏览并关注闪购频道
success

开始抽奖

开始抽奖

开始抽奖
京豆:1

9-去赢1000元红包-已完成0-未完成2

去赢1000元红包
任务领取成功
success

寻找你感兴趣的部落
任务领取成功
success

开始抽奖

开始抽奖

开始抽奖
快去完成任务获得抽奖资格吧

开始第5个抽奖活动

13-连续签到-已完成0-未完成1
success

9-领免费吃喝玩乐福利-已完成0-未完成1

领免费吃喝玩乐福利
任务领取成功
success

开始抽奖

9-领B站大会员-已完成0-未完成1

领B站大会员
任务领取成功
success

开始抽奖

9-吃真功夫半价工作餐-已完成0-未完成1

吃真功夫半价工作餐
任务领取成功
success

开始抽奖

9-领0元吃鸡翅套餐-已完成0-未完成1

领0元吃鸡翅套餐
任务领取成功
success

开始抽奖
快去完成任务获得抽奖资格吧

9-领诺心蛋糕3折券-已完成0-未完成1

领诺心蛋糕3折券
任务领取成功
success

开始抽奖

开始抽奖
快去完成任务获得抽奖资格吧

开始第6个抽奖活动

26-关注众筹频道-全部已完成

9-浏览众筹频道-已完成0-未完成1

浏览众筹频道
任务领取成功
success

开始抽奖
京豆:1

8-浏览爆款商品-已完成0-未完成5

京东京造 智能电动窗帘 自动窗帘4m轨道套餐 语音控制APP控制遥控器开合
任务领取成功
success

奥美医疗温感变色口罩一次性成人医用变色口罩三层防护熔喷布防尘防飞沫 儿童温感口罩【沙漠仙人掌】7只
任务领取成功
success

IDMIX（大麦）65W充电器4口快充输出10W无线充适用于苹果华为小米手机macbook笔记本 65W充电器+CtoC 线+苹果头数据线（绿色）
任务领取成功
success

【青风阁】茗伶尚品原创唐制汉服女 极乐之宴改良齐胸襦裙印花褶裙套装学生女 夏季日常款 杏色上衣+粉色褶裙+红色披帛 L码
任务领取成功
success

汉霸智能懒人桌面小鱼缸 超白玻璃生态免换水两栖复古电视迷你小鱼缸
任务领取成功
success

开始抽奖
京豆:1

开始抽奖
京豆:1

14-邀请好友助力-已完成0-未完成3
success

1-IDMIX官方旗舰店-已完成0-未完成3

IDMIX官方旗舰店
success

茗伶尚品青风阁专卖店
success

奥美旗舰店
success

开始抽奖
京豆:3

13-连签-已完成0-未完成1
success

开始抽奖
快去完成任务获得抽奖资格吧

==============📣系统通知📣==============
京东抽奖机
京东账号：Ycp_Dream
抽得京豆：9个
请点击通知跳转至APP查看

🔔京东抽奖机, 结束! 🕛 594.953 秒

