
🔔京东抽奖机&内部互助, 开始!

====================共2个京东账号Cookie=========

==================脚本执行- 北京时间(UTC+8)：7/9/2021, 9:09:57 PM=====================



当前共有11个抽奖机活动



第1个抽奖活动【1EFRRxA】
functionId：interact_template_getHomeData

***************开始京东账号1 15631692383_p***************
邀请码：T018v_h1Qx8f_FbUKBmb1ACjVWmIaW5kRrbA
邀请好友助力：0/10


***************开始京东账号2 jd_74a8d71c978d9***************
邀请码：T0225KkcRxpI_QDQIUn9k_9efQCjVWmIaW5kRrbA
邀请好友助力：0/10


第2个抽奖活动【1EFRQwA】
functionId：interact_template_getHomeData

***************开始京东账号1 15631692383_p***************
邀请码：T018v_h1Qx8f_FbUKBmb1ACjVXnIaW5kRrbA
邀请好友助力：0/10


***************开始京东账号2 jd_74a8d71c978d9***************
邀请码：T0225KkcRxpI_QDQIUn9k_9efQCjVXnIaW5kRrbA
邀请好友助力：0/10


第3个抽奖活动【1EFRYxQ】
functionId：harmony_template_getHomeData

***************开始京东账号1 15631692383_p***************

第3个抽奖活动【1EFRYxQ】,不需要助力

第4个抽奖活动【1EFRXxg】
functionId：healthyDay_getHomeData

***************开始京东账号1 15631692383_p***************
邀请码：T018v_h1Qx8f_FbUKBmb1ACjVQmoaT5kRrbA
邀请好友助力：0/10


***************开始京东账号2 jd_74a8d71c978d9***************
邀请码：T0225KkcRxpI_QDQIUn9k_9efQCjVQmoaT5kRrbA
邀请好友助力：0/10


第5个抽奖活动【1EFVRwA】
functionId：healthyDay_getHomeData

***************开始京东账号1 15631692383_p***************
获取抽奖活动数据失败：活动已结束

***************开始京东账号2 jd_74a8d71c978d9***************
获取抽奖活动数据失败：活动已结束

第6个抽奖活动【1EFVRxw】
functionId：healthyDay_getHomeData

***************开始京东账号1 15631692383_p***************
获取抽奖活动数据失败：活动已结束

***************开始京东账号2 jd_74a8d71c978d9***************
获取抽奖活动数据失败：活动已结束

第7个抽奖活动【1EFRZwA】
functionId：healthyDay_getHomeData

***************开始京东账号1 15631692383_p***************
获取抽奖活动数据失败：活动已结束

***************开始京东账号2 jd_74a8d71c978d9***************
获取抽奖活动数据失败：活动已结束

第8个抽奖活动【1EFRZwQ】
functionId：healthyDay_getHomeData

***************开始京东账号1 15631692383_p***************
获取抽奖活动数据失败：活动已结束

***************开始京东账号2 jd_74a8d71c978d9***************
获取抽奖活动数据失败：活动已结束

第9个抽奖活动【1EFRYwA】
functionId：healthyDay_getHomeData

***************开始京东账号1 15631692383_p***************
获取抽奖活动数据失败：活动已结束

***************开始京东账号2 jd_74a8d71c978d9***************
获取抽奖活动数据失败：活动已结束

第10个抽奖活动【1EFVRxg】
functionId：healthyDay_getHomeData

***************开始京东账号1 15631692383_p***************

第10个抽奖活动【1EFVRxg】,不需要助力

第11个抽奖活动【1EFVRxQ】
functionId：healthyDay_getHomeData

***************开始京东账号1 15631692383_p***************
获取抽奖活动数据失败：活动已结束

***************开始京东账号2 jd_74a8d71c978d9***************
获取抽奖活动数据失败：活动已结束
账号1 15631692383_p 去助力账号 jd_74a8d71c978d9的第1个抽奖活动【1EFRRxA】，邀请码 【T0225KkcRxpI_QDQIUn9k_9efQCjVWmIaW5kRrbA】
助力失败：活动已结束

账号1 15631692383_p 去助力账号 jd_74a8d71c978d9的第2个抽奖活动【1EFRQwA】，邀请码 【T0225KkcRxpI_QDQIUn9k_9efQCjVXnIaW5kRrbA】
助力失败：活动已结束

账号1 15631692383_p 去助力账号 jd_74a8d71c978d9的第4个抽奖活动【1EFRXxg】，邀请码 【T0225KkcRxpI_QDQIUn9k_9efQCjVQmoaT5kRrbA】
助力失败：活动已结束

账号2 jd_74a8d71c978d9 去助力账号 15631692383_p的第1个抽奖活动【1EFRRxA】，邀请码 【T018v_h1Qx8f_FbUKBmb1ACjVWmIaW5kRrbA】
助力失败：活动已结束

账号2 jd_74a8d71c978d9 去助力账号 15631692383_p的第2个抽奖活动【1EFRQwA】，邀请码 【T018v_h1Qx8f_FbUKBmb1ACjVXnIaW5kRrbA】
助力失败：活动已结束

账号2 jd_74a8d71c978d9 去助力账号 15631692383_p的第4个抽奖活动【1EFRXxg】，邀请码 【T018v_h1Qx8f_FbUKBmb1ACjVQmoaT5kRrbA】
助力失败：活动已结束

请求访问 【raw.githubusercontent.com】 的jd_lotteryMachine.js文件失败："connect ECONNREFUSED 0.0.0.0:443"

下面使用 【cdn.jsdelivr.net】请求访问jd_lotteryMachine.js文件

🔔京东抽奖机, 开始!
共2个京东账号


❗️京东抽奖机, 错误!
TypeError: Cannot read property 'nickname' of undefined
    at eval (eval at main (/opt/jd/scripts/jd_lotteryMachine.js:32:5), <anonymous>:86:38)
    at isSurge.isLoon.isQuanX.isNode.got.on.then.message (eval at main (/opt/jd/scripts/jd_lotteryMachine.js:32:5), <anonymous>:374:4791)
    at processTicksAndRejections (internal/process/task_queues.js:93:5)

14-邀人助力任务-已完成0-未完成10
助力已满员！谢谢你哦~

2-华亚（HUAYA） 电镀哑铃杠铃套装组合 男士举重杠铃 家用健身器材 45kg哑铃杠铃两用套装含1.5米杠铃杆（总重）-已完成0-未完成2

华亚（HUAYA） 电镀哑铃杠铃套装组合 男士举重杠铃 家用健身器材 45kg哑铃杠铃两用套装含1.5米杠铃杆（总重）
success

尊蓝 男士除螨香氛沐浴露 薄荷除螨冰爽醒肤清凉持香久留香古龙香水味沐浴液洗发水护肤洗护套装组合装 沐浴露+洗发水+洁面皂
success

开始抽奖

开始抽奖

1-大宇电器家电京东自营旗舰店-已完成0-未完成2

大宇电器家电京东自营旗舰店
success

浪凡（LANVIN）香氛京东自营专区
success

开始抽奖

开始抽奖

3-浏览锦鲤红包-已完成0-未完成2

浏览锦鲤红包
success

逛今日必拼活动
success

开始抽奖

开始抽奖

3-逛京东秒杀频道-已完成0-未完成2

逛京东秒杀频道
success

浏览特价频道
success

开始抽奖

开始抽奖

开始抽奖
快去完成任务获得抽奖资格吧

开始第2个抽奖活动

13-连续签到任务（7天）-已完成0-未完成1
success

14-邀人助力任务-已完成0-未完成10
助力已满员！谢谢你哦~

2-[井冈山馆] 李记客家麻花零食小袋 休闲小吃独立包装 井冈山特产 6种口味 袋装300g 蜂蜜味-已完成0-未完成3

[井冈山馆] 李记客家麻花零食小袋 休闲小吃独立包装 井冈山特产 6种口味 袋装300g 蜂蜜味
success

[五莲助农馆]爱樱维饮料果汁NFC樱桃汁180ml*8瓶整箱礼盒装 180ml*8瓶
success

洁芙泉酵素氨基酸香水沐浴露 清洁肌肤易冲洗不假滑留香补水保湿嫩肤 男女士家庭装护肤烟酰胺沐浴液 沐浴露500ml##t53
jd_lotteryMachine.js文件  CDN刷新成功
success

开始抽奖

3-9.9买到爽-已完成0-未完成2

9.9买到爽
success

查看精选补贴好物
success

开始抽奖
快去完成任务获得抽奖资格吧

3-好物1元抢-已完成0-未完成3

好物1元抢
success

查看京品好物
success

宠汪汪-兑换iPhone
success

开始抽奖

1-汤臣倍健京东自营旗舰店-已完成0-未完成3

汤臣倍健京东自营旗舰店
success

闪魔旗舰店
success

鲜次方旗舰店
success

开始抽奖
快去完成任务获得抽奖资格吧

21-图书会员-已完成0-未完成3

开始抽奖
快去完成任务获得抽奖资格吧

开始第3个抽奖活动

3-关注PLUS公众号-全部已完成

9-浏览PLUS频道页-已完成0-未完成2

浏览PLUS频道页
任务领取成功
success

浏览PLUS省钱攻略页
任务领取成功
success

开始抽奖

9-浏览PLUS生活特权-已完成0-未完成10

浏览PLUS生活特权
任务领取成功
success

PLUS免费享滴滴9折券
任务领取成功
success

浏览超值福利
任务领取成功
success

PLUS享COSTA买一赠一
任务领取成功
success

0元领学而思精品课程
任务领取成功
success

领每月9.9元洗车优惠
任务领取成功
success

领携程酒店折上折
任务领取成功
success

天天领外卖红包
任务领取成功
success

0元追芒果TV热播剧
任务领取成功
success

9-浏览PLUS会员店-已完成0-未完成1

浏览PLUS会员店
任务领取成功
success

开始抽奖

开始抽奖

开始抽奖

开始抽奖

开始抽奖

开始抽奖

开始抽奖

9-浏览PLUS鲜花权益-已完成0-未完成6

浏览PLUS鲜花权益
任务领取成功
success

浏览PLUS健康权益
任务领取成功
success

浏览PLUS读书权益
任务领取成功
success

浏览寄件特权
任务领取成功
success

浏览PLUS理财权益
任务领取成功
success

购物送PLUS会员
任务领取成功
success

开始抽奖

开始抽奖

3-浏览民生京东PLUS联名卡开通页-已完成0-未完成5

浏览民生京东PLUS联名卡开通页
success

浏览光大京东PLUS联名卡开通页
success

浏览交行京东PLUS联名卡
success

浏览中信PLUS联名卡
success

理财联名卡
success

开始抽奖

开始抽奖

开始抽奖
快去完成任务获得抽奖资格吧

开始第4个抽奖活动

14-邀请好友助力-已完成0-未完成10
助力已满员！谢谢你哦~

8-曼牌(MANNFILTER)单效空调滤清器空调滤芯空调滤CU19004外置适用进口宝马X3 11-17款20i28i/14-17款X4 20i28i-全部已完成

7-欧育京东自营旗舰店-全部已完成

26-浏览并关注优惠日历-全部已完成

9-去赢1000元红包-全部已完成

开始抽奖
快去完成任务获得抽奖资格吧

开始第5个抽奖活动

13-连续签到-已完成0-未完成1
success

9-领免费吃喝玩乐福利-已完成0-未完成1

领免费吃喝玩乐福利
任务领取成功
success

开始抽奖

9-领B站大会员-已完成0-未完成1

领B站大会员
任务领取成功
success

开始抽奖

9-吃真功夫半价工作餐-已完成0-未完成1

吃真功夫半价工作餐
任务领取成功
success

开始抽奖
快去完成任务获得抽奖资格吧

9-领0元吃鸡翅套餐-已完成0-未完成1

领0元吃鸡翅套餐
任务领取成功
success

开始抽奖

9-领诺心蛋糕3折券-已完成0-未完成1

领诺心蛋糕3折券
任务领取成功
success

开始抽奖

开始抽奖
快去完成任务获得抽奖资格吧

开始第6个抽奖活动

26-关注众筹频道-已完成0-未完成1

浏览并关注众筹频道
success

开始抽奖
京豆:3

9-浏览众筹频道-已完成0-未完成1

浏览众筹频道
任务领取成功
success

开始抽奖
京豆:1

8-浏览爆款商品-已完成0-未完成5

IDMIX（大麦）65W充电器4口快充输出10W无线充适用于苹果华为小米手机macbook笔记本 65W充电器+CtoC 线+苹果头数据线（绿色）
任务领取成功
success

宾多康智能刮痧拔罐器 负压经络疏通刷 砭石按摩仪吸痧仪拔火罐磁疗热敷祛湿器 柿子橙
任务领取成功
success

汉霸智能懒人桌面小鱼缸 超白玻璃生态免换水两栖复古电视迷你小鱼缸
任务领取成功
success

【青风阁】茗伶尚品原创唐制汉服女 极乐之宴改良齐胸襦裙印花褶裙套装学生女 夏季日常款 杏色上衣+粉色褶裙+红色披帛 L码
任务领取成功
success

奥美医疗温感变色口罩一次性成人医用变色口罩三层防护熔喷布防尘防飞沫 儿童温感口罩【沙漠仙人掌】7只
任务领取成功
success

开始抽奖
京豆:1

开始抽奖
京豆:1

14-邀请好友助力-已完成0-未完成3
助力已满员！谢谢你哦~

1-奥美旗舰店-已完成0-未完成3

奥美旗舰店
success

IDMIX官方旗舰店
success

茗伶尚品青风阁专卖店
success

开始抽奖
京豆:1

13-连签-已完成0-未完成1
success

开始抽奖
快去完成任务获得抽奖资格吧

==============📣系统通知📣==============
京东抽奖机
京东账号：
抽得京豆：7个
请点击通知跳转至APP查看

***************开始京东账号2***************

14-邀人助力任务-已完成0-未完成10
success

2-华亚（HUAYA） 电镀哑铃杠铃套装组合 男士举重杠铃 家用健身器材 45kg哑铃杠铃两用套装含1.5米杠铃杆（总重）-已完成0-未完成2

华亚（HUAYA） 电镀哑铃杠铃套装组合 男士举重杠铃 家用健身器材 45kg哑铃杠铃两用套装含1.5米杠铃杆（总重）
success

尊蓝 男士除螨香氛沐浴露 薄荷除螨冰爽醒肤清凉持香久留香古龙香水味沐浴液洗发水护肤洗护套装组合装 沐浴露+洗发水+洁面皂
success

开始抽奖

开始抽奖

1-倍丽颜京东自营旗舰店-已完成0-未完成2

倍丽颜京东自营旗舰店
success

膜法世家京东自营旗舰店
success

开始抽奖

开始抽奖

3-浏览锦鲤红包-已完成0-未完成2

浏览锦鲤红包
success

逛今日必拼活动
success

开始抽奖

开始抽奖

3-逛京东秒杀频道-已完成0-未完成2

逛京东秒杀频道
success

浏览特价频道
success

开始抽奖

开始抽奖

开始抽奖
快去完成任务获得抽奖资格吧

开始第2个抽奖活动

13-连续签到任务（7天）-已完成0-未完成1
success

14-邀人助力任务-已完成0-未完成10
success

2-[井冈山馆] 李记客家麻花零食小袋 休闲小吃独立包装 井冈山特产 6种口味 袋装300g 蜂蜜味-已完成0-未完成3

[井冈山馆] 李记客家麻花零食小袋 休闲小吃独立包装 井冈山特产 6种口味 袋装300g 蜂蜜味
success

[五莲助农馆]爱樱维饮料果汁NFC樱桃汁180ml*8瓶整箱礼盒装 180ml*8瓶
success

洁芙泉酵素氨基酸香水沐浴露 清洁肌肤易冲洗不假滑留香补水保湿嫩肤 男女士家庭装护肤烟酰胺沐浴液 沐浴露500ml##t53
success

开始抽奖

3-9.9买到爽-已完成0-未完成2

9.9买到爽
success

查看精选补贴好物
success

开始抽奖
快去完成任务获得抽奖资格吧

3-好物1元抢-已完成0-未完成3

好物1元抢
success

查看京品好物
success

宠汪汪-兑换iPhone
success

开始抽奖

1-汤臣倍健京东自营旗舰店-已完成0-未完成3

汤臣倍健京东自营旗舰店
success

闪魔旗舰店
success

鲜次方旗舰店
success

开始抽奖

21-图书会员-已完成0-未完成3

开始抽奖
快去完成任务获得抽奖资格吧

开始第3个抽奖活动

3-关注PLUS公众号-全部已完成

9-浏览PLUS频道页-已完成0-未完成2

浏览PLUS频道页
任务领取成功
success

浏览PLUS省钱攻略页
任务领取成功
success

开始抽奖

9-浏览PLUS生活特权-已完成0-未完成10

浏览PLUS生活特权
任务领取成功
success

PLUS免费享滴滴9折券
任务领取成功
success

浏览超值福利
任务领取成功
success

PLUS享COSTA买一赠一
任务领取成功
success

0元领学而思精品课程
任务领取成功
success

领每月9.9元洗车优惠
任务领取成功
success

领携程酒店折上折
任务领取成功
success

天天领外卖红包
任务领取成功
success

0元追芒果TV热播剧
任务领取成功
success

9-浏览PLUS会员店-已完成0-未完成1

浏览PLUS会员店
任务领取成功
success

开始抽奖

开始抽奖

开始抽奖

开始抽奖

开始抽奖

开始抽奖

开始抽奖

9-浏览PLUS鲜花权益-已完成0-未完成6

浏览PLUS鲜花权益
任务领取成功
success

浏览PLUS健康权益
任务领取成功
success

浏览PLUS读书权益
任务领取成功
success

浏览寄件特权
任务领取成功
success

浏览PLUS理财权益
任务领取成功
success

购物送PLUS会员
任务领取成功
success

开始抽奖

开始抽奖

3-浏览民生京东PLUS联名卡开通页-已完成0-未完成5

浏览民生京东PLUS联名卡开通页
success

浏览光大京东PLUS联名卡开通页
success

浏览交行京东PLUS联名卡
success

浏览中信PLUS联名卡
success

理财联名卡
success

开始抽奖

开始抽奖
快去完成任务获得抽奖资格吧

开始第4个抽奖活动

14-邀请好友助力-已完成0-未完成10
success

8-樱花烟雨原创亚麻阔腿短款女宽松百搭五分裤20夏季新品民族风女装复古 墨黑色 XL-已完成0-未完成2

樱花烟雨原创亚麻阔腿短款女宽松百搭五分裤20夏季新品民族风女装复古 墨黑色 XL
任务领取成功
success

科赋DDR4台式机电脑内存条8G 16G 32G 3200 3600海力士颗粒兼容2400/2133 科赋16G (8GB单条x2) 3200Mhz
任务领取成功
success

开始抽奖

开始抽奖

7-迪普尔玩具京东自营旗舰店-已完成0-未完成2

迪普尔玩具京东自营旗舰店
任务领取成功
success

西屋厨卫京东自营官方旗舰店
任务领取成功
success

开始抽奖

开始抽奖

26-浏览并关注闪购频道-已完成0-未完成3

浏览并关注闪购频道
success

浏览并关注优惠日历
success

浏览并关注秒杀频道
success

开始抽奖

开始抽奖

开始抽奖

9-寻找你感兴趣的部落-已完成0-未完成2

寻找你感兴趣的部落
任务领取成功
success

去赢1000元红包
任务领取成功
success

开始抽奖

开始抽奖

开始抽奖
快去完成任务获得抽奖资格吧

开始第5个抽奖活动

13-连续签到-已完成0-未完成1
success

9-领免费吃喝玩乐福利-已完成0-未完成1

领免费吃喝玩乐福利
任务领取成功
success

开始抽奖

9-领B站大会员-已完成0-未完成1

领B站大会员
任务领取成功
success

开始抽奖
快去完成任务获得抽奖资格吧

9-吃真功夫半价工作餐-已完成0-未完成1

吃真功夫半价工作餐
任务领取成功
success

开始抽奖

9-领0元吃鸡翅套餐-已完成0-未完成1

领0元吃鸡翅套餐
任务领取成功
success

开始抽奖

9-领诺心蛋糕3折券-已完成0-未完成1

领诺心蛋糕3折券
任务领取成功
success

开始抽奖
快去完成任务获得抽奖资格吧

开始抽奖
快去完成任务获得抽奖资格吧

开始第6个抽奖活动

26-关注众筹频道-已完成0-未完成1

浏览并关注众筹频道
success

开始抽奖
京豆:1

9-浏览众筹频道-已完成0-未完成1

浏览众筹频道
任务领取成功
success

开始抽奖
京豆:1

8-浏览爆款商品-已完成0-未完成5

【青风阁】茗伶尚品原创唐制汉服女 极乐之宴改良齐胸襦裙印花褶裙套装学生女 夏季日常款 杏色上衣+粉色褶裙+红色披帛 L码
任务领取成功
success

奥美医疗温感变色口罩一次性成人医用变色口罩三层防护熔喷布防尘防飞沫 儿童温感口罩【沙漠仙人掌】7只
任务领取成功
success

IDMIX（大麦）65W充电器4口快充输出10W无线充适用于苹果华为小米手机macbook笔记本 65W充电器+CtoC 线+苹果头数据线（绿色）
任务领取成功
success

宾多康智能刮痧拔罐器 负压经络疏通刷 砭石按摩仪吸痧仪拔火罐磁疗热敷祛湿器 柿子橙
任务领取成功
success

汉霸智能懒人桌面小鱼缸 超白玻璃生态免换水两栖复古电视迷你小鱼缸
任务领取成功
success

开始抽奖
京豆:3

开始抽奖
京豆:1

14-邀请好友助力-已完成0-未完成3
success

1-茗伶尚品青风阁专卖店-已完成0-未完成3

茗伶尚品青风阁专卖店
success

奥美旗舰店
success

IDMIX官方旗舰店
success

开始抽奖
京豆:1

13-连签-已完成0-未完成1
success

开始抽奖
快去完成任务获得抽奖资格吧

==============📣系统通知📣==============
京东抽奖机
京东账号：Ycp_Dream
抽得京豆：7个
请点击通知跳转至APP查看

🔔京东抽奖机, 结束! 🕛 554.33 秒

