
🔔摇京豆, 开始!

====================共2个京东账号Cookie=========

==================脚本执行- 北京时间(UTC+8)：7/12/2021, 12:08:16 AM=====================


********开始【京东账号1】Ymh__Sirius*****

摇京豆——摇奖次数0
京东会员——摇奖次数0
京东会员第2天已签到

【新版本 超级摇一摇】获取信息失败：没有查询到活动信息



京东APP首页超级摇一摇：目前暂无活动




【7.5海信 brandActivityId】：f8fa1fc2-4a29-40fd-87be-2409268a38ae
超级超级品牌日 getHomeData 失败： 活动不在进行中哦
去看看其他活动吧~
【7.5海信 超级品牌日】：活动不在进行中


京东小魔方：本期活动由左点赞助
京东小魔方当前抽奖次数：0


********开始【京东账号2】Ycp_Dream*****

开始做浏览页面任务
摇京豆——摇奖次数1
京东会员——摇奖次数1
开始 【京东会员】 摇奖
京东会员-剩余摇奖次数：0
未中奖

开始 【摇京豆】 摇奖
剩余摇奖次数：0
获得优惠券：仅可购买京东国际部分商品

京东会员第4天已签到

【新版本 超级摇一摇】获取信息失败：没有查询到活动信息



京东APP首页超级摇一摇：目前暂无活动




【7.5海信 brandActivityId】：f8fa1fc2-4a29-40fd-87be-2409268a38ae
超级超级品牌日 getHomeData 失败： 活动不在进行中哦
去看看其他活动吧~
【7.5海信 超级品牌日】：活动不在进行中


京东小魔方：本期活动由左点赞助
京东小魔方当前抽奖次数：0


🔔摇京豆, 结束! 🕛 11.754 秒

