
🔔摇京豆, 开始!

====================共2个京东账号Cookie=========

==================脚本执行- 北京时间(UTC+8)：7/9/2021, 8:46:55 PM=====================


********开始【京东账号1】Ymh__Sirius*****

开始做关注店铺任务
摇京豆——摇奖次数1
京东会员——摇奖次数0
开始 【摇京豆】 摇奖
剩余摇奖次数：0
获得优惠券：仅可购买佳佰部分商品

京东会员第6天已签到

【新版本 超级摇一摇】获取信息失败：没有查询到活动信息



京东APP首页超级摇一摇：目前暂无活动




【7.5海信 brandActivityId】：f8fa1fc2-4a29-40fd-87be-2409268a38ae
超级超级品牌日 getHomeData 失败： 活动不在进行中哦
去看看其他活动吧~
【7.5海信 超级品牌日】：活动不在进行中
小魔方 getInteractionInfo 异常： {"result":{"code":6,"hasFinalLottery":0,"loginStatus":1,"pin":"15631692383_p","rType":0,"taskPoolInfo":{"taskList":[]},"toast":"配置异常"}}
小魔方 getInteractionInfo 异常： {"result":{"code":6,"hasFinalLottery":0,"loginStatus":1,"pin":"15631692383_p","rType":0,"taskPoolInfo":{"taskList":[]},"toast":"配置异常"}}

********开始【京东账号2】Ycp_Dream*****

开始做浏览页面任务
开始做关注店铺任务
摇京豆——摇奖次数12
京东会员——摇奖次数10
开始 【京东会员】 摇奖
京东会员-剩余摇奖次数：9
未中奖

开始 【京东会员】 摇奖
京东会员-剩余摇奖次数：8
未中奖

开始 【京东会员】 摇奖
京东会员-剩余摇奖次数：7
未中奖

开始 【京东会员】 摇奖
京东会员-剩余摇奖次数：6
未中奖

开始 【京东会员】 摇奖
京东会员-剩余摇奖次数：5
未中奖

开始 【京东会员】 摇奖
京东会员-剩余摇奖次数：4
未中奖

开始 【京东会员】 摇奖
京东会员-剩余摇奖次数：3
未中奖

开始 【京东会员】 摇奖
京东会员-剩余摇奖次数：2
未中奖

开始 【京东会员】 摇奖
京东会员-剩余摇奖次数：1
未中奖

开始 【京东会员】 摇奖
京东会员-剩余摇奖次数：0
恭喜你，京东会员中奖了，获得1京豆

开始 【摇京豆】 摇奖
剩余摇奖次数：11
获得优惠券：限购[国教图书专营店]店铺部分商品

开始 【摇京豆】 摇奖
剩余摇奖次数：10
获得优惠券：限购[国教图书专营店]店铺部分商品

开始 【摇京豆】 摇奖
剩余摇奖次数：9
获得优惠券：限购[文源阁图书专营店]店铺部分商品

开始 【摇京豆】 摇奖
剩余摇奖次数：8
摇奖其他未知结果：{"data":{"luckyBox":{"costBeanCount":2,"feeTimes":2,"freeTimes":8,"totalBeanCount":11018}},"success":true}

开始 【摇京豆】 摇奖
剩余摇奖次数：7
获得优惠券：限购[文源阁图书专营店]店铺部分商品

开始 【摇京豆】 摇奖
剩余摇奖次数：6
获得优惠券：仅可购买奶粉部分自营商品

开始 【摇京豆】 摇奖
剩余摇奖次数：5
获得优惠券：仅可购买自营荣耀手机部分商品

开始 【摇京豆】 摇奖
剩余摇奖次数：4
获得优惠券：仅可购买葡萄酒洋酒部分自营商品

开始 【摇京豆】 摇奖
剩余摇奖次数：3
摇奖其他未知结果：{"data":{"luckyBox":{"costBeanCount":2,"feeTimes":2,"freeTimes":3,"totalBeanCount":11018}},"success":true}

开始 【摇京豆】 摇奖
剩余摇奖次数：2
获得优惠券：仅可购买京东国际部分商品

开始 【摇京豆】 摇奖
剩余摇奖次数：1
获得优惠券：仅可购买小米耳机部分商品

开始 【摇京豆】 摇奖
剩余摇奖次数：0
获得优惠券：仅可购买欧乐B自营店铺指定商品

京东会员第1天签到结果；{"data":{"pin":"jd_74a8d71c978d9","rewardVos":[{"couponVo":null,"drawInfoVo":null,"hongBaoVo":null,"jingBeanVo":{"beanNum":1},"pitType":0,"rewardSource":0,"signItemId":"620359663473836032","signTime":"2021-07-09 20:47:49","signType":0},{"couponVo":null,"drawInfoVo":null,"hongBaoVo":null,"jingBeanVo":null,"pitType":3,"rewardSource":1,"signItemId":"620359663473836032","signTime":"2021-07-09 20:47:49","signType":0}],"signActId":"1","signActInstanceId":"620359662644490240"},"dataAbInfoList":null,"expInfo":null,"expLabel":null,"message":null,"officialDocument":null,"pftid":null,"resultCode":null,"resultTips":null,"success":true,"traceId":"0aad43a5.1625834522261.000457.044541"}
京东会员第1天签到成功。获得1京豆


【新版本 超级摇一摇】获取信息失败：没有查询到活动信息



京东APP首页超级摇一摇：目前暂无活动




【7.5海信 brandActivityId】：f8fa1fc2-4a29-40fd-87be-2409268a38ae
超级超级品牌日 getHomeData 失败： 活动不在进行中哦
去看看其他活动吧~
【7.5海信 超级品牌日】：活动不在进行中
小魔方 getInteractionInfo 异常： {"result":{"code":6,"hasFinalLottery":0,"loginStatus":1,"pin":"jd_74a8d71c978d9","rType":0,"taskPoolInfo":{"taskList":[]},"toast":"配置异常"}}
小魔方 getInteractionInfo 异常： {"result":{"code":6,"hasFinalLottery":0,"loginStatus":1,"pin":"jd_74a8d71c978d9","rType":0,"taskPoolInfo":{"taskList":[]},"toast":"配置异常"}}

==============📣系统通知📣==============
摇京豆
京东账号2 Ycp_Dream
摇京豆：获得1京豆
京东会员签到：获得1京豆


🔔摇京豆, 结束! 🕛 54.939 秒

