
🔔摇京豆, 开始!

====================共4个京东账号Cookie=========

==================脚本执行- 北京时间(UTC+8)：6/26/2021, 4:12:03 PM=====================


********开始【京东账号1】Ymh__Sirius*****

摇京豆——摇奖次数0
京东会员——摇奖次数0
京东会员第7天已签到

【新版本 超级摇一摇】获取信息失败：没有查询到活动信息



京东APP首页超级摇一摇：目前暂无活动




【5.15钟薛高 brandActivityId】：c465fe5d-af66-4687-b350-45792b886e0e
超级超级品牌日 getHomeData 失败： 活动不在进行中哦
去看看其他活动吧~
【5.15钟薛高 超级品牌日】：活动不在进行中


京东小魔方：本期活动由雷允上赞助
京东小魔方当前抽奖次数：0


********开始【京东账号2】Ycp_Dream*****

开始做浏览页面任务
开始做关注店铺任务
摇京豆——摇奖次数12
京东会员——摇奖次数10
开始 【京东会员】 摇奖
京东会员-剩余摇奖次数：9
恭喜你，京东会员中奖了，获得1京豆

开始 【京东会员】 摇奖
京东会员-剩余摇奖次数：8
未中奖

开始 【京东会员】 摇奖
京东会员-剩余摇奖次数：7
恭喜你，京东会员中奖了，获得1京豆

开始 【京东会员】 摇奖
京东会员-剩余摇奖次数：6
未中奖

开始 【京东会员】 摇奖
京东会员-剩余摇奖次数：5
未中奖

开始 【京东会员】 摇奖
京东会员-剩余摇奖次数：4
恭喜你，京东会员中奖了，获得1京豆

开始 【京东会员】 摇奖
京东会员-剩余摇奖次数：3
未中奖

开始 【京东会员】 摇奖
京东会员-剩余摇奖次数：2
未中奖

开始 【京东会员】 摇奖
京东会员-剩余摇奖次数：1
未中奖

开始 【京东会员】 摇奖
京东会员-剩余摇奖次数：0
未中奖

开始 【摇京豆】 摇奖
剩余摇奖次数：11
获得优惠券：限购[沃尼森数码专营店]店铺商品

开始 【摇京豆】 摇奖
剩余摇奖次数：10
获得优惠券：限购[摩斯维京东自营旗舰店]店铺部分商品

开始 【摇京豆】 摇奖
剩余摇奖次数：9
获得优惠券：限购[黑啾旗舰店]店铺商品

开始 【摇京豆】 摇奖
剩余摇奖次数：8
获得优惠券：仅可购买茶具商品

开始 【摇京豆】 摇奖
剩余摇奖次数：7
获得优惠券：仅可购买童装童鞋部分商品

开始 【摇京豆】 摇奖
剩余摇奖次数：6
获得优惠券：仅可购买内衣品类部分商品

开始 【摇京豆】 摇奖
剩余摇奖次数：5
摇奖其他未知结果：{"data":{"luckyBox":{"costBeanCount":2,"feeTimes":2,"freeTimes":5,"totalBeanCount":10630}},"success":true}

开始 【摇京豆】 摇奖
剩余摇奖次数：4
获得优惠券：仅可购买内衣品类部分商品

开始 【摇京豆】 摇奖
剩余摇奖次数：3
摇奖其他未知结果：{"data":{"luckyBox":{"costBeanCount":2,"feeTimes":2,"freeTimes":3,"totalBeanCount":10630}},"success":true}

开始 【摇京豆】 摇奖
剩余摇奖次数：2
获得优惠券：仅可购买个人护理部分商品

开始 【摇京豆】 摇奖
剩余摇奖次数：1
获得优惠券：仅可购买HFP品牌部分自营商品

开始 【摇京豆】 摇奖
剩余摇奖次数：0
获得优惠券：仅可购买康巴赫自营部分商品

京东会员第1天签到结果；{"data":{"pin":"jd_74a8d71c978d9","rewardVos":[{"couponVo":null,"drawInfoVo":null,"hongBaoVo":null,"jingBeanVo":{"beanNum":1},"pitType":0,"rewardSource":0,"signItemId":"615579574459691008","signTime":"2021-06-26 16:13:27","signType":0},{"couponVo":null,"drawInfoVo":null,"hongBaoVo":null,"jingBeanVo":null,"pitType":3,"rewardSource":1,"signItemId":"615579574459691008","signTime":"2021-06-26 16:13:27","signType":0}],"signActId":"1","signActInstanceId":"615579573229936640"},"dataAbInfoList":null,"expInfo":null,"expLabel":null,"message":null,"officialDocument":null,"pftid":null,"resultCode":null,"resultTips":null,"success":true}
京东会员第1天签到成功。获得1京豆


【新版本 超级摇一摇】获取信息失败：没有查询到活动信息



京东APP首页超级摇一摇：目前暂无活动




【5.15钟薛高 brandActivityId】：c465fe5d-af66-4687-b350-45792b886e0e
超级超级品牌日 getHomeData 失败： 活动不在进行中哦
去看看其他活动吧~
【5.15钟薛高 超级品牌日】：活动不在进行中


京东小魔方：本期活动由雷允上赞助
开始做：【浏览雷允上新品】任务
浏览成功！恭喜获得一次抽奖机会，当前抽奖次数：1

开始做：【浏览雷允上8S并关注】任务，需等待8秒
浏览成功！恭喜你获得一次抽奖机会，当前抽奖次数：2

京东小魔方当前抽奖次数：2

京东小魔方抽奖：undefined京豆
京东小魔方抽奖：3京豆

==============📣系统通知📣==============
摇京豆
京东账号2 Ycp_Dream
摇京豆：获得3京豆
京东会员签到：获得1京豆


********开始【京东账号3】jd_585601a83bd48*****

开始做浏览页面任务
开始做关注店铺任务
摇京豆——摇奖次数12
京东会员——摇奖次数10
开始 【京东会员】 摇奖
京东会员-剩余摇奖次数：9
未中奖

开始 【京东会员】 摇奖
京东会员-剩余摇奖次数：8
未中奖

开始 【京东会员】 摇奖
京东会员-剩余摇奖次数：7
未中奖

开始 【京东会员】 摇奖
京东会员-剩余摇奖次数：6
未中奖

开始 【京东会员】 摇奖
京东会员-剩余摇奖次数：5
恭喜你，京东会员中奖了，获得1京豆

开始 【京东会员】 摇奖
京东会员-剩余摇奖次数：4
未中奖

开始 【京东会员】 摇奖
京东会员-剩余摇奖次数：3
恭喜你，京东会员中奖了，获得1京豆

开始 【京东会员】 摇奖
京东会员-剩余摇奖次数：2
未中奖

开始 【京东会员】 摇奖
京东会员-剩余摇奖次数：1
未中奖

开始 【京东会员】 摇奖
京东会员-剩余摇奖次数：0
未中奖

开始 【摇京豆】 摇奖
剩余摇奖次数：11
获得优惠券：限购[秋田满满官方旗舰店]店铺商品

开始 【摇京豆】 摇奖
剩余摇奖次数：10
获得优惠券：限购[沃尼森数码专营店]店铺商品

开始 【摇京豆】 摇奖
剩余摇奖次数：9
获得优惠券：限购[摩斯维京东自营旗舰店]店铺部分商品

开始 【摇京豆】 摇奖
剩余摇奖次数：8
获得优惠券：限购[黑啾旗舰店]店铺商品

开始 【摇京豆】 摇奖
剩余摇奖次数：7
获得优惠券：仅可购买茶具商品

开始 【摇京豆】 摇奖
剩余摇奖次数：6
摇奖其他未知结果：{"data":{"luckyBox":{"costBeanCount":2,"feeTimes":2,"freeTimes":6,"totalBeanCount":301}},"success":true}

开始 【摇京豆】 摇奖
剩余摇奖次数：5
获得优惠券：仅可购买童装童鞋部分商品

开始 【摇京豆】 摇奖
剩余摇奖次数：4
获得优惠券：仅可购买内衣品类部分商品

开始 【摇京豆】 摇奖
剩余摇奖次数：3
获得优惠券：仅可购买内衣品类部分商品

开始 【摇京豆】 摇奖
剩余摇奖次数：2
摇奖其他未知结果：{"data":{"luckyBox":{"costBeanCount":2,"feeTimes":2,"freeTimes":2,"totalBeanCount":301}},"success":true}

开始 【摇京豆】 摇奖
剩余摇奖次数：1
摇奖其他未知结果：{"data":{"luckyBox":{"costBeanCount":2,"feeTimes":2,"freeTimes":1,"totalBeanCount":301}},"success":true}

开始 【摇京豆】 摇奖
剩余摇奖次数：0
获得优惠券：仅可购买个人护理部分商品

京东会员第1天签到结果；{"data":{"pin":"chao4596758","rewardVos":[{"couponVo":null,"drawInfoVo":null,"hongBaoVo":null,"jingBeanVo":{"beanNum":1},"pitType":0,"rewardSource":0,"signItemId":"615580007058644992","signTime":"2021-06-26 16:15:10","signType":0},{"couponVo":null,"drawInfoVo":null,"hongBaoVo":null,"jingBeanVo":null,"pitType":3,"rewardSource":1,"signItemId":"615580007058644992","signTime":"2021-06-26 16:15:10","signType":0}],"signActId":"1","signActInstanceId":"615580005763948544"},"dataAbInfoList":null,"expInfo":null,"expLabel":null,"message":null,"officialDocument":null,"pftid":null,"resultCode":null,"resultTips":null,"success":true}
京东会员第1天签到成功。获得1京豆


【新版本 超级摇一摇】获取信息失败：没有查询到活动信息



京东APP首页超级摇一摇：目前暂无活动




【5.15钟薛高 brandActivityId】：c465fe5d-af66-4687-b350-45792b886e0e
超级超级品牌日 getHomeData 失败： 活动不在进行中哦
去看看其他活动吧~
【5.15钟薛高 超级品牌日】：活动不在进行中


京东小魔方：本期活动由雷允上赞助
开始做：【浏览雷允上新品】任务
浏览成功！恭喜获得一次抽奖机会，当前抽奖次数：1

开始做：【浏览雷允上8S并关注】任务，需等待8秒
浏览成功！恭喜你获得一次抽奖机会，当前抽奖次数：2

京东小魔方当前抽奖次数：2

京东小魔方抽奖：3京豆
京东小魔方抽奖：undefined京豆

==============📣系统通知📣==============
摇京豆
京东账号3 jd_585601a83bd48
摇京豆：获得2京豆
京东会员签到：获得1京豆


********开始【京东账号4】jd_157332ewky*****

开始做浏览页面任务
开始做关注店铺任务
摇京豆——摇奖次数12
京东会员——摇奖次数10
开始 【京东会员】 摇奖
京东会员-剩余摇奖次数：9
未中奖

开始 【京东会员】 摇奖
京东会员-剩余摇奖次数：8
未中奖

开始 【京东会员】 摇奖
京东会员-剩余摇奖次数：7
未中奖

开始 【京东会员】 摇奖
京东会员-剩余摇奖次数：6
未中奖

开始 【京东会员】 摇奖
京东会员-剩余摇奖次数：5
未中奖

开始 【京东会员】 摇奖
京东会员-剩余摇奖次数：4
恭喜你，京东会员中奖了，获得1京豆

开始 【京东会员】 摇奖
京东会员-剩余摇奖次数：3
未中奖

开始 【京东会员】 摇奖
京东会员-剩余摇奖次数：2
恭喜你，京东会员中奖了，获得1京豆

开始 【京东会员】 摇奖
京东会员-剩余摇奖次数：1
未中奖

开始 【京东会员】 摇奖
京东会员-剩余摇奖次数：0
未中奖

开始 【摇京豆】 摇奖
剩余摇奖次数：11
获得优惠券：限购[氻氻君官方旗舰店]店铺部分商品

开始 【摇京豆】 摇奖
剩余摇奖次数：10
摇奖其他未知结果：{"data":{"luckyBox":{"costBeanCount":2,"feeTimes":2,"freeTimes":10,"totalBeanCount":7196}},"success":true}

开始 【摇京豆】 摇奖
剩余摇奖次数：9
获得优惠券：限购[舒雨清洁用品旗舰店]店铺部分商品

开始 【摇京豆】 摇奖
剩余摇奖次数：8
获得优惠券：限购[粉柔旗舰店]店铺部分商品

开始 【摇京豆】 摇奖
剩余摇奖次数：7
获得优惠券：限购[宇通大力官方旗舰店]店铺部分商品

开始 【摇京豆】 摇奖
剩余摇奖次数：6
获得优惠券：限购[苏懒儿官方旗舰店]店铺部分商品

开始 【摇京豆】 摇奖
剩余摇奖次数：5
摇奖其他未知结果：{"data":{"luckyBox":{"costBeanCount":2,"feeTimes":2,"freeTimes":5,"totalBeanCount":7196}},"success":true}

开始 【摇京豆】 摇奖
剩余摇奖次数：4
获得优惠券：限购[仁昌元奢侈品专营店]店铺商品

开始 【摇京豆】 摇奖
剩余摇奖次数：3
摇奖其他未知结果：{"data":{"luckyBox":{"costBeanCount":2,"feeTimes":2,"freeTimes":3,"totalBeanCount":7196}},"success":true}

开始 【摇京豆】 摇奖
剩余摇奖次数：2
获得优惠券：限购[阳阳纸业官方旗舰店]店铺商品

开始 【摇京豆】 摇奖
剩余摇奖次数：1
获得优惠券：限购[阳阳纸业官方旗舰店]店铺商品

开始 【摇京豆】 摇奖
剩余摇奖次数：0
获得优惠券：限购[贞喜气家庭清洁旗舰店]店铺部分商品

京东会员第3天签到结果；{"data":{"pin":"jd_46df9eaa780aa","rewardVos":[{"couponVo":null,"drawInfoVo":null,"hongBaoVo":null,"jingBeanVo":{"beanNum":1},"pitType":0,"rewardSource":0,"signItemId":"615580511897546752","signTime":"2021-06-26 16:17:10","signType":0},{"couponVo":null,"drawInfoVo":null,"hongBaoVo":null,"jingBeanVo":null,"pitType":3,"rewardSource":1,"signItemId":"615580511897546752","signTime":"2021-06-26 16:17:10","signType":0}],"signActId":"1","signActInstanceId":"614813668759769088"},"dataAbInfoList":null,"expInfo":null,"expLabel":null,"message":null,"officialDocument":null,"pftid":null,"resultCode":null,"resultTips":null,"success":true}
京东会员第3天签到成功。获得1京豆


【新版本 超级摇一摇】获取信息失败：没有查询到活动信息



京东APP首页超级摇一摇：目前暂无活动




【5.15钟薛高 brandActivityId】：c465fe5d-af66-4687-b350-45792b886e0e
超级超级品牌日 getHomeData 失败： 活动不在进行中哦
去看看其他活动吧~
【5.15钟薛高 超级品牌日】：活动不在进行中


京东小魔方：本期活动由雷允上赞助
开始做：【浏览雷允上新品】任务
浏览成功！恭喜获得一次抽奖机会，当前抽奖次数：1

开始做：【浏览雷允上8S并关注】任务，需等待8秒
浏览成功！恭喜你获得一次抽奖机会，当前抽奖次数：2

京东小魔方当前抽奖次数：2

京东小魔方抽奖：3京豆
京东小魔方抽奖：undefined京豆

==============📣系统通知📣==============
摇京豆
京东账号4 jd_157332ewky
摇京豆：获得2京豆
京东会员签到：获得1京豆


🔔摇京豆, 结束! 🕛 329.733 秒

