
🔔摇京豆, 开始!

====================共5个京东账号Cookie=========

==================脚本执行- 北京时间(UTC+8)：7/2/2021, 9:05:45 AM=====================


********开始【京东账号1】Ymh__Sirius*****

开始做浏览页面任务
摇京豆——摇奖次数1
京东会员——摇奖次数1
开始 【京东会员】 摇奖
京东会员-剩余摇奖次数：0
未中奖

开始 【摇京豆】 摇奖
剩余摇奖次数：0
获得优惠券：仅可购买营养保健部分商品

京东会员第6天已签到

【新版本 超级摇一摇】获取信息失败：没有查询到活动信息



京东APP首页超级摇一摇：目前暂无活动




【5.19奥克斯 brandActivityId】：b55f6f40-3cb4-4b37-9062-8616d34ce9ab
超级超级品牌日 getHomeData 失败： 活动不在进行中哦
去看看其他活动吧~
【5.19奥克斯 超级品牌日】：活动不在进行中
小魔方 getInteractionInfo 异常： {"result":{"code":6,"hasFinalLottery":0,"loginStatus":1,"pin":"15631692383_p","rType":0,"taskPoolInfo":{"taskList":[]},"toast":"配置异常"}}
小魔方 getInteractionInfo 异常： {"result":{"code":6,"hasFinalLottery":0,"loginStatus":1,"pin":"15631692383_p","rType":0,"taskPoolInfo":{"taskList":[]},"toast":"配置异常"}}

********开始【京东账号2】Ycp_Dream*****

开始做浏览页面任务
开始做关注店铺任务
摇京豆——摇奖次数12
京东会员——摇奖次数10
开始 【京东会员】 摇奖
京东会员-剩余摇奖次数：9
未中奖

开始 【京东会员】 摇奖
京东会员-剩余摇奖次数：8
恭喜你，京东会员中奖了，获得1京豆

开始 【京东会员】 摇奖
京东会员-剩余摇奖次数：7
未中奖

开始 【京东会员】 摇奖
京东会员-剩余摇奖次数：6
未中奖

开始 【京东会员】 摇奖
京东会员-剩余摇奖次数：5
未中奖

开始 【京东会员】 摇奖
京东会员-剩余摇奖次数：4
未中奖

开始 【京东会员】 摇奖
京东会员-剩余摇奖次数：3
未中奖

开始 【京东会员】 摇奖
京东会员-剩余摇奖次数：2
未中奖

开始 【京东会员】 摇奖
京东会员-剩余摇奖次数：1
未中奖

开始 【京东会员】 摇奖
京东会员-剩余摇奖次数：0
恭喜你，京东会员中奖了，获得1京豆

开始 【摇京豆】 摇奖
剩余摇奖次数：11
获得优惠券：仅可购买部分营养辅食商品

开始 【摇京豆】 摇奖
剩余摇奖次数：10
获得优惠券：仅可购买牛奶乳品部分商品

开始 【摇京豆】 摇奖
剩余摇奖次数：9
获得优惠券：仅可购买图书部分商品

开始 【摇京豆】 摇奖
剩余摇奖次数：8
获得优惠券：限购[良品铺子官方旗舰店]店铺部分商品

开始 【摇京豆】 摇奖
剩余摇奖次数：7
获得优惠券：仅可购买冲调速食部分商品

开始 【摇京豆】 摇奖
剩余摇奖次数：6
获得优惠券：仅可购买图书部分商品

开始 【摇京豆】 摇奖
剩余摇奖次数：5
摇奖其他未知结果：{"data":{"luckyBox":{"costBeanCount":2,"feeTimes":2,"freeTimes":5,"totalBeanCount":10871}},"success":true}

开始 【摇京豆】 摇奖
剩余摇奖次数：4
获得优惠券：仅可购买冲调速食部分商品

开始 【摇京豆】 摇奖
剩余摇奖次数：3
摇奖其他未知结果：{"data":{"luckyBox":{"costBeanCount":2,"feeTimes":2,"freeTimes":3,"totalBeanCount":10871}},"success":true}

开始 【摇京豆】 摇奖
剩余摇奖次数：2
获得优惠券：仅可购买服饰内衣部分商品

开始 【摇京豆】 摇奖
剩余摇奖次数：1
获得优惠券：仅可购买自营糖果巧克力部分商品

开始 【摇京豆】 摇奖
剩余摇奖次数：0
摇奖其他未知结果：{"data":{"luckyBox":{"costBeanCount":2,"feeTimes":2,"freeTimes":0,"totalBeanCount":10871}},"success":true}

京东会员第7天签到结果；{"data":{"pin":"jd_74a8d71c978d9","rewardVos":[{"couponVo":null,"drawInfoVo":null,"hongBaoVo":null,"jingBeanVo":{"beanNum":1},"pitType":0,"rewardSource":0,"signItemId":"617646480239394816","signTime":"2021-07-02 09:06:36","signType":0},{"couponVo":null,"drawInfoVo":null,"hongBaoVo":null,"jingBeanVo":null,"pitType":3,"rewardSource":1,"signItemId":"617646480239394816","signTime":"2021-07-02 09:06:36","signType":0}],"signActId":"1","signActInstanceId":"615579573229936640"},"dataAbInfoList":null,"expInfo":null,"expLabel":null,"message":null,"officialDocument":null,"pftid":null,"resultCode":null,"resultTips":null,"success":true}
京东会员第7天签到成功。获得1京豆


【新版本 超级摇一摇】获取信息失败：没有查询到活动信息



京东APP首页超级摇一摇：目前暂无活动




【5.19奥克斯 brandActivityId】：b55f6f40-3cb4-4b37-9062-8616d34ce9ab
超级超级品牌日 getHomeData 失败： 活动不在进行中哦
去看看其他活动吧~
【5.19奥克斯 超级品牌日】：活动不在进行中
小魔方 getInteractionInfo 异常： {"result":{"code":6,"hasFinalLottery":0,"loginStatus":1,"pin":"jd_74a8d71c978d9","rType":0,"taskPoolInfo":{"taskList":[]},"toast":"配置异常"}}
小魔方 getInteractionInfo 异常： {"result":{"code":6,"hasFinalLottery":0,"loginStatus":1,"pin":"jd_74a8d71c978d9","rType":0,"taskPoolInfo":{"taskList":[]},"toast":"配置异常"}}

==============📣系统通知📣==============
摇京豆
京东账号2 Ycp_Dream
摇京豆：获得2京豆
京东会员签到：获得1京豆


********开始【京东账号3】jd_585601a83bd48*****

开始做浏览页面任务
开始做关注店铺任务
摇京豆——摇奖次数12
京东会员——摇奖次数10
开始 【京东会员】 摇奖
京东会员-剩余摇奖次数：9
恭喜你，京东会员中奖了，获得1京豆

开始 【京东会员】 摇奖
京东会员-剩余摇奖次数：8
未中奖

开始 【京东会员】 摇奖
京东会员-剩余摇奖次数：7
未中奖

开始 【京东会员】 摇奖
京东会员-剩余摇奖次数：6
未中奖

开始 【京东会员】 摇奖
京东会员-剩余摇奖次数：5
未中奖

开始 【京东会员】 摇奖
京东会员-剩余摇奖次数：4
未中奖

开始 【京东会员】 摇奖
京东会员-剩余摇奖次数：3
未中奖

开始 【京东会员】 摇奖
京东会员-剩余摇奖次数：2
未中奖

开始 【京东会员】 摇奖
京东会员-剩余摇奖次数：1
未中奖

开始 【京东会员】 摇奖
京东会员-剩余摇奖次数：0
未中奖

开始 【摇京豆】 摇奖
剩余摇奖次数：11
获得优惠券：限购[良品铺子官方旗舰店]店铺部分商品

开始 【摇京豆】 摇奖
剩余摇奖次数：10
获得优惠券：仅可购买自营冰箱洗衣机部分商品

开始 【摇京豆】 摇奖
剩余摇奖次数：9
获得优惠券：仅可购买玩具乐器部分商品

开始 【摇京豆】 摇奖
剩余摇奖次数：8
摇奖其他未知结果：{"data":{"luckyBox":{"costBeanCount":2,"feeTimes":2,"freeTimes":8,"totalBeanCount":468}},"success":true}

开始 【摇京豆】 摇奖
剩余摇奖次数：7
获得优惠券：仅可购买玩具乐器部分商品

开始 【摇京豆】 摇奖
剩余摇奖次数：6
获得优惠券：仅可购买玩具乐器部分商品

开始 【摇京豆】 摇奖
剩余摇奖次数：5
获得优惠券：仅可购买冲调速食部分商品

开始 【摇京豆】 摇奖
剩余摇奖次数：4
获得优惠券：仅可购买服饰内衣部分商品

开始 【摇京豆】 摇奖
剩余摇奖次数：3
获得优惠券：仅可购买孕产自营部分商品

开始 【摇京豆】 摇奖
剩余摇奖次数：2
获得优惠券：仅可购买部分空调商品

开始 【摇京豆】 摇奖
剩余摇奖次数：1
摇奖其他未知结果：{"data":{"luckyBox":{"costBeanCount":2,"feeTimes":2,"freeTimes":1,"totalBeanCount":468}},"success":true}

开始 【摇京豆】 摇奖
剩余摇奖次数：0
摇奖其他未知结果：{"data":{"luckyBox":{"costBeanCount":2,"feeTimes":2,"freeTimes":0,"totalBeanCount":468}},"success":true}

京东会员第7天签到结果；{"data":{"pin":"chao4596758","rewardVos":[{"couponVo":null,"drawInfoVo":null,"hongBaoVo":null,"jingBeanVo":{"beanNum":1},"pitType":0,"rewardSource":0,"signItemId":"617646666845523968","signTime":"2021-07-02 09:07:20","signType":0},{"couponVo":null,"drawInfoVo":null,"hongBaoVo":null,"jingBeanVo":null,"pitType":3,"rewardSource":1,"signItemId":"617646666845523968","signTime":"2021-07-02 09:07:20","signType":0}],"signActId":"1","signActInstanceId":"615580005763948544"},"dataAbInfoList":null,"expInfo":null,"expLabel":null,"message":null,"officialDocument":null,"pftid":null,"resultCode":null,"resultTips":null,"success":true}
京东会员第7天签到成功。获得1京豆


【新版本 超级摇一摇】获取信息失败：没有查询到活动信息



京东APP首页超级摇一摇：目前暂无活动




【5.19奥克斯 brandActivityId】：b55f6f40-3cb4-4b37-9062-8616d34ce9ab
超级超级品牌日 getHomeData 失败： 活动不在进行中哦
去看看其他活动吧~
【5.19奥克斯 超级品牌日】：活动不在进行中
小魔方 getInteractionInfo 异常： {"result":{"code":6,"hasFinalLottery":0,"loginStatus":1,"pin":"chao4596758","rType":0,"taskPoolInfo":{"taskList":[]},"toast":"配置异常"}}
小魔方 getInteractionInfo 异常： {"result":{"code":6,"hasFinalLottery":0,"loginStatus":1,"pin":"chao4596758","rType":0,"taskPoolInfo":{"taskList":[]},"toast":"配置异常"}}

==============📣系统通知📣==============
摇京豆
京东账号3 jd_585601a83bd48
摇京豆：获得1京豆
京东会员签到：获得1京豆


********开始【京东账号4】jd_157332ewky*****

开始做浏览页面任务
开始做关注店铺任务
摇京豆——摇奖次数12
京东会员——摇奖次数10
开始 【京东会员】 摇奖
京东会员-剩余摇奖次数：9
未中奖

开始 【京东会员】 摇奖
京东会员-剩余摇奖次数：8
未中奖

开始 【京东会员】 摇奖
京东会员-剩余摇奖次数：7
未中奖

开始 【京东会员】 摇奖
京东会员-剩余摇奖次数：6
未中奖

开始 【京东会员】 摇奖
京东会员-剩余摇奖次数：5
恭喜你，京东会员中奖了，获得1京豆

开始 【京东会员】 摇奖
京东会员-剩余摇奖次数：4
未中奖

开始 【京东会员】 摇奖
京东会员-剩余摇奖次数：3
恭喜你，京东会员中奖了，获得1京豆

开始 【京东会员】 摇奖
京东会员-剩余摇奖次数：2
未中奖

开始 【京东会员】 摇奖
京东会员-剩余摇奖次数：1
未中奖

开始 【京东会员】 摇奖
京东会员-剩余摇奖次数：0
未中奖

开始 【摇京豆】 摇奖
剩余摇奖次数：11
获得优惠券：仅可购买部分三只松鼠商品

开始 【摇京豆】 摇奖
剩余摇奖次数：10
获得优惠券：仅可购买牛奶乳品部分商品

开始 【摇京豆】 摇奖
剩余摇奖次数：9
摇奖其他未知结果：{"data":{"luckyBox":{"costBeanCount":2,"feeTimes":2,"freeTimes":9,"totalBeanCount":7498}},"success":true}

开始 【摇京豆】 摇奖
剩余摇奖次数：8
获得优惠券：仅可购买图书部分商品

开始 【摇京豆】 摇奖
剩余摇奖次数：7
摇奖其他未知结果：{"data":{"luckyBox":{"costBeanCount":2,"feeTimes":2,"freeTimes":7,"totalBeanCount":7498}},"success":true}

开始 【摇京豆】 摇奖
剩余摇奖次数：6
获得优惠券：限购[良品铺子官方旗舰店]店铺部分商品

开始 【摇京豆】 摇奖
剩余摇奖次数：5
获得优惠券：仅可购买服饰内衣部分商品

开始 【摇京豆】 摇奖
剩余摇奖次数：4
获得优惠券：仅可购买图书部分商品

开始 【摇京豆】 摇奖
剩余摇奖次数：3
摇奖其他未知结果：{"data":{"luckyBox":{"costBeanCount":2,"feeTimes":2,"freeTimes":3,"totalBeanCount":7498}},"success":true}

开始 【摇京豆】 摇奖
剩余摇奖次数：2
获得优惠券：仅可购买建材指定商品

开始 【摇京豆】 摇奖
剩余摇奖次数：1
获得优惠券：仅可购买茗茶部分商品

开始 【摇京豆】 摇奖
京东会员第1天签到结果；{"data":{"pin":"jd_46df9eaa780aa","rewardVos":[{"couponVo":null,"drawInfoVo":null,"hongBaoVo":null,"jingBeanVo":{"beanNum":1},"pitType":0,"rewardSource":0,"signItemId":"617646976347856896","signTime":"2021-07-02 09:08:34","signType":0},{"couponVo":null,"drawInfoVo":null,"hongBaoVo":null,"jingBeanVo":null,"pitType":3,"rewardSource":1,"signItemId":"617646976347856896","signTime":"2021-07-02 09:08:34","signType":0}],"signActId":"1","signActInstanceId":"617646954471792640"},"dataAbInfoList":null,"expInfo":null,"expLabel":null,"message":null,"officialDocument":null,"pftid":null,"resultCode":null,"resultTips":null,"success":true}
京东会员第1天签到成功。获得1京豆


【新版本 超级摇一摇】获取信息失败：没有查询到活动信息



京东APP首页超级摇一摇：目前暂无活动




【5.19奥克斯 brandActivityId】：b55f6f40-3cb4-4b37-9062-8616d34ce9ab
超级超级品牌日 getHomeData 失败： 活动不在进行中哦
去看看其他活动吧~
【5.19奥克斯 超级品牌日】：活动不在进行中
小魔方 getInteractionInfo 异常： {"result":{"code":6,"hasFinalLottery":0,"loginStatus":1,"pin":"jd_46df9eaa780aa","rType":0,"taskPoolInfo":{"taskList":[]},"toast":"配置异常"}}
小魔方 getInteractionInfo 异常： {"result":{"code":6,"hasFinalLottery":0,"loginStatus":1,"pin":"jd_46df9eaa780aa","rType":0,"taskPoolInfo":{"taskList":[]},"toast":"配置异常"}}

==============📣系统通知📣==============
摇京豆
京东账号4 jd_157332ewky
摇京豆：获得2京豆
京东会员签到：获得1京豆


********开始【京东账号5】jd_157332zdf*****

开始做浏览页面任务
开始做关注店铺任务
摇京豆——摇奖次数5
京东会员——摇奖次数10
开始 【京东会员】 摇奖
京东会员-剩余摇奖次数：9
恭喜你，京东会员中奖了，获得1京豆

开始 【京东会员】 摇奖
京东会员-剩余摇奖次数：8
未中奖

开始 【京东会员】 摇奖
京东会员-剩余摇奖次数：7
未中奖

开始 【京东会员】 摇奖
京东会员-剩余摇奖次数：6
未中奖

开始 【京东会员】 摇奖
京东会员-剩余摇奖次数：5
恭喜你，京东会员中奖了，获得1京豆

开始 【京东会员】 摇奖
京东会员-剩余摇奖次数：4
恭喜你，京东会员中奖了，获得1京豆

开始 【京东会员】 摇奖
京东会员-剩余摇奖次数：3
未中奖

开始 【京东会员】 摇奖
京东会员-剩余摇奖次数：2
未中奖

开始 【京东会员】 摇奖
京东会员-剩余摇奖次数：1
未中奖

开始 【京东会员】 摇奖
京东会员-剩余摇奖次数：0
未中奖

开始 【摇京豆】 摇奖
剩余摇奖次数：4
获得优惠券：仅可购买内衣品类部分商品

开始 【摇京豆】 摇奖
剩余摇奖次数：3
获得优惠券：仅可购买洗发护发部分商品

开始 【摇京豆】 摇奖
剩余摇奖次数：2
获得优惠券：仅可购买图书部分商品

开始 【摇京豆】 摇奖
剩余摇奖次数：1
获得优惠券：仅可购买部分空调商品

开始 【摇京豆】 摇奖
剩余摇奖次数：0
摇奖其他未知结果：{"data":{"luckyBox":{"costBeanCount":2,"feeTimes":2,"freeTimes":0,"totalBeanCount":462}},"success":true}

京东会员第1天签到结果；{"data":{"pin":"jd_67f63c904d8c6","rewardVos":[{"couponVo":null,"drawInfoVo":null,"hongBaoVo":null,"jingBeanVo":{"beanNum":1},"pitType":0,"rewardSource":0,"signItemId":"617647186242494464","signTime":"2021-07-02 09:09:24","signType":0},{"couponVo":null,"drawInfoVo":null,"hongBaoVo":null,"jingBeanVo":null,"pitType":3,"rewardSource":1,"signItemId":"617647186242494464","signTime":"2021-07-02 09:09:24","signType":0}],"signActId":"1","signActInstanceId":"617647185299488768"},"dataAbInfoList":null,"expInfo":null,"expLabel":null,"message":null,"officialDocument":null,"pftid":null,"resultCode":null,"resultTips":null,"success":true}
京东会员第1天签到成功。获得1京豆


【新版本 超级摇一摇】获取信息失败：没有查询到活动信息



京东APP首页超级摇一摇：目前暂无活动




【5.19奥克斯 brandActivityId】：b55f6f40-3cb4-4b37-9062-8616d34ce9ab
超级超级品牌日 getHomeData 失败： 活动不在进行中哦
去看看其他活动吧~
【5.19奥克斯 超级品牌日】：活动不在进行中
小魔方 getInteractionInfo 异常： {"result":{"code":6,"hasFinalLottery":0,"loginStatus":1,"pin":"jd_67f63c904d8c6","rType":0,"taskPoolInfo":{"taskList":[]},"toast":"配置异常"}}
小魔方 getInteractionInfo 异常： {"result":{"code":6,"hasFinalLottery":0,"loginStatus":1,"pin":"jd_67f63c904d8c6","rType":0,"taskPoolInfo":{"taskList":[]},"toast":"配置异常"}}

==============📣系统通知📣==============
摇京豆
京东账号5 jd_157332zdf
摇京豆：获得3京豆
京东会员签到：获得1京豆


🔔摇京豆, 结束! 🕛 219.988 秒

