
🔔摇京豆, 开始!

====================共4个京东账号Cookie=========

==================脚本执行- 北京时间(UTC+8)：6/30/2021, 2:45:52 PM=====================


********开始【京东账号1】Ymh__Sirius*****

摇京豆——摇奖次数0
京东会员——摇奖次数0
京东会员第4天已签到

【新版本 超级摇一摇】获取信息失败：没有查询到活动信息



京东APP首页超级摇一摇：目前暂无活动




【5.15钟薛高 brandActivityId】：c465fe5d-af66-4687-b350-45792b886e0e
超级超级品牌日 getHomeData 失败： 活动不在进行中哦
去看看其他活动吧~
【5.15钟薛高 超级品牌日】：活动不在进行中
小魔方 getInteractionInfo 异常： {"result":{"code":6,"hasFinalLottery":0,"loginStatus":1,"pin":"15631692383_p","rType":0,"taskPoolInfo":{"taskList":[]},"toast":"配置异常"}}
小魔方 getInteractionInfo 异常： {"result":{"code":6,"hasFinalLottery":0,"loginStatus":1,"pin":"15631692383_p","rType":0,"taskPoolInfo":{"taskList":[]},"toast":"配置异常"}}

********开始【京东账号2】Ycp_Dream*****

开始做浏览页面任务
开始做关注店铺任务
摇京豆——摇奖次数11
京东会员——摇奖次数9
开始 【京东会员】 摇奖
京东会员-剩余摇奖次数：8
恭喜你，京东会员中奖了，获得1京豆

开始 【京东会员】 摇奖
京东会员-剩余摇奖次数：7
未中奖

开始 【京东会员】 摇奖
京东会员-剩余摇奖次数：6
未中奖

开始 【京东会员】 摇奖
京东会员-剩余摇奖次数：5
未中奖

开始 【京东会员】 摇奖
京东会员-剩余摇奖次数：4
未中奖

开始 【京东会员】 摇奖
京东会员-剩余摇奖次数：3
未中奖

开始 【京东会员】 摇奖
京东会员-剩余摇奖次数：2
未中奖

开始 【京东会员】 摇奖
京东会员-剩余摇奖次数：1
未中奖

开始 【京东会员】 摇奖
京东会员-剩余摇奖次数：0
恭喜你，京东会员中奖了，获得1京豆

开始 【摇京豆】 摇奖
剩余摇奖次数：10
获得优惠券：仅可购买部分商品

开始 【摇京豆】 摇奖
剩余摇奖次数：9
摇奖其他未知结果：{"data":{"luckyBox":{"costBeanCount":2,"feeTimes":2,"freeTimes":9,"totalBeanCount":10786}},"success":true}

开始 【摇京豆】 摇奖
剩余摇奖次数：8
获得优惠券：限购[摩斯维旗舰店]店铺部分商品

开始 【摇京豆】 摇奖
剩余摇奖次数：7
获得优惠券：限购[三只松鼠旗舰店]店铺部分商品

开始 【摇京豆】 摇奖
剩余摇奖次数：6
获得优惠券：仅可购买京东京造部分商品

开始 【摇京豆】 摇奖
剩余摇奖次数：5
获得优惠券：仅可购买童装童鞋部分商品

开始 【摇京豆】 摇奖
剩余摇奖次数：4
获得优惠券：仅可购买内衣品类部分商品

开始 【摇京豆】 摇奖
剩余摇奖次数：3
获得优惠券：仅可购买内衣品类部分商品

开始 【摇京豆】 摇奖
剩余摇奖次数：2
获得优惠券：仅可购买个人护理部分商品

开始 【摇京豆】 摇奖
剩余摇奖次数：1
摇奖其他未知结果：{"data":{"luckyBox":{"costBeanCount":2,"feeTimes":2,"freeTimes":1,"totalBeanCount":10786}},"success":true}

开始 【摇京豆】 摇奖
剩余摇奖次数：0
获得优惠券：仅可购买HFP品牌部分自营商品

京东会员第5天签到结果；{"data":{"pin":"jd_74a8d71c978d9","rewardVos":[{"couponVo":null,"drawInfoVo":null,"hongBaoVo":null,"jingBeanVo":{"beanNum":1},"pitType":0,"rewardSource":0,"signItemId":"617007568101089280","signTime":"2021-06-30 14:47:47","signType":0},{"couponVo":null,"drawInfoVo":null,"hongBaoVo":null,"jingBeanVo":null,"pitType":3,"rewardSource":1,"signItemId":"617007568101089280","signTime":"2021-06-30 14:47:47","signType":0}],"signActId":"1","signActInstanceId":"615579573229936640"},"dataAbInfoList":null,"expInfo":null,"expLabel":null,"message":null,"officialDocument":null,"pftid":null,"resultCode":null,"resultTips":null,"success":true}
京东会员第5天签到成功。获得1京豆


【新版本 超级摇一摇】获取信息失败：没有查询到活动信息



京东APP首页超级摇一摇：目前暂无活动




【5.15钟薛高 brandActivityId】：c465fe5d-af66-4687-b350-45792b886e0e
超级超级品牌日 getHomeData 失败： 活动不在进行中哦
去看看其他活动吧~
【5.15钟薛高 超级品牌日】：活动不在进行中
小魔方 getInteractionInfo 异常： {"result":{"code":6,"hasFinalLottery":0,"loginStatus":1,"pin":"jd_74a8d71c978d9","rType":0,"taskPoolInfo":{"taskList":[]},"toast":"配置异常"}}
小魔方 getInteractionInfo 异常： {"result":{"code":6,"hasFinalLottery":0,"loginStatus":1,"pin":"jd_74a8d71c978d9","rType":0,"taskPoolInfo":{"taskList":[]},"toast":"配置异常"}}

==============📣系统通知📣==============
摇京豆
京东账号2 Ycp_Dream
摇京豆：获得2京豆
京东会员签到：获得1京豆


********开始【京东账号3】jd_585601a83bd48*****

开始做浏览页面任务
开始做关注店铺任务
摇京豆——摇奖次数11
京东会员——摇奖次数9
开始 【京东会员】 摇奖
京东会员-剩余摇奖次数：8
恭喜你，京东会员中奖了，获得1京豆

开始 【京东会员】 摇奖
京东会员-剩余摇奖次数：7
未中奖

开始 【京东会员】 摇奖
京东会员-剩余摇奖次数：6
未中奖

开始 【京东会员】 摇奖
京东会员-剩余摇奖次数：5
恭喜你，京东会员中奖了，获得1京豆

开始 【京东会员】 摇奖
京东会员-剩余摇奖次数：4
未中奖

开始 【京东会员】 摇奖
京东会员-剩余摇奖次数：3
恭喜你，京东会员中奖了，获得1京豆

开始 【京东会员】 摇奖
京东会员-剩余摇奖次数：2
恭喜你，京东会员中奖了，获得1京豆

开始 【京东会员】 摇奖
京东会员-剩余摇奖次数：1
未中奖

开始 【京东会员】 摇奖
京东会员-剩余摇奖次数：0
未中奖

开始 【摇京豆】 摇奖
剩余摇奖次数：10
获得优惠券：限购[爱思贝Earth’s Best海外旗舰店]店铺商品

开始 【摇京豆】 摇奖
剩余摇奖次数：9
获得优惠券：限购[致禾清洁用品专营店]店铺部分商品

开始 【摇京豆】 摇奖
剩余摇奖次数：8
摇奖其他未知结果：{"data":{"luckyBox":{"costBeanCount":2,"feeTimes":2,"freeTimes":8,"totalBeanCount":415}},"success":true}

开始 【摇京豆】 摇奖
剩余摇奖次数：7
获得优惠券：限购[致禾诚品纸品专营店]店铺部分商品

开始 【摇京豆】 摇奖
剩余摇奖次数：6
获得优惠券：限购[致禾诚品纸品专营店]店铺部分商品

开始 【摇京豆】 摇奖
剩余摇奖次数：5
获得优惠券：限购[致禾诚品纸品专营店]店铺部分商品

开始 【摇京豆】 摇奖
剩余摇奖次数：4
获得优惠券：仅可购买京东京造部分商品

开始 【摇京豆】 摇奖
剩余摇奖次数：3
获得优惠券：限购[方广官方旗舰店]店铺部分商品

开始 【摇京豆】 摇奖
剩余摇奖次数：2
获得优惠券：仅可购买京东京造部分商品

开始 【摇京豆】 摇奖
剩余摇奖次数：1
获得优惠券：限购[秋田满满官方旗舰店]店铺商品

开始 【摇京豆】 摇奖
剩余摇奖次数：0
获得优惠券：仅可购买童装童鞋部分商品

京东会员第5天签到结果；{"data":{"pin":"chao4596758","rewardVos":[{"couponVo":null,"drawInfoVo":null,"hongBaoVo":null,"jingBeanVo":{"beanNum":1},"pitType":0,"rewardSource":0,"signItemId":"617007865497739264","signTime":"2021-06-30 14:48:58","signType":0},{"couponVo":null,"drawInfoVo":null,"hongBaoVo":null,"jingBeanVo":null,"pitType":3,"rewardSource":1,"signItemId":"617007865497739264","signTime":"2021-06-30 14:48:58","signType":0}],"signActId":"1","signActInstanceId":"615580005763948544"},"dataAbInfoList":null,"expInfo":null,"expLabel":null,"message":null,"officialDocument":null,"pftid":null,"resultCode":null,"resultTips":null,"success":true}
京东会员第5天签到成功。获得1京豆


【新版本 超级摇一摇】获取信息失败：没有查询到活动信息



京东APP首页超级摇一摇：目前暂无活动




【5.15钟薛高 brandActivityId】：c465fe5d-af66-4687-b350-45792b886e0e
超级超级品牌日 getHomeData 失败： 活动不在进行中哦
去看看其他活动吧~
【5.15钟薛高 超级品牌日】：活动不在进行中
小魔方 getInteractionInfo 异常： {"result":{"code":6,"hasFinalLottery":0,"loginStatus":1,"pin":"chao4596758","rType":0,"taskPoolInfo":{"taskList":[]},"toast":"配置异常"}}
小魔方 getInteractionInfo 异常： {"result":{"code":6,"hasFinalLottery":0,"loginStatus":1,"pin":"chao4596758","rType":0,"taskPoolInfo":{"taskList":[]},"toast":"配置异常"}}

==============📣系统通知📣==============
摇京豆
京东账号3 jd_585601a83bd48
摇京豆：获得4京豆
京东会员签到：获得1京豆


********开始【京东账号4】jd_157332ewky*****

开始做浏览页面任务
开始做关注店铺任务
摇京豆——摇奖次数11
京东会员——摇奖次数9
开始 【京东会员】 摇奖
京东会员-剩余摇奖次数：8
恭喜你，京东会员中奖了，获得1京豆

开始 【京东会员】 摇奖
京东会员-剩余摇奖次数：7
未中奖

开始 【京东会员】 摇奖
京东会员-剩余摇奖次数：6
未中奖

开始 【京东会员】 摇奖
京东会员-剩余摇奖次数：5
恭喜你，京东会员中奖了，获得1京豆

开始 【京东会员】 摇奖
京东会员-剩余摇奖次数：4
恭喜你，京东会员中奖了，获得1京豆

开始 【京东会员】 摇奖
京东会员-剩余摇奖次数：3
未中奖

开始 【京东会员】 摇奖
京东会员-剩余摇奖次数：2
未中奖

开始 【京东会员】 摇奖
京东会员-剩余摇奖次数：1
未中奖

开始 【京东会员】 摇奖
京东会员-剩余摇奖次数：0
未中奖

开始 【摇京豆】 摇奖
剩余摇奖次数：10
获得优惠券：限购[国教图书专营店]店铺部分商品

开始 【摇京豆】 摇奖
剩余摇奖次数：9
摇奖其他未知结果：{"data":{"luckyBox":{"costBeanCount":2,"feeTimes":2,"freeTimes":9,"totalBeanCount":7253}},"success":true}

开始 【摇京豆】 摇奖
剩余摇奖次数：8
获得优惠券：限购[宅一起旗舰店]店铺商品

开始 【摇京豆】 摇奖
剩余摇奖次数：7
获得优惠券：限购[宅一起旗舰店]店铺部分商品

开始 【摇京豆】 摇奖
剩余摇奖次数：6
摇奖其他未知结果：{"data":{"luckyBox":{"costBeanCount":2,"feeTimes":2,"freeTimes":6,"totalBeanCount":7253}},"success":true}

开始 【摇京豆】 摇奖
剩余摇奖次数：5
获得优惠券：限购[宅一起旗舰店]店铺商品

开始 【摇京豆】 摇奖
剩余摇奖次数：4
获得优惠券：仅可购买京东京造部分商品

开始 【摇京豆】 摇奖
剩余摇奖次数：3
获得优惠券：限购[宅一起旗舰店]店铺商品

开始 【摇京豆】 摇奖
剩余摇奖次数：2
获得优惠券：仅可购买京东京造部分商品

开始 【摇京豆】 摇奖
剩余摇奖次数：1
获得优惠券：仅可购买童装童鞋部分商品

开始 【摇京豆】 摇奖
剩余摇奖次数：0
获得优惠券：仅可购买内衣品类部分商品

京东会员第7天签到结果；{"data":{"pin":"jd_46df9eaa780aa","rewardVos":[{"couponVo":null,"drawInfoVo":null,"hongBaoVo":null,"jingBeanVo":{"beanNum":1},"pitType":0,"rewardSource":0,"signItemId":"617008183253065728","signTime":"2021-06-30 14:50:14","signType":0},{"couponVo":null,"drawInfoVo":null,"hongBaoVo":null,"jingBeanVo":null,"pitType":3,"rewardSource":1,"signItemId":"617008183253065728","signTime":"2021-06-30 14:50:14","signType":0}],"signActId":"1","signActInstanceId":"614813668759769088"},"dataAbInfoList":null,"expInfo":null,"expLabel":null,"message":null,"officialDocument":null,"pftid":null,"resultCode":null,"resultTips":null,"success":true}
京东会员第7天签到成功。获得1京豆


【新版本 超级摇一摇】获取信息失败：没有查询到活动信息



京东APP首页超级摇一摇：目前暂无活动




【5.15钟薛高 brandActivityId】：c465fe5d-af66-4687-b350-45792b886e0e
超级超级品牌日 getHomeData 失败： 活动不在进行中哦
去看看其他活动吧~
【5.15钟薛高 超级品牌日】：活动不在进行中
小魔方 getInteractionInfo 异常： {"result":{"code":6,"hasFinalLottery":0,"loginStatus":1,"pin":"jd_46df9eaa780aa","rType":0,"taskPoolInfo":{"taskList":[]},"toast":"配置异常"}}
小魔方 getInteractionInfo 异常： {"result":{"code":6,"hasFinalLottery":0,"loginStatus":1,"pin":"jd_46df9eaa780aa","rType":0,"taskPoolInfo":{"taskList":[]},"toast":"配置异常"}}

==============📣系统通知📣==============
摇京豆
京东账号4 jd_157332ewky
摇京豆：获得3京豆
京东会员签到：获得1京豆


🔔摇京豆, 结束! 🕛 272.045 秒

