
🔔摇京豆, 开始!

====================共2个京东账号Cookie=========

==================脚本执行- 北京时间(UTC+8)：7/12/2021, 12:01:10 AM=====================


********开始【京东账号1】Ymh__Sirius*****

开始做浏览页面任务
开始做关注店铺任务
摇京豆——摇奖次数14
京东会员——摇奖次数9
开始 【京东会员】 摇奖
京东会员-剩余摇奖次数：8
恭喜你，京东会员中奖了，获得1京豆

开始 【京东会员】 摇奖
京东会员-剩余摇奖次数：7
恭喜你，京东会员中奖了，获得1京豆

开始 【京东会员】 摇奖
京东会员-剩余摇奖次数：6
未中奖

开始 【京东会员】 摇奖
京东会员-剩余摇奖次数：5
未中奖

开始 【京东会员】 摇奖
京东会员-剩余摇奖次数：4
未中奖

开始 【京东会员】 摇奖
京东会员-剩余摇奖次数：3
未中奖

开始 【京东会员】 摇奖
京东会员-剩余摇奖次数：2
未中奖

开始 【京东会员】 摇奖
京东会员-剩余摇奖次数：1
恭喜你，京东会员中奖了，获得1京豆

开始 【京东会员】 摇奖
京东会员-剩余摇奖次数：0
未中奖

开始 【摇京豆】 摇奖
剩余摇奖次数：13
摇奖其他未知结果：{"data":{"luckyBox":{"costBeanCount":2,"feeTimes":2,"freeTimes":13,"totalBeanCount":909}},"success":true}

开始 【摇京豆】 摇奖
剩余摇奖次数：12
获得优惠券：仅可购买部分良品铺子商品

开始 【摇京豆】 摇奖
剩余摇奖次数：11
获得优惠券：仅可购买指定的家用电器商品

开始 【摇京豆】 摇奖
剩余摇奖次数：10
摇奖其他未知结果：{"data":{"luckyBox":{"costBeanCount":2,"feeTimes":2,"freeTimes":10,"totalBeanCount":909}},"success":true}

开始 【摇京豆】 摇奖
剩余摇奖次数：9
获得优惠券：仅可购买厨具部分商品

开始 【摇京豆】 摇奖
剩余摇奖次数：8
摇奖其他未知结果：{"data":{"luckyBox":{"costBeanCount":2,"feeTimes":2,"freeTimes":8,"totalBeanCount":909}},"success":true}

开始 【摇京豆】 摇奖
剩余摇奖次数：7
摇奖其他未知结果：{"data":{"luckyBox":{"costBeanCount":2,"feeTimes":2,"freeTimes":7,"totalBeanCount":909}},"success":true}

开始 【摇京豆】 摇奖
剩余摇奖次数：6
摇奖其他未知结果：{"data":{"luckyBox":{"costBeanCount":2,"feeTimes":2,"freeTimes":6,"totalBeanCount":909}},"success":true}

开始 【摇京豆】 摇奖
剩余摇奖次数：5
摇奖其他未知结果：{"data":{"luckyBox":{"costBeanCount":2,"feeTimes":2,"freeTimes":5,"totalBeanCount":909}},"success":true}

开始 【摇京豆】 摇奖
剩余摇奖次数：4
摇奖其他未知结果：{"data":{"luckyBox":{"costBeanCount":2,"feeTimes":2,"freeTimes":4,"totalBeanCount":909}},"success":true}

开始 【摇京豆】 摇奖
剩余摇奖次数：3
摇奖其他未知结果：{"data":{"luckyBox":{"costBeanCount":2,"feeTimes":2,"freeTimes":3,"totalBeanCount":909}},"success":true}

开始 【摇京豆】 摇奖
剩余摇奖次数：2
摇奖其他未知结果：{"data":{"luckyBox":{"costBeanCount":2,"feeTimes":2,"freeTimes":2,"totalBeanCount":909}},"success":true}

开始 【摇京豆】 摇奖
剩余摇奖次数：1
摇奖其他未知结果：{"data":{"luckyBox":{"costBeanCount":2,"feeTimes":2,"freeTimes":1,"totalBeanCount":909}},"success":true}

开始 【摇京豆】 摇奖
剩余摇奖次数：0
摇奖其他未知结果：{"data":{"luckyBox":{"costBeanCount":2,"feeTimes":2,"freeTimes":0,"totalBeanCount":909}},"success":true}

京东会员第2天签到结果；{"data":{"pin":"15631692383_p","rewardVos":[{"couponVo":null,"drawInfoVo":null,"hongBaoVo":null,"jingBeanVo":{"beanNum":1},"pitType":0,"rewardSource":0,"signItemId":"621133309477314560","signTime":"2021-07-12 00:02:01","signType":0},{"couponVo":null,"drawInfoVo":null,"hongBaoVo":null,"jingBeanVo":null,"pitType":3,"rewardSource":1,"signItemId":"621133309477314560","signTime":"2021-07-12 00:02:01","signType":0}],"signActId":"1","signActInstanceId":"620773756347961344"},"dataAbInfoList":null,"expInfo":null,"expLabel":null,"message":null,"officialDocument":null,"pftid":null,"resultCode":null,"resultTips":null,"success":true,"traceId":"0b343a14.1626019269051.000474.060020"}
京东会员第2天签到成功。获得1京豆


【新版本 超级摇一摇】获取信息失败：没有查询到活动信息



京东APP首页超级摇一摇：目前暂无活动




【7.5海信 brandActivityId】：f8fa1fc2-4a29-40fd-87be-2409268a38ae
超级超级品牌日 getHomeData 失败： 活动不在进行中哦
去看看其他活动吧~
【7.5海信 超级品牌日】：活动不在进行中


京东小魔方：本期活动由左点赞助
开始做：【浏览左点新品】任务
浏览成功！，当前抽奖次数：1

浏览成功！，当前抽奖次数：1

浏览成功！恭喜获得一次抽奖机会，当前抽奖次数：2

开始做：【关注新品首发频道并浏览】任务，需等待8秒
浏览成功!恭喜获得一次抽奖机会，当前抽奖次数：3

小魔方 executeNewInteractionTask 异常： {"result":{"code":13,"hasDown":1,"lotteryNum":3,"toast":"任务已完成"}}
开始做：【浏览左点店铺8秒】任务，需等待8秒
浏览成功！恭喜你获得一次抽奖机会，当前抽奖次数：4

京东小魔方当前抽奖次数：4

京东小魔方抽奖：大奖一闪而过
京东小魔方抽奖：大奖一闪而过
京东小魔方抽奖：3京豆
京东小魔方抽奖：2京豆

==============📣系统通知📣==============
摇京豆
京东账号1 Ymh__Sirius
摇京豆：获得3京豆
京东会员签到：获得1京豆

京东小魔方：获得5京豆


********开始【京东账号2】Ycp_Dream*****

开始做浏览页面任务
开始做关注店铺任务
摇京豆——摇奖次数11
京东会员——摇奖次数8
开始 【京东会员】 摇奖
京东会员-剩余摇奖次数：7
未中奖

开始 【京东会员】 摇奖
京东会员-剩余摇奖次数：6
未中奖

开始 【京东会员】 摇奖
京东会员-剩余摇奖次数：5
未中奖

开始 【京东会员】 摇奖
京东会员-剩余摇奖次数：4
恭喜你，京东会员中奖了，获得1京豆

开始 【京东会员】 摇奖
京东会员-剩余摇奖次数：3
未中奖

开始 【京东会员】 摇奖
京东会员-剩余摇奖次数：2
未中奖

开始 【京东会员】 摇奖
京东会员-剩余摇奖次数：1
未中奖

开始 【京东会员】 摇奖
京东会员-剩余摇奖次数：0
恭喜你，京东会员中奖了，获得1京豆

开始 【摇京豆】 摇奖
剩余摇奖次数：10
摇奖其他未知结果：{"data":{"luckyBox":{"costBeanCount":2,"feeTimes":2,"freeTimes":10,"totalBeanCount":11064}},"success":true}

开始 【摇京豆】 摇奖
剩余摇奖次数：9
获得优惠券：限购[乔丹官方旗舰店]店铺部分商品

开始 【摇京豆】 摇奖
剩余摇奖次数：8
摇奖其他未知结果：{"data":{"luckyBox":{"costBeanCount":2,"feeTimes":2,"freeTimes":8,"totalBeanCount":11064}},"success":true}

开始 【摇京豆】 摇奖
剩余摇奖次数：7
获得优惠券：限购[特步潮尚运动专卖店]店铺部分商品

开始 【摇京豆】 摇奖
剩余摇奖次数：6
摇奖其他未知结果：{"data":{"luckyBox":{"costBeanCount":2,"feeTimes":2,"freeTimes":6,"totalBeanCount":11064}},"success":true}

开始 【摇京豆】 摇奖
剩余摇奖次数：5
获得优惠券：仅可购买京东国际部分商品

开始 【摇京豆】 摇奖
剩余摇奖次数：4
获得优惠券：限购[百植萃化妆品旗舰店]店铺商品

开始 【摇京豆】 摇奖
剩余摇奖次数：3
获得优惠券：限购[可贝尔京东自营旗舰店]店铺商品

开始 【摇京豆】 摇奖
剩余摇奖次数：2
获得优惠券：限购[奥洛菲oleva官方旗舰店]店铺部分商品

开始 【摇京豆】 摇奖
剩余摇奖次数：1
获得优惠券：仅可购买指定Mac商品

开始 【摇京豆】 摇奖
剩余摇奖次数：0
获得优惠券：仅可购买京东国际部分商品

京东会员第4天签到结果；{"data":{"pin":"jd_74a8d71c978d9","rewardVos":[{"couponVo":null,"drawInfoVo":null,"hongBaoVo":null,"jingBeanVo":{"beanNum":1},"pitType":0,"rewardSource":0,"signItemId":"621133644844589056","signTime":"2021-07-12 00:03:21","signType":0},{"couponVo":null,"drawInfoVo":null,"hongBaoVo":null,"jingBeanVo":null,"pitType":3,"rewardSource":1,"signItemId":"621133644844589056","signTime":"2021-07-12 00:03:21","signType":0}],"signActId":"1","signActInstanceId":"620359662644490240"},"dataAbInfoList":null,"expInfo":null,"expLabel":null,"message":null,"officialDocument":null,"pftid":null,"resultCode":null,"resultTips":null,"success":true,"traceId":"0b5e1f10.1626019369406.000466.029987"}
京东会员第4天签到成功。获得1京豆


【新版本 超级摇一摇】获取信息失败：没有查询到活动信息



京东APP首页超级摇一摇：目前暂无活动




【7.5海信 brandActivityId】：f8fa1fc2-4a29-40fd-87be-2409268a38ae
超级超级品牌日 getHomeData 失败： 活动不在进行中哦
去看看其他活动吧~
【7.5海信 超级品牌日】：活动不在进行中


京东小魔方：本期活动由左点赞助
开始做：【浏览左点新品】任务
浏览成功！，当前抽奖次数：1

浏览成功！，当前抽奖次数：1

浏览成功！恭喜获得一次抽奖机会，当前抽奖次数：2

开始做：【关注新品首发频道并浏览】任务，需等待8秒
浏览成功!恭喜获得一次抽奖机会，当前抽奖次数：3

小魔方 executeNewInteractionTask 异常： {"result":{"code":13,"hasDown":1,"lotteryNum":3,"toast":"任务已完成"}}
开始做：【浏览左点店铺8秒】任务，需等待8秒
浏览成功！恭喜你获得一次抽奖机会，当前抽奖次数：4

京东小魔方当前抽奖次数：4

京东小魔方抽奖：大奖一闪而过
京东小魔方抽奖：3京豆
京东小魔方抽奖：3京豆
京东小魔方抽奖：undefined京豆

==============📣系统通知📣==============
摇京豆
京东账号2 Ycp_Dream
摇京豆：获得2京豆
京东会员签到：获得1京豆

您未提供push+推送所需的PUSH_PLUS_TOKEN，取消push+推送消息通知🚫

发送通知调用API失败！！

HTTPError: Response code 605 (https_out_of_quota)
    at Request.<anonymous> (/opt/jd/scripts/node_modules/got/dist/source/as-promise/index.js:117:42)
    at runMicrotasks (<anonymous>)
    at processTicksAndRejections (internal/process/task_queues.js:93:5) {
  code: undefined,
  timings: {
    start: 1626019422210,
    socket: 1626019422210,
    lookup: 1626019422246,
    connect: 1626019422266,
    secureConnect: 1626019422311,
    upload: 1626019422312,
    response: 1626019422344,
    end: 1626019422354,
    error: undefined,
    abort: undefined,
    phases: {
      wait: 0,
      dns: 36,
      tcp: 20,
      tls: 45,
      request: 1,
      firstByte: 32,
      download: 10,
      total: 144
    }
  }
}
您未提供Bark的APP推送BARK_PUSH，取消Bark推送消息通知🚫

您未提供telegram机器人推送所需的TG_BOT_TOKEN和TG_USER_ID，取消telegram推送消息通知🚫

您未提供钉钉机器人推送所需的DD_BOT_TOKEN或者DD_BOT_SECRET，取消钉钉推送消息通知🚫

您未提供企业微信机器人推送所需的QYWX_KEY，取消企业微信推送消息通知🚫

您未提供企业微信应用消息推送所需的QYWX_AM，取消企业微信应用消息推送消息通知🚫

您未提供iGot的推送IGOT_PUSH_KEY，取消iGot推送消息通知🚫


🔔摇京豆, 结束! 🕛 151.369 秒

