
🔔京东摇钱树, 开始!

====================共4个京东账号Cookie=========

==================脚本执行- 北京时间(UTC+8)：6/30/2021, 10:26:58 AM=====================


****开始【京东账号1】Ymh__Sirius****

初始化摇钱树个人信息
resultCode为0
每日签到条件查询:已经签到过了
开始做任务userInfo了

canTask::[{"workStatus":-1,"workContent":"每天来签到","prizeType":2,"mid":0,"workName":"每日签到","prizeAmount":200,"workType":1},{"workStatus":2,"workContent":"每天分享一下","prizeType":2,"mid":0,"workName":"每日分享","prizeAmount":500,"workType":2},{"workStatus":0,"workContent":"每天分享新用户来玩5次","prizeType":2,"mid":0,"workName":"每日分享新用户","prizeAmount":30000,"workType":3}]

浏览任务列表taskInfo::[{"workStatus":0,"prizeType":0,"mapValues":[],"workLabel":"去完成","mid":666,"prizeAmount":1000,"workType":7},{"workStatus":0,"prizeType":0,"mapValues":[],"workLabel":"去完成","mid":667,"prizeAmount":1000,"workType":7}]

三餐签到任务不在时间范围内
分享任务已经做过
开始做浏览任务
missionId为666：：第1次浏览活动完成: {"resultCode":-1,"resultMsg":"对不起该类型接口未开放调用权限，请联系管理员！","channelEncrypt":0}
missionId为666：：第2次浏览活动完成: {"resultCode":-1,"resultMsg":"对不起该类型接口未开放调用权限，请联系管理员！","channelEncrypt":0}
missionId为666：：第3次浏览活动完成: {"resultCode":-1,"resultMsg":"对不起该类型接口未开放调用权限，请联系管理员！","channelEncrypt":0}
missionId为666：：第4次浏览活动完成: {"resultCode":-1,"resultMsg":"对不起该类型接口未开放调用权限，请联系管理员！","channelEncrypt":0}
missionId为666：：第5次浏览活动完成: {"resultCode":-1,"resultMsg":"对不起该类型接口未开放调用权限，请联系管理员！","channelEncrypt":0}
missionId为666：：第6次浏览活动完成: {"resultCode":-1,"resultMsg":"对不起该类型接口未开放调用权限，请联系管理员！","channelEncrypt":0}
missionId为666：：第7次浏览活动完成: {"resultCode":-1,"resultMsg":"对不起该类型接口未开放调用权限，请联系管理员！","channelEncrypt":0}
浏览店铺任务结束
开始领取浏览后的奖励
领取浏览任务奖励成功：{"resultCode":0,"resultMsg":"操作成功","resultData":{"msg":"成功","code":"200","data":{"opMsg":"不能领取奖励","nextStatus":0,"opResult":1}},"channelEncrypt":0}
aaa{"resultCode":0,"resultMsg":"操作成功","resultData":{"msg":"成功","code":"200","data":{"opMsg":"不能领取奖励","nextStatus":0,"opResult":1}},"channelEncrypt":0}
开始做浏览任务
missionId为667：：第1次浏览活动完成: {"resultCode":-1,"resultMsg":"对不起该类型接口未开放调用权限，请联系管理员！","channelEncrypt":0}
missionId为667：：第2次浏览活动完成: {"resultCode":-1,"resultMsg":"对不起该类型接口未开放调用权限，请联系管理员！","channelEncrypt":0}
missionId为667：：第3次浏览活动完成: {"resultCode":-1,"resultMsg":"对不起该类型接口未开放调用权限，请联系管理员！","channelEncrypt":0}
missionId为667：：第4次浏览活动完成: {"resultCode":-1,"resultMsg":"对不起该类型接口未开放调用权限，请联系管理员！","channelEncrypt":0}
missionId为667：：第5次浏览活动完成: {"resultCode":-1,"resultMsg":"对不起该类型接口未开放调用权限，请联系管理员！","channelEncrypt":0}
missionId为667：：第6次浏览活动完成: {"resultCode":-1,"resultMsg":"对不起该类型接口未开放调用权限，请联系管理员！","channelEncrypt":0}
missionId为667：：第7次浏览活动完成: {"resultCode":-1,"resultMsg":"对不起该类型接口未开放调用权限，请联系管理员！","channelEncrypt":0}
浏览店铺任务结束
开始领取浏览后的奖励
领取浏览任务奖励成功：{"resultCode":0,"resultMsg":"操作成功","resultData":{"msg":"成功","code":"200","data":{"opMsg":"不能领取奖励","nextStatus":0,"opResult":1}},"channelEncrypt":0}
aaa{"resultCode":0,"resultMsg":"操作成功","resultData":{"msg":"成功","code":"200","data":{"opMsg":"不能领取奖励","nextStatus":0,"opResult":1}},"channelEncrypt":0}

收获金果成功:{"resultCode":0,"resultMsg":"操作成功","resultData":{"msg":"成功","code":"200","data":{"goToApp":false,"limitedTimeTask":false,"upgrade":false,"treeInfo":{"upgradeDemand":3500000,"progressLeft":"40.9%","treeName":"19级憨实大树","level":19,"fruit":4743989,"fruitOnTree":0,"workerSum":4,"capacity":50000},"bigAwardTask":false,"fruitNumInLimitedTimeTask":0}},"channelEncrypt":0}

目前金果数量4743989

今日已卖出5.6万金果(已达上限)，获得0.07金贴

金贴和金果数量：：{"resultCode":0,"resultMsg":"操作成功","resultData":{"msg":"成功","code":"200","data":{"gcAmount":43,"gaAmount":4743989,"canGoldcoin":9506}},"channelEncrypt":0}
今日已偷过好友的金果了，暂无好友可偷，请明天再来


【距离20级摇钱树还差】40.9%
【我的金果数量】4743989
【我的金贴数量】0.43



****开始【京东账号2】Ycp_Dream****

初始化摇钱树个人信息
resultCode为0
每日签到条件查询:可以签到
准备每日签到
第1日签到结果:{"resultCode":0,"resultMsg":"操作成功","resultData":{"msg":"成功","code":"200","data":{"result":true}},"channelEncrypt":0}
开始做任务userInfo了

canTask::[{"workStatus":-1,"workContent":"每天来签到","prizeType":2,"mid":0,"workName":"每日签到","prizeAmount":200,"workType":1},{"workStatus":0,"workContent":"每天分享一下","prizeType":2,"mid":0,"workName":"每日分享","prizeAmount":500,"workType":2},{"workStatus":0,"workContent":"每天分享新用户来玩5次","prizeType":2,"mid":0,"workName":"每日分享新用户","prizeAmount":30000,"workType":3}]

浏览任务列表taskInfo::[{"workStatus":0,"prizeType":0,"mapValues":[],"workLabel":"去完成","mid":666,"prizeAmount":1000,"workType":7},{"workStatus":0,"prizeType":0,"mapValues":[],"workLabel":"去完成","mid":667,"prizeAmount":1000,"workType":7}]

三餐签到任务不在时间范围内
开始做分享任务

开始分享的动作:{"resultCode":0,"resultMsg":"操作成功","resultData":{"msg":"成功","code":"200","data":{"opMsg":"操作成功","nextStatus":1,"opResult":0}},"channelEncrypt":0}
开始做领取分享后的奖励

领取分享后的奖励:{"resultCode":0,"resultMsg":"操作成功","resultData":{"msg":"成功","code":"200","data":{"opMsg":"操作成功","opResult":0,"prizeAmount":500}},"channelEncrypt":0}
开始做浏览任务
missionId为666：：第1次浏览活动完成: {"resultCode":-1,"resultMsg":"对不起该类型接口未开放调用权限，请联系管理员！","channelEncrypt":0}
missionId为666：：第2次浏览活动完成: {"resultCode":-1,"resultMsg":"对不起该类型接口未开放调用权限，请联系管理员！","channelEncrypt":0}
missionId为666：：第3次浏览活动完成: {"resultCode":-1,"resultMsg":"对不起该类型接口未开放调用权限，请联系管理员！","channelEncrypt":0}
missionId为666：：第4次浏览活动完成: {"resultCode":-1,"resultMsg":"对不起该类型接口未开放调用权限，请联系管理员！","channelEncrypt":0}
missionId为666：：第5次浏览活动完成: {"resultCode":-1,"resultMsg":"对不起该类型接口未开放调用权限，请联系管理员！","channelEncrypt":0}
missionId为666：：第6次浏览活动完成: {"resultCode":-1,"resultMsg":"对不起该类型接口未开放调用权限，请联系管理员！","channelEncrypt":0}
missionId为666：：第7次浏览活动完成: {"resultCode":-1,"resultMsg":"对不起该类型接口未开放调用权限，请联系管理员！","channelEncrypt":0}
浏览店铺任务结束
开始领取浏览后的奖励
领取浏览任务奖励成功：{"resultCode":0,"resultMsg":"操作成功","resultData":{"msg":"成功","code":"200","data":{"opMsg":"领取成功","opResult":0,"prizeAmount":1000,"nextStatus":2}},"channelEncrypt":0}
aaa{"resultCode":0,"resultMsg":"操作成功","resultData":{"msg":"成功","code":"200","data":{"opMsg":"领取成功","opResult":0,"prizeAmount":1000,"nextStatus":2}},"channelEncrypt":0}
开始做浏览任务
missionId为667：：第1次浏览活动完成: {"resultCode":-1,"resultMsg":"对不起该类型接口未开放调用权限，请联系管理员！","channelEncrypt":0}
missionId为667：：第2次浏览活动完成: {"resultCode":-1,"resultMsg":"对不起该类型接口未开放调用权限，请联系管理员！","channelEncrypt":0}
missionId为667：：第3次浏览活动完成: {"resultCode":-1,"resultMsg":"对不起该类型接口未开放调用权限，请联系管理员！","channelEncrypt":0}
missionId为667：：第4次浏览活动完成: {"resultCode":-1,"resultMsg":"对不起该类型接口未开放调用权限，请联系管理员！","channelEncrypt":0}
missionId为667：：第5次浏览活动完成: {"resultCode":-1,"resultMsg":"对不起该类型接口未开放调用权限，请联系管理员！","channelEncrypt":0}
missionId为667：：第6次浏览活动完成: {"resultCode":-1,"resultMsg":"对不起该类型接口未开放调用权限，请联系管理员！","channelEncrypt":0}
missionId为667：：第7次浏览活动完成: {"resultCode":-1,"resultMsg":"对不起该类型接口未开放调用权限，请联系管理员！","channelEncrypt":0}
浏览店铺任务结束
开始领取浏览后的奖励
领取浏览任务奖励成功：{"resultCode":0,"resultMsg":"操作成功","resultData":{"msg":"成功","code":"200","data":{"opMsg":"领取成功","opResult":0,"prizeAmount":1000,"nextStatus":2}},"channelEncrypt":0}
aaa{"resultCode":0,"resultMsg":"操作成功","resultData":{"msg":"成功","code":"200","data":{"opMsg":"领取成功","opResult":0,"prizeAmount":1000,"nextStatus":2}},"channelEncrypt":0}

收获金果成功:{"resultCode":0,"resultMsg":"操作成功","resultData":{"msg":"成功","code":"200","data":{"goToApp":false,"limitedTimeTask":false,"upgrade":false,"treeInfo":{"upgradeDemand":1000000,"treeName":"17级憨实大树","progressLeft":"13.6%","level":17,"fruit":796109,"fruitOnTree":0,"workerSum":4,"capacity":30000},"bigAwardTask":false,"fruitNumInLimitedTimeTask":0}},"channelEncrypt":0}

目前金果数量796109
卖出金果成功，获得0.07金贴

金贴和金果数量：：{"resultCode":0,"resultMsg":"操作成功","resultData":{"msg":"成功","code":"200","data":{"gcAmount":36,"gaAmount":740109,"canGoldcoin":1483}},"channelEncrypt":0}
今日已偷过好友的金果了，暂无好友可偷，请明天再来


【距离18级摇钱树还差】13.6%
【我的金果数量】740109
【我的金贴数量】0.36



****开始【京东账号3】jd_585601a83bd48****

初始化摇钱树个人信息
resultCode为0
每日签到条件查询:可以签到
准备每日签到
第1日签到结果:{"resultCode":0,"resultMsg":"操作成功","resultData":{"msg":"成功","code":"200","data":{"result":true}},"channelEncrypt":0}
开始做任务userInfo了

canTask::[{"workStatus":-1,"workContent":"每天来签到","prizeType":2,"mid":0,"workName":"每日签到","prizeAmount":200,"workType":1},{"workStatus":0,"workContent":"每天分享一下","prizeType":2,"mid":0,"workName":"每日分享","prizeAmount":500,"workType":2},{"workStatus":0,"workContent":"每天分享新用户来玩5次","prizeType":2,"mid":0,"workName":"每日分享新用户","prizeAmount":30000,"workType":3}]

浏览任务列表taskInfo::[{"workStatus":0,"prizeType":0,"mapValues":[],"workLabel":"去完成","mid":666,"prizeAmount":1000,"workType":7},{"workStatus":0,"prizeType":0,"mapValues":[],"workLabel":"去完成","mid":667,"prizeAmount":1000,"workType":7}]

三餐签到任务不在时间范围内
开始做分享任务

开始分享的动作:{"resultCode":0,"resultMsg":"操作成功","resultData":{"msg":"成功","code":"200","data":{"opMsg":"操作成功","nextStatus":1,"opResult":0}},"channelEncrypt":0}
开始做领取分享后的奖励

领取分享后的奖励:{"resultCode":0,"resultMsg":"操作成功","resultData":{"msg":"成功","code":"200","data":{"opMsg":"操作成功","opResult":0,"prizeAmount":500}},"channelEncrypt":0}
开始做浏览任务
missionId为666：：第1次浏览活动完成: {"resultCode":-1,"resultMsg":"对不起该类型接口未开放调用权限，请联系管理员！","channelEncrypt":0}
missionId为666：：第2次浏览活动完成: {"resultCode":-1,"resultMsg":"对不起该类型接口未开放调用权限，请联系管理员！","channelEncrypt":0}
missionId为666：：第3次浏览活动完成: {"resultCode":-1,"resultMsg":"对不起该类型接口未开放调用权限，请联系管理员！","channelEncrypt":0}
missionId为666：：第4次浏览活动完成: {"resultCode":-1,"resultMsg":"对不起该类型接口未开放调用权限，请联系管理员！","channelEncrypt":0}
missionId为666：：第5次浏览活动完成: {"resultCode":-1,"resultMsg":"对不起该类型接口未开放调用权限，请联系管理员！","channelEncrypt":0}
missionId为666：：第6次浏览活动完成: {"resultCode":-1,"resultMsg":"对不起该类型接口未开放调用权限，请联系管理员！","channelEncrypt":0}
missionId为666：：第7次浏览活动完成: {"resultCode":-1,"resultMsg":"对不起该类型接口未开放调用权限，请联系管理员！","channelEncrypt":0}
浏览店铺任务结束
开始领取浏览后的奖励
领取浏览任务奖励成功：{"resultCode":0,"resultMsg":"操作成功","resultData":{"msg":"成功","code":"200","data":{"opMsg":"领取成功","opResult":0,"prizeAmount":1000,"nextStatus":2}},"channelEncrypt":0}
aaa{"resultCode":0,"resultMsg":"操作成功","resultData":{"msg":"成功","code":"200","data":{"opMsg":"领取成功","opResult":0,"prizeAmount":1000,"nextStatus":2}},"channelEncrypt":0}
开始做浏览任务
missionId为667：：第1次浏览活动完成: {"resultCode":-1,"resultMsg":"对不起该类型接口未开放调用权限，请联系管理员！","channelEncrypt":0}
missionId为667：：第2次浏览活动完成: {"resultCode":-1,"resultMsg":"对不起该类型接口未开放调用权限，请联系管理员！","channelEncrypt":0}
missionId为667：：第3次浏览活动完成: {"resultCode":-1,"resultMsg":"对不起该类型接口未开放调用权限，请联系管理员！","channelEncrypt":0}
missionId为667：：第4次浏览活动完成: {"resultCode":-1,"resultMsg":"对不起该类型接口未开放调用权限，请联系管理员！","channelEncrypt":0}
missionId为667：：第5次浏览活动完成: {"resultCode":-1,"resultMsg":"对不起该类型接口未开放调用权限，请联系管理员！","channelEncrypt":0}
missionId为667：：第6次浏览活动完成: {"resultCode":-1,"resultMsg":"对不起该类型接口未开放调用权限，请联系管理员！","channelEncrypt":0}
missionId为667：：第7次浏览活动完成: {"resultCode":-1,"resultMsg":"对不起该类型接口未开放调用权限，请联系管理员！","channelEncrypt":0}
浏览店铺任务结束
开始领取浏览后的奖励
领取浏览任务奖励成功：{"resultCode":0,"resultMsg":"操作成功","resultData":{"msg":"成功","code":"200","data":{"opMsg":"领取成功","opResult":0,"prizeAmount":1000,"nextStatus":2}},"channelEncrypt":0}
aaa{"resultCode":0,"resultMsg":"操作成功","resultData":{"msg":"成功","code":"200","data":{"opMsg":"领取成功","opResult":0,"prizeAmount":1000,"nextStatus":2}},"channelEncrypt":0}

收获金果成功:{"resultCode":0,"resultMsg":"操作成功","resultData":{"msg":"成功","code":"200","data":{"goToApp":false,"limitedTimeTask":true,"upgrade":false,"overTime":43200000,"treeInfo":{"upgradeDemand":1000000,"progressLeft":"97.0%","treeName":"17级憨实大树","level":17,"fruit":157726,"fruitOnTree":0,"workerSum":4,"capacity":30000},"bigAwardTask":false,"fruitNumInLimitedTimeTask":2000}},"channelEncrypt":0}

目前金果数量157726
卖出金果成功，获得0.07金贴

金贴和金果数量：：{"resultCode":0,"resultMsg":"操作成功","resultData":{"msg":"成功","code":"200","data":{"gcAmount":7,"gaAmount":101726,"canGoldcoin":203}},"channelEncrypt":0}
今日已偷过好友的金果了，暂无好友可偷，请明天再来


【距离18级摇钱树还差】97.0%
【我的金果数量】101726
【我的金贴数量】0.07



****开始【京东账号4】jd_157332ewky****

初始化摇钱树个人信息
resultCode为0
京东账号4jd_46df9eaa780aa运行失败
此账号未实名认证或者未参与过此活动
①如未参与活动,请先去京东app参加摇钱树活动
入口：我的->游戏与互动->查看更多
②如未实名认证,请进行实名认证
您未提供push+推送所需的PUSH_PLUS_TOKEN，取消push+推送消息通知🚫

server酱发送通知消息成功🎉

您未提供Bark的APP推送BARK_PUSH，取消Bark推送消息通知🚫

您未提供telegram机器人推送所需的TG_BOT_TOKEN和TG_USER_ID，取消telegram推送消息通知🚫

您未提供钉钉机器人推送所需的DD_BOT_TOKEN或者DD_BOT_SECRET，取消钉钉推送消息通知🚫

您未提供企业微信机器人推送所需的QYWX_KEY，取消企业微信推送消息通知🚫

您未提供企业微信应用消息推送所需的QYWX_AM，取消企业微信应用消息推送消息通知🚫

您未提供iGot的推送IGOT_PUSH_KEY，取消iGot推送消息通知🚫


==============📣系统通知📣==============
京东摇钱树
账号2：Ycp_Dream
今日成功卖出5.6万金果，获得0.07金贴

账号3：jd_585601a83bd48
今日成功卖出5.6万金果，获得0.07金贴



🔔京东摇钱树, 结束! 🕛 288.083 秒

