
🔔领京豆额外奖励, 开始!

====================共2个京东账号Cookie=========

==================脚本执行- 北京时间(UTC+8)：7/11/2021, 11:32:25 PM=====================


******开始【京东账号1】15631692383_p*********

领奖失败，今天该任务类型已经领过奖了~
D321F965AC492CD62F74DC0FB537B86F 863585672930545664

京东账号1 15631692383_p 抢京豆邀请码：D321F965AC492CD62F74DC0FB537B86F

领奖失败，今天该任务类型已经领过奖了~
强制开启新版领京豆结果:{"code":"0","errorCode":"SI404","errorMessage":"已经初始化过了~"}


******开始【京东账号2】Ycp_Dream*********

任务完成进度：1 / 3
任务完成进度：2 / 3
任务完成进度：3 / 3
领奖成功，获得 1 个京豆
未获取到助力码，去开团
开团成功

京东账号2 Ycp_Dream 抢京豆邀请码：2DFEFF2D8169A4E9C2D4B52DEE7E7EDBAD1DAAB9A3E3F6CBAFDE81EEB7393333

【抢京豆】做任务获取助力
【抢京豆】助力成功
完成任务成功，进度1/5
完成任务成功，进度2/5
完成任务成功，进度3/5
完成任务成功，进度4/5
完成任务成功，进度5/5
领奖成功，获得 3 个京豆
强制开启新版领京豆结果:{"code":"0","errorCode":"SI404","errorMessage":"已经初始化过了~"}


==============📣系统通知📣==============
领京豆额外奖励
【京东账号2】Ycp_Dream
领奖成功，获得 1 个京豆
领奖成功，获得 3 个京豆


🔔领京豆额外奖励, 结束! 🕛 42.836 秒

