
🔔领京豆额外奖励, 开始!

====================共4个京东账号Cookie=========

==================脚本执行- 北京时间(UTC+8)：6/26/2021, 2:55:33 PM=====================


******开始【京东账号1】15631692383_p*********

领奖失败，今天该任务类型已经领过奖了~
领奖失败，今天该任务类型已经领过奖了~
强制开启新版领京豆结果:{"code":"0","errorCode":"SI404","errorMessage":"已经初始化过了~"}


******开始【京东账号2】Ycp_Dream*********

任务完成进度：1 / 3
任务完成进度：2 / 3
任务完成进度：3 / 3
领奖成功，获得 1 个京豆
完成任务成功，进度1/5
完成任务成功，进度2/5
完成任务成功，进度3/5
完成任务成功，进度4/5
完成任务成功，进度5/5
领奖成功，获得 3 个京豆
强制开启新版领京豆结果:{"code":"0","errorCode":"SI404","errorMessage":"已经初始化过了~"}


==============📣系统通知📣==============
领京豆额外奖励
【京东账号2】Ycp_Dream
领奖成功，获得 1 个京豆
领奖成功，获得 3 个京豆


******开始【京东账号3】jd_585601a83bd48*********

任务完成进度：1 / 3
任务完成进度：2 / 3
任务完成进度：3 / 3
领奖成功，获得 1 个京豆
完成任务成功，进度1/5
完成任务成功，进度2/5
完成任务成功，进度3/5
完成任务成功，进度4/5
完成任务成功，进度5/5
领奖成功，获得 3 个京豆
强制开启新版领京豆结果:{"code":"0","errorCode":"SI404","errorMessage":"已经初始化过了~"}


==============📣系统通知📣==============
领京豆额外奖励
【京东账号3】jd_585601a83bd48
领奖成功，获得 1 个京豆
领奖成功，获得 3 个京豆


******开始【京东账号4】jd_157332ewky*********

任务完成进度：1 / 3
任务完成进度：2 / 3
任务完成进度：3 / 3
领奖成功，获得 1 个京豆
完成任务成功，进度1/5
完成任务成功，进度2/5
完成任务成功，进度3/5
完成任务成功，进度4/5
完成任务成功，进度5/5
领奖成功，获得 3 个京豆
强制开启新版领京豆结果:{"code":"0","errorCode":"SI404","errorMessage":"已经初始化过了~"}


==============📣系统通知📣==============
领京豆额外奖励
【京东账号4】jd_157332ewky
领奖成功，获得 1 个京豆
领奖成功，获得 3 个京豆


🔔领京豆额外奖励, 结束! 🕛 113.646 秒

