
🔔领京豆额外奖励, 开始!

====================共4个京东账号Cookie=========

==================脚本执行- 北京时间(UTC+8)：6/30/2021, 10:26:25 AM=====================


******开始【京东账号1】Ymh__Sirius*********

领奖失败，今天该任务类型已经领过奖了~
领奖失败，今天该任务类型已经领过奖了~
强制开启新版领京豆结果:{"code":"0","errorCode":"SI404","errorMessage":"已经初始化过了~"}


******开始【京东账号2】Ycp_Dream*********

领奖失败，今天该任务类型已经领过奖了~
领奖失败，今天该任务类型已经领过奖了~
强制开启新版领京豆结果:{"code":"0","errorCode":"SI404","errorMessage":"已经初始化过了~"}


******开始【京东账号3】jd_585601a83bd48*********

领奖失败，今天该任务类型已经领过奖了~
领奖失败，今天该任务类型已经领过奖了~
强制开启新版领京豆结果:{"code":"0","errorCode":"SI404","errorMessage":"已经初始化过了~"}


******开始【京东账号4】jd_157332ewky*********

领奖失败，今天该任务类型已经领过奖了~
领奖失败，今天该任务类型已经领过奖了~
强制开启新版领京豆结果:{"code":"0","errorCode":"SI404","errorMessage":"已经初始化过了~"}


🔔领京豆额外奖励, 结束! 🕛 30.537 秒

