
🔔领京豆额外奖励, 开始!

====================共4个京东账号Cookie=========

==================脚本执行- 北京时间(UTC+8)：7/9/2021, 8:20:15 PM=====================


******开始【京东账号1】15631692383_p*********

领奖失败，今天该任务类型已经领过奖了~
D321F965AC492CD62F74DC0FB537B86F 862860893540208640

京东账号1 15631692383_p 抢京豆邀请码：D321F965AC492CD62F74DC0FB537B86F

领奖失败，今天该任务类型已经领过奖了~
强制开启新版领京豆结果:{"code":"0","errorCode":"SI404","errorMessage":"已经初始化过了~"}


******开始【京东账号2】Ycp_Dream*********

领奖失败，今天该任务类型已经领过奖了~
2DFEFF2D8169A4E9C2D4B52DEE7E7EDBAD1DAAB9A3E3F6CBAFDE81EEB7393333 863108915452334080

京东账号2 Ycp_Dream 抢京豆邀请码：2DFEFF2D8169A4E9C2D4B52DEE7E7EDBAD1DAAB9A3E3F6CBAFDE81EEB7393333

领奖失败，今天该任务类型已经领过奖了~
强制开启新版领京豆结果:{"code":"0","errorCode":"SI404","errorMessage":"已经初始化过了~"}


******开始【京东账号3】jd_157332ewky*********

领奖失败，今天该任务类型已经领过奖了~
DF007DB9AC4AD906D63E705A496CE4B5AD1DAAB9A3E3F6CBAFDE81EEB7393333 863109046493270016

京东账号3 jd_157332ewky 抢京豆邀请码：DF007DB9AC4AD906D63E705A496CE4B5AD1DAAB9A3E3F6CBAFDE81EEB7393333

领奖失败，今天该任务类型已经领过奖了~
强制开启新版领京豆结果:{"code":"0","errorCode":"SI404","errorMessage":"已经初始化过了~"}


******开始【京东账号4】jd_157332zdf*********

领奖失败，今天该任务类型已经领过奖了~
E3F146DD6199DD03346D080EA141DE58AD1DAAB9A3E3F6CBAFDE81EEB7393333 863109167286337536

京东账号4 jd_157332zdf 抢京豆邀请码：E3F146DD6199DD03346D080EA141DE58AD1DAAB9A3E3F6CBAFDE81EEB7393333

领奖失败，今天该任务类型已经领过奖了~
强制开启新版领京豆结果:{"code":"0","errorCode":"SI404","errorMessage":"已经初始化过了~"}


🔔领京豆额外奖励, 结束! 🕛 29.686 秒

