
🔔领京豆额外奖励, 开始!

====================共5个京东账号Cookie=========

==================脚本执行- 北京时间(UTC+8)：7/9/2021, 5:26:19 PM=====================


******开始【京东账号1】Ymh__Sirius*********

领奖失败，今天该任务类型已经领过奖了~
D321F965AC492CD62F74DC0FB537B86F 862860893540208640

京东账号1 Ymh__Sirius 抢京豆邀请码：D321F965AC492CD62F74DC0FB537B86F

领奖失败，今天该任务类型已经领过奖了~
强制开启新版领京豆结果:{"code":"0","errorCode":"SI404","errorMessage":"已经初始化过了~"}


******开始【京东账号2】Ycp_Dream*********

任务完成进度：1 / 3
任务完成进度：2 / 3
任务完成进度：3 / 3
领奖成功，获得 1 个京豆
未获取到助力码，去开团
开团成功

京东账号2 Ycp_Dream 抢京豆邀请码：2DFEFF2D8169A4E9C2D4B52DEE7E7EDBAD1DAAB9A3E3F6CBAFDE81EEB7393333

【抢京豆】做任务获取助力
【抢京豆】助力成功
完成任务成功，进度1/5
完成任务成功，进度2/5
完成任务成功，进度3/5
完成任务成功，进度4/5
完成任务成功，进度5/5
领奖成功，获得 3 个京豆
强制开启新版领京豆结果:{"code":"0","errorCode":"SI404","errorMessage":"已经初始化过了~"}


==============📣系统通知📣==============
领京豆额外奖励
【京东账号2】Ycp_Dream
领奖成功，获得 1 个京豆
领奖成功，获得 3 个京豆


******开始【京东账号3】chao4596758*********


==============📣系统通知📣==============
领京豆额外奖励
【提示】cookie已失效
京东账号3 chao4596758
请重新登录获取
https://bean.m.jd.com/bean/signIndex.action
您未提供push+推送所需的PUSH_PLUS_TOKEN，取消push+推送消息通知🚫

server酱发送通知消息成功🎉

您未提供Bark的APP推送BARK_PUSH，取消Bark推送消息通知🚫

您未提供telegram机器人推送所需的TG_BOT_TOKEN和TG_USER_ID，取消telegram推送消息通知🚫

您未提供钉钉机器人推送所需的DD_BOT_TOKEN或者DD_BOT_SECRET，取消钉钉推送消息通知🚫

您未提供企业微信机器人推送所需的QYWX_KEY，取消企业微信推送消息通知🚫

您未提供企业微信应用消息推送所需的QYWX_AM，取消企业微信应用消息推送消息通知🚫

您未提供iGot的推送IGOT_PUSH_KEY，取消iGot推送消息通知🚫


******开始【京东账号4】jd_157332ewky*********

任务完成进度：1 / 3
任务完成进度：2 / 3
任务完成进度：3 / 3
领奖成功，获得 1 个京豆
未获取到助力码，去开团
开团成功

京东账号4 jd_157332ewky 抢京豆邀请码：DF007DB9AC4AD906D63E705A496CE4B5AD1DAAB9A3E3F6CBAFDE81EEB7393333

【抢京豆】做任务获取助力
【抢京豆】助力成功
完成任务成功，进度1/5
完成任务成功，进度2/5
完成任务成功，进度3/5
完成任务成功，进度4/5
完成任务成功，进度5/5
领奖成功，获得 3 个京豆
强制开启新版领京豆结果:{"code":"0","errorCode":"SI404","errorMessage":"已经初始化过了~"}


==============📣系统通知📣==============
领京豆额外奖励
【京东账号4】jd_157332ewky
领奖成功，获得 1 个京豆
领奖成功，获得 3 个京豆


******开始【京东账号5】jd_157332zdf*********

任务完成进度：1 / 3
任务完成进度：2 / 3
任务完成进度：3 / 3
领奖成功，获得 1 个京豆
未获取到助力码，去开团
开团成功

京东账号5 jd_157332zdf 抢京豆邀请码：E3F146DD6199DD03346D080EA141DE58AD1DAAB9A3E3F6CBAFDE81EEB7393333

【抢京豆】做任务获取助力
【抢京豆】助力成功
完成任务成功，进度1/5
完成任务成功，进度2/5
完成任务成功，进度3/5
完成任务成功，进度4/5
完成任务成功，进度5/5
领奖成功，获得 3 个京豆
强制开启新版领京豆结果:{"code":"0","errorCode":"SI404","errorMessage":"已经初始化过了~"}


==============📣系统通知📣==============
领京豆额外奖励
【京东账号5】jd_157332zdf
领奖成功，获得 1 个京豆
领奖成功，获得 3 个京豆


🔔领京豆额外奖励, 结束! 🕛 99.241 秒

