
🔔口袋书店, 开始!

====================共2个京东账号Cookie=========

==================脚本执行- 北京时间(UTC+8)：7/10/2021, 8:38:35 AM=====================

开始获取口袋书店配置文件

共2个京东账号

您提供了0个账号的口袋书店助力码

"getaddrinfo ENOTFOUND wq.jd.com"
口袋书店 API请求失败，请检查网路重试

******开始【京东账号1】15631692383_p*********

由于您第1个京东账号未提供shareCode,将采纳本脚本自带的助力码

第1个京东账号将要助力的好友["28a699ac78d74aa3b31f7103597f8927","2f14ee9c92954cf79829320dd482bf49","fdf827db272543d88dbb51a505c2e869","ce2536153a8742fb9e8754a9a7d361da","38ba4e7ba8074b78851e928af2b4f6b2"]
口袋书店 API请求失败，请检查网路重试
口袋书店 API请求失败，请检查网路重试
口袋书店 API请求失败，请检查网路重试
口袋书店 API请求失败，请检查网路重试
口袋书店 API请求失败，请检查网路重试
口袋书店 API请求失败，请检查网路重试
口袋书店 API请求失败，请检查网路重试
口袋书店 API请求失败，请检查网路重试
口袋书店 API请求失败，请检查网路重试
口袋书店 API请求失败，请检查网路重试
口袋书店 API请求失败，请检查网路重试

❌ 口袋书店, 失败! 原因: TypeError: Cannot read property 'storeGold' of undefined!


🔔口袋书店, 结束! 🕛 168.644 秒

