
🔔口袋书店, 开始!

====================共5个京东账号Cookie=========

==================脚本执行- 北京时间(UTC+8)：7/9/2021, 5:33:00 PM=====================

开始获取口袋书店配置文件

共5个京东账号

您提供了0个账号的口袋书店助力码


******开始【京东账号1】Ymh__Sirius*********

由于您第1个京东账号未提供shareCode,将采纳本脚本自带的助力码

第1个京东账号将要助力的好友["28a699ac78d74aa3b31f7103597f8927","2f14ee9c92954cf79829320dd482bf49","fdf827db272543d88dbb51a505c2e869","ce2536153a8742fb9e8754a9a7d361da","38ba4e7ba8074b78851e928af2b4f6b2"]
用户【Ymh__Sirius】信息获取成功
京东账号1尚未开启口袋书店，请手动开启

提示：从五月份开始，需要手动进入一下活动页面。不然即使是开启了这个活动。跑脚本也提示未开启活动


******开始【京东账号2】Ycp_Dream*********

由于您第2个京东账号未提供shareCode,将采纳本脚本自带的助力码

第2个京东账号将要助力的好友["28a699ac78d74aa3b31f7103597f8927","2f14ee9c92954cf79829320dd482bf49","fdf827db272543d88dbb51a505c2e869"]
用户【Ycp_Dream】信息获取成功
京东账号2尚未开启口袋书店，请手动开启

提示：从五月份开始，需要手动进入一下活动页面。不然即使是开启了这个活动。跑脚本也提示未开启活动


******开始【京东账号3】chao4596758*********


==============📣系统通知📣==============
口袋书店
【提示】cookie已失效
京东账号3 chao4596758
请重新登录获取
https://bean.m.jd.com/
您未提供push+推送所需的PUSH_PLUS_TOKEN，取消push+推送消息通知🚫

server酱发送通知消息成功🎉

您未提供Bark的APP推送BARK_PUSH，取消Bark推送消息通知🚫

您未提供telegram机器人推送所需的TG_BOT_TOKEN和TG_USER_ID，取消telegram推送消息通知🚫

您未提供钉钉机器人推送所需的DD_BOT_TOKEN或者DD_BOT_SECRET，取消钉钉推送消息通知🚫

您未提供企业微信机器人推送所需的QYWX_KEY，取消企业微信推送消息通知🚫

您未提供企业微信应用消息推送所需的QYWX_AM，取消企业微信应用消息推送消息通知🚫

您未提供iGot的推送IGOT_PUSH_KEY，取消iGot推送消息通知🚫


******开始【京东账号4】jd_157332ewky*********

由于您第4个京东账号未提供shareCode,将采纳本脚本自带的助力码

第4个京东账号将要助力的好友["28a699ac78d74aa3b31f7103597f8927","2f14ee9c92954cf79829320dd482bf49","fdf827db272543d88dbb51a505c2e869"]
用户【jd_157332ewky】信息获取成功
京东账号4尚未开启口袋书店，请手动开启

提示：从五月份开始，需要手动进入一下活动页面。不然即使是开启了这个活动。跑脚本也提示未开启活动


******开始【京东账号5】jd_157332zdf*********

由于您第5个京东账号未提供shareCode,将采纳本脚本自带的助力码

第5个京东账号将要助力的好友["28a699ac78d74aa3b31f7103597f8927","2f14ee9c92954cf79829320dd482bf49","fdf827db272543d88dbb51a505c2e869"]
用户【jd_157332zdf】信息获取成功
京东账号5尚未开启口袋书店，请手动开启

提示：从五月份开始，需要手动进入一下活动页面。不然即使是开启了这个活动。跑脚本也提示未开启活动


🔔口袋书店, 结束! 🕛 11.298 秒

