
🔔✈️天天加速, 开始!

====================共4个京东账号Cookie=========

==================脚本执行- 北京时间(UTC+8)：6/30/2021, 3:55:27 PM=====================


开始【京东账号1】15631692383_p


天天加速任务进行中

检查是否可领虫洞京豆奖励

==============📣系统通知📣==============
✈️天天加速
京东账号1  15631692383_p
虫洞任务：获得300京豆
您未提供push+推送所需的PUSH_PLUS_TOKEN，取消push+推送消息通知🚫

server酱发送通知消息成功🎉

您未提供Bark的APP推送BARK_PUSH，取消Bark推送消息通知🚫

您未提供telegram机器人推送所需的TG_BOT_TOKEN和TG_USER_ID，取消telegram推送消息通知🚫

您未提供钉钉机器人推送所需的DD_BOT_TOKEN或者DD_BOT_SECRET，取消钉钉推送消息通知🚫

您未提供企业微信机器人推送所需的QYWX_KEY，取消企业微信推送消息通知🚫

您未提供企业微信应用消息推送所需的QYWX_AM，取消企业微信应用消息推送消息通知🚫

您未提供iGot的推送IGOT_PUSH_KEY，取消iGot推送消息通知🚫





开始【京东账号2】jd_74a8d71c978d9


天天加速任务进行中

检查是否可领虫洞京豆奖励
暂无可领取的虫洞京豆奖励




开始【京东账号3】chao4596758


天天加速任务进行中

检查是否可领虫洞京豆奖励
暂无可领取的虫洞京豆奖励




开始【京东账号4】jd_46df9eaa780aa


天天加速任务进行中

检查是否可领虫洞京豆奖励

==============📣系统通知📣==============
✈️天天加速
京东账号4  jd_46df9eaa780aa
虫洞任务：获得200京豆
您未提供push+推送所需的PUSH_PLUS_TOKEN，取消push+推送消息通知🚫

server酱发送通知消息成功🎉

您未提供Bark的APP推送BARK_PUSH，取消Bark推送消息通知🚫

您未提供telegram机器人推送所需的TG_BOT_TOKEN和TG_USER_ID，取消telegram推送消息通知🚫

您未提供钉钉机器人推送所需的DD_BOT_TOKEN或者DD_BOT_SECRET，取消钉钉推送消息通知🚫

您未提供企业微信机器人推送所需的QYWX_KEY，取消企业微信推送消息通知🚫

您未提供企业微信应用消息推送所需的QYWX_AM，取消企业微信应用消息推送消息通知🚫

您未提供iGot的推送IGOT_PUSH_KEY，取消iGot推送消息通知🚫





🔔✈️天天加速, 结束! 🕛 27.071 秒

