
🔔✈️天天加速, 开始!

====================共5个京东账号Cookie=========

==================脚本执行- 北京时间(UTC+8)：7/2/2021, 11:02:01 AM=====================


开始【京东账号1】15631692383_p


天天加速任务进行中

检查是否可领虫洞京豆奖励
暂无可领取的虫洞京豆奖励




开始【京东账号2】jd_74a8d71c978d9


天天加速任务进行中

检查是否可领虫洞京豆奖励
暂无可领取的虫洞京豆奖励




开始【京东账号3】chao4596758


天天加速任务进行中

检查是否可领虫洞京豆奖励
暂无可领取的虫洞京豆奖励




开始【京东账号4】jd_46df9eaa780aa


天天加速任务进行中

检查是否可领虫洞京豆奖励
暂无可领取的虫洞京豆奖励




开始【京东账号5】jd_67f63c904d8c6


天天加速任务进行中

检查是否可领虫洞京豆奖励
暂无可领取的虫洞京豆奖励




🔔✈️天天加速, 结束! 🕛 3.099 秒

