
🔔点点券, 开始!

====================共2个京东账号Cookie=========

==================脚本执行- 北京时间(UTC+8)：7/9/2021, 9:22:16 PM=====================


通知：京东已在领取任务、签到、领取点点券三个添加了log做了校验，暂时无可解决


开始【京东账号1】15631692383_p


【点击“领券”】 任务已领取但未完成,开始完成此任务
需等待15秒
点击首页领券图标(进入领券中心浏览15s)任务:{"code":"600","echo":"signature verification failed"}
浏览精选活动奖励已领取
玩锦鲤红包奖励已领取
玩拼券活动奖励已领取
逛券后9.9奖励已领取
去买省钱券包奖励已领取
当前7/9/2021, 9:22:47 PM已签到

==============📣系统通知📣==============
点点券
京东账号1 15631692383_p
当前点点券：3020个
可兑换无门槛红包：3.02元
点击弹窗即可去兑换(注：此红包具有时效性)

开始【京东账号2】jd_74a8d71c978d9

【点击券后9.9】 任务未领取,开始领取此任务
领取任务结果：{"rtn_code":403,"rtn_msg":"非法请求！"}
【点击券后9.9】 任务领取成功,开始完成此任务
需等待30秒
点击“券后9.9”任务:{"code":"600","echo":"signature verification failed"}
【浏览精选活动】 任务未领取,开始领取此任务
领取任务结果：{"rtn_code":403,"rtn_msg":"非法请求！"}
【浏览精选活动】 任务领取成功,开始完成此任务
【玩锦鲤红包】 任务未领取,开始领取此任务
领取任务结果：{"rtn_code":403,"rtn_msg":"非法请求！"}
【玩锦鲤红包】 任务领取成功,开始完成此任务
做任务结果：{"data":{"biz_code":1002,"biz_msg":"用户未领取该任务"},"rtn_code":0,"rtn_msg":"请求成功！"}
【玩拼券活动】 任务未领取,开始领取此任务
领取任务结果：{"rtn_code":403,"rtn_msg":"非法请求！"}
【玩拼券活动】 任务领取成功,开始完成此任务
做任务结果：{"data":{"biz_code":1002,"biz_msg":"用户未领取该任务"},"rtn_code":0,"rtn_msg":"请求成功！"}
【逛券后9.9】 任务未领取,开始领取此任务
领取任务结果：{"rtn_code":403,"rtn_msg":"非法请求！"}
【逛券后9.9】 任务领取成功,开始完成此任务
做任务结果：{"data":{"biz_code":1002,"biz_msg":"用户未领取该任务"},"rtn_code":0,"rtn_msg":"请求成功！"}
【去买省钱券包】 任务未领取,开始领取此任务
领取任务结果：{"rtn_code":403,"rtn_msg":"非法请求！"}
【去买省钱券包】 任务领取成功,开始完成此任务
做任务结果：{"data":{"biz_code":1002,"biz_msg":"用户未领取该任务"},"rtn_code":0,"rtn_msg":"请求成功！"}

开始每日签到
每日签到失败：{"rtn_code":403,"rtn_msg":"非法请求！"}


==============📣系统通知📣==============
点点券
京东账号2 jd_74a8d71c978d9
当前点点券：0个
可兑换无门槛红包：0元
点击弹窗即可去兑换(注：此红包具有时效性)
您未提供push+推送所需的PUSH_PLUS_TOKEN，取消push+推送消息通知🚫

server酱发送通知消息成功🎉

您未提供Bark的APP推送BARK_PUSH，取消Bark推送消息通知🚫

您未提供telegram机器人推送所需的TG_BOT_TOKEN和TG_USER_ID，取消telegram推送消息通知🚫

您未提供钉钉机器人推送所需的DD_BOT_TOKEN或者DD_BOT_SECRET，取消钉钉推送消息通知🚫

您未提供企业微信机器人推送所需的QYWX_KEY，取消企业微信推送消息通知🚫

您未提供企业微信应用消息推送所需的QYWX_AM，取消企业微信应用消息推送消息通知🚫

您未提供iGot的推送IGOT_PUSH_KEY，取消iGot推送消息通知🚫


🔔点点券, 结束! 🕛 74.973 秒

