
🔔点点券, 开始!

====================共4个京东账号Cookie=========

==================脚本执行- 北京时间(UTC+8)：6/30/2021, 3:40:48 PM=====================


通知：京东已在领取任务、签到、领取点点券三个添加了log做了校验，暂时无可解决


开始【京东账号1】15631692383_p


【点击“领券”】 任务已领取但未完成,开始完成此任务
需等待15秒
点击首页领券图标(进入领券中心浏览15s)任务:{"code":"600","echo":"signature verification failed"}
【玩锦鲤红包】 任务已做完,奖励未领取
浏览精选活动奖励已领取
玩拼券活动奖励已领取
逛券后9.9奖励已领取
去买省钱券包奖励已领取
当前6/30/2021, 3:41:04 PM已签到

开始领取点点券
领取点点券失败：{"rtn_code":403,"rtn_msg":"非法请求！"}


开始【京东账号2】jd_74a8d71c978d9

【点击券后9.9】 任务未领取,开始领取此任务
领取任务结果：{"rtn_code":403,"rtn_msg":"非法请求！"}
【点击券后9.9】 任务领取成功,开始完成此任务
需等待30秒
点击“券后9.9”任务:{"code":"600","echo":"signature verification failed"}
【浏览精选活动】 任务未领取,开始领取此任务
领取任务结果：{"rtn_code":403,"rtn_msg":"非法请求！"}
【浏览精选活动】 任务领取成功,开始完成此任务
【玩锦鲤红包】 任务未领取,开始领取此任务
领取任务结果：{"rtn_code":403,"rtn_msg":"非法请求！"}
【玩锦鲤红包】 任务领取成功,开始完成此任务
做任务结果：{"data":{"biz_code":1002,"biz_msg":"用户未领取该任务"},"rtn_code":0,"rtn_msg":"请求成功！"}
【玩拼券活动】 任务未领取,开始领取此任务
领取任务结果：{"rtn_code":403,"rtn_msg":"非法请求！"}
【玩拼券活动】 任务领取成功,开始完成此任务
做任务结果：{"data":{"biz_code":1002,"biz_msg":"用户未领取该任务"},"rtn_code":0,"rtn_msg":"请求成功！"}
【逛券后9.9】 任务未领取,开始领取此任务
领取任务结果：{"rtn_code":403,"rtn_msg":"非法请求！"}
【逛券后9.9】 任务领取成功,开始完成此任务
做任务结果：{"data":{"biz_code":1002,"biz_msg":"用户未领取该任务"},"rtn_code":0,"rtn_msg":"请求成功！"}
【去买省钱券包】 任务未领取,开始领取此任务
领取任务结果：{"rtn_code":403,"rtn_msg":"非法请求！"}
【去买省钱券包】 任务领取成功,开始完成此任务
做任务结果：{"data":{"biz_code":1002,"biz_msg":"用户未领取该任务"},"rtn_code":0,"rtn_msg":"请求成功！"}

开始每日签到
每日签到失败：{"rtn_code":403,"rtn_msg":"非法请求！"}


开始【京东账号3】chao4596758

【点击“领券”】 任务未领取,开始领取此任务
领取任务结果：{"rtn_code":403,"rtn_msg":"非法请求！"}
【点击“领券”】 任务领取成功,开始完成此任务
需等待15秒
点击首页领券图标(进入领券中心浏览15s)任务:{"code":"600","echo":"signature verification failed"}
【浏览精选活动】 任务未领取,开始领取此任务
领取任务结果：{"rtn_code":403,"rtn_msg":"非法请求！"}
【浏览精选活动】 任务领取成功,开始完成此任务
【玩锦鲤红包】 任务未领取,开始领取此任务
领取任务结果：{"rtn_code":403,"rtn_msg":"非法请求！"}
【玩锦鲤红包】 任务领取成功,开始完成此任务
做任务结果：{"data":{"biz_code":1002,"biz_msg":"用户未领取该任务"},"rtn_code":0,"rtn_msg":"请求成功！"}
【玩拼券活动】 任务未领取,开始领取此任务
领取任务结果：{"rtn_code":403,"rtn_msg":"非法请求！"}
【玩拼券活动】 任务领取成功,开始完成此任务
做任务结果：{"data":{"biz_code":1002,"biz_msg":"用户未领取该任务"},"rtn_code":0,"rtn_msg":"请求成功！"}
【逛券后9.9】 任务未领取,开始领取此任务
领取任务结果：{"rtn_code":403,"rtn_msg":"非法请求！"}
【逛券后9.9】 任务领取成功,开始完成此任务
做任务结果：{"data":{"biz_code":1002,"biz_msg":"用户未领取该任务"},"rtn_code":0,"rtn_msg":"请求成功！"}
【去买省钱券包】 任务未领取,开始领取此任务
领取任务结果：{"rtn_code":403,"rtn_msg":"非法请求！"}
【去买省钱券包】 任务领取成功,开始完成此任务
做任务结果：{"data":{"biz_code":1002,"biz_msg":"用户未领取该任务"},"rtn_code":0,"rtn_msg":"请求成功！"}

开始每日签到
每日签到失败：{"rtn_code":403,"rtn_msg":"非法请求！"}


开始领取点点券
领取点点券失败：{"rtn_code":403,"rtn_msg":"非法请求！"}


开始【京东账号4】jd_46df9eaa780aa

【点击券后9.9】 任务未领取,开始领取此任务
领取任务结果：{"rtn_code":403,"rtn_msg":"非法请求！"}
【点击券后9.9】 任务领取成功,开始完成此任务
需等待30秒
点击“券后9.9”任务:{"code":"600","echo":"signature verification failed"}
【浏览精选活动】 任务未领取,开始领取此任务
领取任务结果：{"rtn_code":403,"rtn_msg":"非法请求！"}
【浏览精选活动】 任务领取成功,开始完成此任务
【玩锦鲤红包】 任务未领取,开始领取此任务
领取任务结果：{"rtn_code":403,"rtn_msg":"非法请求！"}
【玩锦鲤红包】 任务领取成功,开始完成此任务
做任务结果：{"data":{"biz_code":1002,"biz_msg":"用户未领取该任务"},"rtn_code":0,"rtn_msg":"请求成功！"}
【玩拼券活动】 任务未领取,开始领取此任务
领取任务结果：{"rtn_code":403,"rtn_msg":"非法请求！"}
【玩拼券活动】 任务领取成功,开始完成此任务
做任务结果：{"data":{"biz_code":1002,"biz_msg":"用户未领取该任务"},"rtn_code":0,"rtn_msg":"请求成功！"}
【逛券后9.9】 任务未领取,开始领取此任务
领取任务结果：{"rtn_code":403,"rtn_msg":"非法请求！"}
【逛券后9.9】 任务领取成功,开始完成此任务
做任务结果：{"data":{"biz_code":1002,"biz_msg":"用户未领取该任务"},"rtn_code":0,"rtn_msg":"请求成功！"}
【去买省钱券包】 任务未领取,开始领取此任务
领取任务结果：{"rtn_code":403,"rtn_msg":"非法请求！"}
【去买省钱券包】 任务领取成功,开始完成此任务
做任务结果：{"data":{"biz_code":1002,"biz_msg":"用户未领取该任务"},"rtn_code":0,"rtn_msg":"请求成功！"}

开始每日签到
每日签到失败：{"rtn_code":403,"rtn_msg":"非法请求！"}


开始领取点点券
领取点点券失败：{"rtn_code":403,"rtn_msg":"非法请求！"}


🔔点点券, 结束! 🕛 121.721 秒

