
🔔京喜领88元红包, 开始!

====================共2个京东账号Cookie=========

==================脚本执行- 北京时间(UTC+8)：7/9/2021, 9:30:02 PM=====================

京喜领88元红包
活动入口：京喜app-》我的-》京喜领88元红包
助力逻辑：先自己京东账号相互助力，如有剩余助力机会，则助力作者
温馨提示：如提示助力火爆，可尝试寻找京东客服

*****开始【京东账号1】Ymh__Sirius*****

活动开启失败：活动已结束

获取助力码失败：活动已结束


*****开始【京东账号2】Ycp_Dream*****

活动开启失败：活动已结束

获取助力码失败：活动已结束



自己京东账号助力码：
[]



开始助力：助力逻辑 先自己京东相互助力，如有剩余助力机会，则助力作者


【15631692383_p】有剩余助力机会，开始助力作者

【15631692383_p】去助力作者的邀请码：4
助力失败:活动已结束

【15631692383_p】去助力作者的邀请码：0
助力失败:活动已结束

【15631692383_p】去助力作者的邀请码：4
助力失败:活动已结束

【15631692383_p】去助力作者的邀请码：:
助力失败:活动已结束

【15631692383_p】去助力作者的邀请码： 
助力失败:参数错误

【15631692383_p】去助力作者的邀请码：N
助力失败:活动已结束

【15631692383_p】去助力作者的邀请码：o
助力失败:活动已结束

【15631692383_p】去助力作者的邀请码：t
助力失败:活动已结束

【15631692383_p】去助力作者的邀请码： 
助力失败:参数错误

【15631692383_p】去助力作者的邀请码：F
助力失败:活动已结束

【15631692383_p】去助力作者的邀请码：o
助力失败:活动已结束

【15631692383_p】去助力作者的邀请码：u
助力失败:活动已结束

【15631692383_p】去助力作者的邀请码：n
助力失败:活动已结束

【15631692383_p】去助力作者的邀请码：d
助力失败:活动已结束


【jd_74a8d71c978d9】有剩余助力机会，开始助力作者

【jd_74a8d71c978d9】去助力作者的邀请码：4
温馨提示：如提示助力火爆，可尝试寻找京东客服
助力失败:活动太火爆，暂时无法助力，<br>请稍后再试


🔔京喜领88元红包, 结束! 🕛 44.695 秒

