
🔔京喜领88元红包, 开始!

====================共4个京东账号Cookie=========

==================脚本执行- 北京时间(UTC+8)：6/30/2021, 12:30:02 PM=====================

京喜领88元红包
活动入口：京喜app-》我的-》京喜领88元红包
助力逻辑：先自己京东账号相互助力，如有剩余助力机会，则助力作者
温馨提示：如提示助力火爆，可尝试寻找京东客服

*****开始【京东账号1】Ymh__Sirius*****

活动开启失败：活动已结束

获取助力码失败：活动已结束


*****开始【京东账号2】Ycp_Dream*****

活动开启失败：活动已结束

获取助力码失败：活动已结束


*****开始【京东账号3】jd_585601a83bd48*****

活动开启失败：活动已结束

获取助力码失败：活动已结束


*****开始【京东账号4】jd_157332ewky*****

活动开启失败：活动已结束

获取助力码失败：活动已结束



自己京东账号助力码：
[]



开始助力：助力逻辑 先自己京东相互助力，如有剩余助力机会，则助力作者


【15631692383_p】有剩余助力机会，开始助力作者

【15631692383_p】去助力作者的邀请码：Gf6BFKbF2JQc9_zEsFLi82xKERcMSMLmN_sCElBW2MIOrgDXuStlcjsUfpsHL3To
温馨提示：如提示助力火爆，可尝试寻找京东客服
助力失败:活动太火爆，暂时无法助力，<br>请稍后再试


【jd_74a8d71c978d9】有剩余助力机会，开始助力作者

【jd_74a8d71c978d9】去助力作者的邀请码：Gf6BFKbF2JQc9_zEsFLi82xKERcMSMLmN_sCElBW2MIOrgDXuStlcjsUfpsHL3To
温馨提示：如提示助力火爆，可尝试寻找京东客服
助力失败:活动太火爆，暂时无法助力，<br>请稍后再试


【chao4596758】有剩余助力机会，开始助力作者

【chao4596758】去助力作者的邀请码：Gf6BFKbF2JQc9_zEsFLi82xKERcMSMLmN_sCElBW2MIOrgDXuStlcjsUfpsHL3To
助力失败:活动已结束

【chao4596758】去助力作者的邀请码：Gf6BFKbF2JQc9_zEsFLi89HSzNFFdWNbHdE3Kiy-_4eHlVGXIW5hGcrL7xCEFvEF
助力失败:活动已结束

【chao4596758】去助力作者的邀请码：Gf6BFKbF2JQc9_zEsFLi89FNOuW0z7L6NhypUNah8SdBamJcIbz-ZcVD6gNSE23w
助力失败:活动已结束

【chao4596758】去助力作者的邀请码：Gf6BFKbF2JQc9_zEsFLi80iUeDLtY7xhmjURvg84M8nRVr_HXkwLKKb7RDa8BtUO
助力失败:活动已结束

【chao4596758】去助力作者的邀请码：Gf6BFKbF2JQc9_zEsFLi89a3M2pyb-WosJDtnxWRN7_OYIprJzyG08G-5DyFNxJR
助力失败:活动已结束

【chao4596758】去助力作者的邀请码：Gf6BFKbF2JQc9_zEsFLi84BR-a-xKep9TpZ7hc6CPlt-p_Dne8059tEfUcmTsSP6
助力失败:活动已结束

【chao4596758】去助力作者的邀请码：Gf6BFKbF2JQc9_zEsFLi80D-0YcvpS6F8RpQeJEWApyoy0xz6HhdwxdBmc8dL8LO
助力失败:活动已结束

【chao4596758】去助力作者的邀请码：Gf6BFKbF2JQc9_zEsFLi89EO_3dCkY5wLn6MhoaBrwQIRE5Sh0txoO5tQN9wBhxD
助力失败:活动已结束

【chao4596758】去助力作者的邀请码：Gf6BFKbF2JQc9_zEsFLi86v9A9chfm5hb4SqA7pPO_11Ffe2U484vy5GrKcjlRVW
助力失败:活动已结束

【chao4596758】去助力作者的邀请码：Gf6BFKbF2JQc9_zEsFLi8wPgpCowu16mA3GFZnlBHtnGzenoZ_5afdsqjaqFPhRy
助力失败:活动已结束

【chao4596758】去助力作者的邀请码：Gf6BFKbF2JQc9_zEsFLi8645VZdRi4dZDFFyQmJqGuWwu6YHC3l75QudMtkfiRYH
助力失败:活动已结束

【chao4596758】去助力作者的邀请码：Gf6BFKbF2JQc9_zEsFLi8z5uxClCbRfu3oWlDHt_v_kU4MGUa_5qHiuXDb29YaPW
助力失败:活动已结束

【chao4596758】去助力作者的邀请码：Gf6BFKbF2JQc9_zEsFLi87LYCh6TGMC__Az-CRCLMqGcPjr1_wcitddNJSbetmpL
助力失败:活动已结束

【chao4596758】去助力作者的邀请码：Gf6BFKbF2JQc9_zEsFLi85yC8vD6gUKEQVbERuORteY
助力失败:活动已结束

【chao4596758】去助力作者的邀请码：Gf6BFKbF2JQc9_zEsFLi84YkaeXh9LC2FQ1IjeZw93DLBLJzsBZPtGo81zZ89hNX
助力失败:活动已结束

【chao4596758】去助力作者的邀请码：Gf6BFKbF2JQc9_zEsFLi80Gn_enM8PE9hDP3iQIdxX7hyzpyk1EUaqaxImkv9ONS
助力失败:活动已结束

【chao4596758】去助力作者的邀请码：Gf6BFKbF2JQc9_zEsFLi85XqIRCBFwyo9UJPRva6AoPpEhT277zBegjMMOsCNKEG
助力失败:活动已结束

【chao4596758】去助力作者的邀请码：Gf6BFKbF2JQc9_zEsFLi86loLT2NJb9JJbhJ_Ao9T1G1-d4Ftpj-HtmGf3uIf27y
助力失败:活动已结束

【chao4596758】去助力作者的邀请码：Gf6BFKbF2JQc9_zEsFLi802tWNfICCq7evZ7BU6OvpgqE0l1swHQIomce3HvMQkA
助力失败:活动已结束

【chao4596758】去助力作者的邀请码：Gf6BFKbF2JQc9_zEsFLi81tA5uG97IcaQqEdSpdy7FD0ol1D1yevkYsJylu6H8kt
助力失败:活动已结束

【chao4596758】去助力作者的邀请码：Gf6BFKbF2JQc9_zEsFLi87Odrkvlv01sv7X2kDXEtBFEBSFgrtfF1wuHlgq3Z9Zl
助力失败:活动已结束

【chao4596758】去助力作者的邀请码：Gf6BFKbF2JQc9_zEsFLi8_9R2C6nOSIUZAKAm8DsubflGlXFktW-qi6Z8vBhIR51
助力失败:活动已结束

【chao4596758】去助力作者的邀请码：Gf6BFKbF2JQc9_zEsFLi8-4LFSt7h_uqWzO71HJ9PxXmQ_Nkb1vYSLnn-kT68KlC
助力失败:活动已结束

【chao4596758】去助力作者的邀请码：Gf6BFKbF2JQc9_zEsFLi82-QWo1Zoql9K57wZalJlXxnuZwrqyAXuvd8aE1dHv75
助力失败:活动已结束

【chao4596758】去助力作者的邀请码：Gf6BFKbF2JQc9_zEsFLi8zid7TxMe5MdMOkLtvQ6pv95aJj2RMbaJ4m-LjFmKOAo
助力失败:活动已结束


【jd_46df9eaa780aa】有剩余助力机会，开始助力作者

【jd_46df9eaa780aa】去助力作者的邀请码：Gf6BFKbF2JQc9_zEsFLi82xKERcMSMLmN_sCElBW2MIOrgDXuStlcjsUfpsHL3To
温馨提示：如提示助力火爆，可尝试寻找京东客服
助力失败:活动太火爆，暂时无法助力，<br>请稍后再试


🔔京喜领88元红包, 结束! 🕛 135.103 秒

