
🔔美丽研究院, 开始!

====================共5个京东账号Cookie=========

==================脚本执行- 北京时间(UTC+8)：7/2/2021, 8:04:43 AM=====================


******开始【京东账号1】15631692383_p*********

***检测账号是否黑号***
isvToken:AAEAIKdyyLQ8Vk91bQ3t91ytyZQBtF8izIYagk-C9fPkupby0
token2:AAFg3lgcADCqbweYQ53y5iWb37sAIlV_VS3DcB869ONfWchlI5va5d0qHSySH91p0AraUMTKKzU
【$.token】 eyJ0eXAiOiJKV1QiLCJhbGciOiJIUzI1NiJ9.eyJpc3MiOiJodHRwOlwvXC8xMjcuMC4wLjE6OTUwMlwvYXBpXC9hdXRoIiwiaWF0IjoxNjI1MTg0Mjg0LCJleHAiOjE2MjUyMjc0ODQsIm5iZiI6MTYyNTE4NDI4NCwianRpIjoiZFpsMGZLNWdVcGlXMWFTdiIsInN1YiI6MTY0MDA2NCwicHJ2IjoiMjNiZDVjODk0OWY2MDBhZGIzOWU3MDFjNDAwODcyZGI3YTU5NzZmNyJ9.6dBkcI5rXSkw7vITbhBZ0O-xZFlPNdUtl_LZ7v91Y7Y
美容研究院服务器连接成功
操作成功，账号正常
服务器连接关闭
wss://xinruimz-isv.isvjcloud.com/wss/?token=eyJ0eXAiOiJKV1QiLCJhbGciOiJIUzI1NiJ9.eyJpc3MiOiJodHRwOlwvXC8xMjcuMC4wLjE6OTUwMlwvYXBpXC9hdXRoIiwiaWF0IjoxNjI1MTg0Mjg0LCJleHAiOjE2MjUyMjc0ODQsIm5iZiI6MTYyNTE4NDI4NCwianRpIjoiZFpsMGZLNWdVcGlXMWFTdiIsInN1YiI6MTY0MDA2NCwicHJ2IjoiMjNiZDVjODk0OWY2MDBhZGIzOWU3MDFjNDAwODcyZGI3YTU5NzZmNyJ9.6dBkcI5rXSkw7vITbhBZ0O-xZFlPNdUtl_LZ7v91Y7Y
美容研究院服务器连接成功

开始任务：""check_up"
去领取第1次签到奖励

开始任务：""get_package"
仓库信息:【乳化剂】100份 【油脂】50份 【保湿剂】990份 【滑石粉】694份 【树脂】965份 【滋润剂】294份 【香料】199份 【乙醇】264份 【蜂蜡】154份 【胶合剂】148份 

开始任务：""get_ad"
当期活动：美妆馆日常
去做签到任务

开始任务：""get_user"
当前美妆币760，用户等级3

开始任务：""check_up_receive"
任务完成成功，获得100美妆币
helpInfo []

开始任务：""sign_in"

开始任务：""shop_products"
去做关注店铺任务
去做关注店铺【亲润美妆专营店】

开始任务：""get_produce_material"
get_produce_material 操作成功
去做关注店铺【欧莱雅京东自营官方旗舰店】

开始任务：""get_package"
仓库信息:【乳化剂】100份 【油脂】50份 【保湿剂】990份 【滑石粉】694份 【树脂】965份 【滋润剂】294份 【香料】199份 【乙醇】264份 【蜂蜡】154份 【胶合剂】148份 
========原料生产信息========

开始任务：""shop_view"
任务完成成功，获得50美妆币
去做关注店铺【京东美妆严选自营旗舰店】

开始任务：""product_producing"

开始任务：""produce_position_info_v2"
【b2】上尚未开始生产
$.needs:[]
elsema:undefined
ma booleamfalse

开始任务：""shop_view"
任务完成成功，获得50美妆币

开始任务：""product_lists"
========可生产商品信息========
need_material:[{"id":9,"name":"颜料","pic":"https://jd-beauty-cdn.h5.sinreweb.com/jd-beauty/images/5848195fe60aee4f923cd7eb7cec810b.png","coins":5}]
生产【粉饼】需要原料“滑石粉2 份” （库存 694 份）需要原料“颜料4 份” (没有库存)需要原料“胶合剂2 份” （库存 148 份）
【粉饼】原料不足，无法生产
need_material:[{"id":9,"name":"颜料","pic":"https://jd-beauty-cdn.h5.sinreweb.com/jd-beauty/images/5848195fe60aee4f923cd7eb7cec810b.png","coins":5},{"id":4,"name":"矿物质水","pic":"https://jd-beauty-cdn.h5.sinreweb.com/jd-beauty/images/3695a1e9d9a12e3de804e039463399fb.png","coins":5}]
生产【香水】需要原料“矿物质水3 份” (没有库存)需要原料“香料3 份” （库存 199 份）需要原料“乙醇1 份” （库存 264 份）
【香水】原料不足，无法生产
need_material:[{"id":9,"name":"颜料","pic":"https://jd-beauty-cdn.h5.sinreweb.com/jd-beauty/images/5848195fe60aee4f923cd7eb7cec810b.png","coins":5},{"id":4,"name":"矿物质水","pic":"https://jd-beauty-cdn.h5.sinreweb.com/jd-beauty/images/3695a1e9d9a12e3de804e039463399fb.png","coins":5}]
生产【口红】需要原料“油脂2 份” （库存 50 份）需要原料“颜料4 份” (没有库存)需要原料“蜂蜡2 份” （库存 154 份）
【口红】原料不足，无法生产
=======================

开始任务：""get_user"
当前美妆币1060，用户等级3
去做关注店铺【碧欧泉男士京东自营官方旗舰店】

开始任务：""produce_position_info_v2"
【b1】上正在生产【蜂蜡】，可收取 0 份
去收取蜂蜡

开始任务：""produce_position_info_v2"
【h2】上正在生产【矿物质水】，可收取 0 份
去收取矿物质水

开始任务：""get_benefit"
benefit:{"id":7,"type":1,"name":"京豆","coins":"1000","description":"1 京豆","image":"https://jd-beauty-cdn.h5.sinreweb.com/jd-beauty-laboratory-20201102/images/0dcdc19525d059f863ddf7b39ba1f72f.jpg","global_daily_limit":0,"day_limit":8,"level_limit":1,"times_limit":0,"initial_stock":16000000,"stock":"82433483","sort":100000,"status":1,"setting":{"beans_count":"1","gift_bag":"0"},"created_at":"2020-11-11 14:16:44","updated_at":"2021-06-23 10:34:12","all_exchange_count":92,"day_exchange_count":0}

开始任务：""produce_position_info_v2"
【h1】上尚未开始生产
$.needs:[{"id":9,"name":"颜料","pic":"https://jd-beauty-cdn.h5.sinreweb.com/jd-beauty/images/5848195fe60aee4f923cd7eb7cec810b.png","coins":5},{"id":4,"name":"矿物质水","pic":"https://jd-beauty-cdn.h5.sinreweb.com/jd-beauty/images/3695a1e9d9a12e3de804e039463399fb.png","coins":5}]
ma:{"id":4,"name":"矿物质水","pic":"https://jd-beauty-cdn.h5.sinreweb.com/jd-beauty/images/3695a1e9d9a12e3de804e039463399fb.png","coins":5}
ma booleamtrue
去生产矿物质水

开始任务：""shop_view"
任务完成成功，获得50美妆币

开始任务：""shop_view"
任务完成成功，获得50美妆币
去做关注店铺【法国娇韵诗京东自营旗舰店】

开始任务：""produce_position_info_v2"
【s1】上尚未开始生产
$.needs:[{"id":9,"name":"颜料","pic":"https://jd-beauty-cdn.h5.sinreweb.com/jd-beauty/images/5848195fe60aee4f923cd7eb7cec810b.png","coins":5}]
ma:{"id":9,"name":"颜料","pic":"https://jd-beauty-cdn.h5.sinreweb.com/jd-beauty/images/5848195fe60aee4f923cd7eb7cec810b.png","coins":5}
ma booleamtrue
去生产颜料

开始任务：""produce_position_info_v2"
【s2】上正在生产【颜料】，可收取 0 份
去收取颜料

开始任务：""material_fetch_v2"
【b1】收取成功，获得undefined份

本次运行获得美妆币300
服务器连接关闭

开始任务：""to_employee"
雇佣助力码【hsTBOuqc】

==============📣系统通知📣==============
美丽研究院
京东账号115631692383_p
本次运行获得美妆币300枚
当前美妆币1110

开始任务：""new_product_fetch"
收取产品【粉饼】25份

******开始【京东账号2】Ycp_Dream*********

***检测账号是否黑号***
isvToken:AAEAIO851tmWbtyJTsi-UdDJ_H6cnQj7I4fyTGIQwZgCgaEw0

开始任务：""to_employee"
雇佣助力码【hjIr26cl】

开始任务：""material_fetch_v2"
【h2】收取成功，获得undefined份

去做第1次浏览会场任务
token2:AAFg3lgoADBUkjcde4jWvQYSgogJleRB1gA9wD0bhGXzt7B02VEUfHCLIWjbhFaRmkUKOzVVS1U

开始任务：""shop_view"
任务完成失败，错误信息请求太频繁，请稍后再试
【$.token】 eyJ0eXAiOiJKV1QiLCJhbGciOiJIUzI1NiJ9.eyJpc3MiOiJodHRwOlwvXC8xMjcuMC4wLjE6OTUwMlwvYXBpXC9hdXRoIiwiaWF0IjoxNjI1MTg0Mjk2LCJleHAiOjE2MjUyMjc0OTYsIm5iZiI6MTYyNTE4NDI5NiwianRpIjoiRUdjM2FTUXk2S3JHTml5OSIsInN1YiI6MjkzNjYwNCwicHJ2IjoiMjNiZDVjODk0OWY2MDBhZGIzOWU3MDFjNDAwODcyZGI3YTU5NzZmNyJ9.RUZjmLI8LmrCYwX9J8oC5wJIJSuyu5BGJIBma3ddA8A

开始任务：""collect_coins"
收取成功，获得1740美妆币，当前总美妆币：2850

美容研究院服务器连接成功

开始任务：""material_produce_v2"
【h1】上开始生产矿物质水
操作成功，账号正常
服务器连接关闭

开始任务：""write"

开始任务：""to_exchange"
兑换10京豆成功;{"data":{"coins":-1000,"user_coins":1900},"msg":"操作成功","code":200,"action":"to_exchange"}

开始任务：""material_produce_v2"
【undefined】上开始生产undefined
wss://xinruimz-isv.isvjcloud.com/wss/?token=eyJ0eXAiOiJKV1QiLCJhbGciOiJIUzI1NiJ9.eyJpc3MiOiJodHRwOlwvXC8xMjcuMC4wLjE6OTUwMlwvYXBpXC9hdXRoIiwiaWF0IjoxNjI1MTg0Mjk2LCJleHAiOjE2MjUyMjc0OTYsIm5iZiI6MTYyNTE4NDI5NiwianRpIjoiRUdjM2FTUXk2S3JHTml5OSIsInN1YiI6MjkzNjYwNCwicHJ2IjoiMjNiZDVjODk0OWY2MDBhZGIzOWU3MDFjNDAwODcyZGI3YTU5NzZmNyJ9.RUZjmLI8LmrCYwX9J8oC5wJIJSuyu5BGJIBma3ddA8A

开始任务：""material_fetch_v2"
任务完成失败，错误信息请求太频繁，请稍后再试
美容研究院服务器连接成功
helpInfo []
去做第2次浏览会场任务

开始任务：""check_up"
去领取第1次签到奖励

开始任务：""get_ad"
当期活动：美妆馆日常
去做签到任务

开始任务：""check_up_receive"
任务完成成功，获得100美妆币

开始任务：""get_package"
仓库信息:【乳化剂】198份 【颜料】120份 【矿物质水】198份 【保湿剂】297份 【滑石粉】100份 【油脂】99份 【香料】10份 【滋润剂】20份 【树脂】10份 

开始任务：""shop_products"
去做关注店铺任务
去做关注店铺【亲润美妆专营店】

开始任务：""get_user"
当前美妆币160，用户等级2
去做第3次浏览会场任务

开始任务：""product_producing"

开始任务：""get_produce_material"
get_produce_material 操作成功

开始任务：""sign_in"
去做关注店铺【欧莱雅京东自营官方旗舰店】

开始任务：""shop_view"
任务完成成功，获得50美妆币
========原料生产信息========
去做关注店铺【京东美妆严选自营旗舰店】
去做第4次浏览会场任务

开始任务：""get_package"
仓库信息:【乳化剂】198份 【颜料】120份 【矿物质水】198份 【保湿剂】297份 【滑石粉】100份 【油脂】99份 【香料】10份 【滋润剂】20份 【树脂】10份 

开始任务：""product_lists"
========可生产商品信息========
生产【腮红】需要原料“滑石粉1 份” （库存 100 份）需要原料“颜料3 份” （库存 120 份）需要原料“香料2 份” （库存 10 份），可生产 5份
【腮红】可生产份数大于0，去生产

开始任务：""produce_position_info_v2"
【h1】上正在生产【滋润剂】，可收取 0 份
去收取滋润剂

开始任务：""produce_position_info_v2"
【h2】上正在生产【颜料】，可收取 0 份
去收取颜料

开始任务：""produce_position_info_v2"
【b1】上正在生产【树脂】，可收取 0 份
去收取树脂

开始任务：""get_user"
当前美妆币460，用户等级2

开始任务：""produce_position_info_v2"
【s2】上正在生产【滋润剂】，可收取 0 份
去收取滋润剂

开始任务：""produce_position_info_v2"
【s1】上正在生产【树脂】，可收取 0 份
去收取树脂
生产【乳液】需要原料“矿物质水1 份” （库存 198 份）需要原料“保湿剂1 份” （库存 297 份）需要原料“滋润剂3 份” （库存 20 份），可生产 6份
【乳液】可生产份数大于0，去生产
去做关注店铺【碧欧泉男士京东自营官方旗舰店】

开始任务：""produce_position_info_v2"
【b2】上正在生产【香料】，可收取 0 份
去收取香料

开始任务：""shop_view"
任务完成成功，获得50美妆币

开始任务：""shop_view"
任务完成成功，获得50美妆币
生产【指甲油】需要原料“树脂2 份” （库存 10 份）需要原料“颜料4 份” （库存 120 份），可生产 5份
【指甲油】可生产份数大于0，去生产

开始任务：""to_employee"

开始任务：""material_fetch_v2"
【s2】收取成功，获得undefined份


开始任务：""collect_coins"
收取成功，获得0美妆币，当前总美妆币：510


开始任务：""to_employee"
雇佣助力码【FqUjLtj0】
去做关注店铺【法国娇韵诗京东自营旗舰店】
=======================
去做第5次浏览会场任务

开始任务：""shop_view"
任务完成成功，获得50美妆币

开始任务：""to_employee"
雇佣助力码【QyndQLTC】

开始任务：""to_employee"
雇佣助力码【TEBL2uL2】

开始任务：""material_fetch_v2"
【b1】收取成功，获得undefined份


开始任务：""shop_view"
任务完成成功，获得50美妆币

开始任务：""product_produce"
生产成功

开始任务：""product_produce"
生产成功

开始任务：""material_fetch_v2"
【h1】收取成功，获得undefined份


开始任务：""to_employee"
雇佣助力码【HnzYOFk0】
去做第1次浏览会场任务
benefit:{"id":9,"type":1,"name":"京豆大礼包(0点限量)","coins":"100000","description":"500颗京豆打包兑换","image":"https://jd-beauty-cdn.h5.sinreweb.com/jd-beauty-laboratory-20201102/images/0dcdc19525d059f863ddf7b39ba1f72f.jpg","global_daily_limit":20,"day_limit":1,"level_limit":1,"times_limit":0,"initial_stock":1000,"stock":"31","sort":99999,"status":1,"setting":{"beans_count":"500","gift_bag":"1"},"created_at":"2020-11-11 14:16:44","updated_at":"2021-06-23 10:34:19","all_exchange_count":0,"day_exchange_count":0}

开始任务：""to_employee"
雇佣助力码【0MTk1DsT】

开始任务：""get_benefit"
benefit:{"id":7,"type":1,"name":"京豆","coins":"1000","description":"1 京豆","image":"https://jd-beauty-cdn.h5.sinreweb.com/jd-beauty-laboratory-20201102/images/0dcdc19525d059f863ddf7b39ba1f72f.jpg","global_daily_limit":0,"day_limit":8,"level_limit":1,"times_limit":0,"initial_stock":16000000,"stock":"82433438","sort":100000,"status":1,"setting":{"beans_count":"1","gift_bag":"0"},"created_at":"2020-11-11 14:16:44","updated_at":"2021-06-23 10:34:12","all_exchange_count":18,"day_exchange_count":0}
benefit:{"id":9,"type":1,"name":"京豆大礼包(0点限量)","coins":"100000","description":"500颗京豆打包兑换","image":"https://jd-beauty-cdn.h5.sinreweb.com/jd-beauty-laboratory-20201102/images/0dcdc19525d059f863ddf7b39ba1f72f.jpg","global_daily_limit":20,"day_limit":1,"level_limit":1,"times_limit":0,"initial_stock":1000,"stock":"31","sort":99999,"status":1,"setting":{"beans_count":"500","gift_bag":"1"},"created_at":"2020-11-11 14:16:44","updated_at":"2021-06-23 10:34:19","all_exchange_count":0,"day_exchange_count":0}

开始任务：""material_fetch_v2"
【h2】收取成功，获得undefined份


开始任务：""material_fetch_v2"
【b2】收取成功，获得undefined份


开始任务：""material_fetch_v2"
【s1】收取成功，获得undefined份


开始任务：""product_produce"
生产成功
去做第6次浏览会场任务
去做第2次浏览会场任务

开始任务：""meetingplace_view"
任务完成成功，获得100美妆币

开始任务：""meetingplace_view"
任务完成成功，获得100美妆币
去做第7次浏览会场任务
去做第3次浏览会场任务

开始任务：""meetingplace_view"
任务完成成功，获得100美妆币
去做第8次浏览会场任务
去做第4次浏览会场任务
去做第9次浏览会场任务

开始任务：""meetingplace_view"
任务完成成功，获得100美妆币
去做第5次浏览会场任务
去做第10次浏览会场任务

开始任务：""meetingplace_view"
任务完成成功，获得100美妆币
去做第6次浏览会场任务
去做第11次浏览会场任务
去做第7次浏览会场任务

开始任务：""meetingplace_view"
任务完成成功，获得100美妆币

开始任务：""meetingplace_view"
任务完成成功，获得100美妆币
去做每日问答任务
去做第8次浏览会场任务

开始任务：""meetingplace_view"
任务完成成功，获得100美妆币
去做第9次浏览会场任务
去做第10次浏览会场任务

开始任务：""meetingplace_view"
任务完成成功，获得100美妆币

开始任务：""meetingplace_view"
任务完成成功，获得100美妆币
去做第11次浏览会场任务

开始任务：""meetingplace_view"
任务完成成功，获得100美妆币
去做每日问答任务

开始任务：""get_question"

开始任务：""submit_answer"
任务完成成功，获得200美妆币
本次运行获得美妆币1650
服务器连接关闭

==============📣系统通知📣==============
美丽研究院
京东账号2Ycp_Dream
本次运行获得美妆币1650枚
当前美妆币1960

******开始【京东账号3】jd_585601a83bd48*********

***检测账号是否黑号***
isvToken:AAEAIHRSrcm34c6oDIuNoNpWZfStMb7H1vZg6qJNSnMe8kqB0
token2:AAFg3liLADCanNVR_flzPpFsDbSopIgvwumPTPpynS716xIujDFJDTV5QDOhABZnObOKs4RkmwA
【$.token】 eyJ0eXAiOiJKV1QiLCJhbGciOiJIUzI1NiJ9.eyJpc3MiOiJodHRwOlwvXC8xMjcuMC4wLjE6OTUwMlwvYXBpXC9hdXRoIiwiaWF0IjoxNjI1MTg0Mzk1LCJleHAiOjE2MjUyMjc1OTUsIm5iZiI6MTYyNTE4NDM5NSwianRpIjoiQW92V094Y0NFT1U3VnZHVyIsInN1YiI6MjU0ODg0MywicHJ2IjoiMjNiZDVjODk0OWY2MDBhZGIzOWU3MDFjNDAwODcyZGI3YTU5NzZmNyJ9.O4ZKgWRREGYpatBmUVzdIT6grTmbYNeWWB2vFuGsK5w
美容研究院服务器连接成功
操作成功，账号正常
服务器连接关闭
wss://xinruimz-isv.isvjcloud.com/wss/?token=eyJ0eXAiOiJKV1QiLCJhbGciOiJIUzI1NiJ9.eyJpc3MiOiJodHRwOlwvXC8xMjcuMC4wLjE6OTUwMlwvYXBpXC9hdXRoIiwiaWF0IjoxNjI1MTg0Mzk1LCJleHAiOjE2MjUyMjc1OTUsIm5iZiI6MTYyNTE4NDM5NSwianRpIjoiQW92V094Y0NFT1U3VnZHVyIsInN1YiI6MjU0ODg0MywicHJ2IjoiMjNiZDVjODk0OWY2MDBhZGIzOWU3MDFjNDAwODcyZGI3YTU5NzZmNyJ9.O4ZKgWRREGYpatBmUVzdIT6grTmbYNeWWB2vFuGsK5w
美容研究院服务器连接成功
helpInfo [
  '{"msg":{"type":"action","args":{"inviter_id":"2936604","position":"h1","token":"FqUjLtj0"},"action":"employee"}}',
  '{"msg":{"type":"action","args":{"inviter_id":"2936604","position":"h2","token":"QyndQLTC"},"action":"employee"}}',
  '{"msg":{"type":"action","args":{"inviter_id":"2936604","position":"b1","token":"TEBL2uL2"},"action":"employee"}}',
  '{"msg":{"type":"action","args":{"inviter_id":"2936604","position":"s2","token":"HnzYOFk0"},"action":"employee"}}',
  '{"msg":{"type":"action","args":{"inviter_id":"2936604","position":"s1","token":"0MTk1DsT"},"action":"employee"}}'
]

开始任务：""get_user"
当前美妆币2030，用户等级2

开始任务：""employee"
您正在被其他好友雇佣中,不能被重复雇佣

开始任务：""employee"
您正在被其他好友雇佣中,不能被重复雇佣

开始任务：""get_ad"
当期活动：美妆馆日常
去做签到任务

开始任务：""employee"
您正在被其他好友雇佣中,不能被重复雇佣

开始任务：""check_up"
去领取第1次签到奖励

开始任务：""get_package"
仓库信息:【乳化剂】1份 【保湿剂】100份 【矿物质水】199份 【颜料】199份 【油脂】100份 【滑石粉】1份 

开始任务：""employee"
您正在被其他好友雇佣中,不能被重复雇佣

开始任务：""employee"
操作成功

开始任务：""shop_products"
去做关注店铺任务
去做关注店铺【亲润美妆专营店】

开始任务：""get_produce_material"
get_produce_material 操作成功

开始任务：""sign_in"

开始任务：""check_up_receive"
任务完成成功，获得100美妆币
========原料生产信息========
去做关注店铺【欧莱雅京东自营官方旗舰店】

开始任务：""product_producing"

开始任务：""get_package"
仓库信息:【乳化剂】1份 【保湿剂】100份 【矿物质水】199份 【颜料】199份 【油脂】100份 【滑石粉】1份 

开始任务：""product_lists"
========可生产商品信息========
need_material:[{"id":11,"name":"香料","pic":"https://jd-beauty-cdn.h5.sinreweb.com/jd-beauty/images/176fb5d65fba788bb4c6c01fce361ed7.png","coins":10}]
生产【腮红】需要原料“滑石粉1 份” （库存 1 份）需要原料“颜料3 份” （库存 199 份）需要原料“香料2 份” (没有库存)
【腮红】原料不足，无法生产
need_material:[{"id":11,"name":"香料","pic":"https://jd-beauty-cdn.h5.sinreweb.com/jd-beauty/images/176fb5d65fba788bb4c6c01fce361ed7.png","coins":10},{"id":14,"name":"滋润剂","pic":"https://jd-beauty-cdn.h5.sinreweb.com/jd-beauty/images/8ff5e799e3c182a3f54c2bfe42a78bb3.png","coins":10}]
生产【乳液】需要原料“矿物质水1 份” （库存 199 份）需要原料“保湿剂1 份” （库存 100 份）需要原料“滋润剂3 份” (没有库存)
【乳液】原料不足，无法生产
need_material:[{"id":11,"name":"香料","pic":"https://jd-beauty-cdn.h5.sinreweb.com/jd-beauty/images/176fb5d65fba788bb4c6c01fce361ed7.png","coins":10},{"id":14,"name":"滋润剂","pic":"https://jd-beauty-cdn.h5.sinreweb.com/jd-beauty/images/8ff5e799e3c182a3f54c2bfe42a78bb3.png","coins":10},{"id":7,"name":"树脂","pic":"https://jd-beauty-cdn.h5.sinreweb.com/jd-beauty/images/5acb239d0a0bccc2c31d89cd01036ff3.png","coins":10}]
生产【指甲油】需要原料“树脂2 份” (没有库存)需要原料“颜料4 份” （库存 199 份）
【指甲油】原料不足，无法生产
=======================

开始任务：""shop_view"
任务完成成功，获得50美妆币

开始任务：""get_user"
当前美妆币2280，用户等级2

开始任务：""produce_position_info_v2"
【h1】上尚未开始生产
$.needs:[{"id":11,"name":"香料","pic":"https://jd-beauty-cdn.h5.sinreweb.com/jd-beauty/images/176fb5d65fba788bb4c6c01fce361ed7.png","coins":10},{"id":14,"name":"滋润剂","pic":"https://jd-beauty-cdn.h5.sinreweb.com/jd-beauty/images/8ff5e799e3c182a3f54c2bfe42a78bb3.png","coins":10},{"id":7,"name":"树脂","pic":"https://jd-beauty-cdn.h5.sinreweb.com/jd-beauty/images/5acb239d0a0bccc2c31d89cd01036ff3.png","coins":10}]
ma:{"id":7,"name":"树脂","pic":"https://jd-beauty-cdn.h5.sinreweb.com/jd-beauty/images/5acb239d0a0bccc2c31d89cd01036ff3.png","coins":10}
ma booleamtrue
去生产树脂

开始任务：""produce_position_info_v2"
【b1】上尚未开始生产
$.needs:[{"id":11,"name":"香料","pic":"https://jd-beauty-cdn.h5.sinreweb.com/jd-beauty/images/176fb5d65fba788bb4c6c01fce361ed7.png","coins":10},{"id":14,"name":"滋润剂","pic":"https://jd-beauty-cdn.h5.sinreweb.com/jd-beauty/images/8ff5e799e3c182a3f54c2bfe42a78bb3.png","coins":10}]
ma:{"id":14,"name":"滋润剂","pic":"https://jd-beauty-cdn.h5.sinreweb.com/jd-beauty/images/8ff5e799e3c182a3f54c2bfe42a78bb3.png","coins":10}
ma booleamtrue
去生产滋润剂

开始任务：""produce_position_info_v2"
【b2】上尚未开始生产
$.needs:[{"id":11,"name":"香料","pic":"https://jd-beauty-cdn.h5.sinreweb.com/jd-beauty/images/176fb5d65fba788bb4c6c01fce361ed7.png","coins":10}]
ma:{"id":11,"name":"香料","pic":"https://jd-beauty-cdn.h5.sinreweb.com/jd-beauty/images/176fb5d65fba788bb4c6c01fce361ed7.png","coins":10}
ma booleamtrue
去生产香料
去做关注店铺【京东美妆严选自营旗舰店】

开始任务：""shop_view"
任务完成成功，获得50美妆币

开始任务：""produce_position_info_v2"
【h2】上正在生产【乳化剂】，可收取 0 份
去收取乳化剂

开始任务：""material_produce_v2"
【h1】上开始生产树脂

开始任务：""material_produce_v2"
【b2】上开始生产香料

开始任务：""produce_position_info_v2"
【s1】上尚未开始生产
$.needs:[]
elsema:{"id":11,"name":"香料","type":"base","level":2,"unit_time":20,"describe":"能被嗅感嗅出气味的物质，具有怡人香气","unit_name":"瓶","pic":"https://jd-beauty-cdn.h5.sinreweb.com/jd-beauty/images/176fb5d65fba788bb4c6c01fce361ed7.png","coins":10,"sort":42,"start_at":"2020-11-20 13:59:05","end_at":"2023-12-31 13:56:56","created_at":"2020-11-20 14:00:19","updated_at":"2021-04-02 00:06:13"}
ma booleamtrue
去生产香料

开始任务：""collect_coins"
收取成功，获得490美妆币，当前总美妆币：2820


开始任务：""shop_view"
任务完成成功，获得50美妆币

开始任务：""produce_position_info_v2"
【s2】上尚未开始生产
$.needs:[]
elsema:undefined
ma booleamfalse
else去生产滑石粉

开始任务：""material_fetch_v2"
【h2】收取成功，获得undefined份

去做关注店铺【碧欧泉男士京东自营官方旗舰店】

开始任务：""get_benefit"
benefit:{"id":7,"type":1,"name":"京豆","coins":"1000","description":"1 京豆","image":"https://jd-beauty-cdn.h5.sinreweb.com/jd-beauty-laboratory-20201102/images/0dcdc19525d059f863ddf7b39ba1f72f.jpg","global_daily_limit":0,"day_limit":8,"level_limit":1,"times_limit":0,"initial_stock":16000000,"stock":"82433030","sort":100000,"status":1,"setting":{"beans_count":"1","gift_bag":"0"},"created_at":"2020-11-11 14:16:44","updated_at":"2021-06-23 10:34:12","all_exchange_count":6,"day_exchange_count":0}

开始任务：""to_employee"
雇佣助力码【5ZsQHv5I】

开始任务：""shop_view"
任务完成成功，获得50美妆币
去做关注店铺【法国娇韵诗京东自营旗舰店】

开始任务：""material_produce_v2"
【s1】上开始生产香料

开始任务：""material_produce_v2"
【b1】上开始生产滋润剂

开始任务：""to_employee"
雇佣助力码【XOVLdd78】

开始任务：""to_employee"
雇佣助力码【dDQ4AVWX】

开始任务：""to_employee"
雇佣助力码【r60yb9H1】
去做第1次浏览会场任务

开始任务：""material_produce_v2"
【s2】上开始生产滑石粉

开始任务：""shop_view"
任务完成成功，获得50美妆币

开始任务：""to_exchange"
兑换10京豆成功;{"data":{"coins":-1000,"user_coins":1920},"msg":"操作成功","code":200,"action":"to_exchange"}

开始任务：""to_exchange"
兑换京豆失败：{"msg":"操作频繁,请稍后再试","code":422,"action":"to_exchange"}

开始任务：""to_employee"
雇佣助力码【n8USiwXB】

开始任务：""to_employee"
雇佣助力码【NAwKSSPA】

开始任务：""meetingplace_view"
任务完成成功，获得100美妆币
去做第2次浏览会场任务

开始任务：""to_exchange"
兑换10京豆成功;{"data":{"coins":-1000,"user_coins":1070},"msg":"操作成功","code":200,"action":"to_exchange"}

开始任务：""to_exchange"
兑换京豆失败：{"msg":"操作频繁,请稍后再试","code":422,"action":"to_exchange"}

开始任务：""to_exchange"
兑换京豆失败：{"msg":"操作频繁,请稍后再试","code":422,"action":"to_exchange"}

开始任务：""meetingplace_view"
任务完成成功，获得100美妆币
去做第3次浏览会场任务

开始任务：""to_exchange"
兑换京豆失败：{"msg":"操作频繁,请稍后再试","code":422,"action":"to_exchange"}
去做第4次浏览会场任务

开始任务：""meetingplace_view"
任务完成成功，获得100美妆币

开始任务：""to_exchange"
兑换10京豆成功;{"data":{"coins":-1000,"user_coins":270},"msg":"操作成功","code":200,"action":"to_exchange"}
去做第5次浏览会场任务

开始任务：""to_exchange"
兑换京豆失败：{"msg":"操作频繁,请稍后再试","code":422,"action":"to_exchange"}
benefit:{"id":9,"type":1,"name":"京豆大礼包(0点限量)","coins":"100000","description":"500颗京豆打包兑换","image":"https://jd-beauty-cdn.h5.sinreweb.com/jd-beauty-laboratory-20201102/images/0dcdc19525d059f863ddf7b39ba1f72f.jpg","global_daily_limit":20,"day_limit":1,"level_limit":1,"times_limit":0,"initial_stock":1000,"stock":"31","sort":99999,"status":1,"setting":{"beans_count":"500","gift_bag":"1"},"created_at":"2020-11-11 14:16:44","updated_at":"2021-06-23 10:34:19","all_exchange_count":0,"day_exchange_count":0}

开始任务：""meetingplace_view"
任务完成成功，获得100美妆币

开始任务：""meetingplace_view"
任务完成成功，获得100美妆币

开始任务：""to_exchange"
兑换京豆失败：{"msg":"操作频繁,请稍后再试","code":422,"action":"to_exchange"}

开始任务：""to_exchange"
兑换京豆失败：{"msg":"美妆币不足","code":422,"action":"to_exchange"}
去做第6次浏览会场任务
去做第7次浏览会场任务

开始任务：""meetingplace_view"
任务完成成功，获得100美妆币

开始任务：""meetingplace_view"
任务完成成功，获得100美妆币
去做第8次浏览会场任务

开始任务：""meetingplace_view"
任务完成成功，获得100美妆币
去做第9次浏览会场任务
去做第10次浏览会场任务

开始任务：""meetingplace_view"
任务完成成功，获得100美妆币

开始任务：""meetingplace_view"
任务完成成功，获得100美妆币
去做第11次浏览会场任务

开始任务：""meetingplace_view"
任务完成成功，获得100美妆币
去做每日问答任务

开始任务：""get_question"

开始任务：""submit_answer"
任务完成成功，获得200美妆币
本次运行获得美妆币1650
服务器连接关闭

==============📣系统通知📣==============
美丽研究院
京东账号3jd_585601a83bd48
本次运行获得美妆币1650枚
当前美妆币1320

******开始【京东账号4】jd_157332ewky*********

***检测账号是否黑号***
isvToken:AAEAIA8vbD5G00hKMj3LzF9IN3Xjl-LcngvK7elIogyEviGf0
token2:AAFg3ljuADAmxgoV9HidRHUrbCRb92NALLd6D3CY4wqRA-XybhVYS-FuSYjzG2Sk6nND8tsoMPo
【$.token】 eyJ0eXAiOiJKV1QiLCJhbGciOiJIUzI1NiJ9.eyJpc3MiOiJodHRwOlwvXC8xMjcuMC4wLjE6OTUwMlwvYXBpXC9hdXRoIiwiaWF0IjoxNjI1MTg0NDk0LCJleHAiOjE2MjUyMjc2OTQsIm5iZiI6MTYyNTE4NDQ5NCwianRpIjoic1VWNXY1ZnVHV2Vkbk9jMCIsInN1YiI6MTY2MDc0NywicHJ2IjoiMjNiZDVjODk0OWY2MDBhZGIzOWU3MDFjNDAwODcyZGI3YTU5NzZmNyJ9.ceYUFiJ1wMGNyBFAmnZrSmjxIin6Ppd1qZBbpBdmV20
美容研究院服务器连接成功
操作成功，账号正常
服务器连接关闭
wss://xinruimz-isv.isvjcloud.com/wss/?token=eyJ0eXAiOiJKV1QiLCJhbGciOiJIUzI1NiJ9.eyJpc3MiOiJodHRwOlwvXC8xMjcuMC4wLjE6OTUwMlwvYXBpXC9hdXRoIiwiaWF0IjoxNjI1MTg0NDk0LCJleHAiOjE2MjUyMjc2OTQsIm5iZiI6MTYyNTE4NDQ5NCwianRpIjoic1VWNXY1ZnVHV2Vkbk9jMCIsInN1YiI6MTY2MDc0NywicHJ2IjoiMjNiZDVjODk0OWY2MDBhZGIzOWU3MDFjNDAwODcyZGI3YTU5NzZmNyJ9.ceYUFiJ1wMGNyBFAmnZrSmjxIin6Ppd1qZBbpBdmV20
美容研究院服务器连接成功
helpInfo [
  '{"msg":{"type":"action","args":{"inviter_id":"2548843","position":"h2","token":"5ZsQHv5I"},"action":"employee"}}',
  '{"msg":{"type":"action","args":{"inviter_id":"2548843","position":"h1","token":"XOVLdd78"},"action":"employee"}}',
  '{"msg":{"type":"action","args":{"inviter_id":"2548843","position":"b2","token":"dDQ4AVWX"},"action":"employee"}}',
  '{"msg":{"type":"action","args":{"inviter_id":"2548843","position":"s1","token":"r60yb9H1"},"action":"employee"}}',
  '{"msg":{"type":"action","args":{"inviter_id":"2548843","position":"b1","token":"n8USiwXB"},"action":"employee"}}',
  '{"msg":{"type":"action","args":{"inviter_id":"2548843","position":"s2","token":"NAwKSSPA"},"action":"employee"}}'
]

开始任务：""employee"
操作成功

开始任务：""employee"
您正在被其他好友雇佣中,不能被重复雇佣

开始任务：""check_up"
去领取第1次签到奖励

开始任务：""employee"
您正在被其他好友雇佣中,不能被重复雇佣

开始任务：""employee"
您正在被其他好友雇佣中,不能被重复雇佣

开始任务：""get_user"
当前美妆币1270，用户等级2

开始任务：""employee"
您正在被其他好友雇佣中,不能被重复雇佣

开始任务：""get_ad"
当期活动：美妆馆日常
去做签到任务

开始任务：""get_package"
仓库信息:【乳化剂】100份 【油脂】100份 【保湿剂】463份 【矿物质水】67份 【颜料】99份 【滑石粉】546份 【树脂】568份 【香料】100份 

开始任务：""get_produce_material"
get_produce_material 操作成功

开始任务：""shop_products"
去做关注店铺任务
去做关注店铺【亲润美妆专营店】

开始任务：""employee"
您正在被其他好友雇佣中,不能被重复雇佣

开始任务：""check_up_receive"
任务完成成功，获得100美妆币
去做关注店铺【欧莱雅京东自营官方旗舰店】

开始任务：""shop_view"
任务完成成功，获得50美妆币

开始任务：""shop_view"
任务完成成功，获得50美妆币
========原料生产信息========

开始任务：""product_producing"

开始任务：""sign_in"
去做关注店铺【京东美妆严选自营旗舰店】

开始任务：""get_user"
当前美妆币1570，用户等级2

开始任务：""get_package"
仓库信息:【乳化剂】100份 【油脂】100份 【保湿剂】463份 【矿物质水】67份 【颜料】99份 【滑石粉】546份 【树脂】568份 【香料】100份 

开始任务：""produce_position_info_v2"
【s2】上尚未开始生产
$.needs:[]
elsema:undefined
ma booleamfalse
else去生产滑石粉
去做关注店铺【碧欧泉男士京东自营官方旗舰店】

开始任务：""product_lists"
========可生产商品信息========
生产【腮红】需要原料“滑石粉1 份” （库存 546 份）需要原料“颜料3 份” （库存 99 份）需要原料“香料2 份” （库存 100 份），可生产 33份
【腮红】可生产份数大于0，去生产

开始任务：""produce_position_info_v2"
【b2】上正在生产【保湿剂】，可收取 0 份
去收取保湿剂

开始任务：""produce_position_info_v2"
【s1】上尚未开始生产
$.needs:[]
elsema:{"id":11,"name":"香料","type":"base","level":2,"unit_time":20,"describe":"能被嗅感嗅出气味的物质，具有怡人香气","unit_name":"瓶","pic":"https://jd-beauty-cdn.h5.sinreweb.com/jd-beauty/images/176fb5d65fba788bb4c6c01fce361ed7.png","coins":10,"sort":42,"start_at":"2020-11-20 13:59:05","end_at":"2023-12-31 13:56:56","created_at":"2020-11-20 14:00:19","updated_at":"2021-04-02 00:06:13"}
ma booleamtrue
去生产香料

开始任务：""produce_position_info_v2"
【h1】上正在生产【滋润剂】，可收取 0 份
去收取滋润剂

开始任务：""produce_position_info_v2"
【b1】上正在生产【树脂】，可收取 0 份
去收取树脂
need_material:[{"id":14,"name":"滋润剂","pic":"https://jd-beauty-cdn.h5.sinreweb.com/jd-beauty/images/8ff5e799e3c182a3f54c2bfe42a78bb3.png","coins":10}]
生产【乳液】需要原料“矿物质水1 份” （库存 67 份）需要原料“保湿剂1 份” （库存 463 份）需要原料“滋润剂3 份” (没有库存)
【乳液】原料不足，无法生产
生产【指甲油】需要原料“树脂2 份” （库存 568 份）需要原料“颜料4 份” （库存 99 份），可生产 24份
【指甲油】可生产份数大于0，去生产

开始任务：""produce_position_info_v2"
【h2】上正在生产【颜料】，可收取 0 份
去收取颜料

开始任务：""material_fetch_v2"
【b2】收取成功，获得undefined份


开始任务：""new_product_fetch"
收取产品【乳液】33份
去做关注店铺【法国娇韵诗京东自营旗舰店】
=======================

开始任务：""product_produce"
生产成功

开始任务：""collect_coins"
收取成功，获得1960美妆币，当前总美妆币：3580


开始任务：""material_produce_v2"
【s1】上开始生产香料

开始任务：""material_fetch_v2"
【h1】收取成功，获得undefined份


开始任务：""shop_view"
任务完成成功，获得50美妆币

开始任务：""material_produce_v2"
【s2】上开始生产滑石粉

开始任务：""to_employee"
雇佣助力码【BGmOCjIB】

开始任务：""get_benefit"
benefit:{"id":7,"type":1,"name":"京豆","coins":"1000","description":"1 京豆","image":"https://jd-beauty-cdn.h5.sinreweb.com/jd-beauty-laboratory-20201102/images/0dcdc19525d059f863ddf7b39ba1f72f.jpg","global_daily_limit":0,"day_limit":8,"level_limit":1,"times_limit":0,"initial_stock":16000000,"stock":"82432681","sort":100000,"status":1,"setting":{"beans_count":"1","gift_bag":"0"},"created_at":"2020-11-11 14:16:44","updated_at":"2021-06-23 10:34:12","all_exchange_count":34,"day_exchange_count":0}

开始任务：""to_employee"
雇佣助力码【7nTfr96O】

开始任务：""to_employee"
雇佣助力码【C70lZzbz】

开始任务：""material_fetch_v2"
【b1】收取成功，获得undefined份

去做第1次浏览会场任务

开始任务：""product_produce"
生产信息获取失败，错误信息材料不足

开始任务：""to_employee"
雇佣助力码【HFzW2XCC】

开始任务：""shop_view"
任务完成成功，获得50美妆币

开始任务：""to_employee"
雇佣助力码【tGjTWw5Y】

开始任务：""material_fetch_v2"
【h2】收取成功，获得undefined份


开始任务：""shop_view"
任务完成成功，获得50美妆币

开始任务：""to_employee"
雇佣助力码【InQUkEgZ】

开始任务：""to_exchange"
兑换京豆失败：{"msg":"请求太频繁，请稍后再试","code":422,"action":"to_exchange"}
去做第2次浏览会场任务

开始任务：""to_exchange"
兑换10京豆成功;{"data":{"coins":-1000,"user_coins":2680},"msg":"操作成功","code":200,"action":"to_exchange"}

开始任务：""meetingplace_view"
任务完成失败，错误信息请求太频繁，请稍后再试

开始任务：""to_exchange"
兑换京豆失败：{"msg":"操作频繁,请稍后再试","code":422,"action":"to_exchange"}

开始任务：""meetingplace_view"
任务完成成功，获得100美妆币
去做第3次浏览会场任务

开始任务：""to_exchange"
兑换10京豆成功;{"data":{"coins":-1000,"user_coins":1780},"msg":"操作成功","code":200,"action":"to_exchange"}

开始任务：""to_exchange"
兑换京豆失败：{"msg":"操作频繁,请稍后再试","code":422,"action":"to_exchange"}

开始任务：""meetingplace_view"
任务完成成功，获得100美妆币
去做第4次浏览会场任务

开始任务：""to_exchange"
兑换京豆失败：{"msg":"操作频繁,请稍后再试","code":422,"action":"to_exchange"}

开始任务：""to_exchange"
兑换京豆失败：{"msg":"操作频繁,请稍后再试","code":422,"action":"to_exchange"}

开始任务：""to_exchange"
兑换京豆失败：{"msg":"操作频繁,请稍后再试","code":422,"action":"to_exchange"}

开始任务：""meetingplace_view"
任务完成成功，获得100美妆币
去做第5次浏览会场任务

开始任务：""to_exchange"
兑换10京豆成功;{"data":{"coins":-1000,"user_coins":980},"msg":"操作成功","code":200,"action":"to_exchange"}

开始任务：""meetingplace_view"
任务完成成功，获得100美妆币
benefit:{"id":9,"type":1,"name":"京豆大礼包(0点限量)","coins":"100000","description":"500颗京豆打包兑换","image":"https://jd-beauty-cdn.h5.sinreweb.com/jd-beauty-laboratory-20201102/images/0dcdc19525d059f863ddf7b39ba1f72f.jpg","global_daily_limit":20,"day_limit":1,"level_limit":1,"times_limit":0,"initial_stock":1000,"stock":"31","sort":99999,"status":1,"setting":{"beans_count":"500","gift_bag":"1"},"created_at":"2020-11-11 14:16:44","updated_at":"2021-06-23 10:34:19","all_exchange_count":0,"day_exchange_count":0}
去做第6次浏览会场任务

开始任务：""to_exchange"
兑换京豆失败：{"msg":"操作频繁,请稍后再试","code":422,"action":"to_exchange"}

开始任务：""meetingplace_view"
任务完成成功，获得100美妆币
去做第7次浏览会场任务

开始任务：""meetingplace_view"
任务完成成功，获得100美妆币
去做第8次浏览会场任务

开始任务：""meetingplace_view"
任务完成成功，获得100美妆币
去做第9次浏览会场任务
去做第10次浏览会场任务

开始任务：""meetingplace_view"
任务完成成功，获得100美妆币

开始任务：""meetingplace_view"
任务完成成功，获得100美妆币
去做第11次浏览会场任务

开始任务：""meetingplace_view"
任务完成成功，获得100美妆币
去做每日问答任务

开始任务：""get_question"

开始任务：""submit_answer"
任务完成成功，获得200美妆币
本次运行获得美妆币1550
服务器连接关闭

==============📣系统通知📣==============
美丽研究院
京东账号4jd_157332ewky
本次运行获得美妆币1550枚
当前美妆币1930

******开始【京东账号5】jd_157332zdf*********

***检测账号是否黑号***
isvToken:AAEAINK3PVPYZbPh8ZvZmKPuqus5FeaZx5dB653XK2Ghgiw40
token2:AAFg3llQADBVvnEEw03nOXdHYRK8SA_DQTfOpOsbBqW7nK5Qe0sMrl56DOVLPdADfxdXKCtepVw
【$.token】 eyJ0eXAiOiJKV1QiLCJhbGciOiJIUzI1NiJ9.eyJpc3MiOiJodHRwOlwvXC8xMjcuMC4wLjE6OTUwMlwvYXBpXC9hdXRoIiwiaWF0IjoxNjI1MTg0NTkyLCJleHAiOjE2MjUyMjc3OTIsIm5iZiI6MTYyNTE4NDU5MiwianRpIjoibHVrWXJLblc1UUZkem5PWiIsInN1YiI6MzEyMTY0MywicHJ2IjoiMjNiZDVjODk0OWY2MDBhZGIzOWU3MDFjNDAwODcyZGI3YTU5NzZmNyJ9.4CFFShUBrxGnjUZQq1G2BST6F95tbDnu2y6FzqZOzPQ
美容研究院服务器连接成功
操作成功，账号正常
服务器连接关闭
wss://xinruimz-isv.isvjcloud.com/wss/?token=eyJ0eXAiOiJKV1QiLCJhbGciOiJIUzI1NiJ9.eyJpc3MiOiJodHRwOlwvXC8xMjcuMC4wLjE6OTUwMlwvYXBpXC9hdXRoIiwiaWF0IjoxNjI1MTg0NTkyLCJleHAiOjE2MjUyMjc3OTIsIm5iZiI6MTYyNTE4NDU5MiwianRpIjoibHVrWXJLblc1UUZkem5PWiIsInN1YiI6MzEyMTY0MywicHJ2IjoiMjNiZDVjODk0OWY2MDBhZGIzOWU3MDFjNDAwODcyZGI3YTU5NzZmNyJ9.4CFFShUBrxGnjUZQq1G2BST6F95tbDnu2y6FzqZOzPQ
美容研究院服务器连接成功
helpInfo [
  '{"msg":{"type":"action","args":{"inviter_id":"1660747","position":"b2","token":"BGmOCjIB"},"action":"employee"}}',
  '{"msg":{"type":"action","args":{"inviter_id":"1660747","position":"h1","token":"7nTfr96O"},"action":"employee"}}',
  '{"msg":{"type":"action","args":{"inviter_id":"1660747","position":"b1","token":"C70lZzbz"},"action":"employee"}}',
  '{"msg":{"type":"action","args":{"inviter_id":"1660747","position":"h2","token":"HFzW2XCC"},"action":"employee"}}',
  '{"msg":{"type":"action","args":{"inviter_id":"1660747","position":"s1","token":"tGjTWw5Y"},"action":"employee"}}',
  '{"msg":{"type":"action","args":{"inviter_id":"1660747","position":"s2","token":"InQUkEgZ"},"action":"employee"}}'
]

开始任务：""employee"
您正在被其他好友雇佣中,不能被重复雇佣

开始任务：""check_up"
去领取第1次签到奖励

开始任务：""get_ad"
当期活动：美妆馆日常
去做签到任务

开始任务：""employee"
操作成功

开始任务：""employee"
您正在被其他好友雇佣中,不能被重复雇佣

开始任务：""get_user"
去做新手任务

开始任务：""get_package"
仓库信息:

开始任务：""employee"
您正在被其他好友雇佣中,不能被重复雇佣

开始任务：""check_up_receive"
任务完成成功，获得100美妆币

开始任务：""employee"
您正在被其他好友雇佣中,不能被重复雇佣

开始任务：""get_produce_material"
get_produce_material 操作成功

开始任务：""sign_in"

开始任务：""employee"
您正在被其他好友雇佣中,不能被重复雇佣

开始任务：""newcomer_update"
第9步新手任务完成成功，获得0美妆币

开始任务：""shop_products"
去做关注店铺任务
去做关注店铺【京东美妆严选自营旗舰店】

开始任务：""newcomer_update"
第7步新手任务完成成功，获得0美妆币

开始任务：""newcomer_update"
第8步新手任务完成成功，获得0美妆币
去做关注店铺【碧欧泉男士京东自营官方旗舰店】
========原料生产信息========

开始任务：""get_package"
仓库信息:

开始任务：""product_lists"
========可生产商品信息========
=======================

开始任务：""product_producing"
去做关注店铺【法国娇韵诗京东自营旗舰店】

开始任务：""newcomer_update"
第10步新手任务完成成功，获得0美妆币

开始任务：""shop_view"
任务完成成功，获得50美妆币

开始任务：""produce_position_info_v2"
【b1】上尚未开始生产
$.needs:[]
elsema:{"id":1,"name":"油脂","type":"base","level":1,"unit_time":10,"describe":"主要起着护肤、柔滑、滋润等作用","unit_name":"个","pic":"https://jd-beauty-cdn.h5.sinreweb.com/jd-beauty/images/abefb0662f172b22b54921000b6c873b.png","coins":5,"sort":50,"start_at":"2020-11-05 15:01:16","end_at":"2023-08-20 15:01:16","created_at":"2020-11-05 15:01:55","updated_at":"2021-04-02 00:05:03"}
ma booleamtrue
去生产油脂

开始任务：""produce_position_info_v2"
【h2】上尚未开始生产
$.needs:[]
elsema:{"id":9,"name":"颜料","type":"base","level":1,"unit_time":10,"describe":"是彩妆化妆品的主要着色剂","unit_name":"个","pic":"https://jd-beauty-cdn.h5.sinreweb.com/jd-beauty/images/5848195fe60aee4f923cd7eb7cec810b.png","coins":5,"sort":46,"start_at":"2020-11-20 13:57:50","end_at":"2023-12-31 15:00:00","created_at":"2020-11-20 13:58:48","updated_at":"2021-04-02 00:05:35"}
ma booleamtrue
去生产颜料

开始任务：""newcomer_update"
第13步新手任务完成成功，获得0美妆币

开始任务：""newcomer_update"
第12步新手任务完成成功，获得0美妆币

开始任务：""produce_position_info_v2"
【s1】上尚未开始生产
$.needs:[]
elsema:{"id":4,"name":"矿物质水","type":"base","level":1,"unit_time":10,"describe":"根据人体需求，合理添加了矿物质元素，补充人体水分及矿物质的需求","unit_name":"个","pic":"https://jd-beauty-cdn.h5.sinreweb.com/jd-beauty/images/3695a1e9d9a12e3de804e039463399fb.png","coins":5,"sort":48,"start_at":"2020-11-19 17:13:26","end_at":"2023-12-31 17:13:26","created_at":"2020-11-19 17:15:57","updated_at":"2021-04-02 00:05:20"}
ma booleamtrue
去生产矿物质水

开始任务：""newcomer_update"
新手任务完成失败，错误信息：{"msg":"请求太频繁，请稍后再试","code":422,"action":"newcomer_update"}

开始任务：""newcomer_update"
第11步新手任务完成成功，获得0美妆币

开始任务：""shop_view"
任务完成成功，获得50美妆币
当前美妆币600，用户等级1
去做关注店铺【阿芙京东自营官方旗舰店】

开始任务：""produce_position_info_v2"
【s2】上尚未开始生产
$.needs:[]
elsema:{"id":6,"name":"滑石粉","type":"base","level":1,"unit_time":10,"describe":"粉状化妆品主要原料之一，增强了化妆品防晒的性能","unit_name":"个","pic":"https://jd-beauty-cdn.h5.sinreweb.com/jd-beauty/images/1e713e5046f8a9ffe07077e38c73be05.png","coins":5,"sort":45,"start_at":"2020-11-19 17:55:40","end_at":"2023-12-31 17:55:40","created_at":"2020-11-19 17:58:00","updated_at":"2021-04-02 00:05:42"}
ma booleamtrue
去生产滑石粉

开始任务：""material_produce_v2"
【b1】上开始生产油脂

开始任务：""material_produce_v2"
【s1】上开始生产矿物质水

开始任务：""produce_position_info_v2"
【h1】上尚未开始生产
$.needs:[]
elsema:{"id":3,"name":"乳化剂","type":"base","level":1,"unit_time":10,"describe":"主要适用于“轻爽型”油包水乳液，适用于各种化妆品配方","unit_name":"个","pic":"https://jd-beauty-cdn.h5.sinreweb.com/jd-beauty/images/9822484566eecd0ba4d103b0955984b7.png","coins":5,"sort":49,"start_at":"2020-11-19 17:01:00","end_at":"2023-12-31 17:01:00","created_at":"2020-11-19 17:06:14","updated_at":"2021-04-02 00:05:11"}
ma booleamtrue
去生产乳化剂

开始任务：""get_user"
去做新手任务

开始任务：""material_produce_v2"
【h2】上开始生产颜料

开始任务：""newcomer_update"
第14步新手任务完成成功，获得0美妆币

开始任务：""produce_position_info_v2"
【b2】上尚未开始生产
$.needs:[]
elsema:{"id":5,"name":"保湿剂","type":"base","level":1,"unit_time":10,"describe":"增加或保持皮肤上层水分的化妆品原料","unit_name":"个","pic":"https://jd-beauty-cdn.h5.sinreweb.com/jd-beauty/images/5364cccda4029d939656f21657f5f50a.png","coins":5,"sort":47,"start_at":"2020-11-19 17:33:20","end_at":"2023-12-31 17:33:20","created_at":"2020-11-19 17:35:34","updated_at":"2021-04-02 00:05:27"}
ma booleamtrue
去生产保湿剂
去做关注店铺【理肤泉京东自营官方旗舰店】

开始任务：""collect_coins"
收取成功，获得0美妆币，当前总美妆币：650


开始任务：""shop_view"
任务完成成功，获得50美妆币

开始任务：""material_produce_v2"
【h1】上开始生产乳化剂

开始任务：""get_benefit"
benefit:{"id":7,"type":1,"name":"京豆","coins":"1000","description":"1 京豆","image":"https://jd-beauty-cdn.h5.sinreweb.com/jd-beauty-laboratory-20201102/images/0dcdc19525d059f863ddf7b39ba1f72f.jpg","global_daily_limit":0,"day_limit":8,"level_limit":1,"times_limit":0,"initial_stock":16000000,"stock":"82432281","sort":100000,"status":1,"setting":{"beans_count":"1","gift_bag":"0"},"created_at":"2020-11-11 14:16:44","updated_at":"2021-06-23 10:34:12","all_exchange_count":0,"day_exchange_count":0}
benefit:{"id":9,"type":1,"name":"京豆大礼包(0点限量)","coins":"100000","description":"500颗京豆打包兑换","image":"https://jd-beauty-cdn.h5.sinreweb.com/jd-beauty-laboratory-20201102/images/0dcdc19525d059f863ddf7b39ba1f72f.jpg","global_daily_limit":20,"day_limit":1,"level_limit":1,"times_limit":0,"initial_stock":1000,"stock":"31","sort":99999,"status":1,"setting":{"beans_count":"500","gift_bag":"1"},"created_at":"2020-11-11 14:16:44","updated_at":"2021-06-23 10:34:19","all_exchange_count":0,"day_exchange_count":0}
去做第1次浏览会场任务

开始任务：""shop_view"
任务完成成功，获得50美妆币

开始任务：""to_employee"
雇佣助力码【7OPseSVs】
当前美妆币700，用户等级1

开始任务：""newcomer_update"
新手任务完成失败，错误信息：{"msg":"请求太频繁，请稍后再试","code":422,"action":"newcomer_update"}

开始任务：""newcomer_update"
第15步新手任务完成成功，获得50美妆币

开始任务：""material_produce_v2"
【s2】上开始生产滑石粉

开始任务：""to_employee"
雇佣助力码【qEMqhsQx】

开始任务：""to_employee"

开始任务：""material_produce_v2"
【b2】上开始生产保湿剂

开始任务：""to_employee"
雇佣助力码【hKJxqkPW】

开始任务：""meetingplace_view"
任务完成成功，获得100美妆币

开始任务：""to_employee"
雇佣助力码【tchnMpCv】

开始任务：""to_employee"
雇佣助力码【dtA03KXs】

开始任务：""shop_view"
任务完成成功，获得50美妆币

开始任务：""newcomer_update"
新手任务完成失败，错误信息：{"msg":"新手任务已经完成","code":422,"action":"newcomer_update"}
去做第2次浏览会场任务

开始任务：""meetingplace_view"
任务完成成功，获得100美妆币
去做第3次浏览会场任务

开始任务：""meetingplace_view"
任务完成成功，获得100美妆币
去做第4次浏览会场任务

开始任务：""meetingplace_view"
任务完成成功，获得100美妆币
去做第5次浏览会场任务

开始任务：""meetingplace_view"
任务完成成功，获得100美妆币
去做第6次浏览会场任务

开始任务：""meetingplace_view"
任务完成成功，获得100美妆币
去做第7次浏览会场任务
去做第8次浏览会场任务

开始任务：""meetingplace_view"
任务完成成功，获得100美妆币
去做第9次浏览会场任务

开始任务：""meetingplace_view"
任务完成成功，获得100美妆币

开始任务：""meetingplace_view"
任务完成成功，获得100美妆币
去做第10次浏览会场任务
去做第11次浏览会场任务

开始任务：""meetingplace_view"
任务完成成功，获得100美妆币

开始任务：""meetingplace_view"
任务完成成功，获得100美妆币
去做每日问答任务

开始任务：""get_question"

开始任务：""submit_answer"
任务完成成功，获得200美妆币
本次运行获得美妆币1700
服务器连接关闭

==============📣系统通知📣==============
美丽研究院
京东账号5jd_157332zdf
本次运行获得美妆币1700枚
当前美妆币2150

🔔美丽研究院, 结束! 🕛 405.93 秒

