
🔔美丽研究院, 开始!

====================共5个京东账号Cookie=========

==================脚本执行- 北京时间(UTC+8)：7/7/2021, 9:58:59 AM=====================


******开始【京东账号1】15631692383_p*********

***检测账号是否黑号***
isvToken:AAEAII5Kl_MIKIU5qzetBlP6Rkcb49HbK6izVLwqam3tSsFk0
token2:AAFg5QpkADAyYHbt5XJfO2Toeq3i51FhMz3nB-QOFXZ55qkbNcdJXJMDK5PPEnhvGZ_BWTeIO4s
【$.token】 eyJ0eXAiOiJKV1QiLCJhbGciOiJIUzI1NiJ9.eyJpc3MiOiJodHRwOlwvXC8xMjcuMC4wLjE6OTUwMlwvYXBpXC9hdXRoIiwiaWF0IjoxNjI1NjIzMTQwLCJleHAiOjE2MjU2NjYzNDAsIm5iZiI6MTYyNTYyMzE0MCwianRpIjoiVjNWZjBHZ25KT2hUZ2p3RiIsInN1YiI6MTY0MDA2NCwicHJ2IjoiMjNiZDVjODk0OWY2MDBhZGIzOWU3MDFjNDAwODcyZGI3YTU5NzZmNyJ9.M-0mKcZTz_N2y1L7GPDvXE67NljSNg4O7T2tnMuDvjo
美容研究院服务器连接成功
操作成功，账号正常
服务器连接关闭
wss://xinruimz-isv.isvjcloud.com/wss/?token=eyJ0eXAiOiJKV1QiLCJhbGciOiJIUzI1NiJ9.eyJpc3MiOiJodHRwOlwvXC8xMjcuMC4wLjE6OTUwMlwvYXBpXC9hdXRoIiwiaWF0IjoxNjI1NjIzMTQwLCJleHAiOjE2MjU2NjYzNDAsIm5iZiI6MTYyNTYyMzE0MCwianRpIjoiVjNWZjBHZ25KT2hUZ2p3RiIsInN1YiI6MTY0MDA2NCwicHJ2IjoiMjNiZDVjODk0OWY2MDBhZGIzOWU3MDFjNDAwODcyZGI3YTU5NzZmNyJ9.M-0mKcZTz_N2y1L7GPDvXE67NljSNg4O7T2tnMuDvjo
美容研究院服务器连接成功

开始任务：""get_package"
仓库信息:【乳化剂】100份 【油脂】50份 【保湿剂】990份 【矿物质水】99份 【颜料】99份 【滑石粉】694份 【树脂】965份 【滋润剂】294份 【香料】199份 【乙醇】264份 【蜂蜡】247份 【胶合剂】148份 

开始任务：""check_up"

开始任务：""get_ad"
当期活动：美妆馆日常
去做签到任务

开始任务：""get_user"
当前美妆币2950，用户等级3
helpInfo []

开始任务：""sign_in"

开始任务：""get_produce_material"
get_produce_material 操作成功

开始任务：""shop_products"
去做关注店铺任务
去做关注店铺【碧欧泉男士京东自营官方旗舰店】

开始任务：""product_producing"
去做关注店铺【亲润美妆专营店】
========原料生产信息========

开始任务：""product_lists"
========可生产商品信息========
生产【粉饼】需要原料“滑石粉2 份” （库存 694 份）需要原料“颜料4 份” （库存 99 份）需要原料“胶合剂2 份” （库存 148 份），可生产 24份
【粉饼】可生产份数大于0，去生产
生产【香水】需要原料“矿物质水3 份” （库存 99 份）需要原料“香料3 份” （库存 199 份）需要原料“乙醇1 份” （库存 264 份），可生产 33份
【香水】可生产份数大于0，去生产

开始任务：""shop_view"
任务完成成功，获得50美妆币
去做关注店铺【欧莱雅京东自营官方旗舰店】

开始任务：""get_package"
仓库信息:【乳化剂】100份 【油脂】50份 【保湿剂】990份 【矿物质水】99份 【颜料】99份 【滑石粉】694份 【树脂】965份 【滋润剂】294份 【香料】199份 【乙醇】264份 【蜂蜡】247份 【胶合剂】148份 

开始任务：""produce_position_info_v2"
【s1】上尚未开始生产
$.needs:[]
elsema:{"id":10,"name":"胶合剂","type":"base","level":3,"unit_time":30,"describe":"与其他成分配合使用，常用于粉状化妆品中","unit_name":"个","pic":"https://jd-beauty-cdn.h5.sinreweb.com/jd-beauty/images/24399b365641e744ed94152981605689.png","coins":15,"sort":39,"start_at":"2020-11-20 13:59:04","end_at":"2023-12-31 13:59:04","created_at":"2020-11-20 14:00:15","updated_at":"2021-04-02 00:06:36"}
ma booleamtrue
去生产胶合剂

开始任务：""shop_view"
任务完成成功，获得50美妆币
生产【口红】需要原料“油脂2 份” （库存 50 份）需要原料“颜料4 份” （库存 99 份）需要原料“蜂蜡2 份” （库存 247 份），可生产 24份
【口红】可生产份数大于0，去生产

开始任务：""produce_position_info_v2"
【h1】上正在生产【矿物质水】，可收取 0 份
去收取矿物质水

开始任务：""product_produce"
生产成功
=======================

开始任务：""product_produce"
生产成功
去做关注店铺【京东美妆严选自营旗舰店】

开始任务：""produce_position_info_v2"
【b1】上尚未开始生产
$.needs:[]
elsema:{"id":15,"name":"蜂蜡","type":"base","level":3,"unit_time":30,"describe":"利用其天然的良好黏着性、可透性、乳化性、光滑性等特性，广泛应用于各类化妆品","unit_name":"个","pic":"https://jd-beauty-cdn.h5.sinreweb.com/jd-beauty/images/b3c66d240896fab8253b0b671ef67c3a.png","coins":15,"sort":41,"start_at":"2020-11-20 14:02:18","end_at":"2023-08-27 14:00:19","created_at":"2020-11-20 14:02:46","updated_at":"2021-04-02 00:06:20"}
ma booleamtrue
去生产蜂蜡

开始任务：""get_user"
当前美妆币3150，用户等级3

开始任务：""produce_position_info_v2"
【h2】上尚未开始生产
$.needs:[]
elsema:undefined
ma booleamfalse

开始任务：""shop_view"
任务完成成功，获得50美妆币

开始任务：""material_fetch_v2"
【h1】收取成功，获得undefined份


开始任务：""produce_position_info_v2"
【b2】上尚未开始生产
$.needs:[]
elsema:undefined
ma booleamfalse

开始任务：""produce_position_info_v2"
【s2】上尚未开始生产
$.needs:[]
elsema:undefined
ma booleamfalse
去做关注店铺【法国娇韵诗京东自营旗舰店】

开始任务：""product_produce"
生产信息获取失败，错误信息材料不足

开始任务：""material_produce_v2"
【s1】上开始生产胶合剂

开始任务：""collect_coins"
收取成功，获得0美妆币，当前总美妆币：3200


开始任务：""shop_view"
任务完成成功，获得50美妆币

开始任务：""get_benefit"
benefit:{"id":7,"type":1,"name":"京豆","coins":"1000","description":"1 京豆","image":"https://jd-beauty-cdn.h5.sinreweb.com/jd-beauty-laboratory-20201102/images/0dcdc19525d059f863ddf7b39ba1f72f.jpg","global_daily_limit":0,"day_limit":8,"level_limit":1,"times_limit":0,"initial_stock":16000000,"stock":"81574426","sort":100000,"status":1,"setting":{"beans_count":"1","gift_bag":"0"},"created_at":"2020-11-11 14:16:44","updated_at":"2021-06-23 10:34:12","all_exchange_count":93,"day_exchange_count":0}

开始任务：""to_employee"
雇佣助力码【OlZ2D8PU】
去做第1次浏览会场任务

开始任务：""shop_view"
任务完成失败，错误信息请求太频繁，请稍后再试

开始任务：""material_produce_v2"
【b1】上开始生产蜂蜡

开始任务：""meetingplace_view"
任务完成成功，获得100美妆币

开始任务：""write"

开始任务：""to_exchange"
兑换10京豆成功;{"data":{"coins":-1000,"user_coins":2250},"msg":"操作成功","code":200,"action":"to_exchange"}

开始任务：""to_employee"
去做第2次浏览会场任务

开始任务：""to_employee"
雇佣助力码【zjLy0l9p】

开始任务：""to_exchange"
兑换京豆失败：{"msg":"操作频繁,请稍后再试","code":422,"action":"to_exchange"}

开始任务：""to_exchange"
兑换京豆失败：{"msg":"操作频繁,请稍后再试","code":422,"action":"to_exchange"}

开始任务：""meetingplace_view"
任务完成成功，获得100美妆币
去做第3次浏览会场任务

开始任务：""meetingplace_view"
任务完成成功，获得100美妆币

开始任务：""to_exchange"
兑换京豆失败：{"msg":"操作频繁,请稍后再试","code":422,"action":"to_exchange"}

开始任务：""to_exchange"
兑换京豆失败：{"msg":"操作频繁,请稍后再试","code":422,"action":"to_exchange"}

开始任务：""to_exchange"
兑换10京豆成功;{"data":{"coins":-1000,"user_coins":1450},"msg":"操作成功","code":200,"action":"to_exchange"}
去做第4次浏览会场任务

开始任务：""meetingplace_view"
任务完成成功，获得100美妆币

开始任务：""to_exchange"
兑换京豆失败：{"msg":"操作频繁,请稍后再试","code":422,"action":"to_exchange"}

开始任务：""to_exchange"
兑换10京豆成功;{"data":{"coins":-1000,"user_coins":650},"msg":"操作成功","code":200,"action":"to_exchange"}
去做第5次浏览会场任务

开始任务：""meetingplace_view"
任务完成成功，获得100美妆币

开始任务：""to_exchange"
兑换京豆失败：{"msg":"操作频繁,请稍后再试","code":422,"action":"to_exchange"}
benefit:{"id":9,"type":1,"name":"京豆大礼包(0点限量)","coins":"100000","description":"500颗京豆打包兑换","image":"https://jd-beauty-cdn.h5.sinreweb.com/jd-beauty-laboratory-20201102/images/0dcdc19525d059f863ddf7b39ba1f72f.jpg","global_daily_limit":20,"day_limit":1,"level_limit":1,"times_limit":0,"initial_stock":1000,"stock":"-6","sort":99999,"status":1,"setting":{"beans_count":"500","gift_bag":"1"},"created_at":"2020-11-11 14:16:44","updated_at":"2021-06-23 10:34:19","all_exchange_count":0,"day_exchange_count":0}
去做第6次浏览会场任务

开始任务：""to_exchange"
兑换京豆失败：{"msg":"操作频繁,请稍后再试","code":422,"action":"to_exchange"}

开始任务：""meetingplace_view"
任务完成成功，获得100美妆币
去做第7次浏览会场任务

开始任务：""meetingplace_view"
任务完成成功，获得100美妆币
去做第8次浏览会场任务

开始任务：""meetingplace_view"
任务完成成功，获得100美妆币
去做第9次浏览会场任务

开始任务：""meetingplace_view"
任务完成成功，获得100美妆币
去做第10次浏览会场任务
去做第11次浏览会场任务

开始任务：""meetingplace_view"
任务完成成功，获得100美妆币

开始任务：""meetingplace_view"
任务完成成功，获得100美妆币
去做每日问答任务

开始任务：""get_question"

开始任务：""submit_answer"
任务完成成功，获得200美妆币
本次运行获得美妆币1500
服务器连接关闭

==============📣系统通知📣==============
美丽研究院
京东账号115631692383_p
本次运行获得美妆币1500枚
当前美妆币1600

******开始【京东账号2】Ycp_Dream*********

***检测账号是否黑号***
isvToken:AAEAIPVAYlE_julbPf901gSSNPcuwhGUFdBTcfV1XzKeFun-0
token2:AAFg5QrHADA91POfsR9Qx_EWQMiqQ04X0pHsI4UacSiAwbGNnlarnH_4Qpv0oH_vPonUgxklfbc
【$.token】 eyJ0eXAiOiJKV1QiLCJhbGciOiJIUzI1NiJ9.eyJpc3MiOiJodHRwOlwvXC8xMjcuMC4wLjE6OTUwMlwvYXBpXC9hdXRoIiwiaWF0IjoxNjI1NjIzMjQwLCJleHAiOjE2MjU2NjY0NDAsIm5iZiI6MTYyNTYyMzI0MCwianRpIjoiZ3FoNW5wZGpiWWswT0R6diIsInN1YiI6MjkzNjYwNCwicHJ2IjoiMjNiZDVjODk0OWY2MDBhZGIzOWU3MDFjNDAwODcyZGI3YTU5NzZmNyJ9.ggsLp50ch8Yh5MGb-EjYnUYcXyXm3ByDP6hz7UGSYiI
美容研究院服务器连接成功
操作成功，账号正常
服务器连接关闭
wss://xinruimz-isv.isvjcloud.com/wss/?token=eyJ0eXAiOiJKV1QiLCJhbGciOiJIUzI1NiJ9.eyJpc3MiOiJodHRwOlwvXC8xMjcuMC4wLjE6OTUwMlwvYXBpXC9hdXRoIiwiaWF0IjoxNjI1NjIzMjQwLCJleHAiOjE2MjU2NjY0NDAsIm5iZiI6MTYyNTYyMzI0MCwianRpIjoiZ3FoNW5wZGpiWWswT0R6diIsInN1YiI6MjkzNjYwNCwicHJ2IjoiMjNiZDVjODk0OWY2MDBhZGIzOWU3MDFjNDAwODcyZGI3YTU5NzZmNyJ9.ggsLp50ch8Yh5MGb-EjYnUYcXyXm3ByDP6hz7UGSYiI
美容研究院服务器连接成功
helpInfo [
  '{"msg":{"type":"action","args":{"inviter_id":"1640064","position":"h1","token":"OlZ2D8PU"},"action":"employee"}}',
  '{"msg":{"type":"action","args":{"inviter_id":"1640064","position":"s1","token":"zjLy0l9p"},"action":"employee"}}'
]

开始任务：""get_package"
仓库信息:【乳化剂】198份 【颜料】164份 【矿物质水】192份 【保湿剂】291份 【滑石粉】95份 【油脂】99份 【香料】89份 【滋润剂】180份 【树脂】188份 

开始任务：""employee"
您正在被其他好友雇佣中,不能被重复雇佣

开始任务：""check_up"

开始任务：""get_ad"
当期活动：美妆馆日常
去做签到任务

开始任务：""employee"
操作成功

开始任务：""get_user"
当前美妆币2360，用户等级2

开始任务：""get_produce_material"
get_produce_material 操作成功

开始任务：""shop_products"
去做关注店铺任务
去做关注店铺【碧欧泉男士京东自营官方旗舰店】

开始任务：""sign_in"

开始任务：""product_producing"
去做关注店铺【亲润美妆专营店】

开始任务：""product_lists"
========可生产商品信息========
生产【腮红】需要原料“滑石粉1 份” （库存 95 份）需要原料“颜料3 份” （库存 164 份）需要原料“香料2 份” （库存 89 份），可生产 44份
【腮红】可生产份数大于0，去生产
========原料生产信息========
生产【乳液】需要原料“矿物质水1 份” （库存 192 份）需要原料“保湿剂1 份” （库存 291 份）需要原料“滋润剂3 份” （库存 180 份），可生产 60份
【乳液】可生产份数大于0，去生产
去做关注店铺【欧莱雅京东自营官方旗舰店】

开始任务：""shop_view"
任务完成成功，获得50美妆币

开始任务：""product_produce"
生产成功

开始任务：""produce_position_info_v2"
【s1】上尚未开始生产
$.needs:[]
elsema:{"id":11,"name":"香料","type":"base","level":2,"unit_time":20,"describe":"能被嗅感嗅出气味的物质，具有怡人香气","unit_name":"瓶","pic":"https://jd-beauty-cdn.h5.sinreweb.com/jd-beauty/images/176fb5d65fba788bb4c6c01fce361ed7.png","coins":10,"sort":42,"start_at":"2020-11-20 13:59:05","end_at":"2023-12-31 13:56:56","created_at":"2020-11-20 14:00:19","updated_at":"2021-04-02 00:06:13"}
ma booleamtrue
去生产香料

开始任务：""new_product_fetch"
收取产品【腮红】5份
生产【指甲油】需要原料“树脂2 份” （库存 188 份）需要原料“颜料4 份” （库存 164 份），可生产 41份
【指甲油】可生产份数大于0，去生产

开始任务：""produce_position_info_v2"
【b1】上尚未开始生产
$.needs:[]
elsema:{"id":7,"name":"树脂","type":"base","level":2,"unit_time":20,"describe":"由低分子物质聚合成高聚物，广泛应用于化妆品中","unit_name":"个","pic":"https://jd-beauty-cdn.h5.sinreweb.com/jd-beauty/images/5acb239d0a0bccc2c31d89cd01036ff3.png","coins":10,"sort":44,"start_at":"2020-11-20 13:52:49","end_at":"2023-12-31 13:52:49","created_at":"2020-11-20 13:56:50","updated_at":"2021-04-02 00:05:50"}
ma booleamtrue
去生产树脂

开始任务：""shop_view"
任务完成成功，获得50美妆币

开始任务：""get_user"
当前美妆币2560，用户等级2

开始任务：""get_package"
仓库信息:【乳化剂】198份 【颜料】164份 【矿物质水】192份 【保湿剂】291份 【滑石粉】95份 【油脂】99份 【香料】89份 【滋润剂】180份 【树脂】188份 

开始任务：""produce_position_info_v2"
【h2】上尚未开始生产
$.needs:[]
elsema:undefined
ma booleamfalse
else去生产颜料

开始任务：""product_produce"
生产成功

开始任务：""new_product_fetch"
收取产品【指甲油】5份

开始任务：""produce_position_info_v2"
【h1】上尚未开始生产
$.needs:[]
elsema:{"id":14,"name":"滋润剂","type":"base","level":2,"unit_time":20,"describe":"温和的亲油性物质，可以润滑皮肤、减少水分蒸发，诱导角质层进一步水化","unit_name":"瓶","pic":"https://jd-beauty-cdn.h5.sinreweb.com/jd-beauty/images/8ff5e799e3c182a3f54c2bfe42a78bb3.png","coins":10,"sort":43,"start_at":"2020-11-20 14:01:17","end_at":"2028-01-30 14:01:17","created_at":"2020-11-20 14:02:03","updated_at":"2021-04-02 00:06:02"}
ma booleamtrue
去生产滋润剂
=======================

开始任务：""new_product_fetch"
收取产品【乳液】6份

开始任务：""produce_position_info_v2"
【s2】上尚未开始生产
$.needs:[]
elsema:undefined
ma booleamfalse
else去生产滑石粉
去做关注店铺【京东美妆严选自营旗舰店】

开始任务：""material_produce_v2"
【s1】上开始生产香料

开始任务：""produce_position_info_v2"
【b2】上尚未开始生产
$.needs:[]
elsema:undefined
ma booleamfalse
else去生产保湿剂

开始任务：""collect_coins"
收取成功，获得0美妆币，当前总美妆币：2610


开始任务：""material_produce_v2"
【h1】上开始生产滋润剂

开始任务：""material_produce_v2"
【h2】上开始生产颜料

开始任务：""get_benefit"
benefit:{"id":7,"type":1,"name":"京豆","coins":"1000","description":"1 京豆","image":"https://jd-beauty-cdn.h5.sinreweb.com/jd-beauty-laboratory-20201102/images/0dcdc19525d059f863ddf7b39ba1f72f.jpg","global_daily_limit":0,"day_limit":8,"level_limit":1,"times_limit":0,"initial_stock":16000000,"stock":"81574213","sort":100000,"status":1,"setting":{"beans_count":"1","gift_bag":"0"},"created_at":"2020-11-11 14:16:44","updated_at":"2021-06-23 10:34:12","all_exchange_count":18,"day_exchange_count":0}

开始任务：""product_produce"
生产信息获取失败，错误信息材料不足

开始任务：""shop_view"
任务完成成功，获得50美妆币
去做关注店铺【法国娇韵诗京东自营旗舰店】

开始任务：""shop_view"
任务完成成功，获得50美妆币

开始任务：""material_produce_v2"
【b1】上开始生产树脂

开始任务：""material_produce_v2"
【s2】上开始生产滑石粉
去做第1次浏览会场任务

开始任务：""to_employee"
雇佣助力码【qIEKV3w1】

开始任务：""to_employee"
雇佣助力码【rD91W7vc】

开始任务：""material_produce_v2"
【b2】上开始生产保湿剂

开始任务：""shop_view"
任务完成成功，获得50美妆币

开始任务：""to_employee"
雇佣助力码【2oAjYY4b】

开始任务：""meetingplace_view"
任务完成成功，获得100美妆币

开始任务：""to_employee"
雇佣助力码【lJ3AtOi7】

开始任务：""to_exchange"
兑换10京豆成功;{"data":{"coins":-1000,"user_coins":1660},"msg":"操作成功","code":200,"action":"to_exchange"}
去做第2次浏览会场任务

开始任务：""to_employee"
雇佣助力码【I9isuyAr】

开始任务：""to_exchange"
兑换京豆失败：{"msg":"操作频繁,请稍后再试","code":422,"action":"to_exchange"}

开始任务：""to_exchange"
兑换京豆失败：{"msg":"操作频繁,请稍后再试","code":422,"action":"to_exchange"}

开始任务：""to_employee"
雇佣助力码【1MsN4rjr】

开始任务：""to_exchange"
兑换京豆失败：{"msg":"操作频繁,请稍后再试","code":422,"action":"to_exchange"}

开始任务：""meetingplace_view"
任务完成成功，获得100美妆币
去做第3次浏览会场任务

开始任务：""to_exchange"
兑换京豆失败：{"msg":"操作频繁,请稍后再试","code":422,"action":"to_exchange"}

开始任务：""meetingplace_view"
任务完成成功，获得100美妆币

开始任务：""to_exchange"
兑换10京豆成功;{"data":{"coins":-1000,"user_coins":910},"msg":"操作成功","code":200,"action":"to_exchange"}
去做第4次浏览会场任务

开始任务：""to_exchange"
兑换京豆失败：{"msg":"操作频繁,请稍后再试","code":422,"action":"to_exchange"}

开始任务：""to_exchange"
兑换京豆失败：{"msg":"操作频繁,请稍后再试","code":422,"action":"to_exchange"}

开始任务：""meetingplace_view"
任务完成成功，获得100美妆币
去做第5次浏览会场任务
benefit:{"id":9,"type":1,"name":"京豆大礼包(0点限量)","coins":"100000","description":"500颗京豆打包兑换","image":"https://jd-beauty-cdn.h5.sinreweb.com/jd-beauty-laboratory-20201102/images/0dcdc19525d059f863ddf7b39ba1f72f.jpg","global_daily_limit":20,"day_limit":1,"level_limit":1,"times_limit":0,"initial_stock":1000,"stock":"-6","sort":99999,"status":1,"setting":{"beans_count":"500","gift_bag":"1"},"created_at":"2020-11-11 14:16:44","updated_at":"2021-06-23 10:34:19","all_exchange_count":0,"day_exchange_count":0}

开始任务：""meetingplace_view"
任务完成成功，获得100美妆币

开始任务：""to_exchange"
兑换10京豆成功;{"data":{"coins":-1000,"user_coins":110},"msg":"操作成功","code":200,"action":"to_exchange"}

开始任务：""to_exchange"
兑换京豆失败：{"msg":"操作频繁,请稍后再试","code":422,"action":"to_exchange"}
去做第6次浏览会场任务

开始任务：""meetingplace_view"
任务完成成功，获得100美妆币
去做第7次浏览会场任务

开始任务：""meetingplace_view"
任务完成成功，获得100美妆币
去做第8次浏览会场任务

开始任务：""meetingplace_view"
任务完成成功，获得100美妆币
去做第9次浏览会场任务
去做第10次浏览会场任务

开始任务：""meetingplace_view"
任务完成成功，获得100美妆币
去做第11次浏览会场任务

开始任务：""meetingplace_view"
任务完成成功，获得100美妆币
去做每日问答任务

开始任务：""meetingplace_view"
任务完成成功，获得100美妆币

开始任务：""get_question"

开始任务：""submit_answer"
任务完成成功，获得200美妆币
本次运行获得美妆币1550
服务器连接关闭

==============📣系统通知📣==============
美丽研究院
京东账号2Ycp_Dream
本次运行获得美妆币1550枚
当前美妆币1060

******开始【京东账号3】jd_585601a83bd48*********

***检测账号是否黑号***
isvToken:AAEAINlM2dyw3cJlcdAv6-ytRx13Icpb1c0B1dKnORwO04gj0
token2:AAFg5QsqADAX5Z38JfTzJTGJx8yKQad1PsJzCS4XW317JMEE_vPxtzqxwEctXmS4rTgwMcZu2aQ
【$.token】 eyJ0eXAiOiJKV1QiLCJhbGciOiJIUzI1NiJ9.eyJpc3MiOiJodHRwOlwvXC8xMjcuMC4wLjE6OTUwMlwvYXBpXC9hdXRoIiwiaWF0IjoxNjI1NjIzMzQwLCJleHAiOjE2MjU2NjY1NDAsIm5iZiI6MTYyNTYyMzM0MCwianRpIjoiVEhhVjl5ZzFIWWRrTHNScSIsInN1YiI6MjU0ODg0MywicHJ2IjoiMjNiZDVjODk0OWY2MDBhZGIzOWU3MDFjNDAwODcyZGI3YTU5NzZmNyJ9._9fWwfq8-rHDoyUN9L98RuJdGR2bwLGYjuWGfSBJff0
美容研究院服务器连接成功
操作成功，账号正常
服务器连接关闭
wss://xinruimz-isv.isvjcloud.com/wss/?token=eyJ0eXAiOiJKV1QiLCJhbGciOiJIUzI1NiJ9.eyJpc3MiOiJodHRwOlwvXC8xMjcuMC4wLjE6OTUwMlwvYXBpXC9hdXRoIiwiaWF0IjoxNjI1NjIzMzQwLCJleHAiOjE2MjU2NjY1NDAsIm5iZiI6MTYyNTYyMzM0MCwianRpIjoiVEhhVjl5ZzFIWWRrTHNScSIsInN1YiI6MjU0ODg0MywicHJ2IjoiMjNiZDVjODk0OWY2MDBhZGIzOWU3MDFjNDAwODcyZGI3YTU5NzZmNyJ9._9fWwfq8-rHDoyUN9L98RuJdGR2bwLGYjuWGfSBJff0
美容研究院服务器连接成功
helpInfo [
  '{"msg":{"type":"action","args":{"inviter_id":"2936604","position":"s1","token":"qIEKV3w1"},"action":"employee"}}',
  '{"msg":{"type":"action","args":{"inviter_id":"2936604","position":"h1","token":"rD91W7vc"},"action":"employee"}}',
  '{"msg":{"type":"action","args":{"inviter_id":"2936604","position":"h2","token":"2oAjYY4b"},"action":"employee"}}',
  '{"msg":{"type":"action","args":{"inviter_id":"2936604","position":"b1","token":"lJ3AtOi7"},"action":"employee"}}',
  '{"msg":{"type":"action","args":{"inviter_id":"2936604","position":"s2","token":"I9isuyAr"},"action":"employee"}}',
  '{"msg":{"type":"action","args":{"inviter_id":"2936604","position":"b2","token":"1MsN4rjr"},"action":"employee"}}'
]

开始任务：""get_user"
当前美妆币1520，用户等级2

开始任务：""employee"
您正在被其他好友雇佣中,不能被重复雇佣

开始任务：""get_package"
仓库信息:【乳化剂】100份 【保湿剂】100份 【矿物质水】199份 【颜料】199份 【油脂】100份 【滑石粉】1份 【香料】99份 

开始任务：""employee"
您正在被其他好友雇佣中,不能被重复雇佣

开始任务：""shop_products"
去做关注店铺任务
去做关注店铺【碧欧泉男士京东自营官方旗舰店】

开始任务：""employee"
您正在被其他好友雇佣中,不能被重复雇佣

开始任务：""employee"
您正在被其他好友雇佣中,不能被重复雇佣

开始任务：""employee"
您正在被其他好友雇佣中,不能被重复雇佣

开始任务：""employee"
操作成功

开始任务：""get_ad"
当期活动：美妆馆日常
去做签到任务

开始任务：""get_produce_material"
get_produce_material 操作成功

开始任务：""check_up"
去做关注店铺【亲润美妆专营店】

开始任务：""shop_view"
任务完成成功，获得50美妆币

开始任务：""product_producing"
去做关注店铺【欧莱雅京东自营官方旗舰店】

开始任务：""shop_view"
任务完成成功，获得50美妆币
========原料生产信息========

开始任务：""shop_view"
任务完成成功，获得50美妆币

开始任务：""sign_in"
去做关注店铺【京东美妆严选自营旗舰店】

开始任务：""produce_position_info_v2"
【s1】上正在生产【香料】，可收取 0 份
去收取香料

开始任务：""get_user"
当前美妆币1770，用户等级2

开始任务：""product_lists"
========可生产商品信息========
生产【腮红】需要原料“滑石粉1 份” （库存 1 份）需要原料“颜料3 份” （库存 199 份）需要原料“香料2 份” （库存 99 份），可生产 1份
【腮红】可生产份数大于0，去生产

开始任务：""produce_position_info_v2"
【b1】上正在生产【滋润剂】，可收取 0 份
去收取滋润剂

开始任务：""material_fetch_v2"
【s1】收取成功，获得undefined份

need_material:[{"id":14,"name":"滋润剂","pic":"https://jd-beauty-cdn.h5.sinreweb.com/jd-beauty/images/8ff5e799e3c182a3f54c2bfe42a78bb3.png","coins":10}]
生产【乳液】需要原料“矿物质水1 份” （库存 199 份）需要原料“保湿剂1 份” （库存 100 份）需要原料“滋润剂3 份” (没有库存)
【乳液】原料不足，无法生产
need_material:[{"id":14,"name":"滋润剂","pic":"https://jd-beauty-cdn.h5.sinreweb.com/jd-beauty/images/8ff5e799e3c182a3f54c2bfe42a78bb3.png","coins":10},{"id":7,"name":"树脂","pic":"https://jd-beauty-cdn.h5.sinreweb.com/jd-beauty/images/5acb239d0a0bccc2c31d89cd01036ff3.png","coins":10}]
生产【指甲油】需要原料“树脂2 份” (没有库存)需要原料“颜料4 份” （库存 199 份）
【指甲油】原料不足，无法生产
=======================

开始任务：""get_package"
仓库信息:【乳化剂】100份 【保湿剂】100份 【矿物质水】199份 【颜料】199份 【油脂】100份 【滑石粉】1份 【香料】99份 

开始任务：""to_employee"
雇佣助力码【V6vaZuSm】
去做关注店铺【法国娇韵诗京东自营旗舰店】

开始任务：""produce_position_info_v2"
【h1】上正在生产【树脂】，可收取 0 份
去收取树脂

开始任务：""collect_coins"
收取成功，获得0美妆币，当前总美妆币：1820


开始任务：""produce_position_info_v2"
【b2】上尚未开始生产
$.needs:[{"id":14,"name":"滋润剂","pic":"https://jd-beauty-cdn.h5.sinreweb.com/jd-beauty/images/8ff5e799e3c182a3f54c2bfe42a78bb3.png","coins":10},{"id":7,"name":"树脂","pic":"https://jd-beauty-cdn.h5.sinreweb.com/jd-beauty/images/5acb239d0a0bccc2c31d89cd01036ff3.png","coins":10}]
ma:{"id":7,"name":"树脂","pic":"https://jd-beauty-cdn.h5.sinreweb.com/jd-beauty/images/5acb239d0a0bccc2c31d89cd01036ff3.png","coins":10}
ma booleamtrue
去生产树脂

开始任务：""produce_position_info_v2"
【h2】上正在生产【颜料】，可收取 0 份
去收取颜料

开始任务：""product_produce"
生产信息获取失败，错误信息请求太频繁，请稍后再试

开始任务：""produce_position_info_v2"
【s2】上正在生产【滑石粉】，可收取 0 份
去收取滑石粉

开始任务：""material_fetch_v2"
任务完成失败，错误信息请求太频繁，请稍后再试

开始任务：""get_benefit"
benefit:{"id":7,"type":1,"name":"京豆","coins":"1000","description":"1 京豆","image":"https://jd-beauty-cdn.h5.sinreweb.com/jd-beauty-laboratory-20201102/images/0dcdc19525d059f863ddf7b39ba1f72f.jpg","global_daily_limit":0,"day_limit":8,"level_limit":1,"times_limit":0,"initial_stock":16000000,"stock":"81574010","sort":100000,"status":1,"setting":{"beans_count":"1","gift_bag":"0"},"created_at":"2020-11-11 14:16:44","updated_at":"2021-06-23 10:34:12","all_exchange_count":9,"day_exchange_count":0}
去做第1次浏览会场任务

开始任务：""to_employee"
雇佣助力码【4kYqAZ9H】

开始任务：""shop_view"
任务完成成功，获得50美妆币

开始任务：""to_employee"

开始任务：""shop_view"
任务完成成功，获得50美妆币

开始任务：""material_produce_v2"
【b2】上开始生产树脂

开始任务：""material_fetch_v2"
【h1】收取成功，获得undefined份


开始任务：""to_employee"
雇佣助力码【TFSLeuYH】

开始任务：""material_fetch_v2"
【h2】收取成功，获得undefined份


开始任务：""to_exchange"
兑换京豆失败：{"msg":"操作频繁,请稍后再试","code":422,"action":"to_exchange"}

开始任务：""material_fetch_v2"
【s2】收取成功，获得undefined份


开始任务：""to_employee"
雇佣助力码【Jx4FIwg4】

开始任务：""to_exchange"
兑换10京豆成功;{"data":{"coins":-1000,"user_coins":870},"msg":"操作成功","code":200,"action":"to_exchange"}

开始任务：""meetingplace_view"
任务完成成功，获得100美妆币
去做第2次浏览会场任务

开始任务：""to_exchange"
兑换京豆失败：{"msg":"操作频繁,请稍后再试","code":422,"action":"to_exchange"}

开始任务：""meetingplace_view"
任务完成成功，获得100美妆币

开始任务：""to_employee"
雇佣助力码【3lafsc5D】
去做第3次浏览会场任务

开始任务：""to_exchange"
兑换10京豆成功;{"data":{"coins":-1000,"user_coins":70},"msg":"操作成功","code":200,"action":"to_exchange"}

开始任务：""meetingplace_view"
任务完成成功，获得100美妆币

开始任务：""to_exchange"
兑换京豆失败：{"msg":"操作频繁,请稍后再试","code":422,"action":"to_exchange"}
去做第4次浏览会场任务

开始任务：""to_exchange"
兑换京豆失败：{"msg":"操作频繁,请稍后再试","code":422,"action":"to_exchange"}

开始任务：""to_exchange"
兑换京豆失败：{"msg":"美妆币不足","code":422,"action":"to_exchange"}

开始任务：""to_exchange"
兑换京豆失败：{"msg":"操作频繁,请稍后再试","code":422,"action":"to_exchange"}
去做第5次浏览会场任务

开始任务：""meetingplace_view"
任务完成成功，获得100美妆币
benefit:{"id":9,"type":1,"name":"京豆大礼包(0点限量)","coins":"100000","description":"500颗京豆打包兑换","image":"https://jd-beauty-cdn.h5.sinreweb.com/jd-beauty-laboratory-20201102/images/0dcdc19525d059f863ddf7b39ba1f72f.jpg","global_daily_limit":20,"day_limit":1,"level_limit":1,"times_limit":0,"initial_stock":1000,"stock":"-6","sort":99999,"status":1,"setting":{"beans_count":"500","gift_bag":"1"},"created_at":"2020-11-11 14:16:44","updated_at":"2021-06-23 10:34:19","all_exchange_count":0,"day_exchange_count":0}

开始任务：""to_exchange"
兑换京豆失败：{"msg":"操作频繁,请稍后再试","code":422,"action":"to_exchange"}
去做第6次浏览会场任务

开始任务：""to_exchange"
兑换京豆失败：{"msg":"美妆币不足","code":422,"action":"to_exchange"}

开始任务：""meetingplace_view"
任务完成成功，获得100美妆币

开始任务：""meetingplace_view"
任务完成成功，获得100美妆币
去做第7次浏览会场任务

开始任务：""meetingplace_view"
任务完成成功，获得100美妆币
去做第8次浏览会场任务

开始任务：""meetingplace_view"
任务完成成功，获得100美妆币
去做第9次浏览会场任务

开始任务：""meetingplace_view"
任务完成成功，获得100美妆币
去做第10次浏览会场任务

开始任务：""meetingplace_view"
任务完成成功，获得100美妆币
去做第11次浏览会场任务

开始任务：""meetingplace_view"
任务完成成功，获得100美妆币
去做每日问答任务

开始任务：""get_question"

开始任务：""submit_answer"
任务完成成功，获得200美妆币
本次运行获得美妆币1550
服务器连接关闭

==============📣系统通知📣==============
美丽研究院
京东账号3jd_585601a83bd48
本次运行获得美妆币1550枚
当前美妆币1220

******开始【京东账号4】jd_157332ewky*********

***检测账号是否黑号***
isvToken:AAEAIHnt42aDDC-9toWZ2DkPmae3SafMWiMbAeQeqJSbeR7j0
token2:AAFg5QuMADCu7NEwdoLQL_MgqmP_Kvdq_JQ191i_JUqZsq7xejLKzG5PiJn0SJ2nNUUHAjPTIaM
【$.token】 eyJ0eXAiOiJKV1QiLCJhbGciOiJIUzI1NiJ9.eyJpc3MiOiJodHRwOlwvXC8xMjcuMC4wLjE6OTUwMlwvYXBpXC9hdXRoIiwiaWF0IjoxNjI1NjIzNDM3LCJleHAiOjE2MjU2NjY2MzcsIm5iZiI6MTYyNTYyMzQzNywianRpIjoiaFVrVzUzSk9KZ09EaXROdCIsInN1YiI6MTY2MDc0NywicHJ2IjoiMjNiZDVjODk0OWY2MDBhZGIzOWU3MDFjNDAwODcyZGI3YTU5NzZmNyJ9.QW4NL0D4-kgkjVUhMWI7XmYsjxDbtCsDbtbxGrHLZeY
美容研究院服务器连接成功
操作成功，账号正常
服务器连接关闭
wss://xinruimz-isv.isvjcloud.com/wss/?token=eyJ0eXAiOiJKV1QiLCJhbGciOiJIUzI1NiJ9.eyJpc3MiOiJodHRwOlwvXC8xMjcuMC4wLjE6OTUwMlwvYXBpXC9hdXRoIiwiaWF0IjoxNjI1NjIzNDM3LCJleHAiOjE2MjU2NjY2MzcsIm5iZiI6MTYyNTYyMzQzNywianRpIjoiaFVrVzUzSk9KZ09EaXROdCIsInN1YiI6MTY2MDc0NywicHJ2IjoiMjNiZDVjODk0OWY2MDBhZGIzOWU3MDFjNDAwODcyZGI3YTU5NzZmNyJ9.QW4NL0D4-kgkjVUhMWI7XmYsjxDbtCsDbtbxGrHLZeY
美容研究院服务器连接成功
helpInfo [
  '{"msg":{"type":"action","args":{"inviter_id":"2548843","position":"s1","token":"V6vaZuSm"},"action":"employee"}}',
  '{"msg":{"type":"action","args":{"inviter_id":"2548843","position":"b1","token":"4kYqAZ9H"},"action":"employee"}}',
  '{"msg":{"type":"action","args":{"inviter_id":"2548843","position":"h1","token":"TFSLeuYH"},"action":"employee"}}',
  '{"msg":{"type":"action","args":{"inviter_id":"2548843","position":"h2","token":"Jx4FIwg4"},"action":"employee"}}',
  '{"msg":{"type":"action","args":{"inviter_id":"2548843","position":"s2","token":"3lafsc5D"},"action":"employee"}}'
]

开始任务：""get_ad"
当期活动：美妆馆日常
去做签到任务

开始任务：""get_package"
仓库信息:【乳化剂】100份 【油脂】100份 【保湿剂】529份 【矿物质水】34份 【颜料】48份 【滑石粉】595份 【树脂】667份 【香料】99份 

开始任务：""employee"
您正在被其他好友雇佣中,不能被重复雇佣

开始任务：""employee"
您正在被其他好友雇佣中,不能被重复雇佣

开始任务：""employee"
操作成功

开始任务：""get_produce_material"
get_produce_material 操作成功

开始任务：""check_up"

开始任务：""get_user"
当前美妆币4490，用户等级2

开始任务：""employee"
您正在被其他好友雇佣中,不能被重复雇佣

开始任务：""employee"
您正在被其他好友雇佣中,不能被重复雇佣

开始任务：""sign_in"

开始任务：""shop_products"
去做关注店铺任务
去做关注店铺【碧欧泉男士京东自营官方旗舰店】

开始任务：""get_package"
仓库信息:【乳化剂】100份 【油脂】100份 【保湿剂】529份 【矿物质水】34份 【颜料】48份 【滑石粉】595份 【树脂】667份 【香料】99份 
去做关注店铺【亲润美妆专营店】

开始任务：""shop_view"
任务完成成功，获得50美妆币
========原料生产信息========

开始任务：""product_lists"
========可生产商品信息========
生产【腮红】需要原料“滑石粉1 份” （库存 595 份）需要原料“颜料3 份” （库存 48 份）需要原料“香料2 份” （库存 99 份），可生产 16份
【腮红】可生产份数大于0，去生产

开始任务：""product_producing"
去做关注店铺【欧莱雅京东自营官方旗舰店】
need_material:[{"id":14,"name":"滋润剂","pic":"https://jd-beauty-cdn.h5.sinreweb.com/jd-beauty/images/8ff5e799e3c182a3f54c2bfe42a78bb3.png","coins":10}]
生产【乳液】需要原料“矿物质水1 份” （库存 34 份）需要原料“保湿剂1 份” （库存 529 份）需要原料“滋润剂3 份” (没有库存)
【乳液】原料不足，无法生产
生产【指甲油】需要原料“树脂2 份” （库存 667 份）需要原料“颜料4 份” （库存 48 份），可生产 12份
【指甲油】可生产份数大于0，去生产

开始任务：""produce_position_info_v2"
【h2】上正在生产【颜料】，可收取 0 份
去收取颜料

开始任务：""shop_view"
任务完成成功，获得50美妆币
=======================

开始任务：""produce_position_info_v2"
【b1】上正在生产【树脂】，可收取 0 份
去收取树脂

开始任务：""shop_view"
任务完成成功，获得50美妆币
去做关注店铺【京东美妆严选自营旗舰店】

开始任务：""produce_position_info_v2"
【h1】上正在生产【滋润剂】，可收取 0 份
去收取滋润剂

开始任务：""produce_position_info_v2"
【s1】上尚未开始生产
$.needs:[{"id":14,"name":"滋润剂","pic":"https://jd-beauty-cdn.h5.sinreweb.com/jd-beauty/images/8ff5e799e3c182a3f54c2bfe42a78bb3.png","coins":10}]
ma:{"id":14,"name":"滋润剂","pic":"https://jd-beauty-cdn.h5.sinreweb.com/jd-beauty/images/8ff5e799e3c182a3f54c2bfe42a78bb3.png","coins":10}
ma booleamtrue
去生产滋润剂

开始任务：""new_product_fetch"
收取产品【腮红】17份

开始任务：""new_product_fetch"
收取产品【乳液】33份

开始任务：""product_produce"
生产信息获取失败，错误信息材料不足

开始任务：""produce_position_info_v2"
【s2】上尚未开始生产
$.needs:[]
elsema:undefined
ma booleamfalse
else去生产滑石粉

开始任务：""get_user"
当前美妆币4690，用户等级2

开始任务：""product_produce"
生产成功

开始任务：""material_fetch_v2"
【b1】收取成功，获得undefined份


开始任务：""get_benefit"
benefit:{"id":7,"type":1,"name":"京豆","coins":"1000","description":"1 京豆","image":"https://jd-beauty-cdn.h5.sinreweb.com/jd-beauty-laboratory-20201102/images/0dcdc19525d059f863ddf7b39ba1f72f.jpg","global_daily_limit":0,"day_limit":8,"level_limit":1,"times_limit":0,"initial_stock":16000000,"stock":"81573774","sort":100000,"status":1,"setting":{"beans_count":"1","gift_bag":"0"},"created_at":"2020-11-11 14:16:44","updated_at":"2021-06-23 10:34:12","all_exchange_count":37,"day_exchange_count":0}

开始任务：""produce_position_info_v2"
【b2】上正在生产【保湿剂】，可收取 0 份
去收取保湿剂
去做关注店铺【法国娇韵诗京东自营旗舰店】

开始任务：""collect_coins"
收取成功，获得660美妆币，当前总美妆币：5400


开始任务：""to_employee"
雇佣助力码【lN6WkPae】

开始任务：""material_fetch_v2"
【h2】收取成功，获得undefined份


开始任务：""to_exchange"
兑换10京豆成功;{"data":{"coins":-1000,"user_coins":4450},"msg":"操作成功","code":200,"action":"to_exchange"}

开始任务：""material_fetch_v2"
【h1】收取成功，获得undefined份


开始任务：""shop_view"
任务完成成功，获得50美妆币

开始任务：""material_produce_v2"
【s2】上开始生产滑石粉

开始任务：""material_produce_v2"
【s1】上开始生产滋润剂
去做第1次浏览会场任务

开始任务：""to_employee"
雇佣助力码【lDgd5YEL】

开始任务：""shop_view"
任务完成成功，获得50美妆币

开始任务：""to_employee"
雇佣助力码【gIDZL1PT】

开始任务：""to_employee"
雇佣助力码【2Vk8CTru】

开始任务：""material_fetch_v2"
【b2】收取成功，获得undefined份


开始任务：""to_employee"
雇佣助力码【T2P12lyy】

开始任务：""to_exchange"
兑换京豆失败：{"msg":"操作频繁,请稍后再试","code":422,"action":"to_exchange"}

开始任务：""meetingplace_view"
任务完成失败，错误信息请求太频繁，请稍后再试

开始任务：""to_employee"
雇佣助力码【8O248zh5】
去做第2次浏览会场任务

开始任务：""to_exchange"
兑换京豆失败：{"msg":"操作频繁,请稍后再试","code":422,"action":"to_exchange"}

开始任务：""to_exchange"
兑换10京豆成功;{"data":{"coins":-1000,"user_coins":3500},"msg":"操作成功","code":200,"action":"to_exchange"}
去做第3次浏览会场任务

开始任务：""meetingplace_view"
任务完成成功，获得100美妆币

开始任务：""to_exchange"
兑换京豆失败：{"msg":"操作频繁,请稍后再试","code":422,"action":"to_exchange"}

开始任务：""to_exchange"
兑换京豆失败：{"msg":"操作频繁,请稍后再试","code":422,"action":"to_exchange"}

开始任务：""meetingplace_view"
任务完成成功，获得100美妆币
去做第4次浏览会场任务

开始任务：""meetingplace_view"
任务完成成功，获得100美妆币

开始任务：""to_exchange"
兑换京豆失败：{"msg":"操作频繁,请稍后再试","code":422,"action":"to_exchange"}

开始任务：""to_exchange"
兑换10京豆成功;{"data":{"coins":-1000,"user_coins":2700},"msg":"操作成功","code":200,"action":"to_exchange"}

开始任务：""to_exchange"
兑换京豆失败：{"msg":"操作频繁,请稍后再试","code":422,"action":"to_exchange"}
去做第5次浏览会场任务
benefit:{"id":9,"type":1,"name":"京豆大礼包(0点限量)","coins":"100000","description":"500颗京豆打包兑换","image":"https://jd-beauty-cdn.h5.sinreweb.com/jd-beauty-laboratory-20201102/images/0dcdc19525d059f863ddf7b39ba1f72f.jpg","global_daily_limit":20,"day_limit":1,"level_limit":1,"times_limit":0,"initial_stock":1000,"stock":"-6","sort":99999,"status":1,"setting":{"beans_count":"500","gift_bag":"1"},"created_at":"2020-11-11 14:16:44","updated_at":"2021-06-23 10:34:19","all_exchange_count":0,"day_exchange_count":0}

开始任务：""to_exchange"
兑换京豆失败：{"msg":"操作频繁,请稍后再试","code":422,"action":"to_exchange"}
去做第6次浏览会场任务

开始任务：""meetingplace_view"
任务完成成功，获得100美妆币

开始任务：""meetingplace_view"
任务完成成功，获得100美妆币
去做第7次浏览会场任务

开始任务：""meetingplace_view"
任务完成成功，获得100美妆币
去做第8次浏览会场任务
去做第9次浏览会场任务

开始任务：""meetingplace_view"
任务完成成功，获得100美妆币
去做第10次浏览会场任务

开始任务：""meetingplace_view"
任务完成成功，获得100美妆币

开始任务：""meetingplace_view"
任务完成成功，获得100美妆币
去做第11次浏览会场任务

开始任务：""meetingplace_view"
任务完成成功，获得100美妆币
去做每日问答任务

开始任务：""get_question"

开始任务：""submit_answer"
任务完成成功，获得200美妆币
本次运行获得美妆币1450
服务器连接关闭

==============📣系统通知📣==============
美丽研究院
京东账号4jd_157332ewky
本次运行获得美妆币1450枚
当前美妆币3750

******开始【京东账号5】jd_157332zdf*********

***检测账号是否黑号***
isvToken:AAEAICyUi9HaR4MKYCuo89QTwhqPhJFiVoJifPXdxzqMPUIY0
token2:AAFg5QvvADDNZ2zuG2CqysyYjeqeuMWYz0TVQeAK4HxxRcQzsCRqEc5oBHEGv9R3JmIsI-awyYo
【$.token】 eyJ0eXAiOiJKV1QiLCJhbGciOiJIUzI1NiJ9.eyJpc3MiOiJodHRwOlwvXC8xMjcuMC4wLjE6OTUwMlwvYXBpXC9hdXRoIiwiaWF0IjoxNjI1NjIzNTM1LCJleHAiOjE2MjU2NjY3MzUsIm5iZiI6MTYyNTYyMzUzNSwianRpIjoiMHpYZ3VOVTRPcjR4UUNETiIsInN1YiI6MzEyMTY0MywicHJ2IjoiMjNiZDVjODk0OWY2MDBhZGIzOWU3MDFjNDAwODcyZGI3YTU5NzZmNyJ9.hI4o77VWoIJ0EnF0eX-l0fa5AgMYANvmWmy2j9jPVDo
美容研究院服务器连接成功
操作成功，账号正常
服务器连接关闭
wss://xinruimz-isv.isvjcloud.com/wss/?token=eyJ0eXAiOiJKV1QiLCJhbGciOiJIUzI1NiJ9.eyJpc3MiOiJodHRwOlwvXC8xMjcuMC4wLjE6OTUwMlwvYXBpXC9hdXRoIiwiaWF0IjoxNjI1NjIzNTM1LCJleHAiOjE2MjU2NjY3MzUsIm5iZiI6MTYyNTYyMzUzNSwianRpIjoiMHpYZ3VOVTRPcjR4UUNETiIsInN1YiI6MzEyMTY0MywicHJ2IjoiMjNiZDVjODk0OWY2MDBhZGIzOWU3MDFjNDAwODcyZGI3YTU5NzZmNyJ9.hI4o77VWoIJ0EnF0eX-l0fa5AgMYANvmWmy2j9jPVDo
美容研究院服务器连接成功
helpInfo [
  '{"msg":{"type":"action","args":{"inviter_id":"1660747","position":"h2","token":"lN6WkPae"},"action":"employee"}}',
  '{"msg":{"type":"action","args":{"inviter_id":"1660747","position":"b1","token":"lDgd5YEL"},"action":"employee"}}',
  '{"msg":{"type":"action","args":{"inviter_id":"1660747","position":"h1","token":"gIDZL1PT"},"action":"employee"}}',
  '{"msg":{"type":"action","args":{"inviter_id":"1660747","position":"b2","token":"2Vk8CTru"},"action":"employee"}}',
  '{"msg":{"type":"action","args":{"inviter_id":"1660747","position":"s2","token":"T2P12lyy"},"action":"employee"}}',
  '{"msg":{"type":"action","args":{"inviter_id":"1660747","position":"s1","token":"8O248zh5"},"action":"employee"}}'
]

开始任务：""employee"
您正在被其他好友雇佣中,不能被重复雇佣

开始任务：""employee"
您正在被其他好友雇佣中,不能被重复雇佣

开始任务：""get_user"
当前美妆币1850，用户等级1

开始任务：""check_up"

开始任务：""employee"
您正在被其他好友雇佣中,不能被重复雇佣

开始任务：""get_ad"
当期活动：美妆馆日常
去做签到任务

开始任务：""employee"
操作成功

开始任务：""employee"
您正在被其他好友雇佣中,不能被重复雇佣

开始任务：""get_produce_material"
get_produce_material 操作成功

开始任务：""employee"
您正在被其他好友雇佣中,不能被重复雇佣

开始任务：""get_package"
仓库信息:【油脂】99份 【滑石粉】99份 【保湿剂】99份 【乳化剂】99份 【矿物质水】99份 【颜料】99份 

开始任务：""sign_in"

开始任务：""shop_products"
去做关注店铺任务
去做关注店铺【碧欧泉男士京东自营官方旗舰店】
去做关注店铺【亲润美妆专营店】

开始任务：""product_lists"
========可生产商品信息========
生产【散粉】需要原料“滑石粉2 份” （库存 99 份）需要原料“颜料2 份” （库存 99 份），可生产 49份
【散粉】可生产份数大于0，去生产
========原料生产信息========

开始任务：""shop_view"
任务完成成功，获得50美妆币

开始任务：""product_producing"
生产【爽肤水】需要原料“矿物质水2 份” （库存 99 份）需要原料“保湿剂2 份” （库存 99 份），可生产 49份
【爽肤水】可生产份数大于0，去生产

开始任务：""produce_position_info_v2"
【s2】上尚未开始生产
$.needs:[]
elsema:{"id":6,"name":"滑石粉","type":"base","level":1,"unit_time":10,"describe":"粉状化妆品主要原料之一，增强了化妆品防晒的性能","unit_name":"个","pic":"https://jd-beauty-cdn.h5.sinreweb.com/jd-beauty/images/1e713e5046f8a9ffe07077e38c73be05.png","coins":5,"sort":45,"start_at":"2020-11-19 17:55:40","end_at":"2023-12-31 17:55:40","created_at":"2020-11-19 17:58:00","updated_at":"2021-04-02 00:05:42"}
ma booleamtrue
去生产滑石粉
去做关注店铺【欧莱雅京东自营官方旗舰店】
生产【卸妆油】需要原料“油脂2 份” （库存 99 份）需要原料“乳化剂2 份” （库存 99 份），可生产 49份
【卸妆油】可生产份数大于0，去生产

开始任务：""produce_position_info_v2"
【h1】上尚未开始生产
$.needs:[]
elsema:{"id":3,"name":"乳化剂","type":"base","level":1,"unit_time":10,"describe":"主要适用于“轻爽型”油包水乳液，适用于各种化妆品配方","unit_name":"个","pic":"https://jd-beauty-cdn.h5.sinreweb.com/jd-beauty/images/9822484566eecd0ba4d103b0955984b7.png","coins":5,"sort":49,"start_at":"2020-11-19 17:01:00","end_at":"2023-12-31 17:01:00","created_at":"2020-11-19 17:06:14","updated_at":"2021-04-02 00:05:11"}
ma booleamtrue
去生产乳化剂

开始任务：""get_package"
仓库信息:【油脂】99份 【滑石粉】99份 【保湿剂】99份 【乳化剂】99份 【矿物质水】99份 【颜料】99份 

开始任务：""product_produce"
生产成功
=======================

开始任务：""product_produce"
生产信息获取失败，错误信息请求太频繁，请稍后再试

开始任务：""shop_view"
任务完成成功，获得50美妆币
去做关注店铺【京东美妆严选自营旗舰店】

开始任务：""shop_view"
任务完成成功，获得50美妆币

开始任务：""produce_position_info_v2"
【s1】上尚未开始生产
$.needs:[]
elsema:{"id":4,"name":"矿物质水","type":"base","level":1,"unit_time":10,"describe":"根据人体需求，合理添加了矿物质元素，补充人体水分及矿物质的需求","unit_name":"个","pic":"https://jd-beauty-cdn.h5.sinreweb.com/jd-beauty/images/3695a1e9d9a12e3de804e039463399fb.png","coins":5,"sort":48,"start_at":"2020-11-19 17:13:26","end_at":"2023-12-31 17:13:26","created_at":"2020-11-19 17:15:57","updated_at":"2021-04-02 00:05:20"}
ma booleamtrue
去生产矿物质水

开始任务：""produce_position_info_v2"
【b2】上尚未开始生产
$.needs:[]
elsema:{"id":5,"name":"保湿剂","type":"base","level":1,"unit_time":10,"describe":"增加或保持皮肤上层水分的化妆品原料","unit_name":"个","pic":"https://jd-beauty-cdn.h5.sinreweb.com/jd-beauty/images/5364cccda4029d939656f21657f5f50a.png","coins":5,"sort":47,"start_at":"2020-11-19 17:33:20","end_at":"2023-12-31 17:33:20","created_at":"2020-11-19 17:35:34","updated_at":"2021-04-02 00:05:27"}
ma booleamtrue
去生产保湿剂

开始任务：""produce_position_info_v2"
【h2】上尚未开始生产
$.needs:[]
elsema:{"id":9,"name":"颜料","type":"base","level":1,"unit_time":10,"describe":"是彩妆化妆品的主要着色剂","unit_name":"个","pic":"https://jd-beauty-cdn.h5.sinreweb.com/jd-beauty/images/5848195fe60aee4f923cd7eb7cec810b.png","coins":5,"sort":46,"start_at":"2020-11-20 13:57:50","end_at":"2023-12-31 15:00:00","created_at":"2020-11-20 13:58:48","updated_at":"2021-04-02 00:05:35"}
ma booleamtrue
去生产颜料

开始任务：""material_produce_v2"
【s2】上开始生产滑石粉

开始任务：""write"

开始任务：""get_user"
当前美妆币2050，用户等级1

开始任务：""produce_position_info_v2"
【b1】上尚未开始生产
$.needs:[]
elsema:{"id":1,"name":"油脂","type":"base","level":1,"unit_time":10,"describe":"主要起着护肤、柔滑、滋润等作用","unit_name":"个","pic":"https://jd-beauty-cdn.h5.sinreweb.com/jd-beauty/images/abefb0662f172b22b54921000b6c873b.png","coins":5,"sort":50,"start_at":"2020-11-05 15:01:16","end_at":"2023-08-20 15:01:16","created_at":"2020-11-05 15:01:55","updated_at":"2021-04-02 00:05:03"}
ma booleamtrue
去生产油脂

开始任务：""product_produce"
生产成功

开始任务：""to_employee"
雇佣助力码【E9kfXAvv】
去做关注店铺【法国娇韵诗京东自营旗舰店】

开始任务：""get_benefit"
benefit:{"id":7,"type":1,"name":"京豆","coins":"1000","description":"1 京豆","image":"https://jd-beauty-cdn.h5.sinreweb.com/jd-beauty-laboratory-20201102/images/0dcdc19525d059f863ddf7b39ba1f72f.jpg","global_daily_limit":0,"day_limit":8,"level_limit":1,"times_limit":0,"initial_stock":16000000,"stock":"81573560","sort":100000,"status":1,"setting":{"beans_count":"1","gift_bag":"0"},"created_at":"2020-11-11 14:16:44","updated_at":"2021-06-23 10:34:12","all_exchange_count":2,"day_exchange_count":0}

开始任务：""collect_coins"
收取成功，获得0美妆币，当前总美妆币：2100


开始任务：""material_produce_v2"
【undefined】上开始生产undefined

开始任务：""material_produce_v2"
【b1】上开始生产油脂
去做第1次浏览会场任务

开始任务：""shop_view"
任务完成成功，获得50美妆币

开始任务：""to_employee"
雇佣助力码【NxOKUIYv】

开始任务：""material_produce_v2"
【s1】上开始生产矿物质水

开始任务：""material_produce_v2"
【b2】上开始生产保湿剂

开始任务：""material_produce_v2"
【h2】上开始生产颜料

开始任务：""to_employee"
雇佣助力码【bWxNcHBw】

开始任务：""to_exchange"
兑换10京豆成功;{"data":{"coins":-1000,"user_coins":1200},"msg":"操作成功","code":200,"action":"to_exchange"}

开始任务：""shop_view"
任务完成成功，获得50美妆币

开始任务：""to_employee"
雇佣助力码【YYDFmpO1】

开始任务：""meetingplace_view"
任务完成成功，获得100美妆币

开始任务：""to_employee"
雇佣助力码【LpvpTsR6】
去做第2次浏览会场任务

开始任务：""to_employee"
雇佣助力码【hun0yoT9】

开始任务：""to_exchange"
兑换京豆失败：{"msg":"操作频繁,请稍后再试","code":422,"action":"to_exchange"}

开始任务：""meetingplace_view"
任务完成成功，获得100美妆币

开始任务：""to_exchange"
兑换京豆失败：{"msg":"操作频繁,请稍后再试","code":422,"action":"to_exchange"}
去做第3次浏览会场任务

开始任务：""to_exchange"
兑换10京豆成功;{"data":{"coins":-1000,"user_coins":400},"msg":"操作成功","code":200,"action":"to_exchange"}

开始任务：""to_exchange"
兑换京豆失败：{"msg":"操作频繁,请稍后再试","code":422,"action":"to_exchange"}

开始任务：""to_exchange"
兑换京豆失败：{"msg":"操作频繁,请稍后再试","code":422,"action":"to_exchange"}
去做第4次浏览会场任务

开始任务：""to_exchange"
兑换京豆失败：{"msg":"美妆币不足","code":422,"action":"to_exchange"}

开始任务：""meetingplace_view"
任务完成成功，获得100美妆币

开始任务：""meetingplace_view"
任务完成成功，获得100美妆币
去做第5次浏览会场任务

开始任务：""to_exchange"
兑换京豆失败：{"msg":"操作频繁,请稍后再试","code":422,"action":"to_exchange"}

开始任务：""to_exchange"
兑换京豆失败：{"msg":"操作频繁,请稍后再试","code":422,"action":"to_exchange"}
benefit:{"id":9,"type":1,"name":"京豆大礼包(0点限量)","coins":"100000","description":"500颗京豆打包兑换","image":"https://jd-beauty-cdn.h5.sinreweb.com/jd-beauty-laboratory-20201102/images/0dcdc19525d059f863ddf7b39ba1f72f.jpg","global_daily_limit":20,"day_limit":1,"level_limit":1,"times_limit":0,"initial_stock":1000,"stock":"-6","sort":99999,"status":1,"setting":{"beans_count":"500","gift_bag":"1"},"created_at":"2020-11-11 14:16:44","updated_at":"2021-06-23 10:34:19","all_exchange_count":0,"day_exchange_count":0}

开始任务：""meetingplace_view"
任务完成成功，获得100美妆币
去做第6次浏览会场任务

开始任务：""to_exchange"
兑换京豆失败：{"msg":"美妆币不足","code":422,"action":"to_exchange"}

开始任务：""meetingplace_view"
任务完成成功，获得100美妆币
去做第7次浏览会场任务
去做第8次浏览会场任务

开始任务：""meetingplace_view"
任务完成成功，获得100美妆币

开始任务：""meetingplace_view"
任务完成成功，获得100美妆币
去做第9次浏览会场任务

开始任务：""meetingplace_view"
任务完成成功，获得100美妆币
去做第10次浏览会场任务

开始任务：""meetingplace_view"
任务完成成功，获得100美妆币
去做第11次浏览会场任务

开始任务：""meetingplace_view"
任务完成成功，获得100美妆币
去做每日问答任务

开始任务：""get_question"

开始任务：""submit_answer"
任务完成成功，获得200美妆币
本次运行获得美妆币1550
服务器连接关闭

==============📣系统通知📣==============
美丽研究院
京东账号5jd_157332zdf
本次运行获得美妆币1550枚
当前美妆币1550

🔔美丽研究院, 结束! 🕛 479.379 秒

