
🔔美丽研究院, 开始!

====================共2个京东账号Cookie=========

==================脚本执行- 北京时间(UTC+8)：7/11/2021, 11:34:34 PM=====================


******开始【京东账号1】15631692383_p*********

***检测账号是否黑号***
isvToken:AAEAIHoDq8kHk4euI8GPV_4B6gzG7-j3v6mAAGXT0yR2a9VZ0
token2:AAFg6w-LADDZqeCjEEDZx4kkzoDk93xZ7XC7gDmmwdaKdBPqAH3wkNCRDJewacX4GC2-ZOUDHUs
【$.token】 eyJ0eXAiOiJKV1QiLCJhbGciOiJIUzI1NiJ9.eyJpc3MiOiJodHRwOlwvXC8xMjcuMC4wLjE6OTUwMlwvYXBpXC9hdXRoIiwiaWF0IjoxNjI2MDE3Njc1LCJleHAiOjE2MjYwNjA4NzUsIm5iZiI6MTYyNjAxNzY3NSwianRpIjoiQTh0MTRqVXVhTDFNb2kweCIsInN1YiI6MTY0MDA2NCwicHJ2IjoiMjNiZDVjODk0OWY2MDBhZGIzOWU3MDFjNDAwODcyZGI3YTU5NzZmNyJ9.dUgDlkyjMMJs0R4UgBd4MVJ2E5eWGGPPqwaHc5HxgWA
美容研究院服务器连接成功
操作成功，账号正常
服务器连接关闭
wss://xinruimz-isv.isvjcloud.com/wss/?token=eyJ0eXAiOiJKV1QiLCJhbGciOiJIUzI1NiJ9.eyJpc3MiOiJodHRwOlwvXC8xMjcuMC4wLjE6OTUwMlwvYXBpXC9hdXRoIiwiaWF0IjoxNjI2MDE3Njc1LCJleHAiOjE2MjYwNjA4NzUsIm5iZiI6MTYyNjAxNzY3NSwianRpIjoiQTh0MTRqVXVhTDFNb2kweCIsInN1YiI6MTY0MDA2NCwicHJ2IjoiMjNiZDVjODk0OWY2MDBhZGIzOWU3MDFjNDAwODcyZGI3YTU5NzZmNyJ9.dUgDlkyjMMJs0R4UgBd4MVJ2E5eWGGPPqwaHc5HxgWA
美容研究院服务器连接成功

开始任务：""check_up"

开始任务：""get_package"
仓库信息:【乳化剂】100份 【保湿剂】990份 【滑石粉】546份 【树脂】965份 【滋润剂】294份 【香料】1份 【乙醇】297份 【蜂蜡】296份 【胶合剂】99份 

开始任务：""get_ad"
当期活动：美妆馆日常
去做签到任务

开始任务：""get_user"
当前美妆币2550，用户等级3
helpInfo []

开始任务：""sign_in"

开始任务：""product_producing"

开始任务：""shop_products"
去做关注店铺任务
去做关注店铺【碧欧泉男士京东自营官方旗舰店】

开始任务：""get_produce_material"
get_produce_material 操作成功

开始任务：""new_product_fetch"
收取产品【粉饼】50份
去做关注店铺【亲润美妆专营店】
========原料生产信息========

开始任务：""shop_view"
任务完成成功，获得50美妆币

开始任务：""product_lists"
========可生产商品信息========
need_material:[{"id":9,"name":"颜料","pic":"https://jd-beauty-cdn.h5.sinreweb.com/jd-beauty/images/5848195fe60aee4f923cd7eb7cec810b.png","coins":5}]
生产【粉饼】需要原料“滑石粉2 份” （库存 546 份）需要原料“颜料4 份” (没有库存)需要原料“胶合剂2 份” （库存 99 份）
【粉饼】原料不足，无法生产
need_material:[{"id":9,"name":"颜料","pic":"https://jd-beauty-cdn.h5.sinreweb.com/jd-beauty/images/5848195fe60aee4f923cd7eb7cec810b.png","coins":5},{"id":4,"name":"矿物质水","pic":"https://jd-beauty-cdn.h5.sinreweb.com/jd-beauty/images/3695a1e9d9a12e3de804e039463399fb.png","coins":5}]
生产【香水】需要原料“矿物质水3 份” (没有库存)需要原料“香料3 份” （库存 1 份）需要原料“乙醇1 份” （库存 297 份）
【香水】原料不足，无法生产
need_material:[{"id":9,"name":"颜料","pic":"https://jd-beauty-cdn.h5.sinreweb.com/jd-beauty/images/5848195fe60aee4f923cd7eb7cec810b.png","coins":5},{"id":4,"name":"矿物质水","pic":"https://jd-beauty-cdn.h5.sinreweb.com/jd-beauty/images/3695a1e9d9a12e3de804e039463399fb.png","coins":5},{"id":11,"name":"香料","pic":"https://jd-beauty-cdn.h5.sinreweb.com/jd-beauty/images/176fb5d65fba788bb4c6c01fce361ed7.png","coins":10},{"id":1,"name":"油脂","pic":"https://jd-beauty-cdn.h5.sinreweb.com/jd-beauty/images/abefb0662f172b22b54921000b6c873b.png","coins":5}]
need_material:[{"id":9,"name":"颜料","pic":"https://jd-beauty-cdn.h5.sinreweb.com/jd-beauty/images/5848195fe60aee4f923cd7eb7cec810b.png","coins":5},{"id":4,"name":"矿物质水","pic":"https://jd-beauty-cdn.h5.sinreweb.com/jd-beauty/images/3695a1e9d9a12e3de804e039463399fb.png","coins":5},{"id":11,"name":"香料","pic":"https://jd-beauty-cdn.h5.sinreweb.com/jd-beauty/images/176fb5d65fba788bb4c6c01fce361ed7.png","coins":10},{"id":1,"name":"油脂","pic":"https://jd-beauty-cdn.h5.sinreweb.com/jd-beauty/images/abefb0662f172b22b54921000b6c873b.png","coins":5}]
生产【口红】需要原料“油脂2 份” (没有库存)需要原料“颜料4 份” (没有库存)需要原料“蜂蜡2 份” （库存 296 份）
【口红】原料不足，无法生产
=======================

开始任务：""get_package"
仓库信息:【乳化剂】100份 【保湿剂】990份 【滑石粉】546份 【树脂】965份 【滋润剂】294份 【香料】1份 【乙醇】297份 【蜂蜡】296份 【胶合剂】99份 

开始任务：""new_product_fetch"
收取产品【口红】25份

开始任务：""get_user"
当前美妆币2750，用户等级4

开始任务：""shop_view"
任务完成成功，获得50美妆币
去做关注店铺【欧莱雅京东自营官方旗舰店】

开始任务：""produce_position_info_v2"
【b1】上尚未开始生产
$.needs:[{"id":9,"name":"颜料","pic":"https://jd-beauty-cdn.h5.sinreweb.com/jd-beauty/images/5848195fe60aee4f923cd7eb7cec810b.png","coins":5},{"id":4,"name":"矿物质水","pic":"https://jd-beauty-cdn.h5.sinreweb.com/jd-beauty/images/3695a1e9d9a12e3de804e039463399fb.png","coins":5},{"id":11,"name":"香料","pic":"https://jd-beauty-cdn.h5.sinreweb.com/jd-beauty/images/176fb5d65fba788bb4c6c01fce361ed7.png","coins":10},{"id":1,"name":"油脂","pic":"https://jd-beauty-cdn.h5.sinreweb.com/jd-beauty/images/abefb0662f172b22b54921000b6c873b.png","coins":5}]
ma:{"id":1,"name":"油脂","pic":"https://jd-beauty-cdn.h5.sinreweb.com/jd-beauty/images/abefb0662f172b22b54921000b6c873b.png","coins":5}
ma booleamtrue
去生产油脂

开始任务：""produce_position_info_v2"
【b2】上尚未开始生产
$.needs:[{"id":9,"name":"颜料","pic":"https://jd-beauty-cdn.h5.sinreweb.com/jd-beauty/images/5848195fe60aee4f923cd7eb7cec810b.png","coins":5},{"id":4,"name":"矿物质水","pic":"https://jd-beauty-cdn.h5.sinreweb.com/jd-beauty/images/3695a1e9d9a12e3de804e039463399fb.png","coins":5},{"id":11,"name":"香料","pic":"https://jd-beauty-cdn.h5.sinreweb.com/jd-beauty/images/176fb5d65fba788bb4c6c01fce361ed7.png","coins":10}]
ma:{"id":11,"name":"香料","pic":"https://jd-beauty-cdn.h5.sinreweb.com/jd-beauty/images/176fb5d65fba788bb4c6c01fce361ed7.png","coins":10}
ma booleamtrue
去生产香料

开始任务：""material_produce_v2"
【b1】上开始生产油脂

开始任务：""produce_position_info_v2"
【h1】上正在生产【乙醇】，可收取 0 份
去收取乙醇
去做关注店铺【京东美妆严选自营旗舰店】

开始任务：""produce_position_info_v2"
【s2】上正在生产【香料】，可收取 0 份
去收取香料

开始任务：""get_benefit"
benefit:{"id":7,"type":1,"name":"京豆","coins":"1000","description":"1 京豆","image":"https://jd-beauty-cdn.h5.sinreweb.com/jd-beauty-laboratory-20201102/images/0dcdc19525d059f863ddf7b39ba1f72f.jpg","global_daily_limit":0,"day_limit":8,"level_limit":1,"times_limit":0,"initial_stock":16000000,"stock":"80796432","sort":100000,"status":1,"setting":{"beans_count":"1","gift_bag":"0"},"created_at":"2020-11-11 14:16:44","updated_at":"2021-06-23 10:34:12","all_exchange_count":100,"day_exchange_count":0}

开始任务：""produce_position_info_v2"
【s1】上正在生产【胶合剂】，可收取 0 份
去收取胶合剂

开始任务：""material_produce_v2"
【b2】上开始生产香料

开始任务：""produce_position_info_v2"
【h2】上尚未开始生产
$.needs:[{"id":9,"name":"颜料","pic":"https://jd-beauty-cdn.h5.sinreweb.com/jd-beauty/images/5848195fe60aee4f923cd7eb7cec810b.png","coins":5},{"id":4,"name":"矿物质水","pic":"https://jd-beauty-cdn.h5.sinreweb.com/jd-beauty/images/3695a1e9d9a12e3de804e039463399fb.png","coins":5}]
ma:{"id":4,"name":"矿物质水","pic":"https://jd-beauty-cdn.h5.sinreweb.com/jd-beauty/images/3695a1e9d9a12e3de804e039463399fb.png","coins":5}
ma booleamtrue
去生产矿物质水

开始任务：""shop_view"
任务完成成功，获得50美妆币

开始任务：""shop_view"
任务完成成功，获得50美妆币
去做关注店铺【法国娇韵诗京东自营旗舰店】

开始任务：""material_fetch_v2"
【s2】收取成功，获得undefined份


开始任务：""to_exchange"
兑换10京豆成功;{"data":{"coins":-1000,"user_coins":1850},"msg":"操作成功","code":200,"action":"to_exchange"}

开始任务：""material_fetch_v2"
【h1】收取成功，获得undefined份


开始任务：""collect_coins"
收取成功，获得0美妆币，当前总美妆币：2800

去做第1次浏览会场任务

开始任务：""to_employee"
雇佣助力码【c516k3ht】

开始任务：""to_employee"
雇佣助力码【CIayP8kr】

开始任务：""material_fetch_v2"
【s1】收取成功，获得undefined份


开始任务：""shop_view"
任务完成成功，获得50美妆币

开始任务：""to_employee"
雇佣助力码【5T5nbTye】

开始任务：""to_employee"
雇佣助力码【YXSD0XSZ】

开始任务：""to_employee"
雇佣助力码【L9pF0i0K】

开始任务：""material_produce_v2"
【h2】上开始生产矿物质水

开始任务：""to_exchange"
兑换京豆失败：{"msg":"操作频繁,请稍后再试","code":422,"action":"to_exchange"}
去做第2次浏览会场任务

开始任务：""to_exchange"
兑换京豆失败：{"msg":"操作频繁,请稍后再试","code":422,"action":"to_exchange"}

开始任务：""meetingplace_view"
任务完成失败，错误信息请求太频繁，请稍后再试

开始任务：""to_employee"
雇佣助力码【8tUcb97k】

开始任务：""meetingplace_view"
任务完成成功，获得100美妆币

开始任务：""to_exchange"
兑换10京豆成功;{"data":{"coins":-1000,"user_coins":900},"msg":"操作成功","code":200,"action":"to_exchange"}
去做第3次浏览会场任务

开始任务：""to_exchange"
兑换京豆失败：{"msg":"操作频繁,请稍后再试","code":422,"action":"to_exchange"}

开始任务：""to_exchange"
兑换京豆失败：{"msg":"操作频繁,请稍后再试","code":422,"action":"to_exchange"}

开始任务：""meetingplace_view"
任务完成成功，获得100美妆币

开始任务：""to_exchange"
兑换京豆失败：{"msg":"操作频繁,请稍后再试","code":422,"action":"to_exchange"}
去做第4次浏览会场任务

开始任务：""to_exchange"
兑换10京豆成功;{"data":{"coins":-1000,"user_coins":100},"msg":"操作成功","code":200,"action":"to_exchange"}
去做第5次浏览会场任务
benefit:{"id":9,"type":1,"name":"京豆大礼包(0点限量)","coins":"100000","description":"500颗京豆打包兑换","image":"https://jd-beauty-cdn.h5.sinreweb.com/jd-beauty-laboratory-20201102/images/0dcdc19525d059f863ddf7b39ba1f72f.jpg","global_daily_limit":20,"day_limit":1,"level_limit":1,"times_limit":0,"initial_stock":1000,"stock":"-6","sort":99999,"status":1,"setting":{"beans_count":"500","gift_bag":"1"},"created_at":"2020-11-11 14:16:44","updated_at":"2021-06-23 10:34:19","all_exchange_count":0,"day_exchange_count":0}

开始任务：""to_exchange"
兑换京豆失败：{"msg":"操作频繁,请稍后再试","code":422,"action":"to_exchange"}

开始任务：""meetingplace_view"
任务完成成功，获得100美妆币

开始任务：""meetingplace_view"
任务完成成功，获得100美妆币

开始任务：""to_exchange"
兑换京豆失败：{"msg":"操作频繁,请稍后再试","code":422,"action":"to_exchange"}
去做第6次浏览会场任务

开始任务：""meetingplace_view"
任务完成成功，获得100美妆币
去做第7次浏览会场任务
去做第8次浏览会场任务

开始任务：""meetingplace_view"
任务完成成功，获得100美妆币

开始任务：""meetingplace_view"
任务完成成功，获得100美妆币
去做第9次浏览会场任务

开始任务：""meetingplace_view"
任务完成成功，获得100美妆币
去做第10次浏览会场任务

开始任务：""meetingplace_view"
任务完成成功，获得100美妆币
去做第11次浏览会场任务
去做每日问答任务

开始任务：""meetingplace_view"
任务完成成功，获得100美妆币

开始任务：""get_question"

开始任务：""submit_answer"
任务完成成功，获得200美妆币
本次运行获得美妆币1450
服务器连接关闭

==============📣系统通知📣==============
美丽研究院
京东账号115631692383_p
本次运行获得美妆币1450枚
当前美妆币1150

******开始【京东账号2】Ycp_Dream*********

***检测账号是否黑号***
isvToken:AAEAIOhlf6LB9O6Ha1EHHSJRTLgnXv-IVZbJ7GtGOOk2Z_Qu0
token2:AAFg6w_yADCIOhVV5rL30mk3g102bdPmIGsgA0ygEwEkmXDWmy6EvJGl38SpIj63VDwMVJ5R7XY
【$.token】 eyJ0eXAiOiJKV1QiLCJhbGciOiJIUzI1NiJ9.eyJpc3MiOiJodHRwOlwvXC8xMjcuMC4wLjE6OTUwMlwvYXBpXC9hdXRoIiwiaWF0IjoxNjI2MDE3Nzc4LCJleHAiOjE2MjYwNjA5NzgsIm5iZiI6MTYyNjAxNzc3OCwianRpIjoiRmhkUmN4c2N2TjBuU0JhTyIsInN1YiI6MjkzNjYwNCwicHJ2IjoiMjNiZDVjODk0OWY2MDBhZGIzOWU3MDFjNDAwODcyZGI3YTU5NzZmNyJ9.qT62A9G8LGSc43FQqy_waTpq3MLAvfGCfSxucn1KHgg
美容研究院服务器连接成功
操作成功，账号正常
服务器连接关闭
wss://xinruimz-isv.isvjcloud.com/wss/?token=eyJ0eXAiOiJKV1QiLCJhbGciOiJIUzI1NiJ9.eyJpc3MiOiJodHRwOlwvXC8xMjcuMC4wLjE6OTUwMlwvYXBpXC9hdXRoIiwiaWF0IjoxNjI2MDE3Nzc4LCJleHAiOjE2MjYwNjA5NzgsIm5iZiI6MTYyNjAxNzc3OCwianRpIjoiRmhkUmN4c2N2TjBuU0JhTyIsInN1YiI6MjkzNjYwNCwicHJ2IjoiMjNiZDVjODk0OWY2MDBhZGIzOWU3MDFjNDAwODcyZGI3YTU5NzZmNyJ9.qT62A9G8LGSc43FQqy_waTpq3MLAvfGCfSxucn1KHgg
美容研究院服务器连接成功
helpInfo [
  '{"msg":{"type":"action","args":{"inviter_id":"1640064","position":"b1","token":"c516k3ht"},"action":"employee"}}',
  '{"msg":{"type":"action","args":{"inviter_id":"1640064","position":"h1","token":"CIayP8kr"},"action":"employee"}}',
  '{"msg":{"type":"action","args":{"inviter_id":"1640064","position":"s2","token":"5T5nbTye"},"action":"employee"}}',
  '{"msg":{"type":"action","args":{"inviter_id":"1640064","position":"s1","token":"YXSD0XSZ"},"action":"employee"}}',
  '{"msg":{"type":"action","args":{"inviter_id":"1640064","position":"b2","token":"L9pF0i0K"},"action":"employee"}}',
  '{"msg":{"type":"action","args":{"inviter_id":"1640064","position":"h2","token":"8tUcb97k"},"action":"employee"}}'
]

开始任务：""employee"
您正在被其他好友雇佣中,不能被重复雇佣

开始任务：""check_up"

开始任务：""employee"
您正在被其他好友雇佣中,不能被重复雇佣

开始任务：""get_user"
当前美妆币1920，用户等级2

开始任务：""get_package"
仓库信息:【乳化剂】198份 【颜料】99份 【矿物质水】99份 【保湿剂】396份 【滑石粉】216份 【油脂】99份 【香料】133份 【滋润剂】99份 【树脂】370份 

开始任务：""employee"
您正在被其他好友雇佣中,不能被重复雇佣

开始任务：""employee"
操作成功

开始任务：""employee"
您正在被其他好友雇佣中,不能被重复雇佣

开始任务：""get_ad"
当期活动：美妆馆日常
去做签到任务

开始任务：""get_produce_material"
get_produce_material 操作成功

开始任务：""employee"
您正在被其他好友雇佣中,不能被重复雇佣

开始任务：""shop_products"
去做关注店铺任务
去做关注店铺【碧欧泉男士京东自营官方旗舰店】

开始任务：""shop_view"
任务完成成功，获得50美妆币
去做关注店铺【亲润美妆专营店】

开始任务：""product_producing"
========原料生产信息========

开始任务：""get_package"
仓库信息:【乳化剂】198份 【颜料】99份 【矿物质水】99份 【保湿剂】396份 【滑石粉】216份 【油脂】99份 【香料】133份 【滋润剂】99份 【树脂】370份 

开始任务：""product_lists"
========可生产商品信息========
生产【腮红】需要原料“滑石粉1 份” （库存 216 份）需要原料“颜料3 份” （库存 99 份）需要原料“香料2 份” （库存 133 份），可生产 33份
【腮红】可生产份数大于0，去生产
生产【乳液】需要原料“矿物质水1 份” （库存 99 份）需要原料“保湿剂1 份” （库存 396 份）需要原料“滋润剂3 份” （库存 99 份），可生产 33份
【乳液】可生产份数大于0，去生产

开始任务：""sign_in"
去做关注店铺【欧莱雅京东自营官方旗舰店】
生产【指甲油】需要原料“树脂2 份” （库存 370 份）需要原料“颜料4 份” （库存 99 份），可生产 24份
【指甲油】可生产份数大于0，去生产

开始任务：""produce_position_info_v2"
【h1】上尚未开始生产
$.needs:[]
elsema:{"id":14,"name":"滋润剂","type":"base","level":2,"unit_time":20,"describe":"温和的亲油性物质，可以润滑皮肤、减少水分蒸发，诱导角质层进一步水化","unit_name":"瓶","pic":"https://jd-beauty-cdn.h5.sinreweb.com/jd-beauty/images/8ff5e799e3c182a3f54c2bfe42a78bb3.png","coins":10,"sort":43,"start_at":"2020-11-20 14:01:17","end_at":"2028-01-30 14:01:17","created_at":"2020-11-20 14:02:03","updated_at":"2021-04-02 00:06:02"}
ma booleamtrue
去生产滋润剂

开始任务：""shop_view"
任务完成成功，获得50美妆币
=======================

开始任务：""produce_position_info_v2"
【s2】上尚未开始生产
$.needs:[]
elsema:undefined
ma booleamfalse
else去生产滑石粉

开始任务：""produce_position_info_v2"
【h2】上尚未开始生产
$.needs:[]
elsema:undefined
ma booleamfalse
else去生产颜料
去做关注店铺【京东美妆严选自营旗舰店】

开始任务：""product_produce"
生产成功

开始任务：""product_produce"
生产成功

开始任务：""produce_position_info_v2"
【s1】上尚未开始生产
$.needs:[]
elsema:{"id":11,"name":"香料","type":"base","level":2,"unit_time":20,"describe":"能被嗅感嗅出气味的物质，具有怡人香气","unit_name":"瓶","pic":"https://jd-beauty-cdn.h5.sinreweb.com/jd-beauty/images/176fb5d65fba788bb4c6c01fce361ed7.png","coins":10,"sort":42,"start_at":"2020-11-20 13:59:05","end_at":"2023-12-31 13:56:56","created_at":"2020-11-20 14:00:19","updated_at":"2021-04-02 00:06:13"}
ma booleamtrue
去生产香料

开始任务：""produce_position_info_v2"
【b2】上尚未开始生产
$.needs:[]
elsema:undefined
ma booleamfalse
else去生产保湿剂

开始任务：""get_user"
当前美妆币2120，用户等级2

开始任务：""get_benefit"

开始任务：""collect_coins"
收取成功，获得1320美妆币，当前总美妆币：3490


开始任务：""material_produce_v2"
【s2】上开始生产滑石粉

开始任务：""produce_position_info_v2"
【b1】上尚未开始生产
$.needs:[]
elsema:{"id":7,"name":"树脂","type":"base","level":2,"unit_time":20,"describe":"由低分子物质聚合成高聚物，广泛应用于化妆品中","unit_name":"个","pic":"https://jd-beauty-cdn.h5.sinreweb.com/jd-beauty/images/5acb239d0a0bccc2c31d89cd01036ff3.png","coins":10,"sort":44,"start_at":"2020-11-20 13:52:49","end_at":"2023-12-31 13:52:49","created_at":"2020-11-20 13:56:50","updated_at":"2021-04-02 00:05:50"}
ma booleamtrue
去生产树脂

开始任务：""shop_view"
任务完成成功，获得50美妆币
去做关注店铺【法国娇韵诗京东自营旗舰店】

开始任务：""product_produce"
生产信息获取失败，错误信息材料不足

开始任务：""material_produce_v2"
【h1】上开始生产滋润剂

开始任务：""shop_view"
任务完成成功，获得50美妆币

开始任务：""material_produce_v2"
【b2】上开始生产保湿剂

开始任务：""to_employee"
雇佣助力码【mfsWAJnS】

开始任务：""material_produce_v2"
【s1】上开始生产香料
去做第1次浏览会场任务

开始任务：""material_produce_v2"
【h2】上开始生产颜料

开始任务：""to_employee"
雇佣助力码【Vk2vcx5A】

开始任务：""material_produce_v2"
【b1】上开始生产树脂

开始任务：""shop_view"
任务完成成功，获得50美妆币

开始任务：""to_employee"
雇佣助力码【Y2V9OHNq】

开始任务：""meetingplace_view"
任务完成成功，获得100美妆币

开始任务：""to_employee"
雇佣助力码【yJNajJeK】
去做第2次浏览会场任务

开始任务：""to_employee"
雇佣助力码【vYyTJVjJ】

开始任务：""to_employee"
雇佣助力码【nto0StFu】

开始任务：""meetingplace_view"
任务完成成功，获得100美妆币
去做第3次浏览会场任务

开始任务：""meetingplace_view"
任务完成成功，获得100美妆币
去做第4次浏览会场任务
去做第5次浏览会场任务

开始任务：""meetingplace_view"
任务完成成功，获得100美妆币

开始任务：""meetingplace_view"
任务完成成功，获得100美妆币
去做第6次浏览会场任务
去做第7次浏览会场任务

开始任务：""meetingplace_view"
任务完成成功，获得100美妆币

开始任务：""meetingplace_view"
任务完成成功，获得100美妆币
去做第8次浏览会场任务
去做第9次浏览会场任务

开始任务：""meetingplace_view"
任务完成成功，获得100美妆币

开始任务：""meetingplace_view"
任务完成成功，获得100美妆币
去做第10次浏览会场任务
去做第11次浏览会场任务

开始任务：""meetingplace_view"
任务完成成功，获得100美妆币
去做每日问答任务

开始任务：""meetingplace_view"
任务完成成功，获得100美妆币

开始任务：""get_question"

开始任务：""submit_answer"
任务完成成功，获得200美妆币
本次运行获得美妆币1550
服务器连接关闭

==============📣系统通知📣==============
美丽研究院
京东账号2Ycp_Dream
本次运行获得美妆币1550枚
当前美妆币4940

🔔美丽研究院, 结束! 🕛 203.926 秒

