
🔔美丽研究院, 开始!

====================共5个京东账号Cookie=========

==================脚本执行- 北京时间(UTC+8)：7/9/2021, 5:29:15 PM=====================


******开始【京东账号1】Ymh__Sirius*********

***检测账号是否黑号***
isvToken:AAEAIGA9ZcXflxDL7odwsHZj9Fk6eZf4INYJFmRLVbx0Sa9r0
token2:AAFg6BbrADAvMEtykW2EIOf1C1v9Z9vUSHR_BqkKidn0j7sG_boN71r_trkU55q4L95jr2ksAJk
【$.token】 eyJ0eXAiOiJKV1QiLCJhbGciOiJIUzI1NiJ9.eyJpc3MiOiJodHRwOlwvXC8xMjcuMC4wLjE6OTUwMlwvYXBpXC9hdXRoIiwiaWF0IjoxNjI1ODIyOTU5LCJleHAiOjE2MjU4NjYxNTksIm5iZiI6MTYyNTgyMjk1OSwianRpIjoickF3RnVScHVwd3dFOEo1cCIsInN1YiI6MTY0MDA2NCwicHJ2IjoiMjNiZDVjODk0OWY2MDBhZGIzOWU3MDFjNDAwODcyZGI3YTU5NzZmNyJ9.UHOPghF_ik-DeeIVt_2d24GLNi0-cBTMvCcJuXLR6HI
美容研究院服务器连接成功
操作成功，账号正常
服务器连接关闭
wss://xinruimz-isv.isvjcloud.com/wss/?token=eyJ0eXAiOiJKV1QiLCJhbGciOiJIUzI1NiJ9.eyJpc3MiOiJodHRwOlwvXC8xMjcuMC4wLjE6OTUwMlwvYXBpXC9hdXRoIiwiaWF0IjoxNjI1ODIyOTU5LCJleHAiOjE2MjU4NjYxNTksIm5iZiI6MTYyNTgyMjk1OSwianRpIjoickF3RnVScHVwd3dFOEo1cCIsInN1YiI6MTY0MDA2NCwicHJ2IjoiMjNiZDVjODk0OWY2MDBhZGIzOWU3MDFjNDAwODcyZGI3YTU5NzZmNyJ9.UHOPghF_ik-DeeIVt_2d24GLNi0-cBTMvCcJuXLR6HI
美容研究院服务器连接成功

开始任务：""get_ad"
当期活动：美妆馆日常
去做签到任务

开始任务：""check_up"

开始任务：""get_package"
仓库信息:【乳化剂】100份 【油脂】50份 【保湿剂】990份 【颜料】3份 【滑石粉】646份 【树脂】965份 【滋润剂】294份 【香料】1份 【乙醇】198份 【蜂蜡】346份 【胶合剂】199份 

开始任务：""get_user"
当前美妆币950，用户等级3
helpInfo []

开始任务：""sign_in"

开始任务：""shop_products"
去做关注店铺任务
去做关注店铺【碧欧泉男士京东自营官方旗舰店】

开始任务：""get_produce_material"
get_produce_material 操作成功
去做关注店铺【亲润美妆专营店】

开始任务：""shop_view"
任务完成成功，获得50美妆币
去做关注店铺【欧莱雅京东自营官方旗舰店】

开始任务：""product_producing"
========原料生产信息========

开始任务：""shop_view"
任务完成成功，获得50美妆币

开始任务：""produce_position_info_v2"
【s2】上尚未开始生产
$.needs:[]
elsema:undefined
ma booleamfalse
去做关注店铺【京东美妆严选自营旗舰店】

开始任务：""shop_view"
任务完成成功，获得50美妆币

开始任务：""product_lists"
========可生产商品信息========
生产【粉饼】需要原料“滑石粉2 份” （库存 646 份）需要原料“颜料4 份” （库存 3 份）需要原料“胶合剂2 份” （库存 199 份）
【粉饼】原料不足，无法生产
need_material:[{"id":9,"name":"颜料","pic":"https://jd-beauty-cdn.h5.sinreweb.com/jd-beauty/images/5848195fe60aee4f923cd7eb7cec810b.png","coins":5},{"id":4,"name":"矿物质水","pic":"https://jd-beauty-cdn.h5.sinreweb.com/jd-beauty/images/3695a1e9d9a12e3de804e039463399fb.png","coins":5}]
生产【香水】需要原料“矿物质水3 份” (没有库存)需要原料“香料3 份” （库存 1 份）需要原料“乙醇1 份” （库存 198 份）
【香水】原料不足，无法生产
生产【口红】需要原料“油脂2 份” （库存 50 份）需要原料“颜料4 份” （库存 3 份）需要原料“蜂蜡2 份” （库存 346 份）
【口红】原料不足，无法生产
=======================

开始任务：""produce_position_info_v2"
【b2】上正在生产【颜料】，可收取 0 份
去收取颜料

开始任务：""produce_position_info_v2"
【b1】上尚未开始生产
$.needs:[{"id":9,"name":"颜料","pic":"https://jd-beauty-cdn.h5.sinreweb.com/jd-beauty/images/5848195fe60aee4f923cd7eb7cec810b.png","coins":5},{"id":4,"name":"矿物质水","pic":"https://jd-beauty-cdn.h5.sinreweb.com/jd-beauty/images/3695a1e9d9a12e3de804e039463399fb.png","coins":5},{"id":11,"name":"香料","pic":"https://jd-beauty-cdn.h5.sinreweb.com/jd-beauty/images/176fb5d65fba788bb4c6c01fce361ed7.png","coins":10},{"id":9,"name":"颜料","pic":"https://jd-beauty-cdn.h5.sinreweb.com/jd-beauty/images/5848195fe60aee4f923cd7eb7cec810b.png","coins":5}]
ma:{"id":9,"name":"颜料","pic":"https://jd-beauty-cdn.h5.sinreweb.com/jd-beauty/images/5848195fe60aee4f923cd7eb7cec810b.png","coins":5}
ma booleamtrue
去生产颜料

开始任务：""get_package"
仓库信息:【乳化剂】100份 【油脂】50份 【保湿剂】990份 【颜料】3份 【滑石粉】646份 【树脂】965份 【滋润剂】294份 【香料】1份 【乙醇】198份 【蜂蜡】346份 【胶合剂】199份 

开始任务：""produce_position_info_v2"
【h1】上正在生产【乙醇】，可收取 0 份
去收取乙醇
去做关注店铺【法国娇韵诗京东自营旗舰店】

开始任务：""new_product_fetch"
收取产品【香水】33份

开始任务：""material_fetch_v2"
【b2】收取成功，获得undefined份


开始任务：""to_employee"
雇佣助力码【AiNKzCXH】

开始任务：""shop_view"
任务完成成功，获得50美妆币

开始任务：""get_user"
当前美妆币1200，用户等级3

开始任务：""to_employee"
雇佣助力码【g8gyBpoI】

开始任务：""produce_position_info_v2"
【h2】上正在生产【颜料】，可收取 0 份
去收取颜料

开始任务：""produce_position_info_v2"
【s1】上尚未开始生产
$.needs:[{"id":9,"name":"颜料","pic":"https://jd-beauty-cdn.h5.sinreweb.com/jd-beauty/images/5848195fe60aee4f923cd7eb7cec810b.png","coins":5},{"id":4,"name":"矿物质水","pic":"https://jd-beauty-cdn.h5.sinreweb.com/jd-beauty/images/3695a1e9d9a12e3de804e039463399fb.png","coins":5},{"id":11,"name":"香料","pic":"https://jd-beauty-cdn.h5.sinreweb.com/jd-beauty/images/176fb5d65fba788bb4c6c01fce361ed7.png","coins":10}]
ma:{"id":11,"name":"香料","pic":"https://jd-beauty-cdn.h5.sinreweb.com/jd-beauty/images/176fb5d65fba788bb4c6c01fce361ed7.png","coins":10}
ma booleamtrue
去生产香料

开始任务：""get_benefit"
benefit:{"id":7,"type":1,"name":"京豆","coins":"1000","description":"1 京豆","image":"https://jd-beauty-cdn.h5.sinreweb.com/jd-beauty-laboratory-20201102/images/0dcdc19525d059f863ddf7b39ba1f72f.jpg","global_daily_limit":0,"day_limit":8,"level_limit":1,"times_limit":0,"initial_stock":16000000,"stock":"81180276","sort":100000,"status":1,"setting":{"beans_count":"1","gift_bag":"0"},"created_at":"2020-11-11 14:16:44","updated_at":"2021-06-23 10:34:12","all_exchange_count":97,"day_exchange_count":0}

开始任务：""material_produce_v2"
【b1】上开始生产颜料

开始任务：""material_fetch_v2"
【h1】收取成功，获得undefined份

去做第1次浏览会场任务

开始任务：""material_fetch_v2"
【h2】收取成功，获得undefined份


开始任务：""material_produce_v2"
【undefined】上开始生产undefined
本次运行获得美妆币200
服务器连接关闭

开始任务：""collect_coins"
收取成功，获得1710美妆币，当前总美妆币：2960


开始任务：""shop_view"
任务完成成功，获得50美妆币

开始任务：""to_employee"
雇佣助力码【AZH1FDfh】

==============📣系统通知📣==============
美丽研究院
京东账号1Ymh__Sirius
本次运行获得美妆币250枚
当前美妆币3010

******开始【京东账号2】Ycp_Dream*********

***检测账号是否黑号***
isvToken:AAEAIO3mLx2JP7G1ucorv0V0SIer6N2OQgD3l-iNLJFxmJwt0
token2:AAFg6Bb8ADDeZ5RiyTQIdxHN5gJq6aH1vzTSV2mmUvsSJEACXp_OSgvetIV6kZK9SBhf1-Fq_fo
【$.token】 eyJ0eXAiOiJKV1QiLCJhbGciOiJIUzI1NiJ9.eyJpc3MiOiJodHRwOlwvXC8xMjcuMC4wLjE6OTUwMlwvYXBpXC9hdXRoIiwiaWF0IjoxNjI1ODIyOTcyLCJleHAiOjE2MjU4NjYxNzIsIm5iZiI6MTYyNTgyMjk3MiwianRpIjoiY0NrOGdManRiQWRWcjl3ZSIsInN1YiI6MjkzNjYwNCwicHJ2IjoiMjNiZDVjODk0OWY2MDBhZGIzOWU3MDFjNDAwODcyZGI3YTU5NzZmNyJ9.tM801WGlug4h3FjF6uRV6BxnLC-ye50eWQ6rxIUhWyE

开始任务：""to_employee"
美容研究院服务器连接成功
操作成功，账号正常
服务器连接关闭

开始任务：""to_exchange"
兑换京豆失败：{"msg":"请求太频繁，请稍后再试","code":422,"action":"to_exchange"}
去做第2次浏览会场任务

开始任务：""meetingplace_view"
任务完成失败，错误信息请求太频繁，请稍后再试
wss://xinruimz-isv.isvjcloud.com/wss/?token=eyJ0eXAiOiJKV1QiLCJhbGciOiJIUzI1NiJ9.eyJpc3MiOiJodHRwOlwvXC8xMjcuMC4wLjE6OTUwMlwvYXBpXC9hdXRoIiwiaWF0IjoxNjI1ODIyOTcyLCJleHAiOjE2MjU4NjYxNzIsIm5iZiI6MTYyNTgyMjk3MiwianRpIjoiY0NrOGdManRiQWRWcjl3ZSIsInN1YiI6MjkzNjYwNCwicHJ2IjoiMjNiZDVjODk0OWY2MDBhZGIzOWU3MDFjNDAwODcyZGI3YTU5NzZmNyJ9.tM801WGlug4h3FjF6uRV6BxnLC-ye50eWQ6rxIUhWyE
美容研究院服务器连接成功
helpInfo [
  '{"msg":{"type":"action","args":{"inviter_id":"1640064","position":"b2","token":"AiNKzCXH"},"action":"employee"}}',
  '{"msg":{"type":"action","args":{"inviter_id":"1640064","position":"h1","token":"g8gyBpoI"},"action":"employee"}}'
]

开始任务：""get_user"
当前美妆币680，用户等级2

开始任务：""employee"
操作成功

开始任务：""get_package"
仓库信息:【乳化剂】198份 【颜料】99份 【矿物质水】132份 【保湿剂】330份 【滑石粉】150份 【油脂】99份 【香料】100份 【滋润剂】99份 【树脂】271份 
去做第3次浏览会场任务

开始任务：""get_ad"
当期活动：美妆馆日常
去做签到任务

开始任务：""get_produce_material"
get_produce_material 操作成功

开始任务：""employee"
您正在被其他好友雇佣中,不能被重复雇佣

开始任务：""check_up"

开始任务：""sign_in"

开始任务：""shop_products"
去做关注店铺任务
去做关注店铺【碧欧泉男士京东自营官方旗舰店】
去做第4次浏览会场任务

开始任务：""product_lists"
========可生产商品信息========
生产【腮红】需要原料“滑石粉1 份” （库存 150 份）需要原料“颜料3 份” （库存 99 份）需要原料“香料2 份” （库存 100 份），可生产 33份
【腮红】可生产份数大于0，去生产
去做关注店铺【亲润美妆专营店】
========原料生产信息========

开始任务：""product_producing"
生产【乳液】需要原料“矿物质水1 份” （库存 132 份）需要原料“保湿剂1 份” （库存 330 份）需要原料“滋润剂3 份” （库存 99 份），可生产 33份
【乳液】可生产份数大于0，去生产

开始任务：""produce_position_info_v2"
【b1】上尚未开始生产
$.needs:[]
elsema:{"id":7,"name":"树脂","type":"base","level":2,"unit_time":20,"describe":"由低分子物质聚合成高聚物，广泛应用于化妆品中","unit_name":"个","pic":"https://jd-beauty-cdn.h5.sinreweb.com/jd-beauty/images/5acb239d0a0bccc2c31d89cd01036ff3.png","coins":10,"sort":44,"start_at":"2020-11-20 13:52:49","end_at":"2023-12-31 13:52:49","created_at":"2020-11-20 13:56:50","updated_at":"2021-04-02 00:05:50"}
ma booleamtrue
去生产树脂
生产【指甲油】需要原料“树脂2 份” （库存 271 份）需要原料“颜料4 份” （库存 99 份），可生产 24份
【指甲油】可生产份数大于0，去生产
去做关注店铺【欧莱雅京东自营官方旗舰店】

开始任务：""product_produce"
生产成功

开始任务：""get_package"
仓库信息:【乳化剂】198份 【颜料】99份 【矿物质水】132份 【保湿剂】330份 【滑石粉】150份 【油脂】99份 【香料】100份 【滋润剂】99份 【树脂】271份 
去做第5次浏览会场任务

开始任务：""produce_position_info_v2"
【h1】上尚未开始生产
$.needs:[]
elsema:{"id":14,"name":"滋润剂","type":"base","level":2,"unit_time":20,"describe":"温和的亲油性物质，可以润滑皮肤、减少水分蒸发，诱导角质层进一步水化","unit_name":"瓶","pic":"https://jd-beauty-cdn.h5.sinreweb.com/jd-beauty/images/8ff5e799e3c182a3f54c2bfe42a78bb3.png","coins":10,"sort":43,"start_at":"2020-11-20 14:01:17","end_at":"2028-01-30 14:01:17","created_at":"2020-11-20 14:02:03","updated_at":"2021-04-02 00:06:02"}
ma booleamtrue
去生产滋润剂

开始任务：""shop_view"
任务完成成功，获得50美妆币

开始任务：""product_produce"
生产成功
=======================

开始任务：""new_product_fetch"
收取产品【指甲油】8份

开始任务：""shop_view"
任务完成成功，获得50美妆币

开始任务：""get_user"
当前美妆币880，用户等级2

开始任务：""material_produce_v2"
【b1】上开始生产树脂

开始任务：""product_produce"
生产信息获取失败，错误信息材料不足
去做关注店铺【京东美妆严选自营旗舰店】

开始任务：""produce_position_info_v2"
【s1】上尚未开始生产
$.needs:[]
elsema:{"id":11,"name":"香料","type":"base","level":2,"unit_time":20,"describe":"能被嗅感嗅出气味的物质，具有怡人香气","unit_name":"瓶","pic":"https://jd-beauty-cdn.h5.sinreweb.com/jd-beauty/images/176fb5d65fba788bb4c6c01fce361ed7.png","coins":10,"sort":42,"start_at":"2020-11-20 13:59:05","end_at":"2023-12-31 13:56:56","created_at":"2020-11-20 14:00:19","updated_at":"2021-04-02 00:06:13"}
ma booleamtrue
去生产香料

开始任务：""produce_position_info_v2"
【h2】上尚未开始生产
$.needs:[]
elsema:undefined
ma booleamfalse
else去生产颜料

开始任务：""material_produce_v2"
【h1】上开始生产滋润剂

开始任务：""produce_position_info_v2"
【s2】上尚未开始生产
$.needs:[]
elsema:undefined
ma booleamfalse
else去生产滑石粉

开始任务：""produce_position_info_v2"
【b2】上尚未开始生产
$.needs:[]
elsema:undefined
ma booleamfalse
else去生产保湿剂

开始任务：""collect_coins"
收取成功，获得2080美妆币，当前总美妆币：3010


开始任务：""shop_view"
任务完成成功，获得50美妆币
去做关注店铺【法国娇韵诗京东自营旗舰店】

开始任务：""write"
benefit:{"id":9,"type":1,"name":"京豆大礼包(0点限量)","coins":"100000","description":"500颗京豆打包兑换","image":"https://jd-beauty-cdn.h5.sinreweb.com/jd-beauty-laboratory-20201102/images/0dcdc19525d059f863ddf7b39ba1f72f.jpg","global_daily_limit":20,"day_limit":1,"level_limit":1,"times_limit":0,"initial_stock":1000,"stock":"-6","sort":99999,"status":1,"setting":{"beans_count":"500","gift_bag":"1"},"created_at":"2020-11-11 14:16:44","updated_at":"2021-06-23 10:34:19","all_exchange_count":0,"day_exchange_count":0}

开始任务：""material_produce_v2"
【s1】上开始生产香料
去做第6次浏览会场任务

开始任务：""get_benefit"

开始任务：""shop_view"
任务完成成功，获得50美妆币

开始任务：""shop_view"
任务完成成功，获得50美妆币

开始任务：""to_employee"
雇佣助力码【wVc4xVix】
去做第1次浏览会场任务

开始任务：""material_produce_v2"
【h2】上开始生产颜料

开始任务：""to_employee"
雇佣助力码【q6z4rQyp】

开始任务：""material_produce_v2"
【b2】上开始生产保湿剂

开始任务：""to_employee"
雇佣助力码【Khm5Atq5】

开始任务：""material_produce_v2"
【s2】上开始生产滑石粉
去做第7次浏览会场任务

开始任务：""to_employee"
雇佣助力码【N2ZZm9Iv】

开始任务：""meetingplace_view"
任务完成成功，获得100美妆币

开始任务：""to_employee"
雇佣助力码【tB8XnF5v】
去做第2次浏览会场任务

开始任务：""meetingplace_view"
任务完成成功，获得100美妆币
去做第8次浏览会场任务

开始任务：""to_employee"
雇佣助力码【VbWJgDKZ】
去做第3次浏览会场任务
去做第9次浏览会场任务

开始任务：""meetingplace_view"
任务完成成功，获得100美妆币
去做第4次浏览会场任务

开始任务：""meetingplace_view"
任务完成成功，获得100美妆币
去做第10次浏览会场任务
去做第5次浏览会场任务

开始任务：""meetingplace_view"
任务完成成功，获得100美妆币
去做第11次浏览会场任务
去做第6次浏览会场任务
去做每日问答任务

开始任务：""meetingplace_view"
任务完成成功，获得100美妆币
去做第7次浏览会场任务

开始任务：""meetingplace_view"
任务完成成功，获得100美妆币
去做第8次浏览会场任务

开始任务：""meetingplace_view"
任务完成成功，获得100美妆币
去做第9次浏览会场任务

开始任务：""meetingplace_view"
任务完成成功，获得100美妆币
去做第10次浏览会场任务

开始任务：""meetingplace_view"
任务完成成功，获得100美妆币
去做第11次浏览会场任务

开始任务：""meetingplace_view"
任务完成成功，获得100美妆币
去做每日问答任务

开始任务：""get_question"

开始任务：""submit_answer"
任务完成成功，获得200美妆币
本次运行获得美妆币1550
服务器连接关闭

==============📣系统通知📣==============
美丽研究院
京东账号2Ycp_Dream
本次运行获得美妆币1550枚
当前美妆币4460

******开始【京东账号3】chao4596758*********


==============📣系统通知📣==============
美丽研究院
【提示】cookie已失效
京东账号3 chao4596758
请重新登录获取
https://bean.m.jd.com/
您未提供push+推送所需的PUSH_PLUS_TOKEN，取消push+推送消息通知🚫

server酱发送通知消息成功🎉

您未提供Bark的APP推送BARK_PUSH，取消Bark推送消息通知🚫

您未提供telegram机器人推送所需的TG_BOT_TOKEN和TG_USER_ID，取消telegram推送消息通知🚫

您未提供钉钉机器人推送所需的DD_BOT_TOKEN或者DD_BOT_SECRET，取消钉钉推送消息通知🚫

您未提供企业微信机器人推送所需的QYWX_KEY，取消企业微信推送消息通知🚫

您未提供企业微信应用消息推送所需的QYWX_AM，取消企业微信应用消息推送消息通知🚫

您未提供iGot的推送IGOT_PUSH_KEY，取消iGot推送消息通知🚫


******开始【京东账号4】jd_157332ewky*********

***检测账号是否黑号***
isvToken:AAEAIDqhEjySoLGgj7HfMjvxP7ZRJ5u-X5TRDGT1T2dArja00
token2:AAFg6BdhADAGEp2c0Brdg3fruex77pQQD3jUDJFADx17cWZR2dT9VMTGejI41rUXarZJ3N50aH4
【$.token】 eyJ0eXAiOiJKV1QiLCJhbGciOiJIUzI1NiJ9.eyJpc3MiOiJodHRwOlwvXC8xMjcuMC4wLjE6OTUwMlwvYXBpXC9hdXRoIiwiaWF0IjoxNjI1ODIzMDczLCJleHAiOjE2MjU4NjYyNzMsIm5iZiI6MTYyNTgyMzA3MywianRpIjoiVGNVMDJYWjRNeVJTd3VEciIsInN1YiI6MTY2MDc0NywicHJ2IjoiMjNiZDVjODk0OWY2MDBhZGIzOWU3MDFjNDAwODcyZGI3YTU5NzZmNyJ9.mojn-KtwrWU6xwfor7pmn-Wv1qtwF0J2Q0Q54kyuvYQ
美容研究院服务器连接成功
操作成功，账号正常
服务器连接关闭
wss://xinruimz-isv.isvjcloud.com/wss/?token=eyJ0eXAiOiJKV1QiLCJhbGciOiJIUzI1NiJ9.eyJpc3MiOiJodHRwOlwvXC8xMjcuMC4wLjE6OTUwMlwvYXBpXC9hdXRoIiwiaWF0IjoxNjI1ODIzMDczLCJleHAiOjE2MjU4NjYyNzMsIm5iZiI6MTYyNTgyMzA3MywianRpIjoiVGNVMDJYWjRNeVJTd3VEciIsInN1YiI6MTY2MDc0NywicHJ2IjoiMjNiZDVjODk0OWY2MDBhZGIzOWU3MDFjNDAwODcyZGI3YTU5NzZmNyJ9.mojn-KtwrWU6xwfor7pmn-Wv1qtwF0J2Q0Q54kyuvYQ
美容研究院服务器连接成功
helpInfo [
  '{"msg":{"type":"action","args":{"inviter_id":"2936604","position":"b1","token":"wVc4xVix"},"action":"employee"}}',
  '{"msg":{"type":"action","args":{"inviter_id":"2936604","position":"h1","token":"q6z4rQyp"},"action":"employee"}}',
  '{"msg":{"type":"action","args":{"inviter_id":"2936604","position":"s1","token":"Khm5Atq5"},"action":"employee"}}',
  '{"msg":{"type":"action","args":{"inviter_id":"2936604","position":"h2","token":"N2ZZm9Iv"},"action":"employee"}}',
  '{"msg":{"type":"action","args":{"inviter_id":"2936604","position":"b2","token":"tB8XnF5v"},"action":"employee"}}',
  '{"msg":{"type":"action","args":{"inviter_id":"2936604","position":"s2","token":"VbWJgDKZ"},"action":"employee"}}'
]

开始任务：""get_package"
仓库信息:【乳化剂】100份 【油脂】100份 【保湿剂】595份 【矿物质水】1份 【滑石粉】546份 【树脂】766份 【滋润剂】99份 【香料】1份 

开始任务：""employee"
您正在被其他好友雇佣中,不能被重复雇佣

开始任务：""check_up"

开始任务：""get_ad"
当期活动：美妆馆日常
去做签到任务

开始任务：""employee"
您正在被其他好友雇佣中,不能被重复雇佣

开始任务：""employee"
您正在被其他好友雇佣中,不能被重复雇佣

开始任务：""employee"
您正在被其他好友雇佣中,不能被重复雇佣

开始任务：""get_user"
当前美妆币5150，用户等级2

开始任务：""employee"
操作成功

开始任务：""employee"
您正在被其他好友雇佣中,不能被重复雇佣

开始任务：""shop_products"
去做关注店铺任务
去做关注店铺【碧欧泉男士京东自营官方旗舰店】

开始任务：""product_producing"

开始任务：""shop_view"
任务完成成功，获得50美妆币

开始任务：""get_produce_material"
get_produce_material 操作成功
去做关注店铺【亲润美妆专营店】

开始任务：""sign_in"

开始任务：""product_lists"
========可生产商品信息========
need_material:[{"id":9,"name":"颜料","pic":"https://jd-beauty-cdn.h5.sinreweb.com/jd-beauty/images/5848195fe60aee4f923cd7eb7cec810b.png","coins":5}]
生产【腮红】需要原料“滑石粉1 份” （库存 546 份）需要原料“颜料3 份” (没有库存)需要原料“香料2 份” （库存 1 份）
【腮红】原料不足，无法生产
生产【乳液】需要原料“矿物质水1 份” （库存 1 份）需要原料“保湿剂1 份” （库存 595 份）需要原料“滋润剂3 份” （库存 99 份），可生产 1份
【乳液】可生产份数大于0，去生产
========原料生产信息========

开始任务：""new_product_fetch"
收取产品【乳液】33份
need_material:[{"id":9,"name":"颜料","pic":"https://jd-beauty-cdn.h5.sinreweb.com/jd-beauty/images/5848195fe60aee4f923cd7eb7cec810b.png","coins":5},{"id":11,"name":"香料","pic":"https://jd-beauty-cdn.h5.sinreweb.com/jd-beauty/images/176fb5d65fba788bb4c6c01fce361ed7.png","coins":10}]
生产【指甲油】需要原料“树脂2 份” （库存 766 份）需要原料“颜料4 份” (没有库存)
【指甲油】原料不足，无法生产
=======================

开始任务：""get_package"
仓库信息:【乳化剂】100份 【油脂】100份 【保湿剂】595份 【矿物质水】1份 【滑石粉】546份 【树脂】766份 【滋润剂】99份 【香料】1份 
去做关注店铺【欧莱雅京东自营官方旗舰店】

开始任务：""produce_position_info_v2"
【s2】上正在生产【滑石粉】，可收取 0 份
去收取滑石粉

开始任务：""produce_position_info_v2"
【h1】上尚未开始生产
$.needs:[{"id":9,"name":"颜料","pic":"https://jd-beauty-cdn.h5.sinreweb.com/jd-beauty/images/5848195fe60aee4f923cd7eb7cec810b.png","coins":5},{"id":11,"name":"香料","pic":"https://jd-beauty-cdn.h5.sinreweb.com/jd-beauty/images/176fb5d65fba788bb4c6c01fce361ed7.png","coins":10}]
ma:{"id":11,"name":"香料","pic":"https://jd-beauty-cdn.h5.sinreweb.com/jd-beauty/images/176fb5d65fba788bb4c6c01fce361ed7.png","coins":10}
ma booleamtrue
去生产香料

开始任务：""produce_position_info_v2"
【h2】上正在生产【颜料】，可收取 0 份
去收取颜料

开始任务：""produce_position_info_v2"
【b1】上正在生产【树脂】，可收取 0 份
去收取树脂
本次运行获得美妆币50
服务器连接关闭

开始任务：""new_product_fetch"
收取产品【腮红】33份

开始任务：""produce_position_info_v2"
【s1】上尚未开始生产
$.needs:[{"id":9,"name":"颜料","pic":"https://jd-beauty-cdn.h5.sinreweb.com/jd-beauty/images/5848195fe60aee4f923cd7eb7cec810b.png","coins":5}]
ma:{"id":9,"name":"颜料","pic":"https://jd-beauty-cdn.h5.sinreweb.com/jd-beauty/images/5848195fe60aee4f923cd7eb7cec810b.png","coins":5}
ma booleamtrue
去生产颜料

开始任务：""get_user"
当前美妆币5350，用户等级2

开始任务：""shop_view"
任务完成成功，获得50美妆币

开始任务：""to_employee"

开始任务：""material_fetch_v2"
任务完成失败，错误信息请求太频繁，请稍后再试
去做关注店铺【京东美妆严选自营旗舰店】

开始任务：""product_produce"
生产成功

==============📣系统通知📣==============
美丽研究院
京东账号4jd_157332ewky
本次运行获得美妆币100枚
当前美妆币5400

开始任务：""material_fetch_v2"
【s2】收取成功，获得undefined份


开始任务：""shop_view"
任务完成成功，获得50美妆币

******开始【京东账号5】jd_157332zdf*********

***检测账号是否黑号***

开始任务：""produce_position_info_v2"
【b2】上正在生产【保湿剂】，可收取 0 份
去收取保湿剂
isvToken:AAEAIEtzOrqcnENrfBYOi1ic8JumVCW6AEirBKOw4RYELOsh0
去做关注店铺【法国娇韵诗京东自营旗舰店】

开始任务：""material_produce_v2"
【undefined】上开始生产undefined
token2:AAFg6BdpADATHmA55CBvYJ9MsHqp-8rHtVJdMePIDhjW_m2jH8GMZ7197z6AopTJD_OFK7Rnm50

开始任务：""to_employee"
【$.token】 eyJ0eXAiOiJKV1QiLCJhbGciOiJIUzI1NiJ9.eyJpc3MiOiJodHRwOlwvXC8xMjcuMC4wLjE6OTUwMlwvYXBpXC9hdXRoIiwiaWF0IjoxNjI1ODIzMDgxLCJleHAiOjE2MjU4NjYyODEsIm5iZiI6MTYyNTgyMzA4MSwianRpIjoicDBuN1IxY010TzBQWVQyWSIsInN1YiI6MzEyMTY0MywicHJ2IjoiMjNiZDVjODk0OWY2MDBhZGIzOWU3MDFjNDAwODcyZGI3YTU5NzZmNyJ9.-QEqHi1ryh2zU4HEaXIjJLZLjWYLPhv1nzPIE_8itbs
美容研究院服务器连接成功
操作成功，账号正常
服务器连接关闭
去做第1次浏览会场任务
wss://xinruimz-isv.isvjcloud.com/wss/?token=eyJ0eXAiOiJKV1QiLCJhbGciOiJIUzI1NiJ9.eyJpc3MiOiJodHRwOlwvXC8xMjcuMC4wLjE6OTUwMlwvYXBpXC9hdXRoIiwiaWF0IjoxNjI1ODIzMDgxLCJleHAiOjE2MjU4NjYyODEsIm5iZiI6MTYyNTgyMzA4MSwianRpIjoicDBuN1IxY010TzBQWVQyWSIsInN1YiI6MzEyMTY0MywicHJ2IjoiMjNiZDVjODk0OWY2MDBhZGIzOWU3MDFjNDAwODcyZGI3YTU5NzZmNyJ9.-QEqHi1ryh2zU4HEaXIjJLZLjWYLPhv1nzPIE_8itbs
美容研究院服务器连接成功
helpInfo []

开始任务：""check_up"

开始任务：""get_ad"
当期活动：美妆馆日常
去做签到任务
去做第2次浏览会场任务

开始任务：""sign_in"

开始任务：""shop_products"
去做关注店铺任务
去做关注店铺【碧欧泉男士京东自营官方旗舰店】

开始任务：""get_user"
当前美妆币750，用户等级1

开始任务：""get_package"
仓库信息:【油脂】100份 【滑石粉】100份 【保湿剂】100份 【乳化剂】1份 【矿物质水】100份 【颜料】100份 

开始任务：""product_producing"
去做关注店铺【亲润美妆专营店】
去做第3次浏览会场任务

开始任务：""shop_view"
任务完成成功，获得50美妆币

开始任务：""get_produce_material"
get_produce_material 操作成功

开始任务：""get_package"
仓库信息:【油脂】100份 【滑石粉】100份 【保湿剂】100份 【乳化剂】1份 【矿物质水】100份 【颜料】100份 
========原料生产信息========
去做关注店铺【欧莱雅京东自营官方旗舰店】

开始任务：""produce_position_info_v2"
【b1】上尚未开始生产
$.needs:[]
elsema:{"id":1,"name":"油脂","type":"base","level":1,"unit_time":10,"describe":"主要起着护肤、柔滑、滋润等作用","unit_name":"个","pic":"https://jd-beauty-cdn.h5.sinreweb.com/jd-beauty/images/abefb0662f172b22b54921000b6c873b.png","coins":5,"sort":50,"start_at":"2020-11-05 15:01:16","end_at":"2023-08-20 15:01:16","created_at":"2020-11-05 15:01:55","updated_at":"2021-04-02 00:05:03"}
ma booleamtrue
去生产油脂

开始任务：""get_user"
当前美妆币950，用户等级2

开始任务：""product_lists"
========可生产商品信息========
=======================

开始任务：""shop_view"
任务完成成功，获得50美妆币

开始任务：""new_product_fetch"
收取产品【卸妆油】49份

开始任务：""shop_view"
任务完成成功，获得50美妆币

开始任务：""produce_position_info_v2"
【s1】上尚未开始生产
$.needs:[]
elsema:{"id":4,"name":"矿物质水","type":"base","level":1,"unit_time":10,"describe":"根据人体需求，合理添加了矿物质元素，补充人体水分及矿物质的需求","unit_name":"个","pic":"https://jd-beauty-cdn.h5.sinreweb.com/jd-beauty/images/3695a1e9d9a12e3de804e039463399fb.png","coins":5,"sort":48,"start_at":"2020-11-19 17:13:26","end_at":"2023-12-31 17:13:26","created_at":"2020-11-19 17:15:57","updated_at":"2021-04-02 00:05:20"}
ma booleamtrue
去生产矿物质水

开始任务：""produce_position_info_v2"
【b2】上尚未开始生产
$.needs:[]
elsema:{"id":5,"name":"保湿剂","type":"base","level":1,"unit_time":10,"describe":"增加或保持皮肤上层水分的化妆品原料","unit_name":"个","pic":"https://jd-beauty-cdn.h5.sinreweb.com/jd-beauty/images/5364cccda4029d939656f21657f5f50a.png","coins":5,"sort":47,"start_at":"2020-11-19 17:33:20","end_at":"2023-12-31 17:33:20","created_at":"2020-11-19 17:35:34","updated_at":"2021-04-02 00:05:27"}
ma booleamtrue
去生产保湿剂
去做关注店铺【京东美妆严选自营旗舰店】
去做第4次浏览会场任务

开始任务：""produce_position_info_v2"
【h2】上尚未开始生产
$.needs:[]
elsema:{"id":9,"name":"颜料","type":"base","level":1,"unit_time":10,"describe":"是彩妆化妆品的主要着色剂","unit_name":"个","pic":"https://jd-beauty-cdn.h5.sinreweb.com/jd-beauty/images/5848195fe60aee4f923cd7eb7cec810b.png","coins":5,"sort":46,"start_at":"2020-11-20 13:57:50","end_at":"2023-12-31 15:00:00","created_at":"2020-11-20 13:58:48","updated_at":"2021-04-02 00:05:35"}
ma booleamtrue
去生产颜料

开始任务：""material_produce_v2"
【b1】上开始生产油脂

开始任务：""produce_position_info_v2"
【s2】上尚未开始生产
$.needs:[]
elsema:{"id":6,"name":"滑石粉","type":"base","level":1,"unit_time":10,"describe":"粉状化妆品主要原料之一，增强了化妆品防晒的性能","unit_name":"个","pic":"https://jd-beauty-cdn.h5.sinreweb.com/jd-beauty/images/1e713e5046f8a9ffe07077e38c73be05.png","coins":5,"sort":45,"start_at":"2020-11-19 17:55:40","end_at":"2023-12-31 17:55:40","created_at":"2020-11-19 17:58:00","updated_at":"2021-04-02 00:05:42"}
ma booleamtrue
去生产滑石粉

开始任务：""material_produce_v2"
【b2】上开始生产保湿剂

开始任务：""produce_position_info_v2"
【h1】上正在生产【保湿剂】，可收取 0 份
去收取保湿剂

开始任务：""material_produce_v2"
【s1】上开始生产矿物质水
去做关注店铺【法国娇韵诗京东自营旗舰店】

开始任务：""get_benefit"
benefit:{"id":7,"type":1,"name":"京豆","coins":"1000","description":"1 京豆","image":"https://jd-beauty-cdn.h5.sinreweb.com/jd-beauty-laboratory-20201102/images/0dcdc19525d059f863ddf7b39ba1f72f.jpg","global_daily_limit":0,"day_limit":8,"level_limit":1,"times_limit":0,"initial_stock":16000000,"stock":"81180144","sort":100000,"status":1,"setting":{"beans_count":"1","gift_bag":"0"},"created_at":"2020-11-11 14:16:44","updated_at":"2021-06-23 10:34:12","all_exchange_count":5,"day_exchange_count":0}
benefit:{"id":9,"type":1,"name":"京豆大礼包(0点限量)","coins":"100000","description":"500颗京豆打包兑换","image":"https://jd-beauty-cdn.h5.sinreweb.com/jd-beauty-laboratory-20201102/images/0dcdc19525d059f863ddf7b39ba1f72f.jpg","global_daily_limit":20,"day_limit":1,"level_limit":1,"times_limit":0,"initial_stock":1000,"stock":"-6","sort":99999,"status":1,"setting":{"beans_count":"500","gift_bag":"1"},"created_at":"2020-11-11 14:16:44","updated_at":"2021-06-23 10:34:19","all_exchange_count":0,"day_exchange_count":0}

开始任务：""material_produce_v2"
【h2】上开始生产颜料

开始任务：""collect_coins"
收取成功，获得980美妆币，当前总美妆币：1980


开始任务：""to_employee"
雇佣助力码【KCyjQUU9】

开始任务：""shop_view"
任务完成成功，获得50美妆币

开始任务：""to_employee"
雇佣助力码【VanilC1T】

开始任务：""material_fetch_v2"
【h1】收取成功，获得undefined份


开始任务：""to_employee"
雇佣助力码【m2R11bnJ】
去做第1次浏览会场任务

开始任务：""to_employee"
雇佣助力码【WOGEf2eR】
去做第5次浏览会场任务

开始任务：""shop_view"
任务完成成功，获得50美妆币

开始任务：""material_produce_v2"
【s2】上开始生产滑石粉

开始任务：""to_employee"
雇佣助力码【OTDPDV0Z】

开始任务：""meetingplace_view"
任务完成成功，获得100美妆币
去做第2次浏览会场任务
去做第6次浏览会场任务

开始任务：""to_employee"
雇佣助力码【DskXQUGt】

开始任务：""meetingplace_view"
任务完成成功，获得100美妆币
去做第3次浏览会场任务
去做第7次浏览会场任务

开始任务：""meetingplace_view"
任务完成成功，获得100美妆币
去做第4次浏览会场任务
去做第8次浏览会场任务

开始任务：""meetingplace_view"
任务完成成功，获得100美妆币
去做第5次浏览会场任务
去做第9次浏览会场任务
去做第6次浏览会场任务

开始任务：""meetingplace_view"
任务完成成功，获得100美妆币
去做第10次浏览会场任务

开始任务：""meetingplace_view"
任务完成成功，获得100美妆币
去做第7次浏览会场任务
去做第11次浏览会场任务

开始任务：""meetingplace_view"
任务完成成功，获得100美妆币
去做第8次浏览会场任务
去做每日问答任务

开始任务：""meetingplace_view"
任务完成成功，获得100美妆币
去做第9次浏览会场任务

开始任务：""meetingplace_view"
任务完成成功，获得100美妆币
去做第10次浏览会场任务

开始任务：""meetingplace_view"
任务完成成功，获得100美妆币
去做第11次浏览会场任务
去做每日问答任务

开始任务：""meetingplace_view"
任务完成成功，获得100美妆币

开始任务：""get_question"

开始任务：""submit_answer"
任务完成成功，获得200美妆币
本次运行获得美妆币1550
服务器连接关闭

==============📣系统通知📣==============
美丽研究院
京东账号5jd_157332zdf
本次运行获得美妆币1550枚
当前美妆币3430

🔔美丽研究院, 结束! 🕛 224.564 秒

