
🔔京东资产变动通知, 开始!

====================共4个京东账号Cookie=========

==================脚本执行- 北京时间(UTC+8)：6/26/2021, 2:48:11 PM=====================


********开始【京东账号1】15631692383_p******


==============📣系统通知📣==============
京东资产变动通知
【提示】cookie已失效
京东账号1 15631692383_p
请重新登录获取
https://bean.m.jd.com/bean/signIndex.action
您未提供push+推送所需的PUSH_PLUS_TOKEN，取消push+推送消息通知🚫

server酱发送通知消息成功🎉

您未提供Bark的APP推送BARK_PUSH，取消Bark推送消息通知🚫

您未提供telegram机器人推送所需的TG_BOT_TOKEN和TG_USER_ID，取消telegram推送消息通知🚫

您未提供钉钉机器人推送所需的DD_BOT_TOKEN或者DD_BOT_SECRET，取消钉钉推送消息通知🚫

您未提供企业微信机器人推送所需的QYWX_KEY，取消企业微信推送消息通知🚫

您未提供企业微信应用消息推送所需的QYWX_AM，取消企业微信应用消息推送消息通知🚫

您未提供iGot的推送IGOT_PUSH_KEY，取消iGot推送消息通知🚫


********开始【京东账号2】Ycp_Dream******

2021-06-26日过期京豆：0

2021-06-27日过期京豆：0

2021-06-28日过期京豆：0

2021-06-29日过期京豆：0

2021-06-30日过期京豆：0

2021-07-01日过期京豆：0

2021-07-02日过期京豆：0


==============📣系统通知📣==============
京东资产变动通知
账号2：Ycp_Dream
今日收入：1京豆 🐶
昨日收入：2京豆 🐶
昨日支出：0京豆 🐶
当前京豆：10607(今日将过期0)京豆🐶
当前总红包：0.49(今日总过期0.41)元 🧧
京喜红包：0.31(今日将过期0.31)元 🧧
极速红包：0.00(今日将过期0.00)元 🧧
京东红包：0.18(今日将过期0.10)元 🧧
健康红包：0.00(今日将过期0.00)元 🧧

********开始【京东账号3】jd_585601a83bd48******

2021-06-26日过期京豆：0

2021-06-27日过期京豆：0

2021-06-28日过期京豆：0

2021-06-29日过期京豆：0

2021-06-30日过期京豆：0

2021-07-01日过期京豆：0

2021-07-02日过期京豆：0

