
🔔京东资产变动通知, 开始!

====================共2个京东账号Cookie=========

==================脚本执行- 北京时间(UTC+8)：7/11/2021, 11:32:20 PM=====================


********开始【京东账号1】Ymh__Sirius******

2021-07-11日过期京豆：0

2021-07-12日过期京豆：0

2021-07-13日过期京豆：0

2021-07-14日过期京豆：0

2021-07-15日过期京豆：10

2021-07-16日过期京豆：10

2021-07-17日过期京豆：10


==============📣系统通知📣==============
京东资产变动通知
账号1：Ymh__Sirius
今日收入：144京豆 🐶
昨日收入：122京豆 🐶
昨日支出：0京豆 🐶
当前京豆：902(今日将过期0)京豆🐶
当前总红包：10.55(今日总过期1.19)元 🧧
京喜红包：1.51(今日将过期0.69)元 🧧
极速红包：0.29(今日将过期0.21)元 🧧
京东红包：8.75(今日将过期0.29)元 🧧
健康红包：0.00(今日将过期0.00)元 🧧

********开始【京东账号2】Ycp_Dream******

2021-07-11日过期京豆：0

2021-07-12日过期京豆：0

2021-07-13日过期京豆：0

2021-07-14日过期京豆：0

2021-07-15日过期京豆：0

2021-07-16日过期京豆：0

2021-07-17日过期京豆：0


==============📣系统通知📣==============
京东资产变动通知
账号2：Ycp_Dream
今日收入：2京豆 🐶
昨日收入：10京豆 🐶
昨日支出：0京豆 🐶
当前京豆：11046(今日将过期0)京豆🐶
当前总红包：2.07(今日总过期0.81)元 🧧
京喜红包：0.42(今日将过期0.41)元 🧧
极速红包：0.00(今日将过期0.00)元 🧧
京东红包：1.65(今日将过期0.40)元 🧧
健康红包：0.00(今日将过期0.00)元 🧧
您未提供push+推送所需的PUSH_PLUS_TOKEN，取消push+推送消息通知🚫

server酱发送通知消息成功🎉

您未提供Bark的APP推送BARK_PUSH，取消Bark推送消息通知🚫

您未提供telegram机器人推送所需的TG_BOT_TOKEN和TG_USER_ID，取消telegram推送消息通知🚫

您未提供钉钉机器人推送所需的DD_BOT_TOKEN或者DD_BOT_SECRET，取消钉钉推送消息通知🚫

您未提供企业微信机器人推送所需的QYWX_KEY，取消企业微信推送消息通知🚫

您未提供企业微信应用消息推送所需的QYWX_AM，取消企业微信应用消息推送消息通知🚫

您未提供iGot的推送IGOT_PUSH_KEY，取消iGot推送消息通知🚫


🔔京东资产变动通知, 结束! 🕛 4.617 秒

