
🔔京东资产变动通知, 开始!

====================共4个京东账号Cookie=========

==================脚本执行- 北京时间(UTC+8)：6/30/2021, 10:26:14 AM=====================


********开始【京东账号1】Ymh__Sirius******

2021-06-30日过期京豆：1

2021-07-01日过期京豆：0

2021-07-02日过期京豆：0

2021-07-03日过期京豆：0

2021-07-04日过期京豆：30

2021-07-05日过期京豆：30

2021-07-06日过期京豆：30


==============📣系统通知📣==============
京东资产变动通知
账号1：Ymh__Sirius
今日收入：84京豆 🐶
昨日收入：100京豆 🐶
昨日支出：0京豆 🐶
当前京豆：1002(今日将过期1)京豆🐶
当前总红包：51.20(今日总过期0.60)元 🧧
京喜红包：0.23(今日将过期0.06)元 🧧
极速红包：0.41(今日将过期0.33)元 🧧
京东红包：50.56(今日将过期0.21)元 🧧
健康红包：0.00(今日将过期0.00)元 🧧

********开始【京东账号2】Ycp_Dream******

2021-06-30日过期京豆：0

2021-07-01日过期京豆：0

2021-07-02日过期京豆：0

2021-07-03日过期京豆：0

2021-07-04日过期京豆：0

2021-07-05日过期京豆：0

2021-07-06日过期京豆：0


==============📣系统通知📣==============
京东资产变动通知
账号2：Ycp_Dream
今日收入：5京豆 🐶
昨日收入：16京豆 🐶
昨日支出：0京豆 🐶
当前京豆：10706(今日将过期0)京豆🐶
当前总红包：0.31(今日总过期0.00)元 🧧
京喜红包：0.01(今日将过期0.00)元 🧧
极速红包：0.00(今日将过期0.00)元 🧧
京东红包：0.30(今日将过期0.00)元 🧧
健康红包：0.00(今日将过期0.00)元 🧧

********开始【京东账号3】jd_585601a83bd48******

2021-06-30日过期京豆：0

2021-07-01日过期京豆：0

2021-07-02日过期京豆：0

2021-07-03日过期京豆：0

2021-07-04日过期京豆：2

2021-07-05日过期京豆：0

2021-07-06日过期京豆：0


==============📣系统通知📣==============
京东资产变动通知
账号3：jd_585601a83bd48
今日收入：18京豆 🐶
昨日收入：44京豆 🐶
昨日支出：0京豆 🐶
当前京豆：381(今日将过期0)京豆🐶
当前总红包：0(今日总过期0.00)元 🧧
京喜红包：0.00(今日将过期0.00)元 🧧
极速红包：0.00(今日将过期0.00)元 🧧
京东红包：0.00(今日将过期0.00)元 🧧
健康红包：0.00(今日将过期0.00)元 🧧

********开始【京东账号4】jd_157332ewky******

2021-06-30日过期京豆：0

2021-07-01日过期京豆：0

2021-07-02日过期京豆：0

2021-07-03日过期京豆：0

2021-07-04日过期京豆：0

2021-07-05日过期京豆：0

2021-07-06日过期京豆：0


==============📣系统通知📣==============
京东资产变动通知
账号4：jd_157332ewky
今日收入：4京豆 🐶
昨日收入：0京豆 🐶
昨日支出：0京豆 🐶
当前京豆：7216(今日将过期0)京豆🐶
当前总红包：0(今日总过期0.00)元 🧧
京喜红包：0.00(今日将过期0.00)元 🧧
极速红包：0.00(今日将过期0.00)元 🧧
京东红包：0.00(今日将过期0.00)元 🧧
健康红包：0.00(今日将过期0.00)元 🧧
您未提供push+推送所需的PUSH_PLUS_TOKEN，取消push+推送消息通知🚫

server酱发送通知消息成功🎉

您未提供Bark的APP推送BARK_PUSH，取消Bark推送消息通知🚫

您未提供telegram机器人推送所需的TG_BOT_TOKEN和TG_USER_ID，取消telegram推送消息通知🚫

您未提供钉钉机器人推送所需的DD_BOT_TOKEN或者DD_BOT_SECRET，取消钉钉推送消息通知🚫

您未提供企业微信机器人推送所需的QYWX_KEY，取消企业微信推送消息通知🚫

您未提供企业微信应用消息推送所需的QYWX_AM，取消企业微信应用消息推送消息通知🚫

您未提供iGot的推送IGOT_PUSH_KEY，取消iGot推送消息通知🚫


🔔京东资产变动通知, 结束! 🕛 10.361 秒

