
🔔京东资产变动通知, 开始!

====================共2个京东账号Cookie=========

==================脚本执行- 北京时间(UTC+8)：7/10/2021, 9:05:37 AM=====================


********开始【京东账号1】Ymh__Sirius******

2021-07-10日过期京豆：0

2021-07-11日过期京豆：0

2021-07-12日过期京豆：0

2021-07-13日过期京豆：0

2021-07-14日过期京豆：0

2021-07-15日过期京豆：10

2021-07-16日过期京豆：10


==============📣系统通知📣==============
京东资产变动通知
账号1：Ymh__Sirius
今日收入：105京豆 🐶
昨日收入：110京豆 🐶
昨日支出：0京豆 🐶
当前京豆：741(今日将过期0)京豆🐶
当前总红包：9.95(今日总过期0.27)元 🧧
京喜红包：1.06(今日将过期0.15)元 🧧
极速红包：0.21(今日将过期0.00)元 🧧
京东红包：8.68(今日将过期0.12)元 🧧
健康红包：0.00(今日将过期0.00)元 🧧

********开始【京东账号2】Ycp_Dream******

2021-07-10日过期京豆：0

2021-07-11日过期京豆：0

2021-07-12日过期京豆：0

2021-07-13日过期京豆：0

2021-07-14日过期京豆：0

2021-07-15日过期京豆：0

2021-07-16日过期京豆：0


==============📣系统通知📣==============
京东资产变动通知
账号2：Ycp_Dream
今日收入：7京豆 🐶
昨日收入：38京豆 🐶
昨日支出：0京豆 🐶
当前京豆：11041(今日将过期0)京豆🐶
当前总红包：1.17(今日总过期0.10)元 🧧
京喜红包：0.42(今日将过期0.00)元 🧧
极速红包：0.00(今日将过期0.00)元 🧧
京东红包：0.75(今日将过期0.10)元 🧧
健康红包：0.00(今日将过期0.00)元 🧧
您未提供push+推送所需的PUSH_PLUS_TOKEN，取消push+推送消息通知🚫

server酱发送通知消息成功🎉

您未提供Bark的APP推送BARK_PUSH，取消Bark推送消息通知🚫

您未提供telegram机器人推送所需的TG_BOT_TOKEN和TG_USER_ID，取消telegram推送消息通知🚫

您未提供钉钉机器人推送所需的DD_BOT_TOKEN或者DD_BOT_SECRET，取消钉钉推送消息通知🚫

您未提供企业微信机器人推送所需的QYWX_KEY，取消企业微信推送消息通知🚫

您未提供企业微信应用消息推送所需的QYWX_AM，取消企业微信应用消息推送消息通知🚫

您未提供iGot的推送IGOT_PUSH_KEY，取消iGot推送消息通知🚫


🔔京东资产变动通知, 结束! 🕛 53.132 秒

