
🔔京东资产变动通知, 开始!

====================共5个京东账号Cookie=========

==================脚本执行- 北京时间(UTC+8)：7/2/2021, 9:08:53 AM=====================


********开始【京东账号1】Ymh__Sirius******

2021-07-02日过期京豆：0

2021-07-03日过期京豆：0

2021-07-04日过期京豆：0

2021-07-05日过期京豆：0

2021-07-06日过期京豆：0

2021-07-07日过期京豆：0

2021-07-08日过期京豆：30


==============📣系统通知📣==============
京东资产变动通知
账号1：Ymh__Sirius
今日收入：68京豆 🐶
昨日收入：136京豆 🐶
昨日支出：-1000京豆 🐶
当前京豆：512(今日将过期0)京豆🐶
当前总红包：0.50(今日总过期0.00)元 🧧
京喜红包：0.27(今日将过期0.00)元 🧧
极速红包：0.00(今日将过期0.00)元 🧧
京东红包：0.23(今日将过期0.00)元 🧧
健康红包：0.00(今日将过期0.00)元 🧧

********开始【京东账号2】Ycp_Dream******

2021-07-02日过期京豆：0

2021-07-03日过期京豆：0

2021-07-04日过期京豆：0

2021-07-05日过期京豆：0

2021-07-06日过期京豆：0

2021-07-07日过期京豆：0

2021-07-08日过期京豆：0


==============📣系统通知📣==============
京东资产变动通知
账号2：Ycp_Dream
今日收入：22京豆 🐶
昨日收入：63京豆 🐶
昨日支出：0京豆 🐶
当前京豆：10872(今日将过期0)京豆🐶
当前总红包：0.58(今日总过期0.37)元 🧧
京喜红包：0.13(今日将过期0.01)元 🧧
极速红包：0.00(今日将过期0.00)元 🧧
京东红包：0.45(今日将过期0.36)元 🧧
健康红包：0.00(今日将过期0.00)元 🧧

********开始【京东账号3】jd_585601a83bd48******

2021-07-02日过期京豆：0

2021-07-03日过期京豆：0

2021-07-04日过期京豆：2

2021-07-05日过期京豆：0

2021-07-06日过期京豆：0

2021-07-07日过期京豆：0

2021-07-08日过期京豆：2


==============📣系统通知📣==============
京东资产变动通知
账号3：jd_585601a83bd48
今日收入：31京豆 🐶
昨日收入：18京豆 🐶
昨日支出：0京豆 🐶
当前京豆：469(今日将过期0)京豆🐶
当前总红包：0.54(今日总过期0.42)元 🧧
京喜红包：0.38(今日将过期0.36)元 🧧
极速红包：0.00(今日将过期0.00)元 🧧
京东红包：0.16(今日将过期0.06)元 🧧
健康红包：0.00(今日将过期0.00)元 🧧

********开始【京东账号4】jd_157332ewky******

2021-07-02日过期京豆：0

2021-07-03日过期京豆：0

2021-07-04日过期京豆：0

2021-07-05日过期京豆：0

2021-07-06日过期京豆：0

2021-07-07日过期京豆：0

2021-07-08日过期京豆：2


==============📣系统通知📣==============
京东资产变动通知
账号4：jd_157332ewky
今日收入：29京豆 🐶
昨日收入：16京豆 🐶
昨日支出：0京豆 🐶
当前京豆：7499(今日将过期0)京豆🐶
当前总红包：0.29(今日总过期0.14)元 🧧
京喜红包：0.12(今日将过期0.06)元 🧧
极速红包：0.00(今日将过期0.00)元 🧧
京东红包：0.17(今日将过期0.08)元 🧧
健康红包：0.00(今日将过期0.00)元 🧧

********开始【京东账号5】jd_157332zdf******

2021-07-02日过期京豆：0

2021-07-03日过期京豆：0

2021-07-04日过期京豆：0

2021-07-05日过期京豆：0

2021-07-06日过期京豆：0

2021-07-07日过期京豆：0

2021-07-08日过期京豆：0


==============📣系统通知📣==============
京东资产变动通知
账号5：jd_157332zdf
今日收入：22京豆 🐶
昨日收入：62京豆 🐶
昨日支出：0京豆 🐶
当前京豆：459(今日将过期0)京豆🐶
当前总红包：0.26(今日总过期0.06)元 🧧
京喜红包：0.10(今日将过期0.00)元 🧧
极速红包：0.00(今日将过期0.00)元 🧧
京东红包：0.16(今日将过期0.06)元 🧧
健康红包：0.00(今日将过期0.00)元 🧧
您未提供push+推送所需的PUSH_PLUS_TOKEN，取消push+推送消息通知🚫

server酱发送通知消息成功🎉

您未提供Bark的APP推送BARK_PUSH，取消Bark推送消息通知🚫

您未提供telegram机器人推送所需的TG_BOT_TOKEN和TG_USER_ID，取消telegram推送消息通知🚫

您未提供钉钉机器人推送所需的DD_BOT_TOKEN或者DD_BOT_SECRET，取消钉钉推送消息通知🚫

您未提供企业微信机器人推送所需的QYWX_KEY，取消企业微信推送消息通知🚫

您未提供企业微信应用消息推送所需的QYWX_AM，取消企业微信应用消息推送消息通知🚫

您未提供iGot的推送IGOT_PUSH_KEY，取消iGot推送消息通知🚫


🔔京东资产变动通知, 结束! 🕛 9.322 秒

