
🔔京东资产变动通知, 开始!

====================共4个京东账号Cookie=========

==================脚本执行- 北京时间(UTC+8)：7/9/2021, 8:20:03 PM=====================


********开始【京东账号1】Ymh__Sirius******

2021-07-09日过期京豆：0

2021-07-10日过期京豆：0

2021-07-11日过期京豆：0

2021-07-12日过期京豆：0

2021-07-13日过期京豆：0

2021-07-14日过期京豆：0

2021-07-15日过期京豆：10


==============📣系统通知📣==============
京东资产变动通知
账号1：Ymh__Sirius
今日收入：100京豆 🐶
昨日收入：93京豆 🐶
昨日支出：0京豆 🐶
当前京豆：626(今日将过期0)京豆🐶
当前总红包：10.72(今日总过期1.80)元 🧧
京喜红包：1.52(今日将过期1.03)元 🧧
极速红包：0.58(今日将过期0.58)元 🧧
京东红包：8.62(今日将过期0.19)元 🧧
健康红包：0.00(今日将过期0.00)元 🧧

********开始【京东账号2】Ycp_Dream******

2021-07-09日过期京豆：0

2021-07-10日过期京豆：0

2021-07-11日过期京豆：0

2021-07-12日过期京豆：0

2021-07-13日过期京豆：0

2021-07-14日过期京豆：0

2021-07-15日过期京豆：0


==============📣系统通知📣==============
京东资产变动通知
账号2：Ycp_Dream
今日收入：18京豆 🐶
昨日收入：2京豆 🐶
昨日支出：0京豆 🐶
当前京豆：11014(今日将过期0)京豆🐶
当前总红包：0.62(今日总过期0.01)元 🧧
京喜红包：0.07(今日将过期0.01)元 🧧
极速红包：0.00(今日将过期0.00)元 🧧
京东红包：0.55(今日将过期0.00)元 🧧
健康红包：0.00(今日将过期0.00)元 🧧

********开始【京东账号3】jd_157332ewky******

2021-07-09日过期京豆：110

2021-07-10日过期京豆：0

2021-07-11日过期京豆：0

2021-07-12日过期京豆：0

2021-07-13日过期京豆：2

2021-07-14日过期京豆：0

2021-07-15日过期京豆：0


==============📣系统通知📣==============
京东资产变动通知
账号3：jd_157332ewky
今日收入：15京豆 🐶
昨日收入：0京豆 🐶
昨日支出：0京豆 🐶
当前京豆：733(今日将过期110)京豆🐶
当前总红包：0.12(今日总过期0.01)元 🧧
京喜红包：0.02(今日将过期0.01)元 🧧
极速红包：0.00(今日将过期0.00)元 🧧
京东红包：0.10(今日将过期0.00)元 🧧
健康红包：0.00(今日将过期0.00)元 🧧

********开始【京东账号4】jd_157332zdf******

2021-07-09日过期京豆：30

2021-07-10日过期京豆：0

2021-07-11日过期京豆：0

2021-07-12日过期京豆：0

2021-07-13日过期京豆：2

2021-07-14日过期京豆：0

2021-07-15日过期京豆：0


==============📣系统通知📣==============
京东资产变动通知
账号4：jd_157332zdf
今日收入：17京豆 🐶
昨日收入：0京豆 🐶
昨日支出：0京豆 🐶
当前京豆：658(今日将过期30)京豆🐶
当前总红包：0.09(今日总过期0.00)元 🧧
京喜红包：0.00(今日将过期0.00)元 🧧
极速红包：0.00(今日将过期0.00)元 🧧
京东红包：0.09(今日将过期0.00)元 🧧
健康红包：0.00(今日将过期0.00)元 🧧
您未提供push+推送所需的PUSH_PLUS_TOKEN，取消push+推送消息通知🚫

server酱发送通知消息成功🎉

您未提供Bark的APP推送BARK_PUSH，取消Bark推送消息通知🚫

您未提供telegram机器人推送所需的TG_BOT_TOKEN和TG_USER_ID，取消telegram推送消息通知🚫

您未提供钉钉机器人推送所需的DD_BOT_TOKEN或者DD_BOT_SECRET，取消钉钉推送消息通知🚫

您未提供企业微信机器人推送所需的QYWX_KEY，取消企业微信推送消息通知🚫

您未提供企业微信应用消息推送所需的QYWX_AM，取消企业微信应用消息推送消息通知🚫

您未提供iGot的推送IGOT_PUSH_KEY，取消iGot推送消息通知🚫


🔔京东资产变动通知, 结束! 🕛 11.355 秒

