
🔔京东资产变动通知, 开始!

====================共5个京东账号Cookie=========

==================脚本执行- 北京时间(UTC+8)：7/5/2021, 9:59:10 AM=====================


********开始【京东账号1】Ymh__Sirius******

2021-07-05日过期京豆：0

2021-07-06日过期京豆：0

2021-07-07日过期京豆：0

2021-07-08日过期京豆：0

2021-07-09日过期京豆：0

2021-07-10日过期京豆：0

2021-07-11日过期京豆：0


==============📣系统通知📣==============
京东资产变动通知
账号1：Ymh__Sirius
今日收入：92京豆 🐶
昨日收入：111京豆 🐶
昨日支出：0京豆 🐶
当前京豆：2095(今日将过期0)京豆🐶
当前总红包：1.52(今日总过期0.76)元 🧧
京喜红包：0.92(今日将过期0.35)元 🧧
极速红包：0.08(今日将过期0.08)元 🧧
京东红包：0.52(今日将过期0.33)元 🧧
健康红包：0.00(今日将过期0.00)元 🧧

********开始【京东账号2】Ycp_Dream******

2021-07-05日过期京豆：0

2021-07-06日过期京豆：0

2021-07-07日过期京豆：0

2021-07-08日过期京豆：0

2021-07-09日过期京豆：0

2021-07-10日过期京豆：0

2021-07-11日过期京豆：0


==============📣系统通知📣==============
京东资产变动通知
账号2：Ycp_Dream
今日收入：0京豆 🐶
昨日收入：0京豆 🐶
昨日支出：0京豆 🐶
当前京豆：10916(今日将过期0)京豆🐶
当前总红包：0(今日总过期0.00)元 🧧
京喜红包：0.00(今日将过期0.00)元 🧧
极速红包：0.00(今日将过期0.00)元 🧧
京东红包：0.00(今日将过期0.00)元 🧧
健康红包：0.00(今日将过期0.00)元 🧧

********开始【京东账号3】jd_585601a83bd48******

2021-07-05日过期京豆：0

2021-07-06日过期京豆：0

2021-07-07日过期京豆：0

2021-07-08日过期京豆：2

2021-07-09日过期京豆：30

2021-07-10日过期京豆：2

2021-07-11日过期京豆：0


==============📣系统通知📣==============
京东资产变动通知
账号3：jd_585601a83bd48
今日收入：19京豆 🐶
昨日收入：211京豆 🐶
昨日支出：0京豆 🐶
当前京豆：743(今日将过期0)京豆🐶
当前总红包：0(今日总过期0.00)元 🧧
京喜红包：0.00(今日将过期0.00)元 🧧
极速红包：0.00(今日将过期0.00)元 🧧
京东红包：0.00(今日将过期0.00)元 🧧
健康红包：0.00(今日将过期0.00)元 🧧

********开始【京东账号4】jd_157332ewky******

2021-07-05日过期京豆：0

2021-07-06日过期京豆：0

2021-07-07日过期京豆：0

2021-07-08日过期京豆：0

2021-07-09日过期京豆：110

2021-07-10日过期京豆：0

2021-07-11日过期京豆：0


==============📣系统通知📣==============
京东资产变动通知
账号4：jd_157332ewky
今日收入：0京豆 🐶
昨日收入：0京豆 🐶
昨日支出：0京豆 🐶
当前京豆：629(今日将过期0)京豆🐶
当前总红包：0(今日总过期0.00)元 🧧
京喜红包：0.00(今日将过期0.00)元 🧧
极速红包：0.00(今日将过期0.00)元 🧧
京东红包：0.00(今日将过期0.00)元 🧧
健康红包：0.00(今日将过期0.00)元 🧧

********开始【京东账号5】jd_157332zdf******

2021-07-05日过期京豆：0

2021-07-06日过期京豆：0

2021-07-07日过期京豆：0

2021-07-08日过期京豆：0

2021-07-09日过期京豆：30

2021-07-10日过期京豆：0

2021-07-11日过期京豆：0


==============📣系统通知📣==============
京东资产变动通知
账号5：jd_157332zdf
今日收入：0京豆 🐶
昨日收入：17京豆 🐶
昨日支出：0京豆 🐶
当前京豆：536(今日将过期0)京豆🐶
当前总红包：0(今日总过期0.00)元 🧧
京喜红包：0.00(今日将过期0.00)元 🧧
极速红包：0.00(今日将过期0.00)元 🧧
京东红包：0.00(今日将过期0.00)元 🧧
健康红包：0.00(今日将过期0.00)元 🧧
您未提供push+推送所需的PUSH_PLUS_TOKEN，取消push+推送消息通知🚫

发送通知调用API失败！！

RequestError: read ECONNRESET
    at ClientRequest.<anonymous> (/opt/jd/scripts/node_modules/got/dist/source/core/index.js:953:111)
    at Object.onceWrapper (events.js:422:26)
    at ClientRequest.emit (events.js:327:22)
    at ClientRequest.origin.emit (/opt/jd/scripts/node_modules/@szmarczak/http-timer/dist/source/index.js:39:20)
    at TLSSocket.socketErrorListener (_http_client.js:469:9)
    at TLSSocket.emit (events.js:315:20)
    at emitErrorNT (internal/streams/destroy.js:106:8)
    at emitErrorCloseNT (internal/streams/destroy.js:74:3)
    at processTicksAndRejections (internal/process/task_queues.js:80:21)
    at TLSWrap.onStreamRead (internal/stream_base_commons.js:209:20) {
  code: 'ECONNRESET',
  timings: {
    start: 1625450358630,
    socket: 1625450358630,
    lookup: 1625450358819,
    connect: 1625450363128,
    secureConnect: undefined,
    upload: undefined,
    response: undefined,
    end: undefined,
    error: 1625450371956,
    abort: undefined,
    phases: {
      wait: 0,
      dns: 189,
      tcp: 4309,
      tls: undefined,
      request: undefined,
      firstByte: undefined,
      download: undefined,
      total: 13326
    }
  }
}
您未提供Bark的APP推送BARK_PUSH，取消Bark推送消息通知🚫

您未提供telegram机器人推送所需的TG_BOT_TOKEN和TG_USER_ID，取消telegram推送消息通知🚫

您未提供钉钉机器人推送所需的DD_BOT_TOKEN或者DD_BOT_SECRET，取消钉钉推送消息通知🚫

您未提供企业微信机器人推送所需的QYWX_KEY，取消企业微信推送消息通知🚫

您未提供企业微信应用消息推送所需的QYWX_AM，取消企业微信应用消息推送消息通知🚫

您未提供iGot的推送IGOT_PUSH_KEY，取消iGot推送消息通知🚫


🔔京东资产变动通知, 结束! 🕛 21.457 秒

