
🔔618动物联萌, 开始!

====================共5个京东账号Cookie=========

==================脚本执行- 北京时间(UTC+8)：7/9/2021, 5:33:23 PM=====================

活动入口：京东APP-》搜索 玩一玩-》瓜分20亿
邀请好友助力：内部账号自行互助(排名靠前账号得到的机会多)
PK互助：内部账号自行互助(排名靠前账号得到的机会多),多余的助力次数会默认助力作者内置助力码
小程序任务：已完成
地图任务：已添加，下午2点到5点执行,抽奖已添加
金融APP任务：已完成
活动时间：2021-05-24至2021-06-20
脚本更新时间：2021-06-08 19:00


*****开始【京东账号1】Ymh__Sirius*****


如有未完成的任务，请多执行几次

undefined

*****开始【京东账号2】Ycp_Dream*****


如有未完成的任务，请多执行几次

undefined

*****开始【京东账号3】chao4596758*****


如有未完成的任务，请多执行几次


==============📣系统通知📣==============
618动物联萌
【提示】cookie已失效
京东账号3 chao4596758
请重新登录获取
https://bean.m.jd.com/bean/signIndex.action
您未提供push+推送所需的PUSH_PLUS_TOKEN，取消push+推送消息通知🚫

server酱发送通知消息成功🎉

您未提供Bark的APP推送BARK_PUSH，取消Bark推送消息通知🚫

您未提供telegram机器人推送所需的TG_BOT_TOKEN和TG_USER_ID，取消telegram推送消息通知🚫

您未提供钉钉机器人推送所需的DD_BOT_TOKEN或者DD_BOT_SECRET，取消钉钉推送消息通知🚫

您未提供企业微信机器人推送所需的QYWX_KEY，取消企业微信推送消息通知🚫

您未提供企业微信应用消息推送所需的QYWX_AM，取消企业微信应用消息推送消息通知🚫

您未提供iGot的推送IGOT_PUSH_KEY，取消iGot推送消息通知🚫


*****开始【京东账号4】jd_157332ewky*****


如有未完成的任务，请多执行几次

undefined

*****开始【京东账号5】jd_157332zdf*****


如有未完成的任务，请多执行几次

undefined

❌ 618动物联萌, 失败! 原因: TypeError: res3 is not iterable!


🔔618动物联萌, 结束! 🕛 24.335 秒

