
🔔618动物联萌, 开始!

====================共4个京东账号Cookie=========

==================脚本执行- 北京时间(UTC+8)：6/30/2021, 5:36:38 PM=====================

活动入口：京东APP-》搜索 玩一玩-》瓜分20亿
邀请好友助力：内部账号自行互助(排名靠前账号得到的机会多)
PK互助：内部账号自行互助(排名靠前账号得到的机会多),多余的助力次数会默认助力作者内置助力码
小程序任务：已完成
地图任务：已添加，下午2点到5点执行,抽奖已添加
金融APP任务：已完成
活动时间：2021-05-24至2021-06-20
脚本更新时间：2021-06-08 19:00


*****开始【京东账号1】Ymh__Sirius*****


如有未完成的任务，请多执行几次

活动结束

*****开始【京东账号2】Ycp_Dream*****


如有未完成的任务，请多执行几次

活动结束

*****开始【京东账号3】jd_585601a83bd48*****


如有未完成的任务，请多执行几次

活动结束

*****开始【京东账号4】jd_157332ewky*****


如有未完成的任务，请多执行几次

活动结束

❌ 618动物联萌, 失败! 原因: TypeError: res3 is not iterable!


🔔618动物联萌, 结束! 🕛 29.322 秒

