
🔔宠汪汪赛跑, 开始!

====================共5个京东账号Cookie=========

==================脚本执行- 北京时间(UTC+8)：7/2/2021, 7:28:54 PM=====================

"Timeout awaiting 'request' for 10000ms"
宠汪汪赛跑 API请求失败，请检查网路重试
打印token：暂无token


==============📣系统通知📣==============
宠汪汪赛跑
【提示】请先获取来客有礼宠汪汪token
iOS用户微信搜索'来客有礼'小程序
点击底部的'发现'Tab
即可获取Token
getFriendPins::"getaddrinfo ENOTFOUND cdn.jsdelivr.net"

赛跑先给lxk0301作者两个固定的pin进行助力,然后从账号内部与剩下的固定位置合并后随机抽取进行助力
如需自己账号内部互助,设置环境变量 JOY_RUN_HELP_MYSELF 为true,则开启账号内部互助


开始【京东账号1】15631692383_p

=============【开始邀请助力】===============
账号1 [15631692383_p] 给下面名单的人进行邀请助力
被折叠的记忆33,jd_6cd93e613b0e5,chao4596758,jd_41345a6f96aa5,jd_45a6b5953b15b,jd_74a8d71c978d9,jd_46df9eaa780aa,jd_66f5cecc1efcd,jd_42ad078104f47,jd_mCbhXxmqzYJC,jd_7bb2be8dbd65c,jd_604ddb1259203,wduCeTewiZbRUd,15631692383_p,jd_67f63c904d8c6,wddpzLSxORvLGo,jd_sIhNpDXJehOr,jd_6423ed8a93620,jd_706149c3ca11c,jd_41345a6f96aa5,jd_42ad078104f47,zooooo58,jd_45a6b5953b15b,jd_704a2e5e28a66,被折叠的记忆33,jd_66f5cecc1efcd,jd_6cd93e613b0e5


账号1 [15631692383_p] 开始给好友 [被折叠的记忆33] 进行邀请助力
宠汪汪赛跑 API请求失败
"getaddrinfo ENOTFOUND draw.jdfcloud.com"

账号1 [15631692383_p] 开始给好友 [jd_6cd93e613b0e5] 进行邀请助力
宠汪汪赛跑 API请求失败
"getaddrinfo ENOTFOUND draw.jdfcloud.com"

账号1 [15631692383_p] 开始给好友 [chao4596758] 进行邀请助力
宠汪汪赛跑 API请求失败
"getaddrinfo ENOTFOUND draw.jdfcloud.com"

账号1 [15631692383_p] 开始给好友 [jd_41345a6f96aa5] 进行邀请助力
宠汪汪赛跑 API请求失败
"getaddrinfo ENOTFOUND draw.jdfcloud.com"

账号1 [15631692383_p] 开始给好友 [jd_45a6b5953b15b] 进行邀请助力
宠汪汪赛跑 API请求失败
"getaddrinfo ENOTFOUND draw.jdfcloud.com"

账号1 [15631692383_p] 开始给好友 [jd_74a8d71c978d9] 进行邀请助力
宠汪汪赛跑 API请求失败
"getaddrinfo ENOTFOUND draw.jdfcloud.com"

账号1 [15631692383_p] 开始给好友 [jd_46df9eaa780aa] 进行邀请助力
宠汪汪赛跑 API请求失败
"getaddrinfo ENOTFOUND draw.jdfcloud.com"

账号1 [15631692383_p] 开始给好友 [jd_66f5cecc1efcd] 进行邀请助力
宠汪汪赛跑 API请求失败
"getaddrinfo ENOTFOUND draw.jdfcloud.com"

账号1 [15631692383_p] 开始给好友 [jd_42ad078104f47] 进行邀请助力
宠汪汪赛跑 API请求失败
"getaddrinfo ENOTFOUND draw.jdfcloud.com"

账号1 [15631692383_p] 开始给好友 [jd_mCbhXxmqzYJC] 进行邀请助力
宠汪汪赛跑 API请求失败
"getaddrinfo ENOTFOUND draw.jdfcloud.com"

账号1 [15631692383_p] 开始给好友 [jd_7bb2be8dbd65c] 进行邀请助力
宠汪汪赛跑 API请求失败
"getaddrinfo ENOTFOUND draw.jdfcloud.com"

账号1 [15631692383_p] 开始给好友 [jd_604ddb1259203] 进行邀请助力
宠汪汪赛跑 API请求失败
"getaddrinfo ENOTFOUND draw.jdfcloud.com"

账号1 [15631692383_p] 开始给好友 [wduCeTewiZbRUd] 进行邀请助力
宠汪汪赛跑 API请求失败
"getaddrinfo ENOTFOUND draw.jdfcloud.com"

账号1 [15631692383_p] 开始给好友 [15631692383_p] 进行邀请助力
自己账号，跳过

账号1 [15631692383_p] 开始给好友 [jd_67f63c904d8c6] 进行邀请助力
宠汪汪赛跑 API请求失败
"getaddrinfo ENOTFOUND draw.jdfcloud.com"

账号1 [15631692383_p] 开始给好友 [wddpzLSxORvLGo] 进行邀请助力
宠汪汪赛跑 API请求失败
"getaddrinfo ENOTFOUND draw.jdfcloud.com"

账号1 [15631692383_p] 开始给好友 [jd_sIhNpDXJehOr] 进行邀请助力
宠汪汪赛跑 API请求失败
"getaddrinfo ENOTFOUND draw.jdfcloud.com"

账号1 [15631692383_p] 开始给好友 [jd_6423ed8a93620] 进行邀请助力
宠汪汪赛跑 API请求失败
"getaddrinfo ENOTFOUND draw.jdfcloud.com"

账号1 [15631692383_p] 开始给好友 [jd_706149c3ca11c] 进行邀请助力
宠汪汪赛跑 API请求失败
"getaddrinfo ENOTFOUND draw.jdfcloud.com"

账号1 [15631692383_p] 开始给好友 [jd_41345a6f96aa5] 进行邀请助力
宠汪汪赛跑 API请求失败
"getaddrinfo ENOTFOUND draw.jdfcloud.com"

账号1 [15631692383_p] 开始给好友 [jd_42ad078104f47] 进行邀请助力
宠汪汪赛跑 API请求失败
"getaddrinfo ENOTFOUND draw.jdfcloud.com"

账号1 [15631692383_p] 开始给好友 [zooooo58] 进行邀请助力
宠汪汪赛跑 API请求失败
"getaddrinfo ENOTFOUND draw.jdfcloud.com"

账号1 [15631692383_p] 开始给好友 [jd_45a6b5953b15b] 进行邀请助力
宠汪汪赛跑 API请求失败
"getaddrinfo ENOTFOUND draw.jdfcloud.com"

账号1 [15631692383_p] 开始给好友 [jd_704a2e5e28a66] 进行邀请助力
宠汪汪赛跑 API请求失败
"getaddrinfo ENOTFOUND draw.jdfcloud.com"

账号1 [15631692383_p] 开始给好友 [被折叠的记忆33] 进行邀请助力
宠汪汪赛跑 API请求失败
"getaddrinfo ENOTFOUND draw.jdfcloud.com"

账号1 [15631692383_p] 开始给好友 [jd_66f5cecc1efcd] 进行邀请助力
宠汪汪赛跑 API请求失败
"getaddrinfo ENOTFOUND draw.jdfcloud.com"

账号1 [15631692383_p] 开始给好友 [jd_6cd93e613b0e5] 进行邀请助力
宠汪汪赛跑 API请求失败
"getaddrinfo ENOTFOUND draw.jdfcloud.com"
===========【开始助力好友赛跑】===========
账号1 [15631692383_p] 给下面名单的人进行赛跑助力
被折叠的记忆33,jd_6cd93e613b0e5,chao4596758,jd_41345a6f96aa5,jd_45a6b5953b15b,jd_74a8d71c978d9,jd_46df9eaa780aa,jd_66f5cecc1efcd,jd_42ad078104f47,jd_mCbhXxmqzYJC,jd_7bb2be8dbd65c,jd_604ddb1259203,wduCeTewiZbRUd,15631692383_p,jd_67f63c904d8c6,wddpzLSxORvLGo,jd_sIhNpDXJehOr,jd_6423ed8a93620,jd_706149c3ca11c


账号1 [15631692383_p] 开始给好友 [被折叠的记忆33] 进行赛跑助力
API请求失败

❗️宠汪汪赛跑, 错误!

