
🔔东东萌宠, 开始!
开始获取东东萌宠配置文件


====================共4个京东账号Cookie=========

==================脚本执行- 北京时间(UTC+8)：6/30/2021, 12:35:29 PM=====================

您的东东萌宠互助码选择的是用&隔开

共4个京东账号

您提供了0个账号的东东萌宠助力码


开始【京东账号1】15631692383_p

由于您第1个京东账号未提供shareCode,将采纳本脚本自带的助力码

第1个京东账号将要助力的好友["MTAxODc2NTEzNTAwMDAwMDAwMjg3MDg2MA==","MTAxODc2NTEzMzAwMDAwMDAyNzUwMDA4MQ==","MTAxODc2NTEzMjAwMDAwMDAzMDI3MTMyOQ==","MTAxODc2NTEzNDAwMDAwMDAzMDI2MDI4MQ==","MTAxODcxOTI2NTAwMDAwMDAxOTQ3MjkzMw=="]

【京东账号1（15631692383_p）的东东萌宠好友互助码】MTAxODc2NTEzMDAwMDAwMDAzMDA5MTU0Mw==

开始任务初始化
开始遛弯
第1次遛狗完成: {"code":"0","resultCode":"3001","message":"达到宠物运动次数上限"}
开始助力京东账号1 - 15631692383_p的好友: MTAxODc2NTEzNTAwMDAwMDAwMjg3MDg2MA==
该好友未来可期。已满5人助力，无需您再次助力
开始助力京东账号1 - 15631692383_p的好友: MTAxODc2NTEzMzAwMDAwMDAyNzUwMDA4MQ==
该好友如期而至。已满5人助力，无需您再次助力
开始助力京东账号1 - 15631692383_p的好友: MTAxODc2NTEzMjAwMDAwMDAzMDI3MTMyOQ==
该好友ㅤㅤ已满5人助力，无需您再次助力
开始助力京东账号1 - 15631692383_p的好友: MTAxODc2NTEzNDAwMDAwMDAzMDI2MDI4MQ==
"Timeout awaiting 'request' for 10000ms"
东东萌宠 API请求失败，请检查网路重试
该好友可爱的🐢 🐢已满5人助力，无需您再次助力
开始助力京东账号1 - 15631692383_p的好友: MTAxODcxOTI2NTAwMDAwMDAxOTQ3MjkzMw==
该好友阿白已满5人助力，无需您再次助力
助力好友未达到5个
帮您助力的好友的名单开始
任务 signInit 已完成
任务 firstFeedInit 已完成
任务 feedReachInit 已完成
任务 browseSingleShopInit 已完成
任务 browseSingleShopInit1 已完成
任务 browseSingleShopInit2 已完成
任务 browseSingleShopInit3 已完成
准备三餐签到
三餐签到结果: {"code":"0","resultCode":"0","message":"success","result":{"couponImage":"","foodAmount":74,"threeMealReward":8}}
【定时领狗粮】获得8g

目前剩余狗粮：【74】g,不再继续投食,保留部分狗粮用于完成第二天任务
开始收取任务奖励好感度

==============📣系统通知📣==============
东东萌宠
超大容量保温杯
【京东账号1】15631692383_p
【额外奖励】领取失败，原因：给您助力的人未达5个
【助力您的好友】轩，YYJJXiyang
【第3块勋章完成进度】63.6%，还需收集800好感
【已获得勋章】2块，还需收集2块即可兑换奖品“超大容量保温杯”

全部任务完成, 如果帮助到您可以点下🌟STAR鼓励我一下, 明天见~

开始【京东账号2】Ycp_Dream

由于您第2个京东账号未提供shareCode,将采纳本脚本自带的助力码

第2个京东账号将要助力的好友["MTAxODc2NTEzMjAwMDAwMDAzMDI3MTMyOQ==","MTAxODcxOTI2NTAwMDAwMDAyNjA4ODQyMQ==","MTAxODc2NTEzOTAwMDAwMDAyNzE2MDY2NQ==","MTE1NDUyMjEwMDAwMDAwNDI0MDM2MDc=","MTAxODc2NTEzMjAwMDAwMDAwNDA5MzAzMw=="]

【京东账号2（jd_74a8d71c978d9）的东东萌宠好友互助码】MTAxODc2NTEzMzAwMDAwMDAwMTE0MjQ2Mw==

开始任务初始化
开始遛弯
第1次遛狗完成: {"code":"0","resultCode":"0","message":"success","result":{"petSportStatus":2,"rewardName":"10g狗粮","foodReward":10,"rewardImage":"https://m.360buyimg.com/babel/jfs/t1/93013/7/15949/8468/5e7db3e6E7736d837/2e3a5bda881dce0b.png","energyReward":0}}
"Timeout awaiting 'request' for 10000ms"
东东萌宠 API请求失败，请检查网路重试
领取遛狗奖励完成: {"code":"0","resultCode":"0","message":"success","result":{"petSportStatus":3,"foodAmount":52}}
第2次遛狗完成: {"code":"0","resultCode":"0","message":"success","result":{"petSportStatus":2,"rewardName":"10g狗粮","foodReward":10,"rewardImage":"https://m.360buyimg.com/babel/jfs/t1/93013/7/15949/8468/5e7db3e6E7736d837/2e3a5bda881dce0b.png","energyReward":0}}
领取遛狗奖励完成: {"code":"0","resultCode":"0","message":"success","result":{"petSportStatus":3,"foodAmount":62}}
第3次遛狗完成: {"code":"0","resultCode":"0","message":"success","result":{"petSportStatus":2,"rewardName":"一只小熊","foodReward":0,"rewardImage":"https://m.360buyimg.com/babel/jfs/t1/118114/32/68/20561/5e86e020E4459ccd0/05df645f93ac4f9d.png","energyReward":0}}
领取遛狗奖励完成: {"code":"0","resultCode":"0","message":"success","result":{"petSportStatus":3,"foodAmount":62}}
第4次遛狗完成: {"code":"0","resultCode":"0","message":"success","result":{"petSportStatus":2,"rewardName":"一只小熊","foodReward":0,"rewardImage":"https://m.360buyimg.com/babel/jfs/t1/118114/32/68/20561/5e86e020E4459ccd0/05df645f93ac4f9d.png","energyReward":0}}
领取遛狗奖励完成: {"code":"0","resultCode":"0","message":"success","result":{"petSportStatus":3,"foodAmount":62}}
第5次遛狗完成: {"code":"0","resultCode":"0","message":"success","result":{"petSportStatus":2,"rewardName":"一支向日葵","foodReward":0,"rewardImage":"https://m.360buyimg.com/babel/jfs/t1/93222/15/17406/20266/5e86df9fE990a8436/75973ad3c8c154b0.png","energyReward":0}}
领取遛狗奖励完成: {"code":"0","resultCode":"0","message":"success","result":{"petSportStatus":3,"foodAmount":62}}
第6次遛狗完成: {"code":"0","resultCode":"0","message":"success","result":{"petSportStatus":2,"rewardName":"一只小熊","foodReward":0,"rewardImage":"https://m.360buyimg.com/babel/jfs/t1/118114/32/68/20561/5e86e020E4459ccd0/05df645f93ac4f9d.png","energyReward":0}}
领取遛狗奖励完成: {"code":"0","resultCode":"0","message":"success","result":{"petSportStatus":3,"foodAmount":62}}
第7次遛狗完成: {"code":"0","resultCode":"0","message":"success","result":{"petSportStatus":2,"rewardName":"一只爱唱歌的鸟","foodReward":0,"rewardImage":"https://m.360buyimg.com/babel/jfs/t1/85513/18/17679/15749/5e86dfbaE7d12ef75/945573cc9fb9a045.png","energyReward":0}}
领取遛狗奖励完成: {"code":"0","resultCode":"0","message":"success","result":{"petSportStatus":3,"foodAmount":62}}
第8次遛狗完成: {"code":"0","resultCode":"0","message":"success","result":{"petSportStatus":2,"rewardName":"一个有味道的东西","foodReward":0,"rewardImage":"https://m.360buyimg.com/babel/jfs/t1/111138/29/83/16957/5e86dffcE36c35d62/447f461cef5acaa9.png","energyReward":0}}
领取遛狗奖励完成: {"code":"0","resultCode":"0","message":"success","result":{"petSportStatus":3,"foodAmount":62}}
第9次遛狗完成: {"code":"0","resultCode":"0","message":"success","result":{"petSportStatus":2,"rewardName":"一只小熊","foodReward":0,"rewardImage":"https://m.360buyimg.com/babel/jfs/t1/118114/32/68/20561/5e86e020E4459ccd0/05df645f93ac4f9d.png","energyReward":0}}
领取遛狗奖励完成: {"code":"0","resultCode":"0","message":"success","result":{"petSportStatus":3,"foodAmount":62}}
第10次遛狗完成: {"code":"0","resultCode":"0","message":"success","result":{"petSportStatus":2,"rewardName":"一双可爱拖鞋","foodReward":0,"rewardImage":"https://m.360buyimg.com/babel/jfs/t1/110796/9/2715/20773/5e86dfe7E65833d91/fe3a24dc594591c0.png","energyReward":0}}
领取遛狗奖励完成: {"code":"0","resultCode":"0","message":"success","result":{"petSportStatus":3,"foodAmount":62}}
第11次遛狗完成: {"code":"0","resultCode":"3001","message":"达到宠物运动次数上限"}
开始助力京东账号2 - Ycp_Dream的好友: MTAxODc2NTEzMjAwMDAwMDAzMDI3MTMyOQ==
该好友ㅤㅤ已满5人助力，无需您再次助力
开始助力京东账号2 - Ycp_Dream的好友: MTAxODcxOTI2NTAwMDAwMDAyNjA4ODQyMQ==
该好友大腹便便已满5人助力，无需您再次助力
开始助力京东账号2 - Ycp_Dream的好友: MTAxODc2NTEzOTAwMDAwMDAyNzE2MDY2NQ==
该好友W已满5人助力，无需您再次助力
开始助力京东账号2 - Ycp_Dream的好友: MTE1NDUyMjEwMDAwMDAwNDI0MDM2MDc=
该好友柒仟万已满5人助力，无需您再次助力
开始助力京东账号2 - Ycp_Dream的好友: MTAxODc2NTEzMjAwMDAwMDAwNDA5MzAzMw==
该好友Sliver Bullet已满5人助力，无需您再次助力
助力好友未达到5个
准备每日签到
每日签到结果: {"code":"0","resultCode":"0","message":"success","result":{"couponImage":"","signReward":5,"foodAmount":67,"signDay":1}}
【每日签到成功】奖励5g狗粮

首次投食任务合并到10次喂食任务中

准备三餐签到
三餐签到结果: {"code":"0","resultCode":"0","message":"success","result":{"couponImage":"","foodAmount":72,"threeMealReward":5}}
【定时领狗粮】获得5g

开始做 领取京喜无门槛红包 任务， 浏览8秒，领取8g狗粮
【浏览指定店铺】获取8g

开始做 去逛逛好货会场 任务， 浏览8秒，领取8g狗粮
【浏览指定店铺】获取8g

开始做 京东0元理财课 任务， 浏览8秒，奖励8g狗粮
【浏览指定店铺】获取8g

开始做 白条返场 任务， 浏览8秒，奖励8g狗粮
投食任务开始...
还需要投食10次
本次投食结果: {"code":"0","resultCode":"0","message":"success","result":{"petSportStatus":3,"feedAmount":10,"petPlaceInfoList":[{"place":1,"updateSign":true,"energy":6},{"place":2,"energy":0},{"place":3,"energy":0},{"place":4,"energy":0},{"place":5,"energy":0}],"updatePlace":1,"foodAmount":94,"firstFeedReward":8,"feedReachReward":0,"showNeedCollectPop":false,"energyReward":6,"firstFeedFinishedPop":true,"feedReachFinishedPop":false,"showForceCollectPop":false}}
还需要投食9次
本次投食结果: {"code":"0","resultCode":"0","message":"success","result":{"petSportStatus":3,"feedAmount":10,"petPlaceInfoList":[{"place":1,"energy":6},{"place":2,"updateSign":true,"energy":6},{"place":3,"energy":0},{"place":4,"energy":0},{"place":5,"energy":0}],"updatePlace":2,"foodAmount":84,"firstFeedReward":0,"feedReachReward":0,"showNeedCollectPop":false,"energyReward":6,"firstFeedFinishedPop":false,"feedReachFinishedPop":false,"showForceCollectPop":false}}
还需要投食8次
本次投食结果: {"code":"0","resultCode":"0","message":"success","result":{"petSportStatus":3,"feedAmount":10,"petPlaceInfoList":[{"place":1,"energy":6},{"place":2,"energy":6},{"place":3,"updateSign":true,"energy":8},{"place":4,"energy":0},{"place":5,"energy":0}],"updatePlace":3,"foodAmount":74,"firstFeedReward":0,"feedReachReward":0,"showNeedCollectPop":false,"energyReward":8,"firstFeedFinishedPop":false,"feedReachFinishedPop":false,"showForceCollectPop":false}}
还需要投食7次
本次投食结果: {"code":"0","resultCode":"0","message":"success","result":{"petSportStatus":3,"feedAmount":10,"petPlaceInfoList":[{"place":1,"energy":6},{"place":2,"energy":6},{"place":3,"energy":8},{"place":4,"updateSign":true,"energy":6},{"place":5,"energy":0}],"updatePlace":4,"foodAmount":64,"firstFeedReward":0,"feedReachReward":0,"showNeedCollectPop":false,"energyReward":6,"firstFeedFinishedPop":false,"feedReachFinishedPop":false,"showForceCollectPop":false}}
还需要投食6次
本次投食结果: {"code":"0","resultCode":"0","message":"success","result":{"petSportStatus":3,"feedAmount":10,"petPlaceInfoList":[{"place":1,"energy":6},{"place":2,"energy":6},{"place":3,"energy":8},{"place":4,"energy":6},{"place":5,"updateSign":true,"energy":5}],"updatePlace":5,"foodAmount":54,"firstFeedReward":0,"feedReachReward":0,"showNeedCollectPop":false,"energyReward":5,"firstFeedFinishedPop":false,"feedReachFinishedPop":false,"showForceCollectPop":false}}
还需要投食5次
本次投食结果: {"code":"0","resultCode":"0","message":"success","result":{"petSportStatus":3,"feedAmount":10,"petPlaceInfoList":[{"place":1,"updateSign":true,"energy":11},{"place":2,"energy":6},{"place":3,"energy":8},{"place":4,"energy":6},{"place":5,"energy":5}],"updatePlace":1,"foodAmount":44,"firstFeedReward":0,"feedReachReward":0,"showNeedCollectPop":false,"energyReward":5,"firstFeedFinishedPop":false,"feedReachFinishedPop":false,"showForceCollectPop":false}}
还需要投食4次
本次投食结果: {"code":"0","resultCode":"0","message":"success","result":{"petSportStatus":3,"feedAmount":10,"petPlaceInfoList":[{"place":1,"energy":11},{"place":2,"updateSign":true,"energy":14},{"place":3,"energy":8},{"place":4,"energy":6},{"place":5,"energy":5}],"updatePlace":2,"foodAmount":34,"firstFeedReward":0,"feedReachReward":0,"showNeedCollectPop":false,"energyReward":8,"firstFeedFinishedPop":false,"feedReachFinishedPop":false,"showForceCollectPop":false}}
还需要投食3次
本次投食结果: {"code":"0","resultCode":"0","message":"success","result":{"petSportStatus":3,"feedAmount":10,"petPlaceInfoList":[{"place":1,"energy":11},{"place":2,"energy":14},{"place":3,"updateSign":true,"energy":13},{"place":4,"energy":6},{"place":5,"energy":5}],"updatePlace":3,"foodAmount":24,"firstFeedReward":0,"feedReachReward":0,"showNeedCollectPop":false,"energyReward":5,"firstFeedFinishedPop":false,"feedReachFinishedPop":false,"showForceCollectPop":false}}
还需要投食2次
本次投食结果: {"code":"0","resultCode":"0","message":"success","result":{"petSportStatus":3,"feedAmount":10,"petPlaceInfoList":[{"place":1,"energy":11},{"place":2,"energy":14},{"place":3,"energy":13},{"place":4,"updateSign":true,"energy":14},{"place":5,"energy":5}],"updatePlace":4,"foodAmount":14,"firstFeedReward":0,"feedReachReward":0,"showNeedCollectPop":false,"energyReward":8,"firstFeedFinishedPop":false,"feedReachFinishedPop":false,"showForceCollectPop":false}}
还需要投食1次
本次投食结果: {"code":"0","resultCode":"0","message":"success","result":{"petSportStatus":3,"feedAmount":10,"petPlaceInfoList":[{"place":1,"energy":11},{"place":2,"energy":14},{"place":3,"energy":13},{"place":4,"energy":14},{"place":5,"updateSign":true,"energy":11}],"updatePlace":5,"foodAmount":12,"firstFeedReward":0,"feedReachReward":8,"showNeedCollectPop":false,"energyReward":6,"firstFeedFinishedPop":false,"feedReachFinishedPop":true,"showForceCollectPop":false}}
投食任务结束...

目前剩余狗粮：【12】g,不再继续投食,保留部分狗粮用于完成第二天任务
开始收取任务奖励好感度

==============📣系统通知📣==============
东东萌宠
3层抽纸巾30包
【京东账号2】Ycp_Dream
【额外奖励】领取失败，原因：给您助力的人未达5个
【第3块勋章完成进度】15.4%，还需收集1861好感
【已获得勋章】2块，还需收集2块即可兑换奖品“3层抽纸巾30包”

全部任务完成, 如果帮助到您可以点下🌟STAR鼓励我一下, 明天见~

开始【京东账号3】jd_585601a83bd48

由于您第3个京东账号未提供shareCode,将采纳本脚本自带的助力码

第3个京东账号将要助力的好友["MTAxODc2NTEzMjAwMDAwMDAzMDI3MTMyOQ==","MTAxODcxOTI2NTAwMDAwMDAyNjA4ODQyMQ==","MTAxODc2NTEzOTAwMDAwMDAyNzE2MDY2NQ==","MTE1NDUyMjEwMDAwMDAwNDI0MDM2MDc=","MTAxODc2NTEzMjAwMDAwMDAwNDA5MzAzMw=="]
开始助力京东账号3 - jd_585601a83bd48的好友: MTAxODc2NTEzMjAwMDAwMDAzMDI3MTMyOQ==
该好友ㅤㅤ已满5人助力，无需您再次助力
开始助力京东账号3 - jd_585601a83bd48的好友: MTAxODcxOTI2NTAwMDAwMDAyNjA4ODQyMQ==
该好友大腹便便已满5人助力，无需您再次助力
开始助力京东账号3 - jd_585601a83bd48的好友: MTAxODc2NTEzOTAwMDAwMDAyNzE2MDY2NQ==
该好友W已满5人助力，无需您再次助力
开始助力京东账号3 - jd_585601a83bd48的好友: MTE1NDUyMjEwMDAwMDAwNDI0MDM2MDc=
该好友柒仟万已满5人助力，无需您再次助力
开始助力京东账号3 - jd_585601a83bd48的好友: MTAxODc2NTEzMjAwMDAwMDAwNDA5MzAzMw==
"Timeout awaiting 'request' for 10000ms"
东东萌宠 API请求失败，请检查网路重试
该好友Sliver Bullet已满5人助力，无需您再次助力
东东萌宠

【提示】京东账号3jd_585601a83bd48
萌宠活动未开启
请手动去京东APP开启活动
入口：我的->游戏与互动->查看更多开启

开始【京东账号4】jd_157332ewky

由于您第4个京东账号未提供shareCode,将采纳本脚本自带的助力码

第4个京东账号将要助力的好友["MTAxODc2NTEzMjAwMDAwMDAzMDI3MTMyOQ==","MTAxODcxOTI2NTAwMDAwMDAyNjA4ODQyMQ==","MTAxODc2NTEzOTAwMDAwMDAyNzE2MDY2NQ==","MTE1NDUyMjEwMDAwMDAwNDI0MDM2MDc=","MTAxODc2NTEzMjAwMDAwMDAwNDA5MzAzMw=="]
开始助力京东账号4 - jd_157332ewky的好友: MTAxODc2NTEzMjAwMDAwMDAzMDI3MTMyOQ==
该好友ㅤㅤ已满5人助力，无需您再次助力
开始助力京东账号4 - jd_157332ewky的好友: MTAxODcxOTI2NTAwMDAwMDAyNjA4ODQyMQ==
该好友大腹便便已满5人助力，无需您再次助力
开始助力京东账号4 - jd_157332ewky的好友: MTAxODc2NTEzOTAwMDAwMDAyNzE2MDY2NQ==
该好友W已满5人助力，无需您再次助力
开始助力京东账号4 - jd_157332ewky的好友: MTE1NDUyMjEwMDAwMDAwNDI0MDM2MDc=
"Timeout awaiting 'request' for 10000ms"
东东萌宠 API请求失败，请检查网路重试
该好友柒仟万已满5人助力，无需您再次助力
开始助力京东账号4 - jd_157332ewky的好友: MTAxODc2NTEzMjAwMDAwMDAwNDA5MzAzMw==
该好友Sliver Bullet已满5人助力，无需您再次助力
东东萌宠

【提示】京东账号4jd_157332ewky
萌宠活动未开启
请手动去京东APP开启活动
入口：我的->游戏与互动->查看更多开启
您未提供push+推送所需的PUSH_PLUS_TOKEN，取消push+推送消息通知🚫

server酱发送通知消息成功🎉

您未提供Bark的APP推送BARK_PUSH，取消Bark推送消息通知🚫

您未提供telegram机器人推送所需的TG_BOT_TOKEN和TG_USER_ID，取消telegram推送消息通知🚫

您未提供钉钉机器人推送所需的DD_BOT_TOKEN或者DD_BOT_SECRET，取消钉钉推送消息通知🚫

您未提供企业微信机器人推送所需的QYWX_KEY，取消企业微信推送消息通知🚫

您未提供企业微信应用消息推送所需的QYWX_AM，取消企业微信应用消息推送消息通知🚫

您未提供iGot的推送IGOT_PUSH_KEY，取消iGot推送消息通知🚫


🔔东东萌宠, 结束! 🕛 330.688 秒

