
🔔东东萌宠, 开始!
开始获取东东萌宠配置文件


====================共4个京东账号Cookie=========

==================脚本执行- 北京时间(UTC+8)：6/30/2021, 3:42:52 PM=====================

您的东东萌宠互助码选择的是用&隔开

共4个京东账号

您提供了0个账号的东东萌宠助力码


开始【京东账号1】15631692383_p

由于您第1个京东账号未提供shareCode,将采纳本脚本自带的助力码

第1个京东账号将要助力的好友["MTAxODc2NTEzNTAwMDAwMDAwMjg3MDg2MA==","MTAxODc2NTEzMzAwMDAwMDAyNzUwMDA4MQ==","MTAxODc2NTEzMjAwMDAwMDAzMDI3MTMyOQ==","MTAxODc2NTEzNDAwMDAwMDAzMDI2MDI4MQ==","MTAxODcxOTI2NTAwMDAwMDAxOTQ3MjkzMw=="]

【京东账号1（15631692383_p）的东东萌宠好友互助码】MTAxODc2NTEzMDAwMDAwMDAzMDA5MTU0Mw==

开始任务初始化
开始遛弯
第1次遛狗完成: {"code":"0","resultCode":"3001","message":"达到宠物运动次数上限"}
开始助力京东账号1 - 15631692383_p的好友: MTAxODc2NTEzNTAwMDAwMDAwMjg3MDg2MA==
该好友未来可期。已满5人助力，无需您再次助力
开始助力京东账号1 - 15631692383_p的好友: MTAxODc2NTEzMzAwMDAwMDAyNzUwMDA4MQ==
该好友如期而至。已满5人助力，无需您再次助力
开始助力京东账号1 - 15631692383_p的好友: MTAxODc2NTEzMjAwMDAwMDAzMDI3MTMyOQ==
"Timeout awaiting 'request' for 10000ms"
东东萌宠 API请求失败，请检查网路重试
该好友ㅤㅤ已满5人助力，无需您再次助力
开始助力京东账号1 - 15631692383_p的好友: MTAxODc2NTEzNDAwMDAwMDAzMDI2MDI4MQ==
该好友可爱的🐢 🐢已满5人助力，无需您再次助力
开始助力京东账号1 - 15631692383_p的好友: MTAxODcxOTI2NTAwMDAwMDAxOTQ3MjkzMw==
该好友阿白已满5人助力，无需您再次助力
助力好友未达到5个
帮您助力的好友的名单开始
任务 signInit 已完成
任务 firstFeedInit 已完成
任务 feedReachInit 已完成
任务 browseSingleShopInit 已完成
任务 browseSingleShopInit1 已完成
任务 browseSingleShopInit2 已完成
任务 browseSingleShopInit3 已完成
未到三餐时间
目前剩余狗粮：【74】g,不再继续投食,保留部分狗粮用于完成第二天任务
开始收取任务奖励好感度

【京东账号1】15631692383_p
【额外奖励】领取失败，原因：给您助力的人未达5个
【助力您的好友】轩，YYJJXiyang
【第3块勋章完成进度】63.6%，还需收集800好感
【已获得勋章】2块，还需收集2块即可兑换奖品“超大容量保温杯”


全部任务完成, 如果帮助到您可以点下🌟STAR鼓励我一下, 明天见~

开始【京东账号2】Ycp_Dream

由于您第2个京东账号未提供shareCode,将采纳本脚本自带的助力码

第2个京东账号将要助力的好友["MTAxODc2NTEzMjAwMDAwMDAzMDI3MTMyOQ==","MTAxODcxOTI2NTAwMDAwMDAyNjA4ODQyMQ==","MTAxODc2NTEzOTAwMDAwMDAyNzE2MDY2NQ==","MTE1NDUyMjEwMDAwMDAwNDI0MDM2MDc=","MTAxODc2NTEzMjAwMDAwMDAwNDA5MzAzMw=="]

【京东账号2（jd_74a8d71c978d9）的东东萌宠好友互助码】MTAxODc2NTEzMzAwMDAwMDAwMTE0MjQ2Mw==

开始任务初始化
开始遛弯
第1次遛狗完成: {"code":"0","resultCode":"3001","message":"达到宠物运动次数上限"}
开始助力京东账号2 - Ycp_Dream的好友: MTAxODc2NTEzMjAwMDAwMDAzMDI3MTMyOQ==
该好友ㅤㅤ已满5人助力，无需您再次助力
开始助力京东账号2 - Ycp_Dream的好友: MTAxODcxOTI2NTAwMDAwMDAyNjA4ODQyMQ==
该好友大腹便便已满5人助力，无需您再次助力
开始助力京东账号2 - Ycp_Dream的好友: MTAxODc2NTEzOTAwMDAwMDAyNzE2MDY2NQ==
该好友W已满5人助力，无需您再次助力
开始助力京东账号2 - Ycp_Dream的好友: MTE1NDUyMjEwMDAwMDAwNDI0MDM2MDc=
"Timeout awaiting 'request' for 10000ms"
东东萌宠 API请求失败，请检查网路重试
该好友柒仟万已满5人助力，无需您再次助力
开始助力京东账号2 - Ycp_Dream的好友: MTAxODc2NTEzMjAwMDAwMDAwNDA5MzAzMw==
该好友Sliver Bullet已满5人助力，无需您再次助力
助力好友未达到5个
任务 signInit 已完成
任务 firstFeedInit 已完成
任务 feedReachInit 已完成
任务 browseSingleShopInit 已完成
任务 browseSingleShopInit1 已完成
任务 browseSingleShopInit2 已完成
任务 browseSingleShopInit3 已完成
未到三餐时间
目前剩余狗粮：【12】g,不再继续投食,保留部分狗粮用于完成第二天任务
开始收取任务奖励好感度

【京东账号2】Ycp_Dream
【额外奖励】领取失败，原因：给您助力的人未达5个
【第3块勋章完成进度】15.4%，还需收集1861好感
【已获得勋章】2块，还需收集2块即可兑换奖品“3层抽纸巾30包”


全部任务完成, 如果帮助到您可以点下🌟STAR鼓励我一下, 明天见~

开始【京东账号3】chao4596758

由于您第3个京东账号未提供shareCode,将采纳本脚本自带的助力码

第3个京东账号将要助力的好友["MTAxODc2NTEzMjAwMDAwMDAzMDI3MTMyOQ==","MTAxODcxOTI2NTAwMDAwMDAyNjA4ODQyMQ==","MTAxODc2NTEzOTAwMDAwMDAyNzE2MDY2NQ==","MTE1NDUyMjEwMDAwMDAwNDI0MDM2MDc=","MTAxODc2NTEzMjAwMDAwMDAwNDA5MzAzMw=="]
开始助力京东账号3 - chao4596758的好友: MTAxODc2NTEzMjAwMDAwMDAzMDI3MTMyOQ==
该好友ㅤㅤ已满5人助力，无需您再次助力
开始助力京东账号3 - chao4596758的好友: MTAxODcxOTI2NTAwMDAwMDAyNjA4ODQyMQ==
该好友大腹便便已满5人助力，无需您再次助力
开始助力京东账号3 - chao4596758的好友: MTAxODc2NTEzOTAwMDAwMDAyNzE2MDY2NQ==
该好友W已满5人助力，无需您再次助力
开始助力京东账号3 - chao4596758的好友: MTE1NDUyMjEwMDAwMDAwNDI0MDM2MDc=
该好友柒仟万已满5人助力，无需您再次助力
开始助力京东账号3 - chao4596758的好友: MTAxODc2NTEzMjAwMDAwMDAwNDA5MzAzMw==
该好友Sliver Bullet已满5人助力，无需您再次助力
东东萌宠

【提示】京东账号3chao4596758
萌宠活动未开启
请手动去京东APP开启活动
入口：我的->游戏与互动->查看更多开启

开始【京东账号4】jd_46df9eaa780aa

由于您第4个京东账号未提供shareCode,将采纳本脚本自带的助力码

"Timeout awaiting 'request' for 10000ms"
东东萌宠 API请求失败，请检查网路重试
第4个京东账号将要助力的好友["MTAxODc2NTEzMjAwMDAwMDAzMDI3MTMyOQ==","MTAxODcxOTI2NTAwMDAwMDAyNjA4ODQyMQ==","MTAxODc2NTEzOTAwMDAwMDAyNzE2MDY2NQ==","MTE1NDUyMjEwMDAwMDAwNDI0MDM2MDc=","MTAxODc2NTEzMjAwMDAwMDAwNDA5MzAzMw=="]
开始助力京东账号4 - jd_46df9eaa780aa的好友: MTAxODc2NTEzMjAwMDAwMDAzMDI3MTMyOQ==
该好友ㅤㅤ已满5人助力，无需您再次助力
开始助力京东账号4 - jd_46df9eaa780aa的好友: MTAxODcxOTI2NTAwMDAwMDAyNjA4ODQyMQ==
该好友大腹便便已满5人助力，无需您再次助力
开始助力京东账号4 - jd_46df9eaa780aa的好友: MTAxODc2NTEzOTAwMDAwMDAyNzE2MDY2NQ==
该好友W已满5人助力，无需您再次助力
开始助力京东账号4 - jd_46df9eaa780aa的好友: MTE1NDUyMjEwMDAwMDAwNDI0MDM2MDc=
该好友柒仟万已满5人助力，无需您再次助力
开始助力京东账号4 - jd_46df9eaa780aa的好友: MTAxODc2NTEzMjAwMDAwMDAwNDA5MzAzMw==
该好友Sliver Bullet已满5人助力，无需您再次助力
东东萌宠

【提示】京东账号4jd_46df9eaa780aa
萌宠活动未开启
请手动去京东APP开启活动
入口：我的->游戏与互动->查看更多开启

🔔东东萌宠, 结束! 🕛 162.839 秒

"Timeout awaiting 'request' for 10000ms"
东东萌宠 API请求失败，请检查网路重试
