
🔔东东萌宠, 开始!
开始获取东东萌宠配置文件


====================共5个京东账号Cookie=========

==================脚本执行- 北京时间(UTC+8)：7/2/2021, 12:39:11 PM=====================

您的东东萌宠互助码选择的是用&隔开

共5个京东账号

您提供了0个账号的东东萌宠助力码


开始【京东账号1】15631692383_p

由于您第1个京东账号未提供shareCode,将采纳本脚本自带的助力码

第1个京东账号将要助力的好友["MTAxODc2NTEzNTAwMDAwMDAwMjg3MDg2MA==","MTAxODc2NTEzMzAwMDAwMDAyNzUwMDA4MQ==","MTAxODc2NTEzMjAwMDAwMDAzMDI3MTMyOQ==","MTAxODc2NTEzNDAwMDAwMDAzMDI2MDI4MQ==","MTAxODcxOTI2NTAwMDAwMDAxOTQ3MjkzMw=="]

【京东账号1（15631692383_p）的东东萌宠好友互助码】MTAxODc2NTEzMDAwMDAwMDAzMDA5MTU0Mw==

开始任务初始化
开始遛弯
第1次遛狗完成: {"code":"0","resultCode":"3001","message":"达到宠物运动次数上限"}
开始助力京东账号1 - 15631692383_p的好友: MTAxODc2NTEzNTAwMDAwMDAwMjg3MDg2MA==
该好友未来可期。已满5人助力，无需您再次助力
开始助力京东账号1 - 15631692383_p的好友: MTAxODc2NTEzMzAwMDAwMDAyNzUwMDA4MQ==
该好友如期而至。已满5人助力，无需您再次助力
开始助力京东账号1 - 15631692383_p的好友: MTAxODc2NTEzMjAwMDAwMDAzMDI3MTMyOQ==
该好友ㅤㅤ已满5人助力，无需您再次助力
开始助力京东账号1 - 15631692383_p的好友: MTAxODc2NTEzNDAwMDAwMDAzMDI2MDI4MQ==
"Timeout awaiting 'request' for 10000ms"
东东萌宠 API请求失败，请检查网路重试
该好友可爱的🐢 🐢已满5人助力，无需您再次助力
开始助力京东账号1 - 15631692383_p的好友: MTAxODcxOTI2NTAwMDAwMDAxOTQ3MjkzMw==
该好友阿白已满5人助力，无需您再次助力
助力好友未达到5个
帮您助力的好友的名单开始
任务 signInit 已完成
任务 firstFeedInit 已完成
任务 browseSingleShopInit 已完成
任务 browseSingleShopInit1 已完成
任务 browseSingleShopInit2 已完成
准备三餐签到
三餐签到结果: {"code":"0","resultCode":"0","message":"success","result":{"couponImage":"","foodAmount":14,"threeMealReward":8}}
【定时领狗粮】获得8g

投食任务开始...
还需要投食1次
本次投食结果: {"code":"0","resultCode":"0","message":"success","result":{"petSportStatus":3,"feedAmount":10,"petPlaceInfoList":[{"place":1,"updateSign":true,"energy":6},{"place":2,"energy":0},{"place":3,"energy":0},{"place":4,"energy":0},{"place":5,"energy":0}],"updatePlace":1,"foodAmount":12,"firstFeedReward":0,"feedReachReward":8,"showNeedCollectPop":false,"energyReward":6,"firstFeedFinishedPop":false,"feedReachFinishedPop":true,"showForceCollectPop":false}}
投食任务结束...

目前剩余狗粮：【12】g,不再继续投食,保留部分狗粮用于完成第二天任务
开始收取任务奖励好感度

【京东账号1】15631692383_p
【额外奖励】领取失败，原因：给您助力的人未达5个
【助力您的好友】轩，YYJJXiyang
【第3块勋章完成进度】71.8%，还需收集619好感
【已获得勋章】2块，还需收集2块即可兑换奖品“超大容量保温杯”


全部任务完成, 如果帮助到您可以点下🌟STAR鼓励我一下, 明天见~

开始【京东账号2】Ycp_Dream

由于您第2个京东账号未提供shareCode,将采纳本脚本自带的助力码

第2个京东账号将要助力的好友["MTAxODc2NTEzMjAwMDAwMDAzMDI3MTMyOQ==","MTAxODcxOTI2NTAwMDAwMDAyNjA4ODQyMQ==","MTAxODc2NTEzOTAwMDAwMDAyNzE2MDY2NQ==","MTE1NDUyMjEwMDAwMDAwNDI0MDM2MDc=","MTAxODc2NTEzMjAwMDAwMDAwNDA5MzAzMw=="]

【京东账号2（jd_74a8d71c978d9）的东东萌宠好友互助码】MTAxODc2NTEzMzAwMDAwMDAwMTE0MjQ2Mw==

开始任务初始化
开始遛弯
第1次遛狗完成: {"code":"0","resultCode":"3001","message":"达到宠物运动次数上限"}
开始助力京东账号2 - Ycp_Dream的好友: MTAxODc2NTEzMjAwMDAwMDAzMDI3MTMyOQ==
该好友ㅤㅤ已满5人助力，无需您再次助力
开始助力京东账号2 - Ycp_Dream的好友: MTAxODcxOTI2NTAwMDAwMDAyNjA4ODQyMQ==
该好友大腹便便已满5人助力，无需您再次助力
开始助力京东账号2 - Ycp_Dream的好友: MTAxODc2NTEzOTAwMDAwMDAyNzE2MDY2NQ==
该好友W已满5人助力，无需您再次助力
开始助力京东账号2 - Ycp_Dream的好友: MTE1NDUyMjEwMDAwMDAwNDI0MDM2MDc=
该好友柒仟万已满5人助力，无需您再次助力
开始助力京东账号2 - Ycp_Dream的好友: MTAxODc2NTEzMjAwMDAwMDAwNDA5MzAzMw==
"Timeout awaiting 'request' for 10000ms"
东东萌宠 API请求失败，请检查网路重试
该好友Sliver Bullet已满5人助力，无需您再次助力
助力好友未达到5个
任务 signInit 已完成
任务 firstFeedInit 已完成
任务 browseSingleShopInit 已完成
任务 browseSingleShopInit1 已完成
任务 browseSingleShopInit2 已完成
准备三餐签到
三餐签到结果: {"code":"0","resultCode":"0","message":"success","result":{"couponImage":"","foodAmount":17,"threeMealReward":8}}
【定时领狗粮】获得8g

投食任务开始...
还需要投食4次
本次投食结果: {"code":"0","resultCode":"0","message":"success","result":{"petSportStatus":3,"feedAmount":10,"petPlaceInfoList":[{"place":1,"updateSign":true,"energy":6},{"place":2,"energy":0},{"place":3,"energy":0},{"place":4,"energy":0},{"place":5,"energy":0}],"updatePlace":1,"foodAmount":7,"firstFeedReward":0,"feedReachReward":0,"showNeedCollectPop":false,"energyReward":6,"firstFeedFinishedPop":false,"feedReachFinishedPop":false,"showForceCollectPop":false}}
还需要投食3次
本次投食结果: {"code":"0","resultCode":"3003","message":"狗粮剩余不足~"}
剩余狗粮不足, 投食结束
投食任务结束...

目前剩余狗粮：【7】g,不再继续投食,保留部分狗粮用于完成第二天任务
开始收取任务奖励好感度

【京东账号2】Ycp_Dream
【额外奖励】领取失败，原因：给您助力的人未达5个
【第3块勋章完成进度】17.1%，还需收集1822好感
【已获得勋章】2块，还需收集2块即可兑换奖品“3层抽纸巾30包”


全部任务完成, 如果帮助到您可以点下🌟STAR鼓励我一下, 明天见~

开始【京东账号3】jd_585601a83bd48

由于您第3个京东账号未提供shareCode,将采纳本脚本自带的助力码

第3个京东账号将要助力的好友["MTAxODc2NTEzMjAwMDAwMDAzMDI3MTMyOQ==","MTAxODcxOTI2NTAwMDAwMDAyNjA4ODQyMQ==","MTAxODc2NTEzOTAwMDAwMDAyNzE2MDY2NQ==","MTE1NDUyMjEwMDAwMDAwNDI0MDM2MDc=","MTAxODc2NTEzMjAwMDAwMDAwNDA5MzAzMw=="]
开始助力京东账号3 - jd_585601a83bd48的好友: MTAxODc2NTEzMjAwMDAwMDAzMDI3MTMyOQ==
该好友ㅤㅤ已满5人助力，无需您再次助力
开始助力京东账号3 - jd_585601a83bd48的好友: MTAxODcxOTI2NTAwMDAwMDAyNjA4ODQyMQ==
该好友大腹便便已满5人助力，无需您再次助力
开始助力京东账号3 - jd_585601a83bd48的好友: MTAxODc2NTEzOTAwMDAwMDAyNzE2MDY2NQ==
该好友W已满5人助力，无需您再次助力
开始助力京东账号3 - jd_585601a83bd48的好友: MTE1NDUyMjEwMDAwMDAwNDI0MDM2MDc=
该好友柒仟万已满5人助力，无需您再次助力
开始助力京东账号3 - jd_585601a83bd48的好友: MTAxODc2NTEzMjAwMDAwMDAwNDA5MzAzMw==
该好友Sliver Bullet已满5人助力，无需您再次助力
东东萌宠

【提示】京东账号3jd_585601a83bd48
萌宠活动未开启
请手动去京东APP开启活动
入口：我的->游戏与互动->查看更多开启

开始【京东账号4】jd_157332ewky

由于您第4个京东账号未提供shareCode,将采纳本脚本自带的助力码

"Timeout awaiting 'request' for 10000ms"
东东萌宠 API请求失败，请检查网路重试
第4个京东账号将要助力的好友["MTAxODc2NTEzMjAwMDAwMDAzMDI3MTMyOQ==","MTAxODcxOTI2NTAwMDAwMDAyNjA4ODQyMQ==","MTAxODc2NTEzOTAwMDAwMDAyNzE2MDY2NQ==","MTE1NDUyMjEwMDAwMDAwNDI0MDM2MDc=","MTAxODc2NTEzMjAwMDAwMDAwNDA5MzAzMw=="]
开始助力京东账号4 - jd_157332ewky的好友: MTAxODc2NTEzMjAwMDAwMDAzMDI3MTMyOQ==
该好友ㅤㅤ已满5人助力，无需您再次助力
开始助力京东账号4 - jd_157332ewky的好友: MTAxODcxOTI2NTAwMDAwMDAyNjA4ODQyMQ==
该好友大腹便便已满5人助力，无需您再次助力
开始助力京东账号4 - jd_157332ewky的好友: MTAxODc2NTEzOTAwMDAwMDAyNzE2MDY2NQ==
该好友W已满5人助力，无需您再次助力
开始助力京东账号4 - jd_157332ewky的好友: MTE1NDUyMjEwMDAwMDAwNDI0MDM2MDc=
该好友柒仟万已满5人助力，无需您再次助力
开始助力京东账号4 - jd_157332ewky的好友: MTAxODc2NTEzMjAwMDAwMDAwNDA5MzAzMw==
"Timeout awaiting 'request' for 10000ms"
东东萌宠 API请求失败，请检查网路重试
该好友Sliver Bullet已满5人助力，无需您再次助力
东东萌宠

【提示】京东账号4jd_157332ewky
萌宠活动未开启
请手动去京东APP开启活动
入口：我的->游戏与互动->查看更多开启

开始【京东账号5】jd_157332zdf

由于您第5个京东账号未提供shareCode,将采纳本脚本自带的助力码

第5个京东账号将要助力的好友["MTAxODc2NTEzMjAwMDAwMDAzMDI3MTMyOQ==","MTAxODcxOTI2NTAwMDAwMDAyNjA4ODQyMQ==","MTAxODc2NTEzOTAwMDAwMDAyNzE2MDY2NQ==","MTE1NDUyMjEwMDAwMDAwNDI0MDM2MDc=","MTAxODc2NTEzMjAwMDAwMDAwNDA5MzAzMw=="]
开始助力京东账号5 - jd_157332zdf的好友: MTAxODc2NTEzMjAwMDAwMDAzMDI3MTMyOQ==
该好友ㅤㅤ已满5人助力，无需您再次助力
开始助力京东账号5 - jd_157332zdf的好友: MTAxODcxOTI2NTAwMDAwMDAyNjA4ODQyMQ==
该好友大腹便便已满5人助力，无需您再次助力
开始助力京东账号5 - jd_157332zdf的好友: MTAxODc2NTEzOTAwMDAwMDAyNzE2MDY2NQ==
该好友W已满5人助力，无需您再次助力
开始助力京东账号5 - jd_157332zdf的好友: MTE1NDUyMjEwMDAwMDAwNDI0MDM2MDc=
该好友柒仟万已满5人助力，无需您再次助力
开始助力京东账号5 - jd_157332zdf的好友: MTAxODc2NTEzMjAwMDAwMDAwNDA5MzAzMw==
该好友Sliver Bullet已满5人助力，无需您再次助力
东东萌宠

【提示】京东账号5jd_157332zdf
萌宠活动未开启
请手动去京东APP开启活动
入口：我的->游戏与互动->查看更多开启

🔔东东萌宠, 结束! 🕛 206.107 秒

"Timeout awaiting 'request' for 10000ms"
东东萌宠 API请求失败，请检查网路重试
