
🔔京东秒秒币, 开始!

====================共4个京东账号Cookie=========

==================脚本执行- 北京时间(UTC+8)：6/30/2021, 3:36:45 PM=====================


******开始【京东账号1】15631692383_p*********

活动名称：秒杀红包二期正式
当前秒秒币20990

==============📣系统通知📣==============
京东秒秒币
京东账号115631692383_p
本次运行获得秒秒币0枚，共20990枚

******开始【京东账号2】jd_74a8d71c978d9*********

活动名称：秒杀红包二期正式
当前秒秒币2430
去做浏览秒杀优选店铺任务：1/2
任务领取成功
任务完成
去做浏览秒杀优选店铺任务：2/2
任务领取成功
任务完成
去做浏览秒杀超值好物任务：1/2
任务完成
任务已完成
去做浏览秒杀超值好物任务：2/2
任务完成
任务已完成
去做关注秒杀优选店铺任务：1/3
任务完成
去做关注秒杀优选店铺任务：2/3
任务完成
去做关注秒杀优选店铺任务：3/3
任务完成
去做特价5折馆任务：1/1
任务领取成功
任务完成
去做京品好物会场任务：1/1
任务领取成功
任务完成
去做分享秒杀领红包活动任务：1/6
success
去做分享秒杀领红包活动任务：2/6
success
去做分享秒杀领红包活动任务：3/6
success
去做分享秒杀领红包活动任务：4/6
success
去做分享秒杀领红包活动任务：5/6
success
去做分享秒杀领红包活动任务：6/6
success
去做签到红包任务：1/1
success

==============📣系统通知📣==============
京东秒秒币
京东账号2jd_74a8d71c978d9
本次运行获得秒秒币160枚，共2590枚

******开始【京东账号3】chao4596758*********

活动名称：秒杀红包二期正式
当前秒秒币2430
去做浏览秒杀优选店铺任务：1/2
任务领取成功
任务完成
去做浏览秒杀优选店铺任务：2/2
任务领取成功
任务完成
去做浏览秒杀超值好物任务：1/2
任务完成
任务已完成
去做浏览秒杀超值好物任务：2/2
任务完成
任务已完成
去做关注秒杀优选店铺任务：1/3
任务完成
去做关注秒杀优选店铺任务：2/3
任务完成
去做关注秒杀优选店铺任务：3/3
任务完成
去做特价5折馆任务：1/1
任务领取成功
任务完成
去做京品好物会场任务：1/1
任务领取成功
任务完成
去做分享秒杀领红包活动任务：1/6
success
去做分享秒杀领红包活动任务：2/6
success
去做分享秒杀领红包活动任务：3/6
success
去做分享秒杀领红包活动任务：4/6
success
去做分享秒杀领红包活动任务：5/6
success
去做分享秒杀领红包活动任务：6/6
success
去做签到红包任务：1/1
success

==============📣系统通知📣==============
京东秒秒币
京东账号3chao4596758
本次运行获得秒秒币160枚，共2590枚

******开始【京东账号4】jd_46df9eaa780aa*********

活动名称：秒杀红包二期正式
当前秒秒币10860
去做浏览秒杀优选店铺任务：1/2
任务领取成功
任务完成
去做浏览秒杀优选店铺任务：2/2
任务领取成功
任务完成
去做浏览秒杀超值好物任务：1/2
任务完成
任务已完成
去做浏览秒杀超值好物任务：2/2
任务完成
任务已完成
去做关注秒杀优选店铺任务：1/3
任务完成
去做关注秒杀优选店铺任务：2/3
任务完成
去做关注秒杀优选店铺任务：3/3
任务完成
去做特价5折馆任务：1/1
任务领取成功
任务完成
去做京品好物会场任务：1/1
任务领取成功
任务完成
去做分享秒杀领红包活动任务：1/6
success
去做分享秒杀领红包活动任务：2/6
success
去做分享秒杀领红包活动任务：3/6
success
去做分享秒杀领红包活动任务：4/6
success
去做分享秒杀领红包活动任务：5/6
success
去做分享秒杀领红包活动任务：6/6
success
去做签到红包任务：1/1
success

==============📣系统通知📣==============
京东秒秒币
京东账号4jd_46df9eaa780aa
本次运行获得秒秒币160枚，共11020枚

🔔京东秒秒币, 结束! 🕛 242.261 秒

