
🔔京东秒秒币, 开始!

====================共2个京东账号Cookie=========

==================脚本执行- 北京时间(UTC+8)：7/9/2021, 9:20:48 PM=====================


******开始【京东账号1】15631692383_p*********

活动名称：秒杀红包二期正式
当前秒秒币22430

==============📣系统通知📣==============
京东秒秒币
京东账号115631692383_p
本次运行获得秒秒币0枚，共22430枚

******开始【京东账号2】Ycp_Dream*********

活动名称：秒杀红包二期正式
当前秒秒币2750
去做浏览秒杀优选店铺任务：1/2
任务领取成功
任务完成
去做浏览秒杀优选店铺任务：2/2
任务领取成功
任务完成
去做浏览秒杀超值好物任务：1/2
任务完成
任务已完成
去做浏览秒杀超值好物任务：2/2
任务完成
任务已完成
去做关注秒杀优选店铺任务：1/3
任务完成
去做关注秒杀优选店铺任务：2/3
任务完成
去做关注秒杀优选店铺任务：3/3
任务完成
去做特价5折馆任务：1/1
任务领取成功
任务完成
去做京品好物会场任务：1/1
任务领取成功
任务完成
去做分享秒杀领红包活动任务：1/6
success
去做分享秒杀领红包活动任务：2/6
success
去做分享秒杀领红包活动任务：3/6
success
去做分享秒杀领红包活动任务：4/6
success
去做分享秒杀领红包活动任务：5/6
success
去做分享秒杀领红包活动任务：6/6
success
去做签到红包任务：1/1
success

==============📣系统通知📣==============
京东秒秒币
京东账号2Ycp_Dream
本次运行获得秒秒币160枚，共2910枚

🔔京东秒秒币, 结束! 🕛 87.041 秒

